<?xml version="1.0" encoding="UTF-8" ?>
<testsuites name="vitest tests" tests="2639" failures="4" errors="0" time="28.054950639">
    <testsuite name="src/index.test.ts" timestamp="2025-10-01T18:54:56.595Z" hostname="uby" tests="1" failures="0" errors="0" skipped="0" time="0.002480487">
        <testcase classname="src/index.test.ts" name="placeholder tests &gt; should pass" time="0.001289745">
        </testcase>
    </testsuite>
    <testsuite name="src/code_assist/converter.test.ts" timestamp="2025-10-01T18:54:56.595Z" hostname="uby" tests="21" failures="0" errors="0" skipped="0" time="0.005583826">
        <testcase classname="src/code_assist/converter.test.ts" name="converter &gt; toCodeAssistRequest &gt; should convert a simple request with project" time="0.001663736">
        </testcase>
        <testcase classname="src/code_assist/converter.test.ts" name="converter &gt; toCodeAssistRequest &gt; should convert a request without a project" time="0.00016801">
        </testcase>
        <testcase classname="src/code_assist/converter.test.ts" name="converter &gt; toCodeAssistRequest &gt; should convert a request with sessionId" time="0.000092871">
        </testcase>
        <testcase classname="src/code_assist/converter.test.ts" name="converter &gt; toCodeAssistRequest &gt; should handle string content" time="0.000083655">
        </testcase>
        <testcase classname="src/code_assist/converter.test.ts" name="converter &gt; toCodeAssistRequest &gt; should handle Part[] content" time="0.000072905">
        </testcase>
        <testcase classname="src/code_assist/converter.test.ts" name="converter &gt; toCodeAssistRequest &gt; should handle system instructions" time="0.000076592">
        </testcase>
        <testcase classname="src/code_assist/converter.test.ts" name="converter &gt; toCodeAssistRequest &gt; should handle generation config" time="0.000062686">
        </testcase>
        <testcase classname="src/code_assist/converter.test.ts" name="converter &gt; toCodeAssistRequest &gt; should handle all generation config fields" time="0.000121324">
        </testcase>
        <testcase classname="src/code_assist/converter.test.ts" name="converter &gt; fromCodeAssistResponse &gt; should convert a simple response" time="0.000344828">
        </testcase>
        <testcase classname="src/code_assist/converter.test.ts" name="converter &gt; fromCodeAssistResponse &gt; should handle prompt feedback and usage metadata" time="0.000106237">
        </testcase>
        <testcase classname="src/code_assist/converter.test.ts" name="converter &gt; fromCodeAssistResponse &gt; should handle automatic function calling history" time="0.000058418">
        </testcase>
        <testcase classname="src/code_assist/converter.test.ts" name="converter &gt; toContents &gt; should handle Content" time="0.000069699">
        </testcase>
        <testcase classname="src/code_assist/converter.test.ts" name="converter &gt; toContents &gt; should handle array of Contents" time="0.000064329">
        </testcase>
        <testcase classname="src/code_assist/converter.test.ts" name="converter &gt; toContents &gt; should handle Part" time="0.000040435">
        </testcase>
        <testcase classname="src/code_assist/converter.test.ts" name="converter &gt; toContents &gt; should handle array of Parts" time="0.000049451">
        </testcase>
        <testcase classname="src/code_assist/converter.test.ts" name="converter &gt; toContents &gt; should handle string" time="0.000292852">
        </testcase>
        <testcase classname="src/code_assist/converter.test.ts" name="converter &gt; toContents &gt; should handle array of strings" time="0.000172769">
        </testcase>
        <testcase classname="src/code_assist/converter.test.ts" name="converter &gt; toContents &gt; should convert thought parts to text parts for API compatibility" time="0.00021085">
        </testcase>
        <testcase classname="src/code_assist/converter.test.ts" name="converter &gt; toContents &gt; should combine text and thought for text parts with thoughts" time="0.000157611">
        </testcase>
        <testcase classname="src/code_assist/converter.test.ts" name="converter &gt; toContents &gt; should preserve non-thought properties while removing thought" time="0.000144677">
        </testcase>
        <testcase classname="src/code_assist/converter.test.ts" name="converter &gt; toContents &gt; should convert invalid text content to valid text part with thought" time="0.000095898">
        </testcase>
    </testsuite>
    <testsuite name="src/code_assist/oauth2.test.ts" timestamp="2025-10-01T18:54:56.596Z" hostname="uby" tests="15" failures="0" errors="0" skipped="0" time="0.066175419">
        <testcase classname="src/code_assist/oauth2.test.ts" name="oauth2 &gt; should perform a web login" time="0.012105745">
            <system-out>


Code Assist login required.
Attempting to open authentication page in your browser.
Otherwise navigate to:

https://example.com/auth



Waiting for authentication...

            </system-out>
        </testcase>
        <testcase classname="src/code_assist/oauth2.test.ts" name="oauth2 &gt; should perform login with user code" time="0.004691605">
        </testcase>
        <testcase classname="src/code_assist/oauth2.test.ts" name="oauth2 &gt; in Cloud Shell &gt; should attempt to load cached credentials first" time="0.00427735">
            <system-out>
Loaded cached credentials.

            </system-out>
        </testcase>
        <testcase classname="src/code_assist/oauth2.test.ts" name="oauth2 &gt; in Cloud Shell &gt; should use Compute to get a client if no cached credentials exist" time="0.001997584">
            <system-out>
Attempting to authenticate via Cloud Shell VM&apos;s ADC.

Authentication successful.

            </system-out>
        </testcase>
        <testcase classname="src/code_assist/oauth2.test.ts" name="oauth2 &gt; in Cloud Shell &gt; should not cache the credentials after fetching them via ADC" time="0.001576135">
            <system-out>
Attempting to authenticate via Cloud Shell VM&apos;s ADC.

Authentication successful.

            </system-out>
        </testcase>
        <testcase classname="src/code_assist/oauth2.test.ts" name="oauth2 &gt; in Cloud Shell &gt; should return the Compute client on successful ADC authentication" time="0.001402733">
            <system-out>
Attempting to authenticate via Cloud Shell VM&apos;s ADC.

Authentication successful.

            </system-out>
        </testcase>
        <testcase classname="src/code_assist/oauth2.test.ts" name="oauth2 &gt; in Cloud Shell &gt; should throw an error if ADC fails" time="0.002733054">
            <system-out>
Attempting to authenticate via Cloud Shell VM&apos;s ADC.

            </system-out>
        </testcase>
        <testcase classname="src/code_assist/oauth2.test.ts" name="oauth2 &gt; credential loading order &gt; should prioritize default cached credentials over GOOGLE_APPLICATION_CREDENTIALS" time="0.002470668">
            <system-out>
Loaded cached credentials.

            </system-out>
        </testcase>
        <testcase classname="src/code_assist/oauth2.test.ts" name="oauth2 &gt; credential loading order &gt; should fall back to GOOGLE_APPLICATION_CREDENTIALS if default cache is missing" time="0.002110132">
            <system-out>
Loaded cached credentials.

            </system-out>
        </testcase>
        <testcase classname="src/code_assist/oauth2.test.ts" name="oauth2 &gt; with GCP environment variables &gt; should use GOOGLE_CLOUD_ACCESS_TOKEN when GOOGLE_GENAI_USE_GCA is true" time="0.002051704">
        </testcase>
        <testcase classname="src/code_assist/oauth2.test.ts" name="oauth2 &gt; with GCP environment variables &gt; should not use GCP token if GOOGLE_CLOUD_ACCESS_TOKEN is not set" time="0.002032047">
            <system-out>
Loaded cached credentials.

            </system-out>
        </testcase>
        <testcase classname="src/code_assist/oauth2.test.ts" name="oauth2 &gt; with GCP environment variables &gt; should not use GCP token if GOOGLE_GENAI_USE_GCA is not set" time="0.001864618">
            <system-out>
Loaded cached credentials.

            </system-out>
        </testcase>
        <testcase classname="src/code_assist/oauth2.test.ts" name="oauth2 &gt; clearCachedCredentialFile &gt; should clear cached credentials and Google account" time="0.012299363">
        </testcase>
        <testcase classname="src/code_assist/oauth2.test.ts" name="oauth2 &gt; clearCachedCredentialFile &gt; should handle Qwen module clearing gracefully" time="0.008624959">
            <system-err>
Failed to clear cached credentials: Error: ENOENT: no such file or directory, open &apos;/tmp/qwen-code-test-home-3Hf7k3/.qwen/google_accounts.json&apos;
[90m    at open (node:internal/fs/promises:642:25)[39m
[90m    at Object.writeFile (node:internal/fs/promises:1249:14)[39m
    at UserAccountManager.clearCachedGoogleAccount [90m(/home/atmandk/LowCal-dev/packages/core/[39msrc/utils/userAccountManager.ts:138:5[90m)[39m
    at Module.clearCachedCredentialFile [90m(/home/atmandk/LowCal-dev/packages/core/[39msrc/code_assist/oauth2.ts:395:5[90m)[39m
    at [90m/home/atmandk/LowCal-dev/packages/core/[39msrc/code_assist/oauth2.test.ts:572:7
    at file:///home/atmandk/LowCal-dev/node_modules/[4m@vitest/runner[24m/dist/chunk-hooks.js:752:20 {
  errno: [33m-2[39m,
  code: [32m&apos;ENOENT&apos;[39m,
  syscall: [32m&apos;open&apos;[39m,
  path: [32m&apos;/tmp/qwen-code-test-home-3Hf7k3/.qwen/google_accounts.json&apos;[39m
}

            </system-err>
        </testcase>
        <testcase classname="src/code_assist/oauth2.test.ts" name="oauth2 &gt; clearCachedCredentialFile &gt; should clear the in-memory OAuth client cache" time="0.003775321">
            <system-out>
Loaded cached credentials.

Loaded cached credentials.

            </system-out>
        </testcase>
    </testsuite>
    <testsuite name="src/code_assist/server.test.ts" timestamp="2025-10-01T18:54:56.597Z" hostname="uby" tests="7" failures="0" errors="0" skipped="0" time="0.025467123">
        <testcase classname="src/code_assist/server.test.ts" name="CodeAssistServer &gt; should be able to be constructed" time="0.004700422">
        </testcase>
        <testcase classname="src/code_assist/server.test.ts" name="CodeAssistServer &gt; should call the generateContent endpoint" time="0.004998382">
        </testcase>
        <testcase classname="src/code_assist/server.test.ts" name="CodeAssistServer &gt; should call the generateContentStream endpoint" time="0.001965064">
        </testcase>
        <testcase classname="src/code_assist/server.test.ts" name="CodeAssistServer &gt; should call the onboardUser endpoint" time="0.002693591">
        </testcase>
        <testcase classname="src/code_assist/server.test.ts" name="CodeAssistServer &gt; should call the loadCodeAssist endpoint" time="0.004080896">
        </testcase>
        <testcase classname="src/code_assist/server.test.ts" name="CodeAssistServer &gt; should return 0 for countTokens" time="0.002219093">
        </testcase>
        <testcase classname="src/code_assist/server.test.ts" name="CodeAssistServer &gt; should throw an error for embedContent" time="0.003308477">
        </testcase>
    </testsuite>
    <testsuite name="src/code_assist/setup.test.ts" timestamp="2025-10-01T18:54:56.597Z" hostname="uby" tests="7" failures="0" errors="0" skipped="0" time="0.013516364">
        <testcase classname="src/code_assist/setup.test.ts" name="setupUser for existing user &gt; should use GOOGLE_CLOUD_PROJECT when set and project from server is undefined" time="0.003559202">
        </testcase>
        <testcase classname="src/code_assist/setup.test.ts" name="setupUser for existing user &gt; should ignore GOOGLE_CLOUD_PROJECT when project from server is set" time="0.00071385">
        </testcase>
        <testcase classname="src/code_assist/setup.test.ts" name="setupUser for existing user &gt; should throw ProjectIdRequiredError when no project ID is available" time="0.001046736">
        </testcase>
        <testcase classname="src/code_assist/setup.test.ts" name="setupUser for new user &gt; should use GOOGLE_CLOUD_PROJECT when set and onboard a new paid user" time="0.002569461">
        </testcase>
        <testcase classname="src/code_assist/setup.test.ts" name="setupUser for new user &gt; should onboard a new free user when GOOGLE_CLOUD_PROJECT is not set" time="0.003313578">
        </testcase>
        <testcase classname="src/code_assist/setup.test.ts" name="setupUser for new user &gt; should use GOOGLE_CLOUD_PROJECT when onboard response has no project ID" time="0.000472053">
        </testcase>
        <testcase classname="src/code_assist/setup.test.ts" name="setupUser for new user &gt; should throw ProjectIdRequiredError when no project ID is available" time="0.000421659">
        </testcase>
    </testsuite>
    <testsuite name="src/config/config.test.ts" timestamp="2025-10-01T18:54:56.597Z" hostname="uby" tests="48" failures="0" errors="0" skipped="0" time="0.064789798">
        <testcase classname="src/config/config.test.ts" name="Server Config (config.ts) &gt; initialize &gt; should throw an error if checkpointing is enabled and GitService fails" time="0.005491435">
        </testcase>
        <testcase classname="src/config/config.test.ts" name="Server Config (config.ts) &gt; initialize &gt; should not throw an error if checkpointing is disabled and GitService fails" time="0.00293661">
        </testcase>
        <testcase classname="src/config/config.test.ts" name="Server Config (config.ts) &gt; initialize &gt; should throw an error if initialized more than once" time="0.002292729">
        </testcase>
        <testcase classname="src/config/config.test.ts" name="Server Config (config.ts) &gt; refreshAuth &gt; should refresh auth and update config" time="0.002556828">
        </testcase>
        <testcase classname="src/config/config.test.ts" name="Server Config (config.ts) &gt; refreshAuth &gt; should preserve conversation history when refreshing auth" time="0.001339747">
        </testcase>
        <testcase classname="src/config/config.test.ts" name="Server Config (config.ts) &gt; refreshAuth &gt; should handle case when no existing client is initialized" time="0.001235425">
        </testcase>
        <testcase classname="src/config/config.test.ts" name="Server Config (config.ts) &gt; refreshAuth &gt; should strip thoughts when switching from GenAI to Vertex" time="0.001283003">
        </testcase>
        <testcase classname="src/config/config.test.ts" name="Server Config (config.ts) &gt; refreshAuth &gt; should not strip thoughts when switching from Vertex to GenAI" time="0.000961458">
        </testcase>
        <testcase classname="src/config/config.test.ts" name="Server Config (config.ts) &gt; setModel &gt; updates fallback model when content generator config is unavailable" time="0.001592805">
            <system-out>
Logger not initialized or session ID missing. Cannot log message.

            </system-out>
        </testcase>
        <testcase classname="src/config/config.test.ts" name="Server Config (config.ts) &gt; Config constructor should store userMemory correctly" time="0.000482603">
        </testcase>
        <testcase classname="src/config/config.test.ts" name="Server Config (config.ts) &gt; Config constructor should default userMemory to empty string if not provided" time="0.000339408">
        </testcase>
        <testcase classname="src/config/config.test.ts" name="Server Config (config.ts) &gt; Config constructor should call setGeminiMdFilename with contextFileName if provided" time="0.000360637">
        </testcase>
        <testcase classname="src/config/config.test.ts" name="Server Config (config.ts) &gt; Config constructor should not call setGeminiMdFilename if contextFileName is not provided" time="0.00027027">
        </testcase>
        <testcase classname="src/config/config.test.ts" name="Server Config (config.ts) &gt; should set default file filtering settings when not provided" time="0.000204338">
        </testcase>
        <testcase classname="src/config/config.test.ts" name="Server Config (config.ts) &gt; should set custom file filtering settings when provided" time="0.000351951">
        </testcase>
        <testcase classname="src/config/config.test.ts" name="Server Config (config.ts) &gt; should initialize WorkspaceContext with includeDirectories" time="0.000971397">
        </testcase>
        <testcase classname="src/config/config.test.ts" name="Server Config (config.ts) &gt; Config constructor should set telemetry to true when provided as true" time="0.000245645">
        </testcase>
        <testcase classname="src/config/config.test.ts" name="Server Config (config.ts) &gt; Config constructor should set telemetry to false when provided as false" time="0.000230827">
        </testcase>
        <testcase classname="src/config/config.test.ts" name="Server Config (config.ts) &gt; Config constructor should default telemetry to default value if not provided" time="0.000199779">
        </testcase>
        <testcase classname="src/config/config.test.ts" name="Server Config (config.ts) &gt; should have a getFileService method that returns FileDiscoveryService" time="0.000438792">
        </testcase>
        <testcase classname="src/config/config.test.ts" name="Server Config (config.ts) &gt; Usage Statistics &gt; defaults usage statistics to enabled if not specified" time="0.016422438">
        </testcase>
        <testcase classname="src/config/config.test.ts" name="Server Config (config.ts) &gt; Usage Statistics &gt; sets usage statistics based on the provided value (enabled: true)" time="0.001073585">
        </testcase>
        <testcase classname="src/config/config.test.ts" name="Server Config (config.ts) &gt; Usage Statistics &gt; sets usage statistics based on the provided value (enabled: false)" time="0.000646005">
        </testcase>
        <testcase classname="src/config/config.test.ts" name="Server Config (config.ts) &gt; Telemetry Settings &gt; should return default telemetry target if not provided" time="0.00060019">
        </testcase>
        <testcase classname="src/config/config.test.ts" name="Server Config (config.ts) &gt; Telemetry Settings &gt; should return provided OTLP endpoint" time="0.000497019">
        </testcase>
        <testcase classname="src/config/config.test.ts" name="Server Config (config.ts) &gt; Telemetry Settings &gt; should return default OTLP endpoint if not provided" time="0.000441406">
        </testcase>
        <testcase classname="src/config/config.test.ts" name="Server Config (config.ts) &gt; Telemetry Settings &gt; should return provided logPrompts setting" time="0.000355548">
        </testcase>
        <testcase classname="src/config/config.test.ts" name="Server Config (config.ts) &gt; Telemetry Settings &gt; should return default logPrompts setting (true) if not provided" time="0.000335951">
        </testcase>
        <testcase classname="src/config/config.test.ts" name="Server Config (config.ts) &gt; Telemetry Settings &gt; should return default logPrompts setting (true) if telemetry object is not provided" time="0.000314201">
        </testcase>
        <testcase classname="src/config/config.test.ts" name="Server Config (config.ts) &gt; Telemetry Settings &gt; should return default telemetry target if telemetry object is not provided" time="0.000403486">
        </testcase>
        <testcase classname="src/config/config.test.ts" name="Server Config (config.ts) &gt; Telemetry Settings &gt; should return default OTLP endpoint if telemetry object is not provided" time="0.000305485">
        </testcase>
        <testcase classname="src/config/config.test.ts" name="Server Config (config.ts) &gt; Telemetry Settings &gt; should return provided OTLP protocol" time="0.000283174">
        </testcase>
        <testcase classname="src/config/config.test.ts" name="Server Config (config.ts) &gt; Telemetry Settings &gt; should return default OTLP protocol if not provided" time="0.000236267">
        </testcase>
        <testcase classname="src/config/config.test.ts" name="Server Config (config.ts) &gt; Telemetry Settings &gt; should return default OTLP protocol if telemetry object is not provided" time="0.000241456">
        </testcase>
        <testcase classname="src/config/config.test.ts" name="Server Config (config.ts) &gt; UseRipgrep Configuration &gt; should default useRipgrep to false when not provided" time="0.000249441">
        </testcase>
        <testcase classname="src/config/config.test.ts" name="Server Config (config.ts) &gt; UseRipgrep Configuration &gt; should set useRipgrep to true when provided as true" time="0.000261664">
        </testcase>
        <testcase classname="src/config/config.test.ts" name="Server Config (config.ts) &gt; UseRipgrep Configuration &gt; should set useRipgrep to false when explicitly provided as false" time="0.000227802">
        </testcase>
        <testcase classname="src/config/config.test.ts" name="Server Config (config.ts) &gt; UseRipgrep Configuration &gt; should default useRipgrep to false when undefined" time="0.00022172">
        </testcase>
        <testcase classname="src/config/config.test.ts" name="Server Config (config.ts) &gt; createToolRegistry &gt; should register a tool if coreTools contains an argument-specific pattern" time="0.006421855">
        </testcase>
        <testcase classname="src/config/config.test.ts" name="setApprovalMode with folder trust &gt; should throw an error when setting YOLO mode in an untrusted folder" time="0.000791714">
        </testcase>
        <testcase classname="src/config/config.test.ts" name="setApprovalMode with folder trust &gt; should throw an error when setting AUTO_EDIT mode in an untrusted folder" time="0.000329199">
        </testcase>
        <testcase classname="src/config/config.test.ts" name="setApprovalMode with folder trust &gt; should NOT throw an error when setting DEFAULT mode in an untrusted folder" time="0.000274147">
        </testcase>
        <testcase classname="src/config/config.test.ts" name="setApprovalMode with folder trust &gt; should NOT throw an error when setting PLAN mode in an untrusted folder" time="0.000307087">
        </testcase>
        <testcase classname="src/config/config.test.ts" name="setApprovalMode with folder trust &gt; should NOT throw an error when setting any mode in a trusted folder" time="0.000648809">
        </testcase>
        <testcase classname="src/config/config.test.ts" name="setApprovalMode with folder trust &gt; should NOT throw an error when setting any mode if trustedFolder is undefined" time="0.00048091">
        </testcase>
        <testcase classname="src/config/config.test.ts" name="setApprovalMode with folder trust &gt; Model Switch Logging &gt; should log model switch when setModel is called with different model" time="0.002570474">
            <system-out>
Logger not initialized or session ID missing. Cannot log message.

            </system-out>
        </testcase>
        <testcase classname="src/config/config.test.ts" name="setApprovalMode with folder trust &gt; Model Switch Logging &gt; should not log when setModel is called with same model" time="0.001489945">
        </testcase>
        <testcase classname="src/config/config.test.ts" name="setApprovalMode with folder trust &gt; Model Switch Logging &gt; should use default reason when no options provided" time="0.002214716">
            <system-out>
Logger not initialized or session ID missing. Cannot log message.

            </system-out>
        </testcase>
    </testsuite>
    <testsuite name="src/config/flashFallback.test.ts" timestamp="2025-10-01T18:54:56.599Z" hostname="uby" tests="6" failures="0" errors="0" skipped="0" time="0.022301209">
        <testcase classname="src/config/flashFallback.test.ts" name="Flash Model Fallback Configuration &gt; setModel &gt; should only mark as switched if contentGeneratorConfig exists" time="0.019369858">
            <system-out>
Invalid JSON in log file /home/atmandk/.qwen/tmp/b306d9ff847c120dd7eb00fcebe5f118b9875b09db67ad8f0834aea7a0d8cb8c/logs.json. Backing up and starting fresh. SyntaxError: &quot;undefined&quot; is not valid JSON
    at JSON.parse (&lt;anonymous&gt;)
    at Logger._readLogFile [90m(/home/atmandk/LowCal-dev/packages/core/[39msrc/core/logger.ts:91:31[90m)[39m
[90m    at processTicksAndRejections (node:internal/process/task_queues:105:5)[39m
    at Logger.initialize [90m(/home/atmandk/LowCal-dev/packages/core/[39msrc/core/logger.ts:155:19[90m)[39m

Backed up corrupted log file to /home/atmandk/.qwen/tmp/b306d9ff847c120dd7eb00fcebe5f118b9875b09db67ad8f0834aea7a0d8cb8c/logs.json.invalid_json.1759344886089.bak
Logger not initialized or session ID missing. Cannot log message.

Invalid JSON in log file /home/atmandk/.qwen/tmp/b306d9ff847c120dd7eb00fcebe5f118b9875b09db67ad8f0834aea7a0d8cb8c/logs.json. Backing up and starting fresh. SyntaxError: &quot;undefined&quot; is not valid JSON
    at JSON.parse (&lt;anonymous&gt;)
    at Logger._readLogFile [90m(/home/atmandk/LowCal-dev/packages/core/[39msrc/core/logger.ts:91:31[90m)[39m
[90m    at processTicksAndRejections (node:internal/process/task_queues:105:5)[39m
    at Logger.initialize [90m(/home/atmandk/LowCal-dev/packages/core/[39msrc/core/logger.ts:155:19[90m)[39m

Backed up corrupted log file to /home/atmandk/.qwen/tmp/b306d9ff847c120dd7eb00fcebe5f118b9875b09db67ad8f0834aea7a0d8cb8c/logs.json.invalid_json.1759344886090.bak

            </system-out>
            <system-err>
Error accessing installation ID file, generating ephemeral ID: TypeError: Cannot read properties of undefined (reading &apos;trim&apos;)
    at InstallationManager.readInstallationIdFromFile [90m(/home/atmandk/LowCal-dev/packages/core/[39msrc/utils/installationManager.ts:21:50[90m)[39m
    at InstallationManager.getInstallationId [90m(/home/atmandk/LowCal-dev/packages/core/[39msrc/utils/installationManager.ts:42:33[90m)[39m
    at QwenLogger.generateUserId [90m(/home/atmandk/LowCal-dev/packages/core/[39msrc/telemetry/qwen-logger/qwen-logger.ts:123:53[90m)[39m
    at new QwenLogger [90m(/home/atmandk/LowCal-dev/packages/core/[39msrc/telemetry/qwen-logger/qwen-logger.ts:114:24[90m)[39m
    at QwenLogger.getInstance [90m(/home/atmandk/LowCal-dev/packages/core/[39msrc/telemetry/qwen-logger/qwen-logger.ts:131:29[90m)[39m
    at logCliConfiguration [90m(/home/atmandk/LowCal-dev/packages/core/[39msrc/telemetry/loggers.ts:85:14[90m)[39m
    at new Config [90m(/home/atmandk/LowCal-dev/packages/core/[39msrc/config/config.ts:466:5[90m)[39m
    at [90m/home/atmandk/LowCal-dev/packages/core/[39msrc/config/flashFallback.test.ts:22:14
    at file:///home/atmandk/LowCal-dev/node_modules/[4m@vitest/runner[24m/dist/chunk-hooks.js:155:11
    at file:///home/atmandk/LowCal-dev/node_modules/[4m@vitest/runner[24m/dist/chunk-hooks.js:1897:20

            </system-err>
        </testcase>
        <testcase classname="src/config/flashFallback.test.ts" name="Flash Model Fallback Configuration &gt; getModel &gt; should return contentGeneratorConfig model if available" time="0.000493343">
            <system-out>
Invalid JSON in log file /home/atmandk/.qwen/tmp/b306d9ff847c120dd7eb00fcebe5f118b9875b09db67ad8f0834aea7a0d8cb8c/logs.json. Backing up and starting fresh. SyntaxError: &quot;undefined&quot; is not valid JSON
    at JSON.parse (&lt;anonymous&gt;)
    at Logger._readLogFile [90m(/home/atmandk/LowCal-dev/packages/core/[39msrc/core/logger.ts:91:31[90m)[39m
[90m    at processTicksAndRejections (node:internal/process/task_queues:105:5)[39m
    at Logger.initialize [90m(/home/atmandk/LowCal-dev/packages/core/[39msrc/core/logger.ts:155:19[90m)[39m

Backed up corrupted log file to /home/atmandk/.qwen/tmp/b306d9ff847c120dd7eb00fcebe5f118b9875b09db67ad8f0834aea7a0d8cb8c/logs.json.invalid_json.1759344886090.bak
Logger not initialized or session ID missing. Cannot log message.

            </system-out>
        </testcase>
        <testcase classname="src/config/flashFallback.test.ts" name="Flash Model Fallback Configuration &gt; getModel &gt; should fall back to initial model if contentGeneratorConfig is not available" time="0.000610809">
            <system-out>
Invalid JSON in log file /home/atmandk/.qwen/tmp/b306d9ff847c120dd7eb00fcebe5f118b9875b09db67ad8f0834aea7a0d8cb8c/logs.json. Backing up and starting fresh. SyntaxError: &quot;undefined&quot; is not valid JSON
    at JSON.parse (&lt;anonymous&gt;)
    at Logger._readLogFile [90m(/home/atmandk/LowCal-dev/packages/core/[39msrc/core/logger.ts:91:31[90m)[39m
[90m    at processTicksAndRejections (node:internal/process/task_queues:105:5)[39m
    at Logger.initialize [90m(/home/atmandk/LowCal-dev/packages/core/[39msrc/core/logger.ts:155:19[90m)[39m

Backed up corrupted log file to /home/atmandk/.qwen/tmp/b306d9ff847c120dd7eb00fcebe5f118b9875b09db67ad8f0834aea7a0d8cb8c/logs.json.invalid_json.1759344886091.bak

Invalid JSON in log file /home/atmandk/.qwen/tmp/b306d9ff847c120dd7eb00fcebe5f118b9875b09db67ad8f0834aea7a0d8cb8c/logs.json. Backing up and starting fresh. SyntaxError: &quot;undefined&quot; is not valid JSON
    at JSON.parse (&lt;anonymous&gt;)
    at Logger._readLogFile [90m(/home/atmandk/LowCal-dev/packages/core/[39msrc/core/logger.ts:91:31[90m)[39m
[90m    at processTicksAndRejections (node:internal/process/task_queues:105:5)[39m
    at Logger.initialize [90m(/home/atmandk/LowCal-dev/packages/core/[39msrc/core/logger.ts:155:19[90m)[39m

Backed up corrupted log file to /home/atmandk/.qwen/tmp/b306d9ff847c120dd7eb00fcebe5f118b9875b09db67ad8f0834aea7a0d8cb8c/logs.json.invalid_json.1759344886091.bak

            </system-out>
        </testcase>
        <testcase classname="src/config/flashFallback.test.ts" name="Flash Model Fallback Configuration &gt; isInFallbackMode &gt; should start as false for new session" time="0.000289245">
            <system-out>
Invalid JSON in log file /home/atmandk/.qwen/tmp/b306d9ff847c120dd7eb00fcebe5f118b9875b09db67ad8f0834aea7a0d8cb8c/logs.json. Backing up and starting fresh. SyntaxError: &quot;undefined&quot; is not valid JSON
    at JSON.parse (&lt;anonymous&gt;)
    at Logger._readLogFile [90m(/home/atmandk/LowCal-dev/packages/core/[39msrc/core/logger.ts:91:31[90m)[39m
[90m    at processTicksAndRejections (node:internal/process/task_queues:105:5)[39m
    at Logger.initialize [90m(/home/atmandk/LowCal-dev/packages/core/[39msrc/core/logger.ts:155:19[90m)[39m

Backed up corrupted log file to /home/atmandk/.qwen/tmp/b306d9ff847c120dd7eb00fcebe5f118b9875b09db67ad8f0834aea7a0d8cb8c/logs.json.invalid_json.1759344886091.bak

            </system-out>
        </testcase>
        <testcase classname="src/config/flashFallback.test.ts" name="Flash Model Fallback Configuration &gt; isInFallbackMode &gt; should remain false if no model switch occurs" time="0.000286309">
            <system-out>
Invalid JSON in log file /home/atmandk/.qwen/tmp/b306d9ff847c120dd7eb00fcebe5f118b9875b09db67ad8f0834aea7a0d8cb8c/logs.json. Backing up and starting fresh. SyntaxError: &quot;undefined&quot; is not valid JSON
    at JSON.parse (&lt;anonymous&gt;)
    at Logger._readLogFile [90m(/home/atmandk/LowCal-dev/packages/core/[39msrc/core/logger.ts:91:31[90m)[39m
[90m    at processTicksAndRejections (node:internal/process/task_queues:105:5)[39m
    at Logger.initialize [90m(/home/atmandk/LowCal-dev/packages/core/[39msrc/core/logger.ts:155:19[90m)[39m

Backed up corrupted log file to /home/atmandk/.qwen/tmp/b306d9ff847c120dd7eb00fcebe5f118b9875b09db67ad8f0834aea7a0d8cb8c/logs.json.invalid_json.1759344886092.bak

            </system-out>
        </testcase>
        <testcase classname="src/config/flashFallback.test.ts" name="Flash Model Fallback Configuration &gt; isInFallbackMode &gt; should persist switched state throughout session" time="0.000331393">
            <system-out>
Invalid JSON in log file /home/atmandk/.qwen/tmp/b306d9ff847c120dd7eb00fcebe5f118b9875b09db67ad8f0834aea7a0d8cb8c/logs.json. Backing up and starting fresh. SyntaxError: &quot;undefined&quot; is not valid JSON
    at JSON.parse (&lt;anonymous&gt;)
    at Logger._readLogFile [90m(/home/atmandk/LowCal-dev/packages/core/[39msrc/core/logger.ts:91:31[90m)[39m
[90m    at processTicksAndRejections (node:internal/process/task_queues:105:5)[39m
    at Logger.initialize [90m(/home/atmandk/LowCal-dev/packages/core/[39msrc/core/logger.ts:155:19[90m)[39m

Backed up corrupted log file to /home/atmandk/.qwen/tmp/b306d9ff847c120dd7eb00fcebe5f118b9875b09db67ad8f0834aea7a0d8cb8c/logs.json.invalid_json.1759344886092.bak
Logger not initialized or session ID missing. Cannot log message.

            </system-out>
        </testcase>
    </testsuite>
    <testsuite name="src/config/storage.test.ts" timestamp="2025-10-01T18:54:56.600Z" hostname="uby" tests="5" failures="0" errors="0" skipped="0" time="0.003008754">
        <testcase classname="src/config/storage.test.ts" name="Storage – getGlobalSettingsPath &gt; returns path to ~/.qwen/settings.json" time="0.001301868">
        </testcase>
        <testcase classname="src/config/storage.test.ts" name="Storage – additional helpers &gt; getWorkspaceSettingsPath returns project/.qwen/settings.json" time="0.000214817">
        </testcase>
        <testcase classname="src/config/storage.test.ts" name="Storage – additional helpers &gt; getUserCommandsDir returns ~/.qwen/commands" time="0.000132956">
        </testcase>
        <testcase classname="src/config/storage.test.ts" name="Storage – additional helpers &gt; getProjectCommandsDir returns project/.qwen/commands" time="0.000099945">
        </testcase>
        <testcase classname="src/config/storage.test.ts" name="Storage – additional helpers &gt; getMcpOAuthTokensPath returns ~/.qwen/mcp-oauth-tokens.json" time="0.000094014">
        </testcase>
    </testsuite>
    <testsuite name="src/core/client.test.ts" timestamp="2025-10-01T18:54:56.600Z" hostname="uby" tests="70" failures="0" errors="0" skipped="1" time="0.988420127">
        <testcase classname="src/core/client.test.ts" name="findIndexAfterFraction &gt; should throw an error for non-positive numbers" time="0.001516895">
        </testcase>
        <testcase classname="src/core/client.test.ts" name="findIndexAfterFraction &gt; should throw an error for a fraction greater than or equal to 1" time="0.000169052">
        </testcase>
        <testcase classname="src/core/client.test.ts" name="findIndexAfterFraction &gt; should handle a fraction in the middle" time="0.000157351">
        </testcase>
        <testcase classname="src/core/client.test.ts" name="findIndexAfterFraction &gt; should handle a fraction that results in the last index" time="0.00007584">
        </testcase>
        <testcase classname="src/core/client.test.ts" name="findIndexAfterFraction &gt; should handle an empty history" time="0.000066172">
        </testcase>
        <testcase classname="src/core/client.test.ts" name="findIndexAfterFraction &gt; should handle a history with only one item" time="0.000061283">
        </testcase>
        <testcase classname="src/core/client.test.ts" name="findIndexAfterFraction &gt; should handle history with weird parts" time="0.000101397">
        </testcase>
        <testcase classname="src/core/client.test.ts" name="Gemini Client (client.ts) &gt; generateEmbedding &gt; should call embedContent with correct parameters and return embeddings" time="0.01679645">
        </testcase>
        <testcase classname="src/core/client.test.ts" name="Gemini Client (client.ts) &gt; generateEmbedding &gt; should return an empty array if an empty array is passed" time="0.006439799">
        </testcase>
        <testcase classname="src/core/client.test.ts" name="Gemini Client (client.ts) &gt; generateEmbedding &gt; should throw an error if API response has no embeddings array" time="0.007209081">
        </testcase>
        <testcase classname="src/core/client.test.ts" name="Gemini Client (client.ts) &gt; generateEmbedding &gt; should throw an error if API response has an empty embeddings array" time="0.00764638">
        </testcase>
        <testcase classname="src/core/client.test.ts" name="Gemini Client (client.ts) &gt; generateEmbedding &gt; should throw an error if API returns a mismatched number of embeddings" time="0.010841427">
        </testcase>
        <testcase classname="src/core/client.test.ts" name="Gemini Client (client.ts) &gt; generateEmbedding &gt; should throw an error if any embedding has nullish values" time="0.006705119">
        </testcase>
        <testcase classname="src/core/client.test.ts" name="Gemini Client (client.ts) &gt; generateEmbedding &gt; should throw an error if any embedding has an empty values array" time="0.012002404">
        </testcase>
        <testcase classname="src/core/client.test.ts" name="Gemini Client (client.ts) &gt; generateEmbedding &gt; should propagate errors from the API call" time="0.011706097">
        </testcase>
        <testcase classname="src/core/client.test.ts" name="Gemini Client (client.ts) &gt; generateJson &gt; should call generateContent with the correct parameters" time="0.007780367">
        </testcase>
        <testcase classname="src/core/client.test.ts" name="Gemini Client (client.ts) &gt; generateJson &gt; should allow overriding model and config" time="0">
            <skipped/>
        </testcase>
        <testcase classname="src/core/client.test.ts" name="Gemini Client (client.ts) &gt; addHistory &gt; should call chat.addHistory with the provided content" time="0.021457438">
        </testcase>
        <testcase classname="src/core/client.test.ts" name="Gemini Client (client.ts) &gt; resetChat &gt; should create a new chat session, clearing the old history" time="0.008937888">
        </testcase>
        <testcase classname="src/core/client.test.ts" name="Gemini Client (client.ts) &gt; tryCompressChat &gt; when compression inflates the token count &gt; uses the truncated history for compression" time="0.014764471">
        </testcase>
        <testcase classname="src/core/client.test.ts" name="Gemini Client (client.ts) &gt; tryCompressChat &gt; when compression inflates the token count &gt; allows compression to be forced/manual after a failure" time="0.02178794">
        </testcase>
        <testcase classname="src/core/client.test.ts" name="Gemini Client (client.ts) &gt; tryCompressChat &gt; when compression inflates the token count &gt; yields the result even if the compression inflated the tokens" time="0.015656241">
        </testcase>
        <testcase classname="src/core/client.test.ts" name="Gemini Client (client.ts) &gt; tryCompressChat &gt; when compression inflates the token count &gt; does not manipulate the source chat" time="0.015716452">
        </testcase>
        <testcase classname="src/core/client.test.ts" name="Gemini Client (client.ts) &gt; tryCompressChat &gt; when compression inflates the token count &gt; restores the history back to the original" time="0.010356351">
        </testcase>
        <testcase classname="src/core/client.test.ts" name="Gemini Client (client.ts) &gt; tryCompressChat &gt; when compression inflates the token count &gt; will not attempt to compress context after a failure" time="0.007982371">
        </testcase>
        <testcase classname="src/core/client.test.ts" name="Gemini Client (client.ts) &gt; tryCompressChat &gt; attempts to compress with a maxOutputTokens set to the original token count" time="0.012574642">
        </testcase>
        <testcase classname="src/core/client.test.ts" name="Gemini Client (client.ts) &gt; tryCompressChat &gt; should not trigger summarization if token count is below threshold" time="0.018101984">
        </testcase>
        <testcase classname="src/core/client.test.ts" name="Gemini Client (client.ts) &gt; tryCompressChat &gt; logs a telemetry event when compressing" time="0.015429602">
        </testcase>
        <testcase classname="src/core/client.test.ts" name="Gemini Client (client.ts) &gt; tryCompressChat &gt; should trigger summarization if token count is at threshold with contextPercentageThreshold setting" time="0.010508202">
        </testcase>
        <testcase classname="src/core/client.test.ts" name="Gemini Client (client.ts) &gt; tryCompressChat &gt; should not compress across a function call response" time="0.010298373">
        </testcase>
        <testcase classname="src/core/client.test.ts" name="Gemini Client (client.ts) &gt; tryCompressChat &gt; should always trigger summarization when force is true, regardless of token count" time="0.011181076">
        </testcase>
        <testcase classname="src/core/client.test.ts" name="Gemini Client (client.ts) &gt; tryCompressChat &gt; should use current model from config for token counting after sendMessage" time="0.030649987">
        </testcase>
        <testcase classname="src/core/client.test.ts" name="Gemini Client (client.ts) &gt; sendMessageStream &gt; injects a plan mode reminder before user queries when approval mode is PLAN" time="0.01066978">
        </testcase>
        <testcase classname="src/core/client.test.ts" name="Gemini Client (client.ts) &gt; sendMessageStream &gt; emits a compression event when the context was automatically compressed" time="0.011450303">
        </testcase>
        <testcase classname="src/core/client.test.ts" name="Gemini Client (client.ts) &gt; sendMessageStream &gt; does not emit a compression event when the status is 2" time="0.012896227">
        </testcase>
        <testcase classname="src/core/client.test.ts" name="Gemini Client (client.ts) &gt; sendMessageStream &gt; does not emit a compression event when the status is 4" time="0.015798524">
        </testcase>
        <testcase classname="src/core/client.test.ts" name="Gemini Client (client.ts) &gt; sendMessageStream &gt; does not emit a compression event when the status is 3" time="0.013040594">
        </testcase>
        <testcase classname="src/core/client.test.ts" name="Gemini Client (client.ts) &gt; sendMessageStream &gt; should include editor context when ideMode is enabled" time="0.009506569">
        </testcase>
        <testcase classname="src/core/client.test.ts" name="Gemini Client (client.ts) &gt; sendMessageStream &gt; should not add context if ideMode is enabled but no open files" time="0.012345299">
        </testcase>
        <testcase classname="src/core/client.test.ts" name="Gemini Client (client.ts) &gt; sendMessageStream &gt; should add context if ideMode is enabled and there is one active file" time="0.016187904">
        </testcase>
        <testcase classname="src/core/client.test.ts" name="Gemini Client (client.ts) &gt; sendMessageStream &gt; should add context if ideMode is enabled and there are open files but no active file" time="0.02233973">
        </testcase>
        <testcase classname="src/core/client.test.ts" name="Gemini Client (client.ts) &gt; sendMessageStream &gt; should return the turn instance after the stream is complete" time="0.024571857">
        </testcase>
        <testcase classname="src/core/client.test.ts" name="Gemini Client (client.ts) &gt; sendMessageStream &gt; should stop infinite loop after MAX_TURNS when nextSpeaker always returns model" time="0.018961293">
            <system-out>
checkNextSpeaker called 100 times - infinite loop protection worked

            </system-out>
        </testcase>
        <testcase classname="src/core/client.test.ts" name="Gemini Client (client.ts) &gt; sendMessageStream &gt; should yield MaxSessionTurns and stop when session turn limit is reached" time="0.029716761">
        </testcase>
        <testcase classname="src/core/client.test.ts" name="Gemini Client (client.ts) &gt; sendMessageStream &gt; should respect MAX_TURNS limit even when turns parameter is set to a large value" time="0.026071741">
            <system-out>
Infinite loop protection working: checkNextSpeaker called 100 times, 1 events generated (properly bounded by MAX_TURNS)

            </system-out>
        </testcase>
        <testcase classname="src/core/client.test.ts" name="Gemini Client (client.ts) &gt; sendMessageStream &gt; Editor context delta &gt; &apos;sends delta when active file changes&apos;" time="0.011766358">
        </testcase>
        <testcase classname="src/core/client.test.ts" name="Gemini Client (client.ts) &gt; sendMessageStream &gt; Editor context delta &gt; &apos;sends delta when cursor line changes&apos;" time="0.024833241">
        </testcase>
        <testcase classname="src/core/client.test.ts" name="Gemini Client (client.ts) &gt; sendMessageStream &gt; Editor context delta &gt; &apos;sends delta when cursor character cha…&apos;" time="0.016443146">
        </testcase>
        <testcase classname="src/core/client.test.ts" name="Gemini Client (client.ts) &gt; sendMessageStream &gt; Editor context delta &gt; &apos;sends delta when selected text changes&apos;" time="0.015281769">
        </testcase>
        <testcase classname="src/core/client.test.ts" name="Gemini Client (client.ts) &gt; sendMessageStream &gt; Editor context delta &gt; &apos;sends delta when selected text is add…&apos;" time="0.016655078">
        </testcase>
        <testcase classname="src/core/client.test.ts" name="Gemini Client (client.ts) &gt; sendMessageStream &gt; Editor context delta &gt; &apos;sends delta when selected text is rem…&apos;" time="0.010930212">
        </testcase>
        <testcase classname="src/core/client.test.ts" name="Gemini Client (client.ts) &gt; sendMessageStream &gt; Editor context delta &gt; &apos;does not send context when nothing ch…&apos;" time="0.016083541">
        </testcase>
        <testcase classname="src/core/client.test.ts" name="Gemini Client (client.ts) &gt; sendMessageStream &gt; Editor context delta &gt; sends full context when history is cleared, even if editor state is unchanged" time="0.015492778">
        </testcase>
        <testcase classname="src/core/client.test.ts" name="Gemini Client (client.ts) &gt; sendMessageStream &gt; IDE context with pending tool calls &gt; should NOT add IDE context when a tool call is pending" time="0.011786244">
        </testcase>
        <testcase classname="src/core/client.test.ts" name="Gemini Client (client.ts) &gt; sendMessageStream &gt; IDE context with pending tool calls &gt; should add IDE context when no tool call is pending" time="0.015092558">
        </testcase>
        <testcase classname="src/core/client.test.ts" name="Gemini Client (client.ts) &gt; sendMessageStream &gt; IDE context with pending tool calls &gt; should send the latest IDE context on the next message after a skipped context" time="0.01636942">
        </testcase>
        <testcase classname="src/core/client.test.ts" name="Gemini Client (client.ts) &gt; sendMessageStream &gt; IDE context with pending tool calls &gt; should send a context DELTA on the next message after a skipped context" time="0.016716171">
        </testcase>
        <testcase classname="src/core/client.test.ts" name="Gemini Client (client.ts) &gt; sendMessageStream &gt; should not call checkNextSpeaker when turn.run() yields an error" time="0.01983571">
        </testcase>
        <testcase classname="src/core/client.test.ts" name="Gemini Client (client.ts) &gt; sendMessageStream &gt; should not call checkNextSpeaker when turn.run() yields a value then an error" time="0.014125871">
        </testcase>
        <testcase classname="src/core/client.test.ts" name="Gemini Client (client.ts) &gt; sendMessageStream &gt; does not run loop checks when skipLoopDetection is true" time="0.017335526">
        </testcase>
        <testcase classname="src/core/client.test.ts" name="Gemini Client (client.ts) &gt; sendMessageStream &gt; runs loop checks when skipLoopDetection is false" time="0.028215986">
        </testcase>
        <testcase classname="src/core/client.test.ts" name="Gemini Client (client.ts) &gt; generateContent &gt; should call generateContent with the correct parameters" time="0.027846743">
        </testcase>
        <testcase classname="src/core/client.test.ts" name="Gemini Client (client.ts) &gt; generateContent &gt; should use current model from config for content generation" time="0.012852476">
        </testcase>
        <testcase classname="src/core/client.test.ts" name="Gemini Client (client.ts) &gt; handleFlashFallback &gt; should use current model from config when checking for fallback" time="0.030287006">
        </testcase>
        <testcase classname="src/core/client.test.ts" name="Gemini Client (client.ts) &gt; setHistory &gt; should strip thought signatures when stripThoughts is true" time="0.016446913">
        </testcase>
        <testcase classname="src/core/client.test.ts" name="Gemini Client (client.ts) &gt; setHistory &gt; should not strip thought signatures when stripThoughts is false" time="0.017377995">
        </testcase>
        <testcase classname="src/core/client.test.ts" name="Gemini Client (client.ts) &gt; initialize &gt; should accept extraHistory parameter and pass it to startChat" time="0.030004083">
        </testcase>
        <testcase classname="src/core/client.test.ts" name="Gemini Client (client.ts) &gt; initialize &gt; should use empty array when no extraHistory is provided" time="0.014718748">
        </testcase>
        <testcase classname="src/core/client.test.ts" name="Gemini Client (client.ts) &gt; reinitialize &gt; should reinitialize with preserved user history" time="0.016011278">
        </testcase>
        <testcase classname="src/core/client.test.ts" name="Gemini Client (client.ts) &gt; reinitialize &gt; should not throw error when chat is not initialized" time="0.013827961">
        </testcase>
    </testsuite>
    <testsuite name="src/core/contentGenerator.test.ts" timestamp="2025-10-01T18:54:56.602Z" hostname="uby" tests="10" failures="0" errors="0" skipped="0" time="0.011452648">
        <testcase classname="src/core/contentGenerator.test.ts" name="createContentGenerator &gt; should create a CodeAssistContentGenerator" time="0.002356007">
        </testcase>
        <testcase classname="src/core/contentGenerator.test.ts" name="createContentGenerator &gt; should create a GoogleGenAI content generator" time="0.001791363">
        </testcase>
        <testcase classname="src/core/contentGenerator.test.ts" name="createContentGenerator &gt; should create a GoogleGenAI content generator with client install id logging disabled" time="0.000398307">
        </testcase>
        <testcase classname="src/core/contentGenerator.test.ts" name="createContentGeneratorConfig &gt; should configure for Gemini using GEMINI_API_KEY when set" time="0.001417201">
        </testcase>
        <testcase classname="src/core/contentGenerator.test.ts" name="createContentGeneratorConfig &gt; should not configure for Gemini if GEMINI_API_KEY is empty" time="0.000715162">
        </testcase>
        <testcase classname="src/core/contentGenerator.test.ts" name="createContentGeneratorConfig &gt; should configure for Vertex AI using GOOGLE_API_KEY when set" time="0.000662044">
        </testcase>
        <testcase classname="src/core/contentGenerator.test.ts" name="createContentGeneratorConfig &gt; should configure for Vertex AI using GCP project and location when set" time="0.000778008">
        </testcase>
        <testcase classname="src/core/contentGenerator.test.ts" name="createContentGeneratorConfig &gt; should not configure for Vertex AI if required env vars are empty" time="0.000509823">
        </testcase>
        <testcase classname="src/core/contentGenerator.test.ts" name="createContentGeneratorConfig &gt; should retain the config model for OpenAI when OPENAI_MODEL is not set" time="0.000645123">
        </testcase>
        <testcase classname="src/core/contentGenerator.test.ts" name="createContentGeneratorConfig &gt; should prefer OPENAI_MODEL when provided" time="0.000599288">
        </testcase>
    </testsuite>
    <testsuite name="src/core/coreToolScheduler.test.ts" timestamp="2025-10-01T18:54:56.602Z" hostname="uby" tests="26" failures="0" errors="0" skipped="0" time="0.312266825">
        <testcase classname="src/core/coreToolScheduler.test.ts" name="CoreToolScheduler &gt; should cancel a tool call if the signal is aborted before confirmation" time="0.035985944">
        </testcase>
        <testcase classname="src/core/coreToolScheduler.test.ts" name="CoreToolScheduler &gt; plan mode enforcement &gt; returns plan reminder and skips execution for edit tools" time="0.003078372">
        </testcase>
        <testcase classname="src/core/coreToolScheduler.test.ts" name="CoreToolScheduler &gt; plan mode enforcement &gt; allows read tools to execute in plan mode" time="0.012080959">
        </testcase>
        <testcase classname="src/core/coreToolScheduler.test.ts" name="CoreToolScheduler &gt; plan mode enforcement &gt; enforces shell command restrictions in plan mode" time="0.016634601">
        </testcase>
        <testcase classname="src/core/coreToolScheduler.test.ts" name="CoreToolScheduler &gt; plan mode enforcement &gt; emits an auto-suggestion after repeated failures" time="0.023504694">
        </testcase>
        <testcase classname="src/core/coreToolScheduler.test.ts" name="CoreToolScheduler &gt; plan mode enforcement &gt; resets failure counter after a successful execution" time="0.033317119">
        </testcase>
        <testcase classname="src/core/coreToolScheduler.test.ts" name="CoreToolScheduler &gt; getToolSuggestion &gt; should suggest the top N closest tool names for a typo" time="0.000528748">
        </testcase>
        <testcase classname="src/core/coreToolScheduler.test.ts" name="CoreToolScheduler with payload &gt; should update args and diff and execute tool when payload is provided" time="0.003750836">
        </testcase>
        <testcase classname="src/core/coreToolScheduler.test.ts" name="convertToFunctionResponse &gt; should handle simple string llmContent" time="0.000382467">
        </testcase>
        <testcase classname="src/core/coreToolScheduler.test.ts" name="convertToFunctionResponse &gt; should handle llmContent as a single Part with text" time="0.000137665">
        </testcase>
        <testcase classname="src/core/coreToolScheduler.test.ts" name="convertToFunctionResponse &gt; should handle llmContent as a PartListUnion array with a single text Part" time="0.000071883">
        </testcase>
        <testcase classname="src/core/coreToolScheduler.test.ts" name="convertToFunctionResponse &gt; should handle llmContent with inlineData" time="0.000092511">
        </testcase>
        <testcase classname="src/core/coreToolScheduler.test.ts" name="convertToFunctionResponse &gt; should handle llmContent with fileData" time="0.000066914">
        </testcase>
        <testcase classname="src/core/coreToolScheduler.test.ts" name="convertToFunctionResponse &gt; should handle llmContent as an array of multiple Parts (text and inlineData)" time="0.000109452">
        </testcase>
        <testcase classname="src/core/coreToolScheduler.test.ts" name="convertToFunctionResponse &gt; should handle llmContent as an array with a single inlineData Part" time="0.000060873">
        </testcase>
        <testcase classname="src/core/coreToolScheduler.test.ts" name="convertToFunctionResponse &gt; should handle llmContent as a generic Part (not text, inlineData, or fileData)" time="0.000057666">
        </testcase>
        <testcase classname="src/core/coreToolScheduler.test.ts" name="convertToFunctionResponse &gt; should handle empty string llmContent" time="0.000044893">
        </testcase>
        <testcase classname="src/core/coreToolScheduler.test.ts" name="convertToFunctionResponse &gt; should handle llmContent as an empty array" time="0.000044172">
        </testcase>
        <testcase classname="src/core/coreToolScheduler.test.ts" name="convertToFunctionResponse &gt; should handle llmContent as a Part with undefined inlineData/fileData/text" time="0.000050343">
        </testcase>
        <testcase classname="src/core/coreToolScheduler.test.ts" name="CoreToolScheduler edit cancellation &gt; should preserve diff when an edit is cancelled" time="0.001514771">
        </testcase>
        <testcase classname="src/core/coreToolScheduler.test.ts" name="CoreToolScheduler YOLO mode &gt; should execute tool requiring confirmation directly without waiting" time="0.001720621">
        </testcase>
        <testcase classname="src/core/coreToolScheduler.test.ts" name="CoreToolScheduler cancellation during executing with live output &gt; sets status to cancelled and preserves last output" time="0.10373324">
        </testcase>
        <testcase classname="src/core/coreToolScheduler.test.ts" name="CoreToolScheduler request queueing &gt; should queue a request if another is running" time="0.01354624">
        </testcase>
        <testcase classname="src/core/coreToolScheduler.test.ts" name="CoreToolScheduler request queueing &gt; should auto-approve a tool call if it is on the allowedTools list" time="0.002450572">
        </testcase>
        <testcase classname="src/core/coreToolScheduler.test.ts" name="CoreToolScheduler request queueing &gt; should handle two synchronous calls to schedule" time="0.00271473">
        </testcase>
        <testcase classname="src/core/coreToolScheduler.test.ts" name="CoreToolScheduler request queueing &gt; should auto-approve remaining tool calls when first tool call is approved with ProceedAlways" time="0.054399404">
        </testcase>
    </testsuite>
    <testsuite name="src/core/geminiChat.test.ts" timestamp="2025-10-01T18:54:56.603Z" hostname="uby" tests="32" failures="0" errors="0" skipped="0" time="7.046167711">
        <testcase classname="src/core/geminiChat.test.ts" name="GeminiChat &gt; sendMessage &gt; should retain the initial user message when an automatic function call occurs" time="0.003487099">
        </testcase>
        <testcase classname="src/core/geminiChat.test.ts" name="GeminiChat &gt; sendMessage &gt; should throw an error when attempting to add a user turn after another user turn" time="0.001634582">
        </testcase>
        <testcase classname="src/core/geminiChat.test.ts" name="GeminiChat &gt; sendMessage &gt; should preserve text parts that are in the same response as a thought" time="0.000472383">
        </testcase>
        <testcase classname="src/core/geminiChat.test.ts" name="GeminiChat &gt; sendMessage &gt; should add a placeholder model turn when a tool call is followed by an empty model response" time="0.000488473">
        </testcase>
        <testcase classname="src/core/geminiChat.test.ts" name="GeminiChat &gt; sendMessage &gt; should call generateContent with the correct parameters" time="0.00194118">
        </testcase>
        <testcase classname="src/core/geminiChat.test.ts" name="GeminiChat &gt; sendMessageStream &gt; should succeed if a tool call is followed by an empty part" time="0.002329678">
        </testcase>
        <testcase classname="src/core/geminiChat.test.ts" name="GeminiChat &gt; sendMessageStream &gt; should fail if the stream ends with an empty part and has no finishReason" time="1.503384123">
        </testcase>
        <testcase classname="src/core/geminiChat.test.ts" name="GeminiChat &gt; sendMessageStream &gt; should succeed if the stream ends with an invalid part but has a finishReason and contained a valid part" time="0.000923648">
        </testcase>
        <testcase classname="src/core/geminiChat.test.ts" name="GeminiChat &gt; sendMessageStream &gt; should not consolidate text into a part that also contains a functionCall" time="0.000650533">
        </testcase>
        <testcase classname="src/core/geminiChat.test.ts" name="GeminiChat &gt; sendMessageStream &gt; should consolidate subsequent text chunks after receiving an empty text chunk" time="0.000522577">
        </testcase>
        <testcase classname="src/core/geminiChat.test.ts" name="GeminiChat &gt; sendMessageStream &gt; should consolidate adjacent text parts that arrive in separate stream chunks" time="0.00063253">
        </testcase>
        <testcase classname="src/core/geminiChat.test.ts" name="GeminiChat &gt; sendMessageStream &gt; should preserve text parts that stream in the same chunk as a thought" time="0.000511275">
        </testcase>
        <testcase classname="src/core/geminiChat.test.ts" name="GeminiChat &gt; sendMessageStream &gt; should add a placeholder model turn when a tool call is followed by an empty stream response" time="0.000445765">
        </testcase>
        <testcase classname="src/core/geminiChat.test.ts" name="GeminiChat &gt; sendMessageStream &gt; should call generateContentStream with the correct parameters" time="0.000580934">
        </testcase>
        <testcase classname="src/core/geminiChat.test.ts" name="GeminiChat &gt; recordHistory &gt; should consolidate all consecutive model turns into a single turn" time="0.000334088">
        </testcase>
        <testcase classname="src/core/geminiChat.test.ts" name="GeminiChat &gt; recordHistory &gt; should add a placeholder model turn when a tool call is followed by an empty response" time="0.00026513">
        </testcase>
        <testcase classname="src/core/geminiChat.test.ts" name="GeminiChat &gt; recordHistory &gt; should add user input and a single model output to history" time="0.0003514">
        </testcase>
        <testcase classname="src/core/geminiChat.test.ts" name="GeminiChat &gt; recordHistory &gt; should consolidate adjacent text parts from multiple content objects" time="0.000386935">
        </testcase>
        <testcase classname="src/core/geminiChat.test.ts" name="GeminiChat &gt; recordHistory &gt; should add an empty placeholder turn if modelOutput is empty" time="0.000378681">
        </testcase>
        <testcase classname="src/core/geminiChat.test.ts" name="GeminiChat &gt; recordHistory &gt; should preserve model outputs with undefined or empty parts arrays" time="0.000293332">
        </testcase>
        <testcase classname="src/core/geminiChat.test.ts" name="GeminiChat &gt; recordHistory &gt; should not consolidate content with different roles" time="0.000241286">
        </testcase>
        <testcase classname="src/core/geminiChat.test.ts" name="GeminiChat &gt; addHistory &gt; should add a new content item to the history" time="0.000231378">
        </testcase>
        <testcase classname="src/core/geminiChat.test.ts" name="GeminiChat &gt; addHistory &gt; should add multiple items correctly" time="0.000224736">
        </testcase>
        <testcase classname="src/core/geminiChat.test.ts" name="GeminiChat &gt; sendMessageStream with retries &gt; should yield a RETRY event when an invalid stream is encountered" time="0.503958646">
        </testcase>
        <testcase classname="src/core/geminiChat.test.ts" name="GeminiChat &gt; sendMessageStream with retries &gt; should retry on invalid content, succeed, and report metrics" time="0.501786179">
        </testcase>
        <testcase classname="src/core/geminiChat.test.ts" name="GeminiChat &gt; sendMessageStream with retries &gt; should fall back to non-streaming when idle timeouts persist" time="1.503574338">
        </testcase>
        <testcase classname="src/core/geminiChat.test.ts" name="GeminiChat &gt; sendMessageStream with retries &gt; should fail after all retries on persistent invalid content and report metrics" time="1.50365563">
        </testcase>
        <testcase classname="src/core/geminiChat.test.ts" name="GeminiChat &gt; should correctly retry and append to an existing history mid-conversation" time="0.502146016">
        </testcase>
        <testcase classname="src/core/geminiChat.test.ts" name="GeminiChat &gt; concurrency control &gt; should queue a subsequent sendMessage call until the first one completes" time="0.002185451">
        </testcase>
        <testcase classname="src/core/geminiChat.test.ts" name="GeminiChat &gt; should retry if the model returns a completely empty stream (no chunks)" time="0.50228898">
        </testcase>
        <testcase classname="src/core/geminiChat.test.ts" name="GeminiChat &gt; should queue a subsequent sendMessageStream call until the first stream is fully consumed" time="0.000605891">
        </testcase>
        <testcase classname="src/core/geminiChat.test.ts" name="GeminiChat &gt; should discard valid partial content from a failed attempt upon retry" time="0.502547058">
        </testcase>
    </testsuite>
    <testsuite name="src/core/geminiRequest.test.ts" timestamp="2025-10-01T18:54:56.604Z" hostname="uby" tests="12" failures="0" errors="0" skipped="0" time="0.002862022">
        <testcase classname="src/core/geminiRequest.test.ts" name="partListUnionToString &gt; should return the string value if the input is a string" time="0.001026177">
        </testcase>
        <testcase classname="src/core/geminiRequest.test.ts" name="partListUnionToString &gt; should return a concatenated string if the input is an array of strings" time="0.000120673">
        </testcase>
        <testcase classname="src/core/geminiRequest.test.ts" name="partListUnionToString &gt; should handle videoMetadata" time="0.000059901">
        </testcase>
        <testcase classname="src/core/geminiRequest.test.ts" name="partListUnionToString &gt; should handle thought" time="0.000052457">
        </testcase>
        <testcase classname="src/core/geminiRequest.test.ts" name="partListUnionToString &gt; should handle codeExecutionResult" time="0.000054581">
        </testcase>
        <testcase classname="src/core/geminiRequest.test.ts" name="partListUnionToString &gt; should handle executableCode" time="0.000051305">
        </testcase>
        <testcase classname="src/core/geminiRequest.test.ts" name="partListUnionToString &gt; should handle fileData" time="0.00005399">
        </testcase>
        <testcase classname="src/core/geminiRequest.test.ts" name="partListUnionToString &gt; should handle functionCall" time="0.000057075">
        </testcase>
        <testcase classname="src/core/geminiRequest.test.ts" name="partListUnionToString &gt; should handle functionResponse" time="0.000183199">
        </testcase>
        <testcase classname="src/core/geminiRequest.test.ts" name="partListUnionToString &gt; should handle inlineData" time="0.00009684">
        </testcase>
        <testcase classname="src/core/geminiRequest.test.ts" name="partListUnionToString &gt; should handle text" time="0.000062095">
        </testcase>
        <testcase classname="src/core/geminiRequest.test.ts" name="partListUnionToString &gt; should return an empty string for an unknown part type" time="0.000044462">
        </testcase>
    </testsuite>
    <testsuite name="src/core/logger.test.ts" timestamp="2025-10-01T18:54:56.604Z" hostname="uby" tests="40" failures="0" errors="0" skipped="0" time="0.091889109">
        <testcase classname="src/core/logger.test.ts" name="Logger &gt; initialize &gt; should create .gemini directory and an empty log file if none exist" time="0.016957357">
        </testcase>
        <testcase classname="src/core/logger.test.ts" name="Logger &gt; initialize &gt; should load existing logs and set correct messageId for the current session" time="0.003247135">
        </testcase>
        <testcase classname="src/core/logger.test.ts" name="Logger &gt; initialize &gt; should set messageId to 0 for a new session if log file exists but has no logs for current session" time="0.003960163">
        </testcase>
        <testcase classname="src/core/logger.test.ts" name="Logger &gt; initialize &gt; should be idempotent" time="0.004227126">
        </testcase>
        <testcase classname="src/core/logger.test.ts" name="Logger &gt; initialize &gt; should handle invalid JSON in log file by backing it up and starting fresh" time="0.005378716">
        </testcase>
        <testcase classname="src/core/logger.test.ts" name="Logger &gt; initialize &gt; should handle non-array JSON in log file by backing it up and starting fresh" time="0.00197959">
        </testcase>
        <testcase classname="src/core/logger.test.ts" name="Logger &gt; logMessage &gt; should append a message to the log file and update in-memory logs" time="0.002207041">
        </testcase>
        <testcase classname="src/core/logger.test.ts" name="Logger &gt; logMessage &gt; should correctly increment messageId for subsequent messages in the same session" time="0.002385752">
        </testcase>
        <testcase classname="src/core/logger.test.ts" name="Logger &gt; logMessage &gt; should handle logger not initialized" time="0.001135339">
        </testcase>
        <testcase classname="src/core/logger.test.ts" name="Logger &gt; logMessage &gt; should simulate concurrent writes from different logger instances to the same file" time="0.00175245">
        </testcase>
        <testcase classname="src/core/logger.test.ts" name="Logger &gt; logMessage &gt; should not throw, not increment messageId, and log error if writing to file fails" time="0.001037088">
        </testcase>
        <testcase classname="src/core/logger.test.ts" name="Logger &gt; getPreviousUserMessages &gt; should retrieve all user messages from logs, sorted newest first" time="0.003621066">
        </testcase>
        <testcase classname="src/core/logger.test.ts" name="Logger &gt; getPreviousUserMessages &gt; should return empty array if no user messages exist" time="0.001036517">
        </testcase>
        <testcase classname="src/core/logger.test.ts" name="Logger &gt; getPreviousUserMessages &gt; should return empty array if logger not initialized" time="0.000747392">
        </testcase>
        <testcase classname="src/core/logger.test.ts" name="Logger &gt; saveCheckpoint &gt; should save a checkpoint" time="0.001061323">
        </testcase>
        <testcase classname="src/core/logger.test.ts" name="Logger &gt; saveCheckpoint &gt; should save a checkpoint" time="0.000720071">
        </testcase>
        <testcase classname="src/core/logger.test.ts" name="Logger &gt; saveCheckpoint &gt; should save a checkpoint" time="0.000687">
        </testcase>
        <testcase classname="src/core/logger.test.ts" name="Logger &gt; saveCheckpoint &gt; should save a checkpoint" time="0.000740168">
        </testcase>
        <testcase classname="src/core/logger.test.ts" name="Logger &gt; saveCheckpoint &gt; should not throw if logger is not initialized" time="0.001673866">
        </testcase>
        <testcase classname="src/core/logger.test.ts" name="Logger &gt; loadCheckpoint &gt; should load from a checkpoint" time="0.002057926">
        </testcase>
        <testcase classname="src/core/logger.test.ts" name="Logger &gt; loadCheckpoint &gt; should load from a checkpoint" time="0.000930701">
        </testcase>
        <testcase classname="src/core/logger.test.ts" name="Logger &gt; loadCheckpoint &gt; should load from a checkpoint" time="0.00079454">
        </testcase>
        <testcase classname="src/core/logger.test.ts" name="Logger &gt; loadCheckpoint &gt; should load from a checkpoint" time="0.000944808">
        </testcase>
        <testcase classname="src/core/logger.test.ts" name="Logger &gt; loadCheckpoint &gt; should return an empty array if a tagged checkpoint file does not exist" time="0.000766006">
        </testcase>
        <testcase classname="src/core/logger.test.ts" name="Logger &gt; loadCheckpoint &gt; should return an empty array if the checkpoint file does not exist" time="0.000815258">
        </testcase>
        <testcase classname="src/core/logger.test.ts" name="Logger &gt; loadCheckpoint &gt; should return an empty array if the file contains invalid JSON" time="0.001547702">
        </testcase>
        <testcase classname="src/core/logger.test.ts" name="Logger &gt; loadCheckpoint &gt; should return an empty array if logger is not initialized" time="0.001090737">
        </testcase>
        <testcase classname="src/core/logger.test.ts" name="Logger &gt; deleteCheckpoint &gt; should delete the specified checkpoint file and return true" time="0.003227999">
        </testcase>
        <testcase classname="src/core/logger.test.ts" name="Logger &gt; deleteCheckpoint &gt; should delete both new and old checkpoint files if they exist" time="0.002598996">
        </testcase>
        <testcase classname="src/core/logger.test.ts" name="Logger &gt; deleteCheckpoint &gt; should return false if the checkpoint file does not exist" time="0.00183339">
        </testcase>
        <testcase classname="src/core/logger.test.ts" name="Logger &gt; deleteCheckpoint &gt; should re-throw an error if file deletion fails for reasons other than not existing" time="0.001716364">
        </testcase>
        <testcase classname="src/core/logger.test.ts" name="Logger &gt; deleteCheckpoint &gt; should return false if logger is not initialized" time="0.001916934">
        </testcase>
        <testcase classname="src/core/logger.test.ts" name="Logger &gt; checkpointExists &gt; should return true if the checkpoint file exists" time="0.001263526">
        </testcase>
        <testcase classname="src/core/logger.test.ts" name="Logger &gt; checkpointExists &gt; should return false if the checkpoint file does not exist" time="0.001467183">
        </testcase>
        <testcase classname="src/core/logger.test.ts" name="Logger &gt; checkpointExists &gt; should throw an error if logger is not initialized" time="0.002142632">
        </testcase>
        <testcase classname="src/core/logger.test.ts" name="Logger &gt; checkpointExists &gt; should re-throw an error if fs.access fails for reasons other than not existing" time="0.001312276">
        </testcase>
        <testcase classname="src/core/logger.test.ts" name="Logger &gt; Backward compatibility &gt; should load from a checkpoint with a raw special character tag" time="0.002219263">
        </testcase>
        <testcase classname="src/core/logger.test.ts" name="Logger &gt; close &gt; should reset logger state" time="0.002243639">
        </testcase>
        <testcase classname="src/core/logger.test.ts" name="Logger &gt; Model Switch Logging &gt; should log model switch events correctly" time="0.001814636">
        </testcase>
        <testcase classname="src/core/logger.test.ts" name="Logger &gt; Model Switch Logging &gt; should handle multiple model switch events" time="0.002280617">
        </testcase>
    </testsuite>
    <testsuite name="src/core/nonInteractiveToolExecutor.test.ts" timestamp="2025-10-01T18:54:56.606Z" hostname="uby" tests="6" failures="2" errors="0" skipped="0" time="10.035745632">
        <testcase classname="src/core/nonInteractiveToolExecutor.test.ts" name="executeToolCall &gt; should execute a tool successfully" time="0.027611508">
        </testcase>
        <testcase classname="src/core/nonInteractiveToolExecutor.test.ts" name="executeToolCall &gt; should return an error if tool is not found" time="0.001057715">
        </testcase>
        <testcase classname="src/core/nonInteractiveToolExecutor.test.ts" name="executeToolCall &gt; should return an error if tool validation fails" time="0.000561047">
        </testcase>
        <testcase classname="src/core/nonInteractiveToolExecutor.test.ts" name="executeToolCall &gt; should return an error if tool execution fails" time="5.003285477">
            <failure message="Test timed out in 5000ms.
If this is a long-running test, pass a timeout value as the last argument or configure it globally with &quot;testTimeout&quot;." type="Error">
Error: Test timed out in 5000ms.
If this is a long-running test, pass a timeout value as the last argument or configure it globally with &quot;testTimeout&quot;.
 ❯ src/core/nonInteractiveToolExecutor.test.ts:167:3
            </failure>
        </testcase>
        <testcase classname="src/core/nonInteractiveToolExecutor.test.ts" name="executeToolCall &gt; should return an unhandled exception error if execution throws" time="5.000565857">
            <failure message="Test timed out in 5000ms.
If this is a long-running test, pass a timeout value as the last argument or configure it globally with &quot;testTimeout&quot;." type="Error">
Error: Test timed out in 5000ms.
If this is a long-running test, pass a timeout value as the last argument or configure it globally with &quot;testTimeout&quot;.
 ❯ src/core/nonInteractiveToolExecutor.test.ts:210:3
            </failure>
        </testcase>
        <testcase classname="src/core/nonInteractiveToolExecutor.test.ts" name="executeToolCall &gt; should correctly format llmContent with inlineData" time="0.001479406">
        </testcase>
    </testsuite>
    <testsuite name="src/core/prompts.test.ts" timestamp="2025-10-01T18:54:56.606Z" hostname="uby" tests="40" failures="0" errors="0" skipped="0" time="0.027696526">
        <testcase classname="src/core/prompts.test.ts" name="Core System Prompt (prompts.ts) &gt; should return the base prompt when no userMemory is provided" time="0.004544704">
        </testcase>
        <testcase classname="src/core/prompts.test.ts" name="Core System Prompt (prompts.ts) &gt; should return the base prompt when userMemory is empty string" time="0.001978388">
        </testcase>
        <testcase classname="src/core/prompts.test.ts" name="Core System Prompt (prompts.ts) &gt; should return the base prompt when userMemory is whitespace only" time="0.000704562">
        </testcase>
        <testcase classname="src/core/prompts.test.ts" name="Core System Prompt (prompts.ts) &gt; should append userMemory with separator when provided" time="0.000532815">
        </testcase>
        <testcase classname="src/core/prompts.test.ts" name="Core System Prompt (prompts.ts) &gt; should include sandbox-specific instructions when SANDBOX env var is set" time="0.000582778">
        </testcase>
        <testcase classname="src/core/prompts.test.ts" name="Core System Prompt (prompts.ts) &gt; should include seatbelt-specific instructions when SANDBOX env var is &quot;sandbox-exec&quot;" time="0.000753874">
        </testcase>
        <testcase classname="src/core/prompts.test.ts" name="Core System Prompt (prompts.ts) &gt; should include non-sandbox instructions when SANDBOX env var is not set" time="0.00038428">
        </testcase>
        <testcase classname="src/core/prompts.test.ts" name="Core System Prompt (prompts.ts) &gt; should include git instructions when in a git repo" time="0.000385743">
        </testcase>
        <testcase classname="src/core/prompts.test.ts" name="Core System Prompt (prompts.ts) &gt; should not include git instructions when not in a git repo" time="0.000442498">
        </testcase>
        <testcase classname="src/core/prompts.test.ts" name="Core System Prompt (prompts.ts) &gt; GEMINI_SYSTEM_MD environment variable &gt; should use default prompt when GEMINI_SYSTEM_MD is &quot;false&quot;" time="0.000518078">
        </testcase>
        <testcase classname="src/core/prompts.test.ts" name="Core System Prompt (prompts.ts) &gt; GEMINI_SYSTEM_MD environment variable &gt; should use default prompt when GEMINI_SYSTEM_MD is &quot;0&quot;" time="0.00029227">
        </testcase>
        <testcase classname="src/core/prompts.test.ts" name="Core System Prompt (prompts.ts) &gt; GEMINI_SYSTEM_MD environment variable &gt; should throw error if GEMINI_SYSTEM_MD points to a non-existent file" time="0.000928688">
        </testcase>
        <testcase classname="src/core/prompts.test.ts" name="Core System Prompt (prompts.ts) &gt; GEMINI_SYSTEM_MD environment variable &gt; should read from default path when GEMINI_SYSTEM_MD is &quot;true&quot;" time="0.001353983">
        </testcase>
        <testcase classname="src/core/prompts.test.ts" name="Core System Prompt (prompts.ts) &gt; GEMINI_SYSTEM_MD environment variable &gt; should read from default path when GEMINI_SYSTEM_MD is &quot;1&quot;" time="0.000353965">
        </testcase>
        <testcase classname="src/core/prompts.test.ts" name="Core System Prompt (prompts.ts) &gt; GEMINI_SYSTEM_MD environment variable &gt; should read from custom path when GEMINI_SYSTEM_MD provides one, preserving case" time="0.000437208">
        </testcase>
        <testcase classname="src/core/prompts.test.ts" name="Core System Prompt (prompts.ts) &gt; GEMINI_SYSTEM_MD environment variable &gt; should expand tilde in custom path when GEMINI_SYSTEM_MD is set" time="0.000422101">
        </testcase>
        <testcase classname="src/core/prompts.test.ts" name="Core System Prompt (prompts.ts) &gt; GEMINI_WRITE_SYSTEM_MD environment variable &gt; should not write to file when GEMINI_WRITE_SYSTEM_MD is &quot;false&quot;" time="0.001896337">
        </testcase>
        <testcase classname="src/core/prompts.test.ts" name="Core System Prompt (prompts.ts) &gt; GEMINI_WRITE_SYSTEM_MD environment variable &gt; should not write to file when GEMINI_WRITE_SYSTEM_MD is &quot;0&quot;" time="0.000395752">
        </testcase>
        <testcase classname="src/core/prompts.test.ts" name="Core System Prompt (prompts.ts) &gt; GEMINI_WRITE_SYSTEM_MD environment variable &gt; should write to default path when GEMINI_WRITE_SYSTEM_MD is &quot;true&quot;" time="0.001241556">
        </testcase>
        <testcase classname="src/core/prompts.test.ts" name="Core System Prompt (prompts.ts) &gt; GEMINI_WRITE_SYSTEM_MD environment variable &gt; should write to default path when GEMINI_WRITE_SYSTEM_MD is &quot;1&quot;" time="0.000452497">
        </testcase>
        <testcase classname="src/core/prompts.test.ts" name="Core System Prompt (prompts.ts) &gt; GEMINI_WRITE_SYSTEM_MD environment variable &gt; should write to custom path when GEMINI_WRITE_SYSTEM_MD provides one" time="0.000348674">
        </testcase>
        <testcase classname="src/core/prompts.test.ts" name="Core System Prompt (prompts.ts) &gt; GEMINI_WRITE_SYSTEM_MD environment variable &gt; should expand tilde in custom path when GEMINI_WRITE_SYSTEM_MD is set" time="0.000812152">
        </testcase>
        <testcase classname="src/core/prompts.test.ts" name="Core System Prompt (prompts.ts) &gt; GEMINI_WRITE_SYSTEM_MD environment variable &gt; should expand tilde in custom path when GEMINI_WRITE_SYSTEM_MD is just ~" time="0.000409808">
        </testcase>
        <testcase classname="src/core/prompts.test.ts" name="URL matching with trailing slash compatibility &gt; should match URLs with and without trailing slash" time="0.00124357">
        </testcase>
        <testcase classname="src/core/prompts.test.ts" name="URL matching with trailing slash compatibility &gt; should not match when URLs are different" time="0.000316786">
        </testcase>
        <testcase classname="src/core/prompts.test.ts" name="Model-specific tool call formats &gt; should use XML format for qwen3-coder model" time="0.000704332">
        </testcase>
        <testcase classname="src/core/prompts.test.ts" name="Model-specific tool call formats &gt; should use JSON format for qwen-vl model" time="0.000547202">
        </testcase>
        <testcase classname="src/core/prompts.test.ts" name="Model-specific tool call formats &gt; should use bracket format for generic models" time="0.000409186">
        </testcase>
        <testcase classname="src/core/prompts.test.ts" name="Model-specific tool call formats &gt; should use bracket format when no model is specified" time="0.000402124">
        </testcase>
        <testcase classname="src/core/prompts.test.ts" name="Model-specific tool call formats &gt; should preserve model-specific formats with user memory" time="0.000375304">
        </testcase>
        <testcase classname="src/core/prompts.test.ts" name="Model-specific tool call formats &gt; should preserve model-specific formats with sandbox environment" time="0.000361759">
        </testcase>
        <testcase classname="src/core/prompts.test.ts" name="getCustomSystemPrompt &gt; should handle string custom instruction without user memory" time="0.00018935">
        </testcase>
        <testcase classname="src/core/prompts.test.ts" name="getCustomSystemPrompt &gt; should handle string custom instruction with user memory" time="0.000087773">
        </testcase>
        <testcase classname="src/core/prompts.test.ts" name="getCustomSystemPrompt &gt; should handle Content object with parts array and user memory" time="0.000107578">
        </testcase>
        <testcase classname="src/core/prompts.test.ts" name="getSubagentSystemReminder &gt; should format single agent type correctly" time="0.000207594">
        </testcase>
        <testcase classname="src/core/prompts.test.ts" name="getSubagentSystemReminder &gt; should join multiple agent types with commas" time="0.000072164">
        </testcase>
        <testcase classname="src/core/prompts.test.ts" name="getSubagentSystemReminder &gt; should handle empty array" time="0.000069549">
        </testcase>
        <testcase classname="src/core/prompts.test.ts" name="getPlanModeSystemReminder &gt; should return plan mode system reminder with proper structure" time="0.000168982">
        </testcase>
        <testcase classname="src/core/prompts.test.ts" name="getPlanModeSystemReminder &gt; should include workflow instructions" time="0.000103071">
        </testcase>
        <testcase classname="src/core/prompts.test.ts" name="getPlanModeSystemReminder &gt; should be deterministic" time="0.000082672">
        </testcase>
    </testsuite>
    <testsuite name="src/core/tokenLimits.test.ts" timestamp="2025-10-01T18:54:56.608Z" hostname="uby" tests="61" failures="0" errors="0" skipped="0" time="0.011317698">
        <testcase classname="src/core/tokenLimits.test.ts" name="normalize &gt; should lowercase and trim the model string" time="0.00154667">
        </testcase>
        <testcase classname="src/core/tokenLimits.test.ts" name="normalize &gt; should strip provider prefixes" time="0.000273326">
        </testcase>
        <testcase classname="src/core/tokenLimits.test.ts" name="normalize &gt; should handle pipe and colon separators" time="0.000109693">
        </testcase>
        <testcase classname="src/core/tokenLimits.test.ts" name="normalize &gt; should collapse whitespace to a single hyphen" time="0.000088393">
        </testcase>
        <testcase classname="src/core/tokenLimits.test.ts" name="normalize &gt; should remove date and version suffixes" time="0.000157391">
        </testcase>
        <testcase classname="src/core/tokenLimits.test.ts" name="normalize &gt; should remove quantization and numeric suffixes" time="0.00020015">
        </testcase>
        <testcase classname="src/core/tokenLimits.test.ts" name="normalize &gt; should handle a combination of normalization rules" time="0.000082673">
        </testcase>
        <testcase classname="src/core/tokenLimits.test.ts" name="normalize &gt; should handle empty or null input" time="0.00012445">
        </testcase>
        <testcase classname="src/core/tokenLimits.test.ts" name="normalize &gt; should remove preview suffixes" time="0.000088092">
        </testcase>
        <testcase classname="src/core/tokenLimits.test.ts" name="normalize &gt; should remove version numbers with dots when they are at the end" time="0.000663417">
        </testcase>
        <testcase classname="src/core/tokenLimits.test.ts" name="tokenLimit &gt; Google Gemini &gt; should return the correct limit for Gemini 1.5 Pro" time="0.000224305">
        </testcase>
        <testcase classname="src/core/tokenLimits.test.ts" name="tokenLimit &gt; Google Gemini &gt; should return the correct limit for Gemini 1.5 Flash" time="0.000131103">
        </testcase>
        <testcase classname="src/core/tokenLimits.test.ts" name="tokenLimit &gt; Google Gemini &gt; should return the correct limit for Gemini 2.5 Pro" time="0.000121515">
        </testcase>
        <testcase classname="src/core/tokenLimits.test.ts" name="tokenLimit &gt; Google Gemini &gt; should return the correct limit for Gemini 2.5 Flash" time="0.000104723">
        </testcase>
        <testcase classname="src/core/tokenLimits.test.ts" name="tokenLimit &gt; Google Gemini &gt; should return the correct limit for Gemini 2.0 Flash with image generation" time="0.000103582">
        </testcase>
        <testcase classname="src/core/tokenLimits.test.ts" name="tokenLimit &gt; Google Gemini &gt; should return the correct limit for Gemini 2.0 Flash" time="0.000095927">
        </testcase>
        <testcase classname="src/core/tokenLimits.test.ts" name="tokenLimit &gt; OpenAI &gt; should return the correct limit for o3-mini" time="0.000128237">
        </testcase>
        <testcase classname="src/core/tokenLimits.test.ts" name="tokenLimit &gt; OpenAI &gt; should return the correct limit for o3 models" time="0.000078265">
        </testcase>
        <testcase classname="src/core/tokenLimits.test.ts" name="tokenLimit &gt; OpenAI &gt; should return the correct limit for o4-mini" time="0.000071693">
        </testcase>
        <testcase classname="src/core/tokenLimits.test.ts" name="tokenLimit &gt; OpenAI &gt; should return the correct limit for gpt-4o-mini" time="0.000089746">
        </testcase>
        <testcase classname="src/core/tokenLimits.test.ts" name="tokenLimit &gt; OpenAI &gt; should return the correct limit for gpt-4o" time="0.000098422">
        </testcase>
        <testcase classname="src/core/tokenLimits.test.ts" name="tokenLimit &gt; OpenAI &gt; should return the correct limit for gpt-4.1-mini" time="0.000056995">
        </testcase>
        <testcase classname="src/core/tokenLimits.test.ts" name="tokenLimit &gt; OpenAI &gt; should return the correct limit for gpt-4.1 models" time="0.000060602">
        </testcase>
        <testcase classname="src/core/tokenLimits.test.ts" name="tokenLimit &gt; OpenAI &gt; should return the correct limit for gpt-4" time="0.000103421">
        </testcase>
        <testcase classname="src/core/tokenLimits.test.ts" name="tokenLimit &gt; Anthropic Claude &gt; should return the correct limit for Claude 3.5 Sonnet" time="0.000124039">
        </testcase>
        <testcase classname="src/core/tokenLimits.test.ts" name="tokenLimit &gt; Anthropic Claude &gt; should return the correct limit for Claude 3.7 Sonnet" time="0.000071682">
        </testcase>
        <testcase classname="src/core/tokenLimits.test.ts" name="tokenLimit &gt; Anthropic Claude &gt; should return the correct limit for Claude Sonnet 4" time="0.000088805">
        </testcase>
        <testcase classname="src/core/tokenLimits.test.ts" name="tokenLimit &gt; Anthropic Claude &gt; should return the correct limit for Claude Opus 4" time="0.00011349">
        </testcase>
        <testcase classname="src/core/tokenLimits.test.ts" name="tokenLimit &gt; Alibaba Qwen &gt; should return the correct limit for qwen3-coder commercial models" time="0.000215679">
        </testcase>
        <testcase classname="src/core/tokenLimits.test.ts" name="tokenLimit &gt; Alibaba Qwen &gt; should return the correct limit for qwen3-coder open source models" time="0.000166238">
        </testcase>
        <testcase classname="src/core/tokenLimits.test.ts" name="tokenLimit &gt; Alibaba Qwen &gt; should return the correct limit for qwen3 2507 variants" time="0.000086781">
        </testcase>
        <testcase classname="src/core/tokenLimits.test.ts" name="tokenLimit &gt; Alibaba Qwen &gt; should return the correct limit for qwen2.5-1m" time="0.000160437">
        </testcase>
        <testcase classname="src/core/tokenLimits.test.ts" name="tokenLimit &gt; Alibaba Qwen &gt; should return the correct limit for qwen2.5" time="0.000139618">
        </testcase>
        <testcase classname="src/core/tokenLimits.test.ts" name="tokenLimit &gt; Alibaba Qwen &gt; should return the correct limit for qwen-plus" time="0.000136513">
        </testcase>
        <testcase classname="src/core/tokenLimits.test.ts" name="tokenLimit &gt; Alibaba Qwen &gt; should return the correct limit for qwen-flash" time="0.000105966">
        </testcase>
        <testcase classname="src/core/tokenLimits.test.ts" name="tokenLimit &gt; Alibaba Qwen &gt; should return the correct limit for qwen-turbo" time="0.000150628">
        </testcase>
        <testcase classname="src/core/tokenLimits.test.ts" name="tokenLimit &gt; ByteDance Seed-OSS &gt; should return the correct limit for seed-oss" time="0.000154977">
        </testcase>
        <testcase classname="src/core/tokenLimits.test.ts" name="tokenLimit &gt; Zhipu GLM &gt; should return the correct limit for glm-4.5v" time="0.000141912">
        </testcase>
        <testcase classname="src/core/tokenLimits.test.ts" name="tokenLimit &gt; Zhipu GLM &gt; should return the correct limit for glm-4.5-air" time="0.000152311">
        </testcase>
        <testcase classname="src/core/tokenLimits.test.ts" name="tokenLimit &gt; Zhipu GLM &gt; should return the correct limit for glm-4.5" time="0.000120723">
        </testcase>
        <testcase classname="src/core/tokenLimits.test.ts" name="tokenLimit &gt; Other models &gt; should return the correct limit for deepseek-r1" time="0.000127045">
        </testcase>
        <testcase classname="src/core/tokenLimits.test.ts" name="tokenLimit &gt; Other models &gt; should return the correct limit for deepseek-v3" time="0.000144597">
        </testcase>
        <testcase classname="src/core/tokenLimits.test.ts" name="tokenLimit &gt; Other models &gt; should return the correct limit for deepseek-v3.1" time="0.000143134">
        </testcase>
        <testcase classname="src/core/tokenLimits.test.ts" name="tokenLimit &gt; Other models &gt; should return the correct limit for kimi-k2-instruct" time="0.000083425">
        </testcase>
        <testcase classname="src/core/tokenLimits.test.ts" name="tokenLimit &gt; Other models &gt; should return the correct limit for gpt-oss" time="0.000058969">
        </testcase>
        <testcase classname="src/core/tokenLimits.test.ts" name="tokenLimit &gt; Other models &gt; should return the correct limit for llama-4-scout" time="0.000051415">
        </testcase>
        <testcase classname="src/core/tokenLimits.test.ts" name="tokenLimit &gt; Other models &gt; should return the correct limit for mistral-large-2" time="0.000058087">
        </testcase>
        <testcase classname="src/core/tokenLimits.test.ts" name="tokenLimit &gt; should return the default token limit for an unknown model" time="0.000087311">
        </testcase>
        <testcase classname="src/core/tokenLimits.test.ts" name="tokenLimit &gt; should return the correct limit for a complex model string" time="0.000069028">
        </testcase>
        <testcase classname="src/core/tokenLimits.test.ts" name="tokenLimit &gt; should handle case-insensitive model names" time="0.000111055">
        </testcase>
        <testcase classname="src/core/tokenLimits.test.ts" name="tokenLimit with output type &gt; Qwen models with output limits &gt; should return the correct output limit for qwen3-coder-plus" time="0.000109222">
        </testcase>
        <testcase classname="src/core/tokenLimits.test.ts" name="tokenLimit with output type &gt; Qwen models with output limits &gt; should return the correct output limit for qwen-vl-max-latest" time="0.000093784">
        </testcase>
        <testcase classname="src/core/tokenLimits.test.ts" name="tokenLimit with output type &gt; Default output limits &gt; should return the default output limit for unknown models" time="0.000247297">
        </testcase>
        <testcase classname="src/core/tokenLimits.test.ts" name="tokenLimit with output type &gt; Default output limits &gt; should return the default output limit for models without specific output patterns" time="0.000123298">
        </testcase>
        <testcase classname="src/core/tokenLimits.test.ts" name="tokenLimit with output type &gt; Input vs Output limits comparison &gt; should return different limits for input vs output for qwen3-coder-plus" time="0.00009162">
        </testcase>
        <testcase classname="src/core/tokenLimits.test.ts" name="tokenLimit with output type &gt; Input vs Output limits comparison &gt; should return different limits for input vs output for qwen-vl-max-latest" time="0.000081871">
        </testcase>
        <testcase classname="src/core/tokenLimits.test.ts" name="tokenLimit with output type &gt; Input vs Output limits comparison &gt; should return same default limits for unknown models" time="0.00008659">
        </testcase>
        <testcase classname="src/core/tokenLimits.test.ts" name="tokenLimit with output type &gt; Backward compatibility &gt; should default to input type when no type is specified" time="0.000110745">
        </testcase>
        <testcase classname="src/core/tokenLimits.test.ts" name="tokenLimit with output type &gt; Backward compatibility &gt; should work with explicit input type" time="0.000098172">
        </testcase>
        <testcase classname="src/core/tokenLimits.test.ts" name="tokenLimit with output type &gt; Model normalization with output limits &gt; should handle normalized model names for output limits" time="0.000078615">
        </testcase>
        <testcase classname="src/core/tokenLimits.test.ts" name="tokenLimit with output type &gt; Model normalization with output limits &gt; should handle complex model strings for output limits" time="0.000070881">
        </testcase>
    </testsuite>
    <testsuite name="src/core/turn.test.ts" timestamp="2025-10-01T18:54:56.609Z" hostname="uby" tests="14" failures="0" errors="0" skipped="0" time="0.012471482">
        <testcase classname="src/core/turn.test.ts" name="Turn &gt; constructor &gt; should initialize pendingToolCalls and debugResponses" time="0.002237879">
        </testcase>
        <testcase classname="src/core/turn.test.ts" name="Turn &gt; run &gt; should yield content events for text parts" time="0.002764923">
        </testcase>
        <testcase classname="src/core/turn.test.ts" name="Turn &gt; run &gt; should yield tool_call_request events for function calls" time="0.000996903">
        </testcase>
        <testcase classname="src/core/turn.test.ts" name="Turn &gt; run &gt; should yield UserCancelled event if signal is aborted" time="0.000559504">
        </testcase>
        <testcase classname="src/core/turn.test.ts" name="Turn &gt; run &gt; should yield Error event and report if sendMessageStream throws" time="0.00074626">
        </testcase>
        <testcase classname="src/core/turn.test.ts" name="Turn &gt; run &gt; should handle function calls with undefined name or args" time="0.00111413">
        </testcase>
        <testcase classname="src/core/turn.test.ts" name="Turn &gt; run &gt; should yield finished event when response has finish reason" time="0.000553444">
        </testcase>
        <testcase classname="src/core/turn.test.ts" name="Turn &gt; run &gt; should yield finished event for MAX_TOKENS finish reason" time="0.000236928">
        </testcase>
        <testcase classname="src/core/turn.test.ts" name="Turn &gt; run &gt; should yield finished event for SAFETY finish reason" time="0.000591123">
        </testcase>
        <testcase classname="src/core/turn.test.ts" name="Turn &gt; run &gt; should not yield finished event when there is no finish reason" time="0.000210619">
        </testcase>
        <testcase classname="src/core/turn.test.ts" name="Turn &gt; run &gt; should handle multiple responses with different finish reasons" time="0.000208596">
        </testcase>
        <testcase classname="src/core/turn.test.ts" name="Turn &gt; run &gt; should not crash when cancelled request has malformed error" time="0.000399819">
        </testcase>
        <testcase classname="src/core/turn.test.ts" name="Turn &gt; run &gt; should yield a Retry event when it receives one from the chat stream" time="0.000200161">
        </testcase>
        <testcase classname="src/core/turn.test.ts" name="Turn &gt; getDebugResponses &gt; should return collected debug responses" time="0.00019971">
        </testcase>
    </testsuite>
    <testsuite name="src/ide/detect-ide.test.ts" timestamp="2025-10-01T18:54:56.610Z" hostname="uby" tests="21" failures="0" errors="0" skipped="0" time="0.004869475">
        <testcase classname="src/ide/detect-ide.test.ts" name="detectIde &gt; should return undefined if TERM_PROGRAM is not vscode" time="0.001073916">
        </testcase>
        <testcase classname="src/ide/detect-ide.test.ts" name="detectIde &gt; should detect Devin" time="0.000319581">
        </testcase>
        <testcase classname="src/ide/detect-ide.test.ts" name="detectIde &gt; should detect Replit" time="0.000124601">
        </testcase>
        <testcase classname="src/ide/detect-ide.test.ts" name="detectIde &gt; should detect Cursor" time="0.000112227">
        </testcase>
        <testcase classname="src/ide/detect-ide.test.ts" name="detectIde &gt; should detect Codespaces" time="0.000128918">
        </testcase>
        <testcase classname="src/ide/detect-ide.test.ts" name="detectIde &gt; should detect Cloud Shell via EDITOR_IN_CLOUD_SHELL" time="0.000112187">
        </testcase>
        <testcase classname="src/ide/detect-ide.test.ts" name="detectIde &gt; should detect Cloud Shell via CLOUD_SHELL" time="0.00011347">
        </testcase>
        <testcase classname="src/ide/detect-ide.test.ts" name="detectIde &gt; should detect Trae" time="0.000094044">
        </testcase>
        <testcase classname="src/ide/detect-ide.test.ts" name="detectIde &gt; should detect Firebase Studio via MONOSPACE_ENV" time="0.000128698">
        </testcase>
        <testcase classname="src/ide/detect-ide.test.ts" name="detectIde &gt; should detect VSCode when no other IDE is detected and command includes &quot;code&quot;" time="0.000118099">
        </testcase>
        <testcase classname="src/ide/detect-ide.test.ts" name="detectIde &gt; should detect VSCodeFork when no other IDE is detected and command does not include &quot;code&quot;" time="0.00009224">
        </testcase>
        <testcase classname="src/ide/detect-ide.test.ts" name="detectIde &gt; should prioritize other IDEs over VSCode detection" time="0.000084706">
        </testcase>
        <testcase classname="src/ide/detect-ide.test.ts" name="getIdeInfo &gt; should return correct info for Devin" time="0.000626909">
        </testcase>
        <testcase classname="src/ide/detect-ide.test.ts" name="getIdeInfo &gt; should return correct info for Replit" time="0.000095897">
        </testcase>
        <testcase classname="src/ide/detect-ide.test.ts" name="getIdeInfo &gt; should return correct info for Cursor" time="0.000073005">
        </testcase>
        <testcase classname="src/ide/detect-ide.test.ts" name="getIdeInfo &gt; should return correct info for CloudShell" time="0.000058798">
        </testcase>
        <testcase classname="src/ide/detect-ide.test.ts" name="getIdeInfo &gt; should return correct info for Codespaces" time="0.000051585">
        </testcase>
        <testcase classname="src/ide/detect-ide.test.ts" name="getIdeInfo &gt; should return correct info for FirebaseStudio" time="0.000052838">
        </testcase>
        <testcase classname="src/ide/detect-ide.test.ts" name="getIdeInfo &gt; should return correct info for Trae" time="0.000067304">
        </testcase>
        <testcase classname="src/ide/detect-ide.test.ts" name="getIdeInfo &gt; should return correct info for VSCode" time="0.000056575">
        </testcase>
        <testcase classname="src/ide/detect-ide.test.ts" name="getIdeInfo &gt; should return correct info for VSCodeFork" time="0.000055793">
        </testcase>
    </testsuite>
    <testsuite name="src/ide/ide-client.test.ts" timestamp="2025-10-01T18:54:56.610Z" hostname="uby" tests="9" failures="0" errors="0" skipped="0" time="0.016742019">
        <testcase classname="src/ide/ide-client.test.ts" name="IdeClient &gt; connect &gt; should return invalid if QWEN_CODE_IDE_WORKSPACE_PATH is undefined" time="0.002412471">
        </testcase>
        <testcase classname="src/ide/ide-client.test.ts" name="IdeClient &gt; connect &gt; should return invalid if QWEN_CODE_IDE_WORKSPACE_PATH is empty" time="0.001209667">
        </testcase>
        <testcase classname="src/ide/ide-client.test.ts" name="IdeClient &gt; connect &gt; should connect using HTTP when port is provided in config file" time="0.005642123">
            <system-out>
[DEBUG] [IDEClient] Attempting to connect to IDE via HTTP SSE

            </system-out>
        </testcase>
        <testcase classname="src/ide/ide-client.test.ts" name="IdeClient &gt; connect &gt; should connect using stdio when stdio config is provided in file" time="0.001267894">
            <system-out>
[DEBUG] [IDEClient] Attempting to connect to IDE via stdio

            </system-out>
        </testcase>
        <testcase classname="src/ide/ide-client.test.ts" name="IdeClient &gt; connect &gt; should prioritize port over stdio when both are in config file" time="0.001110303">
            <system-out>
[DEBUG] [IDEClient] Attempting to connect to IDE via HTTP SSE

            </system-out>
        </testcase>
        <testcase classname="src/ide/ide-client.test.ts" name="IdeClient &gt; connect &gt; should connect using HTTP when port is provided in environment variables" time="0.001083183">
            <system-out>
[DEBUG] [IDEClient] Attempting to connect to IDE via HTTP SSE

            </system-out>
        </testcase>
        <testcase classname="src/ide/ide-client.test.ts" name="IdeClient &gt; connect &gt; should connect using stdio when stdio config is in environment variables" time="0.000816339">
            <system-out>
[DEBUG] [IDEClient] Attempting to connect to IDE via stdio

            </system-out>
        </testcase>
        <testcase classname="src/ide/ide-client.test.ts" name="IdeClient &gt; connect &gt; should prioritize file config over environment variables" time="0.000887611">
            <system-out>
[DEBUG] [IDEClient] Attempting to connect to IDE via HTTP SSE

            </system-out>
        </testcase>
        <testcase classname="src/ide/ide-client.test.ts" name="IdeClient &gt; connect &gt; should be disconnected if no config is found" time="0.000903461">
            <system-err>
[ERROR] [IDEClient] Failed to connect to IDE companion extension in VS Code. Please ensure the extension is running. To install the extension, run /ide install.

            </system-err>
        </testcase>
    </testsuite>
    <testsuite name="src/ide/ide-installer.test.ts" timestamp="2025-10-01T18:54:56.611Z" hostname="uby" tests="10" failures="0" errors="0" skipped="0" time="0.012546271">
        <testcase classname="src/ide/ide-installer.test.ts" name="ide-installer &gt; getIdeInstaller &gt; returns a VsCodeInstaller for &quot;&apos;vscode&apos;&quot;" time="0.003952088">
        </testcase>
        <testcase classname="src/ide/ide-installer.test.ts" name="ide-installer &gt; getIdeInstaller &gt; returns a VsCodeInstaller for &quot;&apos;firebasestudio&apos;&quot;" time="0.001268606">
        </testcase>
        <testcase classname="src/ide/ide-installer.test.ts" name="ide-installer &gt; VsCodeInstaller &gt; install &gt; identifies the path to code cli on platform: &apos;win32&apos;" time="0.001471892">
        </testcase>
        <testcase classname="src/ide/ide-installer.test.ts" name="ide-installer &gt; VsCodeInstaller &gt; install &gt; identifies the path to code cli on platform: &apos;darwin&apos;" time="0.000570625">
        </testcase>
        <testcase classname="src/ide/ide-installer.test.ts" name="ide-installer &gt; VsCodeInstaller &gt; install &gt; identifies the path to code cli on platform: &apos;linux&apos;" time="0.000395842">
        </testcase>
        <testcase classname="src/ide/ide-installer.test.ts" name="ide-installer &gt; VsCodeInstaller &gt; install &gt; installs the extension using code cli" time="0.001404748">
        </testcase>
        <testcase classname="src/ide/ide-installer.test.ts" name="ide-installer &gt; VsCodeInstaller &gt; install &gt; returns that the cli was installed successfully" time="0.000694254">
        </testcase>
        <testcase classname="src/ide/ide-installer.test.ts" name="ide-installer &gt; VsCodeInstaller &gt; install &gt; returns that the cli was installed successfully" time="0.000360747">
        </testcase>
        <testcase classname="src/ide/ide-installer.test.ts" name="ide-installer &gt; VsCodeInstaller &gt; install &gt; should return a failure message if &apos;vscode&apos; is not installed" time="0.000496568">
        </testcase>
        <testcase classname="src/ide/ide-installer.test.ts" name="ide-installer &gt; VsCodeInstaller &gt; install &gt; should return a failure message if &apos;firebasestudio&apos; is not installed" time="0.000359945">
        </testcase>
    </testsuite>
    <testsuite name="src/ide/ideContext.test.ts" timestamp="2025-10-01T18:54:56.611Z" hostname="uby" tests="16" failures="0" errors="0" skipped="0" time="0.008767403">
        <testcase classname="src/ide/ideContext.test.ts" name="ideContext &gt; createIdeContextStore &gt; should return undefined initially for ide context" time="0.001093743">
        </testcase>
        <testcase classname="src/ide/ideContext.test.ts" name="ideContext &gt; createIdeContextStore &gt; should set and retrieve the ide context" time="0.000606231">
        </testcase>
        <testcase classname="src/ide/ideContext.test.ts" name="ideContext &gt; createIdeContextStore &gt; should update the ide context when called multiple times" time="0.000165066">
        </testcase>
        <testcase classname="src/ide/ideContext.test.ts" name="ideContext &gt; createIdeContextStore &gt; should handle empty string for file path" time="0.000095717">
        </testcase>
        <testcase classname="src/ide/ideContext.test.ts" name="ideContext &gt; createIdeContextStore &gt; should notify subscribers when ide context changes" time="0.002320331">
        </testcase>
        <testcase classname="src/ide/ideContext.test.ts" name="ideContext &gt; createIdeContextStore &gt; should stop notifying a subscriber after unsubscribe" time="0.000283985">
        </testcase>
        <testcase classname="src/ide/ideContext.test.ts" name="ideContext &gt; createIdeContextStore &gt; should clear the ide context" time="0.000175464">
        </testcase>
        <testcase classname="src/ide/ideContext.test.ts" name="ideContext &gt; FileSchema &gt; should validate a file with only required fields" time="0.001266692">
        </testcase>
        <testcase classname="src/ide/ideContext.test.ts" name="ideContext &gt; FileSchema &gt; should validate a file with all fields" time="0.000257586">
        </testcase>
        <testcase classname="src/ide/ideContext.test.ts" name="ideContext &gt; FileSchema &gt; should fail validation if path is missing" time="0.000470239">
        </testcase>
        <testcase classname="src/ide/ideContext.test.ts" name="ideContext &gt; FileSchema &gt; should fail validation if timestamp is missing" time="0.000170004">
        </testcase>
        <testcase classname="src/ide/ideContext.test.ts" name="ideContext &gt; IdeContextSchema &gt; should validate an empty context" time="0.000087281">
        </testcase>
        <testcase classname="src/ide/ideContext.test.ts" name="ideContext &gt; IdeContextSchema &gt; should validate a context with an empty workspaceState" time="0.000059821">
        </testcase>
        <testcase classname="src/ide/ideContext.test.ts" name="ideContext &gt; IdeContextSchema &gt; should validate a context with an empty openFiles array" time="0.000176286">
        </testcase>
        <testcase classname="src/ide/ideContext.test.ts" name="ideContext &gt; IdeContextSchema &gt; should validate a context with a valid file" time="0.000087632">
        </testcase>
        <testcase classname="src/ide/ideContext.test.ts" name="ideContext &gt; IdeContextSchema &gt; should fail validation with an invalid file" time="0.000077122">
        </testcase>
    </testsuite>
    <testsuite name="src/ide/process-utils.test.ts" timestamp="2025-10-01T18:54:56.612Z" hostname="uby" tests="7" failures="0" errors="0" skipped="0" time="0.013738685">
        <testcase classname="src/ide/process-utils.test.ts" name="getIdeProcessInfo &gt; on Unix &gt; should traverse up to find the shell and return grandparent process info" time="0.002651373">
        </testcase>
        <testcase classname="src/ide/process-utils.test.ts" name="getIdeProcessInfo &gt; on Unix &gt; should return parent process info if grandparent lookup fails" time="0.005328143">
            <system-out>
Failed to get process info for pid 800: Error: ps failed
    at [90m/home/atmandk/LowCal-dev/packages/core/[39msrc/ide/process-utils.test.ts:57:32
    at file:///home/atmandk/LowCal-dev/node_modules/[4m@vitest/runner[24m/dist/chunk-hooks.js:155:11
    at file:///home/atmandk/LowCal-dev/node_modules/[4m@vitest/runner[24m/dist/chunk-hooks.js:752:26
    at file:///home/atmandk/LowCal-dev/node_modules/[4m@vitest/runner[24m/dist/chunk-hooks.js:1897:20
    at new Promise (&lt;anonymous&gt;)
    at runWithTimeout (file:///home/atmandk/LowCal-dev/node_modules/[4m@vitest/runner[24m/dist/chunk-hooks.js:1863:10)
    at runTest (file:///home/atmandk/LowCal-dev/node_modules/[4m@vitest/runner[24m/dist/chunk-hooks.js:1574:12)
[90m    at processTicksAndRejections (node:internal/process/task_queues:105:5)[39m
    at runSuite (file:///home/atmandk/LowCal-dev/node_modules/[4m@vitest/runner[24m/dist/chunk-hooks.js:1729:8)
    at runSuite (file:///home/atmandk/LowCal-dev/node_modules/[4m@vitest/runner[24m/dist/chunk-hooks.js:1729:8)

            </system-out>
        </testcase>
        <testcase classname="src/ide/process-utils.test.ts" name="getIdeProcessInfo &gt; on Windows &gt; should traverse up and find the great-grandchild of the root process" time="0.000491729">
        </testcase>
        <testcase classname="src/ide/process-utils.test.ts" name="getIdeProcessInfo &gt; on Windows &gt; should handle non-existent process gracefully" time="0.000161118">
        </testcase>
        <testcase classname="src/ide/process-utils.test.ts" name="getIdeProcessInfo &gt; on Windows &gt; should handle malformed JSON output gracefully" time="0.003102637">
            <system-out>
Failed to get process info for pid 1000: SyntaxError: Unexpected token &apos;j&apos;, &quot;{&quot;invalid&quot;:json}&quot; is not valid JSON
    at JSON.parse (&lt;anonymous&gt;)
    at getProcessInfo [90m(/home/atmandk/LowCal-dev/packages/core/[39msrc/ide/process-utils.ts:46:16[90m)[39m
[90m    at processTicksAndRejections (node:internal/process/task_queues:105:5)[39m
    at getIdeProcessInfoForWindows [90m(/home/atmandk/LowCal-dev/packages/core/[39msrc/ide/process-utils.ts:136:29[90m)[39m

            </system-out>
        </testcase>
        <testcase classname="src/ide/process-utils.test.ts" name="getIdeProcessInfo &gt; on Windows &gt; should handle PowerShell errors without crashing the process chain" time="0.000379071">
        </testcase>
        <testcase classname="src/ide/process-utils.test.ts" name="getIdeProcessInfo &gt; on Windows &gt; should handle partial JSON data with defaults" time="0.000227601">
        </testcase>
    </testsuite>
    <testsuite name="src/mcp/google-auth-provider.test.ts" timestamp="2025-10-01T18:54:56.612Z" hostname="uby" tests="8" failures="0" errors="0" skipped="0" time="0.011047539">
        <testcase classname="src/mcp/google-auth-provider.test.ts" name="GoogleCredentialProvider &gt; should throw an error if no scopes are provided" time="0.001436988">
        </testcase>
        <testcase classname="src/mcp/google-auth-provider.test.ts" name="GoogleCredentialProvider &gt; should use scopes from the config if provided" time="0.002442767">
        </testcase>
        <testcase classname="src/mcp/google-auth-provider.test.ts" name="GoogleCredentialProvider &gt; should throw an error for a non-allowlisted host" time="0.000259039">
        </testcase>
        <testcase classname="src/mcp/google-auth-provider.test.ts" name="GoogleCredentialProvider &gt; should allow luci.app" time="0.000603927">
        </testcase>
        <testcase classname="src/mcp/google-auth-provider.test.ts" name="GoogleCredentialProvider &gt; should allow sub.luci.app" time="0.000404518">
        </testcase>
        <testcase classname="src/mcp/google-auth-provider.test.ts" name="GoogleCredentialProvider &gt; should not allow googleapis.com without a subdomain" time="0.000150137">
        </testcase>
        <testcase classname="src/mcp/google-auth-provider.test.ts" name="GoogleCredentialProvider &gt; with provider instance &gt; should return credentials" time="0.001789629">
        </testcase>
        <testcase classname="src/mcp/google-auth-provider.test.ts" name="GoogleCredentialProvider &gt; with provider instance &gt; should return undefined if access token is not available" time="0.002757088">
            <system-err>
Failed to get access token from Google ADC

            </system-err>
        </testcase>
    </testsuite>
    <testsuite name="src/mcp/oauth-provider.test.ts" timestamp="2025-10-01T18:54:56.612Z" hostname="uby" tests="19" failures="0" errors="0" skipped="0" time="0.146815447">
        <testcase classname="src/mcp/oauth-provider.test.ts" name="MCPOAuthProvider &gt; authenticate &gt; should perform complete OAuth flow with PKCE" time="0.018102644">
        </testcase>
        <testcase classname="src/mcp/oauth-provider.test.ts" name="MCPOAuthProvider &gt; authenticate &gt; should handle OAuth discovery when no authorization URL provided" time="0.012923548">
        </testcase>
        <testcase classname="src/mcp/oauth-provider.test.ts" name="MCPOAuthProvider &gt; authenticate &gt; should perform dynamic client registration when no client ID provided" time="0.012963181">
        </testcase>
        <testcase classname="src/mcp/oauth-provider.test.ts" name="MCPOAuthProvider &gt; authenticate &gt; should handle OAuth callback errors" time="0.013043129">
        </testcase>
        <testcase classname="src/mcp/oauth-provider.test.ts" name="MCPOAuthProvider &gt; authenticate &gt; should handle state mismatch in callback" time="0.012116566">
        </testcase>
        <testcase classname="src/mcp/oauth-provider.test.ts" name="MCPOAuthProvider &gt; authenticate &gt; should handle token exchange failure" time="0.01221653">
        </testcase>
        <testcase classname="src/mcp/oauth-provider.test.ts" name="MCPOAuthProvider &gt; authenticate &gt; should handle callback timeout" time="0.001009476">
        </testcase>
        <testcase classname="src/mcp/oauth-provider.test.ts" name="MCPOAuthProvider &gt; refreshAccessToken &gt; should refresh token successfully" time="0.001580322">
        </testcase>
        <testcase classname="src/mcp/oauth-provider.test.ts" name="MCPOAuthProvider &gt; refreshAccessToken &gt; should include client secret in refresh request when available" time="0.00114091">
        </testcase>
        <testcase classname="src/mcp/oauth-provider.test.ts" name="MCPOAuthProvider &gt; refreshAccessToken &gt; should handle refresh token failure" time="0.000863306">
        </testcase>
        <testcase classname="src/mcp/oauth-provider.test.ts" name="MCPOAuthProvider &gt; getValidToken &gt; should return valid token when not expired" time="0.00196311">
            <system-out>
Getting valid token for server: test-server

Found token for server: test-server, expired: false
Returning valid token for server: test-server

            </system-out>
        </testcase>
        <testcase classname="src/mcp/oauth-provider.test.ts" name="MCPOAuthProvider &gt; getValidToken &gt; should refresh expired token and return new token" time="0.001064929">
            <system-out>
Getting valid token for server: test-server

Found token for server: test-server, expired: true

            </system-out>
        </testcase>
        <testcase classname="src/mcp/oauth-provider.test.ts" name="MCPOAuthProvider &gt; getValidToken &gt; should return null when no credentials exist" time="0.000608245">
            <system-out>
Getting valid token for server: test-server

No credentials found for server: test-server

            </system-out>
        </testcase>
        <testcase classname="src/mcp/oauth-provider.test.ts" name="MCPOAuthProvider &gt; getValidToken &gt; should handle refresh failure and remove invalid token" time="0.001640734">
            <system-out>
Getting valid token for server: test-server

Found token for server: test-server, expired: true

            </system-out>
        </testcase>
        <testcase classname="src/mcp/oauth-provider.test.ts" name="MCPOAuthProvider &gt; getValidToken &gt; should return null for token without refresh capability" time="0.000659389">
            <system-out>
Getting valid token for server: test-server

Found token for server: test-server, expired: true

            </system-out>
        </testcase>
        <testcase classname="src/mcp/oauth-provider.test.ts" name="MCPOAuthProvider &gt; PKCE parameter generation &gt; should generate valid PKCE parameters" time="0.011496819">
        </testcase>
        <testcase classname="src/mcp/oauth-provider.test.ts" name="MCPOAuthProvider &gt; Authorization URL building &gt; should build correct authorization URL with all parameters" time="0.012841305">
        </testcase>
        <testcase classname="src/mcp/oauth-provider.test.ts" name="MCPOAuthProvider &gt; Authorization URL building &gt; should correctly append parameters to an authorization URL that already has query params" time="0.013893211">
        </testcase>
        <testcase classname="src/mcp/oauth-provider.test.ts" name="MCPOAuthProvider &gt; Authorization URL building &gt; should correctly append parameters to a URL with a fragment" time="0.014966225">
        </testcase>
    </testsuite>
    <testsuite name="src/mcp/oauth-token-storage.test.ts" timestamp="2025-10-01T18:54:56.613Z" hostname="uby" tests="21" failures="0" errors="0" skipped="0" time="0.014212792">
        <testcase classname="src/mcp/oauth-token-storage.test.ts" name="MCPOAuthTokenStorage &gt; loadTokens &gt; should return empty map when token file does not exist" time="0.001790421">
        </testcase>
        <testcase classname="src/mcp/oauth-token-storage.test.ts" name="MCPOAuthTokenStorage &gt; loadTokens &gt; should load tokens from file successfully" time="0.001214255">
        </testcase>
        <testcase classname="src/mcp/oauth-token-storage.test.ts" name="MCPOAuthTokenStorage &gt; loadTokens &gt; should handle corrupted token file gracefully" time="0.001025316">
        </testcase>
        <testcase classname="src/mcp/oauth-token-storage.test.ts" name="MCPOAuthTokenStorage &gt; loadTokens &gt; should handle file read errors other than ENOENT" time="0.000279938">
        </testcase>
        <testcase classname="src/mcp/oauth-token-storage.test.ts" name="MCPOAuthTokenStorage &gt; saveToken &gt; should save token with restricted permissions" time="0.000545188">
        </testcase>
        <testcase classname="src/mcp/oauth-token-storage.test.ts" name="MCPOAuthTokenStorage &gt; saveToken &gt; should update existing token for same server" time="0.000507609">
        </testcase>
        <testcase classname="src/mcp/oauth-token-storage.test.ts" name="MCPOAuthTokenStorage &gt; saveToken &gt; should handle write errors gracefully" time="0.001119019">
        </testcase>
        <testcase classname="src/mcp/oauth-token-storage.test.ts" name="MCPOAuthTokenStorage &gt; getToken &gt; should return token for existing server" time="0.000211992">
        </testcase>
        <testcase classname="src/mcp/oauth-token-storage.test.ts" name="MCPOAuthTokenStorage &gt; getToken &gt; should return null for non-existent server" time="0.000130611">
        </testcase>
        <testcase classname="src/mcp/oauth-token-storage.test.ts" name="MCPOAuthTokenStorage &gt; getToken &gt; should return null when no tokens file exists" time="0.000163002">
        </testcase>
        <testcase classname="src/mcp/oauth-token-storage.test.ts" name="MCPOAuthTokenStorage &gt; removeToken &gt; should remove token for specific server" time="0.000369142">
        </testcase>
        <testcase classname="src/mcp/oauth-token-storage.test.ts" name="MCPOAuthTokenStorage &gt; removeToken &gt; should remove token file when no tokens remain" time="0.0002865">
        </testcase>
        <testcase classname="src/mcp/oauth-token-storage.test.ts" name="MCPOAuthTokenStorage &gt; removeToken &gt; should handle removal of non-existent token gracefully" time="0.000285398">
        </testcase>
        <testcase classname="src/mcp/oauth-token-storage.test.ts" name="MCPOAuthTokenStorage &gt; removeToken &gt; should handle file operation errors gracefully" time="0.000278986">
        </testcase>
        <testcase classname="src/mcp/oauth-token-storage.test.ts" name="MCPOAuthTokenStorage &gt; isTokenExpired &gt; should return false for token without expiry" time="0.000196213">
        </testcase>
        <testcase classname="src/mcp/oauth-token-storage.test.ts" name="MCPOAuthTokenStorage &gt; isTokenExpired &gt; should return false for valid token" time="0.000265731">
        </testcase>
        <testcase classname="src/mcp/oauth-token-storage.test.ts" name="MCPOAuthTokenStorage &gt; isTokenExpired &gt; should return true for expired token" time="0.000241798">
        </testcase>
        <testcase classname="src/mcp/oauth-token-storage.test.ts" name="MCPOAuthTokenStorage &gt; isTokenExpired &gt; should return true for token expiring within buffer time" time="0.002861992">
        </testcase>
        <testcase classname="src/mcp/oauth-token-storage.test.ts" name="MCPOAuthTokenStorage &gt; clearAllTokens &gt; should remove token file successfully" time="0.000500796">
        </testcase>
        <testcase classname="src/mcp/oauth-token-storage.test.ts" name="MCPOAuthTokenStorage &gt; clearAllTokens &gt; should handle non-existent file gracefully" time="0.000244913">
        </testcase>
        <testcase classname="src/mcp/oauth-token-storage.test.ts" name="MCPOAuthTokenStorage &gt; clearAllTokens &gt; should handle other file errors gracefully" time="0.000312327">
        </testcase>
    </testsuite>
    <testsuite name="src/mcp/oauth-utils.test.ts" timestamp="2025-10-01T18:54:56.614Z" hostname="uby" tests="21" failures="0" errors="0" skipped="0" time="0.009760078">
        <testcase classname="src/mcp/oauth-utils.test.ts" name="OAuthUtils &gt; buildWellKnownUrls &gt; should build standard root-based URLs by default" time="0.001738144">
        </testcase>
        <testcase classname="src/mcp/oauth-utils.test.ts" name="OAuthUtils &gt; buildWellKnownUrls &gt; should build path-based URLs when includePathSuffix is true" time="0.00029188">
        </testcase>
        <testcase classname="src/mcp/oauth-utils.test.ts" name="OAuthUtils &gt; buildWellKnownUrls &gt; should handle root path correctly" time="0.000190943">
        </testcase>
        <testcase classname="src/mcp/oauth-utils.test.ts" name="OAuthUtils &gt; buildWellKnownUrls &gt; should handle trailing slash in path" time="0.000134178">
        </testcase>
        <testcase classname="src/mcp/oauth-utils.test.ts" name="OAuthUtils &gt; fetchProtectedResourceMetadata &gt; should fetch protected resource metadata successfully" time="0.001072934">
        </testcase>
        <testcase classname="src/mcp/oauth-utils.test.ts" name="OAuthUtils &gt; fetchProtectedResourceMetadata &gt; should return null when fetch fails" time="0.00024906">
        </testcase>
        <testcase classname="src/mcp/oauth-utils.test.ts" name="OAuthUtils &gt; fetchAuthorizationServerMetadata &gt; should fetch authorization server metadata successfully" time="0.000262355">
        </testcase>
        <testcase classname="src/mcp/oauth-utils.test.ts" name="OAuthUtils &gt; fetchAuthorizationServerMetadata &gt; should return null when fetch fails" time="0.000138586">
        </testcase>
        <testcase classname="src/mcp/oauth-utils.test.ts" name="OAuthUtils &gt; discoverAuthorizationServerMetadata &gt; should handle URLs without path components correctly" time="0.00052965">
        </testcase>
        <testcase classname="src/mcp/oauth-utils.test.ts" name="OAuthUtils &gt; discoverAuthorizationServerMetadata &gt; should handle URLs with path components correctly" time="0.000423934">
        </testcase>
        <testcase classname="src/mcp/oauth-utils.test.ts" name="OAuthUtils &gt; metadataToOAuthConfig &gt; should convert metadata to OAuth config" time="0.000383099">
        </testcase>
        <testcase classname="src/mcp/oauth-utils.test.ts" name="OAuthUtils &gt; metadataToOAuthConfig &gt; should handle empty scopes" time="0.001305374">
        </testcase>
        <testcase classname="src/mcp/oauth-utils.test.ts" name="OAuthUtils &gt; parseWWWAuthenticateHeader &gt; should parse resource metadata URI from WWW-Authenticate header" time="0.000260241">
        </testcase>
        <testcase classname="src/mcp/oauth-utils.test.ts" name="OAuthUtils &gt; parseWWWAuthenticateHeader &gt; should return null when no resource metadata URI is found" time="0.00016248">
        </testcase>
        <testcase classname="src/mcp/oauth-utils.test.ts" name="OAuthUtils &gt; extractBaseUrl &gt; should extract base URL from MCP server URL" time="0.000214627">
        </testcase>
        <testcase classname="src/mcp/oauth-utils.test.ts" name="OAuthUtils &gt; extractBaseUrl &gt; should handle URLs with ports" time="0.000230436">
        </testcase>
        <testcase classname="src/mcp/oauth-utils.test.ts" name="OAuthUtils &gt; isSSEEndpoint &gt; should return true for SSE endpoints" time="0.00023824">
        </testcase>
        <testcase classname="src/mcp/oauth-utils.test.ts" name="OAuthUtils &gt; isSSEEndpoint &gt; should return true for non-MCP endpoints" time="0.000106126">
        </testcase>
        <testcase classname="src/mcp/oauth-utils.test.ts" name="OAuthUtils &gt; isSSEEndpoint &gt; should return false for MCP endpoints" time="0.000092131">
        </testcase>
        <testcase classname="src/mcp/oauth-utils.test.ts" name="OAuthUtils &gt; buildResourceParameter &gt; should build resource parameter from endpoint URL" time="0.000136393">
        </testcase>
        <testcase classname="src/mcp/oauth-utils.test.ts" name="OAuthUtils &gt; buildResourceParameter &gt; should handle URLs with ports" time="0.000098161">
        </testcase>
    </testsuite>
    <testsuite name="src/qwen/qwenContentGenerator.test.ts" timestamp="2025-10-01T18:54:56.614Z" hostname="uby" tests="44" failures="0" errors="0" skipped="0" time="0.211594184">
        <testcase classname="src/qwen/qwenContentGenerator.test.ts" name="QwenContentGenerator &gt; Core Content Generation Methods &gt; should generate content with valid token" time="0.003121132">
        </testcase>
        <testcase classname="src/qwen/qwenContentGenerator.test.ts" name="QwenContentGenerator &gt; Core Content Generation Methods &gt; should generate content stream with valid token" time="0.001135069">
        </testcase>
        <testcase classname="src/qwen/qwenContentGenerator.test.ts" name="QwenContentGenerator &gt; Core Content Generation Methods &gt; should count tokens without requiring authentication" time="0.000485378">
        </testcase>
        <testcase classname="src/qwen/qwenContentGenerator.test.ts" name="QwenContentGenerator &gt; Core Content Generation Methods &gt; should embed content with valid token" time="0.001192085">
        </testcase>
        <testcase classname="src/qwen/qwenContentGenerator.test.ts" name="QwenContentGenerator &gt; Token Management and Refresh Logic &gt; should refresh token on auth error and retry" time="0.000629835">
        </testcase>
        <testcase classname="src/qwen/qwenContentGenerator.test.ts" name="QwenContentGenerator &gt; Token Management and Refresh Logic &gt; should refresh token on auth error and retry for content stream" time="0.000565015">
        </testcase>
        <testcase classname="src/qwen/qwenContentGenerator.test.ts" name="QwenContentGenerator &gt; Token Management and Refresh Logic &gt; should handle token refresh failure" time="0.011256736">
            <system-err>
Failed to get token from shared manager: Error: Failed to obtain valid Qwen access token. Please re-authenticate.
    at [90m/home/atmandk/LowCal-dev/packages/core/[39msrc/qwen/qwenContentGenerator.test.ts:532:9
    at file:///home/atmandk/LowCal-dev/node_modules/[4m@vitest/runner[24m/dist/chunk-hooks.js:155:11
    at file:///home/atmandk/LowCal-dev/node_modules/[4m@vitest/runner[24m/dist/chunk-hooks.js:752:26
    at file:///home/atmandk/LowCal-dev/node_modules/[4m@vitest/runner[24m/dist/chunk-hooks.js:1897:20
    at new Promise (&lt;anonymous&gt;)
    at runWithTimeout (file:///home/atmandk/LowCal-dev/node_modules/[4m@vitest/runner[24m/dist/chunk-hooks.js:1863:10)
    at runTest (file:///home/atmandk/LowCal-dev/node_modules/[4m@vitest/runner[24m/dist/chunk-hooks.js:1574:12)
[90m    at processTicksAndRejections (node:internal/process/task_queues:105:5)[39m
    at runSuite (file:///home/atmandk/LowCal-dev/node_modules/[4m@vitest/runner[24m/dist/chunk-hooks.js:1729:8)
    at runSuite (file:///home/atmandk/LowCal-dev/node_modules/[4m@vitest/runner[24m/dist/chunk-hooks.js:1729:8)

            </system-err>
        </testcase>
        <testcase classname="src/qwen/qwenContentGenerator.test.ts" name="QwenContentGenerator &gt; Token Management and Refresh Logic &gt; should update endpoint when token is refreshed" time="0.001113549">
        </testcase>
        <testcase classname="src/qwen/qwenContentGenerator.test.ts" name="QwenContentGenerator &gt; Endpoint URL Normalization &gt; should use default endpoint when no custom endpoint provided" time="0.001060802">
        </testcase>
        <testcase classname="src/qwen/qwenContentGenerator.test.ts" name="QwenContentGenerator &gt; Endpoint URL Normalization &gt; should normalize hostname-only endpoints by adding https protocol" time="0.000568341">
        </testcase>
        <testcase classname="src/qwen/qwenContentGenerator.test.ts" name="QwenContentGenerator &gt; Endpoint URL Normalization &gt; should preserve existing protocol in endpoint URLs" time="0.000626819">
        </testcase>
        <testcase classname="src/qwen/qwenContentGenerator.test.ts" name="QwenContentGenerator &gt; Endpoint URL Normalization &gt; should not duplicate /v1 suffix if already present" time="0.000472344">
        </testcase>
        <testcase classname="src/qwen/qwenContentGenerator.test.ts" name="QwenContentGenerator &gt; Client State Management &gt; should set dynamic credentials during operations" time="0.000523639">
        </testcase>
        <testcase classname="src/qwen/qwenContentGenerator.test.ts" name="QwenContentGenerator &gt; Client State Management &gt; should set credentials even when operation throws" time="0.000600581">
        </testcase>
        <testcase classname="src/qwen/qwenContentGenerator.test.ts" name="QwenContentGenerator &gt; Error Handling and Retry Logic &gt; should retry once on authentication errors" time="0.000749967">
        </testcase>
        <testcase classname="src/qwen/qwenContentGenerator.test.ts" name="QwenContentGenerator &gt; Error Handling and Retry Logic &gt; should not retry non-authentication errors" time="0.000892451">
        </testcase>
        <testcase classname="src/qwen/qwenContentGenerator.test.ts" name="QwenContentGenerator &gt; Error Handling and Retry Logic &gt; should handle error response from token refresh" time="0.001682321">
            <system-err>
Failed to get token from shared manager: Error: Failed to obtain valid Qwen access token. Please re-authenticate.
    at SharedTokenManager.getValidCredentials [90m(/home/atmandk/LowCal-dev/packages/core/[39msrc/qwen/qwenContentGenerator.test.ts:175:19[90m)[39m
[90m    at processTicksAndRejections (node:internal/process/task_queues:105:5)[39m
    at QwenContentGenerator.getValidToken [90m(/home/atmandk/LowCal-dev/packages/core/[39msrc/qwen/qwenContentGenerator.ts:91:27[90m)[39m
    at attemptOperation [90m(/home/atmandk/LowCal-dev/packages/core/[39msrc/qwen/qwenContentGenerator.ts:130:35[90m)[39m
    at QwenContentGenerator.executeWithCredentialManagement [90m(/home/atmandk/LowCal-dev/packages/core/[39msrc/qwen/qwenContentGenerator.ts:141:14[90m)[39m
    at [90m/home/atmandk/LowCal-dev/packages/core/[39msrc/qwen/qwenContentGenerator.test.ts:908:7
    at file:///home/atmandk/LowCal-dev/node_modules/[4m@vitest/runner[24m/dist/chunk-hooks.js:752:20

            </system-err>
        </testcase>
        <testcase classname="src/qwen/qwenContentGenerator.test.ts" name="QwenContentGenerator &gt; Token State Management &gt; should cache and return current token" time="0.000555437">
        </testcase>
        <testcase classname="src/qwen/qwenContentGenerator.test.ts" name="QwenContentGenerator &gt; Token State Management &gt; should clear token on clearToken()" time="0.000408375">
        </testcase>
        <testcase classname="src/qwen/qwenContentGenerator.test.ts" name="QwenContentGenerator &gt; Token State Management &gt; should handle concurrent token refresh requests" time="0.152600194">
        </testcase>
        <testcase classname="src/qwen/qwenContentGenerator.test.ts" name="QwenContentGenerator &gt; Error Logging Suppression &gt; should suppress logging for authentication errors" time="0.001349706">
        </testcase>
        <testcase classname="src/qwen/qwenContentGenerator.test.ts" name="QwenContentGenerator &gt; Error Logging Suppression &gt; should not suppress logging for non-auth errors" time="0.001001932">
        </testcase>
        <testcase classname="src/qwen/qwenContentGenerator.test.ts" name="QwenContentGenerator &gt; Integration Tests &gt; should handle complete workflow: get token, use it, refresh on auth error, retry" time="0.001131222">
        </testcase>
        <testcase classname="src/qwen/qwenContentGenerator.test.ts" name="QwenContentGenerator &gt; SharedTokenManager Integration &gt; should use SharedTokenManager to get valid credentials" time="0.002162679">
        </testcase>
        <testcase classname="src/qwen/qwenContentGenerator.test.ts" name="QwenContentGenerator &gt; SharedTokenManager Integration &gt; should handle SharedTokenManager errors gracefully" time="0.002883963">
            <system-err>
Failed to get token from shared manager: Error: Token manager error
    at [90m/home/atmandk/LowCal-dev/packages/core/[39msrc/qwen/qwenContentGenerator.test.ts:1154:30
    at file:///home/atmandk/LowCal-dev/node_modules/[4m@vitest/runner[24m/dist/chunk-hooks.js:155:11
    at file:///home/atmandk/LowCal-dev/node_modules/[4m@vitest/runner[24m/dist/chunk-hooks.js:752:26
    at file:///home/atmandk/LowCal-dev/node_modules/[4m@vitest/runner[24m/dist/chunk-hooks.js:1897:20
    at new Promise (&lt;anonymous&gt;)
    at runWithTimeout (file:///home/atmandk/LowCal-dev/node_modules/[4m@vitest/runner[24m/dist/chunk-hooks.js:1863:10)
    at runTest (file:///home/atmandk/LowCal-dev/node_modules/[4m@vitest/runner[24m/dist/chunk-hooks.js:1574:12)
    at runSuite (file:///home/atmandk/LowCal-dev/node_modules/[4m@vitest/runner[24m/dist/chunk-hooks.js:1729:8)
    at runSuite (file:///home/atmandk/LowCal-dev/node_modules/[4m@vitest/runner[24m/dist/chunk-hooks.js:1729:8)
    at runSuite (file:///home/atmandk/LowCal-dev/node_modules/[4m@vitest/runner[24m/dist/chunk-hooks.js:1729:8)

            </system-err>
        </testcase>
        <testcase classname="src/qwen/qwenContentGenerator.test.ts" name="QwenContentGenerator &gt; SharedTokenManager Integration &gt; should handle missing access token from credentials" time="0.001336241">
            <system-err>
Failed to get token from shared manager: Error: No access token available
    at QwenContentGenerator.getValidToken [90m(/home/atmandk/LowCal-dev/packages/core/[39msrc/qwen/qwenContentGenerator.ts:96:15[90m)[39m
    at attemptOperation [90m(/home/atmandk/LowCal-dev/packages/core/[39msrc/qwen/qwenContentGenerator.ts:130:35[90m)[39m
    at QwenContentGenerator.executeWithCredentialManagement [90m(/home/atmandk/LowCal-dev/packages/core/[39msrc/qwen/qwenContentGenerator.ts:141:14[90m)[39m

            </system-err>
        </testcase>
        <testcase classname="src/qwen/qwenContentGenerator.test.ts" name="QwenContentGenerator &gt; getCurrentEndpoint Method &gt; should handle URLs with custom ports" time="0.000796623">
        </testcase>
        <testcase classname="src/qwen/qwenContentGenerator.test.ts" name="QwenContentGenerator &gt; getCurrentEndpoint Method &gt; should handle URLs with existing paths" time="0.000601242">
        </testcase>
        <testcase classname="src/qwen/qwenContentGenerator.test.ts" name="QwenContentGenerator &gt; getCurrentEndpoint Method &gt; should handle undefined resource URL" time="0.000377398">
        </testcase>
        <testcase classname="src/qwen/qwenContentGenerator.test.ts" name="QwenContentGenerator &gt; getCurrentEndpoint Method &gt; should handle empty resource URL" time="0.000333747">
        </testcase>
        <testcase classname="src/qwen/qwenContentGenerator.test.ts" name="QwenContentGenerator &gt; isAuthError Method Enhanced &gt; should identify auth errors by numeric status codes" time="0.00061083">
        </testcase>
        <testcase classname="src/qwen/qwenContentGenerator.test.ts" name="QwenContentGenerator &gt; isAuthError Method Enhanced &gt; should identify auth errors by message content variations" time="0.000553834">
        </testcase>
        <testcase classname="src/qwen/qwenContentGenerator.test.ts" name="QwenContentGenerator &gt; isAuthError Method Enhanced &gt; should not identify non-auth errors" time="0.0005406">
        </testcase>
        <testcase classname="src/qwen/qwenContentGenerator.test.ts" name="QwenContentGenerator &gt; isAuthError Method Enhanced &gt; should handle complex error objects" time="0.000601593">
        </testcase>
        <testcase classname="src/qwen/qwenContentGenerator.test.ts" name="QwenContentGenerator &gt; Stream Error Handling &gt; should set credentials when stream generation fails" time="0.000907699">
        </testcase>
        <testcase classname="src/qwen/qwenContentGenerator.test.ts" name="QwenContentGenerator &gt; Stream Error Handling &gt; should set credentials for successful streams" time="0.000937343">
        </testcase>
        <testcase classname="src/qwen/qwenContentGenerator.test.ts" name="QwenContentGenerator &gt; Token and Endpoint Management &gt; should get current token from SharedTokenManager" time="0.00071367">
        </testcase>
        <testcase classname="src/qwen/qwenContentGenerator.test.ts" name="QwenContentGenerator &gt; Token and Endpoint Management &gt; should return null when no credentials available" time="0.000704683">
        </testcase>
        <testcase classname="src/qwen/qwenContentGenerator.test.ts" name="QwenContentGenerator &gt; Token and Endpoint Management &gt; should return null when credentials have no access token" time="0.001018794">
        </testcase>
        <testcase classname="src/qwen/qwenContentGenerator.test.ts" name="QwenContentGenerator &gt; Token and Endpoint Management &gt; should clear token through SharedTokenManager" time="0.00083827">
        </testcase>
        <testcase classname="src/qwen/qwenContentGenerator.test.ts" name="QwenContentGenerator &gt; Constructor and Initialization &gt; should initialize with configured base URL when provided" time="0.001747802">
        </testcase>
        <testcase classname="src/qwen/qwenContentGenerator.test.ts" name="QwenContentGenerator &gt; Constructor and Initialization &gt; should get SharedTokenManager instance" time="0.000677994">
        </testcase>
        <testcase classname="src/qwen/qwenContentGenerator.test.ts" name="QwenContentGenerator &gt; Edge Cases and Error Conditions &gt; should handle token retrieval with warning when SharedTokenManager fails" time="0.001661232">
        </testcase>
        <testcase classname="src/qwen/qwenContentGenerator.test.ts" name="QwenContentGenerator &gt; Edge Cases and Error Conditions &gt; should handle method types with token failure (except countTokens)" time="0.005588744">
            <system-err>
Failed to get token from shared manager: Error: Token error
    at [90m/home/atmandk/LowCal-dev/packages/core/[39msrc/qwen/qwenContentGenerator.test.ts:1658:30
    at file:///home/atmandk/LowCal-dev/node_modules/[4m@vitest/runner[24m/dist/chunk-hooks.js:155:11
    at file:///home/atmandk/LowCal-dev/node_modules/[4m@vitest/runner[24m/dist/chunk-hooks.js:752:26
    at file:///home/atmandk/LowCal-dev/node_modules/[4m@vitest/runner[24m/dist/chunk-hooks.js:1897:20
    at new Promise (&lt;anonymous&gt;)
    at runWithTimeout (file:///home/atmandk/LowCal-dev/node_modules/[4m@vitest/runner[24m/dist/chunk-hooks.js:1863:10)
    at runTest (file:///home/atmandk/LowCal-dev/node_modules/[4m@vitest/runner[24m/dist/chunk-hooks.js:1574:12)
    at runSuite (file:///home/atmandk/LowCal-dev/node_modules/[4m@vitest/runner[24m/dist/chunk-hooks.js:1729:8)
    at runSuite (file:///home/atmandk/LowCal-dev/node_modules/[4m@vitest/runner[24m/dist/chunk-hooks.js:1729:8)
    at runSuite (file:///home/atmandk/LowCal-dev/node_modules/[4m@vitest/runner[24m/dist/chunk-hooks.js:1729:8)

Failed to get token from shared manager: Error: Token error
    at [90m/home/atmandk/LowCal-dev/packages/core/[39msrc/qwen/qwenContentGenerator.test.ts:1658:30
    at file:///home/atmandk/LowCal-dev/node_modules/[4m@vitest/runner[24m/dist/chunk-hooks.js:155:11
    at file:///home/atmandk/LowCal-dev/node_modules/[4m@vitest/runner[24m/dist/chunk-hooks.js:752:26
    at file:///home/atmandk/LowCal-dev/node_modules/[4m@vitest/runner[24m/dist/chunk-hooks.js:1897:20
    at new Promise (&lt;anonymous&gt;)
    at runWithTimeout (file:///home/atmandk/LowCal-dev/node_modules/[4m@vitest/runner[24m/dist/chunk-hooks.js:1863:10)
    at runTest (file:///home/atmandk/LowCal-dev/node_modules/[4m@vitest/runner[24m/dist/chunk-hooks.js:1574:12)
    at runSuite (file:///home/atmandk/LowCal-dev/node_modules/[4m@vitest/runner[24m/dist/chunk-hooks.js:1729:8)
    at runSuite (file:///home/atmandk/LowCal-dev/node_modules/[4m@vitest/runner[24m/dist/chunk-hooks.js:1729:8)
    at runSuite (file:///home/atmandk/LowCal-dev/node_modules/[4m@vitest/runner[24m/dist/chunk-hooks.js:1729:8)

Failed to get token from shared manager: Error: Token error
    at [90m/home/atmandk/LowCal-dev/packages/core/[39msrc/qwen/qwenContentGenerator.test.ts:1658:30
    at file:///home/atmandk/LowCal-dev/node_modules/[4m@vitest/runner[24m/dist/chunk-hooks.js:155:11
    at file:///home/atmandk/LowCal-dev/node_modules/[4m@vitest/runner[24m/dist/chunk-hooks.js:752:26
    at file:///home/atmandk/LowCal-dev/node_modules/[4m@vitest/runner[24m/dist/chunk-hooks.js:1897:20
    at new Promise (&lt;anonymous&gt;)
    at runWithTimeout (file:///home/atmandk/LowCal-dev/node_modules/[4m@vitest/runner[24m/dist/chunk-hooks.js:1863:10)
    at runTest (file:///home/atmandk/LowCal-dev/node_modules/[4m@vitest/runner[24m/dist/chunk-hooks.js:1574:12)
    at runSuite (file:///home/atmandk/LowCal-dev/node_modules/[4m@vitest/runner[24m/dist/chunk-hooks.js:1729:8)
    at runSuite (file:///home/atmandk/LowCal-dev/node_modules/[4m@vitest/runner[24m/dist/chunk-hooks.js:1729:8)
    at runSuite (file:///home/atmandk/LowCal-dev/node_modules/[4m@vitest/runner[24m/dist/chunk-hooks.js:1729:8)

            </system-err>
        </testcase>
    </testsuite>
    <testsuite name="src/qwen/qwenOAuth2.test.ts" timestamp="2025-10-01T18:54:56.616Z" hostname="uby" tests="82" failures="0" errors="0" skipped="0" time="2.087582154">
        <testcase classname="src/qwen/qwenOAuth2.test.ts" name="PKCE Code Generation &gt; generateCodeVerifier &gt; should generate a code verifier with correct length" time="0.00123804">
        </testcase>
        <testcase classname="src/qwen/qwenOAuth2.test.ts" name="PKCE Code Generation &gt; generateCodeVerifier &gt; should generate different verifiers on subsequent calls" time="0.000674998">
        </testcase>
        <testcase classname="src/qwen/qwenOAuth2.test.ts" name="PKCE Code Generation &gt; generateCodeChallenge &gt; should generate code challenge from verifier" time="0.000445214">
        </testcase>
        <testcase classname="src/qwen/qwenOAuth2.test.ts" name="PKCE Code Generation &gt; generatePKCEPair &gt; should generate valid PKCE pair" time="0.000192907">
        </testcase>
        <testcase classname="src/qwen/qwenOAuth2.test.ts" name="Type Guards &gt; isDeviceAuthorizationSuccess &gt; should return true for successful authorization response" time="0.000099915">
        </testcase>
        <testcase classname="src/qwen/qwenOAuth2.test.ts" name="Type Guards &gt; isDeviceAuthorizationSuccess &gt; should return false for error response" time="0.000045264">
        </testcase>
        <testcase classname="src/qwen/qwenOAuth2.test.ts" name="Type Guards &gt; isDeviceTokenPending &gt; should return true for pending response" time="0.000047327">
        </testcase>
        <testcase classname="src/qwen/qwenOAuth2.test.ts" name="Type Guards &gt; isDeviceTokenPending &gt; should return false for success response" time="0.000052647">
        </testcase>
        <testcase classname="src/qwen/qwenOAuth2.test.ts" name="Type Guards &gt; isDeviceTokenPending &gt; should return false for error response" time="0.000041397">
        </testcase>
        <testcase classname="src/qwen/qwenOAuth2.test.ts" name="Type Guards &gt; isDeviceTokenSuccess &gt; should return true for successful token response" time="0.00005399">
        </testcase>
        <testcase classname="src/qwen/qwenOAuth2.test.ts" name="Type Guards &gt; isDeviceTokenSuccess &gt; should return false for pending response" time="0.000032049">
        </testcase>
        <testcase classname="src/qwen/qwenOAuth2.test.ts" name="Type Guards &gt; isDeviceTokenSuccess &gt; should return false for error response" time="0.000029144">
        </testcase>
        <testcase classname="src/qwen/qwenOAuth2.test.ts" name="Type Guards &gt; isDeviceTokenSuccess &gt; should return false for null access token" time="0.000049221">
        </testcase>
        <testcase classname="src/qwen/qwenOAuth2.test.ts" name="Type Guards &gt; isDeviceTokenSuccess &gt; should return false for empty access token" time="0.000036017">
        </testcase>
        <testcase classname="src/qwen/qwenOAuth2.test.ts" name="Type Guards &gt; isErrorResponse &gt; should return true for error responses" time="0.000062886">
        </testcase>
        <testcase classname="src/qwen/qwenOAuth2.test.ts" name="Type Guards &gt; isErrorResponse &gt; should return false for successful responses" time="0.000054301">
        </testcase>
        <testcase classname="src/qwen/qwenOAuth2.test.ts" name="QwenOAuth2Client &gt; requestDeviceAuthorization &gt; should successfully request device authorization" time="0.001633281">
            <system-out>
Device authorization result: {
  device_code: [32m&apos;test-device-code&apos;[39m,
  user_code: [32m&apos;TEST123&apos;[39m,
  verification_uri: [32m&apos;https://chat.qwen.ai/device&apos;[39m,
  verification_uri_complete: [32m&apos;https://chat.qwen.ai/device?code=TEST123&apos;[39m,
  expires_in: [33m1800[39m
}

            </system-out>
        </testcase>
        <testcase classname="src/qwen/qwenOAuth2.test.ts" name="QwenOAuth2Client &gt; requestDeviceAuthorization &gt; should handle error response" time="0.001153943">
            <system-out>
Device authorization result: {
  error: [32m&apos;INVALID_REQUEST&apos;[39m,
  error_description: [32m&apos;The request parameters are invalid&apos;[39m
}

            </system-out>
        </testcase>
        <testcase classname="src/qwen/qwenOAuth2.test.ts" name="QwenOAuth2Client &gt; refreshAccessToken &gt; should successfully refresh access token" time="0.000467976">
        </testcase>
        <testcase classname="src/qwen/qwenOAuth2.test.ts" name="QwenOAuth2Client &gt; refreshAccessToken &gt; should handle refresh error" time="0.000358824">
        </testcase>
        <testcase classname="src/qwen/qwenOAuth2.test.ts" name="QwenOAuth2Client &gt; refreshAccessToken &gt; should successfully refresh access token and update credentials" time="0.001065891">
        </testcase>
        <testcase classname="src/qwen/qwenOAuth2.test.ts" name="QwenOAuth2Client &gt; refreshAccessToken &gt; should use new refresh token if provided in response" time="0.000258287">
        </testcase>
        <testcase classname="src/qwen/qwenOAuth2.test.ts" name="QwenOAuth2Client &gt; getAccessToken &gt; should return access token if valid and not expired" time="0.0002161">
        </testcase>
        <testcase classname="src/qwen/qwenOAuth2.test.ts" name="QwenOAuth2Client &gt; getAccessToken &gt; should refresh token if access token is expired" time="0.000184852">
        </testcase>
        <testcase classname="src/qwen/qwenOAuth2.test.ts" name="QwenOAuth2Client &gt; getAccessToken &gt; should return undefined if no access token and no refresh token" time="0.005092557">
            <system-err>
Failed to get access token from shared manager: Error: No credentials available
    at [90m/home/atmandk/LowCal-dev/packages/core/[39msrc/qwen/qwenOAuth2.test.ts:530:30
    at file:///home/atmandk/LowCal-dev/node_modules/[4m@vitest/runner[24m/dist/chunk-hooks.js:155:11
    at file:///home/atmandk/LowCal-dev/node_modules/[4m@vitest/runner[24m/dist/chunk-hooks.js:752:26
    at file:///home/atmandk/LowCal-dev/node_modules/[4m@vitest/runner[24m/dist/chunk-hooks.js:1897:20
    at new Promise (&lt;anonymous&gt;)
    at runWithTimeout (file:///home/atmandk/LowCal-dev/node_modules/[4m@vitest/runner[24m/dist/chunk-hooks.js:1863:10)
    at runTest (file:///home/atmandk/LowCal-dev/node_modules/[4m@vitest/runner[24m/dist/chunk-hooks.js:1574:12)
[90m    at processTicksAndRejections (node:internal/process/task_queues:105:5)[39m
    at runSuite (file:///home/atmandk/LowCal-dev/node_modules/[4m@vitest/runner[24m/dist/chunk-hooks.js:1729:8)
    at runSuite (file:///home/atmandk/LowCal-dev/node_modules/[4m@vitest/runner[24m/dist/chunk-hooks.js:1729:8)

            </system-err>
        </testcase>
        <testcase classname="src/qwen/qwenOAuth2.test.ts" name="QwenOAuth2Client &gt; pollDeviceToken &gt; should successfully poll for device token" time="0.000343565">
        </testcase>
        <testcase classname="src/qwen/qwenOAuth2.test.ts" name="QwenOAuth2Client &gt; pollDeviceToken &gt; should return pending status when authorization is pending" time="0.000148274">
        </testcase>
        <testcase classname="src/qwen/qwenOAuth2.test.ts" name="QwenOAuth2Client &gt; pollDeviceToken &gt; should handle HTTP error responses" time="0.000266122">
        </testcase>
        <testcase classname="src/qwen/qwenOAuth2.test.ts" name="QwenOAuth2Client &gt; pollDeviceToken &gt; should include status code in error for better handling" time="0.000168551">
        </testcase>
        <testcase classname="src/qwen/qwenOAuth2.test.ts" name="QwenOAuth2Client &gt; pollDeviceToken &gt; should handle authorization_pending with HTTP 400 according to RFC 8628" time="0.000125732">
        </testcase>
        <testcase classname="src/qwen/qwenOAuth2.test.ts" name="QwenOAuth2Client &gt; pollDeviceToken &gt; should handle slow_down with HTTP 429 according to RFC 8628" time="0.00010279">
        </testcase>
        <testcase classname="src/qwen/qwenOAuth2.test.ts" name="QwenOAuth2Client &gt; refreshAccessToken error handling &gt; should throw error if no refresh token available" time="0.00018357">
        </testcase>
        <testcase classname="src/qwen/qwenOAuth2.test.ts" name="QwenOAuth2Client &gt; refreshAccessToken error handling &gt; should handle 400 status as expired refresh token" time="0.000426929">
            <system-out>
Cached Qwen credentials cleared successfully.

            </system-out>
        </testcase>
        <testcase classname="src/qwen/qwenOAuth2.test.ts" name="QwenOAuth2Client &gt; refreshAccessToken error handling &gt; should handle other HTTP error statuses" time="0.000196594">
        </testcase>
        <testcase classname="src/qwen/qwenOAuth2.test.ts" name="QwenOAuth2Client &gt; credentials management &gt; should set and get credentials correctly" time="0.000106227">
        </testcase>
        <testcase classname="src/qwen/qwenOAuth2.test.ts" name="QwenOAuth2Client &gt; credentials management &gt; should handle empty credentials" time="0.000078805">
        </testcase>
        <testcase classname="src/qwen/qwenOAuth2.test.ts" name="getQwenOAuthClient &gt; should load cached credentials if available" time="0.000733035">
        </testcase>
        <testcase classname="src/qwen/qwenOAuth2.test.ts" name="getQwenOAuthClient &gt; should handle cached credentials refresh failure" time="0.001452475">
            <system-out>
Shared token manager failed, attempting device flow: Error: Token refresh failed
    at [90m/home/atmandk/LowCal-dev/packages/core/[39msrc/qwen/qwenOAuth2.test.ts:807:28
[90m    at processTicksAndRejections (node:internal/process/task_queues:105:5)[39m
    at file:///home/atmandk/LowCal-dev/node_modules/[4m@vitest/runner[24m/dist/chunk-hooks.js:752:20

Device authorization result: {
  error: [32m&apos;invalid_request&apos;[39m,
  error_description: [32m&apos;Invalid request parameters&apos;[39m
}

            </system-out>
            <system-err>
Failed to get access token from shared manager: Error: Token refresh failed
    at [90m/home/atmandk/LowCal-dev/packages/core/[39msrc/qwen/qwenOAuth2.test.ts:807:28
[90m    at processTicksAndRejections (node:internal/process/task_queues:105:5)[39m
    at file:///home/atmandk/LowCal-dev/node_modules/[4m@vitest/runner[24m/dist/chunk-hooks.js:752:20

Device authorization flow failed: Device authorization failed: invalid_request - Invalid request parameters

            </system-err>
        </testcase>
        <testcase classname="src/qwen/qwenOAuth2.test.ts" name="CredentialsClearRequiredError &gt; should create error with correct name and message" time="0.000344197">
        </testcase>
        <testcase classname="src/qwen/qwenOAuth2.test.ts" name="CredentialsClearRequiredError &gt; should work without originalError" time="0.000120052">
        </testcase>
        <testcase classname="src/qwen/qwenOAuth2.test.ts" name="clearQwenCredentials &gt; should successfully clear credentials file" time="0.000437609">
            <system-out>
Cached Qwen credentials cleared successfully.

            </system-out>
        </testcase>
        <testcase classname="src/qwen/qwenOAuth2.test.ts" name="clearQwenCredentials &gt; should handle file not found error gracefully" time="0.000184381">
        </testcase>
        <testcase classname="src/qwen/qwenOAuth2.test.ts" name="clearQwenCredentials &gt; should handle other file system errors gracefully" time="0.000338957">
            <system-err>
Warning: Failed to clear cached Qwen credentials: Error: Permission denied
    at [90m/home/atmandk/LowCal-dev/packages/core/[39msrc/qwen/qwenOAuth2.test.ts:886:29
[90m    at processTicksAndRejections (node:internal/process/task_queues:105:5)[39m
    at file:///home/atmandk/LowCal-dev/node_modules/[4m@vitest/runner[24m/dist/chunk-hooks.js:752:20

            </system-err>
        </testcase>
        <testcase classname="src/qwen/qwenOAuth2.test.ts" name="QwenOAuth2Client - Additional Error Scenarios &gt; requestDeviceAuthorization HTTP errors &gt; should handle HTTP error response with non-ok status" time="0.000294234">
        </testcase>
        <testcase classname="src/qwen/qwenOAuth2.test.ts" name="getQwenOAuthClient - Enhanced Error Scenarios &gt; should handle generic refresh token errors" time="0.000820107">
            <system-out>
Shared token manager failed, attempting device flow: Error: Refresh failed
    at [90m/home/atmandk/LowCal-dev/packages/core/[39msrc/qwen/qwenOAuth2.test.ts:966:28
[90m    at processTicksAndRejections (node:internal/process/task_queues:105:5)[39m
    at file:///home/atmandk/LowCal-dev/node_modules/[4m@vitest/runner[24m/dist/chunk-hooks.js:752:20

Device authorization result: {
  error: [32m&apos;invalid_request&apos;[39m,
  error_description: [32m&apos;Invalid request parameters&apos;[39m
}

            </system-out>
            <system-err>
Failed to get access token from shared manager: Error: Refresh failed
    at [90m/home/atmandk/LowCal-dev/packages/core/[39msrc/qwen/qwenOAuth2.test.ts:966:28
[90m    at processTicksAndRejections (node:internal/process/task_queues:105:5)[39m
    at file:///home/atmandk/LowCal-dev/node_modules/[4m@vitest/runner[24m/dist/chunk-hooks.js:752:20

Device authorization flow failed: Device authorization failed: invalid_request - Invalid request parameters

            </system-err>
        </testcase>
        <testcase classname="src/qwen/qwenOAuth2.test.ts" name="getQwenOAuthClient - Enhanced Error Scenarios &gt; should handle different authentication failure reasons - timeout" time="2.011715053">
            <system-out>
Shared token manager failed, attempting device flow: Error: No credentials
    at [90m/home/atmandk/LowCal-dev/packages/core/[39msrc/qwen/qwenOAuth2.test.ts:1001:28
[90m    at processTicksAndRejections (node:internal/process/task_queues:105:5)[39m
    at file:///home/atmandk/LowCal-dev/node_modules/[4m@vitest/runner[24m/dist/chunk-hooks.js:752:20

Device authorization result: {
  device_code: [32m&apos;test-device-code&apos;[39m,
  user_code: [32m&apos;TEST123&apos;[39m,
  verification_uri: [32m&apos;https://chat.qwen.ai/device&apos;[39m,
  verification_uri_complete: [32m&apos;https://chat.qwen.ai/device?code=TEST123&apos;[39m,
  expires_in: [33m0.1[39m
}

Waiting for authorization...

polling for token...

            </system-out>
            <system-err>

Authorization timeout, please restart the process.

            </system-err>
        </testcase>
        <testcase classname="src/qwen/qwenOAuth2.test.ts" name="getQwenOAuthClient - Enhanced Error Scenarios &gt; should handle authentication failure reason - rate limit" time="0.001916945">
            <system-out>
Shared token manager failed, attempting device flow: Error: No credentials
    at [90m/home/atmandk/LowCal-dev/packages/core/[39msrc/qwen/qwenOAuth2.test.ts:1050:28
    at file:///home/atmandk/LowCal-dev/node_modules/[4m@vitest/runner[24m/dist/chunk-hooks.js:752:20

Device authorization result: {
  device_code: [32m&apos;test-device-code&apos;[39m,
  user_code: [32m&apos;TEST123&apos;[39m,
  verification_uri: [32m&apos;https://chat.qwen.ai/device&apos;[39m,
  verification_uri_complete: [32m&apos;https://chat.qwen.ai/device?code=TEST123&apos;[39m,
  expires_in: [33m1800[39m
}

Waiting for authorization...

polling for token...


Too many requests. The server is rate limiting our requests. Please select a different authentication method or try again later.

            </system-out>
        </testcase>
        <testcase classname="src/qwen/qwenOAuth2.test.ts" name="getQwenOAuthClient - Enhanced Error Scenarios &gt; should handle authentication failure reason - error" time="0.00150317">
            <system-out>
Shared token manager failed, attempting device flow: Error: No credentials
    at [90m/home/atmandk/LowCal-dev/packages/core/[39msrc/qwen/qwenOAuth2.test.ts:1101:28
    at file:///home/atmandk/LowCal-dev/node_modules/[4m@vitest/runner[24m/dist/chunk-hooks.js:752:20

Device authorization result: {
  error: [32m&apos;invalid_request&apos;[39m,
  error_description: [32m&apos;Invalid request parameters&apos;[39m
}

            </system-out>
            <system-err>
Device authorization flow failed: Device authorization failed: invalid_request - Invalid request parameters

            </system-err>
        </testcase>
        <testcase classname="src/qwen/qwenOAuth2.test.ts" name="authWithQwenDeviceFlow - Comprehensive Testing &gt; should handle device authorization error response" time="0.003084904">
            <system-out>
Shared token manager failed, attempting device flow: Error: No credentials
    at [90m/home/atmandk/LowCal-dev/packages/core/[39msrc/qwen/qwenOAuth2.test.ts:1160:28
    at file:///home/atmandk/LowCal-dev/node_modules/[4m@vitest/runner[24m/dist/chunk-hooks.js:752:20

Device authorization result: {
  error: [32m&apos;invalid_client&apos;[39m,
  error_description: [32m&apos;Client authentication failed&apos;[39m
}

            </system-out>
            <system-err>
Device authorization flow failed: Device authorization failed: invalid_client - Client authentication failed

            </system-err>
        </testcase>
        <testcase classname="src/qwen/qwenOAuth2.test.ts" name="authWithQwenDeviceFlow - Comprehensive Testing &gt; should handle successful authentication flow" time="0.000721043">
        </testcase>
        <testcase classname="src/qwen/qwenOAuth2.test.ts" name="authWithQwenDeviceFlow - Comprehensive Testing &gt; should handle 401 error during token polling" time="0.001821088">
            <system-out>
Shared token manager failed, attempting device flow: Error: No credentials
    at [90m/home/atmandk/LowCal-dev/packages/core/[39msrc/qwen/qwenOAuth2.test.ts:1234:28
    at file:///home/atmandk/LowCal-dev/node_modules/[4m@vitest/runner[24m/dist/chunk-hooks.js:752:20

Device authorization result: {
  device_code: [32m&apos;test-device-code&apos;[39m,
  user_code: [32m&apos;TEST123&apos;[39m,
  verification_uri: [32m&apos;https://chat.qwen.ai/device&apos;[39m,
  verification_uri_complete: [32m&apos;https://chat.qwen.ai/device?code=TEST123&apos;[39m,
  expires_in: [33m1800[39m
}

Waiting for authorization...

polling for token...

            </system-out>
        </testcase>
        <testcase classname="src/qwen/qwenOAuth2.test.ts" name="authWithQwenDeviceFlow - Comprehensive Testing &gt; should handle token polling with browser launch suppressed" time="0.001764223">
            <system-out>
Shared token manager failed, attempting device flow: Error: No credentials
    at [90m/home/atmandk/LowCal-dev/packages/core/[39msrc/qwen/qwenOAuth2.test.ts:1282:28
    at file:///home/atmandk/LowCal-dev/node_modules/[4m@vitest/runner[24m/dist/chunk-hooks.js:752:20

Device authorization result: {
  device_code: [32m&apos;test-device-code&apos;[39m,
  user_code: [32m&apos;TEST123&apos;[39m,
  verification_uri: [32m&apos;https://chat.qwen.ai/device&apos;[39m,
  verification_uri_complete: [32m&apos;https://chat.qwen.ai/device?code=TEST123&apos;[39m,
  expires_in: [33m1800[39m
}


=== Qwen OAuth Device Authorization ===
Please visit the following URL in your browser to authorize:

https://chat.qwen.ai/device?code=TEST123

Waiting for authorization to complete...

Waiting for authorization...

polling for token...

Authentication successful! Access token obtained.

            </system-out>
        </testcase>
        <testcase classname="src/qwen/qwenOAuth2.test.ts" name="Browser Launch and Error Handling &gt; should handle browser launch failure gracefully" time="0.01943046">
        </testcase>
        <testcase classname="src/qwen/qwenOAuth2.test.ts" name="Browser Launch and Error Handling &gt; should handle browser child process error gracefully" time="0.003854237">
        </testcase>
        <testcase classname="src/qwen/qwenOAuth2.test.ts" name="Event Emitter Integration &gt; should export qwenOAuth2Events as EventEmitter" time="0.000224816">
        </testcase>
        <testcase classname="src/qwen/qwenOAuth2.test.ts" name="Event Emitter Integration &gt; should define correct event enum values" time="0.00016771">
        </testcase>
        <testcase classname="src/qwen/qwenOAuth2.test.ts" name="Utility Functions &gt; objectToUrlEncoded &gt; should encode object properties to URL-encoded format" time="0.000325131">
        </testcase>
        <testcase classname="src/qwen/qwenOAuth2.test.ts" name="Utility Functions &gt; objectToUrlEncoded &gt; should handle special characters" time="0.000181936">
        </testcase>
        <testcase classname="src/qwen/qwenOAuth2.test.ts" name="Utility Functions &gt; objectToUrlEncoded &gt; should handle empty object" time="0.000230176">
        </testcase>
        <testcase classname="src/qwen/qwenOAuth2.test.ts" name="Utility Functions &gt; getQwenCachedCredentialPath &gt; should return correct path to cached credentials" time="0.001199217">
            <system-out>
Cached Qwen credentials cleared successfully.

            </system-out>
        </testcase>
        <testcase classname="src/qwen/qwenOAuth2.test.ts" name="Credential Caching Functions &gt; cacheQwenCredentials &gt; should create directory and write credentials to file" time="0.000341051">
        </testcase>
        <testcase classname="src/qwen/qwenOAuth2.test.ts" name="Credential Caching Functions &gt; loadCachedQwenCredentials &gt; should load and validate cached credentials successfully" time="0.001309531">
            <system-out>
Shared token manager failed, attempting device flow: Error: No cached creds
    at [90m/home/atmandk/LowCal-dev/packages/core/[39msrc/qwen/qwenOAuth2.test.ts:1593:30
[90m    at processTicksAndRejections (node:internal/process/task_queues:105:5)[39m
    at file:///home/atmandk/LowCal-dev/node_modules/[4m@vitest/runner[24m/dist/chunk-hooks.js:752:20

Device authorization result: {
  device_code: [32m&apos;test-device-code&apos;[39m,
  user_code: [32m&apos;TEST123&apos;[39m,
  verification_uri: [32m&apos;https://chat.qwen.ai/device&apos;[39m,
  verification_uri_complete: [32m&apos;https://chat.qwen.ai/device?code=TEST123&apos;[39m,
  expires_in: [33m1800[39m
}


=== Qwen OAuth Device Authorization ===
Please visit the following URL in your browser to authorize:

https://chat.qwen.ai/device?code=TEST123

Waiting for authorization to complete...

Waiting for authorization...

polling for token...

Authentication successful! Access token obtained.

            </system-out>
            <system-err>
Failed to get access token from shared manager: Error: No cached creds
    at [90m/home/atmandk/LowCal-dev/packages/core/[39msrc/qwen/qwenOAuth2.test.ts:1593:30
[90m    at processTicksAndRejections (node:internal/process/task_queues:105:5)[39m
    at file:///home/atmandk/LowCal-dev/node_modules/[4m@vitest/runner[24m/dist/chunk-hooks.js:752:20

            </system-err>
        </testcase>
        <testcase classname="src/qwen/qwenOAuth2.test.ts" name="Credential Caching Functions &gt; loadCachedQwenCredentials &gt; should handle invalid cached credentials gracefully" time="0.001093973">
            <system-out>
Shared token manager failed, attempting device flow: Error: No cached creds
    at [90m/home/atmandk/LowCal-dev/packages/core/[39msrc/qwen/qwenOAuth2.test.ts:1654:30
[90m    at processTicksAndRejections (node:internal/process/task_queues:105:5)[39m
    at file:///home/atmandk/LowCal-dev/node_modules/[4m@vitest/runner[24m/dist/chunk-hooks.js:752:20

Device authorization result: {
  device_code: [32m&apos;test-device-code&apos;[39m,
  user_code: [32m&apos;TEST123&apos;[39m,
  verification_uri: [32m&apos;https://chat.qwen.ai/device&apos;[39m,
  verification_uri_complete: [32m&apos;https://chat.qwen.ai/device?code=TEST123&apos;[39m,
  expires_in: [33m1800[39m
}


=== Qwen OAuth Device Authorization ===
Please visit the following URL in your browser to authorize:

https://chat.qwen.ai/device?code=TEST123

Waiting for authorization to complete...

Waiting for authorization...

polling for token...

Authentication successful! Access token obtained.

            </system-out>
        </testcase>
        <testcase classname="src/qwen/qwenOAuth2.test.ts" name="Credential Caching Functions &gt; loadCachedQwenCredentials &gt; should handle file access errors" time="0.000652176">
            <system-out>
Shared token manager failed, attempting device flow: Error: No cached creds
    at [90m/home/atmandk/LowCal-dev/packages/core/[39msrc/qwen/qwenOAuth2.test.ts:1712:30
[90m    at processTicksAndRejections (node:internal/process/task_queues:105:5)[39m
    at file:///home/atmandk/LowCal-dev/node_modules/[4m@vitest/runner[24m/dist/chunk-hooks.js:752:20

Device authorization result: {
  error: [32m&apos;invalid_request&apos;[39m,
  error_description: [32m&apos;Invalid request parameters&apos;[39m
}

            </system-out>
            <system-err>
Device authorization flow failed: Device authorization failed: invalid_request - Invalid request parameters

            </system-err>
        </testcase>
        <testcase classname="src/qwen/qwenOAuth2.test.ts" name="Enhanced Error Handling and Edge Cases &gt; QwenOAuth2Client getAccessToken enhanced scenarios &gt; should return undefined when SharedTokenManager fails (no fallback)" time="0.001311435">
        </testcase>
        <testcase classname="src/qwen/qwenOAuth2.test.ts" name="Enhanced Error Handling and Edge Cases &gt; QwenOAuth2Client getAccessToken enhanced scenarios &gt; should return undefined when both manager and cache fail" time="0.000259279">
        </testcase>
        <testcase classname="src/qwen/qwenOAuth2.test.ts" name="Enhanced Error Handling and Edge Cases &gt; QwenOAuth2Client getAccessToken enhanced scenarios &gt; should handle missing credentials gracefully" time="0.000154536">
        </testcase>
        <testcase classname="src/qwen/qwenOAuth2.test.ts" name="Enhanced Error Handling and Edge Cases &gt; Enhanced requestDeviceAuthorization scenarios &gt; should include x-request-id header" time="0.000791424">
            <system-out>
Device authorization result: {
  device_code: [32m&apos;test-device-code&apos;[39m,
  user_code: [32m&apos;TEST123&apos;[39m,
  verification_uri: [32m&apos;https://chat.qwen.ai/device&apos;[39m,
  verification_uri_complete: [32m&apos;https://chat.qwen.ai/device?code=TEST123&apos;[39m,
  expires_in: [33m1800[39m
}

            </system-out>
        </testcase>
        <testcase classname="src/qwen/qwenOAuth2.test.ts" name="Enhanced Error Handling and Edge Cases &gt; Enhanced requestDeviceAuthorization scenarios &gt; should include correct Content-Type and Accept headers" time="0.00039475">
            <system-out>
Device authorization result: {
  device_code: [32m&apos;test-device-code&apos;[39m,
  user_code: [32m&apos;TEST123&apos;[39m,
  verification_uri: [32m&apos;https://chat.qwen.ai/device&apos;[39m,
  verification_uri_complete: [32m&apos;https://chat.qwen.ai/device?code=TEST123&apos;[39m,
  expires_in: [33m1800[39m
}

            </system-out>
        </testcase>
        <testcase classname="src/qwen/qwenOAuth2.test.ts" name="Enhanced Error Handling and Edge Cases &gt; Enhanced requestDeviceAuthorization scenarios &gt; should send correct form data" time="0.000394139">
            <system-out>
Device authorization result: {
  device_code: [32m&apos;test-device-code&apos;[39m,
  user_code: [32m&apos;TEST123&apos;[39m,
  verification_uri: [32m&apos;https://chat.qwen.ai/device&apos;[39m,
  verification_uri_complete: [32m&apos;https://chat.qwen.ai/device?code=TEST123&apos;[39m,
  expires_in: [33m1800[39m
}

            </system-out>
        </testcase>
        <testcase classname="src/qwen/qwenOAuth2.test.ts" name="Enhanced Error Handling and Edge Cases &gt; Enhanced pollDeviceToken scenarios &gt; should handle JSON parsing error during error response" time="0.000305916">
        </testcase>
        <testcase classname="src/qwen/qwenOAuth2.test.ts" name="Enhanced Error Handling and Edge Cases &gt; Enhanced pollDeviceToken scenarios &gt; should include status code in thrown errors" time="0.000320112">
        </testcase>
        <testcase classname="src/qwen/qwenOAuth2.test.ts" name="Enhanced Error Handling and Edge Cases &gt; Enhanced pollDeviceToken scenarios &gt; should handle authorization_pending with correct status" time="0.000197465">
        </testcase>
        <testcase classname="src/qwen/qwenOAuth2.test.ts" name="Enhanced Error Handling and Edge Cases &gt; Enhanced refreshAccessToken scenarios &gt; should call clearQwenCredentials on 400 error" time="0.000377649">
            <system-out>
Cached Qwen credentials cleared successfully.

            </system-out>
        </testcase>
        <testcase classname="src/qwen/qwenOAuth2.test.ts" name="Enhanced Error Handling and Edge Cases &gt; Enhanced refreshAccessToken scenarios &gt; should throw CredentialsClearRequiredError on 400 error" time="0.000512508">
            <system-out>
Cached Qwen credentials cleared successfully.

Cached Qwen credentials cleared successfully.

            </system-out>
        </testcase>
        <testcase classname="src/qwen/qwenOAuth2.test.ts" name="Enhanced Error Handling and Edge Cases &gt; Enhanced refreshAccessToken scenarios &gt; should preserve existing refresh token when new one not provided" time="0.000184281">
        </testcase>
        <testcase classname="src/qwen/qwenOAuth2.test.ts" name="Enhanced Error Handling and Edge Cases &gt; Enhanced refreshAccessToken scenarios &gt; should include resource_url when provided in response" time="0.000112869">
        </testcase>
        <testcase classname="src/qwen/qwenOAuth2.test.ts" name="SharedTokenManager Integration in QwenOAuth2Client &gt; should use SharedTokenManager instance in constructor" time="0.000074428">
        </testcase>
        <testcase classname="src/qwen/qwenOAuth2.test.ts" name="SharedTokenManager Integration in QwenOAuth2Client &gt; should handle TokenManagerError types correctly in getQwenOAuthClient" time="0.005065456">
            <system-out>
Shared token manager failed, attempting device flow: TokenManagerError: NO_REFRESH_TOKEN
    at [90m/home/atmandk/LowCal-dev/packages/core/[39msrc/qwen/qwenOAuth2.test.ts:2155:26
    at file:///home/atmandk/LowCal-dev/node_modules/[4m@vitest/runner[24m/dist/chunk-hooks.js:155:11
    at file:///home/atmandk/LowCal-dev/node_modules/[4m@vitest/runner[24m/dist/chunk-hooks.js:752:26
    at file:///home/atmandk/LowCal-dev/node_modules/[4m@vitest/runner[24m/dist/chunk-hooks.js:1897:20
    at new Promise (&lt;anonymous&gt;)
    at runWithTimeout (file:///home/atmandk/LowCal-dev/node_modules/[4m@vitest/runner[24m/dist/chunk-hooks.js:1863:10)
    at runTest (file:///home/atmandk/LowCal-dev/node_modules/[4m@vitest/runner[24m/dist/chunk-hooks.js:1574:12)
[90m    at processTicksAndRejections (node:internal/process/task_queues:105:5)[39m
    at runSuite (file:///home/atmandk/LowCal-dev/node_modules/[4m@vitest/runner[24m/dist/chunk-hooks.js:1729:8)
    at runSuite (file:///home/atmandk/LowCal-dev/node_modules/[4m@vitest/runner[24m/dist/chunk-hooks.js:1729:8)

Device authorization result: {
  device_code: [32m&apos;test-device-code&apos;[39m,
  user_code: [32m&apos;TEST123&apos;[39m,
  verification_uri: [32m&apos;https://chat.qwen.ai/device&apos;[39m,
  verification_uri_complete: [32m&apos;https://chat.qwen.ai/device?code=TEST123&apos;[39m,
  expires_in: [33m1800[39m
}


=== Qwen OAuth Device Authorization ===
Please visit the following URL in your browser to authorize:

https://chat.qwen.ai/device?code=TEST123

Waiting for authorization to complete...

Waiting for authorization...

polling for token...

Authentication successful! Access token obtained.

Shared token manager failed, attempting device flow: TokenManagerError: REFRESH_FAILED
    at [90m/home/atmandk/LowCal-dev/packages/core/[39msrc/qwen/qwenOAuth2.test.ts:2155:26
[90m    at processTicksAndRejections (node:internal/process/task_queues:105:5)[39m
    at file:///home/atmandk/LowCal-dev/node_modules/[4m@vitest/runner[24m/dist/chunk-hooks.js:752:20

Device authorization result: {
  device_code: [32m&apos;test-device-code&apos;[39m,
  user_code: [32m&apos;TEST123&apos;[39m,
  verification_uri: [32m&apos;https://chat.qwen.ai/device&apos;[39m,
  verification_uri_complete: [32m&apos;https://chat.qwen.ai/device?code=TEST123&apos;[39m,
  expires_in: [33m1800[39m
}


=== Qwen OAuth Device Authorization ===
Please visit the following URL in your browser to authorize:

https://chat.qwen.ai/device?code=TEST123

Waiting for authorization to complete...

Waiting for authorization...

polling for token...

Authentication successful! Access token obtained.

Shared token manager failed, attempting device flow: TokenManagerError: NETWORK_ERROR
    at [90m/home/atmandk/LowCal-dev/packages/core/[39msrc/qwen/qwenOAuth2.test.ts:2155:26
[90m    at processTicksAndRejections (node:internal/process/task_queues:105:5)[39m
    at file:///home/atmandk/LowCal-dev/node_modules/[4m@vitest/runner[24m/dist/chunk-hooks.js:752:20

Device authorization result: {
  device_code: [32m&apos;test-device-code&apos;[39m,
  user_code: [32m&apos;TEST123&apos;[39m,
  verification_uri: [32m&apos;https://chat.qwen.ai/device&apos;[39m,
  verification_uri_complete: [32m&apos;https://chat.qwen.ai/device?code=TEST123&apos;[39m,
  expires_in: [33m1800[39m
}


=== Qwen OAuth Device Authorization ===
Please visit the following URL in your browser to authorize:

https://chat.qwen.ai/device?code=TEST123

Waiting for authorization to complete...

Waiting for authorization...

polling for token...

Authentication successful! Access token obtained.

Shared token manager failed, attempting device flow: TokenManagerError: REFRESH_FAILED
    at [90m/home/atmandk/LowCal-dev/packages/core/[39msrc/qwen/qwenOAuth2.test.ts:2155:26
[90m    at processTicksAndRejections (node:internal/process/task_queues:105:5)[39m
    at file:///home/atmandk/LowCal-dev/node_modules/[4m@vitest/runner[24m/dist/chunk-hooks.js:752:20

Device authorization result: {
  device_code: [32m&apos;test-device-code&apos;[39m,
  user_code: [32m&apos;TEST123&apos;[39m,
  verification_uri: [32m&apos;https://chat.qwen.ai/device&apos;[39m,
  verification_uri_complete: [32m&apos;https://chat.qwen.ai/device?code=TEST123&apos;[39m,
  expires_in: [33m1800[39m
}


=== Qwen OAuth Device Authorization ===
Please visit the following URL in your browser to authorize:

https://chat.qwen.ai/device?code=TEST123

Waiting for authorization to complete...

Waiting for authorization...

polling for token...

Authentication successful! Access token obtained.

            </system-out>
            <system-err>
Token manager error: NO_REFRESH_TOKEN

Token manager error: REFRESH_FAILED

Token manager error: NETWORK_ERROR

Token manager error: REFRESH_FAILED

            </system-err>
        </testcase>
        <testcase classname="src/qwen/qwenOAuth2.test.ts" name="Constants and Configuration &gt; should have correct OAuth endpoints" time="0.000476731">
            <system-out>
Device authorization result: {
  device_code: [32m&apos;test-device-code&apos;[39m,
  user_code: [32m&apos;TEST123&apos;[39m,
  verification_uri: [32m&apos;https://chat.qwen.ai/device&apos;[39m,
  verification_uri_complete: [32m&apos;https://chat.qwen.ai/device?code=TEST123&apos;[39m,
  expires_in: [33m1800[39m
}

            </system-out>
        </testcase>
        <testcase classname="src/qwen/qwenOAuth2.test.ts" name="Constants and Configuration &gt; should use correct client ID in requests" time="0.000387516">
            <system-out>
Device authorization result: {
  device_code: [32m&apos;test-device-code&apos;[39m,
  user_code: [32m&apos;TEST123&apos;[39m,
  verification_uri: [32m&apos;https://chat.qwen.ai/device&apos;[39m,
  verification_uri_complete: [32m&apos;https://chat.qwen.ai/device?code=TEST123&apos;[39m,
  expires_in: [33m1800[39m
}

            </system-out>
        </testcase>
        <testcase classname="src/qwen/qwenOAuth2.test.ts" name="Constants and Configuration &gt; should use correct default scope" time="0.000406412">
            <system-out>
Device authorization result: {
  device_code: [32m&apos;test-device-code&apos;[39m,
  user_code: [32m&apos;TEST123&apos;[39m,
  verification_uri: [32m&apos;https://chat.qwen.ai/device&apos;[39m,
  verification_uri_complete: [32m&apos;https://chat.qwen.ai/device?code=TEST123&apos;[39m,
  expires_in: [33m1800[39m
}

            </system-out>
        </testcase>
    </testsuite>
    <testsuite name="src/qwen/sharedTokenManager.test.ts" timestamp="2025-10-01T18:54:56.619Z" hostname="uby" tests="31" failures="0" errors="0" skipped="0" time="0.260119936">
        <testcase classname="src/qwen/sharedTokenManager.test.ts" name="SharedTokenManager &gt; Singleton Pattern &gt; should return the same instance when called multiple times" time="0.001614235">
        </testcase>
        <testcase classname="src/qwen/sharedTokenManager.test.ts" name="SharedTokenManager &gt; Singleton Pattern &gt; should create a new instance after reset" time="0.000705434">
        </testcase>
        <testcase classname="src/qwen/sharedTokenManager.test.ts" name="SharedTokenManager &gt; getValidCredentials &gt; should return valid cached credentials without refresh" time="0.000623984">
        </testcase>
        <testcase classname="src/qwen/sharedTokenManager.test.ts" name="SharedTokenManager &gt; getValidCredentials &gt; should refresh expired credentials" time="0.00110311">
        </testcase>
        <testcase classname="src/qwen/sharedTokenManager.test.ts" name="SharedTokenManager &gt; getValidCredentials &gt; should force refresh when forceRefresh is true" time="0.000312267">
        </testcase>
        <testcase classname="src/qwen/sharedTokenManager.test.ts" name="SharedTokenManager &gt; getValidCredentials &gt; should throw TokenManagerError when refresh token is missing" time="0.001076741">
        </testcase>
        <testcase classname="src/qwen/sharedTokenManager.test.ts" name="SharedTokenManager &gt; getValidCredentials &gt; should throw TokenManagerError when refresh fails" time="0.00033477">
        </testcase>
        <testcase classname="src/qwen/sharedTokenManager.test.ts" name="SharedTokenManager &gt; getValidCredentials &gt; should handle network errors during refresh" time="0.000435936">
        </testcase>
        <testcase classname="src/qwen/sharedTokenManager.test.ts" name="SharedTokenManager &gt; getValidCredentials &gt; should wait for ongoing refresh and return same result" time="0.000413815">
        </testcase>
        <testcase classname="src/qwen/sharedTokenManager.test.ts" name="SharedTokenManager &gt; getValidCredentials &gt; should reload credentials from file when file is modified" time="0.000356559">
        </testcase>
        <testcase classname="src/qwen/sharedTokenManager.test.ts" name="SharedTokenManager &gt; Cache Management &gt; should clear cache" time="0.000171767">
        </testcase>
        <testcase classname="src/qwen/sharedTokenManager.test.ts" name="SharedTokenManager &gt; Cache Management &gt; should return current credentials from cache" time="0.00017284">
        </testcase>
        <testcase classname="src/qwen/sharedTokenManager.test.ts" name="SharedTokenManager &gt; Cache Management &gt; should return null when no credentials are cached" time="0.000077784">
        </testcase>
        <testcase classname="src/qwen/sharedTokenManager.test.ts" name="SharedTokenManager &gt; Refresh Status &gt; should return false when no refresh is in progress" time="0.000078635">
        </testcase>
        <testcase classname="src/qwen/sharedTokenManager.test.ts" name="SharedTokenManager &gt; Refresh Status &gt; should return true when refresh is in progress" time="0.000549436">
        </testcase>
        <testcase classname="src/qwen/sharedTokenManager.test.ts" name="SharedTokenManager &gt; Debug Info &gt; should return complete debug information" time="0.000529519">
        </testcase>
        <testcase classname="src/qwen/sharedTokenManager.test.ts" name="SharedTokenManager &gt; Debug Info &gt; should indicate expired credentials in debug info" time="0.000143746">
        </testcase>
        <testcase classname="src/qwen/sharedTokenManager.test.ts" name="SharedTokenManager &gt; Debug Info &gt; should indicate no credentials in debug info" time="0.000079376">
        </testcase>
        <testcase classname="src/qwen/sharedTokenManager.test.ts" name="SharedTokenManager &gt; Error Handling &gt; should create TokenManagerError with correct type and message" time="0.00019995">
        </testcase>
        <testcase classname="src/qwen/sharedTokenManager.test.ts" name="SharedTokenManager &gt; Error Handling &gt; should handle file access errors gracefully" time="0.000239203">
        </testcase>
        <testcase classname="src/qwen/sharedTokenManager.test.ts" name="SharedTokenManager &gt; Error Handling &gt; should handle missing file gracefully" time="0.000187858">
        </testcase>
        <testcase classname="src/qwen/sharedTokenManager.test.ts" name="SharedTokenManager &gt; Error Handling &gt; should handle lock timeout scenarios" time="0.239328829">
        </testcase>
        <testcase classname="src/qwen/sharedTokenManager.test.ts" name="SharedTokenManager &gt; Error Handling &gt; should handle refresh response without access token" time="0.001262906">
        </testcase>
        <testcase classname="src/qwen/sharedTokenManager.test.ts" name="SharedTokenManager &gt; File System Operations &gt; should handle file reload failures gracefully" time="0.000666703">
        </testcase>
        <testcase classname="src/qwen/sharedTokenManager.test.ts" name="SharedTokenManager &gt; File System Operations &gt; should handle invalid JSON in credentials file" time="0.000475699">
        </testcase>
        <testcase classname="src/qwen/sharedTokenManager.test.ts" name="SharedTokenManager &gt; File System Operations &gt; should handle directory creation during save" time="0.001797734">
        </testcase>
        <testcase classname="src/qwen/sharedTokenManager.test.ts" name="SharedTokenManager &gt; Lock File Management &gt; should clean up lock file during process cleanup" time="0.000325162">
        </testcase>
        <testcase classname="src/qwen/sharedTokenManager.test.ts" name="SharedTokenManager &gt; Lock File Management &gt; should handle stale lock cleanup" time="0.001414015">
            <system-err>
Removed stale lock file: /home/user/.qwen/oauth_creds.lock (age: 1759344881862ms)

            </system-err>
        </testcase>
        <testcase classname="src/qwen/sharedTokenManager.test.ts" name="SharedTokenManager &gt; CredentialsClearRequiredError handling &gt; should clear memory cache when CredentialsClearRequiredError is thrown during refresh" time="0.001755276">
            <system-out>
SharedTokenManager: Clearing memory cache due to credentials clear requirement

            </system-out>
        </testcase>
        <testcase classname="src/qwen/sharedTokenManager.test.ts" name="SharedTokenManager &gt; CredentialsClearRequiredError handling &gt; should convert CredentialsClearRequiredError to TokenManagerError" time="0.001220137">
            <system-out>
SharedTokenManager: Clearing memory cache due to credentials clear requirement

            </system-out>
        </testcase>
        <testcase classname="src/qwen/sharedTokenManager.test.ts" name="SharedTokenManager &gt; CredentialsClearRequiredError handling &gt; should properly clean up timeout when file operation completes before timeout" time="0.000879607">
        </testcase>
    </testsuite>
    <testsuite name="src/services/chatRecordingService.test.ts" timestamp="2025-10-01T18:54:56.620Z" hostname="uby" tests="10" failures="0" errors="0" skipped="0" time="0.018962094">
        <testcase classname="src/services/chatRecordingService.test.ts" name="ChatRecordingService &gt; initialize &gt; should create a new session if none is provided" time="0.006014081">
        </testcase>
        <testcase classname="src/services/chatRecordingService.test.ts" name="ChatRecordingService &gt; initialize &gt; should resume from an existing session if provided" time="0.002007562">
        </testcase>
        <testcase classname="src/services/chatRecordingService.test.ts" name="ChatRecordingService &gt; recordMessage &gt; should record a new message" time="0.002394317">
        </testcase>
        <testcase classname="src/services/chatRecordingService.test.ts" name="ChatRecordingService &gt; recordMessage &gt; should append to the last message if append is true and types match" time="0.001499673">
        </testcase>
        <testcase classname="src/services/chatRecordingService.test.ts" name="ChatRecordingService &gt; recordThought &gt; should queue a thought" time="0.001084906">
        </testcase>
        <testcase classname="src/services/chatRecordingService.test.ts" name="ChatRecordingService &gt; recordMessageTokens &gt; should update the last message with token info" time="0.000849822">
        </testcase>
        <testcase classname="src/services/chatRecordingService.test.ts" name="ChatRecordingService &gt; recordMessageTokens &gt; should queue token info if the last message already has tokens" time="0.000499574">
        </testcase>
        <testcase classname="src/services/chatRecordingService.test.ts" name="ChatRecordingService &gt; recordToolCalls &gt; should add new tool calls to the last message" time="0.000970705">
        </testcase>
        <testcase classname="src/services/chatRecordingService.test.ts" name="ChatRecordingService &gt; recordToolCalls &gt; should create a new message if the last message is not from gemini" time="0.001007112">
        </testcase>
        <testcase classname="src/services/chatRecordingService.test.ts" name="ChatRecordingService &gt; deleteSession &gt; should delete the session file" time="0.000926553">
        </testcase>
    </testsuite>
    <testsuite name="src/services/fileDiscoveryService.test.ts" timestamp="2025-10-01T18:54:56.620Z" hostname="uby" tests="13" failures="0" errors="0" skipped="0" time="0.042665195">
        <testcase classname="src/services/fileDiscoveryService.test.ts" name="FileDiscoveryService &gt; initialization &gt; should initialize git ignore parser by default in a git repo" time="0.011840295">
        </testcase>
        <testcase classname="src/services/fileDiscoveryService.test.ts" name="FileDiscoveryService &gt; initialization &gt; should not load git repo patterns when not in a git repo" time="0.001355105">
        </testcase>
        <testcase classname="src/services/fileDiscoveryService.test.ts" name="FileDiscoveryService &gt; initialization &gt; should load .qwenignore patterns even when not in a git repo" time="0.00515356">
        </testcase>
        <testcase classname="src/services/fileDiscoveryService.test.ts" name="FileDiscoveryService &gt; filterFiles &gt; should filter out git-ignored and gemini-ignored files by default" time="0.011193128">
        </testcase>
        <testcase classname="src/services/fileDiscoveryService.test.ts" name="FileDiscoveryService &gt; filterFiles &gt; should not filter files when respectGitIgnore is false" time="0.001534808">
        </testcase>
        <testcase classname="src/services/fileDiscoveryService.test.ts" name="FileDiscoveryService &gt; filterFiles &gt; should not filter files when respectGeminiIgnore is false" time="0.001390301">
        </testcase>
        <testcase classname="src/services/fileDiscoveryService.test.ts" name="FileDiscoveryService &gt; filterFiles &gt; should handle empty file list" time="0.001090888">
        </testcase>
        <testcase classname="src/services/fileDiscoveryService.test.ts" name="FileDiscoveryService &gt; shouldGitIgnoreFile &amp; shouldGeminiIgnoreFile &gt; should return true for git-ignored files" time="0.001245884">
        </testcase>
        <testcase classname="src/services/fileDiscoveryService.test.ts" name="FileDiscoveryService &gt; shouldGitIgnoreFile &amp; shouldGeminiIgnoreFile &gt; should return false for non-git-ignored files" time="0.001112627">
        </testcase>
        <testcase classname="src/services/fileDiscoveryService.test.ts" name="FileDiscoveryService &gt; shouldGitIgnoreFile &amp; shouldGeminiIgnoreFile &gt; should return true for gemini-ignored files" time="0.001090968">
        </testcase>
        <testcase classname="src/services/fileDiscoveryService.test.ts" name="FileDiscoveryService &gt; shouldGitIgnoreFile &amp; shouldGeminiIgnoreFile &gt; should return false for non-gemini-ignored files" time="0.001115102">
        </testcase>
        <testcase classname="src/services/fileDiscoveryService.test.ts" name="FileDiscoveryService &gt; edge cases &gt; should handle relative project root paths" time="0.001123427">
        </testcase>
        <testcase classname="src/services/fileDiscoveryService.test.ts" name="FileDiscoveryService &gt; edge cases &gt; should handle filterFiles with undefined options" time="0.001670188">
        </testcase>
    </testsuite>
    <testsuite name="src/services/fileSystemService.test.ts" timestamp="2025-10-01T18:54:56.621Z" hostname="uby" tests="3" failures="0" errors="0" skipped="0" time="0.006702074">
        <testcase classname="src/services/fileSystemService.test.ts" name="StandardFileSystemService &gt; readTextFile &gt; should read file content using fs" time="0.003675226">
        </testcase>
        <testcase classname="src/services/fileSystemService.test.ts" name="StandardFileSystemService &gt; readTextFile &gt; should propagate fs.readFile errors" time="0.001425195">
        </testcase>
        <testcase classname="src/services/fileSystemService.test.ts" name="StandardFileSystemService &gt; writeTextFile &gt; should write file content using fs" time="0.000296499">
        </testcase>
    </testsuite>
    <testsuite name="src/services/gitService.test.ts" timestamp="2025-10-01T18:54:56.621Z" hostname="uby" tests="14" failures="0" errors="0" skipped="0" time="0.0440846">
        <testcase classname="src/services/gitService.test.ts" name="GitService &gt; constructor &gt; should successfully create an instance" time="0.004605106">
        </testcase>
        <testcase classname="src/services/gitService.test.ts" name="GitService &gt; verifyGitAvailability &gt; should resolve true if git --version command succeeds" time="0.002299051">
        </testcase>
        <testcase classname="src/services/gitService.test.ts" name="GitService &gt; verifyGitAvailability &gt; should resolve false if git --version command fails" time="0.002032228">
        </testcase>
        <testcase classname="src/services/gitService.test.ts" name="GitService &gt; initialize &gt; should throw an error if Git is not available" time="0.002838418">
        </testcase>
        <testcase classname="src/services/gitService.test.ts" name="GitService &gt; initialize &gt; should call setupShadowGitRepository if Git is available" time="0.001234262">
        </testcase>
        <testcase classname="src/services/gitService.test.ts" name="GitService &gt; setupShadowGitRepository &gt; should create history and repository directories" time="0.002382716">
        </testcase>
        <testcase classname="src/services/gitService.test.ts" name="GitService &gt; setupShadowGitRepository &gt; should create a .gitconfig file with the correct content" time="0.002161126">
        </testcase>
        <testcase classname="src/services/gitService.test.ts" name="GitService &gt; setupShadowGitRepository &gt; should initialize git repo in historyDir if not already initialized" time="0.005216846">
        </testcase>
        <testcase classname="src/services/gitService.test.ts" name="GitService &gt; setupShadowGitRepository &gt; should not initialize git repo if already initialized" time="0.001854489">
        </testcase>
        <testcase classname="src/services/gitService.test.ts" name="GitService &gt; setupShadowGitRepository &gt; should copy .gitignore from projectRoot if it exists" time="0.003889212">
        </testcase>
        <testcase classname="src/services/gitService.test.ts" name="GitService &gt; setupShadowGitRepository &gt; should not create a .gitignore in shadow repo if project .gitignore does not exist" time="0.002695625">
        </testcase>
        <testcase classname="src/services/gitService.test.ts" name="GitService &gt; setupShadowGitRepository &gt; should throw an error if reading projectRoot .gitignore fails with other errors" time="0.004864546">
        </testcase>
        <testcase classname="src/services/gitService.test.ts" name="GitService &gt; setupShadowGitRepository &gt; should make an initial commit if no commits exist in history repo" time="0.00409362">
        </testcase>
        <testcase classname="src/services/gitService.test.ts" name="GitService &gt; setupShadowGitRepository &gt; should not make an initial commit if commits already exist" time="0.002502287">
        </testcase>
    </testsuite>
    <testsuite name="src/services/loopDetectionService.test.ts" timestamp="2025-10-01T18:54:56.621Z" hostname="uby" tests="35" failures="0" errors="0" skipped="0" time="0.199937739">
        <testcase classname="src/services/loopDetectionService.test.ts" name="LoopDetectionService &gt; Tool Call Loop Detection &gt; should not detect a loop for fewer than TOOL_CALL_LOOP_THRESHOLD identical calls" time="0.001821017">
        </testcase>
        <testcase classname="src/services/loopDetectionService.test.ts" name="LoopDetectionService &gt; Tool Call Loop Detection &gt; should detect a loop on the TOOL_CALL_LOOP_THRESHOLD-th identical call" time="0.000655642">
        </testcase>
        <testcase classname="src/services/loopDetectionService.test.ts" name="LoopDetectionService &gt; Tool Call Loop Detection &gt; should detect a loop on subsequent identical calls" time="0.000143194">
        </testcase>
        <testcase classname="src/services/loopDetectionService.test.ts" name="LoopDetectionService &gt; Tool Call Loop Detection &gt; should not detect a loop for different tool calls" time="0.000179201">
        </testcase>
        <testcase classname="src/services/loopDetectionService.test.ts" name="LoopDetectionService &gt; Tool Call Loop Detection &gt; should not reset tool call counter for other event types" time="0.000158704">
        </testcase>
        <testcase classname="src/services/loopDetectionService.test.ts" name="LoopDetectionService &gt; Content Loop Detection &gt; should not detect a loop for random content" time="0.145302068">
        </testcase>
        <testcase classname="src/services/loopDetectionService.test.ts" name="LoopDetectionService &gt; Content Loop Detection &gt; should detect a loop when a chunk of content repeats consecutively" time="0.001506305">
        </testcase>
        <testcase classname="src/services/loopDetectionService.test.ts" name="LoopDetectionService &gt; Content Loop Detection &gt; should not detect a loop if repetitions are very far apart" time="0.00961003">
        </testcase>
        <testcase classname="src/services/loopDetectionService.test.ts" name="LoopDetectionService &gt; Content Loop Detection with Code Blocks &gt; should not detect a loop when repetitive content is inside a code block" time="0.000355788">
        </testcase>
        <testcase classname="src/services/loopDetectionService.test.ts" name="LoopDetectionService &gt; Content Loop Detection with Code Blocks &gt; should not detect loops when content transitions into a code block" time="0.000621299">
        </testcase>
        <testcase classname="src/services/loopDetectionService.test.ts" name="LoopDetectionService &gt; Content Loop Detection with Code Blocks &gt; should skip loop detection when already inside a code block (this.inCodeBlock)" time="0.000181576">
        </testcase>
        <testcase classname="src/services/loopDetectionService.test.ts" name="LoopDetectionService &gt; Content Loop Detection with Code Blocks &gt; should correctly track inCodeBlock state with multiple fence transitions" time="0.000121575">
        </testcase>
        <testcase classname="src/services/loopDetectionService.test.ts" name="LoopDetectionService &gt; Content Loop Detection with Code Blocks &gt; should detect a loop when repetitive content is outside a code block" time="0.000733817">
        </testcase>
        <testcase classname="src/services/loopDetectionService.test.ts" name="LoopDetectionService &gt; Content Loop Detection with Code Blocks &gt; should handle content with multiple code blocks and no loops" time="0.000096619">
        </testcase>
        <testcase classname="src/services/loopDetectionService.test.ts" name="LoopDetectionService &gt; Content Loop Detection with Code Blocks &gt; should handle content with mixed code blocks and looping text" time="0.000695216">
        </testcase>
        <testcase classname="src/services/loopDetectionService.test.ts" name="LoopDetectionService &gt; Content Loop Detection with Code Blocks &gt; should not detect a loop for a long code block with some repeating tokens" time="0.000251866">
        </testcase>
        <testcase classname="src/services/loopDetectionService.test.ts" name="LoopDetectionService &gt; Content Loop Detection with Code Blocks &gt; should reset tracking when a code fence is found" time="0.000581706">
        </testcase>
        <testcase classname="src/services/loopDetectionService.test.ts" name="LoopDetectionService &gt; Content Loop Detection with Code Blocks &gt; should reset tracking when a table is detected" time="0.001298952">
        </testcase>
        <testcase classname="src/services/loopDetectionService.test.ts" name="LoopDetectionService &gt; Content Loop Detection with Code Blocks &gt; should reset tracking when a list item is detected" time="0.001120983">
        </testcase>
        <testcase classname="src/services/loopDetectionService.test.ts" name="LoopDetectionService &gt; Content Loop Detection with Code Blocks &gt; should reset tracking when a heading is detected" time="0.001051995">
        </testcase>
        <testcase classname="src/services/loopDetectionService.test.ts" name="LoopDetectionService &gt; Content Loop Detection with Code Blocks &gt; should reset tracking when a blockquote is detected" time="0.001004247">
        </testcase>
        <testcase classname="src/services/loopDetectionService.test.ts" name="LoopDetectionService &gt; Content Loop Detection with Code Blocks &gt; should reset tracking for various list item formats" time="0.005009122">
        </testcase>
        <testcase classname="src/services/loopDetectionService.test.ts" name="LoopDetectionService &gt; Content Loop Detection with Code Blocks &gt; should reset tracking for various table formats" time="0.005481566">
        </testcase>
        <testcase classname="src/services/loopDetectionService.test.ts" name="LoopDetectionService &gt; Content Loop Detection with Code Blocks &gt; should reset tracking for various heading levels" time="0.008146675">
        </testcase>
        <testcase classname="src/services/loopDetectionService.test.ts" name="LoopDetectionService &gt; Edge Cases &gt; should handle empty content" time="0.000214276">
        </testcase>
        <testcase classname="src/services/loopDetectionService.test.ts" name="LoopDetectionService &gt; Divider Content Detection &gt; should not detect a loop for repeating divider-like content" time="0.000309552">
        </testcase>
        <testcase classname="src/services/loopDetectionService.test.ts" name="LoopDetectionService &gt; Divider Content Detection &gt; should not detect a loop for repeating complex box-drawing dividers" time="0.000449892">
        </testcase>
        <testcase classname="src/services/loopDetectionService.test.ts" name="LoopDetectionService &gt; Reset Functionality &gt; tool call should reset content count" time="0.000318389">
        </testcase>
        <testcase classname="src/services/loopDetectionService.test.ts" name="LoopDetectionService &gt; General Behavior &gt; should return false for unhandled event types" time="0.00014586">
        </testcase>
        <testcase classname="src/services/loopDetectionService.test.ts" name="LoopDetectionService LLM Checks &gt; should not trigger LLM check before LLM_CHECK_AFTER_TURNS" time="0.000623553">
        </testcase>
        <testcase classname="src/services/loopDetectionService.test.ts" name="LoopDetectionService LLM Checks &gt; should trigger LLM check on the 30th turn" time="0.000570605">
        </testcase>
        <testcase classname="src/services/loopDetectionService.test.ts" name="LoopDetectionService LLM Checks &gt; should detect a cognitive loop when confidence is high" time="0.003761636">
            <system-err>
Repetitive actions

            </system-err>
        </testcase>
        <testcase classname="src/services/loopDetectionService.test.ts" name="LoopDetectionService LLM Checks &gt; should not detect a loop when confidence is low" time="0.000445764">
        </testcase>
        <testcase classname="src/services/loopDetectionService.test.ts" name="LoopDetectionService LLM Checks &gt; should adjust the check interval based on confidence" time="0.000327526">
        </testcase>
        <testcase classname="src/services/loopDetectionService.test.ts" name="LoopDetectionService LLM Checks &gt; should handle errors from generateJson gracefully" time="0.004444709">
            <system-out>
Error: API error
    at [90m/home/atmandk/LowCal-dev/packages/core/[39msrc/services/loopDetectionService.test.ts:718:26
    at file:///home/atmandk/LowCal-dev/node_modules/[4m@vitest/runner[24m/dist/chunk-hooks.js:155:11
    at file:///home/atmandk/LowCal-dev/node_modules/[4m@vitest/runner[24m/dist/chunk-hooks.js:752:26
    at file:///home/atmandk/LowCal-dev/node_modules/[4m@vitest/runner[24m/dist/chunk-hooks.js:1897:20
    at new Promise (&lt;anonymous&gt;)
    at runWithTimeout (file:///home/atmandk/LowCal-dev/node_modules/[4m@vitest/runner[24m/dist/chunk-hooks.js:1863:10)
    at runTest (file:///home/atmandk/LowCal-dev/node_modules/[4m@vitest/runner[24m/dist/chunk-hooks.js:1574:12)
[90m    at processTicksAndRejections (node:internal/process/task_queues:105:5)[39m
    at runSuite (file:///home/atmandk/LowCal-dev/node_modules/[4m@vitest/runner[24m/dist/chunk-hooks.js:1729:8)
    at runSuite (file:///home/atmandk/LowCal-dev/node_modules/[4m@vitest/runner[24m/dist/chunk-hooks.js:1729:8)

            </system-out>
        </testcase>
    </testsuite>
    <testsuite name="src/services/shellExecutionService.test.ts" timestamp="2025-10-01T18:54:56.622Z" hostname="uby" tests="30" failures="0" errors="0" skipped="0" time="0.050865529">
        <testcase classname="src/services/shellExecutionService.test.ts" name="ShellExecutionService &gt; Successful Execution &gt; should execute a command and capture output" time="0.011293624">
        </testcase>
        <testcase classname="src/services/shellExecutionService.test.ts" name="ShellExecutionService &gt; Successful Execution &gt; should strip ANSI codes from output" time="0.003602962">
        </testcase>
        <testcase classname="src/services/shellExecutionService.test.ts" name="ShellExecutionService &gt; Successful Execution &gt; should correctly decode multi-byte characters split across chunks" time="0.005333152">
        </testcase>
        <testcase classname="src/services/shellExecutionService.test.ts" name="ShellExecutionService &gt; Successful Execution &gt; should handle commands with no output" time="0.001695976">
        </testcase>
        <testcase classname="src/services/shellExecutionService.test.ts" name="ShellExecutionService &gt; Failed Execution &gt; should capture a non-zero exit code" time="0.002716173">
        </testcase>
        <testcase classname="src/services/shellExecutionService.test.ts" name="ShellExecutionService &gt; Failed Execution &gt; should capture a termination signal" time="0.001371366">
        </testcase>
        <testcase classname="src/services/shellExecutionService.test.ts" name="ShellExecutionService &gt; Failed Execution &gt; should handle a synchronous spawn error" time="0.001334418">
        </testcase>
        <testcase classname="src/services/shellExecutionService.test.ts" name="ShellExecutionService &gt; Aborting Commands &gt; should abort a running process and set the aborted flag" time="0.00149213">
        </testcase>
        <testcase classname="src/services/shellExecutionService.test.ts" name="ShellExecutionService &gt; Binary Output &gt; should detect binary output and switch to progress events" time="0.001462274">
        </testcase>
        <testcase classname="src/services/shellExecutionService.test.ts" name="ShellExecutionService &gt; Binary Output &gt; should not emit data events after binary is detected" time="0.002999246">
        </testcase>
        <testcase classname="src/services/shellExecutionService.test.ts" name="ShellExecutionService &gt; Platform-Specific Behavior &gt; should use cmd.exe on Windows" time="0.001309923">
        </testcase>
        <testcase classname="src/services/shellExecutionService.test.ts" name="ShellExecutionService &gt; Platform-Specific Behavior &gt; should use bash on Linux" time="0.001116184">
        </testcase>
        <testcase classname="src/services/shellExecutionService.test.ts" name="ShellExecutionService child_process fallback &gt; Successful Execution &gt; should execute a command and capture stdout and stderr" time="0.002058376">
        </testcase>
        <testcase classname="src/services/shellExecutionService.test.ts" name="ShellExecutionService child_process fallback &gt; Successful Execution &gt; should strip ANSI codes from output" time="0.000524981">
        </testcase>
        <testcase classname="src/services/shellExecutionService.test.ts" name="ShellExecutionService child_process fallback &gt; Successful Execution &gt; should correctly decode multi-byte characters split across chunks" time="0.000447368">
        </testcase>
        <testcase classname="src/services/shellExecutionService.test.ts" name="ShellExecutionService child_process fallback &gt; Successful Execution &gt; should handle commands with no output" time="0.000314702">
        </testcase>
        <testcase classname="src/services/shellExecutionService.test.ts" name="ShellExecutionService child_process fallback &gt; Failed Execution &gt; should capture a non-zero exit code and format output correctly" time="0.000344177">
        </testcase>
        <testcase classname="src/services/shellExecutionService.test.ts" name="ShellExecutionService child_process fallback &gt; Failed Execution &gt; should capture a termination signal" time="0.000294314">
        </testcase>
        <testcase classname="src/services/shellExecutionService.test.ts" name="ShellExecutionService child_process fallback &gt; Failed Execution &gt; should handle a spawn error" time="0.000309352">
        </testcase>
        <testcase classname="src/services/shellExecutionService.test.ts" name="ShellExecutionService child_process fallback &gt; Failed Execution &gt; handles errors that do not fire the exit event" time="0.001419004">
        </testcase>
        <testcase classname="src/services/shellExecutionService.test.ts" name="ShellExecutionService child_process fallback &gt; Aborting Commands &gt; on &apos;linux&apos; &gt; should abort a running process and set the aborted flag" time="0.000741661">
        </testcase>
        <testcase classname="src/services/shellExecutionService.test.ts" name="ShellExecutionService child_process fallback &gt; Aborting Commands &gt; on &apos;win32&apos; &gt; should abort a running process and set the aborted flag" time="0.000469168">
        </testcase>
        <testcase classname="src/services/shellExecutionService.test.ts" name="ShellExecutionService child_process fallback &gt; Aborting Commands &gt; should gracefully attempt SIGKILL on linux if SIGTERM fails" time="0.002063165">
        </testcase>
        <testcase classname="src/services/shellExecutionService.test.ts" name="ShellExecutionService child_process fallback &gt; Binary Output &gt; should detect binary output and switch to progress events" time="0.000509953">
        </testcase>
        <testcase classname="src/services/shellExecutionService.test.ts" name="ShellExecutionService child_process fallback &gt; Binary Output &gt; should not emit data events after binary is detected" time="0.000421269">
        </testcase>
        <testcase classname="src/services/shellExecutionService.test.ts" name="ShellExecutionService child_process fallback &gt; Platform-Specific Behavior &gt; should use cmd.exe on Windows" time="0.000563462">
        </testcase>
        <testcase classname="src/services/shellExecutionService.test.ts" name="ShellExecutionService child_process fallback &gt; Platform-Specific Behavior &gt; should use bash and detached process group on Linux" time="0.000511426">
        </testcase>
        <testcase classname="src/services/shellExecutionService.test.ts" name="ShellExecutionService execution method selection &gt; should use node-pty when shouldUseNodePty is true and pty is available" time="0.001204568">
        </testcase>
        <testcase classname="src/services/shellExecutionService.test.ts" name="ShellExecutionService execution method selection &gt; should use child_process when shouldUseNodePty is false" time="0.0004759">
        </testcase>
        <testcase classname="src/services/shellExecutionService.test.ts" name="ShellExecutionService execution method selection &gt; should fall back to child_process if pty is not available even if shouldUseNodePty is true" time="0.000415718">
        </testcase>
    </testsuite>
    <testsuite name="src/telemetry/loggers.test.ts" timestamp="2025-10-01T18:54:56.623Z" hostname="uby" tests="15" failures="0" errors="0" skipped="0" time="0.034752012">
        <testcase classname="src/telemetry/loggers.test.ts" name="loggers &gt; logChatCompression &gt; logs the chat compression event to QwenLogger" time="0.023431729">
        </testcase>
        <testcase classname="src/telemetry/loggers.test.ts" name="loggers &gt; logChatCompression &gt; records the chat compression event to OTEL" time="0.001108259">
        </testcase>
        <testcase classname="src/telemetry/loggers.test.ts" name="loggers &gt; logCliConfiguration &gt; should log the cli configuration" time="0.000501037">
        </testcase>
        <testcase classname="src/telemetry/loggers.test.ts" name="loggers &gt; logUserPrompt &gt; should log a user prompt" time="0.000444452">
        </testcase>
        <testcase classname="src/telemetry/loggers.test.ts" name="loggers &gt; logUserPrompt &gt; should not log prompt if disabled" time="0.000287251">
        </testcase>
        <testcase classname="src/telemetry/loggers.test.ts" name="loggers &gt; logApiResponse &gt; should log an API response with all fields" time="0.000980493">
        </testcase>
        <testcase classname="src/telemetry/loggers.test.ts" name="loggers &gt; logApiResponse &gt; should log an API response with an error" time="0.000507258">
        </testcase>
        <testcase classname="src/telemetry/loggers.test.ts" name="loggers &gt; logApiRequest &gt; should log an API request with request_text" time="0.000380143">
        </testcase>
        <testcase classname="src/telemetry/loggers.test.ts" name="loggers &gt; logApiRequest &gt; should log an API request without request_text" time="0.000289014">
        </testcase>
        <testcase classname="src/telemetry/loggers.test.ts" name="loggers &gt; logFlashFallback &gt; should log flash fallback event" time="0.000533126">
        </testcase>
        <testcase classname="src/telemetry/loggers.test.ts" name="loggers &gt; logToolCall &gt; should log a tool call with all fields" time="0.001620527">
        </testcase>
        <testcase classname="src/telemetry/loggers.test.ts" name="loggers &gt; logToolCall &gt; should log a tool call with a reject decision" time="0.001177327">
        </testcase>
        <testcase classname="src/telemetry/loggers.test.ts" name="loggers &gt; logToolCall &gt; should log a tool call with a modify decision" time="0.000690987">
        </testcase>
        <testcase classname="src/telemetry/loggers.test.ts" name="loggers &gt; logToolCall &gt; should log a tool call without a decision" time="0.000758963">
        </testcase>
        <testcase classname="src/telemetry/loggers.test.ts" name="loggers &gt; logToolCall &gt; should log a failed tool call with an error" time="0.000565375">
        </testcase>
    </testsuite>
    <testsuite name="src/telemetry/metrics.test.ts" timestamp="2025-10-01T18:54:56.623Z" hostname="uby" tests="13" failures="0" errors="0" skipped="0" time="0.081877946">
        <testcase classname="src/telemetry/metrics.test.ts" name="Telemetry Metrics &gt; recordChatCompressionMetrics &gt; does not record metrics if not initialized" time="0.029063623">
        </testcase>
        <testcase classname="src/telemetry/metrics.test.ts" name="Telemetry Metrics &gt; recordChatCompressionMetrics &gt; records token compression with the correct attributes" time="0.006779506">
        </testcase>
        <testcase classname="src/telemetry/metrics.test.ts" name="Telemetry Metrics &gt; recordTokenUsageMetrics &gt; should not record metrics if not initialized" time="0.004095052">
        </testcase>
        <testcase classname="src/telemetry/metrics.test.ts" name="Telemetry Metrics &gt; recordTokenUsageMetrics &gt; should record token usage with the correct attributes" time="0.006892115">
        </testcase>
        <testcase classname="src/telemetry/metrics.test.ts" name="Telemetry Metrics &gt; recordTokenUsageMetrics &gt; should record token usage for different types" time="0.004141969">
        </testcase>
        <testcase classname="src/telemetry/metrics.test.ts" name="Telemetry Metrics &gt; recordTokenUsageMetrics &gt; should handle different models" time="0.003380762">
        </testcase>
        <testcase classname="src/telemetry/metrics.test.ts" name="Telemetry Metrics &gt; recordFileOperationMetric &gt; should not record metrics if not initialized" time="0.002361307">
        </testcase>
        <testcase classname="src/telemetry/metrics.test.ts" name="Telemetry Metrics &gt; recordFileOperationMetric &gt; should record file creation with all attributes" time="0.00414766">
        </testcase>
        <testcase classname="src/telemetry/metrics.test.ts" name="Telemetry Metrics &gt; recordFileOperationMetric &gt; should record file read with minimal attributes" time="0.003929596">
        </testcase>
        <testcase classname="src/telemetry/metrics.test.ts" name="Telemetry Metrics &gt; recordFileOperationMetric &gt; should record file update with some attributes" time="0.004556796">
        </testcase>
        <testcase classname="src/telemetry/metrics.test.ts" name="Telemetry Metrics &gt; recordFileOperationMetric &gt; should include diffStat when provided" time="0.004133834">
        </testcase>
        <testcase classname="src/telemetry/metrics.test.ts" name="Telemetry Metrics &gt; recordFileOperationMetric &gt; should not include diffStat attributes when diffStat is not provided" time="0.003583977">
        </testcase>
        <testcase classname="src/telemetry/metrics.test.ts" name="Telemetry Metrics &gt; recordFileOperationMetric &gt; should handle diffStat with all zero values" time="0.003370192">
        </testcase>
    </testsuite>
    <testsuite name="src/telemetry/sdk.test.ts" timestamp="2025-10-01T18:54:56.624Z" hostname="uby" tests="4" failures="0" errors="0" skipped="0" time="0.012566438">
        <testcase classname="src/telemetry/sdk.test.ts" name="Telemetry SDK &gt; should use gRPC exporters when protocol is grpc" time="0.006228357">
        </testcase>
        <testcase classname="src/telemetry/sdk.test.ts" name="Telemetry SDK &gt; should use HTTP exporters when protocol is http" time="0.001368701">
        </testcase>
        <testcase classname="src/telemetry/sdk.test.ts" name="Telemetry SDK &gt; should parse gRPC endpoint correctly" time="0.002527343">
        </testcase>
        <testcase classname="src/telemetry/sdk.test.ts" name="Telemetry SDK &gt; should parse HTTP endpoint correctly" time="0.001131482">
        </testcase>
    </testsuite>
    <testsuite name="src/telemetry/telemetry-utils.test.ts" timestamp="2025-10-01T18:54:56.624Z" hostname="uby" tests="6" failures="0" errors="0" skipped="0" time="0.003056772">
        <testcase classname="src/telemetry/telemetry-utils.test.ts" name="getProgrammingLanguage &gt; should return the programming language when file_path is present" time="0.001207543">
        </testcase>
        <testcase classname="src/telemetry/telemetry-utils.test.ts" name="getProgrammingLanguage &gt; should return the programming language when absolute_path is present" time="0.000280308">
        </testcase>
        <testcase classname="src/telemetry/telemetry-utils.test.ts" name="getProgrammingLanguage &gt; should return the programming language when path is present" time="0.000103953">
        </testcase>
        <testcase classname="src/telemetry/telemetry-utils.test.ts" name="getProgrammingLanguage &gt; should return undefined when no file path is present" time="0.0001077">
        </testcase>
        <testcase classname="src/telemetry/telemetry-utils.test.ts" name="getProgrammingLanguage &gt; should handle unknown file extensions gracefully" time="0.000083224">
        </testcase>
        <testcase classname="src/telemetry/telemetry-utils.test.ts" name="getProgrammingLanguage &gt; should handle files with no extension" time="0.00008119">
        </testcase>
    </testsuite>
    <testsuite name="src/telemetry/telemetry.test.ts" timestamp="2025-10-01T18:54:56.624Z" hostname="uby" tests="2" failures="0" errors="0" skipped="0" time="0.009156923">
        <testcase classname="src/telemetry/telemetry.test.ts" name="telemetry &gt; should initialize the telemetry service" time="0.006068752">
        </testcase>
        <testcase classname="src/telemetry/telemetry.test.ts" name="telemetry &gt; should shutdown the telemetry service" time="0.002280417">
        </testcase>
    </testsuite>
    <testsuite name="src/telemetry/uiTelemetry.test.ts" timestamp="2025-10-01T18:54:56.624Z" hostname="uby" tests="19" failures="0" errors="0" skipped="0" time="0.040940737">
        <testcase classname="src/telemetry/uiTelemetry.test.ts" name="UiTelemetryService &gt; should have correct initial metrics" time="0.002266011">
        </testcase>
        <testcase classname="src/telemetry/uiTelemetry.test.ts" name="UiTelemetryService &gt; should emit an update event when an event is added" time="0.001322315">
        </testcase>
        <testcase classname="src/telemetry/uiTelemetry.test.ts" name="UiTelemetryService &gt; API Response Event Processing &gt; should process a single ApiResponseEvent" time="0.000234103">
        </testcase>
        <testcase classname="src/telemetry/uiTelemetry.test.ts" name="UiTelemetryService &gt; API Response Event Processing &gt; should aggregate multiple ApiResponseEvents for the same model" time="0.000217452">
        </testcase>
        <testcase classname="src/telemetry/uiTelemetry.test.ts" name="UiTelemetryService &gt; API Response Event Processing &gt; should handle ApiResponseEvents for different models" time="0.000232029">
        </testcase>
        <testcase classname="src/telemetry/uiTelemetry.test.ts" name="UiTelemetryService &gt; API Error Event Processing &gt; should process a single ApiErrorEvent" time="0.00021639">
        </testcase>
        <testcase classname="src/telemetry/uiTelemetry.test.ts" name="UiTelemetryService &gt; API Error Event Processing &gt; should aggregate ApiErrorEvents and ApiResponseEvents" time="0.000161459">
        </testcase>
        <testcase classname="src/telemetry/uiTelemetry.test.ts" name="UiTelemetryService &gt; Tool Call Event Processing &gt; should process a single successful ToolCallEvent" time="0.02658466">
        </testcase>
        <testcase classname="src/telemetry/uiTelemetry.test.ts" name="UiTelemetryService &gt; Tool Call Event Processing &gt; should process a single failed ToolCallEvent" time="0.000580293">
        </testcase>
        <testcase classname="src/telemetry/uiTelemetry.test.ts" name="UiTelemetryService &gt; Tool Call Event Processing &gt; should process a ToolCallEvent with modify decision" time="0.000869898">
        </testcase>
        <testcase classname="src/telemetry/uiTelemetry.test.ts" name="UiTelemetryService &gt; Tool Call Event Processing &gt; should process a ToolCallEvent without a decision" time="0.000801182">
        </testcase>
        <testcase classname="src/telemetry/uiTelemetry.test.ts" name="UiTelemetryService &gt; Tool Call Event Processing &gt; should aggregate multiple ToolCallEvents for the same tool" time="0.001051213">
        </testcase>
        <testcase classname="src/telemetry/uiTelemetry.test.ts" name="UiTelemetryService &gt; Tool Call Event Processing &gt; should handle ToolCallEvents for different tools" time="0.000808725">
        </testcase>
        <testcase classname="src/telemetry/uiTelemetry.test.ts" name="UiTelemetryService &gt; resetLastPromptTokenCount &gt; should reset the last prompt token count to 0" time="0.000135991">
        </testcase>
        <testcase classname="src/telemetry/uiTelemetry.test.ts" name="UiTelemetryService &gt; resetLastPromptTokenCount &gt; should emit an update event when resetLastPromptTokenCount is called" time="0.000214727">
        </testcase>
        <testcase classname="src/telemetry/uiTelemetry.test.ts" name="UiTelemetryService &gt; resetLastPromptTokenCount &gt; should not affect other metrics when resetLastPromptTokenCount is called" time="0.000109613">
        </testcase>
        <testcase classname="src/telemetry/uiTelemetry.test.ts" name="UiTelemetryService &gt; resetLastPromptTokenCount &gt; should work correctly when called multiple times" time="0.000150899">
        </testcase>
        <testcase classname="src/telemetry/uiTelemetry.test.ts" name="UiTelemetryService &gt; Tool Call Event with Line Count Metadata &gt; should aggregate valid line count metadata" time="0.000872774">
        </testcase>
        <testcase classname="src/telemetry/uiTelemetry.test.ts" name="UiTelemetryService &gt; Tool Call Event with Line Count Metadata &gt; should ignore null/undefined values in line count metadata" time="0.002542762">
        </testcase>
    </testsuite>
    <testsuite name="src/subagents/builtin-agents.test.ts" timestamp="2025-10-01T18:54:56.625Z" hostname="uby" tests="8" failures="0" errors="0" skipped="0" time="0.005563368">
        <testcase classname="src/subagents/builtin-agents.test.ts" name="BuiltinAgentRegistry &gt; getBuiltinAgents &gt; should return array of builtin agents with correct properties" time="0.002511194">
        </testcase>
        <testcase classname="src/subagents/builtin-agents.test.ts" name="BuiltinAgentRegistry &gt; getBuiltinAgents &gt; should include general-purpose agent" time="0.000268136">
        </testcase>
        <testcase classname="src/subagents/builtin-agents.test.ts" name="BuiltinAgentRegistry &gt; getBuiltinAgent &gt; should return correct agent for valid name" time="0.00015675">
        </testcase>
        <testcase classname="src/subagents/builtin-agents.test.ts" name="BuiltinAgentRegistry &gt; getBuiltinAgent &gt; should return null for invalid name" time="0.000121916">
        </testcase>
        <testcase classname="src/subagents/builtin-agents.test.ts" name="BuiltinAgentRegistry &gt; isBuiltinAgent &gt; should return true for valid builtin agent names" time="0.000132946">
        </testcase>
        <testcase classname="src/subagents/builtin-agents.test.ts" name="BuiltinAgentRegistry &gt; isBuiltinAgent &gt; should return false for invalid names" time="0.000065632">
        </testcase>
        <testcase classname="src/subagents/builtin-agents.test.ts" name="BuiltinAgentRegistry &gt; getBuiltinAgentNames &gt; should return array of agent names" time="0.000612633">
        </testcase>
        <testcase classname="src/subagents/builtin-agents.test.ts" name="BuiltinAgentRegistry &gt; consistency &gt; should maintain consistency across all methods" time="0.000242468">
        </testcase>
    </testsuite>
    <testsuite name="src/subagents/subagent-manager.test.ts" timestamp="2025-10-01T18:54:56.625Z" hostname="uby" tests="52" failures="0" errors="0" skipped="0" time="0.091482526">
        <testcase classname="src/subagents/subagent-manager.test.ts" name="SubagentManager &gt; parseSubagentContent &gt; should parse valid markdown content" time="0.033342916">
            <system-out>
Failed to initialize logger: TypeError: The &quot;path&quot; argument must be of type string. Received undefined
[90m    at Proxy.join (node:path:1339:7)[39m
    at Storage.getGlobalGeminiDir [90m(/home/atmandk/LowCal-dev/packages/core/[39msrc/config/storage.ts:26:19[90m)[39m
    at Storage.getGlobalTempDir [90m(/home/atmandk/LowCal-dev/packages/core/[39msrc/config/storage.ts:56:30[90m)[39m
    at Storage.getProjectTempDir [90m(/home/atmandk/LowCal-dev/packages/core/[39msrc/config/storage.ts:65:29[90m)[39m
    at Logger.initialize [90m(/home/atmandk/LowCal-dev/packages/core/[39msrc/core/logger.ts:144:33[90m)[39m
    at new Config [90m(/home/atmandk/LowCal-dev/packages/core/[39msrc/config/config.ts:454:17[90m)[39m
    at Module.makeFakeConfig [90m(/home/atmandk/LowCal-dev/packages/core/[39msrc/test-utils/config.ts:33:10[90m)[39m
    at [90m/home/atmandk/LowCal-dev/packages/core/[39msrc/subagents/subagent-manager.test.ts:58:18
    at file:///home/atmandk/LowCal-dev/node_modules/[4m@vitest/runner[24m/dist/chunk-hooks.js:155:11
    at file:///home/atmandk/LowCal-dev/node_modules/[4m@vitest/runner[24m/dist/chunk-hooks.js:1897:20 {
  code: [32m&apos;ERR_INVALID_ARG_TYPE&apos;[39m
}

            </system-out>
            <system-err>
Error accessing installation ID file, generating ephemeral ID: TypeError: The &quot;path&quot; argument must be of type string. Received undefined
[90m    at Proxy.join (node:path:1339:7)[39m
    at Storage.getGlobalGeminiDir [90m(/home/atmandk/LowCal-dev/packages/core/[39msrc/config/storage.ts:26:19[90m)[39m
    at Storage.getInstallationIdPath [90m(/home/atmandk/LowCal-dev/packages/core/[39msrc/config/storage.ts:40:30[90m)[39m
    at InstallationManager.getInstallationIdPath [90m(/home/atmandk/LowCal-dev/packages/core/[39msrc/utils/installationManager.ts:14:20[90m)[39m
    at InstallationManager.readInstallationIdFromFile [90m(/home/atmandk/LowCal-dev/packages/core/[39msrc/utils/installationManager.ts:18:37[90m)[39m
    at InstallationManager.getInstallationId [90m(/home/atmandk/LowCal-dev/packages/core/[39msrc/utils/installationManager.ts:42:33[90m)[39m
    at QwenLogger.generateUserId [90m(/home/atmandk/LowCal-dev/packages/core/[39msrc/telemetry/qwen-logger/qwen-logger.ts:123:53[90m)[39m
    at new QwenLogger [90m(/home/atmandk/LowCal-dev/packages/core/[39msrc/telemetry/qwen-logger/qwen-logger.ts:114:24[90m)[39m
    at QwenLogger.getInstance [90m(/home/atmandk/LowCal-dev/packages/core/[39msrc/telemetry/qwen-logger/qwen-logger.ts:131:29[90m)[39m
    at logCliConfiguration [90m(/home/atmandk/LowCal-dev/packages/core/[39msrc/telemetry/loggers.ts:85:14[90m)[39m {
  code: [32m&apos;ERR_INVALID_ARG_TYPE&apos;[39m
}

            </system-err>
        </testcase>
        <testcase classname="src/subagents/subagent-manager.test.ts" name="SubagentManager &gt; parseSubagentContent &gt; should parse content with tools" time="0.00196333">
            <system-out>
Failed to initialize logger: TypeError: The &quot;path&quot; argument must be of type string. Received undefined
[90m    at Proxy.join (node:path:1339:7)[39m
    at Storage.getGlobalGeminiDir [90m(/home/atmandk/LowCal-dev/packages/core/[39msrc/config/storage.ts:26:19[90m)[39m
    at Storage.getGlobalTempDir [90m(/home/atmandk/LowCal-dev/packages/core/[39msrc/config/storage.ts:56:30[90m)[39m
    at Storage.getProjectTempDir [90m(/home/atmandk/LowCal-dev/packages/core/[39msrc/config/storage.ts:65:29[90m)[39m
    at Logger.initialize [90m(/home/atmandk/LowCal-dev/packages/core/[39msrc/core/logger.ts:144:33[90m)[39m
    at new Config [90m(/home/atmandk/LowCal-dev/packages/core/[39msrc/config/config.ts:454:17[90m)[39m
    at Module.makeFakeConfig [90m(/home/atmandk/LowCal-dev/packages/core/[39msrc/test-utils/config.ts:33:10[90m)[39m
    at [90m/home/atmandk/LowCal-dev/packages/core/[39msrc/subagents/subagent-manager.test.ts:58:18
    at file:///home/atmandk/LowCal-dev/node_modules/[4m@vitest/runner[24m/dist/chunk-hooks.js:155:11
    at file:///home/atmandk/LowCal-dev/node_modules/[4m@vitest/runner[24m/dist/chunk-hooks.js:1897:20 {
  code: [32m&apos;ERR_INVALID_ARG_TYPE&apos;[39m
}

            </system-out>
        </testcase>
        <testcase classname="src/subagents/subagent-manager.test.ts" name="SubagentManager &gt; parseSubagentContent &gt; should parse content with model config" time="0.00109747">
            <system-out>
Failed to initialize logger: TypeError: The &quot;path&quot; argument must be of type string. Received undefined
[90m    at Proxy.join (node:path:1339:7)[39m
    at Storage.getGlobalGeminiDir [90m(/home/atmandk/LowCal-dev/packages/core/[39msrc/config/storage.ts:26:19[90m)[39m
    at Storage.getGlobalTempDir [90m(/home/atmandk/LowCal-dev/packages/core/[39msrc/config/storage.ts:56:30[90m)[39m
    at Storage.getProjectTempDir [90m(/home/atmandk/LowCal-dev/packages/core/[39msrc/config/storage.ts:65:29[90m)[39m
    at Logger.initialize [90m(/home/atmandk/LowCal-dev/packages/core/[39msrc/core/logger.ts:144:33[90m)[39m
    at new Config [90m(/home/atmandk/LowCal-dev/packages/core/[39msrc/config/config.ts:454:17[90m)[39m
    at Module.makeFakeConfig [90m(/home/atmandk/LowCal-dev/packages/core/[39msrc/test-utils/config.ts:33:10[90m)[39m
    at [90m/home/atmandk/LowCal-dev/packages/core/[39msrc/subagents/subagent-manager.test.ts:58:18
    at file:///home/atmandk/LowCal-dev/node_modules/[4m@vitest/runner[24m/dist/chunk-hooks.js:155:11
    at file:///home/atmandk/LowCal-dev/node_modules/[4m@vitest/runner[24m/dist/chunk-hooks.js:1897:20 {
  code: [32m&apos;ERR_INVALID_ARG_TYPE&apos;[39m
}

            </system-out>
        </testcase>
        <testcase classname="src/subagents/subagent-manager.test.ts" name="SubagentManager &gt; parseSubagentContent &gt; should parse content with run config" time="0.000741341">
            <system-out>
Failed to initialize logger: TypeError: The &quot;path&quot; argument must be of type string. Received undefined
[90m    at Proxy.join (node:path:1339:7)[39m
    at Storage.getGlobalGeminiDir [90m(/home/atmandk/LowCal-dev/packages/core/[39msrc/config/storage.ts:26:19[90m)[39m
    at Storage.getGlobalTempDir [90m(/home/atmandk/LowCal-dev/packages/core/[39msrc/config/storage.ts:56:30[90m)[39m
    at Storage.getProjectTempDir [90m(/home/atmandk/LowCal-dev/packages/core/[39msrc/config/storage.ts:65:29[90m)[39m
    at Logger.initialize [90m(/home/atmandk/LowCal-dev/packages/core/[39msrc/core/logger.ts:144:33[90m)[39m
    at new Config [90m(/home/atmandk/LowCal-dev/packages/core/[39msrc/config/config.ts:454:17[90m)[39m
    at Module.makeFakeConfig [90m(/home/atmandk/LowCal-dev/packages/core/[39msrc/test-utils/config.ts:33:10[90m)[39m
    at [90m/home/atmandk/LowCal-dev/packages/core/[39msrc/subagents/subagent-manager.test.ts:58:18
    at file:///home/atmandk/LowCal-dev/node_modules/[4m@vitest/runner[24m/dist/chunk-hooks.js:155:11
    at file:///home/atmandk/LowCal-dev/node_modules/[4m@vitest/runner[24m/dist/chunk-hooks.js:1897:20 {
  code: [32m&apos;ERR_INVALID_ARG_TYPE&apos;[39m
}

            </system-out>
        </testcase>
        <testcase classname="src/subagents/subagent-manager.test.ts" name="SubagentManager &gt; parseSubagentContent &gt; should handle numeric name and description values" time="0.000624766">
            <system-out>
Failed to initialize logger: TypeError: The &quot;path&quot; argument must be of type string. Received undefined
[90m    at Proxy.join (node:path:1339:7)[39m
    at Storage.getGlobalGeminiDir [90m(/home/atmandk/LowCal-dev/packages/core/[39msrc/config/storage.ts:26:19[90m)[39m
    at Storage.getGlobalTempDir [90m(/home/atmandk/LowCal-dev/packages/core/[39msrc/config/storage.ts:56:30[90m)[39m
    at Storage.getProjectTempDir [90m(/home/atmandk/LowCal-dev/packages/core/[39msrc/config/storage.ts:65:29[90m)[39m
    at Logger.initialize [90m(/home/atmandk/LowCal-dev/packages/core/[39msrc/core/logger.ts:144:33[90m)[39m
    at new Config [90m(/home/atmandk/LowCal-dev/packages/core/[39msrc/config/config.ts:454:17[90m)[39m
    at Module.makeFakeConfig [90m(/home/atmandk/LowCal-dev/packages/core/[39msrc/test-utils/config.ts:33:10[90m)[39m
    at [90m/home/atmandk/LowCal-dev/packages/core/[39msrc/subagents/subagent-manager.test.ts:58:18
    at file:///home/atmandk/LowCal-dev/node_modules/[4m@vitest/runner[24m/dist/chunk-hooks.js:155:11
    at file:///home/atmandk/LowCal-dev/node_modules/[4m@vitest/runner[24m/dist/chunk-hooks.js:1897:20 {
  code: [32m&apos;ERR_INVALID_ARG_TYPE&apos;[39m
}

            </system-out>
        </testcase>
        <testcase classname="src/subagents/subagent-manager.test.ts" name="SubagentManager &gt; parseSubagentContent &gt; should handle boolean name and description values" time="0.000684546">
            <system-out>
Failed to initialize logger: TypeError: The &quot;path&quot; argument must be of type string. Received undefined
[90m    at Proxy.join (node:path:1339:7)[39m
    at Storage.getGlobalGeminiDir [90m(/home/atmandk/LowCal-dev/packages/core/[39msrc/config/storage.ts:26:19[90m)[39m
    at Storage.getGlobalTempDir [90m(/home/atmandk/LowCal-dev/packages/core/[39msrc/config/storage.ts:56:30[90m)[39m
    at Storage.getProjectTempDir [90m(/home/atmandk/LowCal-dev/packages/core/[39msrc/config/storage.ts:65:29[90m)[39m
    at Logger.initialize [90m(/home/atmandk/LowCal-dev/packages/core/[39msrc/core/logger.ts:144:33[90m)[39m
    at new Config [90m(/home/atmandk/LowCal-dev/packages/core/[39msrc/config/config.ts:454:17[90m)[39m
    at Module.makeFakeConfig [90m(/home/atmandk/LowCal-dev/packages/core/[39msrc/test-utils/config.ts:33:10[90m)[39m
    at [90m/home/atmandk/LowCal-dev/packages/core/[39msrc/subagents/subagent-manager.test.ts:58:18
    at file:///home/atmandk/LowCal-dev/node_modules/[4m@vitest/runner[24m/dist/chunk-hooks.js:155:11
    at file:///home/atmandk/LowCal-dev/node_modules/[4m@vitest/runner[24m/dist/chunk-hooks.js:1897:20 {
  code: [32m&apos;ERR_INVALID_ARG_TYPE&apos;[39m
}

            </system-out>
        </testcase>
        <testcase classname="src/subagents/subagent-manager.test.ts" name="SubagentManager &gt; parseSubagentContent &gt; should determine level from file path" time="0.000791463">
            <system-out>
Failed to initialize logger: TypeError: The &quot;path&quot; argument must be of type string. Received undefined
[90m    at Proxy.join (node:path:1339:7)[39m
    at Storage.getGlobalGeminiDir [90m(/home/atmandk/LowCal-dev/packages/core/[39msrc/config/storage.ts:26:19[90m)[39m
    at Storage.getGlobalTempDir [90m(/home/atmandk/LowCal-dev/packages/core/[39msrc/config/storage.ts:56:30[90m)[39m
    at Storage.getProjectTempDir [90m(/home/atmandk/LowCal-dev/packages/core/[39msrc/config/storage.ts:65:29[90m)[39m
    at Logger.initialize [90m(/home/atmandk/LowCal-dev/packages/core/[39msrc/core/logger.ts:144:33[90m)[39m
    at new Config [90m(/home/atmandk/LowCal-dev/packages/core/[39msrc/config/config.ts:454:17[90m)[39m
    at Module.makeFakeConfig [90m(/home/atmandk/LowCal-dev/packages/core/[39msrc/test-utils/config.ts:33:10[90m)[39m
    at [90m/home/atmandk/LowCal-dev/packages/core/[39msrc/subagents/subagent-manager.test.ts:58:18
    at file:///home/atmandk/LowCal-dev/node_modules/[4m@vitest/runner[24m/dist/chunk-hooks.js:155:11
    at file:///home/atmandk/LowCal-dev/node_modules/[4m@vitest/runner[24m/dist/chunk-hooks.js:1897:20 {
  code: [32m&apos;ERR_INVALID_ARG_TYPE&apos;[39m
}

            </system-out>
        </testcase>
        <testcase classname="src/subagents/subagent-manager.test.ts" name="SubagentManager &gt; parseSubagentContent &gt; should throw error for invalid frontmatter format" time="0.001086449">
            <system-out>
Failed to initialize logger: TypeError: The &quot;path&quot; argument must be of type string. Received undefined
[90m    at Proxy.join (node:path:1339:7)[39m
    at Storage.getGlobalGeminiDir [90m(/home/atmandk/LowCal-dev/packages/core/[39msrc/config/storage.ts:26:19[90m)[39m
    at Storage.getGlobalTempDir [90m(/home/atmandk/LowCal-dev/packages/core/[39msrc/config/storage.ts:56:30[90m)[39m
    at Storage.getProjectTempDir [90m(/home/atmandk/LowCal-dev/packages/core/[39msrc/config/storage.ts:65:29[90m)[39m
    at Logger.initialize [90m(/home/atmandk/LowCal-dev/packages/core/[39msrc/core/logger.ts:144:33[90m)[39m
    at new Config [90m(/home/atmandk/LowCal-dev/packages/core/[39msrc/config/config.ts:454:17[90m)[39m
    at Module.makeFakeConfig [90m(/home/atmandk/LowCal-dev/packages/core/[39msrc/test-utils/config.ts:33:10[90m)[39m
    at [90m/home/atmandk/LowCal-dev/packages/core/[39msrc/subagents/subagent-manager.test.ts:58:18
    at file:///home/atmandk/LowCal-dev/node_modules/[4m@vitest/runner[24m/dist/chunk-hooks.js:155:11
    at file:///home/atmandk/LowCal-dev/node_modules/[4m@vitest/runner[24m/dist/chunk-hooks.js:1897:20 {
  code: [32m&apos;ERR_INVALID_ARG_TYPE&apos;[39m
}

            </system-out>
        </testcase>
        <testcase classname="src/subagents/subagent-manager.test.ts" name="SubagentManager &gt; parseSubagentContent &gt; should throw error for missing name" time="0.000825477">
            <system-out>
Failed to initialize logger: TypeError: The &quot;path&quot; argument must be of type string. Received undefined
[90m    at Proxy.join (node:path:1339:7)[39m
    at Storage.getGlobalGeminiDir [90m(/home/atmandk/LowCal-dev/packages/core/[39msrc/config/storage.ts:26:19[90m)[39m
    at Storage.getGlobalTempDir [90m(/home/atmandk/LowCal-dev/packages/core/[39msrc/config/storage.ts:56:30[90m)[39m
    at Storage.getProjectTempDir [90m(/home/atmandk/LowCal-dev/packages/core/[39msrc/config/storage.ts:65:29[90m)[39m
    at Logger.initialize [90m(/home/atmandk/LowCal-dev/packages/core/[39msrc/core/logger.ts:144:33[90m)[39m
    at new Config [90m(/home/atmandk/LowCal-dev/packages/core/[39msrc/config/config.ts:454:17[90m)[39m
    at Module.makeFakeConfig [90m(/home/atmandk/LowCal-dev/packages/core/[39msrc/test-utils/config.ts:33:10[90m)[39m
    at [90m/home/atmandk/LowCal-dev/packages/core/[39msrc/subagents/subagent-manager.test.ts:58:18
    at file:///home/atmandk/LowCal-dev/node_modules/[4m@vitest/runner[24m/dist/chunk-hooks.js:155:11
    at file:///home/atmandk/LowCal-dev/node_modules/[4m@vitest/runner[24m/dist/chunk-hooks.js:1897:20 {
  code: [32m&apos;ERR_INVALID_ARG_TYPE&apos;[39m
}

            </system-out>
        </testcase>
        <testcase classname="src/subagents/subagent-manager.test.ts" name="SubagentManager &gt; parseSubagentContent &gt; should throw error for missing description" time="0.000622682">
            <system-out>
Failed to initialize logger: TypeError: The &quot;path&quot; argument must be of type string. Received undefined
[90m    at Proxy.join (node:path:1339:7)[39m
    at Storage.getGlobalGeminiDir [90m(/home/atmandk/LowCal-dev/packages/core/[39msrc/config/storage.ts:26:19[90m)[39m
    at Storage.getGlobalTempDir [90m(/home/atmandk/LowCal-dev/packages/core/[39msrc/config/storage.ts:56:30[90m)[39m
    at Storage.getProjectTempDir [90m(/home/atmandk/LowCal-dev/packages/core/[39msrc/config/storage.ts:65:29[90m)[39m
    at Logger.initialize [90m(/home/atmandk/LowCal-dev/packages/core/[39msrc/core/logger.ts:144:33[90m)[39m
    at new Config [90m(/home/atmandk/LowCal-dev/packages/core/[39msrc/config/config.ts:454:17[90m)[39m
    at Module.makeFakeConfig [90m(/home/atmandk/LowCal-dev/packages/core/[39msrc/test-utils/config.ts:33:10[90m)[39m
    at [90m/home/atmandk/LowCal-dev/packages/core/[39msrc/subagents/subagent-manager.test.ts:58:18
    at file:///home/atmandk/LowCal-dev/node_modules/[4m@vitest/runner[24m/dist/chunk-hooks.js:155:11
    at file:///home/atmandk/LowCal-dev/node_modules/[4m@vitest/runner[24m/dist/chunk-hooks.js:1897:20 {
  code: [32m&apos;ERR_INVALID_ARG_TYPE&apos;[39m
}

            </system-out>
        </testcase>
        <testcase classname="src/subagents/subagent-manager.test.ts" name="SubagentManager &gt; parseSubagentContent &gt; should not warn when filename matches subagent name" time="0.000960566">
            <system-out>
Failed to initialize logger: TypeError: The &quot;path&quot; argument must be of type string. Received undefined
[90m    at Proxy.join (node:path:1339:7)[39m
    at Storage.getGlobalGeminiDir [90m(/home/atmandk/LowCal-dev/packages/core/[39msrc/config/storage.ts:26:19[90m)[39m
    at Storage.getGlobalTempDir [90m(/home/atmandk/LowCal-dev/packages/core/[39msrc/config/storage.ts:56:30[90m)[39m
    at Storage.getProjectTempDir [90m(/home/atmandk/LowCal-dev/packages/core/[39msrc/config/storage.ts:65:29[90m)[39m
    at Logger.initialize [90m(/home/atmandk/LowCal-dev/packages/core/[39msrc/core/logger.ts:144:33[90m)[39m
    at new Config [90m(/home/atmandk/LowCal-dev/packages/core/[39msrc/config/config.ts:454:17[90m)[39m
    at Module.makeFakeConfig [90m(/home/atmandk/LowCal-dev/packages/core/[39msrc/test-utils/config.ts:33:10[90m)[39m
    at [90m/home/atmandk/LowCal-dev/packages/core/[39msrc/subagents/subagent-manager.test.ts:58:18
    at file:///home/atmandk/LowCal-dev/node_modules/[4m@vitest/runner[24m/dist/chunk-hooks.js:155:11
    at file:///home/atmandk/LowCal-dev/node_modules/[4m@vitest/runner[24m/dist/chunk-hooks.js:1897:20 {
  code: [32m&apos;ERR_INVALID_ARG_TYPE&apos;[39m
}

            </system-out>
        </testcase>
        <testcase classname="src/subagents/subagent-manager.test.ts" name="SubagentManager &gt; serializeSubagent &gt; should serialize basic configuration" time="0.000869728">
            <system-out>
Failed to initialize logger: TypeError: The &quot;path&quot; argument must be of type string. Received undefined
[90m    at Proxy.join (node:path:1339:7)[39m
    at Storage.getGlobalGeminiDir [90m(/home/atmandk/LowCal-dev/packages/core/[39msrc/config/storage.ts:26:19[90m)[39m
    at Storage.getGlobalTempDir [90m(/home/atmandk/LowCal-dev/packages/core/[39msrc/config/storage.ts:56:30[90m)[39m
    at Storage.getProjectTempDir [90m(/home/atmandk/LowCal-dev/packages/core/[39msrc/config/storage.ts:65:29[90m)[39m
    at Logger.initialize [90m(/home/atmandk/LowCal-dev/packages/core/[39msrc/core/logger.ts:144:33[90m)[39m
    at new Config [90m(/home/atmandk/LowCal-dev/packages/core/[39msrc/config/config.ts:454:17[90m)[39m
    at Module.makeFakeConfig [90m(/home/atmandk/LowCal-dev/packages/core/[39msrc/test-utils/config.ts:33:10[90m)[39m
    at [90m/home/atmandk/LowCal-dev/packages/core/[39msrc/subagents/subagent-manager.test.ts:58:18
    at file:///home/atmandk/LowCal-dev/node_modules/[4m@vitest/runner[24m/dist/chunk-hooks.js:155:11
    at file:///home/atmandk/LowCal-dev/node_modules/[4m@vitest/runner[24m/dist/chunk-hooks.js:1897:20 {
  code: [32m&apos;ERR_INVALID_ARG_TYPE&apos;[39m
}

            </system-out>
        </testcase>
        <testcase classname="src/subagents/subagent-manager.test.ts" name="SubagentManager &gt; serializeSubagent &gt; should serialize configuration with tools" time="0.00062175">
            <system-out>
Failed to initialize logger: TypeError: The &quot;path&quot; argument must be of type string. Received undefined
[90m    at Proxy.join (node:path:1339:7)[39m
    at Storage.getGlobalGeminiDir [90m(/home/atmandk/LowCal-dev/packages/core/[39msrc/config/storage.ts:26:19[90m)[39m
    at Storage.getGlobalTempDir [90m(/home/atmandk/LowCal-dev/packages/core/[39msrc/config/storage.ts:56:30[90m)[39m
    at Storage.getProjectTempDir [90m(/home/atmandk/LowCal-dev/packages/core/[39msrc/config/storage.ts:65:29[90m)[39m
    at Logger.initialize [90m(/home/atmandk/LowCal-dev/packages/core/[39msrc/core/logger.ts:144:33[90m)[39m
    at new Config [90m(/home/atmandk/LowCal-dev/packages/core/[39msrc/config/config.ts:454:17[90m)[39m
    at Module.makeFakeConfig [90m(/home/atmandk/LowCal-dev/packages/core/[39msrc/test-utils/config.ts:33:10[90m)[39m
    at [90m/home/atmandk/LowCal-dev/packages/core/[39msrc/subagents/subagent-manager.test.ts:58:18
    at file:///home/atmandk/LowCal-dev/node_modules/[4m@vitest/runner[24m/dist/chunk-hooks.js:155:11
    at file:///home/atmandk/LowCal-dev/node_modules/[4m@vitest/runner[24m/dist/chunk-hooks.js:1897:20 {
  code: [32m&apos;ERR_INVALID_ARG_TYPE&apos;[39m
}

            </system-out>
        </testcase>
        <testcase classname="src/subagents/subagent-manager.test.ts" name="SubagentManager &gt; serializeSubagent &gt; should serialize configuration with model config" time="0.000580844">
            <system-out>
Failed to initialize logger: TypeError: The &quot;path&quot; argument must be of type string. Received undefined
[90m    at Proxy.join (node:path:1339:7)[39m
    at Storage.getGlobalGeminiDir [90m(/home/atmandk/LowCal-dev/packages/core/[39msrc/config/storage.ts:26:19[90m)[39m
    at Storage.getGlobalTempDir [90m(/home/atmandk/LowCal-dev/packages/core/[39msrc/config/storage.ts:56:30[90m)[39m
    at Storage.getProjectTempDir [90m(/home/atmandk/LowCal-dev/packages/core/[39msrc/config/storage.ts:65:29[90m)[39m
    at Logger.initialize [90m(/home/atmandk/LowCal-dev/packages/core/[39msrc/core/logger.ts:144:33[90m)[39m
    at new Config [90m(/home/atmandk/LowCal-dev/packages/core/[39msrc/config/config.ts:454:17[90m)[39m
    at Module.makeFakeConfig [90m(/home/atmandk/LowCal-dev/packages/core/[39msrc/test-utils/config.ts:33:10[90m)[39m
    at [90m/home/atmandk/LowCal-dev/packages/core/[39msrc/subagents/subagent-manager.test.ts:58:18
    at file:///home/atmandk/LowCal-dev/node_modules/[4m@vitest/runner[24m/dist/chunk-hooks.js:155:11
    at file:///home/atmandk/LowCal-dev/node_modules/[4m@vitest/runner[24m/dist/chunk-hooks.js:1897:20 {
  code: [32m&apos;ERR_INVALID_ARG_TYPE&apos;[39m
}

            </system-out>
        </testcase>
        <testcase classname="src/subagents/subagent-manager.test.ts" name="SubagentManager &gt; serializeSubagent &gt; should not include empty optional fields" time="0.000575755">
            <system-out>
Failed to initialize logger: TypeError: The &quot;path&quot; argument must be of type string. Received undefined
[90m    at Proxy.join (node:path:1339:7)[39m
    at Storage.getGlobalGeminiDir [90m(/home/atmandk/LowCal-dev/packages/core/[39msrc/config/storage.ts:26:19[90m)[39m
    at Storage.getGlobalTempDir [90m(/home/atmandk/LowCal-dev/packages/core/[39msrc/config/storage.ts:56:30[90m)[39m
    at Storage.getProjectTempDir [90m(/home/atmandk/LowCal-dev/packages/core/[39msrc/config/storage.ts:65:29[90m)[39m
    at Logger.initialize [90m(/home/atmandk/LowCal-dev/packages/core/[39msrc/core/logger.ts:144:33[90m)[39m
    at new Config [90m(/home/atmandk/LowCal-dev/packages/core/[39msrc/config/config.ts:454:17[90m)[39m
    at Module.makeFakeConfig [90m(/home/atmandk/LowCal-dev/packages/core/[39msrc/test-utils/config.ts:33:10[90m)[39m
    at [90m/home/atmandk/LowCal-dev/packages/core/[39msrc/subagents/subagent-manager.test.ts:58:18
    at file:///home/atmandk/LowCal-dev/node_modules/[4m@vitest/runner[24m/dist/chunk-hooks.js:155:11
    at file:///home/atmandk/LowCal-dev/node_modules/[4m@vitest/runner[24m/dist/chunk-hooks.js:1897:20 {
  code: [32m&apos;ERR_INVALID_ARG_TYPE&apos;[39m
}

            </system-out>
        </testcase>
        <testcase classname="src/subagents/subagent-manager.test.ts" name="SubagentManager &gt; createSubagent &gt; should create subagent successfully" time="0.002715992">
            <system-out>
Failed to initialize logger: TypeError: The &quot;path&quot; argument must be of type string. Received undefined
[90m    at Proxy.join (node:path:1339:7)[39m
    at Storage.getGlobalGeminiDir [90m(/home/atmandk/LowCal-dev/packages/core/[39msrc/config/storage.ts:26:19[90m)[39m
    at Storage.getGlobalTempDir [90m(/home/atmandk/LowCal-dev/packages/core/[39msrc/config/storage.ts:56:30[90m)[39m
    at Storage.getProjectTempDir [90m(/home/atmandk/LowCal-dev/packages/core/[39msrc/config/storage.ts:65:29[90m)[39m
    at Logger.initialize [90m(/home/atmandk/LowCal-dev/packages/core/[39msrc/core/logger.ts:144:33[90m)[39m
    at new Config [90m(/home/atmandk/LowCal-dev/packages/core/[39msrc/config/config.ts:454:17[90m)[39m
    at Module.makeFakeConfig [90m(/home/atmandk/LowCal-dev/packages/core/[39msrc/test-utils/config.ts:33:10[90m)[39m
    at [90m/home/atmandk/LowCal-dev/packages/core/[39msrc/subagents/subagent-manager.test.ts:58:18
    at file:///home/atmandk/LowCal-dev/node_modules/[4m@vitest/runner[24m/dist/chunk-hooks.js:155:11
    at file:///home/atmandk/LowCal-dev/node_modules/[4m@vitest/runner[24m/dist/chunk-hooks.js:1897:20 {
  code: [32m&apos;ERR_INVALID_ARG_TYPE&apos;[39m
}

            </system-out>
        </testcase>
        <testcase classname="src/subagents/subagent-manager.test.ts" name="SubagentManager &gt; createSubagent &gt; should throw error if file already exists and overwrite is false" time="0.002560705">
            <system-out>
Failed to initialize logger: TypeError: The &quot;path&quot; argument must be of type string. Received undefined
[90m    at Proxy.join (node:path:1339:7)[39m
    at Storage.getGlobalGeminiDir [90m(/home/atmandk/LowCal-dev/packages/core/[39msrc/config/storage.ts:26:19[90m)[39m
    at Storage.getGlobalTempDir [90m(/home/atmandk/LowCal-dev/packages/core/[39msrc/config/storage.ts:56:30[90m)[39m
    at Storage.getProjectTempDir [90m(/home/atmandk/LowCal-dev/packages/core/[39msrc/config/storage.ts:65:29[90m)[39m
    at Logger.initialize [90m(/home/atmandk/LowCal-dev/packages/core/[39msrc/core/logger.ts:144:33[90m)[39m
    at new Config [90m(/home/atmandk/LowCal-dev/packages/core/[39msrc/config/config.ts:454:17[90m)[39m
    at Module.makeFakeConfig [90m(/home/atmandk/LowCal-dev/packages/core/[39msrc/test-utils/config.ts:33:10[90m)[39m
    at [90m/home/atmandk/LowCal-dev/packages/core/[39msrc/subagents/subagent-manager.test.ts:58:18
    at file:///home/atmandk/LowCal-dev/node_modules/[4m@vitest/runner[24m/dist/chunk-hooks.js:155:11
    at file:///home/atmandk/LowCal-dev/node_modules/[4m@vitest/runner[24m/dist/chunk-hooks.js:1897:20 {
  code: [32m&apos;ERR_INVALID_ARG_TYPE&apos;[39m
}

            </system-out>
        </testcase>
        <testcase classname="src/subagents/subagent-manager.test.ts" name="SubagentManager &gt; createSubagent &gt; should overwrite file when overwrite is true" time="0.001269267">
            <system-out>
Failed to initialize logger: TypeError: The &quot;path&quot; argument must be of type string. Received undefined
[90m    at Proxy.join (node:path:1339:7)[39m
    at Storage.getGlobalGeminiDir [90m(/home/atmandk/LowCal-dev/packages/core/[39msrc/config/storage.ts:26:19[90m)[39m
    at Storage.getGlobalTempDir [90m(/home/atmandk/LowCal-dev/packages/core/[39msrc/config/storage.ts:56:30[90m)[39m
    at Storage.getProjectTempDir [90m(/home/atmandk/LowCal-dev/packages/core/[39msrc/config/storage.ts:65:29[90m)[39m
    at Logger.initialize [90m(/home/atmandk/LowCal-dev/packages/core/[39msrc/core/logger.ts:144:33[90m)[39m
    at new Config [90m(/home/atmandk/LowCal-dev/packages/core/[39msrc/config/config.ts:454:17[90m)[39m
    at Module.makeFakeConfig [90m(/home/atmandk/LowCal-dev/packages/core/[39msrc/test-utils/config.ts:33:10[90m)[39m
    at [90m/home/atmandk/LowCal-dev/packages/core/[39msrc/subagents/subagent-manager.test.ts:58:18
    at file:///home/atmandk/LowCal-dev/node_modules/[4m@vitest/runner[24m/dist/chunk-hooks.js:155:11
    at file:///home/atmandk/LowCal-dev/node_modules/[4m@vitest/runner[24m/dist/chunk-hooks.js:1897:20 {
  code: [32m&apos;ERR_INVALID_ARG_TYPE&apos;[39m
}

            </system-out>
        </testcase>
        <testcase classname="src/subagents/subagent-manager.test.ts" name="SubagentManager &gt; createSubagent &gt; should use custom path when provided" time="0.001336712">
            <system-out>
Failed to initialize logger: TypeError: The &quot;path&quot; argument must be of type string. Received undefined
[90m    at Proxy.join (node:path:1339:7)[39m
    at Storage.getGlobalGeminiDir [90m(/home/atmandk/LowCal-dev/packages/core/[39msrc/config/storage.ts:26:19[90m)[39m
    at Storage.getGlobalTempDir [90m(/home/atmandk/LowCal-dev/packages/core/[39msrc/config/storage.ts:56:30[90m)[39m
    at Storage.getProjectTempDir [90m(/home/atmandk/LowCal-dev/packages/core/[39msrc/config/storage.ts:65:29[90m)[39m
    at Logger.initialize [90m(/home/atmandk/LowCal-dev/packages/core/[39msrc/core/logger.ts:144:33[90m)[39m
    at new Config [90m(/home/atmandk/LowCal-dev/packages/core/[39msrc/config/config.ts:454:17[90m)[39m
    at Module.makeFakeConfig [90m(/home/atmandk/LowCal-dev/packages/core/[39msrc/test-utils/config.ts:33:10[90m)[39m
    at [90m/home/atmandk/LowCal-dev/packages/core/[39msrc/subagents/subagent-manager.test.ts:58:18
    at file:///home/atmandk/LowCal-dev/node_modules/[4m@vitest/runner[24m/dist/chunk-hooks.js:155:11
    at file:///home/atmandk/LowCal-dev/node_modules/[4m@vitest/runner[24m/dist/chunk-hooks.js:1897:20 {
  code: [32m&apos;ERR_INVALID_ARG_TYPE&apos;[39m
}

            </system-out>
        </testcase>
        <testcase classname="src/subagents/subagent-manager.test.ts" name="SubagentManager &gt; createSubagent &gt; should throw error on file write failure" time="0.001212292">
            <system-out>
Failed to initialize logger: TypeError: The &quot;path&quot; argument must be of type string. Received undefined
[90m    at Proxy.join (node:path:1339:7)[39m
    at Storage.getGlobalGeminiDir [90m(/home/atmandk/LowCal-dev/packages/core/[39msrc/config/storage.ts:26:19[90m)[39m
    at Storage.getGlobalTempDir [90m(/home/atmandk/LowCal-dev/packages/core/[39msrc/config/storage.ts:56:30[90m)[39m
    at Storage.getProjectTempDir [90m(/home/atmandk/LowCal-dev/packages/core/[39msrc/config/storage.ts:65:29[90m)[39m
    at Logger.initialize [90m(/home/atmandk/LowCal-dev/packages/core/[39msrc/core/logger.ts:144:33[90m)[39m
    at new Config [90m(/home/atmandk/LowCal-dev/packages/core/[39msrc/config/config.ts:454:17[90m)[39m
    at Module.makeFakeConfig [90m(/home/atmandk/LowCal-dev/packages/core/[39msrc/test-utils/config.ts:33:10[90m)[39m
    at [90m/home/atmandk/LowCal-dev/packages/core/[39msrc/subagents/subagent-manager.test.ts:58:18
    at file:///home/atmandk/LowCal-dev/node_modules/[4m@vitest/runner[24m/dist/chunk-hooks.js:155:11
    at file:///home/atmandk/LowCal-dev/node_modules/[4m@vitest/runner[24m/dist/chunk-hooks.js:1897:20 {
  code: [32m&apos;ERR_INVALID_ARG_TYPE&apos;[39m
}

            </system-out>
        </testcase>
        <testcase classname="src/subagents/subagent-manager.test.ts" name="SubagentManager &gt; loadSubagent &gt; should load subagent from project level first" time="0.001293122">
            <system-out>
Failed to initialize logger: TypeError: The &quot;path&quot; argument must be of type string. Received undefined
[90m    at Proxy.join (node:path:1339:7)[39m
    at Storage.getGlobalGeminiDir [90m(/home/atmandk/LowCal-dev/packages/core/[39msrc/config/storage.ts:26:19[90m)[39m
    at Storage.getGlobalTempDir [90m(/home/atmandk/LowCal-dev/packages/core/[39msrc/config/storage.ts:56:30[90m)[39m
    at Storage.getProjectTempDir [90m(/home/atmandk/LowCal-dev/packages/core/[39msrc/config/storage.ts:65:29[90m)[39m
    at Logger.initialize [90m(/home/atmandk/LowCal-dev/packages/core/[39msrc/core/logger.ts:144:33[90m)[39m
    at new Config [90m(/home/atmandk/LowCal-dev/packages/core/[39msrc/config/config.ts:454:17[90m)[39m
    at Module.makeFakeConfig [90m(/home/atmandk/LowCal-dev/packages/core/[39msrc/test-utils/config.ts:33:10[90m)[39m
    at [90m/home/atmandk/LowCal-dev/packages/core/[39msrc/subagents/subagent-manager.test.ts:58:18
    at file:///home/atmandk/LowCal-dev/node_modules/[4m@vitest/runner[24m/dist/chunk-hooks.js:155:11
    at file:///home/atmandk/LowCal-dev/node_modules/[4m@vitest/runner[24m/dist/chunk-hooks.js:1897:20 {
  code: [32m&apos;ERR_INVALID_ARG_TYPE&apos;[39m
}

            </system-out>
        </testcase>
        <testcase classname="src/subagents/subagent-manager.test.ts" name="SubagentManager &gt; loadSubagent &gt; should fall back to user level if project level fails" time="0.001243629">
            <system-out>
Failed to initialize logger: TypeError: The &quot;path&quot; argument must be of type string. Received undefined
[90m    at Proxy.join (node:path:1339:7)[39m
    at Storage.getGlobalGeminiDir [90m(/home/atmandk/LowCal-dev/packages/core/[39msrc/config/storage.ts:26:19[90m)[39m
    at Storage.getGlobalTempDir [90m(/home/atmandk/LowCal-dev/packages/core/[39msrc/config/storage.ts:56:30[90m)[39m
    at Storage.getProjectTempDir [90m(/home/atmandk/LowCal-dev/packages/core/[39msrc/config/storage.ts:65:29[90m)[39m
    at Logger.initialize [90m(/home/atmandk/LowCal-dev/packages/core/[39msrc/core/logger.ts:144:33[90m)[39m
    at new Config [90m(/home/atmandk/LowCal-dev/packages/core/[39msrc/config/config.ts:454:17[90m)[39m
    at Module.makeFakeConfig [90m(/home/atmandk/LowCal-dev/packages/core/[39msrc/test-utils/config.ts:33:10[90m)[39m
    at [90m/home/atmandk/LowCal-dev/packages/core/[39msrc/subagents/subagent-manager.test.ts:58:18
    at file:///home/atmandk/LowCal-dev/node_modules/[4m@vitest/runner[24m/dist/chunk-hooks.js:155:11
    at file:///home/atmandk/LowCal-dev/node_modules/[4m@vitest/runner[24m/dist/chunk-hooks.js:1897:20 {
  code: [32m&apos;ERR_INVALID_ARG_TYPE&apos;[39m
}

            </system-out>
        </testcase>
        <testcase classname="src/subagents/subagent-manager.test.ts" name="SubagentManager &gt; loadSubagent &gt; should return null if not found at either level" time="0.000859128">
            <system-out>
Failed to initialize logger: TypeError: The &quot;path&quot; argument must be of type string. Received undefined
[90m    at Proxy.join (node:path:1339:7)[39m
    at Storage.getGlobalGeminiDir [90m(/home/atmandk/LowCal-dev/packages/core/[39msrc/config/storage.ts:26:19[90m)[39m
    at Storage.getGlobalTempDir [90m(/home/atmandk/LowCal-dev/packages/core/[39msrc/config/storage.ts:56:30[90m)[39m
    at Storage.getProjectTempDir [90m(/home/atmandk/LowCal-dev/packages/core/[39msrc/config/storage.ts:65:29[90m)[39m
    at Logger.initialize [90m(/home/atmandk/LowCal-dev/packages/core/[39msrc/core/logger.ts:144:33[90m)[39m
    at new Config [90m(/home/atmandk/LowCal-dev/packages/core/[39msrc/config/config.ts:454:17[90m)[39m
    at Module.makeFakeConfig [90m(/home/atmandk/LowCal-dev/packages/core/[39msrc/test-utils/config.ts:33:10[90m)[39m
    at [90m/home/atmandk/LowCal-dev/packages/core/[39msrc/subagents/subagent-manager.test.ts:58:18
    at file:///home/atmandk/LowCal-dev/node_modules/[4m@vitest/runner[24m/dist/chunk-hooks.js:155:11
    at file:///home/atmandk/LowCal-dev/node_modules/[4m@vitest/runner[24m/dist/chunk-hooks.js:1897:20 {
  code: [32m&apos;ERR_INVALID_ARG_TYPE&apos;[39m
}

            </system-out>
        </testcase>
        <testcase classname="src/subagents/subagent-manager.test.ts" name="SubagentManager &gt; loadSubagent &gt; should load subagent even when filename does not match name" time="0.006329835">
            <system-out>
Failed to initialize logger: TypeError: The &quot;path&quot; argument must be of type string. Received undefined
[90m    at Proxy.join (node:path:1339:7)[39m
    at Storage.getGlobalGeminiDir [90m(/home/atmandk/LowCal-dev/packages/core/[39msrc/config/storage.ts:26:19[90m)[39m
    at Storage.getGlobalTempDir [90m(/home/atmandk/LowCal-dev/packages/core/[39msrc/config/storage.ts:56:30[90m)[39m
    at Storage.getProjectTempDir [90m(/home/atmandk/LowCal-dev/packages/core/[39msrc/config/storage.ts:65:29[90m)[39m
    at Logger.initialize [90m(/home/atmandk/LowCal-dev/packages/core/[39msrc/core/logger.ts:144:33[90m)[39m
    at new Config [90m(/home/atmandk/LowCal-dev/packages/core/[39msrc/config/config.ts:454:17[90m)[39m
    at Module.makeFakeConfig [90m(/home/atmandk/LowCal-dev/packages/core/[39msrc/test-utils/config.ts:33:10[90m)[39m
    at [90m/home/atmandk/LowCal-dev/packages/core/[39msrc/subagents/subagent-manager.test.ts:58:18
    at file:///home/atmandk/LowCal-dev/node_modules/[4m@vitest/runner[24m/dist/chunk-hooks.js:155:11
    at file:///home/atmandk/LowCal-dev/node_modules/[4m@vitest/runner[24m/dist/chunk-hooks.js:1897:20 {
  code: [32m&apos;ERR_INVALID_ARG_TYPE&apos;[39m
}

            </system-out>
        </testcase>
        <testcase classname="src/subagents/subagent-manager.test.ts" name="SubagentManager &gt; loadSubagent &gt; should search user level when filename mismatch at project level" time="0.00109783">
            <system-out>
Failed to initialize logger: TypeError: The &quot;path&quot; argument must be of type string. Received undefined
[90m    at Proxy.join (node:path:1339:7)[39m
    at Storage.getGlobalGeminiDir [90m(/home/atmandk/LowCal-dev/packages/core/[39msrc/config/storage.ts:26:19[90m)[39m
    at Storage.getGlobalTempDir [90m(/home/atmandk/LowCal-dev/packages/core/[39msrc/config/storage.ts:56:30[90m)[39m
    at Storage.getProjectTempDir [90m(/home/atmandk/LowCal-dev/packages/core/[39msrc/config/storage.ts:65:29[90m)[39m
    at Logger.initialize [90m(/home/atmandk/LowCal-dev/packages/core/[39msrc/core/logger.ts:144:33[90m)[39m
    at new Config [90m(/home/atmandk/LowCal-dev/packages/core/[39msrc/config/config.ts:454:17[90m)[39m
    at Module.makeFakeConfig [90m(/home/atmandk/LowCal-dev/packages/core/[39msrc/test-utils/config.ts:33:10[90m)[39m
    at [90m/home/atmandk/LowCal-dev/packages/core/[39msrc/subagents/subagent-manager.test.ts:58:18
    at file:///home/atmandk/LowCal-dev/node_modules/[4m@vitest/runner[24m/dist/chunk-hooks.js:155:11
    at file:///home/atmandk/LowCal-dev/node_modules/[4m@vitest/runner[24m/dist/chunk-hooks.js:1897:20 {
  code: [32m&apos;ERR_INVALID_ARG_TYPE&apos;[39m
}

            </system-out>
        </testcase>
        <testcase classname="src/subagents/subagent-manager.test.ts" name="SubagentManager &gt; loadSubagent &gt; should handle specific level search with filename mismatch" time="0.000642067">
            <system-out>
Failed to initialize logger: TypeError: The &quot;path&quot; argument must be of type string. Received undefined
[90m    at Proxy.join (node:path:1339:7)[39m
    at Storage.getGlobalGeminiDir [90m(/home/atmandk/LowCal-dev/packages/core/[39msrc/config/storage.ts:26:19[90m)[39m
    at Storage.getGlobalTempDir [90m(/home/atmandk/LowCal-dev/packages/core/[39msrc/config/storage.ts:56:30[90m)[39m
    at Storage.getProjectTempDir [90m(/home/atmandk/LowCal-dev/packages/core/[39msrc/config/storage.ts:65:29[90m)[39m
    at Logger.initialize [90m(/home/atmandk/LowCal-dev/packages/core/[39msrc/core/logger.ts:144:33[90m)[39m
    at new Config [90m(/home/atmandk/LowCal-dev/packages/core/[39msrc/config/config.ts:454:17[90m)[39m
    at Module.makeFakeConfig [90m(/home/atmandk/LowCal-dev/packages/core/[39msrc/test-utils/config.ts:33:10[90m)[39m
    at [90m/home/atmandk/LowCal-dev/packages/core/[39msrc/subagents/subagent-manager.test.ts:58:18
    at file:///home/atmandk/LowCal-dev/node_modules/[4m@vitest/runner[24m/dist/chunk-hooks.js:155:11
    at file:///home/atmandk/LowCal-dev/node_modules/[4m@vitest/runner[24m/dist/chunk-hooks.js:1897:20 {
  code: [32m&apos;ERR_INVALID_ARG_TYPE&apos;[39m
}

            </system-out>
        </testcase>
        <testcase classname="src/subagents/subagent-manager.test.ts" name="SubagentManager &gt; updateSubagent &gt; should update existing subagent" time="0.000827971">
            <system-out>
Failed to initialize logger: TypeError: The &quot;path&quot; argument must be of type string. Received undefined
[90m    at Proxy.join (node:path:1339:7)[39m
    at Storage.getGlobalGeminiDir [90m(/home/atmandk/LowCal-dev/packages/core/[39msrc/config/storage.ts:26:19[90m)[39m
    at Storage.getGlobalTempDir [90m(/home/atmandk/LowCal-dev/packages/core/[39msrc/config/storage.ts:56:30[90m)[39m
    at Storage.getProjectTempDir [90m(/home/atmandk/LowCal-dev/packages/core/[39msrc/config/storage.ts:65:29[90m)[39m
    at Logger.initialize [90m(/home/atmandk/LowCal-dev/packages/core/[39msrc/core/logger.ts:144:33[90m)[39m
    at new Config [90m(/home/atmandk/LowCal-dev/packages/core/[39msrc/config/config.ts:454:17[90m)[39m
    at Module.makeFakeConfig [90m(/home/atmandk/LowCal-dev/packages/core/[39msrc/test-utils/config.ts:33:10[90m)[39m
    at [90m/home/atmandk/LowCal-dev/packages/core/[39msrc/subagents/subagent-manager.test.ts:58:18
    at file:///home/atmandk/LowCal-dev/node_modules/[4m@vitest/runner[24m/dist/chunk-hooks.js:155:11
    at file:///home/atmandk/LowCal-dev/node_modules/[4m@vitest/runner[24m/dist/chunk-hooks.js:1897:20 {
  code: [32m&apos;ERR_INVALID_ARG_TYPE&apos;[39m
}

            </system-out>
        </testcase>
        <testcase classname="src/subagents/subagent-manager.test.ts" name="SubagentManager &gt; updateSubagent &gt; should throw error if subagent not found" time="0.000809327">
            <system-out>
Failed to initialize logger: TypeError: The &quot;path&quot; argument must be of type string. Received undefined
[90m    at Proxy.join (node:path:1339:7)[39m
    at Storage.getGlobalGeminiDir [90m(/home/atmandk/LowCal-dev/packages/core/[39msrc/config/storage.ts:26:19[90m)[39m
    at Storage.getGlobalTempDir [90m(/home/atmandk/LowCal-dev/packages/core/[39msrc/config/storage.ts:56:30[90m)[39m
    at Storage.getProjectTempDir [90m(/home/atmandk/LowCal-dev/packages/core/[39msrc/config/storage.ts:65:29[90m)[39m
    at Logger.initialize [90m(/home/atmandk/LowCal-dev/packages/core/[39msrc/core/logger.ts:144:33[90m)[39m
    at new Config [90m(/home/atmandk/LowCal-dev/packages/core/[39msrc/config/config.ts:454:17[90m)[39m
    at Module.makeFakeConfig [90m(/home/atmandk/LowCal-dev/packages/core/[39msrc/test-utils/config.ts:33:10[90m)[39m
    at [90m/home/atmandk/LowCal-dev/packages/core/[39msrc/subagents/subagent-manager.test.ts:58:18
    at file:///home/atmandk/LowCal-dev/node_modules/[4m@vitest/runner[24m/dist/chunk-hooks.js:155:11
    at file:///home/atmandk/LowCal-dev/node_modules/[4m@vitest/runner[24m/dist/chunk-hooks.js:1897:20 {
  code: [32m&apos;ERR_INVALID_ARG_TYPE&apos;[39m
}

            </system-out>
        </testcase>
        <testcase classname="src/subagents/subagent-manager.test.ts" name="SubagentManager &gt; updateSubagent &gt; should throw error on write failure" time="0.000830786">
            <system-out>
Failed to initialize logger: TypeError: The &quot;path&quot; argument must be of type string. Received undefined
[90m    at Proxy.join (node:path:1339:7)[39m
    at Storage.getGlobalGeminiDir [90m(/home/atmandk/LowCal-dev/packages/core/[39msrc/config/storage.ts:26:19[90m)[39m
    at Storage.getGlobalTempDir [90m(/home/atmandk/LowCal-dev/packages/core/[39msrc/config/storage.ts:56:30[90m)[39m
    at Storage.getProjectTempDir [90m(/home/atmandk/LowCal-dev/packages/core/[39msrc/config/storage.ts:65:29[90m)[39m
    at Logger.initialize [90m(/home/atmandk/LowCal-dev/packages/core/[39msrc/core/logger.ts:144:33[90m)[39m
    at new Config [90m(/home/atmandk/LowCal-dev/packages/core/[39msrc/config/config.ts:454:17[90m)[39m
    at Module.makeFakeConfig [90m(/home/atmandk/LowCal-dev/packages/core/[39msrc/test-utils/config.ts:33:10[90m)[39m
    at [90m/home/atmandk/LowCal-dev/packages/core/[39msrc/subagents/subagent-manager.test.ts:58:18
    at file:///home/atmandk/LowCal-dev/node_modules/[4m@vitest/runner[24m/dist/chunk-hooks.js:155:11
    at file:///home/atmandk/LowCal-dev/node_modules/[4m@vitest/runner[24m/dist/chunk-hooks.js:1897:20 {
  code: [32m&apos;ERR_INVALID_ARG_TYPE&apos;[39m
}

            </system-out>
        </testcase>
        <testcase classname="src/subagents/subagent-manager.test.ts" name="SubagentManager &gt; deleteSubagent &gt; should delete subagent from specified level" time="0.000797034">
            <system-out>
Failed to initialize logger: TypeError: The &quot;path&quot; argument must be of type string. Received undefined
[90m    at Proxy.join (node:path:1339:7)[39m
    at Storage.getGlobalGeminiDir [90m(/home/atmandk/LowCal-dev/packages/core/[39msrc/config/storage.ts:26:19[90m)[39m
    at Storage.getGlobalTempDir [90m(/home/atmandk/LowCal-dev/packages/core/[39msrc/config/storage.ts:56:30[90m)[39m
    at Storage.getProjectTempDir [90m(/home/atmandk/LowCal-dev/packages/core/[39msrc/config/storage.ts:65:29[90m)[39m
    at Logger.initialize [90m(/home/atmandk/LowCal-dev/packages/core/[39msrc/core/logger.ts:144:33[90m)[39m
    at new Config [90m(/home/atmandk/LowCal-dev/packages/core/[39msrc/config/config.ts:454:17[90m)[39m
    at Module.makeFakeConfig [90m(/home/atmandk/LowCal-dev/packages/core/[39msrc/test-utils/config.ts:33:10[90m)[39m
    at [90m/home/atmandk/LowCal-dev/packages/core/[39msrc/subagents/subagent-manager.test.ts:58:18
    at file:///home/atmandk/LowCal-dev/node_modules/[4m@vitest/runner[24m/dist/chunk-hooks.js:155:11
    at file:///home/atmandk/LowCal-dev/node_modules/[4m@vitest/runner[24m/dist/chunk-hooks.js:1897:20 {
  code: [32m&apos;ERR_INVALID_ARG_TYPE&apos;[39m
}

            </system-out>
        </testcase>
        <testcase classname="src/subagents/subagent-manager.test.ts" name="SubagentManager &gt; deleteSubagent &gt; should delete from both levels if no level specified" time="0.000802434">
            <system-out>
Failed to initialize logger: TypeError: The &quot;path&quot; argument must be of type string. Received undefined
[90m    at Proxy.join (node:path:1339:7)[39m
    at Storage.getGlobalGeminiDir [90m(/home/atmandk/LowCal-dev/packages/core/[39msrc/config/storage.ts:26:19[90m)[39m
    at Storage.getGlobalTempDir [90m(/home/atmandk/LowCal-dev/packages/core/[39msrc/config/storage.ts:56:30[90m)[39m
    at Storage.getProjectTempDir [90m(/home/atmandk/LowCal-dev/packages/core/[39msrc/config/storage.ts:65:29[90m)[39m
    at Logger.initialize [90m(/home/atmandk/LowCal-dev/packages/core/[39msrc/core/logger.ts:144:33[90m)[39m
    at new Config [90m(/home/atmandk/LowCal-dev/packages/core/[39msrc/config/config.ts:454:17[90m)[39m
    at Module.makeFakeConfig [90m(/home/atmandk/LowCal-dev/packages/core/[39msrc/test-utils/config.ts:33:10[90m)[39m
    at [90m/home/atmandk/LowCal-dev/packages/core/[39msrc/subagents/subagent-manager.test.ts:58:18
    at file:///home/atmandk/LowCal-dev/node_modules/[4m@vitest/runner[24m/dist/chunk-hooks.js:155:11
    at file:///home/atmandk/LowCal-dev/node_modules/[4m@vitest/runner[24m/dist/chunk-hooks.js:1897:20 {
  code: [32m&apos;ERR_INVALID_ARG_TYPE&apos;[39m
}

            </system-out>
        </testcase>
        <testcase classname="src/subagents/subagent-manager.test.ts" name="SubagentManager &gt; deleteSubagent &gt; should throw error if subagent not found" time="0.000788198">
            <system-out>
Failed to initialize logger: TypeError: The &quot;path&quot; argument must be of type string. Received undefined
[90m    at Proxy.join (node:path:1339:7)[39m
    at Storage.getGlobalGeminiDir [90m(/home/atmandk/LowCal-dev/packages/core/[39msrc/config/storage.ts:26:19[90m)[39m
    at Storage.getGlobalTempDir [90m(/home/atmandk/LowCal-dev/packages/core/[39msrc/config/storage.ts:56:30[90m)[39m
    at Storage.getProjectTempDir [90m(/home/atmandk/LowCal-dev/packages/core/[39msrc/config/storage.ts:65:29[90m)[39m
    at Logger.initialize [90m(/home/atmandk/LowCal-dev/packages/core/[39msrc/core/logger.ts:144:33[90m)[39m
    at new Config [90m(/home/atmandk/LowCal-dev/packages/core/[39msrc/config/config.ts:454:17[90m)[39m
    at Module.makeFakeConfig [90m(/home/atmandk/LowCal-dev/packages/core/[39msrc/test-utils/config.ts:33:10[90m)[39m
    at [90m/home/atmandk/LowCal-dev/packages/core/[39msrc/subagents/subagent-manager.test.ts:58:18
    at file:///home/atmandk/LowCal-dev/node_modules/[4m@vitest/runner[24m/dist/chunk-hooks.js:155:11
    at file:///home/atmandk/LowCal-dev/node_modules/[4m@vitest/runner[24m/dist/chunk-hooks.js:1897:20 {
  code: [32m&apos;ERR_INVALID_ARG_TYPE&apos;[39m
}

            </system-out>
        </testcase>
        <testcase classname="src/subagents/subagent-manager.test.ts" name="SubagentManager &gt; deleteSubagent &gt; should succeed if deleted from at least one level" time="0.001085357">
            <system-out>
Failed to initialize logger: TypeError: The &quot;path&quot; argument must be of type string. Received undefined
[90m    at Proxy.join (node:path:1339:7)[39m
    at Storage.getGlobalGeminiDir [90m(/home/atmandk/LowCal-dev/packages/core/[39msrc/config/storage.ts:26:19[90m)[39m
    at Storage.getGlobalTempDir [90m(/home/atmandk/LowCal-dev/packages/core/[39msrc/config/storage.ts:56:30[90m)[39m
    at Storage.getProjectTempDir [90m(/home/atmandk/LowCal-dev/packages/core/[39msrc/config/storage.ts:65:29[90m)[39m
    at Logger.initialize [90m(/home/atmandk/LowCal-dev/packages/core/[39msrc/core/logger.ts:144:33[90m)[39m
    at new Config [90m(/home/atmandk/LowCal-dev/packages/core/[39msrc/config/config.ts:454:17[90m)[39m
    at Module.makeFakeConfig [90m(/home/atmandk/LowCal-dev/packages/core/[39msrc/test-utils/config.ts:33:10[90m)[39m
    at [90m/home/atmandk/LowCal-dev/packages/core/[39msrc/subagents/subagent-manager.test.ts:58:18
    at file:///home/atmandk/LowCal-dev/node_modules/[4m@vitest/runner[24m/dist/chunk-hooks.js:155:11
    at file:///home/atmandk/LowCal-dev/node_modules/[4m@vitest/runner[24m/dist/chunk-hooks.js:1897:20 {
  code: [32m&apos;ERR_INVALID_ARG_TYPE&apos;[39m
}

            </system-out>
        </testcase>
        <testcase classname="src/subagents/subagent-manager.test.ts" name="SubagentManager &gt; deleteSubagent &gt; should delete subagent with mismatched filename" time="0.000781956">
            <system-out>
Failed to initialize logger: TypeError: The &quot;path&quot; argument must be of type string. Received undefined
[90m    at Proxy.join (node:path:1339:7)[39m
    at Storage.getGlobalGeminiDir [90m(/home/atmandk/LowCal-dev/packages/core/[39msrc/config/storage.ts:26:19[90m)[39m
    at Storage.getGlobalTempDir [90m(/home/atmandk/LowCal-dev/packages/core/[39msrc/config/storage.ts:56:30[90m)[39m
    at Storage.getProjectTempDir [90m(/home/atmandk/LowCal-dev/packages/core/[39msrc/config/storage.ts:65:29[90m)[39m
    at Logger.initialize [90m(/home/atmandk/LowCal-dev/packages/core/[39msrc/core/logger.ts:144:33[90m)[39m
    at new Config [90m(/home/atmandk/LowCal-dev/packages/core/[39msrc/config/config.ts:454:17[90m)[39m
    at Module.makeFakeConfig [90m(/home/atmandk/LowCal-dev/packages/core/[39msrc/test-utils/config.ts:33:10[90m)[39m
    at [90m/home/atmandk/LowCal-dev/packages/core/[39msrc/subagents/subagent-manager.test.ts:58:18
    at file:///home/atmandk/LowCal-dev/node_modules/[4m@vitest/runner[24m/dist/chunk-hooks.js:155:11
    at file:///home/atmandk/LowCal-dev/node_modules/[4m@vitest/runner[24m/dist/chunk-hooks.js:1897:20 {
  code: [32m&apos;ERR_INVALID_ARG_TYPE&apos;[39m
}

            </system-out>
        </testcase>
        <testcase classname="src/subagents/subagent-manager.test.ts" name="SubagentManager &gt; deleteSubagent &gt; should handle deletion when multiple files exist but only one matches" time="0.000616861">
            <system-out>
Failed to initialize logger: TypeError: The &quot;path&quot; argument must be of type string. Received undefined
[90m    at Proxy.join (node:path:1339:7)[39m
    at Storage.getGlobalGeminiDir [90m(/home/atmandk/LowCal-dev/packages/core/[39msrc/config/storage.ts:26:19[90m)[39m
    at Storage.getGlobalTempDir [90m(/home/atmandk/LowCal-dev/packages/core/[39msrc/config/storage.ts:56:30[90m)[39m
    at Storage.getProjectTempDir [90m(/home/atmandk/LowCal-dev/packages/core/[39msrc/config/storage.ts:65:29[90m)[39m
    at Logger.initialize [90m(/home/atmandk/LowCal-dev/packages/core/[39msrc/core/logger.ts:144:33[90m)[39m
    at new Config [90m(/home/atmandk/LowCal-dev/packages/core/[39msrc/config/config.ts:454:17[90m)[39m
    at Module.makeFakeConfig [90m(/home/atmandk/LowCal-dev/packages/core/[39msrc/test-utils/config.ts:33:10[90m)[39m
    at [90m/home/atmandk/LowCal-dev/packages/core/[39msrc/subagents/subagent-manager.test.ts:58:18
    at file:///home/atmandk/LowCal-dev/node_modules/[4m@vitest/runner[24m/dist/chunk-hooks.js:155:11
    at file:///home/atmandk/LowCal-dev/node_modules/[4m@vitest/runner[24m/dist/chunk-hooks.js:1897:20 {
  code: [32m&apos;ERR_INVALID_ARG_TYPE&apos;[39m
}

            </system-out>
        </testcase>
        <testcase classname="src/subagents/subagent-manager.test.ts" name="SubagentManager &gt; listSubagents &gt; should list subagents from both levels" time="0.001122917">
            <system-out>
Failed to initialize logger: TypeError: The &quot;path&quot; argument must be of type string. Received undefined
[90m    at Proxy.join (node:path:1339:7)[39m
    at Storage.getGlobalGeminiDir [90m(/home/atmandk/LowCal-dev/packages/core/[39msrc/config/storage.ts:26:19[90m)[39m
    at Storage.getGlobalTempDir [90m(/home/atmandk/LowCal-dev/packages/core/[39msrc/config/storage.ts:56:30[90m)[39m
    at Storage.getProjectTempDir [90m(/home/atmandk/LowCal-dev/packages/core/[39msrc/config/storage.ts:65:29[90m)[39m
    at Logger.initialize [90m(/home/atmandk/LowCal-dev/packages/core/[39msrc/core/logger.ts:144:33[90m)[39m
    at new Config [90m(/home/atmandk/LowCal-dev/packages/core/[39msrc/config/config.ts:454:17[90m)[39m
    at Module.makeFakeConfig [90m(/home/atmandk/LowCal-dev/packages/core/[39msrc/test-utils/config.ts:33:10[90m)[39m
    at [90m/home/atmandk/LowCal-dev/packages/core/[39msrc/subagents/subagent-manager.test.ts:58:18
    at file:///home/atmandk/LowCal-dev/node_modules/[4m@vitest/runner[24m/dist/chunk-hooks.js:155:11
    at file:///home/atmandk/LowCal-dev/node_modules/[4m@vitest/runner[24m/dist/chunk-hooks.js:1897:20 {
  code: [32m&apos;ERR_INVALID_ARG_TYPE&apos;[39m
}

            </system-out>
        </testcase>
        <testcase classname="src/subagents/subagent-manager.test.ts" name="SubagentManager &gt; listSubagents &gt; should prioritize project level over user level" time="0.000871201">
            <system-out>
Failed to initialize logger: TypeError: The &quot;path&quot; argument must be of type string. Received undefined
[90m    at Proxy.join (node:path:1339:7)[39m
    at Storage.getGlobalGeminiDir [90m(/home/atmandk/LowCal-dev/packages/core/[39msrc/config/storage.ts:26:19[90m)[39m
    at Storage.getGlobalTempDir [90m(/home/atmandk/LowCal-dev/packages/core/[39msrc/config/storage.ts:56:30[90m)[39m
    at Storage.getProjectTempDir [90m(/home/atmandk/LowCal-dev/packages/core/[39msrc/config/storage.ts:65:29[90m)[39m
    at Logger.initialize [90m(/home/atmandk/LowCal-dev/packages/core/[39msrc/core/logger.ts:144:33[90m)[39m
    at new Config [90m(/home/atmandk/LowCal-dev/packages/core/[39msrc/config/config.ts:454:17[90m)[39m
    at Module.makeFakeConfig [90m(/home/atmandk/LowCal-dev/packages/core/[39msrc/test-utils/config.ts:33:10[90m)[39m
    at [90m/home/atmandk/LowCal-dev/packages/core/[39msrc/subagents/subagent-manager.test.ts:58:18
    at file:///home/atmandk/LowCal-dev/node_modules/[4m@vitest/runner[24m/dist/chunk-hooks.js:155:11
    at file:///home/atmandk/LowCal-dev/node_modules/[4m@vitest/runner[24m/dist/chunk-hooks.js:1897:20 {
  code: [32m&apos;ERR_INVALID_ARG_TYPE&apos;[39m
}

            </system-out>
        </testcase>
        <testcase classname="src/subagents/subagent-manager.test.ts" name="SubagentManager &gt; listSubagents &gt; should filter by level" time="0.000957671">
            <system-out>
Failed to initialize logger: TypeError: The &quot;path&quot; argument must be of type string. Received undefined
[90m    at Proxy.join (node:path:1339:7)[39m
    at Storage.getGlobalGeminiDir [90m(/home/atmandk/LowCal-dev/packages/core/[39msrc/config/storage.ts:26:19[90m)[39m
    at Storage.getGlobalTempDir [90m(/home/atmandk/LowCal-dev/packages/core/[39msrc/config/storage.ts:56:30[90m)[39m
    at Storage.getProjectTempDir [90m(/home/atmandk/LowCal-dev/packages/core/[39msrc/config/storage.ts:65:29[90m)[39m
    at Logger.initialize [90m(/home/atmandk/LowCal-dev/packages/core/[39msrc/core/logger.ts:144:33[90m)[39m
    at new Config [90m(/home/atmandk/LowCal-dev/packages/core/[39msrc/config/config.ts:454:17[90m)[39m
    at Module.makeFakeConfig [90m(/home/atmandk/LowCal-dev/packages/core/[39msrc/test-utils/config.ts:33:10[90m)[39m
    at [90m/home/atmandk/LowCal-dev/packages/core/[39msrc/subagents/subagent-manager.test.ts:58:18
    at file:///home/atmandk/LowCal-dev/node_modules/[4m@vitest/runner[24m/dist/chunk-hooks.js:155:11
    at file:///home/atmandk/LowCal-dev/node_modules/[4m@vitest/runner[24m/dist/chunk-hooks.js:1897:20 {
  code: [32m&apos;ERR_INVALID_ARG_TYPE&apos;[39m
}

            </system-out>
        </testcase>
        <testcase classname="src/subagents/subagent-manager.test.ts" name="SubagentManager &gt; listSubagents &gt; should sort by name" time="0.001036757">
            <system-out>
Failed to initialize logger: TypeError: The &quot;path&quot; argument must be of type string. Received undefined
[90m    at Proxy.join (node:path:1339:7)[39m
    at Storage.getGlobalGeminiDir [90m(/home/atmandk/LowCal-dev/packages/core/[39msrc/config/storage.ts:26:19[90m)[39m
    at Storage.getGlobalTempDir [90m(/home/atmandk/LowCal-dev/packages/core/[39msrc/config/storage.ts:56:30[90m)[39m
    at Storage.getProjectTempDir [90m(/home/atmandk/LowCal-dev/packages/core/[39msrc/config/storage.ts:65:29[90m)[39m
    at Logger.initialize [90m(/home/atmandk/LowCal-dev/packages/core/[39msrc/core/logger.ts:144:33[90m)[39m
    at new Config [90m(/home/atmandk/LowCal-dev/packages/core/[39msrc/config/config.ts:454:17[90m)[39m
    at Module.makeFakeConfig [90m(/home/atmandk/LowCal-dev/packages/core/[39msrc/test-utils/config.ts:33:10[90m)[39m
    at [90m/home/atmandk/LowCal-dev/packages/core/[39msrc/subagents/subagent-manager.test.ts:58:18
    at file:///home/atmandk/LowCal-dev/node_modules/[4m@vitest/runner[24m/dist/chunk-hooks.js:155:11
    at file:///home/atmandk/LowCal-dev/node_modules/[4m@vitest/runner[24m/dist/chunk-hooks.js:1897:20 {
  code: [32m&apos;ERR_INVALID_ARG_TYPE&apos;[39m
}

            </system-out>
        </testcase>
        <testcase classname="src/subagents/subagent-manager.test.ts" name="SubagentManager &gt; listSubagents &gt; should handle empty directories" time="0.000807684">
            <system-out>
Failed to initialize logger: TypeError: The &quot;path&quot; argument must be of type string. Received undefined
[90m    at Proxy.join (node:path:1339:7)[39m
    at Storage.getGlobalGeminiDir [90m(/home/atmandk/LowCal-dev/packages/core/[39msrc/config/storage.ts:26:19[90m)[39m
    at Storage.getGlobalTempDir [90m(/home/atmandk/LowCal-dev/packages/core/[39msrc/config/storage.ts:56:30[90m)[39m
    at Storage.getProjectTempDir [90m(/home/atmandk/LowCal-dev/packages/core/[39msrc/config/storage.ts:65:29[90m)[39m
    at Logger.initialize [90m(/home/atmandk/LowCal-dev/packages/core/[39msrc/core/logger.ts:144:33[90m)[39m
    at new Config [90m(/home/atmandk/LowCal-dev/packages/core/[39msrc/config/config.ts:454:17[90m)[39m
    at Module.makeFakeConfig [90m(/home/atmandk/LowCal-dev/packages/core/[39msrc/test-utils/config.ts:33:10[90m)[39m
    at [90m/home/atmandk/LowCal-dev/packages/core/[39msrc/subagents/subagent-manager.test.ts:58:18
    at file:///home/atmandk/LowCal-dev/node_modules/[4m@vitest/runner[24m/dist/chunk-hooks.js:155:11
    at file:///home/atmandk/LowCal-dev/node_modules/[4m@vitest/runner[24m/dist/chunk-hooks.js:1897:20 {
  code: [32m&apos;ERR_INVALID_ARG_TYPE&apos;[39m
}

            </system-out>
        </testcase>
        <testcase classname="src/subagents/subagent-manager.test.ts" name="SubagentManager &gt; listSubagents &gt; should handle directory read errors" time="0.002290997">
            <system-out>
Failed to initialize logger: TypeError: The &quot;path&quot; argument must be of type string. Received undefined
[90m    at Proxy.join (node:path:1339:7)[39m
    at Storage.getGlobalGeminiDir [90m(/home/atmandk/LowCal-dev/packages/core/[39msrc/config/storage.ts:26:19[90m)[39m
    at Storage.getGlobalTempDir [90m(/home/atmandk/LowCal-dev/packages/core/[39msrc/config/storage.ts:56:30[90m)[39m
    at Storage.getProjectTempDir [90m(/home/atmandk/LowCal-dev/packages/core/[39msrc/config/storage.ts:65:29[90m)[39m
    at Logger.initialize [90m(/home/atmandk/LowCal-dev/packages/core/[39msrc/core/logger.ts:144:33[90m)[39m
    at new Config [90m(/home/atmandk/LowCal-dev/packages/core/[39msrc/config/config.ts:454:17[90m)[39m
    at Module.makeFakeConfig [90m(/home/atmandk/LowCal-dev/packages/core/[39msrc/test-utils/config.ts:33:10[90m)[39m
    at [90m/home/atmandk/LowCal-dev/packages/core/[39msrc/subagents/subagent-manager.test.ts:58:18
    at file:///home/atmandk/LowCal-dev/node_modules/[4m@vitest/runner[24m/dist/chunk-hooks.js:155:11
    at file:///home/atmandk/LowCal-dev/node_modules/[4m@vitest/runner[24m/dist/chunk-hooks.js:1897:20 {
  code: [32m&apos;ERR_INVALID_ARG_TYPE&apos;[39m
}

            </system-out>
        </testcase>
        <testcase classname="src/subagents/subagent-manager.test.ts" name="SubagentManager &gt; findSubagentByName &gt; should find existing subagent" time="0.001953402">
            <system-out>
Failed to initialize logger: TypeError: The &quot;path&quot; argument must be of type string. Received undefined
[90m    at Proxy.join (node:path:1339:7)[39m
    at Storage.getGlobalGeminiDir [90m(/home/atmandk/LowCal-dev/packages/core/[39msrc/config/storage.ts:26:19[90m)[39m
    at Storage.getGlobalTempDir [90m(/home/atmandk/LowCal-dev/packages/core/[39msrc/config/storage.ts:56:30[90m)[39m
    at Storage.getProjectTempDir [90m(/home/atmandk/LowCal-dev/packages/core/[39msrc/config/storage.ts:65:29[90m)[39m
    at Logger.initialize [90m(/home/atmandk/LowCal-dev/packages/core/[39msrc/core/logger.ts:144:33[90m)[39m
    at new Config [90m(/home/atmandk/LowCal-dev/packages/core/[39msrc/config/config.ts:454:17[90m)[39m
    at Module.makeFakeConfig [90m(/home/atmandk/LowCal-dev/packages/core/[39msrc/test-utils/config.ts:33:10[90m)[39m
    at [90m/home/atmandk/LowCal-dev/packages/core/[39msrc/subagents/subagent-manager.test.ts:58:18
    at file:///home/atmandk/LowCal-dev/node_modules/[4m@vitest/runner[24m/dist/chunk-hooks.js:155:11
    at file:///home/atmandk/LowCal-dev/node_modules/[4m@vitest/runner[24m/dist/chunk-hooks.js:1897:20 {
  code: [32m&apos;ERR_INVALID_ARG_TYPE&apos;[39m
}

            </system-out>
        </testcase>
        <testcase classname="src/subagents/subagent-manager.test.ts" name="SubagentManager &gt; findSubagentByName &gt; should return null for non-existent subagent" time="0.000839342">
            <system-out>
Failed to initialize logger: TypeError: The &quot;path&quot; argument must be of type string. Received undefined
[90m    at Proxy.join (node:path:1339:7)[39m
    at Storage.getGlobalGeminiDir [90m(/home/atmandk/LowCal-dev/packages/core/[39msrc/config/storage.ts:26:19[90m)[39m
    at Storage.getGlobalTempDir [90m(/home/atmandk/LowCal-dev/packages/core/[39msrc/config/storage.ts:56:30[90m)[39m
    at Storage.getProjectTempDir [90m(/home/atmandk/LowCal-dev/packages/core/[39msrc/config/storage.ts:65:29[90m)[39m
    at Logger.initialize [90m(/home/atmandk/LowCal-dev/packages/core/[39msrc/core/logger.ts:144:33[90m)[39m
    at new Config [90m(/home/atmandk/LowCal-dev/packages/core/[39msrc/config/config.ts:454:17[90m)[39m
    at Module.makeFakeConfig [90m(/home/atmandk/LowCal-dev/packages/core/[39msrc/test-utils/config.ts:33:10[90m)[39m
    at [90m/home/atmandk/LowCal-dev/packages/core/[39msrc/subagents/subagent-manager.test.ts:58:18
    at file:///home/atmandk/LowCal-dev/node_modules/[4m@vitest/runner[24m/dist/chunk-hooks.js:155:11
    at file:///home/atmandk/LowCal-dev/node_modules/[4m@vitest/runner[24m/dist/chunk-hooks.js:1897:20 {
  code: [32m&apos;ERR_INVALID_ARG_TYPE&apos;[39m
}

            </system-out>
        </testcase>
        <testcase classname="src/subagents/subagent-manager.test.ts" name="SubagentManager &gt; isNameAvailable &gt; should return true for available names" time="0.000626529">
            <system-out>
Failed to initialize logger: TypeError: The &quot;path&quot; argument must be of type string. Received undefined
[90m    at Proxy.join (node:path:1339:7)[39m
    at Storage.getGlobalGeminiDir [90m(/home/atmandk/LowCal-dev/packages/core/[39msrc/config/storage.ts:26:19[90m)[39m
    at Storage.getGlobalTempDir [90m(/home/atmandk/LowCal-dev/packages/core/[39msrc/config/storage.ts:56:30[90m)[39m
    at Storage.getProjectTempDir [90m(/home/atmandk/LowCal-dev/packages/core/[39msrc/config/storage.ts:65:29[90m)[39m
    at Logger.initialize [90m(/home/atmandk/LowCal-dev/packages/core/[39msrc/core/logger.ts:144:33[90m)[39m
    at new Config [90m(/home/atmandk/LowCal-dev/packages/core/[39msrc/config/config.ts:454:17[90m)[39m
    at Module.makeFakeConfig [90m(/home/atmandk/LowCal-dev/packages/core/[39msrc/test-utils/config.ts:33:10[90m)[39m
    at [90m/home/atmandk/LowCal-dev/packages/core/[39msrc/subagents/subagent-manager.test.ts:58:18
    at file:///home/atmandk/LowCal-dev/node_modules/[4m@vitest/runner[24m/dist/chunk-hooks.js:155:11
    at file:///home/atmandk/LowCal-dev/node_modules/[4m@vitest/runner[24m/dist/chunk-hooks.js:1897:20 {
  code: [32m&apos;ERR_INVALID_ARG_TYPE&apos;[39m
}

            </system-out>
        </testcase>
        <testcase classname="src/subagents/subagent-manager.test.ts" name="SubagentManager &gt; isNameAvailable &gt; should return false for existing names" time="0.000598266">
            <system-out>
Failed to initialize logger: TypeError: The &quot;path&quot; argument must be of type string. Received undefined
[90m    at Proxy.join (node:path:1339:7)[39m
    at Storage.getGlobalGeminiDir [90m(/home/atmandk/LowCal-dev/packages/core/[39msrc/config/storage.ts:26:19[90m)[39m
    at Storage.getGlobalTempDir [90m(/home/atmandk/LowCal-dev/packages/core/[39msrc/config/storage.ts:56:30[90m)[39m
    at Storage.getProjectTempDir [90m(/home/atmandk/LowCal-dev/packages/core/[39msrc/config/storage.ts:65:29[90m)[39m
    at Logger.initialize [90m(/home/atmandk/LowCal-dev/packages/core/[39msrc/core/logger.ts:144:33[90m)[39m
    at new Config [90m(/home/atmandk/LowCal-dev/packages/core/[39msrc/config/config.ts:454:17[90m)[39m
    at Module.makeFakeConfig [90m(/home/atmandk/LowCal-dev/packages/core/[39msrc/test-utils/config.ts:33:10[90m)[39m
    at [90m/home/atmandk/LowCal-dev/packages/core/[39msrc/subagents/subagent-manager.test.ts:58:18
    at file:///home/atmandk/LowCal-dev/node_modules/[4m@vitest/runner[24m/dist/chunk-hooks.js:155:11
    at file:///home/atmandk/LowCal-dev/node_modules/[4m@vitest/runner[24m/dist/chunk-hooks.js:1897:20 {
  code: [32m&apos;ERR_INVALID_ARG_TYPE&apos;[39m
}

            </system-out>
        </testcase>
        <testcase classname="src/subagents/subagent-manager.test.ts" name="SubagentManager &gt; isNameAvailable &gt; should check specific level when provided" time="0.000664839">
            <system-out>
Failed to initialize logger: TypeError: The &quot;path&quot; argument must be of type string. Received undefined
[90m    at Proxy.join (node:path:1339:7)[39m
    at Storage.getGlobalGeminiDir [90m(/home/atmandk/LowCal-dev/packages/core/[39msrc/config/storage.ts:26:19[90m)[39m
    at Storage.getGlobalTempDir [90m(/home/atmandk/LowCal-dev/packages/core/[39msrc/config/storage.ts:56:30[90m)[39m
    at Storage.getProjectTempDir [90m(/home/atmandk/LowCal-dev/packages/core/[39msrc/config/storage.ts:65:29[90m)[39m
    at Logger.initialize [90m(/home/atmandk/LowCal-dev/packages/core/[39msrc/core/logger.ts:144:33[90m)[39m
    at new Config [90m(/home/atmandk/LowCal-dev/packages/core/[39msrc/config/config.ts:454:17[90m)[39m
    at Module.makeFakeConfig [90m(/home/atmandk/LowCal-dev/packages/core/[39msrc/test-utils/config.ts:33:10[90m)[39m
    at [90m/home/atmandk/LowCal-dev/packages/core/[39msrc/subagents/subagent-manager.test.ts:58:18
    at file:///home/atmandk/LowCal-dev/node_modules/[4m@vitest/runner[24m/dist/chunk-hooks.js:155:11
    at file:///home/atmandk/LowCal-dev/node_modules/[4m@vitest/runner[24m/dist/chunk-hooks.js:1897:20 {
  code: [32m&apos;ERR_INVALID_ARG_TYPE&apos;[39m
}

            </system-out>
        </testcase>
        <testcase classname="src/subagents/subagent-manager.test.ts" name="SubagentManager &gt; Runtime Configuration Methods &gt; convertToRuntimeConfig &gt; should convert basic configuration" time="0.00068668">
            <system-out>
Failed to initialize logger: TypeError: The &quot;path&quot; argument must be of type string. Received undefined
[90m    at Proxy.join (node:path:1339:7)[39m
    at Storage.getGlobalGeminiDir [90m(/home/atmandk/LowCal-dev/packages/core/[39msrc/config/storage.ts:26:19[90m)[39m
    at Storage.getGlobalTempDir [90m(/home/atmandk/LowCal-dev/packages/core/[39msrc/config/storage.ts:56:30[90m)[39m
    at Storage.getProjectTempDir [90m(/home/atmandk/LowCal-dev/packages/core/[39msrc/config/storage.ts:65:29[90m)[39m
    at Logger.initialize [90m(/home/atmandk/LowCal-dev/packages/core/[39msrc/core/logger.ts:144:33[90m)[39m
    at new Config [90m(/home/atmandk/LowCal-dev/packages/core/[39msrc/config/config.ts:454:17[90m)[39m
    at Module.makeFakeConfig [90m(/home/atmandk/LowCal-dev/packages/core/[39msrc/test-utils/config.ts:33:10[90m)[39m
    at [90m/home/atmandk/LowCal-dev/packages/core/[39msrc/subagents/subagent-manager.test.ts:58:18
    at file:///home/atmandk/LowCal-dev/node_modules/[4m@vitest/runner[24m/dist/chunk-hooks.js:155:11
    at file:///home/atmandk/LowCal-dev/node_modules/[4m@vitest/runner[24m/dist/chunk-hooks.js:1897:20 {
  code: [32m&apos;ERR_INVALID_ARG_TYPE&apos;[39m
}

            </system-out>
        </testcase>
        <testcase classname="src/subagents/subagent-manager.test.ts" name="SubagentManager &gt; Runtime Configuration Methods &gt; convertToRuntimeConfig &gt; should include tool configuration when tools are specified" time="0.000684065">
            <system-out>
Failed to initialize logger: TypeError: The &quot;path&quot; argument must be of type string. Received undefined
[90m    at Proxy.join (node:path:1339:7)[39m
    at Storage.getGlobalGeminiDir [90m(/home/atmandk/LowCal-dev/packages/core/[39msrc/config/storage.ts:26:19[90m)[39m
    at Storage.getGlobalTempDir [90m(/home/atmandk/LowCal-dev/packages/core/[39msrc/config/storage.ts:56:30[90m)[39m
    at Storage.getProjectTempDir [90m(/home/atmandk/LowCal-dev/packages/core/[39msrc/config/storage.ts:65:29[90m)[39m
    at Logger.initialize [90m(/home/atmandk/LowCal-dev/packages/core/[39msrc/core/logger.ts:144:33[90m)[39m
    at new Config [90m(/home/atmandk/LowCal-dev/packages/core/[39msrc/config/config.ts:454:17[90m)[39m
    at Module.makeFakeConfig [90m(/home/atmandk/LowCal-dev/packages/core/[39msrc/test-utils/config.ts:33:10[90m)[39m
    at [90m/home/atmandk/LowCal-dev/packages/core/[39msrc/subagents/subagent-manager.test.ts:58:18
    at file:///home/atmandk/LowCal-dev/node_modules/[4m@vitest/runner[24m/dist/chunk-hooks.js:155:11
    at file:///home/atmandk/LowCal-dev/node_modules/[4m@vitest/runner[24m/dist/chunk-hooks.js:1897:20 {
  code: [32m&apos;ERR_INVALID_ARG_TYPE&apos;[39m
}

            </system-out>
        </testcase>
        <testcase classname="src/subagents/subagent-manager.test.ts" name="SubagentManager &gt; Runtime Configuration Methods &gt; convertToRuntimeConfig &gt; should transform display names to tool names in tool configuration" time="0.000658047">
            <system-out>
Failed to initialize logger: TypeError: The &quot;path&quot; argument must be of type string. Received undefined
[90m    at Proxy.join (node:path:1339:7)[39m
    at Storage.getGlobalGeminiDir [90m(/home/atmandk/LowCal-dev/packages/core/[39msrc/config/storage.ts:26:19[90m)[39m
    at Storage.getGlobalTempDir [90m(/home/atmandk/LowCal-dev/packages/core/[39msrc/config/storage.ts:56:30[90m)[39m
    at Storage.getProjectTempDir [90m(/home/atmandk/LowCal-dev/packages/core/[39msrc/config/storage.ts:65:29[90m)[39m
    at Logger.initialize [90m(/home/atmandk/LowCal-dev/packages/core/[39msrc/core/logger.ts:144:33[90m)[39m
    at new Config [90m(/home/atmandk/LowCal-dev/packages/core/[39msrc/config/config.ts:454:17[90m)[39m
    at Module.makeFakeConfig [90m(/home/atmandk/LowCal-dev/packages/core/[39msrc/test-utils/config.ts:33:10[90m)[39m
    at [90m/home/atmandk/LowCal-dev/packages/core/[39msrc/subagents/subagent-manager.test.ts:58:18
    at file:///home/atmandk/LowCal-dev/node_modules/[4m@vitest/runner[24m/dist/chunk-hooks.js:155:11
    at file:///home/atmandk/LowCal-dev/node_modules/[4m@vitest/runner[24m/dist/chunk-hooks.js:1897:20 {
  code: [32m&apos;ERR_INVALID_ARG_TYPE&apos;[39m
}

            </system-out>
            <system-err>
Tool &quot;unknown_tool&quot; not found in tool registry, preserving as-is

            </system-err>
        </testcase>
        <testcase classname="src/subagents/subagent-manager.test.ts" name="SubagentManager &gt; Runtime Configuration Methods &gt; convertToRuntimeConfig &gt; should merge custom model and run configurations" time="0.000664519">
            <system-out>
Failed to initialize logger: TypeError: The &quot;path&quot; argument must be of type string. Received undefined
[90m    at Proxy.join (node:path:1339:7)[39m
    at Storage.getGlobalGeminiDir [90m(/home/atmandk/LowCal-dev/packages/core/[39msrc/config/storage.ts:26:19[90m)[39m
    at Storage.getGlobalTempDir [90m(/home/atmandk/LowCal-dev/packages/core/[39msrc/config/storage.ts:56:30[90m)[39m
    at Storage.getProjectTempDir [90m(/home/atmandk/LowCal-dev/packages/core/[39msrc/config/storage.ts:65:29[90m)[39m
    at Logger.initialize [90m(/home/atmandk/LowCal-dev/packages/core/[39msrc/core/logger.ts:144:33[90m)[39m
    at new Config [90m(/home/atmandk/LowCal-dev/packages/core/[39msrc/config/config.ts:454:17[90m)[39m
    at Module.makeFakeConfig [90m(/home/atmandk/LowCal-dev/packages/core/[39msrc/test-utils/config.ts:33:10[90m)[39m
    at [90m/home/atmandk/LowCal-dev/packages/core/[39msrc/subagents/subagent-manager.test.ts:58:18
    at file:///home/atmandk/LowCal-dev/node_modules/[4m@vitest/runner[24m/dist/chunk-hooks.js:155:11
    at file:///home/atmandk/LowCal-dev/node_modules/[4m@vitest/runner[24m/dist/chunk-hooks.js:1897:20 {
  code: [32m&apos;ERR_INVALID_ARG_TYPE&apos;[39m
}

            </system-out>
        </testcase>
        <testcase classname="src/subagents/subagent-manager.test.ts" name="SubagentManager &gt; Runtime Configuration Methods &gt; mergeConfigurations &gt; should merge basic properties" time="0.00067602">
            <system-out>
Failed to initialize logger: TypeError: The &quot;path&quot; argument must be of type string. Received undefined
[90m    at Proxy.join (node:path:1339:7)[39m
    at Storage.getGlobalGeminiDir [90m(/home/atmandk/LowCal-dev/packages/core/[39msrc/config/storage.ts:26:19[90m)[39m
    at Storage.getGlobalTempDir [90m(/home/atmandk/LowCal-dev/packages/core/[39msrc/config/storage.ts:56:30[90m)[39m
    at Storage.getProjectTempDir [90m(/home/atmandk/LowCal-dev/packages/core/[39msrc/config/storage.ts:65:29[90m)[39m
    at Logger.initialize [90m(/home/atmandk/LowCal-dev/packages/core/[39msrc/core/logger.ts:144:33[90m)[39m
    at new Config [90m(/home/atmandk/LowCal-dev/packages/core/[39msrc/config/config.ts:454:17[90m)[39m
    at Module.makeFakeConfig [90m(/home/atmandk/LowCal-dev/packages/core/[39msrc/test-utils/config.ts:33:10[90m)[39m
    at [90m/home/atmandk/LowCal-dev/packages/core/[39msrc/subagents/subagent-manager.test.ts:58:18
    at file:///home/atmandk/LowCal-dev/node_modules/[4m@vitest/runner[24m/dist/chunk-hooks.js:155:11
    at file:///home/atmandk/LowCal-dev/node_modules/[4m@vitest/runner[24m/dist/chunk-hooks.js:1897:20 {
  code: [32m&apos;ERR_INVALID_ARG_TYPE&apos;[39m
}

            </system-out>
        </testcase>
        <testcase classname="src/subagents/subagent-manager.test.ts" name="SubagentManager &gt; Runtime Configuration Methods &gt; mergeConfigurations &gt; should merge nested configurations" time="0.000596874">
            <system-out>
Failed to initialize logger: TypeError: The &quot;path&quot; argument must be of type string. Received undefined
[90m    at Proxy.join (node:path:1339:7)[39m
    at Storage.getGlobalGeminiDir [90m(/home/atmandk/LowCal-dev/packages/core/[39msrc/config/storage.ts:26:19[90m)[39m
    at Storage.getGlobalTempDir [90m(/home/atmandk/LowCal-dev/packages/core/[39msrc/config/storage.ts:56:30[90m)[39m
    at Storage.getProjectTempDir [90m(/home/atmandk/LowCal-dev/packages/core/[39msrc/config/storage.ts:65:29[90m)[39m
    at Logger.initialize [90m(/home/atmandk/LowCal-dev/packages/core/[39msrc/core/logger.ts:144:33[90m)[39m
    at new Config [90m(/home/atmandk/LowCal-dev/packages/core/[39msrc/config/config.ts:454:17[90m)[39m
    at Module.makeFakeConfig [90m(/home/atmandk/LowCal-dev/packages/core/[39msrc/test-utils/config.ts:33:10[90m)[39m
    at [90m/home/atmandk/LowCal-dev/packages/core/[39msrc/subagents/subagent-manager.test.ts:58:18
    at file:///home/atmandk/LowCal-dev/node_modules/[4m@vitest/runner[24m/dist/chunk-hooks.js:155:11
    at file:///home/atmandk/LowCal-dev/node_modules/[4m@vitest/runner[24m/dist/chunk-hooks.js:1897:20 {
  code: [32m&apos;ERR_INVALID_ARG_TYPE&apos;[39m
}

            </system-out>
        </testcase>
    </testsuite>
    <testsuite name="src/subagents/subagent-statistics.test.ts" timestamp="2025-10-01T18:54:56.628Z" hostname="uby" tests="29" failures="0" errors="0" skipped="0" time="0.018448184">
        <testcase classname="src/subagents/subagent-statistics.test.ts" name="SubagentStatistics &gt; basic statistics tracking &gt; should track execution time" time="0.001549214">
        </testcase>
        <testcase classname="src/subagents/subagent-statistics.test.ts" name="SubagentStatistics &gt; basic statistics tracking &gt; should track rounds" time="0.000146761">
        </testcase>
        <testcase classname="src/subagents/subagent-statistics.test.ts" name="SubagentStatistics &gt; basic statistics tracking &gt; should track tool calls" time="0.000207273">
        </testcase>
        <testcase classname="src/subagents/subagent-statistics.test.ts" name="SubagentStatistics &gt; basic statistics tracking &gt; should track tokens" time="0.000103391">
        </testcase>
        <testcase classname="src/subagents/subagent-statistics.test.ts" name="SubagentStatistics &gt; tool usage statistics &gt; should track individual tool usage" time="0.000766318">
        </testcase>
        <testcase classname="src/subagents/subagent-statistics.test.ts" name="SubagentStatistics &gt; formatCompact &gt; should format basic execution summary" time="0.01122662">
        </testcase>
        <testcase classname="src/subagents/subagent-statistics.test.ts" name="SubagentStatistics &gt; formatCompact &gt; should handle zero tool calls" time="0.000344377">
        </testcase>
        <testcase classname="src/subagents/subagent-statistics.test.ts" name="SubagentStatistics &gt; formatCompact &gt; should show zero tokens when no tokens recorded" time="0.000141121">
        </testcase>
        <testcase classname="src/subagents/subagent-statistics.test.ts" name="SubagentStatistics &gt; formatDetailed &gt; should include quality assessment" time="0.000528257">
        </testcase>
        <testcase classname="src/subagents/subagent-statistics.test.ts" name="SubagentStatistics &gt; formatDetailed &gt; should include speed assessment" time="0.000185694">
        </testcase>
        <testcase classname="src/subagents/subagent-statistics.test.ts" name="SubagentStatistics &gt; formatDetailed &gt; should show top tools" time="0.00018964">
        </testcase>
        <testcase classname="src/subagents/subagent-statistics.test.ts" name="SubagentStatistics &gt; formatDetailed &gt; should include performance insights" time="0.00014042">
        </testcase>
        <testcase classname="src/subagents/subagent-statistics.test.ts" name="SubagentStatistics &gt; quality categories &gt; should categorize excellent execution" time="0.000096648">
        </testcase>
        <testcase classname="src/subagents/subagent-statistics.test.ts" name="SubagentStatistics &gt; quality categories &gt; should categorize good execution" time="0.00011316">
        </testcase>
        <testcase classname="src/subagents/subagent-statistics.test.ts" name="SubagentStatistics &gt; quality categories &gt; should categorize poor execution" time="0.000072334">
        </testcase>
        <testcase classname="src/subagents/subagent-statistics.test.ts" name="SubagentStatistics &gt; speed categories &gt; should categorize fast completion" time="0.000092131">
        </testcase>
        <testcase classname="src/subagents/subagent-statistics.test.ts" name="SubagentStatistics &gt; speed categories &gt; should categorize good speed" time="0.000071412">
        </testcase>
        <testcase classname="src/subagents/subagent-statistics.test.ts" name="SubagentStatistics &gt; speed categories &gt; should categorize moderate duration" time="0.00006492">
        </testcase>
        <testcase classname="src/subagents/subagent-statistics.test.ts" name="SubagentStatistics &gt; speed categories &gt; should categorize long execution" time="0.000066082">
        </testcase>
        <testcase classname="src/subagents/subagent-statistics.test.ts" name="SubagentStatistics &gt; performance tips &gt; should suggest reviewing low success rate" time="0.000066613">
        </testcase>
        <testcase classname="src/subagents/subagent-statistics.test.ts" name="SubagentStatistics &gt; performance tips &gt; should suggest breaking down long tasks" time="0.000041456">
        </testcase>
        <testcase classname="src/subagents/subagent-statistics.test.ts" name="SubagentStatistics &gt; performance tips &gt; should suggest optimizing high token usage" time="0.00003799">
        </testcase>
        <testcase classname="src/subagents/subagent-statistics.test.ts" name="SubagentStatistics &gt; performance tips &gt; should identify high token usage per call" time="0.000041677">
        </testcase>
        <testcase classname="src/subagents/subagent-statistics.test.ts" name="SubagentStatistics &gt; performance tips &gt; should identify network failures" time="0.000050002">
        </testcase>
        <testcase classname="src/subagents/subagent-statistics.test.ts" name="SubagentStatistics &gt; performance tips &gt; should identify slow tools" time="0.000048089">
        </testcase>
        <testcase classname="src/subagents/subagent-statistics.test.ts" name="SubagentStatistics &gt; duration formatting &gt; should format milliseconds" time="0.000043781">
        </testcase>
        <testcase classname="src/subagents/subagent-statistics.test.ts" name="SubagentStatistics &gt; duration formatting &gt; should format seconds" time="0.000033261">
        </testcase>
        <testcase classname="src/subagents/subagent-statistics.test.ts" name="SubagentStatistics &gt; duration formatting &gt; should format minutes and seconds" time="0.000033973">
        </testcase>
        <testcase classname="src/subagents/subagent-statistics.test.ts" name="SubagentStatistics &gt; duration formatting &gt; should format hours and minutes" time="0.0000324">
        </testcase>
    </testsuite>
    <testsuite name="src/subagents/subagent.test.ts" timestamp="2025-10-01T18:54:56.629Z" hostname="uby" tests="16" failures="0" errors="0" skipped="0" time="0.08003594">
        <testcase classname="src/subagents/subagent.test.ts" name="subagent.ts &gt; ContextState &gt; should set and get values correctly" time="0.00202267">
        </testcase>
        <testcase classname="src/subagents/subagent.test.ts" name="subagent.ts &gt; ContextState &gt; should return undefined for missing keys" time="0.000171968">
        </testcase>
        <testcase classname="src/subagents/subagent.test.ts" name="subagent.ts &gt; SubAgentScope &gt; create (Tool Validation) &gt; should create a SubAgentScope successfully with minimal config" time="0.025128948">
        </testcase>
        <testcase classname="src/subagents/subagent.test.ts" name="subagent.ts &gt; SubAgentScope &gt; create (Tool Validation) &gt; should not block creation when a tool may require confirmation" time="0.001929297">
        </testcase>
        <testcase classname="src/subagents/subagent.test.ts" name="subagent.ts &gt; SubAgentScope &gt; create (Tool Validation) &gt; should succeed if tools do not require confirmation" time="0.001410228">
        </testcase>
        <testcase classname="src/subagents/subagent.test.ts" name="subagent.ts &gt; SubAgentScope &gt; create (Tool Validation) &gt; should allow creation regardless of tool parameter requirements" time="0.001541751">
        </testcase>
        <testcase classname="src/subagents/subagent.test.ts" name="subagent.ts &gt; SubAgentScope &gt; runNonInteractive - Initialization and Prompting &gt; should correctly template the system prompt and initialize GeminiChat" time="0.013653899">
        </testcase>
        <testcase classname="src/subagents/subagent.test.ts" name="subagent.ts &gt; SubAgentScope &gt; runNonInteractive - Initialization and Prompting &gt; should use initialMessages instead of systemPrompt if provided" time="0.002571725">
        </testcase>
        <testcase classname="src/subagents/subagent.test.ts" name="subagent.ts &gt; SubAgentScope &gt; runNonInteractive - Initialization and Prompting &gt; should throw an error if template variables are missing" time="0.003346728">
        </testcase>
        <testcase classname="src/subagents/subagent.test.ts" name="subagent.ts &gt; SubAgentScope &gt; runNonInteractive - Initialization and Prompting &gt; should validate that systemPrompt and initialMessages are mutually exclusive" time="0.002089313">
        </testcase>
        <testcase classname="src/subagents/subagent.test.ts" name="subagent.ts &gt; SubAgentScope &gt; runNonInteractive - Execution and Tool Use &gt; should terminate with GOAL if no outputs are expected and model stops" time="0.00259576">
        </testcase>
        <testcase classname="src/subagents/subagent.test.ts" name="subagent.ts &gt; SubAgentScope &gt; runNonInteractive - Execution and Tool Use &gt; should terminate with GOAL when model provides final text" time="0.001857886">
        </testcase>
        <testcase classname="src/subagents/subagent.test.ts" name="subagent.ts &gt; SubAgentScope &gt; runNonInteractive - Execution and Tool Use &gt; should execute external tools and provide the response to the model" time="0.005449347">
        </testcase>
        <testcase classname="src/subagents/subagent.test.ts" name="subagent.ts &gt; SubAgentScope &gt; runNonInteractive - Termination and Recovery &gt; should terminate with MAX_TURNS if the limit is reached" time="0.001920622">
        </testcase>
        <testcase classname="src/subagents/subagent.test.ts" name="subagent.ts &gt; SubAgentScope &gt; runNonInteractive - Termination and Recovery &gt; should terminate with TIMEOUT if the time limit is reached during an LLM call" time="0.004419141">
        </testcase>
        <testcase classname="src/subagents/subagent.test.ts" name="subagent.ts &gt; SubAgentScope &gt; runNonInteractive - Termination and Recovery &gt; should terminate with ERROR if the model call throws" time="0.007542668">
            <system-err>
Error during subagent execution: Error: API Failure
    at [90m/home/atmandk/LowCal-dev/packages/core/[39msrc/subagents/subagent.test.ts:694:49
    at file:///home/atmandk/LowCal-dev/node_modules/[4m@vitest/runner[24m/dist/chunk-hooks.js:752:20

            </system-err>
        </testcase>
    </testsuite>
    <testsuite name="src/subagents/types.test.ts" timestamp="2025-10-01T18:54:56.631Z" hostname="uby" tests="3" failures="0" errors="0" skipped="0" time="0.002629702">
        <testcase classname="src/subagents/types.test.ts" name="SubagentError &gt; should create error with message and code" time="0.001244892">
        </testcase>
        <testcase classname="src/subagents/types.test.ts" name="SubagentError &gt; should create error with subagent name" time="0.000157381">
        </testcase>
        <testcase classname="src/subagents/types.test.ts" name="SubagentError &gt; should have correct error codes" time="0.000144748">
        </testcase>
    </testsuite>
    <testsuite name="src/subagents/validation.test.ts" timestamp="2025-10-01T18:54:56.631Z" hostname="uby" tests="37" failures="0" errors="0" skipped="0" time="0.009944969">
        <testcase classname="src/subagents/validation.test.ts" name="SubagentValidator &gt; validateName &gt; should accept valid names" time="0.001911214">
        </testcase>
        <testcase classname="src/subagents/validation.test.ts" name="SubagentValidator &gt; validateName &gt; should reject empty or whitespace names" time="0.00056775">
        </testcase>
        <testcase classname="src/subagents/validation.test.ts" name="SubagentValidator &gt; validateName &gt; should reject names that are too short" time="0.00019505">
        </testcase>
        <testcase classname="src/subagents/validation.test.ts" name="SubagentValidator &gt; validateName &gt; should reject names that are too long" time="0.000128617">
        </testcase>
        <testcase classname="src/subagents/validation.test.ts" name="SubagentValidator &gt; validateName &gt; should reject names with invalid characters" time="0.000241196">
        </testcase>
        <testcase classname="src/subagents/validation.test.ts" name="SubagentValidator &gt; validateName &gt; should reject names starting with special characters" time="0.00014064">
        </testcase>
        <testcase classname="src/subagents/validation.test.ts" name="SubagentValidator &gt; validateName &gt; should reject names ending with special characters" time="0.000130391">
        </testcase>
        <testcase classname="src/subagents/validation.test.ts" name="SubagentValidator &gt; validateName &gt; should reject reserved names" time="0.000528827">
        </testcase>
        <testcase classname="src/subagents/validation.test.ts" name="SubagentValidator &gt; validateName &gt; should warn about naming conventions" time="0.000137935">
        </testcase>
        <testcase classname="src/subagents/validation.test.ts" name="SubagentValidator &gt; validateName &gt; should warn about mixed separators" time="0.000091339">
        </testcase>
        <testcase classname="src/subagents/validation.test.ts" name="SubagentValidator &gt; validateSystemPrompt &gt; should accept valid system prompts" time="0.000304182">
        </testcase>
        <testcase classname="src/subagents/validation.test.ts" name="SubagentValidator &gt; validateSystemPrompt &gt; should reject empty prompts" time="0.000181816">
        </testcase>
        <testcase classname="src/subagents/validation.test.ts" name="SubagentValidator &gt; validateSystemPrompt &gt; should reject prompts that are too short" time="0.000091108">
        </testcase>
        <testcase classname="src/subagents/validation.test.ts" name="SubagentValidator &gt; validateSystemPrompt &gt; should reject prompts that are too long" time="0.000084707">
        </testcase>
        <testcase classname="src/subagents/validation.test.ts" name="SubagentValidator &gt; validateSystemPrompt &gt; should warn about long prompts" time="0.000093372">
        </testcase>
        <testcase classname="src/subagents/validation.test.ts" name="SubagentValidator &gt; validateTools &gt; should accept valid tool arrays" time="0.000179001">
        </testcase>
        <testcase classname="src/subagents/validation.test.ts" name="SubagentValidator &gt; validateTools &gt; should reject non-array inputs" time="0.000105866">
        </testcase>
        <testcase classname="src/subagents/validation.test.ts" name="SubagentValidator &gt; validateTools &gt; should warn about empty arrays" time="0.000099233">
        </testcase>
        <testcase classname="src/subagents/validation.test.ts" name="SubagentValidator &gt; validateTools &gt; should warn about duplicate tools" time="0.000085188">
        </testcase>
        <testcase classname="src/subagents/validation.test.ts" name="SubagentValidator &gt; validateTools &gt; should reject non-string tool names" time="0.000083284">
        </testcase>
        <testcase classname="src/subagents/validation.test.ts" name="SubagentValidator &gt; validateTools &gt; should reject empty tool names" time="0.000111726">
        </testcase>
        <testcase classname="src/subagents/validation.test.ts" name="SubagentValidator &gt; validateModelConfig &gt; should accept valid model configurations" time="0.00035133">
        </testcase>
        <testcase classname="src/subagents/validation.test.ts" name="SubagentValidator &gt; validateModelConfig &gt; should reject invalid model names" time="0.000119531">
        </testcase>
        <testcase classname="src/subagents/validation.test.ts" name="SubagentValidator &gt; validateModelConfig &gt; should reject invalid temperature values" time="0.000121395">
        </testcase>
        <testcase classname="src/subagents/validation.test.ts" name="SubagentValidator &gt; validateModelConfig &gt; should warn about high temperature" time="0.000089566">
        </testcase>
        <testcase classname="src/subagents/validation.test.ts" name="SubagentValidator &gt; validateModelConfig &gt; should reject invalid top_p values" time="0.000111607">
        </testcase>
        <testcase classname="src/subagents/validation.test.ts" name="SubagentValidator &gt; validateRunConfig &gt; should accept valid run configurations" time="0.000332796">
        </testcase>
        <testcase classname="src/subagents/validation.test.ts" name="SubagentValidator &gt; validateRunConfig &gt; should reject invalid max_time_minutes" time="0.000166638">
        </testcase>
        <testcase classname="src/subagents/validation.test.ts" name="SubagentValidator &gt; validateRunConfig &gt; should warn about very long execution times" time="0.000123829">
        </testcase>
        <testcase classname="src/subagents/validation.test.ts" name="SubagentValidator &gt; validateRunConfig &gt; should reject invalid max_turns" time="0.000157581">
        </testcase>
        <testcase classname="src/subagents/validation.test.ts" name="SubagentValidator &gt; validateRunConfig &gt; should warn about high turn limits" time="0.000111586">
        </testcase>
        <testcase classname="src/subagents/validation.test.ts" name="SubagentValidator &gt; validateConfig &gt; should accept valid configurations" time="0.000209136">
        </testcase>
        <testcase classname="src/subagents/validation.test.ts" name="SubagentValidator &gt; validateConfig &gt; should collect errors from all validation steps" time="0.000138106">
        </testcase>
        <testcase classname="src/subagents/validation.test.ts" name="SubagentValidator &gt; validateConfig &gt; should collect warnings from all validation steps" time="0.000098883">
        </testcase>
        <testcase classname="src/subagents/validation.test.ts" name="SubagentValidator &gt; validateOrThrow &gt; should not throw for valid configurations" time="0.000562751">
        </testcase>
        <testcase classname="src/subagents/validation.test.ts" name="SubagentValidator &gt; validateOrThrow &gt; should throw SubagentError for invalid configurations" time="0.000222692">
        </testcase>
        <testcase classname="src/subagents/validation.test.ts" name="SubagentValidator &gt; validateOrThrow &gt; should include subagent name in error" time="0.000130081">
        </testcase>
    </testsuite>
    <testsuite name="src/tools/diffOptions.test.ts" timestamp="2025-10-01T18:54:56.632Z" hostname="uby" tests="9" failures="0" errors="0" skipped="0" time="0.00668422">
        <testcase classname="src/tools/diffOptions.test.ts" name="getDiffStat &gt; should return 0 for all stats when there are no changes" time="0.002647335">
        </testcase>
        <testcase classname="src/tools/diffOptions.test.ts" name="getDiffStat &gt; should correctly report AI additions" time="0.001371526">
        </testcase>
        <testcase classname="src/tools/diffOptions.test.ts" name="getDiffStat &gt; should correctly report AI removals" time="0.000284546">
        </testcase>
        <testcase classname="src/tools/diffOptions.test.ts" name="getDiffStat &gt; should correctly report AI modifications" time="0.000216701">
        </testcase>
        <testcase classname="src/tools/diffOptions.test.ts" name="getDiffStat &gt; should correctly report user additions" time="0.000168001">
        </testcase>
        <testcase classname="src/tools/diffOptions.test.ts" name="getDiffStat &gt; should correctly report user removals" time="0.000146581">
        </testcase>
        <testcase classname="src/tools/diffOptions.test.ts" name="getDiffStat &gt; should correctly report user modifications" time="0.000155618">
        </testcase>
        <testcase classname="src/tools/diffOptions.test.ts" name="getDiffStat &gt; should handle complex changes from both AI and user" time="0.000206642">
        </testcase>
        <testcase classname="src/tools/diffOptions.test.ts" name="getDiffStat &gt; should report a single line modification as one addition and one removal" time="0.00015704">
        </testcase>
    </testsuite>
    <testsuite name="src/tools/edit.test.ts" timestamp="2025-10-01T18:54:56.632Z" hostname="uby" tests="42" failures="0" errors="0" skipped="1" time="0.151430662">
        <testcase classname="src/tools/edit.test.ts" name="EditTool &gt; applyReplacement &gt; should return newString if isNewFile is true" time="0.002261563">
        </testcase>
        <testcase classname="src/tools/edit.test.ts" name="EditTool &gt; applyReplacement &gt; should return newString if currentContent is null and oldString is empty (defensive)" time="0.000580674">
        </testcase>
        <testcase classname="src/tools/edit.test.ts" name="EditTool &gt; applyReplacement &gt; should return empty string if currentContent is null and oldString is not empty (defensive)" time="0.000399749">
        </testcase>
        <testcase classname="src/tools/edit.test.ts" name="EditTool &gt; applyReplacement &gt; should replace oldString with newString in currentContent" time="0.000500435">
        </testcase>
        <testcase classname="src/tools/edit.test.ts" name="EditTool &gt; applyReplacement &gt; should return currentContent if oldString is empty and not a new file" time="0.000371958">
        </testcase>
        <testcase classname="src/tools/edit.test.ts" name="EditTool &gt; validateToolParams &gt; should return null for valid params" time="0.026725581">
        </testcase>
        <testcase classname="src/tools/edit.test.ts" name="EditTool &gt; validateToolParams &gt; should return error for relative path" time="0.002140538">
        </testcase>
        <testcase classname="src/tools/edit.test.ts" name="EditTool &gt; validateToolParams &gt; should return error for path outside root" time="0.002265038">
        </testcase>
        <testcase classname="src/tools/edit.test.ts" name="EditTool &gt; shouldConfirmExecute &gt; should throw an error if params are invalid" time="0.002879716">
        </testcase>
        <testcase classname="src/tools/edit.test.ts" name="EditTool &gt; shouldConfirmExecute &gt; should request confirmation for valid edit" time="0.005803212">
        </testcase>
        <testcase classname="src/tools/edit.test.ts" name="EditTool &gt; shouldConfirmExecute &gt; should return false if old_string is not found" time="0.004230343">
            <system-out>
Error: Failed to edit, could not find the string to replace.

            </system-out>
        </testcase>
        <testcase classname="src/tools/edit.test.ts" name="EditTool &gt; shouldConfirmExecute &gt; should return false if multiple occurrences of old_string are found" time="0.005103567">
            <system-out>
Error: Failed to edit, expected 1 occurrence but found 2.

            </system-out>
        </testcase>
        <testcase classname="src/tools/edit.test.ts" name="EditTool &gt; shouldConfirmExecute &gt; should request confirmation for creating a new file (empty old_string)" time="0.003899281">
        </testcase>
        <testcase classname="src/tools/edit.test.ts" name="EditTool &gt; shouldConfirmExecute &gt; should use corrected params from ensureCorrectEdit for diff generation" time="0">
            <skipped/>
        </testcase>
        <testcase classname="src/tools/edit.test.ts" name="EditTool &gt; execute &gt; should throw error if file path is not absolute" time="0.003656882">
        </testcase>
        <testcase classname="src/tools/edit.test.ts" name="EditTool &gt; execute &gt; should throw error if file path is empty" time="0.00194154">
        </testcase>
        <testcase classname="src/tools/edit.test.ts" name="EditTool &gt; execute &gt; should edit an existing file and return diff with fileName" time="0.005944713">
        </testcase>
        <testcase classname="src/tools/edit.test.ts" name="EditTool &gt; execute &gt; should create a new file if old_string is empty and file does not exist, and return created message" time="0.004262362">
        </testcase>
        <testcase classname="src/tools/edit.test.ts" name="EditTool &gt; execute &gt; should return error if old_string is not found in file" time="0.003691626">
        </testcase>
        <testcase classname="src/tools/edit.test.ts" name="EditTool &gt; execute &gt; should return error if multiple occurrences of old_string are found" time="0.004564712">
        </testcase>
        <testcase classname="src/tools/edit.test.ts" name="EditTool &gt; execute &gt; should successfully replace multiple occurrences when expected_replacements specified" time="0.006468612">
        </testcase>
        <testcase classname="src/tools/edit.test.ts" name="EditTool &gt; execute &gt; should return error if expected_replacements does not match actual occurrences" time="0.00438007">
        </testcase>
        <testcase classname="src/tools/edit.test.ts" name="EditTool &gt; execute &gt; should return error if trying to create a file that already exists (empty old_string)" time="0.004155064">
        </testcase>
        <testcase classname="src/tools/edit.test.ts" name="EditTool &gt; execute &gt; should include modification message when proposed content is modified" time="0.004462251">
        </testcase>
        <testcase classname="src/tools/edit.test.ts" name="EditTool &gt; execute &gt; should not include modification message when proposed content is not modified" time="0.003064407">
        </testcase>
        <testcase classname="src/tools/edit.test.ts" name="EditTool &gt; execute &gt; should not include modification message when modified_by_user is not provided" time="0.002301616">
        </testcase>
        <testcase classname="src/tools/edit.test.ts" name="EditTool &gt; execute &gt; should return error if old_string and new_string are identical" time="0.002116885">
        </testcase>
        <testcase classname="src/tools/edit.test.ts" name="EditTool &gt; execute &gt; should return EDIT_NO_CHANGE error if replacement results in identical content" time="0.002372688">
        </testcase>
        <testcase classname="src/tools/edit.test.ts" name="EditTool &gt; Error Scenarios &gt; should return FILE_NOT_FOUND error" time="0.002160866">
        </testcase>
        <testcase classname="src/tools/edit.test.ts" name="EditTool &gt; Error Scenarios &gt; should return ATTEMPT_TO_CREATE_EXISTING_FILE error" time="0.003039391">
        </testcase>
        <testcase classname="src/tools/edit.test.ts" name="EditTool &gt; Error Scenarios &gt; should return NO_OCCURRENCE_FOUND error" time="0.002012521">
        </testcase>
        <testcase classname="src/tools/edit.test.ts" name="EditTool &gt; Error Scenarios &gt; should return EXPECTED_OCCURRENCE_MISMATCH error" time="0.005534134">
        </testcase>
        <testcase classname="src/tools/edit.test.ts" name="EditTool &gt; Error Scenarios &gt; should return NO_CHANGE error" time="0.00272053">
        </testcase>
        <testcase classname="src/tools/edit.test.ts" name="EditTool &gt; Error Scenarios &gt; should throw INVALID_PARAMETERS error for relative path" time="0.002399467">
        </testcase>
        <testcase classname="src/tools/edit.test.ts" name="EditTool &gt; Error Scenarios &gt; should return FILE_WRITE_FAILURE on write error" time="0.00284997">
        </testcase>
        <testcase classname="src/tools/edit.test.ts" name="EditTool &gt; getDescription &gt; should return &quot;No file changes to...&quot; if old_string and new_string are the same" time="0.002054629">
        </testcase>
        <testcase classname="src/tools/edit.test.ts" name="EditTool &gt; getDescription &gt; should return a snippet of old and new strings if they are different" time="0.002153562">
        </testcase>
        <testcase classname="src/tools/edit.test.ts" name="EditTool &gt; getDescription &gt; should handle very short strings correctly in the description" time="0.00249294">
        </testcase>
        <testcase classname="src/tools/edit.test.ts" name="EditTool &gt; getDescription &gt; should truncate long strings in the description" time="0.002167809">
        </testcase>
        <testcase classname="src/tools/edit.test.ts" name="EditTool &gt; workspace boundary validation &gt; should validate paths are within workspace root" time="0.002002152">
        </testcase>
        <testcase classname="src/tools/edit.test.ts" name="EditTool &gt; workspace boundary validation &gt; should reject paths outside workspace root" time="0.002448577">
        </testcase>
        <testcase classname="src/tools/edit.test.ts" name="EditTool &gt; IDE mode &gt; should call ideClient.openDiff and update params on confirmation" time="0.004360934">
        </testcase>
    </testsuite>
    <testsuite name="src/tools/exitPlanMode.test.ts" timestamp="2025-10-01T18:54:56.634Z" hostname="uby" tests="17" failures="0" errors="0" skipped="0" time="0.007394584">
        <testcase classname="src/tools/exitPlanMode.test.ts" name="ExitPlanModeTool &gt; constructor and metadata &gt; should have correct tool name" time="0.001824143">
        </testcase>
        <testcase classname="src/tools/exitPlanMode.test.ts" name="ExitPlanModeTool &gt; constructor and metadata &gt; should have correct display name" time="0.00017846">
        </testcase>
        <testcase classname="src/tools/exitPlanMode.test.ts" name="ExitPlanModeTool &gt; constructor and metadata &gt; should have correct kind" time="0.000087321">
        </testcase>
        <testcase classname="src/tools/exitPlanMode.test.ts" name="ExitPlanModeTool &gt; constructor and metadata &gt; should have correct schema" time="0.000640024">
        </testcase>
        <testcase classname="src/tools/exitPlanMode.test.ts" name="ExitPlanModeTool &gt; validateToolParams &gt; should accept valid parameters" time="0.000158914">
        </testcase>
        <testcase classname="src/tools/exitPlanMode.test.ts" name="ExitPlanModeTool &gt; validateToolParams &gt; should reject missing plan parameter" time="0.00008111">
        </testcase>
        <testcase classname="src/tools/exitPlanMode.test.ts" name="ExitPlanModeTool &gt; validateToolParams &gt; should reject empty plan parameter" time="0.000076241">
        </testcase>
        <testcase classname="src/tools/exitPlanMode.test.ts" name="ExitPlanModeTool &gt; validateToolParams &gt; should reject whitespace-only plan parameter" time="0.000089255">
        </testcase>
        <testcase classname="src/tools/exitPlanMode.test.ts" name="ExitPlanModeTool &gt; validateToolParams &gt; should reject non-string plan parameter" time="0.000118179">
        </testcase>
        <testcase classname="src/tools/exitPlanMode.test.ts" name="ExitPlanModeTool &gt; tool execution &gt; should execute successfully through tool interface after approval" time="0.001427921">
        </testcase>
        <testcase classname="src/tools/exitPlanMode.test.ts" name="ExitPlanModeTool &gt; tool execution &gt; should request confirmation with plan details" time="0.000287482">
        </testcase>
        <testcase classname="src/tools/exitPlanMode.test.ts" name="ExitPlanModeTool &gt; tool execution &gt; should remain in plan mode when confirmation is rejected" time="0.000219495">
        </testcase>
        <testcase classname="src/tools/exitPlanMode.test.ts" name="ExitPlanModeTool &gt; tool execution &gt; should have correct description" time="0.000103922">
        </testcase>
        <testcase classname="src/tools/exitPlanMode.test.ts" name="ExitPlanModeTool &gt; tool execution &gt; should handle execution errors gracefully" time="0.000490036">
        </testcase>
        <testcase classname="src/tools/exitPlanMode.test.ts" name="ExitPlanModeTool &gt; tool execution &gt; should return empty tool locations" time="0.000170756">
        </testcase>
        <testcase classname="src/tools/exitPlanMode.test.ts" name="ExitPlanModeTool &gt; tool description &gt; should contain usage guidelines" time="0.000203737">
        </testcase>
        <testcase classname="src/tools/exitPlanMode.test.ts" name="ExitPlanModeTool &gt; tool description &gt; should contain examples" time="0.000080859">
        </testcase>
    </testsuite>
    <testsuite name="src/tools/glob.test.ts" timestamp="2025-10-01T18:54:56.634Z" hostname="uby" tests="37" failures="0" errors="0" skipped="0" time="1.790755121">
        <testcase classname="src/tools/glob.test.ts" name="GlobTool &gt; execute &gt; should find files matching a simple pattern in the root" time="0.113976582">
        </testcase>
        <testcase classname="src/tools/glob.test.ts" name="GlobTool &gt; execute &gt; should find files case-sensitively when case_sensitive is true" time="0.058223074">
        </testcase>
        <testcase classname="src/tools/glob.test.ts" name="GlobTool &gt; execute &gt; should find files case-insensitively by default (pattern: *.TXT)" time="0.063209975">
        </testcase>
        <testcase classname="src/tools/glob.test.ts" name="GlobTool &gt; execute &gt; should find files case-insensitively when case_sensitive is false (pattern: *.TXT)" time="0.056639296">
        </testcase>
        <testcase classname="src/tools/glob.test.ts" name="GlobTool &gt; execute &gt; should find files using a pattern that includes a subdirectory" time="0.055604221">
        </testcase>
        <testcase classname="src/tools/glob.test.ts" name="GlobTool &gt; execute &gt; should find files in a specified relative path (relative to rootDir)" time="0.055637944">
        </testcase>
        <testcase classname="src/tools/glob.test.ts" name="GlobTool &gt; execute &gt; should find files using a deep globstar pattern (e.g., **/*.log)" time="0.057114685">
        </testcase>
        <testcase classname="src/tools/glob.test.ts" name="GlobTool &gt; execute &gt; should return &quot;No files found&quot; message when pattern matches nothing" time="0.055459795">
        </testcase>
        <testcase classname="src/tools/glob.test.ts" name="GlobTool &gt; execute &gt; should find files with special characters in the name" time="0.057611774">
        </testcase>
        <testcase classname="src/tools/glob.test.ts" name="GlobTool &gt; execute &gt; should find files with special characters like [] and () in the path" time="0.059124301">
        </testcase>
        <testcase classname="src/tools/glob.test.ts" name="GlobTool &gt; execute &gt; should correctly sort files by modification time (newest first)" time="0.057039565">
        </testcase>
        <testcase classname="src/tools/glob.test.ts" name="GlobTool &gt; execute &gt; should return a PATH_NOT_IN_WORKSPACE error if path is outside workspace" time="0.053097145">
        </testcase>
        <testcase classname="src/tools/glob.test.ts" name="GlobTool &gt; execute &gt; should summarize when file matches exceed the default limit" time="0.067021715">
        </testcase>
        <testcase classname="src/tools/glob.test.ts" name="GlobTool &gt; execute &gt; should honour custom limit parameter" time="0.064678953">
        </testcase>
        <testcase classname="src/tools/glob.test.ts" name="GlobTool &gt; execute &gt; should return a GLOB_EXECUTION_ERROR on glob failure" time="0.062944905">
            <system-err>
GlobLogic execute Error: Glob failed Error: Glob failed
    at [90m/home/atmandk/LowCal-dev/packages/core/[39msrc/tools/glob.test.ts:271:46
    at file:///home/atmandk/LowCal-dev/node_modules/[4m@vitest/runner[24m/dist/chunk-hooks.js:155:11
    at file:///home/atmandk/LowCal-dev/node_modules/[4m@vitest/runner[24m/dist/chunk-hooks.js:752:26
    at file:///home/atmandk/LowCal-dev/node_modules/[4m@vitest/runner[24m/dist/chunk-hooks.js:1897:20
    at new Promise (&lt;anonymous&gt;)
    at runWithTimeout (file:///home/atmandk/LowCal-dev/node_modules/[4m@vitest/runner[24m/dist/chunk-hooks.js:1863:10)
    at runTest (file:///home/atmandk/LowCal-dev/node_modules/[4m@vitest/runner[24m/dist/chunk-hooks.js:1574:12)
    at runSuite (file:///home/atmandk/LowCal-dev/node_modules/[4m@vitest/runner[24m/dist/chunk-hooks.js:1729:8)
    at runSuite (file:///home/atmandk/LowCal-dev/node_modules/[4m@vitest/runner[24m/dist/chunk-hooks.js:1729:8)
    at runSuite (file:///home/atmandk/LowCal-dev/node_modules/[4m@vitest/runner[24m/dist/chunk-hooks.js:1729:8)

            </system-err>
        </testcase>
        <testcase classname="src/tools/glob.test.ts" name="GlobTool &gt; validateToolParams &gt; should return null for valid parameters (pattern only)" time="0.058602867">
        </testcase>
        <testcase classname="src/tools/glob.test.ts" name="GlobTool &gt; validateToolParams &gt; should return null for valid parameters (pattern and path)" time="0.059384683">
        </testcase>
        <testcase classname="src/tools/glob.test.ts" name="GlobTool &gt; validateToolParams &gt; should reject invalid limit values" time="0.05643559">
        </testcase>
        <testcase classname="src/tools/glob.test.ts" name="GlobTool &gt; validateToolParams &gt; should return null for valid parameters (pattern, path, and case_sensitive)" time="0.055156033">
        </testcase>
        <testcase classname="src/tools/glob.test.ts" name="GlobTool &gt; validateToolParams &gt; should return error if pattern is missing (schema validation)" time="0.053996077">
        </testcase>
        <testcase classname="src/tools/glob.test.ts" name="GlobTool &gt; validateToolParams &gt; should return error if pattern is an empty string" time="0.054711871">
        </testcase>
        <testcase classname="src/tools/glob.test.ts" name="GlobTool &gt; validateToolParams &gt; should return error if pattern is only whitespace" time="0.056286213">
        </testcase>
        <testcase classname="src/tools/glob.test.ts" name="GlobTool &gt; validateToolParams &gt; should pass if path is provided but is not a string (type coercion)" time="0.052265488">
        </testcase>
        <testcase classname="src/tools/glob.test.ts" name="GlobTool &gt; validateToolParams &gt; should pass if case_sensitive is provided but is not a boolean (type coercion)" time="0.056302763">
        </testcase>
        <testcase classname="src/tools/glob.test.ts" name="GlobTool &gt; validateToolParams &gt; should return error if search path resolves outside the tool&apos;s root directory" time="0.055683699">
        </testcase>
        <testcase classname="src/tools/glob.test.ts" name="GlobTool &gt; validateToolParams &gt; should return error if specified search path does not exist" time="0.055642332">
        </testcase>
        <testcase classname="src/tools/glob.test.ts" name="GlobTool &gt; validateToolParams &gt; should return error if specified search path is a file, not a directory" time="0.059438202">
        </testcase>
        <testcase classname="src/tools/glob.test.ts" name="GlobTool &gt; workspace boundary validation &gt; should validate search paths are within workspace boundaries" time="0.056109466">
        </testcase>
        <testcase classname="src/tools/glob.test.ts" name="GlobTool &gt; workspace boundary validation &gt; should provide clear error messages when path is outside workspace" time="0.053189136">
        </testcase>
        <testcase classname="src/tools/glob.test.ts" name="GlobTool &gt; workspace boundary validation &gt; should work with paths in workspace subdirectories" time="0.057896931">
        </testcase>
        <testcase classname="src/tools/glob.test.ts" name="sortFileEntries &gt; should sort a mix of recent and older files correctly" time="0.008394132">
        </testcase>
        <testcase classname="src/tools/glob.test.ts" name="sortFileEntries &gt; should sort only recent files by mtime descending" time="0.000229855">
        </testcase>
        <testcase classname="src/tools/glob.test.ts" name="sortFileEntries &gt; should sort only older files alphabetically by path" time="0.000127205">
        </testcase>
        <testcase classname="src/tools/glob.test.ts" name="sortFileEntries &gt; should handle an empty array" time="0.000079557">
        </testcase>
        <testcase classname="src/tools/glob.test.ts" name="sortFileEntries &gt; should correctly sort files when mtimes are identical for older files" time="0.000296178">
        </testcase>
        <testcase classname="src/tools/glob.test.ts" name="sortFileEntries &gt; should correctly sort files when mtimes are identical for recent files (maintaining mtime sort)" time="0.000431438">
        </testcase>
        <testcase classname="src/tools/glob.test.ts" name="sortFileEntries &gt; should use recencyThresholdMs parameter correctly" time="0.000134859">
        </testcase>
    </testsuite>
    <testsuite name="src/tools/grep.test.ts" timestamp="2025-10-01T18:54:56.635Z" hostname="uby" tests="29" failures="0" errors="0" skipped="0" time="0.228851755">
        <testcase classname="src/tools/grep.test.ts" name="GrepTool &gt; validateToolParams &gt; should return null for valid params (pattern only)" time="0.028349093">
        </testcase>
        <testcase classname="src/tools/grep.test.ts" name="GrepTool &gt; validateToolParams &gt; should return null for valid params (pattern and path)" time="0.004287879">
        </testcase>
        <testcase classname="src/tools/grep.test.ts" name="GrepTool &gt; validateToolParams &gt; should return null for valid params (pattern, path, and include)" time="0.004292217">
        </testcase>
        <testcase classname="src/tools/grep.test.ts" name="GrepTool &gt; validateToolParams &gt; should return error if pattern is missing" time="0.004775802">
        </testcase>
        <testcase classname="src/tools/grep.test.ts" name="GrepTool &gt; validateToolParams &gt; should return error for invalid regex pattern" time="0.004709418">
        </testcase>
        <testcase classname="src/tools/grep.test.ts" name="GrepTool &gt; validateToolParams &gt; should return error if path does not exist" time="0.008768314">
        </testcase>
        <testcase classname="src/tools/grep.test.ts" name="GrepTool &gt; validateToolParams &gt; should return error if path is a file, not a directory" time="0.008224608">
        </testcase>
        <testcase classname="src/tools/grep.test.ts" name="GrepTool &gt; execute &gt; should find matches for a simple pattern in all files" time="0.018875324">
            <system-out>
GrepLogic: Falling back to JavaScript grep implementation.

            </system-out>
        </testcase>
        <testcase classname="src/tools/grep.test.ts" name="GrepTool &gt; execute &gt; should find matches in a specific path" time="0.006638336">
            <system-out>
GrepLogic: Falling back to JavaScript grep implementation.

            </system-out>
        </testcase>
        <testcase classname="src/tools/grep.test.ts" name="GrepTool &gt; execute &gt; should find matches with an include glob" time="0.006958207">
            <system-out>
GrepLogic: Falling back to JavaScript grep implementation.

            </system-out>
        </testcase>
        <testcase classname="src/tools/grep.test.ts" name="GrepTool &gt; execute &gt; should find matches with an include glob and path" time="0.009894266">
            <system-out>
GrepLogic: Falling back to JavaScript grep implementation.

            </system-out>
        </testcase>
        <testcase classname="src/tools/grep.test.ts" name="GrepTool &gt; execute &gt; should return &quot;No matches found&quot; when pattern does not exist" time="0.006936266">
            <system-out>
GrepLogic: Falling back to JavaScript grep implementation.

            </system-out>
        </testcase>
        <testcase classname="src/tools/grep.test.ts" name="GrepTool &gt; execute &gt; should handle regex special characters correctly" time="0.006612818">
            <system-out>
GrepLogic: Falling back to JavaScript grep implementation.

            </system-out>
        </testcase>
        <testcase classname="src/tools/grep.test.ts" name="GrepTool &gt; execute &gt; should be case-insensitive by default (JS fallback)" time="0.006589375">
            <system-out>
GrepLogic: Falling back to JavaScript grep implementation.

            </system-out>
        </testcase>
        <testcase classname="src/tools/grep.test.ts" name="GrepTool &gt; execute &gt; should throw an error if params are invalid" time="0.003641313">
        </testcase>
        <testcase classname="src/tools/grep.test.ts" name="GrepTool &gt; execute &gt; should return a GREP_EXECUTION_ERROR on failure" time="0.005356215">
            <system-out>
GrepLogic: Falling back to JavaScript grep implementation.

            </system-out>
            <system-err>
GrepLogic: Error in performGrepSearch (Strategy: javascript fallback): filesIterator is not async iterable

Error during GrepLogic execution: TypeError: filesIterator is not async iterable

            </system-err>
        </testcase>
        <testcase classname="src/tools/grep.test.ts" name="GrepTool &gt; multi-directory workspace &gt; should search across all workspace directories when no path is specified" time="0.010016332">
            <system-out>
GrepLogic: Falling back to JavaScript grep implementation.

GrepLogic: Falling back to JavaScript grep implementation.

            </system-out>
        </testcase>
        <testcase classname="src/tools/grep.test.ts" name="GrepTool &gt; multi-directory workspace &gt; should search only specified path within workspace directories" time="0.009808969">
            <system-out>
GrepLogic: Falling back to JavaScript grep implementation.

            </system-out>
        </testcase>
        <testcase classname="src/tools/grep.test.ts" name="GrepTool &gt; getDescription &gt; should generate correct description with pattern only" time="0.004567375">
        </testcase>
        <testcase classname="src/tools/grep.test.ts" name="GrepTool &gt; getDescription &gt; should generate correct description with pattern and include" time="0.003545366">
        </testcase>
        <testcase classname="src/tools/grep.test.ts" name="GrepTool &gt; getDescription &gt; should generate correct description with pattern and path" time="0.004026936">
        </testcase>
        <testcase classname="src/tools/grep.test.ts" name="GrepTool &gt; getDescription &gt; should indicate searching across all workspace directories when no path specified" time="0.003543773">
        </testcase>
        <testcase classname="src/tools/grep.test.ts" name="GrepTool &gt; getDescription &gt; should generate correct description with pattern, include, and path" time="0.005905571">
        </testcase>
        <testcase classname="src/tools/grep.test.ts" name="GrepTool &gt; getDescription &gt; should use ./ for root path in description" time="0.00383961">
        </testcase>
        <testcase classname="src/tools/grep.test.ts" name="GrepTool &gt; Result limiting &gt; should limit results to default 20 matches" time="0.010968663">
            <system-out>
GrepLogic: Falling back to JavaScript grep implementation.

            </system-out>
        </testcase>
        <testcase classname="src/tools/grep.test.ts" name="GrepTool &gt; Result limiting &gt; should respect custom maxResults parameter" time="0.012580092">
            <system-out>
GrepLogic: Falling back to JavaScript grep implementation.

            </system-out>
        </testcase>
        <testcase classname="src/tools/grep.test.ts" name="GrepTool &gt; Result limiting &gt; should not show truncation warning when all results fit" time="0.013116365">
            <system-out>
GrepLogic: Falling back to JavaScript grep implementation.

            </system-out>
        </testcase>
        <testcase classname="src/tools/grep.test.ts" name="GrepTool &gt; Result limiting &gt; should validate maxResults parameter" time="0.004139976">
        </testcase>
        <testcase classname="src/tools/grep.test.ts" name="GrepTool &gt; Result limiting &gt; should accept valid maxResults parameter" time="0.005654817">
        </testcase>
    </testsuite>
    <testsuite name="src/tools/ls.test.ts" timestamp="2025-10-01T18:54:56.636Z" hostname="uby" tests="25" failures="0" errors="0" skipped="0" time="0.109590241">
        <testcase classname="src/tools/ls.test.ts" name="LSTool &gt; parameter validation &gt; should accept valid absolute paths within workspace" time="0.029212378">
        </testcase>
        <testcase classname="src/tools/ls.test.ts" name="LSTool &gt; parameter validation &gt; should reject relative paths" time="0.005091696">
        </testcase>
        <testcase classname="src/tools/ls.test.ts" name="LSTool &gt; parameter validation &gt; should reject invalid limit values" time="0.003763289">
        </testcase>
        <testcase classname="src/tools/ls.test.ts" name="LSTool &gt; parameter validation &gt; should reject paths outside workspace with clear error message" time="0.003095214">
        </testcase>
        <testcase classname="src/tools/ls.test.ts" name="LSTool &gt; parameter validation &gt; should accept paths in secondary workspace directory" time="0.00312573">
        </testcase>
        <testcase classname="src/tools/ls.test.ts" name="LSTool &gt; execute &gt; should list files in a directory" time="0.005005195">
        </testcase>
        <testcase classname="src/tools/ls.test.ts" name="LSTool &gt; execute &gt; should list files from secondary workspace directory" time="0.003143352">
        </testcase>
        <testcase classname="src/tools/ls.test.ts" name="LSTool &gt; execute &gt; should handle empty directories" time="0.002057294">
        </testcase>
        <testcase classname="src/tools/ls.test.ts" name="LSTool &gt; execute &gt; should respect ignore patterns" time="0.002754564">
        </testcase>
        <testcase classname="src/tools/ls.test.ts" name="LSTool &gt; execute &gt; should respect gitignore patterns" time="0.003743863">
        </testcase>
        <testcase classname="src/tools/ls.test.ts" name="LSTool &gt; execute &gt; should respect geminiignore patterns" time="0.003281197">
        </testcase>
        <testcase classname="src/tools/ls.test.ts" name="LSTool &gt; execute &gt; should handle non-directory paths" time="0.002470629">
        </testcase>
        <testcase classname="src/tools/ls.test.ts" name="LSTool &gt; execute &gt; should handle non-existent paths" time="0.002961456">
        </testcase>
        <testcase classname="src/tools/ls.test.ts" name="LSTool &gt; execute &gt; should sort directories first, then files alphabetically" time="0.003148052">
        </testcase>
        <testcase classname="src/tools/ls.test.ts" name="LSTool &gt; execute &gt; should handle permission errors gracefully" time="0.003220895">
        </testcase>
        <testcase classname="src/tools/ls.test.ts" name="LSTool &gt; execute &gt; should throw for invalid params at build time" time="0.003013483">
        </testcase>
        <testcase classname="src/tools/ls.test.ts" name="LSTool &gt; execute &gt; should handle errors accessing individual files during listing" time="0.005146597">
        </testcase>
        <testcase classname="src/tools/ls.test.ts" name="LSTool &gt; execute &gt; should summarize when entries exceed the default limit" time="0.003828129">
        </testcase>
        <testcase classname="src/tools/ls.test.ts" name="LSTool &gt; execute &gt; should honour custom limit parameter" time="0.00308259">
        </testcase>
        <testcase classname="src/tools/ls.test.ts" name="LSTool &gt; getDescription &gt; should return shortened relative path" time="0.002593236">
        </testcase>
        <testcase classname="src/tools/ls.test.ts" name="LSTool &gt; getDescription &gt; should handle paths in secondary workspace" time="0.002064277">
        </testcase>
        <testcase classname="src/tools/ls.test.ts" name="LSTool &gt; workspace boundary validation &gt; should accept paths in primary workspace directory" time="0.001686549">
        </testcase>
        <testcase classname="src/tools/ls.test.ts" name="LSTool &gt; workspace boundary validation &gt; should accept paths in secondary workspace directory" time="0.004610566">
        </testcase>
        <testcase classname="src/tools/ls.test.ts" name="LSTool &gt; workspace boundary validation &gt; should reject paths outside all workspace directories" time="0.002678183">
        </testcase>
        <testcase classname="src/tools/ls.test.ts" name="LSTool &gt; workspace boundary validation &gt; should list files from secondary workspace directory" time="0.002203024">
        </testcase>
    </testsuite>
    <testsuite name="src/tools/mcp-client-manager.test.ts" timestamp="2025-10-01T18:54:56.637Z" hostname="uby" tests="1" failures="0" errors="0" skipped="0" time="0.002308669">
        <testcase classname="src/tools/mcp-client-manager.test.ts" name="McpClientManager &gt; should discover tools from all servers" time="0.001510874">
        </testcase>
    </testsuite>
    <testsuite name="src/tools/mcp-client.test.ts" timestamp="2025-10-01T18:54:56.637Z" hostname="uby" tests="42" failures="0" errors="0" skipped="0" time="0.01878143">
        <testcase classname="src/tools/mcp-client.test.ts" name="mcp-client &gt; McpClient &gt; should discover tools" time="0.003486367">
            <system-err>
Error discovering prompts from test-server: mcpClient.getServerCapabilities is not a function

            </system-err>
        </testcase>
        <testcase classname="src/tools/mcp-client.test.ts" name="mcp-client &gt; McpClient &gt; should skip tools if a parameter is missing a type" time="0.001997344">
            <system-err>
Error discovering prompts from test-server: mcpClient.getServerCapabilities is not a function

            </system-err>
        </testcase>
        <testcase classname="src/tools/mcp-client.test.ts" name="mcp-client &gt; McpClient &gt; should handle errors when discovering prompts" time="0.002169592">
        </testcase>
        <testcase classname="src/tools/mcp-client.test.ts" name="mcp-client &gt; appendMcpServerCommand &gt; should do nothing if no MCP servers or command are configured" time="0.000475509">
        </testcase>
        <testcase classname="src/tools/mcp-client.test.ts" name="mcp-client &gt; appendMcpServerCommand &gt; should discover tools via mcpServerCommand" time="0.000669227">
        </testcase>
        <testcase classname="src/tools/mcp-client.test.ts" name="mcp-client &gt; appendMcpServerCommand &gt; should handle error if mcpServerCommand parsing fails" time="0.000235556">
        </testcase>
        <testcase classname="src/tools/mcp-client.test.ts" name="mcp-client &gt; createTransport &gt; should connect via httpUrl &gt; without headers" time="0.000267094">
        </testcase>
        <testcase classname="src/tools/mcp-client.test.ts" name="mcp-client &gt; createTransport &gt; should connect via httpUrl &gt; with headers" time="0.000185243">
        </testcase>
        <testcase classname="src/tools/mcp-client.test.ts" name="mcp-client &gt; createTransport &gt; should connect via url &gt; without headers" time="0.000198857">
        </testcase>
        <testcase classname="src/tools/mcp-client.test.ts" name="mcp-client &gt; createTransport &gt; should connect via url &gt; with headers" time="0.00016758">
        </testcase>
        <testcase classname="src/tools/mcp-client.test.ts" name="mcp-client &gt; createTransport &gt; should connect via command" time="0.001741901">
        </testcase>
        <testcase classname="src/tools/mcp-client.test.ts" name="mcp-client &gt; createTransport &gt; useGoogleCredentialProvider &gt; should use GoogleCredentialProvider when specified" time="0.000659058">
        </testcase>
        <testcase classname="src/tools/mcp-client.test.ts" name="mcp-client &gt; createTransport &gt; useGoogleCredentialProvider &gt; should use GoogleCredentialProvider with SSE transport" time="0.000406772">
        </testcase>
        <testcase classname="src/tools/mcp-client.test.ts" name="mcp-client &gt; createTransport &gt; useGoogleCredentialProvider &gt; should throw an error if no URL is provided with GoogleCredentialProvider" time="0.000528557">
        </testcase>
        <testcase classname="src/tools/mcp-client.test.ts" name="mcp-client &gt; isEnabled &gt; should return true if no include or exclude lists are provided" time="0.000379572">
        </testcase>
        <testcase classname="src/tools/mcp-client.test.ts" name="mcp-client &gt; isEnabled &gt; should return false if the tool is in the exclude list" time="0.000273496">
        </testcase>
        <testcase classname="src/tools/mcp-client.test.ts" name="mcp-client &gt; isEnabled &gt; should return true if the tool is in the include list" time="0.000301206">
        </testcase>
        <testcase classname="src/tools/mcp-client.test.ts" name="mcp-client &gt; isEnabled &gt; should return true if the tool is in the include list with parentheses" time="0.000252637">
        </testcase>
        <testcase classname="src/tools/mcp-client.test.ts" name="mcp-client &gt; isEnabled &gt; should return false if the include list exists but does not contain the tool" time="0.000155778">
        </testcase>
        <testcase classname="src/tools/mcp-client.test.ts" name="mcp-client &gt; isEnabled &gt; should return false if the tool is in both the include and exclude lists" time="0.000138677">
        </testcase>
        <testcase classname="src/tools/mcp-client.test.ts" name="mcp-client &gt; isEnabled &gt; should return false if the function declaration has no name" time="0.000276521">
            <system-err>
Discovered a function declaration without a name from MCP server &apos;myServer&apos;. Skipping.

            </system-err>
        </testcase>
        <testcase classname="src/tools/mcp-client.test.ts" name="mcp-client &gt; hasValidTypes &gt; should return true for a valid schema with anyOf" time="0.000171547">
        </testcase>
        <testcase classname="src/tools/mcp-client.test.ts" name="mcp-client &gt; hasValidTypes &gt; should return false for an invalid schema with anyOf" time="0.000120784">
        </testcase>
        <testcase classname="src/tools/mcp-client.test.ts" name="mcp-client &gt; hasValidTypes &gt; should return true for a valid schema with allOf" time="0.000151801">
        </testcase>
        <testcase classname="src/tools/mcp-client.test.ts" name="mcp-client &gt; hasValidTypes &gt; should return false for an invalid schema with allOf" time="0.000101868">
        </testcase>
        <testcase classname="src/tools/mcp-client.test.ts" name="mcp-client &gt; hasValidTypes &gt; should return true for a valid schema with oneOf" time="0.000105265">
        </testcase>
        <testcase classname="src/tools/mcp-client.test.ts" name="mcp-client &gt; hasValidTypes &gt; should return false for an invalid schema with oneOf" time="0.000098563">
        </testcase>
        <testcase classname="src/tools/mcp-client.test.ts" name="mcp-client &gt; hasValidTypes &gt; should return true for a valid schema with nested subschemas" time="0.000110504">
        </testcase>
        <testcase classname="src/tools/mcp-client.test.ts" name="mcp-client &gt; hasValidTypes &gt; should return false for an invalid schema with nested subschemas" time="0.000104182">
        </testcase>
        <testcase classname="src/tools/mcp-client.test.ts" name="mcp-client &gt; hasValidTypes &gt; should return true for a schema with a type and subschemas" time="0.000112428">
        </testcase>
        <testcase classname="src/tools/mcp-client.test.ts" name="mcp-client &gt; hasValidTypes &gt; should return false for a schema with no type and no subschemas" time="0.000099474">
        </testcase>
        <testcase classname="src/tools/mcp-client.test.ts" name="mcp-client &gt; hasValidTypes &gt; should return true for a valid schema" time="0.000098502">
        </testcase>
        <testcase classname="src/tools/mcp-client.test.ts" name="mcp-client &gt; hasValidTypes &gt; should return false if a parameter is missing a type" time="0.000096518">
        </testcase>
        <testcase classname="src/tools/mcp-client.test.ts" name="mcp-client &gt; hasValidTypes &gt; should return false if a nested parameter is missing a type" time="0.000106096">
        </testcase>
        <testcase classname="src/tools/mcp-client.test.ts" name="mcp-client &gt; hasValidTypes &gt; should return false if an array item is missing a type" time="0.000102359">
        </testcase>
        <testcase classname="src/tools/mcp-client.test.ts" name="mcp-client &gt; hasValidTypes &gt; should return true for a schema with no properties" time="0.000098142">
        </testcase>
        <testcase classname="src/tools/mcp-client.test.ts" name="mcp-client &gt; hasValidTypes &gt; should return true for a schema with an empty properties object" time="0.000101688">
        </testcase>
        <testcase classname="src/tools/mcp-client.test.ts" name="mcp-client &gt; hasNetworkTransport &gt; should return true if only url is provided" time="0.000139318">
        </testcase>
        <testcase classname="src/tools/mcp-client.test.ts" name="mcp-client &gt; hasNetworkTransport &gt; should return true if only httpUrl is provided" time="0.000109272">
        </testcase>
        <testcase classname="src/tools/mcp-client.test.ts" name="mcp-client &gt; hasNetworkTransport &gt; should return true if both url and httpUrl are provided" time="0.00010814">
        </testcase>
        <testcase classname="src/tools/mcp-client.test.ts" name="mcp-client &gt; hasNetworkTransport &gt; should return false if neither url nor httpUrl is provided" time="0.000104623">
        </testcase>
        <testcase classname="src/tools/mcp-client.test.ts" name="mcp-client &gt; hasNetworkTransport &gt; should return false for an empty config object" time="0.000099253">
        </testcase>
    </testsuite>
    <testsuite name="src/tools/mcp-tool.test.ts" timestamp="2025-10-01T18:54:56.639Z" hostname="uby" tests="33" failures="0" errors="0" skipped="0" time="0.038597093">
        <testcase classname="src/tools/mcp-tool.test.ts" name="generateValidName &gt; should return a valid name for a simple function" time="0.001301116">
        </testcase>
        <testcase classname="src/tools/mcp-tool.test.ts" name="generateValidName &gt; should replace invalid characters with underscores" time="0.000164064">
        </testcase>
        <testcase classname="src/tools/mcp-tool.test.ts" name="generateValidName &gt; should truncate long names" time="0.000100055">
        </testcase>
        <testcase classname="src/tools/mcp-tool.test.ts" name="generateValidName &gt; should handle names with only invalid characters" time="0.000085739">
        </testcase>
        <testcase classname="src/tools/mcp-tool.test.ts" name="generateValidName &gt; should handle names that are exactly 63 characters long" time="0.000078925">
        </testcase>
        <testcase classname="src/tools/mcp-tool.test.ts" name="generateValidName &gt; should handle names that are exactly 64 characters long" time="0.000062666">
        </testcase>
        <testcase classname="src/tools/mcp-tool.test.ts" name="generateValidName &gt; should handle names that are longer than 64 characters" time="0.000057746">
        </testcase>
        <testcase classname="src/tools/mcp-tool.test.ts" name="DiscoveredMCPTool &gt; constructor &gt; should set properties correctly" time="0.02662818">
        </testcase>
        <testcase classname="src/tools/mcp-tool.test.ts" name="DiscoveredMCPTool &gt; constructor &gt; should accept and store a custom timeout" time="0.000229294">
        </testcase>
        <testcase classname="src/tools/mcp-tool.test.ts" name="DiscoveredMCPTool &gt; execute &gt; should call mcpTool.callTool with correct parameters and format display output" time="0.001764633">
        </testcase>
        <testcase classname="src/tools/mcp-tool.test.ts" name="DiscoveredMCPTool &gt; execute &gt; should handle empty result from getStringifiedResultForDisplay" time="0.000261543">
        </testcase>
        <testcase classname="src/tools/mcp-tool.test.ts" name="DiscoveredMCPTool &gt; execute &gt; should propagate rejection if mcpTool.callTool rejects" time="0.000936742">
        </testcase>
        <testcase classname="src/tools/mcp-tool.test.ts" name="DiscoveredMCPTool &gt; execute &gt; should return a structured error if MCP tool reports an error" time="0.00051353">
        </testcase>
        <testcase classname="src/tools/mcp-tool.test.ts" name="DiscoveredMCPTool &gt; execute &gt; should return a structured error if MCP tool reports an error" time="0.000196493">
        </testcase>
        <testcase classname="src/tools/mcp-tool.test.ts" name="DiscoveredMCPTool &gt; execute &gt; should consider a ToolResult with isError ${description} to be a success" time="0.000397475">
        </testcase>
        <testcase classname="src/tools/mcp-tool.test.ts" name="DiscoveredMCPTool &gt; execute &gt; should consider a ToolResult with isError ${description} to be a success" time="0.000158643">
        </testcase>
        <testcase classname="src/tools/mcp-tool.test.ts" name="DiscoveredMCPTool &gt; execute &gt; should handle a simple text response correctly" time="0.000408104">
        </testcase>
        <testcase classname="src/tools/mcp-tool.test.ts" name="DiscoveredMCPTool &gt; execute &gt; should handle an AudioBlock response" time="0.000368902">
        </testcase>
        <testcase classname="src/tools/mcp-tool.test.ts" name="DiscoveredMCPTool &gt; execute &gt; should handle a ResourceLinkBlock response" time="0.000213114">
        </testcase>
        <testcase classname="src/tools/mcp-tool.test.ts" name="DiscoveredMCPTool &gt; execute &gt; should handle an embedded text ResourceBlock response" time="0.000215538">
        </testcase>
        <testcase classname="src/tools/mcp-tool.test.ts" name="DiscoveredMCPTool &gt; execute &gt; should handle an embedded binary ResourceBlock response" time="0.000210038">
        </testcase>
        <testcase classname="src/tools/mcp-tool.test.ts" name="DiscoveredMCPTool &gt; execute &gt; should handle a mix of content block types" time="0.000215869">
        </testcase>
        <testcase classname="src/tools/mcp-tool.test.ts" name="DiscoveredMCPTool &gt; execute &gt; should ignore unknown content block types" time="0.000179582">
        </testcase>
        <testcase classname="src/tools/mcp-tool.test.ts" name="DiscoveredMCPTool &gt; execute &gt; should handle a complex mix of content block types" time="0.000196253">
        </testcase>
        <testcase classname="src/tools/mcp-tool.test.ts" name="DiscoveredMCPTool &gt; shouldConfirmExecute &gt; should return false if trust is true" time="0.00017319">
        </testcase>
        <testcase classname="src/tools/mcp-tool.test.ts" name="DiscoveredMCPTool &gt; shouldConfirmExecute &gt; should return false if server is allowlisted" time="0.000097159">
        </testcase>
        <testcase classname="src/tools/mcp-tool.test.ts" name="DiscoveredMCPTool &gt; shouldConfirmExecute &gt; should return false if tool is allowlisted" time="0.000089897">
        </testcase>
        <testcase classname="src/tools/mcp-tool.test.ts" name="DiscoveredMCPTool &gt; shouldConfirmExecute &gt; should return confirmation details if not trusted and not allowlisted" time="0.000294835">
        </testcase>
        <testcase classname="src/tools/mcp-tool.test.ts" name="DiscoveredMCPTool &gt; shouldConfirmExecute &gt; should add server to allowlist on ProceedAlwaysServer" time="0.000188609">
        </testcase>
        <testcase classname="src/tools/mcp-tool.test.ts" name="DiscoveredMCPTool &gt; shouldConfirmExecute &gt; should add tool to allowlist on ProceedAlwaysTool" time="0.00015675">
        </testcase>
        <testcase classname="src/tools/mcp-tool.test.ts" name="DiscoveredMCPTool &gt; shouldConfirmExecute &gt; should handle Cancel confirmation outcome" time="0.000150748">
        </testcase>
        <testcase classname="src/tools/mcp-tool.test.ts" name="DiscoveredMCPTool &gt; shouldConfirmExecute &gt; should handle ProceedOnce confirmation outcome" time="0.000146871">
        </testcase>
        <testcase classname="src/tools/mcp-tool.test.ts" name="DiscoveredMCPTool &gt; DiscoveredMCPToolInvocation &gt; should return the stringified params from getDescription" time="0.000125192">
        </testcase>
    </testsuite>
    <testsuite name="src/tools/memoryTool.test.ts" timestamp="2025-10-01T18:54:56.639Z" hostname="uby" tests="29" failures="0" errors="0" skipped="0" time="0.054718163">
        <testcase classname="src/tools/memoryTool.test.ts" name="MemoryTool &gt; setGeminiMdFilename &gt; should update currentGeminiMdFilename when a valid new name is provided" time="0.001800239">
        </testcase>
        <testcase classname="src/tools/memoryTool.test.ts" name="MemoryTool &gt; setGeminiMdFilename &gt; should not update currentGeminiMdFilename if the new name is empty or whitespace" time="0.000423804">
        </testcase>
        <testcase classname="src/tools/memoryTool.test.ts" name="MemoryTool &gt; setGeminiMdFilename &gt; should handle an array of filenames" time="0.000863317">
        </testcase>
        <testcase classname="src/tools/memoryTool.test.ts" name="MemoryTool &gt; performAddMemoryEntry (static method) &gt; should create section and save a fact if file does not exist" time="0.001640514">
        </testcase>
        <testcase classname="src/tools/memoryTool.test.ts" name="MemoryTool &gt; performAddMemoryEntry (static method) &gt; should create section and save a fact if file is empty" time="0.000313159">
        </testcase>
        <testcase classname="src/tools/memoryTool.test.ts" name="MemoryTool &gt; performAddMemoryEntry (static method) &gt; should add a fact to an existing section" time="0.00029183">
        </testcase>
        <testcase classname="src/tools/memoryTool.test.ts" name="MemoryTool &gt; performAddMemoryEntry (static method) &gt; should add a fact to an existing empty section" time="0.000278415">
        </testcase>
        <testcase classname="src/tools/memoryTool.test.ts" name="MemoryTool &gt; performAddMemoryEntry (static method) &gt; should add a fact when other ## sections exist and preserve spacing" time="0.000171377">
        </testcase>
        <testcase classname="src/tools/memoryTool.test.ts" name="MemoryTool &gt; performAddMemoryEntry (static method) &gt; should correctly trim and add a fact that starts with a dash" time="0.000208836">
        </testcase>
        <testcase classname="src/tools/memoryTool.test.ts" name="MemoryTool &gt; performAddMemoryEntry (static method) &gt; should handle error from fsAdapter.writeFile" time="0.007336145">
            <system-err>
[MemoryTool] Error adding memory entry to /mock/home/.qwen/QWEN.md: Error: Disk full
    at [90m/home/atmandk/LowCal-dev/packages/core/[39msrc/tools/memoryTool.test.ts:185:49
    at file:///home/atmandk/LowCal-dev/node_modules/[4m@vitest/runner[24m/dist/chunk-hooks.js:155:11
    at file:///home/atmandk/LowCal-dev/node_modules/[4m@vitest/runner[24m/dist/chunk-hooks.js:752:26
    at file:///home/atmandk/LowCal-dev/node_modules/[4m@vitest/runner[24m/dist/chunk-hooks.js:1897:20
    at new Promise (&lt;anonymous&gt;)
    at runWithTimeout (file:///home/atmandk/LowCal-dev/node_modules/[4m@vitest/runner[24m/dist/chunk-hooks.js:1863:10)
    at runTest (file:///home/atmandk/LowCal-dev/node_modules/[4m@vitest/runner[24m/dist/chunk-hooks.js:1574:12)
[90m    at processTicksAndRejections (node:internal/process/task_queues:105:5)[39m
    at runSuite (file:///home/atmandk/LowCal-dev/node_modules/[4m@vitest/runner[24m/dist/chunk-hooks.js:1729:8)
    at runSuite (file:///home/atmandk/LowCal-dev/node_modules/[4m@vitest/runner[24m/dist/chunk-hooks.js:1729:8)

            </system-err>
        </testcase>
        <testcase classname="src/tools/memoryTool.test.ts" name="MemoryTool &gt; execute (instance method) &gt; should have correct name, displayName, description, and schema" time="0.000631237">
        </testcase>
        <testcase classname="src/tools/memoryTool.test.ts" name="MemoryTool &gt; execute (instance method) &gt; should call performAddMemoryEntry with correct parameters and return success for global scope" time="0.030340084">
        </testcase>
        <testcase classname="src/tools/memoryTool.test.ts" name="MemoryTool &gt; execute (instance method) &gt; should call performAddMemoryEntry with correct parameters and return success for project scope" time="0.000553954">
        </testcase>
        <testcase classname="src/tools/memoryTool.test.ts" name="MemoryTool &gt; execute (instance method) &gt; should return an error if fact is empty" time="0.000413385">
        </testcase>
        <testcase classname="src/tools/memoryTool.test.ts" name="MemoryTool &gt; execute (instance method) &gt; should handle errors from performAddMemoryEntry" time="0.000624104">
            <system-err>
[MemoryTool] Error executing save_memory for fact &quot;This will fail&quot; in global: [MemoryTool] Failed to add memory entry: Disk full

            </system-err>
        </testcase>
        <testcase classname="src/tools/memoryTool.test.ts" name="MemoryTool &gt; execute (instance method) &gt; should return error when executing without scope parameter" time="0.000274558">
        </testcase>
        <testcase classname="src/tools/memoryTool.test.ts" name="MemoryTool &gt; shouldConfirmExecute &gt; should return confirmation details when memory file is not allowlisted for global scope" time="0.001793466">
        </testcase>
        <testcase classname="src/tools/memoryTool.test.ts" name="MemoryTool &gt; shouldConfirmExecute &gt; should return confirmation details when memory file is not allowlisted for project scope" time="0.000568982">
        </testcase>
        <testcase classname="src/tools/memoryTool.test.ts" name="MemoryTool &gt; shouldConfirmExecute &gt; should return false when memory file is already allowlisted for global scope" time="0.000143274">
        </testcase>
        <testcase classname="src/tools/memoryTool.test.ts" name="MemoryTool &gt; shouldConfirmExecute &gt; should return false when memory file is already allowlisted for project scope" time="0.000098933">
        </testcase>
        <testcase classname="src/tools/memoryTool.test.ts" name="MemoryTool &gt; shouldConfirmExecute &gt; should add memory file to allowlist when ProceedAlways is confirmed for global scope" time="0.000226268">
        </testcase>
        <testcase classname="src/tools/memoryTool.test.ts" name="MemoryTool &gt; shouldConfirmExecute &gt; should add memory file to allowlist when ProceedAlways is confirmed for project scope" time="0.000177879">
        </testcase>
        <testcase classname="src/tools/memoryTool.test.ts" name="MemoryTool &gt; shouldConfirmExecute &gt; should not add memory file to allowlist when other outcomes are confirmed" time="0.000247578">
        </testcase>
        <testcase classname="src/tools/memoryTool.test.ts" name="MemoryTool &gt; shouldConfirmExecute &gt; should handle existing memory file with content for global scope" time="0.000803606">
        </testcase>
        <testcase classname="src/tools/memoryTool.test.ts" name="MemoryTool &gt; shouldConfirmExecute &gt; should prompt for scope selection when scope is not specified" time="0.000812493">
        </testcase>
        <testcase classname="src/tools/memoryTool.test.ts" name="MemoryTool &gt; shouldConfirmExecute &gt; should show correct file paths in scope selection prompt" time="0.000806581">
        </testcase>
        <testcase classname="src/tools/memoryTool.test.ts" name="MemoryTool &gt; getDescription &gt; should return correct description for global scope" time="0.000360897">
        </testcase>
        <testcase classname="src/tools/memoryTool.test.ts" name="MemoryTool &gt; getDescription &gt; should return correct description for project scope" time="0.000264058">
        </testcase>
        <testcase classname="src/tools/memoryTool.test.ts" name="MemoryTool &gt; getDescription &gt; should show choice prompt when scope is not specified" time="0.000235124">
        </testcase>
    </testsuite>
    <testsuite name="src/tools/modifiable-tool.test.ts" timestamp="2025-10-01T18:54:56.640Z" hostname="uby" tests="11" failures="0" errors="0" skipped="0" time="0.045662549">
        <testcase classname="src/tools/modifiable-tool.test.ts" name="modifyWithEditor &gt; successful modification &gt; should successfully modify content with VSCode editor" time="0.012440325">
        </testcase>
        <testcase classname="src/tools/modifiable-tool.test.ts" name="modifyWithEditor &gt; successful modification &gt; should create temp directory if it does not exist" time="0.003046794">
        </testcase>
        <testcase classname="src/tools/modifiable-tool.test.ts" name="modifyWithEditor &gt; successful modification &gt; should not create temp directory if it already exists" time="0.010450374">
        </testcase>
        <testcase classname="src/tools/modifiable-tool.test.ts" name="modifyWithEditor &gt; should handle missing old temp file gracefully" time="0.003545857">
            <system-err>
Error deleting temp diff file: /tmp/qwen-code-tool-modify-diffs/qwen-code-modify-test-old-1759344884111.txt

            </system-err>
        </testcase>
        <testcase classname="src/tools/modifiable-tool.test.ts" name="modifyWithEditor &gt; should handle missing new temp file gracefully" time="0.002234021">
            <system-err>
Error deleting temp diff file: /tmp/qwen-code-tool-modify-diffs/qwen-code-modify-test-new-1759344884114.txt

            </system-err>
        </testcase>
        <testcase classname="src/tools/modifiable-tool.test.ts" name="modifyWithEditor &gt; should clean up temp files even if editor fails" time="0.002418842">
        </testcase>
        <testcase classname="src/tools/modifiable-tool.test.ts" name="modifyWithEditor &gt; should handle temp file cleanup errors gracefully" time="0.003421227">
        </testcase>
        <testcase classname="src/tools/modifiable-tool.test.ts" name="modifyWithEditor &gt; should create temp files with correct naming with extension" time="0.003334325">
        </testcase>
        <testcase classname="src/tools/modifiable-tool.test.ts" name="modifyWithEditor &gt; should create temp files with correct naming without extension" time="0.002728194">
        </testcase>
        <testcase classname="src/tools/modifiable-tool.test.ts" name="isModifiableTool &gt; should return true for objects with getModifyContext method" time="0.000309072">
        </testcase>
        <testcase classname="src/tools/modifiable-tool.test.ts" name="isModifiableTool &gt; should return false for objects without getModifyContext method" time="0.000212173">
        </testcase>
    </testsuite>
    <testsuite name="src/tools/read-file.test.ts" timestamp="2025-10-01T18:54:56.641Z" hostname="uby" tests="26" failures="0" errors="0" skipped="0" time="0.159189909">
        <testcase classname="src/tools/read-file.test.ts" name="ReadFileTool &gt; build &gt; should return an invocation for valid params (absolute path within root)" time="0.030147709">
        </testcase>
        <testcase classname="src/tools/read-file.test.ts" name="ReadFileTool &gt; build &gt; should throw error if file path is relative" time="0.003652465">
        </testcase>
        <testcase classname="src/tools/read-file.test.ts" name="ReadFileTool &gt; build &gt; should throw error if path is outside root" time="0.002812059">
        </testcase>
        <testcase classname="src/tools/read-file.test.ts" name="ReadFileTool &gt; build &gt; should throw error if path is empty" time="0.001825736">
        </testcase>
        <testcase classname="src/tools/read-file.test.ts" name="ReadFileTool &gt; build &gt; should throw error if offset is negative" time="0.001607562">
        </testcase>
        <testcase classname="src/tools/read-file.test.ts" name="ReadFileTool &gt; build &gt; should throw error if limit is zero or negative" time="0.002140218">
        </testcase>
        <testcase classname="src/tools/read-file.test.ts" name="ReadFileTool &gt; getDescription &gt; should return relative path without limit/offset" time="0.002213202">
        </testcase>
        <testcase classname="src/tools/read-file.test.ts" name="ReadFileTool &gt; getDescription &gt; should return shortened path when file path is deep" time="0.002041395">
        </testcase>
        <testcase classname="src/tools/read-file.test.ts" name="ReadFileTool &gt; getDescription &gt; should handle non-normalized file paths correctly" time="0.002589709">
        </testcase>
        <testcase classname="src/tools/read-file.test.ts" name="ReadFileTool &gt; getDescription &gt; should return . if path is the root directory" time="0.003080888">
        </testcase>
        <testcase classname="src/tools/read-file.test.ts" name="ReadFileTool &gt; execute &gt; should return error if file does not exist" time="0.003004746">
        </testcase>
        <testcase classname="src/tools/read-file.test.ts" name="ReadFileTool &gt; execute &gt; should return success result for a text file" time="0.007005414">
        </testcase>
        <testcase classname="src/tools/read-file.test.ts" name="ReadFileTool &gt; execute &gt; should return error if path is a directory" time="0.003573428">
        </testcase>
        <testcase classname="src/tools/read-file.test.ts" name="ReadFileTool &gt; execute &gt; should return error for a file that is too large" time="0.057235438">
        </testcase>
        <testcase classname="src/tools/read-file.test.ts" name="ReadFileTool &gt; execute &gt; should handle text file with lines exceeding maximum length" time="0.003143753">
        </testcase>
        <testcase classname="src/tools/read-file.test.ts" name="ReadFileTool &gt; execute &gt; should handle image file and return appropriate content" time="0.003101855">
        </testcase>
        <testcase classname="src/tools/read-file.test.ts" name="ReadFileTool &gt; execute &gt; should summarize large image files without embedding" time="0.002051613">
        </testcase>
        <testcase classname="src/tools/read-file.test.ts" name="ReadFileTool &gt; execute &gt; should handle PDF file and return appropriate content" time="0.002435574">
        </testcase>
        <testcase classname="src/tools/read-file.test.ts" name="ReadFileTool &gt; execute &gt; should handle binary file and skip content" time="0.002535258">
        </testcase>
        <testcase classname="src/tools/read-file.test.ts" name="ReadFileTool &gt; execute &gt; should handle SVG file as text" time="0.002205979">
        </testcase>
        <testcase classname="src/tools/read-file.test.ts" name="ReadFileTool &gt; execute &gt; should handle large SVG file" time="0.003997091">
        </testcase>
        <testcase classname="src/tools/read-file.test.ts" name="ReadFileTool &gt; execute &gt; should handle empty file" time="0.003311764">
        </testcase>
        <testcase classname="src/tools/read-file.test.ts" name="ReadFileTool &gt; execute &gt; should support offset and limit for text files" time="0.00334163">
        </testcase>
        <testcase classname="src/tools/read-file.test.ts" name="ReadFileTool &gt; execute &gt; with .qwenignore &gt; should throw error if path is ignored by a .qwenignore pattern" time="0.003300553">
        </testcase>
        <testcase classname="src/tools/read-file.test.ts" name="ReadFileTool &gt; execute &gt; with .qwenignore &gt; should throw error if file is in an ignored directory" time="0.002716403">
        </testcase>
        <testcase classname="src/tools/read-file.test.ts" name="ReadFileTool &gt; execute &gt; with .qwenignore &gt; should allow reading non-ignored files" time="0.002170614">
        </testcase>
    </testsuite>
    <testsuite name="src/tools/read-many-files.test.ts" timestamp="2025-10-01T18:54:56.641Z" hostname="uby" tests="31" failures="0" errors="0" skipped="0" time="0.309679761">
        <testcase classname="src/tools/read-many-files.test.ts" name="ReadManyFilesTool &gt; build &gt; should return an invocation for valid relative paths within root" time="0.030906732">
        </testcase>
        <testcase classname="src/tools/read-many-files.test.ts" name="ReadManyFilesTool &gt; build &gt; should return an invocation for valid glob patterns within root" time="0.004418521">
        </testcase>
        <testcase classname="src/tools/read-many-files.test.ts" name="ReadManyFilesTool &gt; build &gt; should return an invocation for paths trying to escape the root (e.g., ../) as execute handles this" time="0.003955735">
        </testcase>
        <testcase classname="src/tools/read-many-files.test.ts" name="ReadManyFilesTool &gt; build &gt; should return an invocation for absolute paths as execute handles this" time="0.004970852">
        </testcase>
        <testcase classname="src/tools/read-many-files.test.ts" name="ReadManyFilesTool &gt; build &gt; should throw error if paths array is empty" time="0.009519634">
        </testcase>
        <testcase classname="src/tools/read-many-files.test.ts" name="ReadManyFilesTool &gt; build &gt; should return an invocation for valid exclude and include patterns" time="0.005464745">
        </testcase>
        <testcase classname="src/tools/read-many-files.test.ts" name="ReadManyFilesTool &gt; build &gt; should throw error if paths array contains an empty string" time="0.004448075">
        </testcase>
        <testcase classname="src/tools/read-many-files.test.ts" name="ReadManyFilesTool &gt; build &gt; should coerce non-string elements in include array" time="0.000779412">
        </testcase>
        <testcase classname="src/tools/read-many-files.test.ts" name="ReadManyFilesTool &gt; build &gt; should throw error if exclude array contains non-string elements" time="0.004820505">
        </testcase>
        <testcase classname="src/tools/read-many-files.test.ts" name="ReadManyFilesTool &gt; execute &gt; should read a single specified file" time="0.024120323">
        </testcase>
        <testcase classname="src/tools/read-many-files.test.ts" name="ReadManyFilesTool &gt; execute &gt; should read multiple specified files" time="0.009104366">
        </testcase>
        <testcase classname="src/tools/read-many-files.test.ts" name="ReadManyFilesTool &gt; execute &gt; should handle glob patterns" time="0.007259333">
        </testcase>
        <testcase classname="src/tools/read-many-files.test.ts" name="ReadManyFilesTool &gt; execute &gt; should respect exclude patterns" time="0.006762715">
        </testcase>
        <testcase classname="src/tools/read-many-files.test.ts" name="ReadManyFilesTool &gt; execute &gt; should handle nonexistent specific files gracefully" time="0.00530006">
        </testcase>
        <testcase classname="src/tools/read-many-files.test.ts" name="ReadManyFilesTool &gt; execute &gt; should use default excludes" time="0.008080081">
        </testcase>
        <testcase classname="src/tools/read-many-files.test.ts" name="ReadManyFilesTool &gt; execute &gt; should NOT use default excludes if useDefaultExcludes is false" time="0.004517854">
        </testcase>
        <testcase classname="src/tools/read-many-files.test.ts" name="ReadManyFilesTool &gt; execute &gt; should include images as inlineData parts if explicitly requested by extension" time="0.005811827">
        </testcase>
        <testcase classname="src/tools/read-many-files.test.ts" name="ReadManyFilesTool &gt; execute &gt; should include images as inlineData parts if explicitly requested by name" time="0.007812346">
        </testcase>
        <testcase classname="src/tools/read-many-files.test.ts" name="ReadManyFilesTool &gt; execute &gt; should skip PDF files if not explicitly requested by extension or name" time="0.008500549">
        </testcase>
        <testcase classname="src/tools/read-many-files.test.ts" name="ReadManyFilesTool &gt; execute &gt; should include PDF files as inlineData parts if explicitly requested by extension" time="0.010538828">
        </testcase>
        <testcase classname="src/tools/read-many-files.test.ts" name="ReadManyFilesTool &gt; execute &gt; should include PDF files as inlineData parts if explicitly requested by name" time="0.007431402">
        </testcase>
        <testcase classname="src/tools/read-many-files.test.ts" name="ReadManyFilesTool &gt; execute &gt; should return error if path is ignored by a .qwenignore pattern" time="0.007214922">
        </testcase>
        <testcase classname="src/tools/read-many-files.test.ts" name="ReadManyFilesTool &gt; execute &gt; should read files from multiple workspace directories" time="0.007649916">
        </testcase>
        <testcase classname="src/tools/read-many-files.test.ts" name="ReadManyFilesTool &gt; execute &gt; should add a warning for truncated files" time="0.008093616">
        </testcase>
        <testcase classname="src/tools/read-many-files.test.ts" name="ReadManyFilesTool &gt; execute &gt; should read files with special characters like [] and () in the path" time="0.008538279">
        </testcase>
        <testcase classname="src/tools/read-many-files.test.ts" name="ReadManyFilesTool &gt; execute &gt; should read files with special characters in the name" time="0.004871748">
        </testcase>
        <testcase classname="src/tools/read-many-files.test.ts" name="ReadManyFilesTool &gt; Error handling &gt; should return an INVALID_TOOL_PARAMS error if no paths are provided" time="0.003264246">
        </testcase>
        <testcase classname="src/tools/read-many-files.test.ts" name="ReadManyFilesTool &gt; Error handling &gt; should return a READ_MANY_FILES_SEARCH_ERROR on glob failure" time="0.003226006">
        </testcase>
        <testcase classname="src/tools/read-many-files.test.ts" name="ReadManyFilesTool &gt; Batch Processing &gt; should process files in parallel" time="0.018222095">
        </testcase>
        <testcase classname="src/tools/read-many-files.test.ts" name="ReadManyFilesTool &gt; Batch Processing &gt; should handle batch processing errors gracefully" time="0.011696158">
        </testcase>
        <testcase classname="src/tools/read-many-files.test.ts" name="ReadManyFilesTool &gt; Batch Processing &gt; should execute file operations concurrently" time="0.060168602">
            <system-out>
Execution order: [
  [32m&apos;start:file1.txt&apos;[39m,
  [32m&apos;start:file2.txt&apos;[39m,
  [32m&apos;start:file3.txt&apos;[39m,
  [32m&apos;end:file1.txt&apos;[39m,
  [32m&apos;end:file2.txt&apos;[39m,
  [32m&apos;end:file3.txt&apos;[39m
]

            </system-out>
        </testcase>
    </testsuite>
    <testsuite name="src/tools/ripGrep.test.ts" timestamp="2025-10-01T18:54:56.642Z" hostname="uby" tests="36" failures="0" errors="0" skipped="0" time="0.380910979">
        <testcase classname="src/tools/ripGrep.test.ts" name="RipGrepTool &gt; validateToolParams &gt; should return null for valid params (pattern only)" time="0.035153905">
        </testcase>
        <testcase classname="src/tools/ripGrep.test.ts" name="RipGrepTool &gt; validateToolParams &gt; should return null for valid params (pattern and path)" time="0.007459033">
        </testcase>
        <testcase classname="src/tools/ripGrep.test.ts" name="RipGrepTool &gt; validateToolParams &gt; should return null for valid params (pattern, path, and include)" time="0.003897518">
        </testcase>
        <testcase classname="src/tools/ripGrep.test.ts" name="RipGrepTool &gt; validateToolParams &gt; should return error if pattern is missing" time="0.004026786">
        </testcase>
        <testcase classname="src/tools/ripGrep.test.ts" name="RipGrepTool &gt; validateToolParams &gt; should return null for what would be an invalid regex pattern" time="0.005089241">
        </testcase>
        <testcase classname="src/tools/ripGrep.test.ts" name="RipGrepTool &gt; validateToolParams &gt; should return error if path does not exist" time="0.004482489">
        </testcase>
        <testcase classname="src/tools/ripGrep.test.ts" name="RipGrepTool &gt; validateToolParams &gt; should return error if path is a file, not a directory" time="0.003299461">
        </testcase>
        <testcase classname="src/tools/ripGrep.test.ts" name="RipGrepTool &gt; execute &gt; should find matches for a simple pattern in all files" time="0.017333363">
        </testcase>
        <testcase classname="src/tools/ripGrep.test.ts" name="RipGrepTool &gt; execute &gt; should find matches in a specific path" time="0.013452556">
        </testcase>
        <testcase classname="src/tools/ripGrep.test.ts" name="RipGrepTool &gt; execute &gt; should find matches with an include glob" time="0.007104999">
        </testcase>
        <testcase classname="src/tools/ripGrep.test.ts" name="RipGrepTool &gt; execute &gt; should find matches with an include glob and path" time="0.008210263">
        </testcase>
        <testcase classname="src/tools/ripGrep.test.ts" name="RipGrepTool &gt; execute &gt; should return &quot;No matches found&quot; when pattern does not exist" time="0.019659755">
        </testcase>
        <testcase classname="src/tools/ripGrep.test.ts" name="RipGrepTool &gt; execute &gt; should return an error from ripgrep for invalid regex pattern" time="0.010186847">
            <system-err>
GrepLogic: ripgrep failed: ripgrep exited with code 2: 

Error during GrepLogic execution: Error: ripgrep exited with code 2: 

            </system-err>
        </testcase>
        <testcase classname="src/tools/ripGrep.test.ts" name="RipGrepTool &gt; execute &gt; should handle regex special characters correctly" time="0.024467675">
        </testcase>
        <testcase classname="src/tools/ripGrep.test.ts" name="RipGrepTool &gt; execute &gt; should be case-insensitive by default (JS fallback)" time="0.012360807">
        </testcase>
        <testcase classname="src/tools/ripGrep.test.ts" name="RipGrepTool &gt; execute &gt; should throw an error if params are invalid" time="0.003586963">
        </testcase>
        <testcase classname="src/tools/ripGrep.test.ts" name="RipGrepTool &gt; multi-directory workspace &gt; should search across all workspace directories when no path is specified" time="0.016518706">
        </testcase>
        <testcase classname="src/tools/ripGrep.test.ts" name="RipGrepTool &gt; multi-directory workspace &gt; should search only specified path within workspace directories" time="0.006078059">
        </testcase>
        <testcase classname="src/tools/ripGrep.test.ts" name="RipGrepTool &gt; abort signal handling &gt; should handle AbortSignal during search" time="0.014058196">
        </testcase>
        <testcase classname="src/tools/ripGrep.test.ts" name="RipGrepTool &gt; abort signal handling &gt; should abort streaming search when signal is triggered" time="0.011863658">
            <system-err>
GrepLogic: ripgrep failed: ripgrep exited with code null: 

Error during GrepLogic execution: Error: ripgrep exited with code null: 

            </system-err>
        </testcase>
        <testcase classname="src/tools/ripGrep.test.ts" name="RipGrepTool &gt; error handling and edge cases &gt; should handle workspace boundary violations" time="0.004023049">
        </testcase>
        <testcase classname="src/tools/ripGrep.test.ts" name="RipGrepTool &gt; error handling and edge cases &gt; should handle empty directories gracefully" time="0.011082644">
        </testcase>
        <testcase classname="src/tools/ripGrep.test.ts" name="RipGrepTool &gt; error handling and edge cases &gt; should handle empty files correctly" time="0.012572999">
        </testcase>
        <testcase classname="src/tools/ripGrep.test.ts" name="RipGrepTool &gt; error handling and edge cases &gt; should handle special characters in file names" time="0.012595811">
        </testcase>
        <testcase classname="src/tools/ripGrep.test.ts" name="RipGrepTool &gt; error handling and edge cases &gt; should handle deeply nested directories" time="0.013560425">
        </testcase>
        <testcase classname="src/tools/ripGrep.test.ts" name="RipGrepTool &gt; regex pattern validation &gt; should handle complex regex patterns" time="0.033142847">
        </testcase>
        <testcase classname="src/tools/ripGrep.test.ts" name="RipGrepTool &gt; regex pattern validation &gt; should handle case sensitivity correctly in JS fallback" time="0.013962228">
        </testcase>
        <testcase classname="src/tools/ripGrep.test.ts" name="RipGrepTool &gt; regex pattern validation &gt; should handle escaped regex special characters" time="0.008023156">
        </testcase>
        <testcase classname="src/tools/ripGrep.test.ts" name="RipGrepTool &gt; include pattern filtering &gt; should handle multiple file extensions in include pattern" time="0.007859774">
        </testcase>
        <testcase classname="src/tools/ripGrep.test.ts" name="RipGrepTool &gt; include pattern filtering &gt; should handle directory patterns in include" time="0.011625387">
        </testcase>
        <testcase classname="src/tools/ripGrep.test.ts" name="RipGrepTool &gt; getDescription &gt; should generate correct description with pattern only" time="0.004306603">
        </testcase>
        <testcase classname="src/tools/ripGrep.test.ts" name="RipGrepTool &gt; getDescription &gt; should generate correct description with pattern and include" time="0.00586207">
        </testcase>
        <testcase classname="src/tools/ripGrep.test.ts" name="RipGrepTool &gt; getDescription &gt; should generate correct description with pattern and path" time="0.004386171">
        </testcase>
        <testcase classname="src/tools/ripGrep.test.ts" name="RipGrepTool &gt; getDescription &gt; should indicate searching across all workspace directories when no path specified" time="0.002786703">
        </testcase>
        <testcase classname="src/tools/ripGrep.test.ts" name="RipGrepTool &gt; getDescription &gt; should generate correct description with pattern, include, and path" time="0.002128135">
        </testcase>
        <testcase classname="src/tools/ripGrep.test.ts" name="RipGrepTool &gt; getDescription &gt; should use ./ for root path in description" time="0.00202764">
        </testcase>
    </testsuite>
    <testsuite name="src/tools/shell.test.ts" timestamp="2025-10-01T18:54:56.644Z" hostname="uby" tests="37" failures="0" errors="0" skipped="0" time="0.12029725">
        <testcase classname="src/tools/shell.test.ts" name="ShellTool &gt; isCommandAllowed &gt; should allow a command if no restrictions are provided" time="0.003986632">
        </testcase>
        <testcase classname="src/tools/shell.test.ts" name="ShellTool &gt; isCommandAllowed &gt; should block a command with command substitution using $()" time="0.001172598">
        </testcase>
        <testcase classname="src/tools/shell.test.ts" name="ShellTool &gt; build &gt; should return an invocation for a valid command" time="0.026153822">
        </testcase>
        <testcase classname="src/tools/shell.test.ts" name="ShellTool &gt; build &gt; should throw an error for an empty command" time="0.005617638">
        </testcase>
        <testcase classname="src/tools/shell.test.ts" name="ShellTool &gt; build &gt; should throw an error for a non-existent directory" time="0.003388866">
        </testcase>
        <testcase classname="src/tools/shell.test.ts" name="ShellTool &gt; build &gt; should include background indicator in description when is_background is true" time="0.002145277">
        </testcase>
        <testcase classname="src/tools/shell.test.ts" name="ShellTool &gt; build &gt; should not include background indicator in description when is_background is false" time="0.001641265">
        </testcase>
        <testcase classname="src/tools/shell.test.ts" name="ShellTool &gt; execute &gt; should wrap command on linux and parse pgrep output" time="0.003449248">
        </testcase>
        <testcase classname="src/tools/shell.test.ts" name="ShellTool &gt; execute &gt; should add ampersand to command when is_background is true and command does not end with &amp;" time="0.002213684">
        </testcase>
        <testcase classname="src/tools/shell.test.ts" name="ShellTool &gt; execute &gt; should not add extra ampersand when is_background is true and command already ends with &amp;" time="0.001906175">
        </testcase>
        <testcase classname="src/tools/shell.test.ts" name="ShellTool &gt; execute &gt; should not add ampersand when is_background is false" time="0.001825776">
        </testcase>
        <testcase classname="src/tools/shell.test.ts" name="ShellTool &gt; execute &gt; should not wrap command on windows" time="0.002924618">
        </testcase>
        <testcase classname="src/tools/shell.test.ts" name="ShellTool &gt; execute &gt; should format error messages correctly" time="0.002332112">
        </testcase>
        <testcase classname="src/tools/shell.test.ts" name="ShellTool &gt; execute &gt; should return a SHELL_EXECUTE_ERROR for a command failure" time="0.001832048">
        </testcase>
        <testcase classname="src/tools/shell.test.ts" name="ShellTool &gt; execute &gt; should throw an error for invalid parameters" time="0.0021362">
        </testcase>
        <testcase classname="src/tools/shell.test.ts" name="ShellTool &gt; execute &gt; should throw an error for invalid directory" time="0.002614715">
        </testcase>
        <testcase classname="src/tools/shell.test.ts" name="ShellTool &gt; execute &gt; should summarize output when configured" time="0.005183595">
            <system-err>
missing pgrep output

            </system-err>
        </testcase>
        <testcase classname="src/tools/shell.test.ts" name="ShellTool &gt; execute &gt; should clean up the temp file on synchronous execution error" time="0.004624462">
        </testcase>
        <testcase classname="src/tools/shell.test.ts" name="ShellTool &gt; execute &gt; Streaming to `updateOutput` &gt; should throttle text output updates" time="0.004872119">
        </testcase>
        <testcase classname="src/tools/shell.test.ts" name="ShellTool &gt; execute &gt; Streaming to `updateOutput` &gt; should immediately show binary detection message and throttle progress" time="0.002767758">
        </testcase>
        <testcase classname="src/tools/shell.test.ts" name="ShellTool &gt; execute &gt; addCoAuthorToGitCommit &gt; should add co-author to git commit with double quotes" time="0.002142041">
        </testcase>
        <testcase classname="src/tools/shell.test.ts" name="ShellTool &gt; execute &gt; addCoAuthorToGitCommit &gt; should add co-author to git commit with single quotes" time="0.002904922">
        </testcase>
        <testcase classname="src/tools/shell.test.ts" name="ShellTool &gt; execute &gt; addCoAuthorToGitCommit &gt; should handle git commit with additional flags" time="0.003144966">
        </testcase>
        <testcase classname="src/tools/shell.test.ts" name="ShellTool &gt; execute &gt; addCoAuthorToGitCommit &gt; should not modify non-git commands" time="0.002997513">
        </testcase>
        <testcase classname="src/tools/shell.test.ts" name="ShellTool &gt; execute &gt; addCoAuthorToGitCommit &gt; should not modify git commands without -m flag" time="0.002664247">
        </testcase>
        <testcase classname="src/tools/shell.test.ts" name="ShellTool &gt; execute &gt; addCoAuthorToGitCommit &gt; should handle git commit with escaped quotes in message" time="0.002186623">
        </testcase>
        <testcase classname="src/tools/shell.test.ts" name="ShellTool &gt; execute &gt; addCoAuthorToGitCommit &gt; should not add co-author when disabled in config" time="0.00190396">
        </testcase>
        <testcase classname="src/tools/shell.test.ts" name="ShellTool &gt; execute &gt; addCoAuthorToGitCommit &gt; should use custom name and email from config" time="0.001876439">
        </testcase>
        <testcase classname="src/tools/shell.test.ts" name="ShellTool &gt; shouldConfirmExecute &gt; should not request confirmation for read-only commands" time="0.002537663">
        </testcase>
        <testcase classname="src/tools/shell.test.ts" name="ShellTool &gt; shouldConfirmExecute &gt; should request confirmation for a new command and whitelist it on &quot;Always&quot;" time="0.002462744">
        </testcase>
        <testcase classname="src/tools/shell.test.ts" name="ShellTool &gt; shouldConfirmExecute &gt; should throw an error if validation fails" time="0.002376885">
        </testcase>
        <testcase classname="src/tools/shell.test.ts" name="ShellTool &gt; getDescription &gt; should return the windows description when on windows" time="0.001480658">
        </testcase>
        <testcase classname="src/tools/shell.test.ts" name="ShellTool &gt; getDescription &gt; should return the non-windows description when not on windows" time="0.000677903">
        </testcase>
        <testcase classname="src/tools/shell.test.ts" name="validateToolParams &gt; should return null for valid directory" time="0.001669557">
        </testcase>
        <testcase classname="src/tools/shell.test.ts" name="validateToolParams &gt; should return error for directory outside workspace" time="0.001260992">
        </testcase>
        <testcase classname="src/tools/shell.test.ts" name="build &gt; should return an invocation for valid directory" time="0.001137253">
        </testcase>
        <testcase classname="src/tools/shell.test.ts" name="build &gt; should throw an error for directory outside workspace" time="0.001118628">
        </testcase>
    </testsuite>
    <testsuite name="src/tools/task.test.ts" timestamp="2025-10-01T18:54:56.645Z" hostname="uby" tests="21" failures="0" errors="0" skipped="0" time="0.017996138">
        <testcase classname="src/tools/task.test.ts" name="TaskTool &gt; initialization &gt; should initialize with correct name and properties" time="0.003327393">
        </testcase>
        <testcase classname="src/tools/task.test.ts" name="TaskTool &gt; initialization &gt; should load available subagents during initialization" time="0.000707288">
        </testcase>
        <testcase classname="src/tools/task.test.ts" name="TaskTool &gt; initialization &gt; should update description with available subagents" time="0.000464519">
        </testcase>
        <testcase classname="src/tools/task.test.ts" name="TaskTool &gt; initialization &gt; should handle empty subagents list gracefully" time="0.000461032">
        </testcase>
        <testcase classname="src/tools/task.test.ts" name="TaskTool &gt; initialization &gt; should handle subagent loading errors gracefully" time="0.002540307">
        </testcase>
        <testcase classname="src/tools/task.test.ts" name="TaskTool &gt; schema generation &gt; should generate schema with subagent names as enum" time="0.000655833">
        </testcase>
        <testcase classname="src/tools/task.test.ts" name="TaskTool &gt; schema generation &gt; should generate schema without enum when no subagents available" time="0.000438952">
        </testcase>
        <testcase classname="src/tools/task.test.ts" name="TaskTool &gt; validateToolParams &gt; should validate valid parameters" time="0.000341422">
        </testcase>
        <testcase classname="src/tools/task.test.ts" name="TaskTool &gt; validateToolParams &gt; should reject empty description" time="0.000268857">
        </testcase>
        <testcase classname="src/tools/task.test.ts" name="TaskTool &gt; validateToolParams &gt; should reject empty prompt" time="0.000348895">
        </testcase>
        <testcase classname="src/tools/task.test.ts" name="TaskTool &gt; validateToolParams &gt; should reject empty subagent_type" time="0.000356439">
        </testcase>
        <testcase classname="src/tools/task.test.ts" name="TaskTool &gt; validateToolParams &gt; should reject non-existent subagent" time="0.000241156">
        </testcase>
        <testcase classname="src/tools/task.test.ts" name="TaskTool &gt; refreshSubagents &gt; should refresh available subagents and update description" time="0.000308561">
        </testcase>
        <testcase classname="src/tools/task.test.ts" name="TaskTool &gt; TaskToolInvocation &gt; should execute subagent successfully" time="0.001424133">
        </testcase>
        <testcase classname="src/tools/task.test.ts" name="TaskTool &gt; TaskToolInvocation &gt; should handle subagent not found error" time="0.000462365">
        </testcase>
        <testcase classname="src/tools/task.test.ts" name="TaskTool &gt; TaskToolInvocation &gt; should handle execution errors gracefully" time="0.001127715">
            <system-err>
[TaskTool] Error running subagent: Creation failed

            </system-err>
        </testcase>
        <testcase classname="src/tools/task.test.ts" name="TaskTool &gt; TaskToolInvocation &gt; should execute subagent without live output callback" time="0.000727265">
        </testcase>
        <testcase classname="src/tools/task.test.ts" name="TaskTool &gt; TaskToolInvocation &gt; should set context variables correctly" time="0.000518068">
        </testcase>
        <testcase classname="src/tools/task.test.ts" name="TaskTool &gt; TaskToolInvocation &gt; should return structured display object" time="0.000694304">
        </testcase>
        <testcase classname="src/tools/task.test.ts" name="TaskTool &gt; TaskToolInvocation &gt; should not require confirmation" time="0.000494334">
        </testcase>
        <testcase classname="src/tools/task.test.ts" name="TaskTool &gt; TaskToolInvocation &gt; should provide correct description" time="0.000395141">
        </testcase>
    </testsuite>
    <testsuite name="src/tools/todoWrite.test.ts" timestamp="2025-10-01T18:54:56.645Z" hostname="uby" tests="17" failures="0" errors="0" skipped="0" time="0.016488651">
        <testcase classname="src/tools/todoWrite.test.ts" name="TodoWriteTool &gt; validateToolParams &gt; should validate correct parameters" time="0.002816307">
        </testcase>
        <testcase classname="src/tools/todoWrite.test.ts" name="TodoWriteTool &gt; validateToolParams &gt; should accept empty todos array" time="0.000756228">
        </testcase>
        <testcase classname="src/tools/todoWrite.test.ts" name="TodoWriteTool &gt; validateToolParams &gt; should accept single todo" time="0.000533317">
        </testcase>
        <testcase classname="src/tools/todoWrite.test.ts" name="TodoWriteTool &gt; validateToolParams &gt; should reject todos with empty content" time="0.000491959">
        </testcase>
        <testcase classname="src/tools/todoWrite.test.ts" name="TodoWriteTool &gt; validateToolParams &gt; should reject todos with empty id" time="0.000282973">
        </testcase>
        <testcase classname="src/tools/todoWrite.test.ts" name="TodoWriteTool &gt; validateToolParams &gt; should reject todos with invalid status" time="0.000311817">
        </testcase>
        <testcase classname="src/tools/todoWrite.test.ts" name="TodoWriteTool &gt; validateToolParams &gt; should reject todos with duplicate IDs" time="0.000343285">
        </testcase>
        <testcase classname="src/tools/todoWrite.test.ts" name="TodoWriteTool &gt; execute &gt; should create new todos file when none exists" time="0.003304861">
        </testcase>
        <testcase classname="src/tools/todoWrite.test.ts" name="TodoWriteTool &gt; execute &gt; should replace todos with new ones" time="0.000798026">
        </testcase>
        <testcase classname="src/tools/todoWrite.test.ts" name="TodoWriteTool &gt; execute &gt; should handle file write errors" time="0.001634753">
            <system-err>
[TodoWriteTool] Error executing todo_write: Write failed

            </system-err>
        </testcase>
        <testcase classname="src/tools/todoWrite.test.ts" name="TodoWriteTool &gt; execute &gt; should handle empty todos array" time="0.000640444">
        </testcase>
        <testcase classname="src/tools/todoWrite.test.ts" name="TodoWriteTool &gt; tool properties &gt; should have correct tool name" time="0.000683614">
        </testcase>
        <testcase classname="src/tools/todoWrite.test.ts" name="TodoWriteTool &gt; tool properties &gt; should have correct display name" time="0.0002977">
        </testcase>
        <testcase classname="src/tools/todoWrite.test.ts" name="TodoWriteTool &gt; tool properties &gt; should have correct kind" time="0.000263928">
        </testcase>
        <testcase classname="src/tools/todoWrite.test.ts" name="TodoWriteTool &gt; tool properties &gt; should have schema with required properties" time="0.000947442">
        </testcase>
        <testcase classname="src/tools/todoWrite.test.ts" name="TodoWriteTool &gt; getDescription &gt; should return &quot;Create todos&quot; when no todos file exists" time="0.000378741">
        </testcase>
        <testcase classname="src/tools/todoWrite.test.ts" name="TodoWriteTool &gt; getDescription &gt; should return &quot;Update todos&quot; when todos file exists" time="0.000374923">
        </testcase>
    </testsuite>
    <testsuite name="src/tools/tool-registry.test.ts" timestamp="2025-10-01T18:54:56.646Z" hostname="uby" tests="9" failures="0" errors="0" skipped="0" time="0.077457231">
        <testcase classname="src/tools/tool-registry.test.ts" name="ToolRegistry &gt; registerTool &gt; should register a new tool" time="0.030238757">
            <system-err>
Error accessing installation ID file, generating ephemeral ID: TypeError: Cannot read properties of undefined (reading &apos;trim&apos;)
    at InstallationManager.readInstallationIdFromFile [90m(/home/atmandk/LowCal-dev/packages/core/[39msrc/utils/installationManager.ts:21:50[90m)[39m
    at InstallationManager.getInstallationId [90m(/home/atmandk/LowCal-dev/packages/core/[39msrc/utils/installationManager.ts:42:33[90m)[39m
    at QwenLogger.generateUserId [90m(/home/atmandk/LowCal-dev/packages/core/[39msrc/telemetry/qwen-logger/qwen-logger.ts:123:53[90m)[39m
    at new QwenLogger [90m(/home/atmandk/LowCal-dev/packages/core/[39msrc/telemetry/qwen-logger/qwen-logger.ts:114:24[90m)[39m
    at QwenLogger.getInstance [90m(/home/atmandk/LowCal-dev/packages/core/[39msrc/telemetry/qwen-logger/qwen-logger.ts:131:29[90m)[39m
    at logCliConfiguration [90m(/home/atmandk/LowCal-dev/packages/core/[39msrc/telemetry/loggers.ts:85:14[90m)[39m
    at new Config [90m(/home/atmandk/LowCal-dev/packages/core/[39msrc/config/config.ts:466:5[90m)[39m
    at [90m/home/atmandk/LowCal-dev/packages/core/[39msrc/tools/tool-registry.test.ts:120:14
    at file:///home/atmandk/LowCal-dev/node_modules/[4m@vitest/runner[24m/dist/chunk-hooks.js:155:11
    at file:///home/atmandk/LowCal-dev/node_modules/[4m@vitest/runner[24m/dist/chunk-hooks.js:1897:20

            </system-err>
        </testcase>
        <testcase classname="src/tools/tool-registry.test.ts" name="ToolRegistry &gt; getAllTools &gt; should return all registered tools sorted alphabetically by displayName" time="0.002534587">
        </testcase>
        <testcase classname="src/tools/tool-registry.test.ts" name="ToolRegistry &gt; getAllToolNames &gt; should return all registered tool names" time="0.001232329">
        </testcase>
        <testcase classname="src/tools/tool-registry.test.ts" name="ToolRegistry &gt; getToolsByServer &gt; should return an empty array if no tools match the server name" time="0.001054861">
        </testcase>
        <testcase classname="src/tools/tool-registry.test.ts" name="ToolRegistry &gt; getToolsByServer &gt; should return only tools matching the server name, sorted by name" time="0.001668776">
        </testcase>
        <testcase classname="src/tools/tool-registry.test.ts" name="ToolRegistry &gt; discoverTools &gt; should will preserve tool parametersJsonSchema during discovery from command" time="0.001821949">
        </testcase>
        <testcase classname="src/tools/tool-registry.test.ts" name="ToolRegistry &gt; discoverTools &gt; should return a DISCOVERED_TOOL_EXECUTION_ERROR on tool failure" time="0.03066229">
        </testcase>
        <testcase classname="src/tools/tool-registry.test.ts" name="ToolRegistry &gt; discoverTools &gt; should discover tools using MCP servers defined in getMcpServers" time="0.003454618">
        </testcase>
        <testcase classname="src/tools/tool-registry.test.ts" name="ToolRegistry &gt; DiscoveredToolInvocation &gt; should return the stringified params from getDescription" time="0.003105733">
        </testcase>
    </testsuite>
    <testsuite name="src/tools/tools.test.ts" timestamp="2025-10-01T18:54:56.646Z" hostname="uby" tests="11" failures="0" errors="0" skipped="0" time="0.006795987">
        <testcase classname="src/tools/tools.test.ts" name="DeclarativeTool &gt; validateBuildAndExecute &gt; should return INVALID_TOOL_PARAMS error if build fails" time="0.003479774">
        </testcase>
        <testcase classname="src/tools/tools.test.ts" name="DeclarativeTool &gt; validateBuildAndExecute &gt; should return EXECUTION_FAILED error if execute fails" time="0.00069189">
        </testcase>
        <testcase classname="src/tools/tools.test.ts" name="DeclarativeTool &gt; validateBuildAndExecute &gt; should return the result of execute on success" time="0.000309753">
        </testcase>
        <testcase classname="src/tools/tools.test.ts" name="hasCycleInSchema &gt; should detect a simple direct cycle" time="0.000412843">
        </testcase>
        <testcase classname="src/tools/tools.test.ts" name="hasCycleInSchema &gt; should detect a cycle from object properties referencing parent properties" time="0.000160597">
        </testcase>
        <testcase classname="src/tools/tools.test.ts" name="hasCycleInSchema &gt; should detect a cycle from array items referencing parent properties" time="0.000100285">
        </testcase>
        <testcase classname="src/tools/tools.test.ts" name="hasCycleInSchema &gt; should detect a cycle between sibling properties" time="0.0001028">
        </testcase>
        <testcase classname="src/tools/tools.test.ts" name="hasCycleInSchema &gt; should not detect a cycle in a valid schema" time="0.000065331">
        </testcase>
        <testcase classname="src/tools/tools.test.ts" name="hasCycleInSchema &gt; should handle non-cyclic sibling refs" time="0.000052647">
        </testcase>
        <testcase classname="src/tools/tools.test.ts" name="hasCycleInSchema &gt; should handle nested but not cyclic refs" time="0.000048731">
        </testcase>
        <testcase classname="src/tools/tools.test.ts" name="hasCycleInSchema &gt; should return false for an empty schema" time="0.000033952">
        </testcase>
    </testsuite>
    <testsuite name="src/tools/web-fetch.test.ts" timestamp="2025-10-01T18:54:56.646Z" hostname="uby" tests="7" failures="0" errors="0" skipped="0" time="0.040967025">
        <testcase classname="src/tools/web-fetch.test.ts" name="WebFetchTool &gt; execute &gt; should throw validation error when url parameter is missing" time="0.018774377">
        </testcase>
        <testcase classname="src/tools/web-fetch.test.ts" name="WebFetchTool &gt; execute &gt; should return WEB_FETCH_FALLBACK_FAILED on fetch failure" time="0.005730006">
            <system-out>
[WebFetchTool] Private IP detected for https://private.ip, using direct fetch
[WebFetchTool] Fetching content from: https://private.ip

            </system-out>
            <system-err>
[WebFetchTool] Error during fetch for https://private.ip: fetch failed Error: fetch failed
    at [90m/home/atmandk/LowCal-dev/packages/core/[39msrc/tools/web-fetch.test.ts:55:9
    at file:///home/atmandk/LowCal-dev/node_modules/[4m@vitest/runner[24m/dist/chunk-hooks.js:155:11
    at file:///home/atmandk/LowCal-dev/node_modules/[4m@vitest/runner[24m/dist/chunk-hooks.js:752:26
    at file:///home/atmandk/LowCal-dev/node_modules/[4m@vitest/runner[24m/dist/chunk-hooks.js:1897:20
    at new Promise (&lt;anonymous&gt;)
    at runWithTimeout (file:///home/atmandk/LowCal-dev/node_modules/[4m@vitest/runner[24m/dist/chunk-hooks.js:1863:10)
    at runTest (file:///home/atmandk/LowCal-dev/node_modules/[4m@vitest/runner[24m/dist/chunk-hooks.js:1574:12)
[90m    at processTicksAndRejections (node:internal/process/task_queues:105:5)[39m
    at runSuite (file:///home/atmandk/LowCal-dev/node_modules/[4m@vitest/runner[24m/dist/chunk-hooks.js:1729:8)
    at runSuite (file:///home/atmandk/LowCal-dev/node_modules/[4m@vitest/runner[24m/dist/chunk-hooks.js:1729:8)

            </system-err>
        </testcase>
        <testcase classname="src/tools/web-fetch.test.ts" name="WebFetchTool &gt; execute &gt; should return WEB_FETCH_FALLBACK_FAILED on API processing failure" time="0.008712471">
            <system-out>
[WebFetchTool] Public URL detected for https://public.ip, using direct fetch
[WebFetchTool] Fetching content from: https://public.ip

[WebFetchTool] Successfully fetched content from https://public.ip

[WebFetchTool] Converted HTML to text (12 characters)
[WebFetchTool] Processing content with prompt: &quot;summarize this&quot;

            </system-out>
            <system-err>
[WebFetchTool] Error during fetch for https://public.ip: API error Error: API error
    at [90m/home/atmandk/LowCal-dev/packages/core/[39msrc/tools/web-fetch.test.ts:70:45
    at file:///home/atmandk/LowCal-dev/node_modules/[4m@vitest/runner[24m/dist/chunk-hooks.js:155:11
    at file:///home/atmandk/LowCal-dev/node_modules/[4m@vitest/runner[24m/dist/chunk-hooks.js:752:26
    at file:///home/atmandk/LowCal-dev/node_modules/[4m@vitest/runner[24m/dist/chunk-hooks.js:1897:20
    at new Promise (&lt;anonymous&gt;)
    at runWithTimeout (file:///home/atmandk/LowCal-dev/node_modules/[4m@vitest/runner[24m/dist/chunk-hooks.js:1863:10)
    at runTest (file:///home/atmandk/LowCal-dev/node_modules/[4m@vitest/runner[24m/dist/chunk-hooks.js:1574:12)
[90m    at processTicksAndRejections (node:internal/process/task_queues:105:5)[39m
    at runSuite (file:///home/atmandk/LowCal-dev/node_modules/[4m@vitest/runner[24m/dist/chunk-hooks.js:1729:8)
    at runSuite (file:///home/atmandk/LowCal-dev/node_modules/[4m@vitest/runner[24m/dist/chunk-hooks.js:1729:8)

            </system-err>
        </testcase>
        <testcase classname="src/tools/web-fetch.test.ts" name="WebFetchTool &gt; shouldConfirmExecute &gt; should return confirmation details with the correct prompt and urls" time="0.002475007">
        </testcase>
        <testcase classname="src/tools/web-fetch.test.ts" name="WebFetchTool &gt; shouldConfirmExecute &gt; should return github urls as-is in confirmation details" time="0.001279847">
        </testcase>
        <testcase classname="src/tools/web-fetch.test.ts" name="WebFetchTool &gt; shouldConfirmExecute &gt; should return false if approval mode is AUTO_EDIT" time="0.001336081">
        </testcase>
        <testcase classname="src/tools/web-fetch.test.ts" name="WebFetchTool &gt; shouldConfirmExecute &gt; should call setApprovalMode when onConfirm is called with ProceedAlways" time="0.001576886">
        </testcase>
    </testsuite>
    <testsuite name="src/tools/web-search.test.ts" timestamp="2025-10-01T18:54:56.647Z" hostname="uby" tests="8" failures="0" errors="0" skipped="0" time="0.044982611">
        <testcase classname="src/tools/web-search.test.ts" name="WebSearchTool &gt; build &gt; should return an invocation for a valid query" time="0.022256586">
        </testcase>
        <testcase classname="src/tools/web-search.test.ts" name="WebSearchTool &gt; build &gt; should throw an error for an empty query" time="0.002415436">
        </testcase>
        <testcase classname="src/tools/web-search.test.ts" name="WebSearchTool &gt; build &gt; should throw an error for a query with only whitespace" time="0.003067672">
        </testcase>
        <testcase classname="src/tools/web-search.test.ts" name="WebSearchTool &gt; getDescription &gt; should return a description of the search" time="0.002419875">
        </testcase>
        <testcase classname="src/tools/web-search.test.ts" name="WebSearchTool &gt; execute &gt; should return search results for a successful query" time="0.002151117">
        </testcase>
        <testcase classname="src/tools/web-search.test.ts" name="WebSearchTool &gt; execute &gt; should handle no search results found" time="0.002010288">
        </testcase>
        <testcase classname="src/tools/web-search.test.ts" name="WebSearchTool &gt; execute &gt; should handle API errors gracefully" time="0.006741706">
            <system-err>
Error during web search for query &quot;error query&quot;: API Failure Error: API Failure
    at [90m/home/atmandk/LowCal-dev/packages/core/[39msrc/tools/web-search.test.ts:123:39
    at file:///home/atmandk/LowCal-dev/node_modules/[4m@vitest/runner[24m/dist/chunk-hooks.js:155:11
    at file:///home/atmandk/LowCal-dev/node_modules/[4m@vitest/runner[24m/dist/chunk-hooks.js:752:26
    at file:///home/atmandk/LowCal-dev/node_modules/[4m@vitest/runner[24m/dist/chunk-hooks.js:1897:20
    at new Promise (&lt;anonymous&gt;)
    at runWithTimeout (file:///home/atmandk/LowCal-dev/node_modules/[4m@vitest/runner[24m/dist/chunk-hooks.js:1863:10)
    at runTest (file:///home/atmandk/LowCal-dev/node_modules/[4m@vitest/runner[24m/dist/chunk-hooks.js:1574:12)
[90m    at processTicksAndRejections (node:internal/process/task_queues:105:5)[39m
    at runSuite (file:///home/atmandk/LowCal-dev/node_modules/[4m@vitest/runner[24m/dist/chunk-hooks.js:1729:8)
    at runSuite (file:///home/atmandk/LowCal-dev/node_modules/[4m@vitest/runner[24m/dist/chunk-hooks.js:1729:8)

            </system-err>
        </testcase>
        <testcase classname="src/tools/web-search.test.ts" name="WebSearchTool &gt; execute &gt; should correctly format results with sources" time="0.002748142">
        </testcase>
    </testsuite>
    <testsuite name="src/tools/write-file.test.ts" timestamp="2025-10-01T18:54:56.647Z" hostname="uby" tests="25" failures="0" errors="0" skipped="0" time="0.098855551">
        <testcase classname="src/tools/write-file.test.ts" name="WriteFileTool &gt; build &gt; should return an invocation for a valid absolute path within root" time="0.027456271">
        </testcase>
        <testcase classname="src/tools/write-file.test.ts" name="WriteFileTool &gt; build &gt; should throw an error for a relative path" time="0.002493051">
        </testcase>
        <testcase classname="src/tools/write-file.test.ts" name="WriteFileTool &gt; build &gt; should throw an error for a path outside root" time="0.001673986">
        </testcase>
        <testcase classname="src/tools/write-file.test.ts" name="WriteFileTool &gt; build &gt; should throw an error if path is a directory" time="0.001831917">
        </testcase>
        <testcase classname="src/tools/write-file.test.ts" name="WriteFileTool &gt; build &gt; should coerce null content into an empty string" time="0.000825837">
        </testcase>
        <testcase classname="src/tools/write-file.test.ts" name="WriteFileTool &gt; build &gt; should throw error if the file_path is empty" time="0.002272322">
        </testcase>
        <testcase classname="src/tools/write-file.test.ts" name="WriteFileTool &gt; getCorrectedFileContent &gt; should return proposed content unchanged for a new file" time="0.001196362">
        </testcase>
        <testcase classname="src/tools/write-file.test.ts" name="WriteFileTool &gt; getCorrectedFileContent &gt; should return proposed content unchanged for an existing file" time="0.005001529">
        </testcase>
        <testcase classname="src/tools/write-file.test.ts" name="WriteFileTool &gt; getCorrectedFileContent &gt; should return error if reading an existing file fails (e.g. permissions)" time="0.001997754">
        </testcase>
        <testcase classname="src/tools/write-file.test.ts" name="WriteFileTool &gt; shouldConfirmExecute &gt; should return false if _getCorrectedFileContent returns an error" time="0.002419424">
        </testcase>
        <testcase classname="src/tools/write-file.test.ts" name="WriteFileTool &gt; shouldConfirmExecute &gt; should request confirmation with diff for a new file" time="0.003032588">
        </testcase>
        <testcase classname="src/tools/write-file.test.ts" name="WriteFileTool &gt; shouldConfirmExecute &gt; should request confirmation with diff for an existing file" time="0.003073313">
        </testcase>
        <testcase classname="src/tools/write-file.test.ts" name="WriteFileTool &gt; execute &gt; should return error if _getCorrectedFileContent returns an error during execute" time="0.003085496">
        </testcase>
        <testcase classname="src/tools/write-file.test.ts" name="WriteFileTool &gt; execute &gt; should write a new file and return diff" time="0.004773116">
        </testcase>
        <testcase classname="src/tools/write-file.test.ts" name="WriteFileTool &gt; execute &gt; should overwrite an existing file and return diff" time="0.007202319">
        </testcase>
        <testcase classname="src/tools/write-file.test.ts" name="WriteFileTool &gt; execute &gt; should create directory if it does not exist" time="0.004902876">
        </testcase>
        <testcase classname="src/tools/write-file.test.ts" name="WriteFileTool &gt; execute &gt; should include modification message when proposed content is modified" time="0.002720661">
        </testcase>
        <testcase classname="src/tools/write-file.test.ts" name="WriteFileTool &gt; execute &gt; should not include modification message when proposed content is not modified" time="0.002329918">
        </testcase>
        <testcase classname="src/tools/write-file.test.ts" name="WriteFileTool &gt; execute &gt; should not include modification message when modified_by_user is not provided" time="0.004009454">
        </testcase>
        <testcase classname="src/tools/write-file.test.ts" name="WriteFileTool &gt; workspace boundary validation &gt; should validate paths are within workspace root" time="0.002230594">
        </testcase>
        <testcase classname="src/tools/write-file.test.ts" name="WriteFileTool &gt; workspace boundary validation &gt; should reject paths outside workspace root" time="0.002364903">
        </testcase>
        <testcase classname="src/tools/write-file.test.ts" name="WriteFileTool &gt; specific error types for write failures &gt; should return PERMISSION_DENIED error when write fails with EACCES" time="0.002889654">
        </testcase>
        <testcase classname="src/tools/write-file.test.ts" name="WriteFileTool &gt; specific error types for write failures &gt; should return NO_SPACE_LEFT error when write fails with ENOSPC" time="0.002276309">
        </testcase>
        <testcase classname="src/tools/write-file.test.ts" name="WriteFileTool &gt; specific error types for write failures &gt; should return TARGET_IS_DIRECTORY error when write fails with EISDIR" time="0.002136651">
        </testcase>
        <testcase classname="src/tools/write-file.test.ts" name="WriteFileTool &gt; specific error types for write failures &gt; should return FILE_WRITE_FAILURE for generic write errors" time="0.002622249">
        </testcase>
    </testsuite>
    <testsuite name="src/utils/bfsFileSearch.test.ts" timestamp="2025-10-01T18:54:56.648Z" hostname="uby" tests="11" failures="0" errors="0" skipped="0" time="0.052537281">
        <testcase classname="src/utils/bfsFileSearch.test.ts" name="bfsFileSearch &gt; should find a file in the root directory" time="0.005122552">
        </testcase>
        <testcase classname="src/utils/bfsFileSearch.test.ts" name="bfsFileSearch &gt; should find a file in a nested directory" time="0.010991766">
        </testcase>
        <testcase classname="src/utils/bfsFileSearch.test.ts" name="bfsFileSearch &gt; should find multiple files with the same name" time="0.003097578">
        </testcase>
        <testcase classname="src/utils/bfsFileSearch.test.ts" name="bfsFileSearch &gt; should return an empty array if no file is found" time="0.002448027">
        </testcase>
        <testcase classname="src/utils/bfsFileSearch.test.ts" name="bfsFileSearch &gt; should ignore directories specified in ignoreDirs" time="0.001339788">
        </testcase>
        <testcase classname="src/utils/bfsFileSearch.test.ts" name="bfsFileSearch &gt; should respect the maxDirs limit and not find the file" time="0.001224344">
        </testcase>
        <testcase classname="src/utils/bfsFileSearch.test.ts" name="bfsFileSearch &gt; should respect the maxDirs limit and find the file" time="0.001346229">
        </testcase>
        <testcase classname="src/utils/bfsFileSearch.test.ts" name="bfsFileSearch &gt; with FileDiscoveryService &gt; should ignore gitignored files" time="0.004090143">
        </testcase>
        <testcase classname="src/utils/bfsFileSearch.test.ts" name="bfsFileSearch &gt; with FileDiscoveryService &gt; should ignore geminiignored files" time="0.002531722">
        </testcase>
        <testcase classname="src/utils/bfsFileSearch.test.ts" name="bfsFileSearch &gt; with FileDiscoveryService &gt; should not ignore files if respect flags are false" time="0.001991473">
        </testcase>
        <testcase classname="src/utils/bfsFileSearch.test.ts" name="bfsFileSearch &gt; should find all files in a complex directory structure" time="0.016814212">
        </testcase>
    </testsuite>
    <testsuite name="src/utils/editor.test.ts" timestamp="2025-10-01T18:54:56.648Z" hostname="uby" tests="108" failures="0" errors="0" skipped="0" time="0.036838832">
        <testcase classname="src/utils/editor.test.ts" name="editor utils &gt; checkHasEditorType &gt; vscode &gt; should return true if first command &quot;code&quot; exists on non-windows" time="0.003604335">
        </testcase>
        <testcase classname="src/utils/editor.test.ts" name="editor utils &gt; checkHasEditorType &gt; vscode &gt; should return false if none of the commands exist on non-windows" time="0.000261343">
        </testcase>
        <testcase classname="src/utils/editor.test.ts" name="editor utils &gt; checkHasEditorType &gt; vscode &gt; should return true if first command &quot;code.cmd&quot; exists on windows" time="0.000263317">
        </testcase>
        <testcase classname="src/utils/editor.test.ts" name="editor utils &gt; checkHasEditorType &gt; vscode &gt; should return false if none of the commands exist on windows" time="0.000193127">
        </testcase>
        <testcase classname="src/utils/editor.test.ts" name="editor utils &gt; checkHasEditorType &gt; vscodium &gt; should return true if first command &quot;codium&quot; exists on non-windows" time="0.000215158">
        </testcase>
        <testcase classname="src/utils/editor.test.ts" name="editor utils &gt; checkHasEditorType &gt; vscodium &gt; should return false if none of the commands exist on non-windows" time="0.000110575">
        </testcase>
        <testcase classname="src/utils/editor.test.ts" name="editor utils &gt; checkHasEditorType &gt; vscodium &gt; should return true if first command &quot;codium.cmd&quot; exists on windows" time="0.000131312">
        </testcase>
        <testcase classname="src/utils/editor.test.ts" name="editor utils &gt; checkHasEditorType &gt; vscodium &gt; should return false if none of the commands exist on windows" time="0.000094585">
        </testcase>
        <testcase classname="src/utils/editor.test.ts" name="editor utils &gt; checkHasEditorType &gt; windsurf &gt; should return true if first command &quot;windsurf&quot; exists on non-windows" time="0.000877002">
        </testcase>
        <testcase classname="src/utils/editor.test.ts" name="editor utils &gt; checkHasEditorType &gt; windsurf &gt; should return false if none of the commands exist on non-windows" time="0.00013508">
        </testcase>
        <testcase classname="src/utils/editor.test.ts" name="editor utils &gt; checkHasEditorType &gt; windsurf &gt; should return true if first command &quot;windsurf&quot; exists on windows" time="0.000418725">
        </testcase>
        <testcase classname="src/utils/editor.test.ts" name="editor utils &gt; checkHasEditorType &gt; windsurf &gt; should return false if none of the commands exist on windows" time="0.000088513">
        </testcase>
        <testcase classname="src/utils/editor.test.ts" name="editor utils &gt; checkHasEditorType &gt; cursor &gt; should return true if first command &quot;cursor&quot; exists on non-windows" time="0.000080128">
        </testcase>
        <testcase classname="src/utils/editor.test.ts" name="editor utils &gt; checkHasEditorType &gt; cursor &gt; should return false if none of the commands exist on non-windows" time="0.000061263">
        </testcase>
        <testcase classname="src/utils/editor.test.ts" name="editor utils &gt; checkHasEditorType &gt; cursor &gt; should return true if first command &quot;cursor&quot; exists on windows" time="0.00006995">
        </testcase>
        <testcase classname="src/utils/editor.test.ts" name="editor utils &gt; checkHasEditorType &gt; cursor &gt; should return false if none of the commands exist on windows" time="0.000043451">
        </testcase>
        <testcase classname="src/utils/editor.test.ts" name="editor utils &gt; checkHasEditorType &gt; vim &gt; should return true if first command &quot;vim&quot; exists on non-windows" time="0.000101268">
        </testcase>
        <testcase classname="src/utils/editor.test.ts" name="editor utils &gt; checkHasEditorType &gt; vim &gt; should return false if none of the commands exist on non-windows" time="0.000077604">
        </testcase>
        <testcase classname="src/utils/editor.test.ts" name="editor utils &gt; checkHasEditorType &gt; vim &gt; should return true if first command &quot;vim&quot; exists on windows" time="0.000112017">
        </testcase>
        <testcase classname="src/utils/editor.test.ts" name="editor utils &gt; checkHasEditorType &gt; vim &gt; should return false if none of the commands exist on windows" time="0.000091078">
        </testcase>
        <testcase classname="src/utils/editor.test.ts" name="editor utils &gt; checkHasEditorType &gt; neovim &gt; should return true if first command &quot;nvim&quot; exists on non-windows" time="0.000090277">
        </testcase>
        <testcase classname="src/utils/editor.test.ts" name="editor utils &gt; checkHasEditorType &gt; neovim &gt; should return false if none of the commands exist on non-windows" time="0.000068316">
        </testcase>
        <testcase classname="src/utils/editor.test.ts" name="editor utils &gt; checkHasEditorType &gt; neovim &gt; should return true if first command &quot;nvim&quot; exists on windows" time="0.00009156">
        </testcase>
        <testcase classname="src/utils/editor.test.ts" name="editor utils &gt; checkHasEditorType &gt; neovim &gt; should return false if none of the commands exist on windows" time="0.000071672">
        </testcase>
        <testcase classname="src/utils/editor.test.ts" name="editor utils &gt; checkHasEditorType &gt; zed &gt; should return true if first command &quot;zed&quot; exists on non-windows" time="0.000135891">
        </testcase>
        <testcase classname="src/utils/editor.test.ts" name="editor utils &gt; checkHasEditorType &gt; zed &gt; should return true if first command doesn&apos;t exist but second command &quot;zeditor&quot; exists on non-windows" time="0.000251956">
        </testcase>
        <testcase classname="src/utils/editor.test.ts" name="editor utils &gt; checkHasEditorType &gt; zed &gt; should return false if none of the commands exist on non-windows" time="0.000104212">
        </testcase>
        <testcase classname="src/utils/editor.test.ts" name="editor utils &gt; checkHasEditorType &gt; zed &gt; should return true if first command &quot;zed&quot; exists on windows" time="0.00013003">
        </testcase>
        <testcase classname="src/utils/editor.test.ts" name="editor utils &gt; checkHasEditorType &gt; zed &gt; should return false if none of the commands exist on windows" time="0.000093242">
        </testcase>
        <testcase classname="src/utils/editor.test.ts" name="editor utils &gt; checkHasEditorType &gt; emacs &gt; should return true if first command &quot;emacs&quot; exists on non-windows" time="0.000152102">
        </testcase>
        <testcase classname="src/utils/editor.test.ts" name="editor utils &gt; checkHasEditorType &gt; emacs &gt; should return false if none of the commands exist on non-windows" time="0.000093954">
        </testcase>
        <testcase classname="src/utils/editor.test.ts" name="editor utils &gt; checkHasEditorType &gt; emacs &gt; should return true if first command &quot;emacs.exe&quot; exists on windows" time="0.000119831">
        </testcase>
        <testcase classname="src/utils/editor.test.ts" name="editor utils &gt; checkHasEditorType &gt; emacs &gt; should return false if none of the commands exist on windows" time="0.000093994">
        </testcase>
        <testcase classname="src/utils/editor.test.ts" name="editor utils &gt; getDiffCommand &gt; should use first command &quot;code&quot; when it exists on non-windows" time="0.000359815">
        </testcase>
        <testcase classname="src/utils/editor.test.ts" name="editor utils &gt; getDiffCommand &gt; should fall back to last command &quot;code&quot; when none exist on non-windows" time="0.000186255">
        </testcase>
        <testcase classname="src/utils/editor.test.ts" name="editor utils &gt; getDiffCommand &gt; should use first command &quot;code.cmd&quot; when it exists on windows" time="0.000154045">
        </testcase>
        <testcase classname="src/utils/editor.test.ts" name="editor utils &gt; getDiffCommand &gt; should fall back to last command &quot;code.cmd&quot; when none exist on windows" time="0.000149597">
        </testcase>
        <testcase classname="src/utils/editor.test.ts" name="editor utils &gt; getDiffCommand &gt; should use first command &quot;codium&quot; when it exists on non-windows" time="0.000656675">
        </testcase>
        <testcase classname="src/utils/editor.test.ts" name="editor utils &gt; getDiffCommand &gt; should fall back to last command &quot;codium&quot; when none exist on non-windows" time="0.000148845">
        </testcase>
        <testcase classname="src/utils/editor.test.ts" name="editor utils &gt; getDiffCommand &gt; should use first command &quot;codium.cmd&quot; when it exists on windows" time="0.000090918">
        </testcase>
        <testcase classname="src/utils/editor.test.ts" name="editor utils &gt; getDiffCommand &gt; should fall back to last command &quot;codium.cmd&quot; when none exist on windows" time="0.000071412">
        </testcase>
        <testcase classname="src/utils/editor.test.ts" name="editor utils &gt; getDiffCommand &gt; should use first command &quot;windsurf&quot; when it exists on non-windows" time="0.000080048">
        </testcase>
        <testcase classname="src/utils/editor.test.ts" name="editor utils &gt; getDiffCommand &gt; should fall back to last command &quot;windsurf&quot; when none exist on non-windows" time="0.000067114">
        </testcase>
        <testcase classname="src/utils/editor.test.ts" name="editor utils &gt; getDiffCommand &gt; should use first command &quot;windsurf&quot; when it exists on windows" time="0.000069278">
        </testcase>
        <testcase classname="src/utils/editor.test.ts" name="editor utils &gt; getDiffCommand &gt; should fall back to last command &quot;windsurf&quot; when none exist on windows" time="0.000069309">
        </testcase>
        <testcase classname="src/utils/editor.test.ts" name="editor utils &gt; getDiffCommand &gt; should use first command &quot;cursor&quot; when it exists on non-windows" time="0.000065451">
        </testcase>
        <testcase classname="src/utils/editor.test.ts" name="editor utils &gt; getDiffCommand &gt; should fall back to last command &quot;cursor&quot; when none exist on non-windows" time="0.000068176">
        </testcase>
        <testcase classname="src/utils/editor.test.ts" name="editor utils &gt; getDiffCommand &gt; should use first command &quot;cursor&quot; when it exists on windows" time="0.000085017">
        </testcase>
        <testcase classname="src/utils/editor.test.ts" name="editor utils &gt; getDiffCommand &gt; should fall back to last command &quot;cursor&quot; when none exist on windows" time="0.000072655">
        </testcase>
        <testcase classname="src/utils/editor.test.ts" name="editor utils &gt; getDiffCommand &gt; should use first command &quot;zed&quot; when it exists on non-windows" time="0.000115653">
        </testcase>
        <testcase classname="src/utils/editor.test.ts" name="editor utils &gt; getDiffCommand &gt; should use second command &quot;zeditor&quot; when first doesn&apos;t exist on non-windows" time="0.000194169">
        </testcase>
        <testcase classname="src/utils/editor.test.ts" name="editor utils &gt; getDiffCommand &gt; should fall back to last command &quot;zeditor&quot; when none exist on non-windows" time="0.000093302">
        </testcase>
        <testcase classname="src/utils/editor.test.ts" name="editor utils &gt; getDiffCommand &gt; should use first command &quot;zed&quot; when it exists on windows" time="0.000068266">
        </testcase>
        <testcase classname="src/utils/editor.test.ts" name="editor utils &gt; getDiffCommand &gt; should fall back to last command &quot;zed&quot; when none exist on windows" time="0.000122767">
        </testcase>
        <testcase classname="src/utils/editor.test.ts" name="editor utils &gt; getDiffCommand &gt; should return the correct command for vim" time="0.000196814">
        </testcase>
        <testcase classname="src/utils/editor.test.ts" name="editor utils &gt; getDiffCommand &gt; should return the correct command for neovim" time="0.000098452">
        </testcase>
        <testcase classname="src/utils/editor.test.ts" name="editor utils &gt; getDiffCommand &gt; should return the correct command for emacs" time="0.000139718">
        </testcase>
        <testcase classname="src/utils/editor.test.ts" name="editor utils &gt; getDiffCommand &gt; should return null for an unsupported editor" time="0.000091359">
        </testcase>
        <testcase classname="src/utils/editor.test.ts" name="editor utils &gt; openDiff &gt; should call spawn for vscode" time="0.001822881">
        </testcase>
        <testcase classname="src/utils/editor.test.ts" name="editor utils &gt; openDiff &gt; should reject if spawn for vscode fails" time="0.001500244">
        </testcase>
        <testcase classname="src/utils/editor.test.ts" name="editor utils &gt; openDiff &gt; should reject if vscode exits with non-zero code" time="0.000380624">
        </testcase>
        <testcase classname="src/utils/editor.test.ts" name="editor utils &gt; openDiff &gt; should call spawn for vscodium" time="0.00035678">
        </testcase>
        <testcase classname="src/utils/editor.test.ts" name="editor utils &gt; openDiff &gt; should reject if spawn for vscodium fails" time="0.001933065">
        </testcase>
        <testcase classname="src/utils/editor.test.ts" name="editor utils &gt; openDiff &gt; should reject if vscodium exits with non-zero code" time="0.000348184">
        </testcase>
        <testcase classname="src/utils/editor.test.ts" name="editor utils &gt; openDiff &gt; should call spawn for windsurf" time="0.000342693">
        </testcase>
        <testcase classname="src/utils/editor.test.ts" name="editor utils &gt; openDiff &gt; should reject if spawn for windsurf fails" time="0.000251645">
        </testcase>
        <testcase classname="src/utils/editor.test.ts" name="editor utils &gt; openDiff &gt; should reject if windsurf exits with non-zero code" time="0.000199048">
        </testcase>
        <testcase classname="src/utils/editor.test.ts" name="editor utils &gt; openDiff &gt; should call spawn for cursor" time="0.000252236">
        </testcase>
        <testcase classname="src/utils/editor.test.ts" name="editor utils &gt; openDiff &gt; should reject if spawn for cursor fails" time="0.000177038">
        </testcase>
        <testcase classname="src/utils/editor.test.ts" name="editor utils &gt; openDiff &gt; should reject if cursor exits with non-zero code" time="0.000198637">
        </testcase>
        <testcase classname="src/utils/editor.test.ts" name="editor utils &gt; openDiff &gt; should call spawn for zed" time="0.00033522">
        </testcase>
        <testcase classname="src/utils/editor.test.ts" name="editor utils &gt; openDiff &gt; should reject if spawn for zed fails" time="0.000206893">
        </testcase>
        <testcase classname="src/utils/editor.test.ts" name="editor utils &gt; openDiff &gt; should reject if zed exits with non-zero code" time="0.000162781">
        </testcase>
        <testcase classname="src/utils/editor.test.ts" name="editor utils &gt; openDiff &gt; should call execSync for vim on non-windows" time="0.000374473">
        </testcase>
        <testcase classname="src/utils/editor.test.ts" name="editor utils &gt; openDiff &gt; should call execSync for vim on windows" time="0.000275139">
        </testcase>
        <testcase classname="src/utils/editor.test.ts" name="editor utils &gt; openDiff &gt; should call execSync for neovim on non-windows" time="0.000133257">
        </testcase>
        <testcase classname="src/utils/editor.test.ts" name="editor utils &gt; openDiff &gt; should call execSync for neovim on windows" time="0.000147012">
        </testcase>
        <testcase classname="src/utils/editor.test.ts" name="editor utils &gt; openDiff &gt; should call execSync for emacs on non-windows" time="0.001309512">
        </testcase>
        <testcase classname="src/utils/editor.test.ts" name="editor utils &gt; openDiff &gt; should call execSync for emacs on windows" time="0.000204498">
        </testcase>
        <testcase classname="src/utils/editor.test.ts" name="editor utils &gt; openDiff &gt; should log an error if diff command is not available" time="0.000420327">
        </testcase>
        <testcase classname="src/utils/editor.test.ts" name="editor utils &gt; openDiff &gt; onEditorClose callback &gt; should call onEditorClose for execSync editors" time="0.000288764">
        </testcase>
        <testcase classname="src/utils/editor.test.ts" name="editor utils &gt; openDiff &gt; onEditorClose callback &gt; should call onEditorClose for execSync editors when an error is thrown" time="0.007672257">
            <system-err>
Error in onEditorClose callback: Error: test error
    at [90m/home/atmandk/LowCal-dev/packages/core/[39msrc/utils/editor.test.ts:437:17
    at mockCall (file:///home/atmandk/LowCal-dev/node_modules/[4m@vitest/spy[24m/dist/index.js:96:15)
    at spy (file:///home/atmandk/LowCal-dev/node_modules/[4mtinyspy[24m/dist/index.js:47:103)
    at Module.openDiff [90m(/home/atmandk/LowCal-dev/packages/core/[39msrc/utils/editor.ts:211:11[90m)[39m
    at [90m/home/atmandk/LowCal-dev/packages/core/[39msrc/utils/editor.test.ts:440:9
    at file:///home/atmandk/LowCal-dev/node_modules/[4m@vitest/runner[24m/dist/chunk-hooks.js:155:11
    at file:///home/atmandk/LowCal-dev/node_modules/[4m@vitest/runner[24m/dist/chunk-hooks.js:752:26
    at file:///home/atmandk/LowCal-dev/node_modules/[4m@vitest/runner[24m/dist/chunk-hooks.js:1897:20
    at new Promise (&lt;anonymous&gt;)
    at runWithTimeout (file:///home/atmandk/LowCal-dev/node_modules/[4m@vitest/runner[24m/dist/chunk-hooks.js:1863:10)

            </system-err>
        </testcase>
        <testcase classname="src/utils/editor.test.ts" name="editor utils &gt; openDiff &gt; onEditorClose callback &gt; should not call onEditorClose for spawn editors" time="0.000468306">
        </testcase>
        <testcase classname="src/utils/editor.test.ts" name="editor utils &gt; allowEditorTypeInSandbox &gt; should allow vim in sandbox mode" time="0.000251996">
        </testcase>
        <testcase classname="src/utils/editor.test.ts" name="editor utils &gt; allowEditorTypeInSandbox &gt; should allow vim when not in sandbox mode" time="0.000123227">
        </testcase>
        <testcase classname="src/utils/editor.test.ts" name="editor utils &gt; allowEditorTypeInSandbox &gt; should allow emacs in sandbox mode" time="0.000124199">
        </testcase>
        <testcase classname="src/utils/editor.test.ts" name="editor utils &gt; allowEditorTypeInSandbox &gt; should allow emacs when not in sandbox mode" time="0.00008612">
        </testcase>
        <testcase classname="src/utils/editor.test.ts" name="editor utils &gt; allowEditorTypeInSandbox &gt; should allow neovim in sandbox mode" time="0.000112197">
        </testcase>
        <testcase classname="src/utils/editor.test.ts" name="editor utils &gt; allowEditorTypeInSandbox &gt; should allow neovim when not in sandbox mode" time="0.000088404">
        </testcase>
        <testcase classname="src/utils/editor.test.ts" name="editor utils &gt; allowEditorTypeInSandbox &gt; should not allow vscode in sandbox mode" time="0.000088734">
        </testcase>
        <testcase classname="src/utils/editor.test.ts" name="editor utils &gt; allowEditorTypeInSandbox &gt; should allow vscode when not in sandbox mode" time="0.000079056">
        </testcase>
        <testcase classname="src/utils/editor.test.ts" name="editor utils &gt; allowEditorTypeInSandbox &gt; should not allow vscodium in sandbox mode" time="0.000067255">
        </testcase>
        <testcase classname="src/utils/editor.test.ts" name="editor utils &gt; allowEditorTypeInSandbox &gt; should allow vscodium when not in sandbox mode" time="0.000057897">
        </testcase>
        <testcase classname="src/utils/editor.test.ts" name="editor utils &gt; allowEditorTypeInSandbox &gt; should not allow windsurf in sandbox mode" time="0.000058257">
        </testcase>
        <testcase classname="src/utils/editor.test.ts" name="editor utils &gt; allowEditorTypeInSandbox &gt; should allow windsurf when not in sandbox mode" time="0.000056705">
        </testcase>
        <testcase classname="src/utils/editor.test.ts" name="editor utils &gt; allowEditorTypeInSandbox &gt; should not allow cursor in sandbox mode" time="0.000057706">
        </testcase>
        <testcase classname="src/utils/editor.test.ts" name="editor utils &gt; allowEditorTypeInSandbox &gt; should allow cursor when not in sandbox mode" time="0.000053729">
        </testcase>
        <testcase classname="src/utils/editor.test.ts" name="editor utils &gt; allowEditorTypeInSandbox &gt; should not allow zed in sandbox mode" time="0.000060231">
        </testcase>
        <testcase classname="src/utils/editor.test.ts" name="editor utils &gt; allowEditorTypeInSandbox &gt; should allow zed when not in sandbox mode" time="0.000079447">
        </testcase>
        <testcase classname="src/utils/editor.test.ts" name="editor utils &gt; isEditorAvailable &gt; should return false for undefined editor" time="0.000136442">
        </testcase>
        <testcase classname="src/utils/editor.test.ts" name="editor utils &gt; isEditorAvailable &gt; should return false for empty string editor" time="0.000100175">
        </testcase>
        <testcase classname="src/utils/editor.test.ts" name="editor utils &gt; isEditorAvailable &gt; should return false for invalid editor type" time="0.000074538">
        </testcase>
        <testcase classname="src/utils/editor.test.ts" name="editor utils &gt; isEditorAvailable &gt; should return true for vscode when installed and not in sandbox mode" time="0.000127326">
        </testcase>
        <testcase classname="src/utils/editor.test.ts" name="editor utils &gt; isEditorAvailable &gt; should return false for vscode when not installed and not in sandbox mode" time="0.000145329">
        </testcase>
        <testcase classname="src/utils/editor.test.ts" name="editor utils &gt; isEditorAvailable &gt; should return false for vscode when installed and in sandbox mode" time="0.000126003">
        </testcase>
        <testcase classname="src/utils/editor.test.ts" name="editor utils &gt; isEditorAvailable &gt; should return true for vim when installed and in sandbox mode" time="0.000126194">
        </testcase>
        <testcase classname="src/utils/editor.test.ts" name="editor utils &gt; isEditorAvailable &gt; should return true for emacs when installed and in sandbox mode" time="0.000115954">
        </testcase>
        <testcase classname="src/utils/editor.test.ts" name="editor utils &gt; isEditorAvailable &gt; should return true for neovim when installed and in sandbox mode" time="0.000098342">
        </testcase>
    </testsuite>
    <testsuite name="src/utils/environmentContext.test.ts" timestamp="2025-10-01T18:54:56.651Z" hostname="uby" tests="8" failures="0" errors="0" skipped="0" time="0.038712436">
        <testcase classname="src/utils/environmentContext.test.ts" name="getDirectoryContextString &gt; should return context string for a single directory" time="0.002670929">
        </testcase>
        <testcase classname="src/utils/environmentContext.test.ts" name="getDirectoryContextString &gt; should return context string for multiple directories" time="0.000414166">
        </testcase>
        <testcase classname="src/utils/environmentContext.test.ts" name="getEnvironmentContext &gt; should return basic environment context for a single directory" time="0.017311852">
        </testcase>
        <testcase classname="src/utils/environmentContext.test.ts" name="getEnvironmentContext &gt; should return basic environment context for multiple directories" time="0.001097991">
        </testcase>
        <testcase classname="src/utils/environmentContext.test.ts" name="getEnvironmentContext &gt; should include full file context when getFullContext is true" time="0.001895385">
        </testcase>
        <testcase classname="src/utils/environmentContext.test.ts" name="getEnvironmentContext &gt; should handle read_many_files returning no content" time="0.001815196">
            <system-err>
Full context requested, but read_many_files returned no content.

            </system-err>
        </testcase>
        <testcase classname="src/utils/environmentContext.test.ts" name="getEnvironmentContext &gt; should handle read_many_files tool not being found" time="0.006152237">
            <system-err>
Full context requested, but read_many_files tool not found.

            </system-err>
        </testcase>
        <testcase classname="src/utils/environmentContext.test.ts" name="getEnvironmentContext &gt; should handle errors when reading full file context" time="0.005541156">
            <system-err>
Error reading full file context: Error: Read error
    at [90m/home/atmandk/LowCal-dev/packages/core/[39msrc/utils/environmentContext.test.ts:205:44
    at file:///home/atmandk/LowCal-dev/node_modules/[4m@vitest/runner[24m/dist/chunk-hooks.js:155:11
    at file:///home/atmandk/LowCal-dev/node_modules/[4m@vitest/runner[24m/dist/chunk-hooks.js:752:26
    at file:///home/atmandk/LowCal-dev/node_modules/[4m@vitest/runner[24m/dist/chunk-hooks.js:1897:20
    at new Promise (&lt;anonymous&gt;)
    at runWithTimeout (file:///home/atmandk/LowCal-dev/node_modules/[4m@vitest/runner[24m/dist/chunk-hooks.js:1863:10)
    at runTest (file:///home/atmandk/LowCal-dev/node_modules/[4m@vitest/runner[24m/dist/chunk-hooks.js:1574:12)
[90m    at processTicksAndRejections (node:internal/process/task_queues:105:5)[39m
    at runSuite (file:///home/atmandk/LowCal-dev/node_modules/[4m@vitest/runner[24m/dist/chunk-hooks.js:1729:8)
    at runSuite (file:///home/atmandk/LowCal-dev/node_modules/[4m@vitest/runner[24m/dist/chunk-hooks.js:1729:8)

            </system-err>
        </testcase>
    </testsuite>
    <testsuite name="src/utils/errorParsing.test.ts" timestamp="2025-10-01T18:54:56.651Z" hostname="uby" tests="21" failures="0" errors="0" skipped="0" time="0.005184577">
        <testcase classname="src/utils/errorParsing.test.ts" name="parseAndFormatApiError &gt; should format a valid API error JSON" time="0.001410629">
        </testcase>
        <testcase classname="src/utils/errorParsing.test.ts" name="parseAndFormatApiError &gt; should format a 429 API error with the default message" time="0.000290447">
        </testcase>
        <testcase classname="src/utils/errorParsing.test.ts" name="parseAndFormatApiError &gt; should format a 429 API error with the personal message" time="0.000233311">
        </testcase>
        <testcase classname="src/utils/errorParsing.test.ts" name="parseAndFormatApiError &gt; should format a 429 API error with the vertex message" time="0.000072875">
        </testcase>
        <testcase classname="src/utils/errorParsing.test.ts" name="parseAndFormatApiError &gt; should return the original message if it is not a JSON error" time="0.000047057">
        </testcase>
        <testcase classname="src/utils/errorParsing.test.ts" name="parseAndFormatApiError &gt; should return the original message for malformed JSON" time="0.000046226">
        </testcase>
        <testcase classname="src/utils/errorParsing.test.ts" name="parseAndFormatApiError &gt; should handle JSON that does not match the ApiError structure" time="0.000052607">
        </testcase>
        <testcase classname="src/utils/errorParsing.test.ts" name="parseAndFormatApiError &gt; should format a nested API error" time="0.000121255">
        </testcase>
        <testcase classname="src/utils/errorParsing.test.ts" name="parseAndFormatApiError &gt; should format a StructuredError" time="0.000084306">
        </testcase>
        <testcase classname="src/utils/errorParsing.test.ts" name="parseAndFormatApiError &gt; should format a 429 StructuredError with the vertex message" time="0.000068176">
        </testcase>
        <testcase classname="src/utils/errorParsing.test.ts" name="parseAndFormatApiError &gt; should handle an unknown error type" time="0.00004325">
        </testcase>
        <testcase classname="src/utils/errorParsing.test.ts" name="parseAndFormatApiError &gt; should format a 429 API error with Pro quota exceeded message for Google auth (Free tier)" time="0.000139027">
        </testcase>
        <testcase classname="src/utils/errorParsing.test.ts" name="parseAndFormatApiError &gt; should format a regular 429 API error with standard message for Google auth" time="0.000175054">
        </testcase>
        <testcase classname="src/utils/errorParsing.test.ts" name="parseAndFormatApiError &gt; should format a 429 API error with generic quota exceeded message for Google auth" time="0.000130482">
        </testcase>
        <testcase classname="src/utils/errorParsing.test.ts" name="parseAndFormatApiError &gt; should prioritize Pro quota message over generic quota message for Google auth" time="0.000114762">
        </testcase>
        <testcase classname="src/utils/errorParsing.test.ts" name="parseAndFormatApiError &gt; should format a 429 API error with Pro quota exceeded message for Google auth (Standard tier)" time="0.000155417">
        </testcase>
        <testcase classname="src/utils/errorParsing.test.ts" name="parseAndFormatApiError &gt; should format a 429 API error with Pro quota exceeded message for Google auth (Legacy tier)" time="0.000110474">
        </testcase>
        <testcase classname="src/utils/errorParsing.test.ts" name="parseAndFormatApiError &gt; should handle different Gemini 2.5 version strings in Pro quota exceeded errors" time="0.000116947">
        </testcase>
        <testcase classname="src/utils/errorParsing.test.ts" name="parseAndFormatApiError &gt; should not match non-Pro models with similar version strings" time="0.000127385">
        </testcase>
        <testcase classname="src/utils/errorParsing.test.ts" name="parseAndFormatApiError &gt; should format a generic quota exceeded message for Google auth (Standard tier)" time="0.000227491">
        </testcase>
        <testcase classname="src/utils/errorParsing.test.ts" name="parseAndFormatApiError &gt; should format a regular 429 API error with standard message for Google auth (Standard tier)" time="0.000128297">
        </testcase>
    </testsuite>
    <testsuite name="src/utils/errorReporting.test.ts" timestamp="2025-10-01T18:54:56.652Z" hostname="uby" tests="6" failures="0" errors="0" skipped="0" time="0.029279703">
        <testcase classname="src/utils/errorReporting.test.ts" name="reportError &gt; should generate a report and log the path" time="0.008502061">
        </testcase>
        <testcase classname="src/utils/errorReporting.test.ts" name="reportError &gt; should handle errors that are plain objects with a message property" time="0.001250042">
        </testcase>
        <testcase classname="src/utils/errorReporting.test.ts" name="reportError &gt; should handle string errors" time="0.002484794">
        </testcase>
        <testcase classname="src/utils/errorReporting.test.ts" name="reportError &gt; should log fallback message if writing report fails" time="0.007450227">
        </testcase>
        <testcase classname="src/utils/errorReporting.test.ts" name="reportError &gt; should handle stringification failure of report content (e.g. BigInt in context)" time="0.00383424">
        </testcase>
        <testcase classname="src/utils/errorReporting.test.ts" name="reportError &gt; should generate a report without context if context is not provided" time="0.004284432">
        </testcase>
    </testsuite>
    <testsuite name="src/utils/fileUtils.test.ts" timestamp="2025-10-01T18:54:56.652Z" hostname="uby" tests="41" failures="0" errors="0" skipped="0" time="0.072068958">
        <testcase classname="src/utils/fileUtils.test.ts" name="fileUtils &gt; isWithinRoot &gt; should return true for paths directly within the root" time="0.002224012">
        </testcase>
        <testcase classname="src/utils/fileUtils.test.ts" name="fileUtils &gt; isWithinRoot &gt; should return true for the root path itself" time="0.000560737">
        </testcase>
        <testcase classname="src/utils/fileUtils.test.ts" name="fileUtils &gt; isWithinRoot &gt; should return false for paths outside the root" time="0.000332765">
        </testcase>
        <testcase classname="src/utils/fileUtils.test.ts" name="fileUtils &gt; isWithinRoot &gt; should return false for paths that only partially match the root prefix" time="0.000268647">
        </testcase>
        <testcase classname="src/utils/fileUtils.test.ts" name="fileUtils &gt; isWithinRoot &gt; should handle paths with trailing slashes correctly" time="0.000327215">
        </testcase>
        <testcase classname="src/utils/fileUtils.test.ts" name="fileUtils &gt; isWithinRoot &gt; should handle different path separators (POSIX vs Windows)" time="0.000317367">
        </testcase>
        <testcase classname="src/utils/fileUtils.test.ts" name="fileUtils &gt; isWithinRoot &gt; should return false for a root path that is a sub-path of the path to check" time="0.00042684">
        </testcase>
        <testcase classname="src/utils/fileUtils.test.ts" name="fileUtils &gt; isBinaryFile &gt; should return false for an empty file" time="0.001500735">
        </testcase>
        <testcase classname="src/utils/fileUtils.test.ts" name="fileUtils &gt; isBinaryFile &gt; should return false for a typical text file" time="0.000823303">
        </testcase>
        <testcase classname="src/utils/fileUtils.test.ts" name="fileUtils &gt; isBinaryFile &gt; should return true for a file with many null bytes" time="0.000847968">
        </testcase>
        <testcase classname="src/utils/fileUtils.test.ts" name="fileUtils &gt; isBinaryFile &gt; should return true for a file with high percentage of non-printable ASCII" time="0.002259999">
        </testcase>
        <testcase classname="src/utils/fileUtils.test.ts" name="fileUtils &gt; isBinaryFile &gt; should return false if file access fails (e.g., ENOENT)" time="0.005144393">
            <system-err>
Failed to check if file is binary: /tmp/fileUtils-test-8GCrYQ/binaryCheck.tmp ENOENT: no such file or directory, open &apos;/tmp/fileUtils-test-8GCrYQ/binaryCheck.tmp&apos;

            </system-err>
        </testcase>
        <testcase classname="src/utils/fileUtils.test.ts" name="fileUtils &gt; detectFileType &gt; should detect typescript type by extension (ts, mts, cts, tsx)" time="0.001983958">
            <system-err>
Failed to check if file is binary: component.tsx ENOENT: no such file or directory, open &apos;component.tsx&apos;

            </system-err>
        </testcase>
        <testcase classname="src/utils/fileUtils.test.ts" name="fileUtils &gt; detectFileType &gt; should detect image type by extension (png)" time="0.000580393">
        </testcase>
        <testcase classname="src/utils/fileUtils.test.ts" name="fileUtils &gt; detectFileType &gt; should detect image type by extension (jpeg)" time="0.000393818">
        </testcase>
        <testcase classname="src/utils/fileUtils.test.ts" name="fileUtils &gt; detectFileType &gt; should detect svg type by extension" time="0.000428202">
        </testcase>
        <testcase classname="src/utils/fileUtils.test.ts" name="fileUtils &gt; detectFileType &gt; should detect pdf type by extension" time="0.0005031">
        </testcase>
        <testcase classname="src/utils/fileUtils.test.ts" name="fileUtils &gt; detectFileType &gt; should detect audio type by extension" time="0.00043824">
        </testcase>
        <testcase classname="src/utils/fileUtils.test.ts" name="fileUtils &gt; detectFileType &gt; should detect video type by extension" time="0.000398857">
        </testcase>
        <testcase classname="src/utils/fileUtils.test.ts" name="fileUtils &gt; detectFileType &gt; should detect known binary extensions as binary (e.g. .zip)" time="0.000409377">
        </testcase>
        <testcase classname="src/utils/fileUtils.test.ts" name="fileUtils &gt; detectFileType &gt; should detect known binary extensions as binary (e.g. .exe)" time="0.000712888">
        </testcase>
        <testcase classname="src/utils/fileUtils.test.ts" name="fileUtils &gt; detectFileType &gt; should use isBinaryFile for unknown extensions and detect as binary" time="0.003084243">
        </testcase>
        <testcase classname="src/utils/fileUtils.test.ts" name="fileUtils &gt; detectFileType &gt; should default to text if mime type is unknown and content is not binary" time="0.000906236">
        </testcase>
        <testcase classname="src/utils/fileUtils.test.ts" name="fileUtils &gt; processSingleFileContent &gt; should read a text file successfully" time="0.003572766">
        </testcase>
        <testcase classname="src/utils/fileUtils.test.ts" name="fileUtils &gt; processSingleFileContent &gt; should handle file not found" time="0.000732314">
        </testcase>
        <testcase classname="src/utils/fileUtils.test.ts" name="fileUtils &gt; processSingleFileContent &gt; should handle read errors for text files" time="0.001496427">
        </testcase>
        <testcase classname="src/utils/fileUtils.test.ts" name="fileUtils &gt; processSingleFileContent &gt; should handle read errors for image/pdf files" time="0.000843349">
        </testcase>
        <testcase classname="src/utils/fileUtils.test.ts" name="fileUtils &gt; processSingleFileContent &gt; should process an image file" time="0.001133276">
        </testcase>
        <testcase classname="src/utils/fileUtils.test.ts" name="fileUtils &gt; processSingleFileContent &gt; should summarize large binary files without embedding full data" time="0.001694423">
        </testcase>
        <testcase classname="src/utils/fileUtils.test.ts" name="fileUtils &gt; processSingleFileContent &gt; should process a PDF file" time="0.000987887">
        </testcase>
        <testcase classname="src/utils/fileUtils.test.ts" name="fileUtils &gt; processSingleFileContent &gt; should read an SVG file as text when under 1MB" time="0.000947812">
        </testcase>
        <testcase classname="src/utils/fileUtils.test.ts" name="fileUtils &gt; processSingleFileContent &gt; should skip binary files" time="0.000694725">
        </testcase>
        <testcase classname="src/utils/fileUtils.test.ts" name="fileUtils &gt; processSingleFileContent &gt; should handle path being a directory" time="0.000539367">
        </testcase>
        <testcase classname="src/utils/fileUtils.test.ts" name="fileUtils &gt; processSingleFileContent &gt; should paginate text files correctly (offset and limit)" time="0.001780362">
        </testcase>
        <testcase classname="src/utils/fileUtils.test.ts" name="fileUtils &gt; processSingleFileContent &gt; should identify truncation when reading the end of a file" time="0.001199278">
        </testcase>
        <testcase classname="src/utils/fileUtils.test.ts" name="fileUtils &gt; processSingleFileContent &gt; should handle limit exceeding file length" time="0.001008946">
        </testcase>
        <testcase classname="src/utils/fileUtils.test.ts" name="fileUtils &gt; processSingleFileContent &gt; should truncate long lines in text files" time="0.001028883">
        </testcase>
        <testcase classname="src/utils/fileUtils.test.ts" name="fileUtils &gt; processSingleFileContent &gt; should truncate when line count exceeds the limit" time="0.00084925">
        </testcase>
        <testcase classname="src/utils/fileUtils.test.ts" name="fileUtils &gt; processSingleFileContent &gt; should truncate when a line length exceeds the character limit" time="0.001018954">
        </testcase>
        <testcase classname="src/utils/fileUtils.test.ts" name="fileUtils &gt; processSingleFileContent &gt; should truncate both line count and line length when both exceed limits" time="0.005698057">
        </testcase>
        <testcase classname="src/utils/fileUtils.test.ts" name="fileUtils &gt; processSingleFileContent &gt; should return an error if the file size exceeds 20MB" time="0.019840559">
        </testcase>
    </testsuite>
    <testsuite name="src/utils/flashFallback.integration.test.ts" timestamp="2025-10-01T18:54:56.653Z" hostname="uby" tests="4" failures="0" errors="0" skipped="0" time="0.192895537">
        <testcase classname="src/utils/flashFallback.integration.test.ts" name="Flash Fallback Integration &gt; should automatically accept fallback" time="0.022191145">
            <system-out>
Invalid JSON in log file /home/atmandk/.qwen/tmp/b306d9ff847c120dd7eb00fcebe5f118b9875b09db67ad8f0834aea7a0d8cb8c/logs.json. Backing up and starting fresh. SyntaxError: &quot;undefined&quot; is not valid JSON
    at JSON.parse (&lt;anonymous&gt;)
    at Logger._readLogFile [90m(/home/atmandk/LowCal-dev/packages/core/[39msrc/core/logger.ts:91:31[90m)[39m
[90m    at processTicksAndRejections (node:internal/process/task_queues:105:5)[39m
    at Logger.initialize [90m(/home/atmandk/LowCal-dev/packages/core/[39msrc/core/logger.ts:155:19[90m)[39m

Backed up corrupted log file to /home/atmandk/.qwen/tmp/b306d9ff847c120dd7eb00fcebe5f118b9875b09db67ad8f0834aea7a0d8cb8c/logs.json.invalid_json.1759344885995.bak

            </system-out>
            <system-err>
Error accessing installation ID file, generating ephemeral ID: TypeError: Cannot read properties of undefined (reading &apos;trim&apos;)
    at InstallationManager.readInstallationIdFromFile [90m(/home/atmandk/LowCal-dev/packages/core/[39msrc/utils/installationManager.ts:21:50[90m)[39m
    at InstallationManager.getInstallationId [90m(/home/atmandk/LowCal-dev/packages/core/[39msrc/utils/installationManager.ts:42:33[90m)[39m
    at QwenLogger.generateUserId [90m(/home/atmandk/LowCal-dev/packages/core/[39msrc/telemetry/qwen-logger/qwen-logger.ts:123:53[90m)[39m
    at new QwenLogger [90m(/home/atmandk/LowCal-dev/packages/core/[39msrc/telemetry/qwen-logger/qwen-logger.ts:114:24[90m)[39m
    at QwenLogger.getInstance [90m(/home/atmandk/LowCal-dev/packages/core/[39msrc/telemetry/qwen-logger/qwen-logger.ts:131:29[90m)[39m
    at logCliConfiguration [90m(/home/atmandk/LowCal-dev/packages/core/[39msrc/telemetry/loggers.ts:85:14[90m)[39m
    at new Config [90m(/home/atmandk/LowCal-dev/packages/core/[39msrc/config/config.ts:466:5[90m)[39m
    at [90m/home/atmandk/LowCal-dev/packages/core/[39msrc/utils/flashFallback.integration.test.ts:33:14
    at file:///home/atmandk/LowCal-dev/node_modules/[4m@vitest/runner[24m/dist/chunk-hooks.js:155:11
    at file:///home/atmandk/LowCal-dev/node_modules/[4m@vitest/runner[24m/dist/chunk-hooks.js:1897:20

            </system-err>
        </testcase>
        <testcase classname="src/utils/flashFallback.integration.test.ts" name="Flash Fallback Integration &gt; should trigger fallback after 2 consecutive 429 errors for OAuth users" time="0.004490624">
            <system-out>
Invalid JSON in log file /home/atmandk/.qwen/tmp/b306d9ff847c120dd7eb00fcebe5f118b9875b09db67ad8f0834aea7a0d8cb8c/logs.json. Backing up and starting fresh. SyntaxError: &quot;undefined&quot; is not valid JSON
    at JSON.parse (&lt;anonymous&gt;)
    at Logger._readLogFile [90m(/home/atmandk/LowCal-dev/packages/core/[39msrc/core/logger.ts:91:31[90m)[39m
[90m    at processTicksAndRejections (node:internal/process/task_queues:105:5)[39m
    at Logger.initialize [90m(/home/atmandk/LowCal-dev/packages/core/[39msrc/core/logger.ts:155:19[90m)[39m

Backed up corrupted log file to /home/atmandk/.qwen/tmp/b306d9ff847c120dd7eb00fcebe5f118b9875b09db67ad8f0834aea7a0d8cb8c/logs.json.invalid_json.1759344885997.bak

            </system-out>
            <system-err>
Attempt 1 failed with status 429. Retrying with backoff... Error: Rate limit exceeded (simulated)
    at Module.createSimulated429Error [90m(/home/atmandk/LowCal-dev/packages/core/[39msrc/utils/testUtils.ts:59:17[90m)[39m
    at [90m/home/atmandk/LowCal-dev/packages/core/[39msrc/utils/flashFallback.integration.test.ts:69:30
    at file:///home/atmandk/LowCal-dev/node_modules/[4m@vitest/runner[24m/dist/chunk-hooks.js:155:11
    at file:///home/atmandk/LowCal-dev/node_modules/[4m@vitest/runner[24m/dist/chunk-hooks.js:752:26
    at file:///home/atmandk/LowCal-dev/node_modules/[4m@vitest/runner[24m/dist/chunk-hooks.js:1897:20
    at new Promise (&lt;anonymous&gt;)
    at runWithTimeout (file:///home/atmandk/LowCal-dev/node_modules/[4m@vitest/runner[24m/dist/chunk-hooks.js:1863:10)
    at runTest (file:///home/atmandk/LowCal-dev/node_modules/[4m@vitest/runner[24m/dist/chunk-hooks.js:1574:12)
[90m    at processTicksAndRejections (node:internal/process/task_queues:105:5)[39m
    at runSuite (file:///home/atmandk/LowCal-dev/node_modules/[4m@vitest/runner[24m/dist/chunk-hooks.js:1729:8) {
  status: [33m429[39m
}

            </system-err>
        </testcase>
        <testcase classname="src/utils/flashFallback.integration.test.ts" name="Flash Fallback Integration &gt; should not trigger fallback for API key users" time="0.16413796">
            <system-out>
Invalid JSON in log file /home/atmandk/.qwen/tmp/b306d9ff847c120dd7eb00fcebe5f118b9875b09db67ad8f0834aea7a0d8cb8c/logs.json. Backing up and starting fresh. SyntaxError: &quot;undefined&quot; is not valid JSON
    at JSON.parse (&lt;anonymous&gt;)
    at Logger._readLogFile [90m(/home/atmandk/LowCal-dev/packages/core/[39msrc/core/logger.ts:91:31[90m)[39m
    at Logger.initialize [90m(/home/atmandk/LowCal-dev/packages/core/[39msrc/core/logger.ts:155:19[90m)[39m

Backed up corrupted log file to /home/atmandk/.qwen/tmp/b306d9ff847c120dd7eb00fcebe5f118b9875b09db67ad8f0834aea7a0d8cb8c/logs.json.invalid_json.1759344886001.bak

            </system-out>
            <system-err>
Attempt 1 failed with status 429. Retrying with backoff... Error: Rate limit exceeded (simulated)
    at Module.createSimulated429Error [90m(/home/atmandk/LowCal-dev/packages/core/[39msrc/utils/testUtils.ts:59:17[90m)[39m
    at [90m/home/atmandk/LowCal-dev/packages/core/[39msrc/utils/flashFallback.integration.test.ts:109:51
    at file:///home/atmandk/LowCal-dev/node_modules/[4m@vitest/runner[24m/dist/chunk-hooks.js:155:11
    at file:///home/atmandk/LowCal-dev/node_modules/[4m@vitest/runner[24m/dist/chunk-hooks.js:752:26
    at file:///home/atmandk/LowCal-dev/node_modules/[4m@vitest/runner[24m/dist/chunk-hooks.js:1897:20
    at new Promise (&lt;anonymous&gt;)
    at runWithTimeout (file:///home/atmandk/LowCal-dev/node_modules/[4m@vitest/runner[24m/dist/chunk-hooks.js:1863:10)
    at runTest (file:///home/atmandk/LowCal-dev/node_modules/[4m@vitest/runner[24m/dist/chunk-hooks.js:1574:12)
    at runSuite (file:///home/atmandk/LowCal-dev/node_modules/[4m@vitest/runner[24m/dist/chunk-hooks.js:1729:8)
    at runSuite (file:///home/atmandk/LowCal-dev/node_modules/[4m@vitest/runner[24m/dist/chunk-hooks.js:1729:8) {
  status: [33m429[39m
}

Attempt 2 failed with status 429. Retrying with backoff... Error: Rate limit exceeded (simulated)
    at Module.createSimulated429Error [90m(/home/atmandk/LowCal-dev/packages/core/[39msrc/utils/testUtils.ts:59:17[90m)[39m
    at [90m/home/atmandk/LowCal-dev/packages/core/[39msrc/utils/flashFallback.integration.test.ts:109:51
    at file:///home/atmandk/LowCal-dev/node_modules/[4m@vitest/runner[24m/dist/chunk-hooks.js:155:11
    at file:///home/atmandk/LowCal-dev/node_modules/[4m@vitest/runner[24m/dist/chunk-hooks.js:752:26
    at file:///home/atmandk/LowCal-dev/node_modules/[4m@vitest/runner[24m/dist/chunk-hooks.js:1897:20
    at new Promise (&lt;anonymous&gt;)
    at runWithTimeout (file:///home/atmandk/LowCal-dev/node_modules/[4m@vitest/runner[24m/dist/chunk-hooks.js:1863:10)
    at runTest (file:///home/atmandk/LowCal-dev/node_modules/[4m@vitest/runner[24m/dist/chunk-hooks.js:1574:12)
    at runSuite (file:///home/atmandk/LowCal-dev/node_modules/[4m@vitest/runner[24m/dist/chunk-hooks.js:1729:8)
    at runSuite (file:///home/atmandk/LowCal-dev/node_modules/[4m@vitest/runner[24m/dist/chunk-hooks.js:1729:8) {
  status: [33m429[39m
}

Attempt 3 failed with status 429. Retrying with backoff... Error: Rate limit exceeded (simulated)
    at Module.createSimulated429Error [90m(/home/atmandk/LowCal-dev/packages/core/[39msrc/utils/testUtils.ts:59:17[90m)[39m
    at [90m/home/atmandk/LowCal-dev/packages/core/[39msrc/utils/flashFallback.integration.test.ts:109:51
    at file:///home/atmandk/LowCal-dev/node_modules/[4m@vitest/runner[24m/dist/chunk-hooks.js:155:11
    at file:///home/atmandk/LowCal-dev/node_modules/[4m@vitest/runner[24m/dist/chunk-hooks.js:752:26
    at file:///home/atmandk/LowCal-dev/node_modules/[4m@vitest/runner[24m/dist/chunk-hooks.js:1897:20
    at new Promise (&lt;anonymous&gt;)
    at runWithTimeout (file:///home/atmandk/LowCal-dev/node_modules/[4m@vitest/runner[24m/dist/chunk-hooks.js:1863:10)
    at runTest (file:///home/atmandk/LowCal-dev/node_modules/[4m@vitest/runner[24m/dist/chunk-hooks.js:1574:12)
    at runSuite (file:///home/atmandk/LowCal-dev/node_modules/[4m@vitest/runner[24m/dist/chunk-hooks.js:1729:8)
    at runSuite (file:///home/atmandk/LowCal-dev/node_modules/[4m@vitest/runner[24m/dist/chunk-hooks.js:1729:8) {
  status: [33m429[39m
}

Attempt 4 failed with status 429. Retrying with backoff... Error: Rate limit exceeded (simulated)
    at Module.createSimulated429Error [90m(/home/atmandk/LowCal-dev/packages/core/[39msrc/utils/testUtils.ts:59:17[90m)[39m
    at [90m/home/atmandk/LowCal-dev/packages/core/[39msrc/utils/flashFallback.integration.test.ts:109:51
    at file:///home/atmandk/LowCal-dev/node_modules/[4m@vitest/runner[24m/dist/chunk-hooks.js:155:11
    at file:///home/atmandk/LowCal-dev/node_modules/[4m@vitest/runner[24m/dist/chunk-hooks.js:752:26
    at file:///home/atmandk/LowCal-dev/node_modules/[4m@vitest/runner[24m/dist/chunk-hooks.js:1897:20
    at new Promise (&lt;anonymous&gt;)
    at runWithTimeout (file:///home/atmandk/LowCal-dev/node_modules/[4m@vitest/runner[24m/dist/chunk-hooks.js:1863:10)
    at runTest (file:///home/atmandk/LowCal-dev/node_modules/[4m@vitest/runner[24m/dist/chunk-hooks.js:1574:12)
    at runSuite (file:///home/atmandk/LowCal-dev/node_modules/[4m@vitest/runner[24m/dist/chunk-hooks.js:1729:8)
    at runSuite (file:///home/atmandk/LowCal-dev/node_modules/[4m@vitest/runner[24m/dist/chunk-hooks.js:1729:8) {
  status: [33m429[39m
}

            </system-err>
        </testcase>
        <testcase classname="src/utils/flashFallback.integration.test.ts" name="Flash Fallback Integration &gt; should properly disable simulation state after fallback" time="0.000840374">
            <system-out>
Invalid JSON in log file /home/atmandk/.qwen/tmp/b306d9ff847c120dd7eb00fcebe5f118b9875b09db67ad8f0834aea7a0d8cb8c/logs.json. Backing up and starting fresh. SyntaxError: &quot;undefined&quot; is not valid JSON
    at JSON.parse (&lt;anonymous&gt;)
    at Logger._readLogFile [90m(/home/atmandk/LowCal-dev/packages/core/[39msrc/core/logger.ts:91:31[90m)[39m
    at Logger.initialize [90m(/home/atmandk/LowCal-dev/packages/core/[39msrc/core/logger.ts:155:19[90m)[39m

Backed up corrupted log file to /home/atmandk/.qwen/tmp/b306d9ff847c120dd7eb00fcebe5f118b9875b09db67ad8f0834aea7a0d8cb8c/logs.json.invalid_json.1759344886166.bak

            </system-out>
        </testcase>
    </testsuite>
    <testsuite name="src/utils/generateContentResponseUtilities.test.ts" timestamp="2025-10-01T18:54:56.654Z" hostname="uby" tests="29" failures="0" errors="0" skipped="0" time="0.006961383">
        <testcase classname="src/utils/generateContentResponseUtilities.test.ts" name="generateContentResponseUtilities &gt; getResponseTextFromParts &gt; should return undefined for no parts" time="0.001140539">
        </testcase>
        <testcase classname="src/utils/generateContentResponseUtilities.test.ts" name="generateContentResponseUtilities &gt; getResponseTextFromParts &gt; should extract text from a single text part" time="0.000291138">
        </testcase>
        <testcase classname="src/utils/generateContentResponseUtilities.test.ts" name="generateContentResponseUtilities &gt; getResponseTextFromParts &gt; should concatenate text from multiple text parts" time="0.000122296">
        </testcase>
        <testcase classname="src/utils/generateContentResponseUtilities.test.ts" name="generateContentResponseUtilities &gt; getResponseTextFromParts &gt; should ignore function call parts" time="0.00013025">
        </testcase>
        <testcase classname="src/utils/generateContentResponseUtilities.test.ts" name="generateContentResponseUtilities &gt; getResponseTextFromParts &gt; should return undefined if only function call parts exist" time="0.000090106">
        </testcase>
        <testcase classname="src/utils/generateContentResponseUtilities.test.ts" name="generateContentResponseUtilities &gt; getFunctionCalls &gt; should return undefined for no candidates" time="0.000158954">
        </testcase>
        <testcase classname="src/utils/generateContentResponseUtilities.test.ts" name="generateContentResponseUtilities &gt; getFunctionCalls &gt; should return undefined for empty candidates array" time="0.000058549">
        </testcase>
        <testcase classname="src/utils/generateContentResponseUtilities.test.ts" name="generateContentResponseUtilities &gt; getFunctionCalls &gt; should return undefined for no parts" time="0.0001137">
        </testcase>
        <testcase classname="src/utils/generateContentResponseUtilities.test.ts" name="generateContentResponseUtilities &gt; getFunctionCalls &gt; should extract a single function call" time="0.000548344">
        </testcase>
        <testcase classname="src/utils/generateContentResponseUtilities.test.ts" name="generateContentResponseUtilities &gt; getFunctionCalls &gt; should extract multiple function calls" time="0.00022173">
        </testcase>
        <testcase classname="src/utils/generateContentResponseUtilities.test.ts" name="generateContentResponseUtilities &gt; getFunctionCalls &gt; should ignore text parts" time="0.000130431">
        </testcase>
        <testcase classname="src/utils/generateContentResponseUtilities.test.ts" name="generateContentResponseUtilities &gt; getFunctionCalls &gt; should return undefined if only text parts exist" time="0.00009232">
        </testcase>
        <testcase classname="src/utils/generateContentResponseUtilities.test.ts" name="generateContentResponseUtilities &gt; getFunctionCallsFromParts &gt; should return undefined for no parts" time="0.000117608">
        </testcase>
        <testcase classname="src/utils/generateContentResponseUtilities.test.ts" name="generateContentResponseUtilities &gt; getFunctionCallsFromParts &gt; should extract a single function call" time="0.000114762">
        </testcase>
        <testcase classname="src/utils/generateContentResponseUtilities.test.ts" name="generateContentResponseUtilities &gt; getFunctionCallsFromParts &gt; should extract multiple function calls" time="0.000104704">
        </testcase>
        <testcase classname="src/utils/generateContentResponseUtilities.test.ts" name="generateContentResponseUtilities &gt; getFunctionCallsFromParts &gt; should ignore text parts" time="0.000114632">
        </testcase>
        <testcase classname="src/utils/generateContentResponseUtilities.test.ts" name="generateContentResponseUtilities &gt; getFunctionCallsFromParts &gt; should return undefined if only text parts exist" time="0.000073375">
        </testcase>
        <testcase classname="src/utils/generateContentResponseUtilities.test.ts" name="generateContentResponseUtilities &gt; getFunctionCallsAsJson &gt; should return JSON string of function calls" time="0.00013554">
        </testcase>
        <testcase classname="src/utils/generateContentResponseUtilities.test.ts" name="generateContentResponseUtilities &gt; getFunctionCallsAsJson &gt; should return undefined if no function calls" time="0.000086189">
        </testcase>
        <testcase classname="src/utils/generateContentResponseUtilities.test.ts" name="generateContentResponseUtilities &gt; getFunctionCallsFromPartsAsJson &gt; should return JSON string of function calls from parts" time="0.000127255">
        </testcase>
        <testcase classname="src/utils/generateContentResponseUtilities.test.ts" name="generateContentResponseUtilities &gt; getFunctionCallsFromPartsAsJson &gt; should return undefined if no function calls in parts" time="0.000071281">
        </testcase>
        <testcase classname="src/utils/generateContentResponseUtilities.test.ts" name="generateContentResponseUtilities &gt; getStructuredResponse &gt; should return only text if only text exists" time="0.000495626">
        </testcase>
        <testcase classname="src/utils/generateContentResponseUtilities.test.ts" name="generateContentResponseUtilities &gt; getStructuredResponse &gt; should return only function call JSON if only function calls exist" time="0.000164053">
        </testcase>
        <testcase classname="src/utils/generateContentResponseUtilities.test.ts" name="generateContentResponseUtilities &gt; getStructuredResponse &gt; should return text and function call JSON if both exist" time="0.000118208">
        </testcase>
        <testcase classname="src/utils/generateContentResponseUtilities.test.ts" name="generateContentResponseUtilities &gt; getStructuredResponse &gt; should return undefined if neither text nor function calls exist" time="0.000128838">
        </testcase>
        <testcase classname="src/utils/generateContentResponseUtilities.test.ts" name="generateContentResponseUtilities &gt; getStructuredResponseFromParts &gt; should return only text if only text exists in parts" time="0.000116054">
        </testcase>
        <testcase classname="src/utils/generateContentResponseUtilities.test.ts" name="generateContentResponseUtilities &gt; getStructuredResponseFromParts &gt; should return only function call JSON if only function calls exist in parts" time="0.000128107">
        </testcase>
        <testcase classname="src/utils/generateContentResponseUtilities.test.ts" name="generateContentResponseUtilities &gt; getStructuredResponseFromParts &gt; should return text and function call JSON if both exist in parts" time="0.000092201">
        </testcase>
        <testcase classname="src/utils/generateContentResponseUtilities.test.ts" name="generateContentResponseUtilities &gt; getStructuredResponseFromParts &gt; should return undefined if neither text nor function calls exist in parts" time="0.000115865">
        </testcase>
    </testsuite>
    <testsuite name="src/utils/getFolderStructure.test.ts" timestamp="2025-10-01T18:54:56.655Z" hostname="uby" tests="15" failures="2" errors="0" skipped="0" time="0.093341064">
        <testcase classname="src/utils/getFolderStructure.test.ts" name="getFolderStructure &gt; should return basic folder structure" time="0.012651965">
        </testcase>
        <testcase classname="src/utils/getFolderStructure.test.ts" name="getFolderStructure &gt; should handle an empty folder" time="0.00093042">
        </testcase>
        <testcase classname="src/utils/getFolderStructure.test.ts" name="getFolderStructure &gt; should ignore folders specified in ignoredFolders (default)" time="0.010275942">
            <failure message="expected &apos;Showing up to 20 items (files + folde…&apos; to be &apos;Showing up to 20 items (files + folde…&apos; // Object.is equality" type="AssertionError">
AssertionError: expected &apos;Showing up to 20 items (files + folde…&apos; to be &apos;Showing up to 20 items (files + folde…&apos; // Object.is equality

- Expected
+ Received

@@ -1,6 +1,6 @@
- Showing up to 20 items (files + folders). Folders or files indicated with ... contain more items not shown, were ignored, or the display limit (20 items) was reached.
+ Showing up to 20 items (files + folders). Folders or files indicated with ... contain more items not shown, were ignored, or the display limit (20 items) was reached. Truncated directories to inspect further: node_modules. Consider running /list_directory &lt;path&gt; or /glob for deeper listings.

  /tmp/folder-structure-test-TkMp7q/
  ├───.hiddenfile
  ├───file1.txt
  ├───emptyFolder/

 ❯ src/utils/getFolderStructure.test.ts:82:30
            </failure>
        </testcase>
        <testcase classname="src/utils/getFolderStructure.test.ts" name="getFolderStructure &gt; should ignore folders specified in custom ignoredFolders" time="0.00262815">
            <failure message="expected &apos;Showing up to 20 items (files + folde…&apos; to be &apos;Showing up to 20 items (files + folde…&apos; // Object.is equality" type="AssertionError">
AssertionError: expected &apos;Showing up to 20 items (files + folde…&apos; to be &apos;Showing up to 20 items (files + folde…&apos; // Object.is equality

- Expected
+ Received

@@ -1,6 +1,6 @@
- Showing up to 20 items (files + folders). Folders or files indicated with ... contain more items not shown, were ignored, or the display limit (20 items) was reached.
+ Showing up to 20 items (files + folders). Folders or files indicated with ... contain more items not shown, were ignored, or the display limit (20 items) was reached. Truncated directories to inspect further: node_modules, subfolderA. Consider running /list_directory &lt;path&gt; or /glob for deeper listings.

  /tmp/folder-structure-test-xs35fL/
  ├───.hiddenfile
  ├───file1.txt
  ├───emptyFolder/

 ❯ src/utils/getFolderStructure.test.ts:120:30
            </failure>
        </testcase>
        <testcase classname="src/utils/getFolderStructure.test.ts" name="getFolderStructure &gt; should filter files by fileIncludePattern" time="0.001274116">
        </testcase>
        <testcase classname="src/utils/getFolderStructure.test.ts" name="getFolderStructure &gt; should handle maxItems truncation for files within a folder" time="0.001039372">
        </testcase>
        <testcase classname="src/utils/getFolderStructure.test.ts" name="getFolderStructure &gt; should handle maxItems truncation for subfolders" time="0.002097829">
        </testcase>
        <testcase classname="src/utils/getFolderStructure.test.ts" name="getFolderStructure &gt; should handle maxItems that only allows the root folder itself" time="0.001630124">
        </testcase>
        <testcase classname="src/utils/getFolderStructure.test.ts" name="getFolderStructure &gt; should handle non-existent directory" time="0.002621938">
            <system-err>
Warning: Could not read directory /tmp/folder-structure-test-L8zMD2/non-existent: ENOENT: no such file or directory, scandir &apos;/tmp/folder-structure-test-L8zMD2/non-existent&apos;

            </system-err>
        </testcase>
        <testcase classname="src/utils/getFolderStructure.test.ts" name="getFolderStructure &gt; should handle deep folder structure within limits" time="0.00289347">
        </testcase>
        <testcase classname="src/utils/getFolderStructure.test.ts" name="getFolderStructure &gt; should truncate deep folder structure if maxItems is small" time="0.004041674">
        </testcase>
        <testcase classname="src/utils/getFolderStructure.test.ts" name="getFolderStructure &gt; with gitignore &gt; should ignore files and folders specified in .gitignore" time="0.011855092">
        </testcase>
        <testcase classname="src/utils/getFolderStructure.test.ts" name="getFolderStructure &gt; with gitignore &gt; should not ignore files if respectGitIgnore is false" time="0.029723434">
        </testcase>
        <testcase classname="src/utils/getFolderStructure.test.ts" name="getFolderStructure &gt; with geminiignore &gt; should ignore geminiignore files by default" time="0.005539033">
        </testcase>
        <testcase classname="src/utils/getFolderStructure.test.ts" name="getFolderStructure &gt; with geminiignore &gt; should not ignore files if respectGeminiIgnore is false" time="0.001986955">
        </testcase>
    </testsuite>
    <testsuite name="src/utils/gitIgnoreParser.test.ts" timestamp="2025-10-01T18:54:56.656Z" hostname="uby" tests="18" failures="0" errors="0" skipped="0" time="0.046221361">
        <testcase classname="src/utils/gitIgnoreParser.test.ts" name="GitIgnoreParser &gt; initialization &gt; should initialize without errors when no .gitignore exists" time="0.007138641">
        </testcase>
        <testcase classname="src/utils/gitIgnoreParser.test.ts" name="GitIgnoreParser &gt; initialization &gt; should load .gitignore patterns when file exists" time="0.004103278">
        </testcase>
        <testcase classname="src/utils/gitIgnoreParser.test.ts" name="GitIgnoreParser &gt; initialization &gt; should handle git exclude file" time="0.015570272">
        </testcase>
        <testcase classname="src/utils/gitIgnoreParser.test.ts" name="GitIgnoreParser &gt; initialization &gt; should handle custom patterns file name" time="0.001787616">
        </testcase>
        <testcase classname="src/utils/gitIgnoreParser.test.ts" name="GitIgnoreParser &gt; initialization &gt; should initialize without errors when no .qwenignore exists" time="0.000543945">
        </testcase>
        <testcase classname="src/utils/gitIgnoreParser.test.ts" name="GitIgnoreParser &gt; isIgnored &gt; should always ignore .git directory" time="0.001463026">
        </testcase>
        <testcase classname="src/utils/gitIgnoreParser.test.ts" name="GitIgnoreParser &gt; isIgnored &gt; should ignore files matching patterns" time="0.001223863">
        </testcase>
        <testcase classname="src/utils/gitIgnoreParser.test.ts" name="GitIgnoreParser &gt; isIgnored &gt; should ignore files with path-specific patterns" time="0.0014063">
        </testcase>
        <testcase classname="src/utils/gitIgnoreParser.test.ts" name="GitIgnoreParser &gt; isIgnored &gt; should handle negation patterns" time="0.001397595">
        </testcase>
        <testcase classname="src/utils/gitIgnoreParser.test.ts" name="GitIgnoreParser &gt; isIgnored &gt; should not ignore files that do not match patterns" time="0.001572297">
        </testcase>
        <testcase classname="src/utils/gitIgnoreParser.test.ts" name="GitIgnoreParser &gt; isIgnored &gt; should handle absolute paths correctly" time="0.000758813">
        </testcase>
        <testcase classname="src/utils/gitIgnoreParser.test.ts" name="GitIgnoreParser &gt; isIgnored &gt; should handle paths outside project root by not ignoring them" time="0.000666202">
        </testcase>
        <testcase classname="src/utils/gitIgnoreParser.test.ts" name="GitIgnoreParser &gt; isIgnored &gt; should handle relative paths correctly" time="0.001003045">
        </testcase>
        <testcase classname="src/utils/gitIgnoreParser.test.ts" name="GitIgnoreParser &gt; isIgnored &gt; should normalize path separators on Windows" time="0.00077856">
        </testcase>
        <testcase classname="src/utils/gitIgnoreParser.test.ts" name="GitIgnoreParser &gt; isIgnored &gt; should handle root path &quot;/&quot; without throwing error" time="0.000804157">
        </testcase>
        <testcase classname="src/utils/gitIgnoreParser.test.ts" name="GitIgnoreParser &gt; isIgnored &gt; should handle absolute-like paths without throwing error" time="0.001287912">
        </testcase>
        <testcase classname="src/utils/gitIgnoreParser.test.ts" name="GitIgnoreParser &gt; isIgnored &gt; should handle paths that start with forward slash" time="0.001441225">
        </testcase>
        <testcase classname="src/utils/gitIgnoreParser.test.ts" name="GitIgnoreParser &gt; getIgnoredPatterns &gt; should return the raw patterns added" time="0.000911997">
        </testcase>
    </testsuite>
    <testsuite name="src/utils/ignorePatterns.test.ts" timestamp="2025-10-01T18:54:56.656Z" hostname="uby" tests="28" failures="0" errors="0" skipped="0" time="0.00940411">
        <testcase classname="src/utils/ignorePatterns.test.ts" name="FileExclusions &gt; getCoreIgnorePatterns &gt; should return basic ignore patterns" time="0.00241757">
        </testcase>
        <testcase classname="src/utils/ignorePatterns.test.ts" name="FileExclusions &gt; getDefaultExcludePatterns &gt; should return comprehensive patterns by default" time="0.000558072">
        </testcase>
        <testcase classname="src/utils/ignorePatterns.test.ts" name="FileExclusions &gt; getDefaultExcludePatterns &gt; should respect includeDefaults option" time="0.000257576">
        </testcase>
        <testcase classname="src/utils/ignorePatterns.test.ts" name="FileExclusions &gt; getDefaultExcludePatterns &gt; should include custom patterns" time="0.000108862">
        </testcase>
        <testcase classname="src/utils/ignorePatterns.test.ts" name="FileExclusions &gt; getDefaultExcludePatterns &gt; should include runtime patterns" time="0.000076562">
        </testcase>
        <testcase classname="src/utils/ignorePatterns.test.ts" name="FileExclusions &gt; getDefaultExcludePatterns &gt; should respect includeDynamicPatterns option" time="0.000084917">
        </testcase>
        <testcase classname="src/utils/ignorePatterns.test.ts" name="FileExclusions &gt; getReadManyFilesExcludes &gt; should provide legacy compatibility" time="0.000131864">
        </testcase>
        <testcase classname="src/utils/ignorePatterns.test.ts" name="FileExclusions &gt; getGlobExcludes &gt; should return core patterns for glob operations" time="0.0001948">
        </testcase>
        <testcase classname="src/utils/ignorePatterns.test.ts" name="FileExclusions &gt; getGlobExcludes &gt; should include additional excludes" time="0.000119511">
        </testcase>
        <testcase classname="src/utils/ignorePatterns.test.ts" name="FileExclusions &gt; with Config &gt; should use config custom excludes when available" time="0.000328959">
        </testcase>
        <testcase classname="src/utils/ignorePatterns.test.ts" name="FileExclusions &gt; with Config &gt; should handle config without getCustomExcludes method" time="0.000133687">
        </testcase>
        <testcase classname="src/utils/ignorePatterns.test.ts" name="FileExclusions &gt; with Config &gt; should include config custom excludes in glob patterns" time="0.001022611">
        </testcase>
        <testcase classname="src/utils/ignorePatterns.test.ts" name="FileExclusions &gt; buildExcludePatterns &gt; should be an alias for getDefaultExcludePatterns" time="0.000832259">
        </testcase>
        <testcase classname="src/utils/ignorePatterns.test.ts" name="BINARY_EXTENSIONS &gt; should include common binary file extensions" time="0.000223694">
        </testcase>
        <testcase classname="src/utils/ignorePatterns.test.ts" name="BINARY_EXTENSIONS &gt; should include additional binary extensions" time="0.000105435">
        </testcase>
        <testcase classname="src/utils/ignorePatterns.test.ts" name="BINARY_EXTENSIONS &gt; should include media file extensions" time="0.000127065">
        </testcase>
        <testcase classname="src/utils/ignorePatterns.test.ts" name="BINARY_EXTENSIONS &gt; should be sorted" time="0.000133056">
        </testcase>
        <testcase classname="src/utils/ignorePatterns.test.ts" name="BINARY_EXTENSIONS &gt; should not contain invalid extensions from brace patterns" time="0.000171768">
        </testcase>
        <testcase classname="src/utils/ignorePatterns.test.ts" name="extractExtensionsFromPatterns &gt; should extract simple extensions" time="0.000136743">
        </testcase>
        <testcase classname="src/utils/ignorePatterns.test.ts" name="extractExtensionsFromPatterns &gt; should handle brace expansion patterns" time="0.000246315">
        </testcase>
        <testcase classname="src/utils/ignorePatterns.test.ts" name="extractExtensionsFromPatterns &gt; should combine simple and brace expansion patterns" time="0.000176306">
        </testcase>
        <testcase classname="src/utils/ignorePatterns.test.ts" name="extractExtensionsFromPatterns &gt; should handle empty brace expansion" time="0.000119261">
        </testcase>
        <testcase classname="src/utils/ignorePatterns.test.ts" name="extractExtensionsFromPatterns &gt; should ignore invalid patterns" time="0.000092942">
        </testcase>
        <testcase classname="src/utils/ignorePatterns.test.ts" name="extractExtensionsFromPatterns &gt; should remove duplicates and sort results" time="0.000068106">
        </testcase>
        <testcase classname="src/utils/ignorePatterns.test.ts" name="extractExtensionsFromPatterns &gt; should handle complex brace patterns with multiple extensions" time="0.000049712">
        </testcase>
        <testcase classname="src/utils/ignorePatterns.test.ts" name="extractExtensionsFromPatterns &gt; should handle compound extensions correctly using path.extname" time="0.000038401">
        </testcase>
        <testcase classname="src/utils/ignorePatterns.test.ts" name="extractExtensionsFromPatterns &gt; should handle dotfiles correctly" time="0.000052978">
        </testcase>
        <testcase classname="src/utils/ignorePatterns.test.ts" name="extractExtensionsFromPatterns &gt; should handle edge cases with path.extname" time="0.000036577">
        </testcase>
    </testsuite>
    <testsuite name="src/utils/installationManager.test.ts" timestamp="2025-10-01T18:54:56.657Z" hostname="uby" tests="4" failures="0" errors="0" skipped="0" time="0.006985557">
        <testcase classname="src/utils/installationManager.test.ts" name="InstallationManager &gt; getInstallationId &gt; should create and write a new installation ID if one does not exist" time="0.003435764">
        </testcase>
        <testcase classname="src/utils/installationManager.test.ts" name="InstallationManager &gt; getInstallationId &gt; should read an existing installation ID from a file" time="0.000851915">
        </testcase>
        <testcase classname="src/utils/installationManager.test.ts" name="InstallationManager &gt; getInstallationId &gt; should return the same ID on subsequent calls" time="0.000465511">
        </testcase>
        <testcase classname="src/utils/installationManager.test.ts" name="InstallationManager &gt; getInstallationId &gt; should handle read errors and return a fallback ID" time="0.000764042">
        </testcase>
    </testsuite>
    <testsuite name="src/utils/memoryDiscovery.test.ts" timestamp="2025-10-01T18:54:56.657Z" hostname="uby" tests="14" failures="0" errors="0" skipped="0" time="0.095573822">
        <testcase classname="src/utils/memoryDiscovery.test.ts" name="loadServerHierarchicalMemory &gt; should return empty memory and count if no context files are found" time="0.007794955">
        </testcase>
        <testcase classname="src/utils/memoryDiscovery.test.ts" name="loadServerHierarchicalMemory &gt; should load only the global context file if present and others are not (default filename)" time="0.015031416">
        </testcase>
        <testcase classname="src/utils/memoryDiscovery.test.ts" name="loadServerHierarchicalMemory &gt; should load only the global custom context file if present and filename is changed" time="0.005221646">
        </testcase>
        <testcase classname="src/utils/memoryDiscovery.test.ts" name="loadServerHierarchicalMemory &gt; should load context files by upward traversal with custom filename" time="0.003450931">
        </testcase>
        <testcase classname="src/utils/memoryDiscovery.test.ts" name="loadServerHierarchicalMemory &gt; should load context files by downward traversal with custom filename" time="0.006364008">
        </testcase>
        <testcase classname="src/utils/memoryDiscovery.test.ts" name="loadServerHierarchicalMemory &gt; should load ORIGINAL_GEMINI_MD_FILENAME files by upward traversal from CWD to project root" time="0.005433087">
        </testcase>
        <testcase classname="src/utils/memoryDiscovery.test.ts" name="loadServerHierarchicalMemory &gt; should load ORIGINAL_GEMINI_MD_FILENAME files by downward traversal from CWD" time="0.005640451">
        </testcase>
        <testcase classname="src/utils/memoryDiscovery.test.ts" name="loadServerHierarchicalMemory &gt; should load and correctly order global, upward, and downward ORIGINAL_GEMINI_MD_FILENAME files" time="0.006027886">
        </testcase>
        <testcase classname="src/utils/memoryDiscovery.test.ts" name="loadServerHierarchicalMemory &gt; should ignore specified directories during downward scan" time="0.005197631">
        </testcase>
        <testcase classname="src/utils/memoryDiscovery.test.ts" name="loadServerHierarchicalMemory &gt; should respect the maxDirs parameter during downward scan" time="0.015588185">
        </testcase>
        <testcase classname="src/utils/memoryDiscovery.test.ts" name="loadServerHierarchicalMemory &gt; should load extension context file paths" time="0.003837496">
        </testcase>
        <testcase classname="src/utils/memoryDiscovery.test.ts" name="loadServerHierarchicalMemory &gt; should load memory from included directories" time="0.006214161">
        </testcase>
        <testcase classname="src/utils/memoryDiscovery.test.ts" name="loadServerHierarchicalMemory &gt; should handle multiple directories and files in parallel correctly" time="0.004930106">
        </testcase>
        <testcase classname="src/utils/memoryDiscovery.test.ts" name="loadServerHierarchicalMemory &gt; should preserve order and prevent duplicates when processing multiple directories" time="0.002944334">
        </testcase>
    </testsuite>
    <testsuite name="src/utils/memoryImportProcessor.test.ts" timestamp="2025-10-01T18:54:56.658Z" hostname="uby" tests="23" failures="0" errors="0" skipped="0" time="0.032052731">
        <testcase classname="src/utils/memoryImportProcessor.test.ts" name="memoryImportProcessor &gt; processImports &gt; should process basic md file imports" time="0.013554985">
        </testcase>
        <testcase classname="src/utils/memoryImportProcessor.test.ts" name="memoryImportProcessor &gt; processImports &gt; should import non-md files just like md files" time="0.00134692">
        </testcase>
        <testcase classname="src/utils/memoryImportProcessor.test.ts" name="memoryImportProcessor &gt; processImports &gt; should handle circular imports" time="0.000742603">
        </testcase>
        <testcase classname="src/utils/memoryImportProcessor.test.ts" name="memoryImportProcessor &gt; processImports &gt; should handle file not found errors" time="0.000727045">
        </testcase>
        <testcase classname="src/utils/memoryImportProcessor.test.ts" name="memoryImportProcessor &gt; processImports &gt; should respect max depth limit" time="0.000515744">
        </testcase>
        <testcase classname="src/utils/memoryImportProcessor.test.ts" name="memoryImportProcessor &gt; processImports &gt; should handle nested imports recursively" time="0.000773731">
        </testcase>
        <testcase classname="src/utils/memoryImportProcessor.test.ts" name="memoryImportProcessor &gt; processImports &gt; should handle absolute paths in imports" time="0.000449461">
        </testcase>
        <testcase classname="src/utils/memoryImportProcessor.test.ts" name="memoryImportProcessor &gt; processImports &gt; should handle multiple imports in same content" time="0.000499894">
        </testcase>
        <testcase classname="src/utils/memoryImportProcessor.test.ts" name="memoryImportProcessor &gt; processImports &gt; should ignore imports inside code blocks" time="0.000997004">
        </testcase>
        <testcase classname="src/utils/memoryImportProcessor.test.ts" name="memoryImportProcessor &gt; processImports &gt; should ignore imports inside inline code" time="0.000737654">
        </testcase>
        <testcase classname="src/utils/memoryImportProcessor.test.ts" name="memoryImportProcessor &gt; processImports &gt; should handle nested tokens and non-unique content correctly" time="0.001354254">
        </testcase>
        <testcase classname="src/utils/memoryImportProcessor.test.ts" name="memoryImportProcessor &gt; processImports &gt; should allow imports from parent and subdirectories within project root" time="0.000646386">
        </testcase>
        <testcase classname="src/utils/memoryImportProcessor.test.ts" name="memoryImportProcessor &gt; processImports &gt; should reject imports outside project root" time="0.000377609">
        </testcase>
        <testcase classname="src/utils/memoryImportProcessor.test.ts" name="memoryImportProcessor &gt; processImports &gt; should build import tree structure" time="0.001811139">
        </testcase>
        <testcase classname="src/utils/memoryImportProcessor.test.ts" name="memoryImportProcessor &gt; processImports &gt; should produce flat output in Claude-style with unique files in order" time="0.001289234">
        </testcase>
        <testcase classname="src/utils/memoryImportProcessor.test.ts" name="memoryImportProcessor &gt; processImports &gt; should not duplicate files in flat output if imported multiple times" time="0.000568161">
        </testcase>
        <testcase classname="src/utils/memoryImportProcessor.test.ts" name="memoryImportProcessor &gt; processImports &gt; should handle nested imports in flat output" time="0.00204967">
        </testcase>
        <testcase classname="src/utils/memoryImportProcessor.test.ts" name="memoryImportProcessor &gt; validateImportPath &gt; should reject URLs" time="0.000392425">
        </testcase>
        <testcase classname="src/utils/memoryImportProcessor.test.ts" name="memoryImportProcessor &gt; validateImportPath &gt; should allow paths within allowed directories" time="0.000293092">
        </testcase>
        <testcase classname="src/utils/memoryImportProcessor.test.ts" name="memoryImportProcessor &gt; validateImportPath &gt; should reject paths outside allowed directories" time="0.00028143">
        </testcase>
        <testcase classname="src/utils/memoryImportProcessor.test.ts" name="memoryImportProcessor &gt; validateImportPath &gt; should handle multiple allowed directories" time="0.000352561">
        </testcase>
        <testcase classname="src/utils/memoryImportProcessor.test.ts" name="memoryImportProcessor &gt; validateImportPath &gt; should handle relative paths correctly" time="0.00031386">
        </testcase>
        <testcase classname="src/utils/memoryImportProcessor.test.ts" name="memoryImportProcessor &gt; validateImportPath &gt; should handle absolute paths correctly" time="0.000386545">
        </testcase>
    </testsuite>
    <testsuite name="src/utils/nextSpeakerChecker.test.ts" timestamp="2025-10-01T18:54:56.658Z" hostname="uby" tests="10" failures="0" errors="0" skipped="0" time="0.02841277">
        <testcase classname="src/utils/nextSpeakerChecker.test.ts" name="checkNextSpeaker &gt; should return null if history is empty" time="0.005198984">
        </testcase>
        <testcase classname="src/utils/nextSpeakerChecker.test.ts" name="checkNextSpeaker &gt; should return null if the last speaker was the user" time="0.002398685">
        </testcase>
        <testcase classname="src/utils/nextSpeakerChecker.test.ts" name="checkNextSpeaker &gt; should return { next_speaker: &apos;model&apos; } when model intends to continue" time="0.002543774">
        </testcase>
        <testcase classname="src/utils/nextSpeakerChecker.test.ts" name="checkNextSpeaker &gt; should return { next_speaker: &apos;user&apos; } when model asks a question" time="0.002804636">
        </testcase>
        <testcase classname="src/utils/nextSpeakerChecker.test.ts" name="checkNextSpeaker &gt; should return { next_speaker: &apos;user&apos; } when model makes a statement" time="0.002185932">
        </testcase>
        <testcase classname="src/utils/nextSpeakerChecker.test.ts" name="checkNextSpeaker &gt; should return null if geminiClient.generateJson throws an error" time="0.001911044">
        </testcase>
        <testcase classname="src/utils/nextSpeakerChecker.test.ts" name="checkNextSpeaker &gt; should return null if geminiClient.generateJson returns invalid JSON (missing next_speaker)" time="0.00168168">
        </testcase>
        <testcase classname="src/utils/nextSpeakerChecker.test.ts" name="checkNextSpeaker &gt; should return null if geminiClient.generateJson returns a non-string next_speaker" time="0.003397623">
        </testcase>
        <testcase classname="src/utils/nextSpeakerChecker.test.ts" name="checkNextSpeaker &gt; should return null if geminiClient.generateJson returns an invalid next_speaker string value" time="0.001945017">
        </testcase>
        <testcase classname="src/utils/nextSpeakerChecker.test.ts" name="checkNextSpeaker &gt; should call generateJson with DEFAULT_QWEN_FLASH_MODEL" time="0.00299569">
        </testcase>
    </testsuite>
    <testsuite name="src/utils/partUtils.test.ts" timestamp="2025-10-01T18:54:56.659Z" hostname="uby" tests="37" failures="0" errors="0" skipped="0" time="0.00850699">
        <testcase classname="src/utils/partUtils.test.ts" name="partUtils &gt; partToString (default behavior) &gt; should return empty string for undefined or null" time="0.001085587">
        </testcase>
        <testcase classname="src/utils/partUtils.test.ts" name="partUtils &gt; partToString (default behavior) &gt; should return string input unchanged" time="0.00012481">
        </testcase>
        <testcase classname="src/utils/partUtils.test.ts" name="partUtils &gt; partToString (default behavior) &gt; should concatenate strings from an array" time="0.000099273">
        </testcase>
        <testcase classname="src/utils/partUtils.test.ts" name="partUtils &gt; partToString (default behavior) &gt; should return text property when provided a text part" time="0.000076431">
        </testcase>
        <testcase classname="src/utils/partUtils.test.ts" name="partUtils &gt; partToString (default behavior) &gt; should return empty string for non-text parts" time="0.000100536">
        </testcase>
        <testcase classname="src/utils/partUtils.test.ts" name="partUtils &gt; partToString (verbose) &gt; should return empty string for undefined or null" time="0.000117597">
        </testcase>
        <testcase classname="src/utils/partUtils.test.ts" name="partUtils &gt; partToString (verbose) &gt; should return string input unchanged" time="0.000065641">
        </testcase>
        <testcase classname="src/utils/partUtils.test.ts" name="partUtils &gt; partToString (verbose) &gt; should join parts if the value is an array" time="0.000077714">
        </testcase>
        <testcase classname="src/utils/partUtils.test.ts" name="partUtils &gt; partToString (verbose) &gt; should return the text property if the part is an object with text" time="0.000077654">
        </testcase>
        <testcase classname="src/utils/partUtils.test.ts" name="partUtils &gt; partToString (verbose) &gt; should return descriptive string for videoMetadata part" time="0.00007003">
        </testcase>
        <testcase classname="src/utils/partUtils.test.ts" name="partUtils &gt; partToString (verbose) &gt; should return descriptive string for thought part" time="0.000090468">
        </testcase>
        <testcase classname="src/utils/partUtils.test.ts" name="partUtils &gt; partToString (verbose) &gt; should return descriptive string for codeExecutionResult part" time="0.000096418">
        </testcase>
        <testcase classname="src/utils/partUtils.test.ts" name="partUtils &gt; partToString (verbose) &gt; should return descriptive string for executableCode part" time="0.000077614">
        </testcase>
        <testcase classname="src/utils/partUtils.test.ts" name="partUtils &gt; partToString (verbose) &gt; should return descriptive string for fileData part" time="0.000067866">
        </testcase>
        <testcase classname="src/utils/partUtils.test.ts" name="partUtils &gt; partToString (verbose) &gt; should return descriptive string for functionCall part" time="0.000063608">
        </testcase>
        <testcase classname="src/utils/partUtils.test.ts" name="partUtils &gt; partToString (verbose) &gt; should return descriptive string for functionResponse part" time="0.000083465">
        </testcase>
        <testcase classname="src/utils/partUtils.test.ts" name="partUtils &gt; partToString (verbose) &gt; should return descriptive string for inlineData part" time="0.00007535">
        </testcase>
        <testcase classname="src/utils/partUtils.test.ts" name="partUtils &gt; partToString (verbose) &gt; should return an empty string for an unknown part type" time="0.000057877">
        </testcase>
        <testcase classname="src/utils/partUtils.test.ts" name="partUtils &gt; partToString (verbose) &gt; should handle complex nested arrays with various part types" time="0.000099925">
        </testcase>
        <testcase classname="src/utils/partUtils.test.ts" name="partUtils &gt; getResponseText &gt; should return null when no candidates exist" time="0.000213054">
        </testcase>
        <testcase classname="src/utils/partUtils.test.ts" name="partUtils &gt; getResponseText &gt; should return concatenated text from first candidate" time="0.000078545">
        </testcase>
        <testcase classname="src/utils/partUtils.test.ts" name="partUtils &gt; getResponseText &gt; should ignore parts without text" time="0.000044692">
        </testcase>
        <testcase classname="src/utils/partUtils.test.ts" name="partUtils &gt; getResponseText &gt; should return null when candidate has no parts" time="0.000040185">
        </testcase>
        <testcase classname="src/utils/partUtils.test.ts" name="partUtils &gt; getResponseText &gt; should return null if the first candidate has no content property" time="0.000040375">
        </testcase>
        <testcase classname="src/utils/partUtils.test.ts" name="partUtils &gt; flatMapTextParts &gt; should return an empty array for empty input" time="0.000464438">
        </testcase>
        <testcase classname="src/utils/partUtils.test.ts" name="partUtils &gt; flatMapTextParts &gt; should transform a simple string input" time="0.00015691">
        </testcase>
        <testcase classname="src/utils/partUtils.test.ts" name="partUtils &gt; flatMapTextParts &gt; should transform a single text part object" time="0.00009729">
        </testcase>
        <testcase classname="src/utils/partUtils.test.ts" name="partUtils &gt; flatMapTextParts &gt; should transform an array of text parts and flatten the result" time="0.000155107">
        </testcase>
        <testcase classname="src/utils/partUtils.test.ts" name="partUtils &gt; flatMapTextParts &gt; should pass through non-text parts unmodified" time="0.000118589">
        </testcase>
        <testcase classname="src/utils/partUtils.test.ts" name="partUtils &gt; flatMapTextParts &gt; should handle a mix of text and non-text parts in an array" time="0.001822981">
        </testcase>
        <testcase classname="src/utils/partUtils.test.ts" name="partUtils &gt; flatMapTextParts &gt; should handle a transform that returns an empty array" time="0.000296257">
        </testcase>
        <testcase classname="src/utils/partUtils.test.ts" name="partUtils &gt; appendToLastTextPart &gt; should append to an empty prompt" time="0.000211641">
        </testcase>
        <testcase classname="src/utils/partUtils.test.ts" name="partUtils &gt; appendToLastTextPart &gt; should append to a prompt with a string as the last part" time="0.000113771">
        </testcase>
        <testcase classname="src/utils/partUtils.test.ts" name="partUtils &gt; appendToLastTextPart &gt; should append to a prompt with a text part object as the last part" time="0.000107679">
        </testcase>
        <testcase classname="src/utils/partUtils.test.ts" name="partUtils &gt; appendToLastTextPart &gt; should append a new text part if the last part is not a text part" time="0.000094114">
        </testcase>
        <testcase classname="src/utils/partUtils.test.ts" name="partUtils &gt; appendToLastTextPart &gt; should not append anything if the text to append is empty" time="0.000075991">
        </testcase>
        <testcase classname="src/utils/partUtils.test.ts" name="partUtils &gt; appendToLastTextPart &gt; should use a custom separator" time="0.000076963">
        </testcase>
    </testsuite>
    <testsuite name="src/utils/pathReader.test.ts" timestamp="2025-10-01T18:54:56.660Z" hostname="uby" tests="16" failures="0" errors="0" skipped="0" time="0.061329249">
        <testcase classname="src/utils/pathReader.test.ts" name="readPathFromWorkspace &gt; should read a text file from the CWD" time="0.010393028">
        </testcase>
        <testcase classname="src/utils/pathReader.test.ts" name="readPathFromWorkspace &gt; should read a file from a secondary workspace directory" time="0.001327424">
        </testcase>
        <testcase classname="src/utils/pathReader.test.ts" name="readPathFromWorkspace &gt; should prioritize CWD when file exists in both CWD and secondary dir" time="0.000755918">
        </testcase>
        <testcase classname="src/utils/pathReader.test.ts" name="readPathFromWorkspace &gt; should read an image file and return it as inlineData (Part object)" time="0.000644562">
        </testcase>
        <testcase classname="src/utils/pathReader.test.ts" name="readPathFromWorkspace &gt; should read a generic binary file and return an info string" time="0.000406401">
        </testcase>
        <testcase classname="src/utils/pathReader.test.ts" name="readPathFromWorkspace &gt; should read a file from an absolute path if within workspace" time="0.000840965">
        </testcase>
        <testcase classname="src/utils/pathReader.test.ts" name="readPathFromWorkspace &gt; Directory Expansion &gt; should expand a directory and read the content of its files" time="0.007912672">
        </testcase>
        <testcase classname="src/utils/pathReader.test.ts" name="readPathFromWorkspace &gt; Directory Expansion &gt; should recursively expand a directory and read all nested files" time="0.001758232">
        </testcase>
        <testcase classname="src/utils/pathReader.test.ts" name="readPathFromWorkspace &gt; Directory Expansion &gt; should handle mixed content and include files from subdirectories" time="0.001877292">
        </testcase>
        <testcase classname="src/utils/pathReader.test.ts" name="readPathFromWorkspace &gt; Directory Expansion &gt; should handle an empty directory" time="0.000959875">
        </testcase>
        <testcase classname="src/utils/pathReader.test.ts" name="readPathFromWorkspace &gt; File Ignoring &gt; should return an empty array for an ignored file" time="0.001318988">
        </testcase>
        <testcase classname="src/utils/pathReader.test.ts" name="readPathFromWorkspace &gt; File Ignoring &gt; should not read ignored files when expanding a directory" time="0.001086078">
        </testcase>
        <testcase classname="src/utils/pathReader.test.ts" name="readPathFromWorkspace &gt; should throw an error for an absolute path outside the workspace" time="0.001529078">
        </testcase>
        <testcase classname="src/utils/pathReader.test.ts" name="readPathFromWorkspace &gt; should throw an error if a relative path is not found anywhere" time="0.000445634">
        </testcase>
        <testcase classname="src/utils/pathReader.test.ts" name="readPathFromWorkspace &gt; should return an error string if reading a file with no permissions" time="0.002325129">
            <system-err>
Failed to check if file is binary: /test/cwd/unreadable.txt EACCES, permission denied &apos;/test/cwd/unreadable.txt&apos;

            </system-err>
        </testcase>
        <testcase classname="src/utils/pathReader.test.ts" name="readPathFromWorkspace &gt; should return an error string for files exceeding the size limit" time="0.026185321">
        </testcase>
    </testsuite>
    <testsuite name="src/utils/paths.test.ts" timestamp="2025-10-01T18:54:56.660Z" hostname="uby" tests="55" failures="0" errors="0" skipped="0" time="0.006713845">
        <testcase classname="src/utils/paths.test.ts" name="escapePath &gt; should escape spaces" time="0.001137994">
        </testcase>
        <testcase classname="src/utils/paths.test.ts" name="escapePath &gt; should escape tabs" time="0.000111216">
        </testcase>
        <testcase classname="src/utils/paths.test.ts" name="escapePath &gt; should escape parentheses" time="0.000056745">
        </testcase>
        <testcase classname="src/utils/paths.test.ts" name="escapePath &gt; should escape square brackets" time="0.000043941">
        </testcase>
        <testcase classname="src/utils/paths.test.ts" name="escapePath &gt; should escape curly braces" time="0.000047447">
        </testcase>
        <testcase classname="src/utils/paths.test.ts" name="escapePath &gt; should escape semicolons" time="0.000045775">
        </testcase>
        <testcase classname="src/utils/paths.test.ts" name="escapePath &gt; should escape ampersands" time="0.000038071">
        </testcase>
        <testcase classname="src/utils/paths.test.ts" name="escapePath &gt; should escape pipes" time="0.000045614">
        </testcase>
        <testcase classname="src/utils/paths.test.ts" name="escapePath &gt; should escape asterisks" time="0.000048891">
        </testcase>
        <testcase classname="src/utils/paths.test.ts" name="escapePath &gt; should escape question marks" time="0.000037109">
        </testcase>
        <testcase classname="src/utils/paths.test.ts" name="escapePath &gt; should escape dollar signs" time="0.000038611">
        </testcase>
        <testcase classname="src/utils/paths.test.ts" name="escapePath &gt; should escape backticks" time="0.000035495">
        </testcase>
        <testcase classname="src/utils/paths.test.ts" name="escapePath &gt; should escape single quotes" time="0.000036618">
        </testcase>
        <testcase classname="src/utils/paths.test.ts" name="escapePath &gt; should escape double quotes" time="0.000036117">
        </testcase>
        <testcase classname="src/utils/paths.test.ts" name="escapePath &gt; should escape hash symbols" time="0.000036427">
        </testcase>
        <testcase classname="src/utils/paths.test.ts" name="escapePath &gt; should escape exclamation marks" time="0.00005419">
        </testcase>
        <testcase classname="src/utils/paths.test.ts" name="escapePath &gt; should escape tildes" time="0.000053358">
        </testcase>
        <testcase classname="src/utils/paths.test.ts" name="escapePath &gt; should escape less than and greater than signs" time="0.000040284">
        </testcase>
        <testcase classname="src/utils/paths.test.ts" name="escapePath &gt; should handle multiple special characters" time="0.000058047">
        </testcase>
        <testcase classname="src/utils/paths.test.ts" name="escapePath &gt; should not double-escape already escaped characters" time="0.000053479">
        </testcase>
        <testcase classname="src/utils/paths.test.ts" name="escapePath &gt; should handle escaped backslashes correctly" time="0.000092852">
        </testcase>
        <testcase classname="src/utils/paths.test.ts" name="escapePath &gt; should handle complex escaped backslash scenarios" time="0.000068066">
        </testcase>
        <testcase classname="src/utils/paths.test.ts" name="escapePath &gt; should handle paths without special characters" time="0.000058669">
        </testcase>
        <testcase classname="src/utils/paths.test.ts" name="escapePath &gt; should handle complex real-world examples" time="0.000049662">
        </testcase>
        <testcase classname="src/utils/paths.test.ts" name="escapePath &gt; should handle empty strings" time="0.000025197">
        </testcase>
        <testcase classname="src/utils/paths.test.ts" name="escapePath &gt; should handle paths with only special characters" time="0.000028953">
        </testcase>
        <testcase classname="src/utils/paths.test.ts" name="unescapePath &gt; should unescape spaces" time="0.000179061">
        </testcase>
        <testcase classname="src/utils/paths.test.ts" name="unescapePath &gt; should unescape tabs" time="0.000079687">
        </testcase>
        <testcase classname="src/utils/paths.test.ts" name="unescapePath &gt; should unescape parentheses" time="0.000063958">
        </testcase>
        <testcase classname="src/utils/paths.test.ts" name="unescapePath &gt; should unescape square brackets" time="0.000055843">
        </testcase>
        <testcase classname="src/utils/paths.test.ts" name="unescapePath &gt; should unescape curly braces" time="0.000059249">
        </testcase>
        <testcase classname="src/utils/paths.test.ts" name="unescapePath &gt; should unescape multiple special characters" time="0.000051275">
        </testcase>
        <testcase classname="src/utils/paths.test.ts" name="unescapePath &gt; should handle paths without escaped characters" time="0.000065421">
        </testcase>
        <testcase classname="src/utils/paths.test.ts" name="unescapePath &gt; should handle all special characters" time="0.000061844">
        </testcase>
        <testcase classname="src/utils/paths.test.ts" name="unescapePath &gt; should be the inverse of escapePath" time="0.000195452">
        </testcase>
        <testcase classname="src/utils/paths.test.ts" name="unescapePath &gt; should handle empty strings" time="0.000061083">
        </testcase>
        <testcase classname="src/utils/paths.test.ts" name="unescapePath &gt; should not affect backslashes not followed by special characters" time="0.000066843">
        </testcase>
        <testcase classname="src/utils/paths.test.ts" name="unescapePath &gt; should handle escaped backslashes in unescaping" time="0.000082493">
        </testcase>
        <testcase classname="src/utils/paths.test.ts" name="isSubpath &gt; should return true for a direct subpath" time="0.000146251">
        </testcase>
        <testcase classname="src/utils/paths.test.ts" name="isSubpath &gt; should return true for the same path" time="0.000077814">
        </testcase>
        <testcase classname="src/utils/paths.test.ts" name="isSubpath &gt; should return false for a parent path" time="0.000067725">
        </testcase>
        <testcase classname="src/utils/paths.test.ts" name="isSubpath &gt; should return false for a completely different path" time="0.000061123">
        </testcase>
        <testcase classname="src/utils/paths.test.ts" name="isSubpath &gt; should handle relative paths" time="0.000136412">
        </testcase>
        <testcase classname="src/utils/paths.test.ts" name="isSubpath &gt; should handle paths with .." time="0.000086881">
        </testcase>
        <testcase classname="src/utils/paths.test.ts" name="isSubpath &gt; should handle root paths" time="0.000102089">
        </testcase>
        <testcase classname="src/utils/paths.test.ts" name="isSubpath &gt; should handle trailing slashes" time="0.000089014">
        </testcase>
        <testcase classname="src/utils/paths.test.ts" name="isSubpath on Windows &gt; should return true for a direct subpath on Windows" time="0.000160256">
        </testcase>
        <testcase classname="src/utils/paths.test.ts" name="isSubpath on Windows &gt; should return true for the same path on Windows" time="0.000076281">
        </testcase>
        <testcase classname="src/utils/paths.test.ts" name="isSubpath on Windows &gt; should return false for a parent path on Windows" time="0.000086049">
        </testcase>
        <testcase classname="src/utils/paths.test.ts" name="isSubpath on Windows &gt; should return false for a different drive on Windows" time="0.000076942">
        </testcase>
        <testcase classname="src/utils/paths.test.ts" name="isSubpath on Windows &gt; should be case-insensitive for drive letters on Windows" time="0.000060983">
        </testcase>
        <testcase classname="src/utils/paths.test.ts" name="isSubpath on Windows &gt; should be case-insensitive for path components on Windows" time="0.000069148">
        </testcase>
        <testcase classname="src/utils/paths.test.ts" name="isSubpath on Windows &gt; should handle mixed slashes on Windows" time="0.000076101">
        </testcase>
        <testcase classname="src/utils/paths.test.ts" name="isSubpath on Windows &gt; should handle trailing slashes on Windows" time="0.000078806">
        </testcase>
        <testcase classname="src/utils/paths.test.ts" name="isSubpath on Windows &gt; should handle relative paths correctly on Windows" time="0.000096859">
        </testcase>
    </testsuite>
    <testsuite name="src/utils/quotaErrorDetection.test.ts" timestamp="2025-10-01T18:54:56.662Z" hostname="uby" tests="27" failures="0" errors="0" skipped="0" time="0.005503517">
        <testcase classname="src/utils/quotaErrorDetection.test.ts" name="quotaErrorDetection &gt; isQwenQuotaExceededError &gt; should detect insufficient_quota error message" time="0.001327104">
        </testcase>
        <testcase classname="src/utils/quotaErrorDetection.test.ts" name="quotaErrorDetection &gt; isQwenQuotaExceededError &gt; should detect free allocated quota exceeded error message" time="0.000161027">
        </testcase>
        <testcase classname="src/utils/quotaErrorDetection.test.ts" name="quotaErrorDetection &gt; isQwenQuotaExceededError &gt; should detect quota exceeded error message" time="0.000097601">
        </testcase>
        <testcase classname="src/utils/quotaErrorDetection.test.ts" name="quotaErrorDetection &gt; isQwenQuotaExceededError &gt; should detect quota exceeded in string error" time="0.000074037">
        </testcase>
        <testcase classname="src/utils/quotaErrorDetection.test.ts" name="quotaErrorDetection &gt; isQwenQuotaExceededError &gt; should detect quota exceeded in structured error" time="0.000076271">
        </testcase>
        <testcase classname="src/utils/quotaErrorDetection.test.ts" name="quotaErrorDetection &gt; isQwenQuotaExceededError &gt; should detect quota exceeded in API error" time="0.000116415">
        </testcase>
        <testcase classname="src/utils/quotaErrorDetection.test.ts" name="quotaErrorDetection &gt; isQwenQuotaExceededError &gt; should not detect throttling errors as quota exceeded" time="0.000093413">
        </testcase>
        <testcase classname="src/utils/quotaErrorDetection.test.ts" name="quotaErrorDetection &gt; isQwenQuotaExceededError &gt; should not detect unrelated errors" time="0.000073155">
        </testcase>
        <testcase classname="src/utils/quotaErrorDetection.test.ts" name="quotaErrorDetection &gt; isQwenThrottlingError &gt; should detect throttling error with 429 status" time="0.000213484">
        </testcase>
        <testcase classname="src/utils/quotaErrorDetection.test.ts" name="quotaErrorDetection &gt; isQwenThrottlingError &gt; should detect requests throttling triggered with 429 status" time="0.000107129">
        </testcase>
        <testcase classname="src/utils/quotaErrorDetection.test.ts" name="quotaErrorDetection &gt; isQwenThrottlingError &gt; should detect rate limit error with 429 status" time="0.000070761">
        </testcase>
        <testcase classname="src/utils/quotaErrorDetection.test.ts" name="quotaErrorDetection &gt; isQwenThrottlingError &gt; should detect too many requests with 429 status" time="0.000063768">
        </testcase>
        <testcase classname="src/utils/quotaErrorDetection.test.ts" name="quotaErrorDetection &gt; isQwenThrottlingError &gt; should detect throttling in string error" time="0.000060903">
        </testcase>
        <testcase classname="src/utils/quotaErrorDetection.test.ts" name="quotaErrorDetection &gt; isQwenThrottlingError &gt; should detect throttling in structured error with 429" time="0.000061804">
        </testcase>
        <testcase classname="src/utils/quotaErrorDetection.test.ts" name="quotaErrorDetection &gt; isQwenThrottlingError &gt; should detect throttling in API error with 429" time="0.000338226">
        </testcase>
        <testcase classname="src/utils/quotaErrorDetection.test.ts" name="quotaErrorDetection &gt; isQwenThrottlingError &gt; should not detect throttling without 429 status in structured error" time="0.000072264">
        </testcase>
        <testcase classname="src/utils/quotaErrorDetection.test.ts" name="quotaErrorDetection &gt; isQwenThrottlingError &gt; should not detect quota exceeded as throttling" time="0.000061113">
        </testcase>
        <testcase classname="src/utils/quotaErrorDetection.test.ts" name="quotaErrorDetection &gt; isQwenThrottlingError &gt; should not detect unrelated errors as throttling" time="0.000060682">
        </testcase>
        <testcase classname="src/utils/quotaErrorDetection.test.ts" name="quotaErrorDetection &gt; isProQuotaExceededError &gt; should detect Gemini Pro quota exceeded error" time="0.000207203">
        </testcase>
        <testcase classname="src/utils/quotaErrorDetection.test.ts" name="quotaErrorDetection &gt; isProQuotaExceededError &gt; should detect Gemini preview Pro quota exceeded error" time="0.000065932">
        </testcase>
        <testcase classname="src/utils/quotaErrorDetection.test.ts" name="quotaErrorDetection &gt; isProQuotaExceededError &gt; should not detect non-Pro quota errors" time="0.000040695">
        </testcase>
        <testcase classname="src/utils/quotaErrorDetection.test.ts" name="quotaErrorDetection &gt; isGenericQuotaExceededError &gt; should detect generic quota exceeded error" time="0.000087232">
        </testcase>
        <testcase classname="src/utils/quotaErrorDetection.test.ts" name="quotaErrorDetection &gt; isGenericQuotaExceededError &gt; should not detect non-quota errors" time="0.000044141">
        </testcase>
        <testcase classname="src/utils/quotaErrorDetection.test.ts" name="quotaErrorDetection &gt; type guards &gt; isApiError &gt; should detect valid API error" time="0.000062977">
        </testcase>
        <testcase classname="src/utils/quotaErrorDetection.test.ts" name="quotaErrorDetection &gt; type guards &gt; isApiError &gt; should not detect invalid API error" time="0.000039092">
        </testcase>
        <testcase classname="src/utils/quotaErrorDetection.test.ts" name="quotaErrorDetection &gt; type guards &gt; isStructuredError &gt; should detect valid structured error" time="0.000043681">
        </testcase>
        <testcase classname="src/utils/quotaErrorDetection.test.ts" name="quotaErrorDetection &gt; type guards &gt; isStructuredError &gt; should not detect invalid structured error" time="0.000033972">
        </testcase>
    </testsuite>
    <testsuite name="src/utils/retry.test.ts" timestamp="2025-10-01T18:54:56.662Z" hostname="uby" tests="20" failures="0" errors="0" skipped="0" time="0.033389773">
        <testcase classname="src/utils/retry.test.ts" name="retryWithBackoff &gt; should return the result on the first attempt if successful" time="0.004063404">
        </testcase>
        <testcase classname="src/utils/retry.test.ts" name="retryWithBackoff &gt; should retry and succeed if failures are within maxAttempts" time="0.008405142">
            <system-err>
Attempt 1 failed with status 500. Retrying with backoff... Error: Simulated error attempt 1
    at [90m/home/atmandk/LowCal-dev/packages/core/[39msrc/utils/retry.test.ts:24:32
    at mockCall (file:///home/atmandk/LowCal-dev/node_modules/[4m@vitest/spy[24m/dist/index.js:96:15)
    at spy (file:///home/atmandk/LowCal-dev/node_modules/[4mtinyspy[24m/dist/index.js:47:103)
    at retryWithBackoff [90m(/home/atmandk/LowCal-dev/packages/core/[39msrc/utils/retry.ts:191:20[90m)[39m
    at [90m/home/atmandk/LowCal-dev/packages/core/[39msrc/utils/retry.test.ts:63:21
    at file:///home/atmandk/LowCal-dev/node_modules/[4m@vitest/runner[24m/dist/chunk-hooks.js:155:11
    at file:///home/atmandk/LowCal-dev/node_modules/[4m@vitest/runner[24m/dist/chunk-hooks.js:752:26
    at file:///home/atmandk/LowCal-dev/node_modules/[4m@vitest/runner[24m/dist/chunk-hooks.js:1897:20
    at new Promise (&lt;anonymous&gt;)
    at runWithTimeout (file:///home/atmandk/LowCal-dev/node_modules/[4m@vitest/runner[24m/dist/chunk-hooks.js:1863:10) {
  status: [33m500[39m
}

Attempt 2 failed with status 500. Retrying with backoff... Error: Simulated error attempt 2
    at [90m/home/atmandk/LowCal-dev/packages/core/[39msrc/utils/retry.test.ts:24:32
    at mockCall (file:///home/atmandk/LowCal-dev/node_modules/[4m@vitest/spy[24m/dist/index.js:96:15)
    at spy (file:///home/atmandk/LowCal-dev/node_modules/[4mtinyspy[24m/dist/index.js:47:103)
    at retryWithBackoff [90m(/home/atmandk/LowCal-dev/packages/core/[39msrc/utils/retry.ts:191:20[90m)[39m {
  status: [33m500[39m
}

            </system-err>
        </testcase>
        <testcase classname="src/utils/retry.test.ts" name="retryWithBackoff &gt; should throw an error if all attempts fail" time="0.002721583">
            <system-err>
Attempt 1 failed with status 500. Retrying with backoff... Error: Simulated error attempt 1
    at [90m/home/atmandk/LowCal-dev/packages/core/[39msrc/utils/retry.test.ts:24:32
    at mockCall (file:///home/atmandk/LowCal-dev/node_modules/[4m@vitest/spy[24m/dist/index.js:96:15)
    at spy (file:///home/atmandk/LowCal-dev/node_modules/[4mtinyspy[24m/dist/index.js:47:103)
    at retryWithBackoff [90m(/home/atmandk/LowCal-dev/packages/core/[39msrc/utils/retry.ts:191:20[90m)[39m
    at [90m/home/atmandk/LowCal-dev/packages/core/[39msrc/utils/retry.test.ts:79:21
    at file:///home/atmandk/LowCal-dev/node_modules/[4m@vitest/runner[24m/dist/chunk-hooks.js:155:11
    at file:///home/atmandk/LowCal-dev/node_modules/[4m@vitest/runner[24m/dist/chunk-hooks.js:752:26
    at file:///home/atmandk/LowCal-dev/node_modules/[4m@vitest/runner[24m/dist/chunk-hooks.js:1897:20
    at new Promise (&lt;anonymous&gt;)
    at runWithTimeout (file:///home/atmandk/LowCal-dev/node_modules/[4m@vitest/runner[24m/dist/chunk-hooks.js:1863:10) {
  status: [33m500[39m
}

Attempt 2 failed with status 500. Retrying with backoff... Error: Simulated error attempt 2
    at [90m/home/atmandk/LowCal-dev/packages/core/[39msrc/utils/retry.test.ts:24:32
    at mockCall (file:///home/atmandk/LowCal-dev/node_modules/[4m@vitest/spy[24m/dist/index.js:96:15)
    at spy (file:///home/atmandk/LowCal-dev/node_modules/[4mtinyspy[24m/dist/index.js:47:103)
    at retryWithBackoff [90m(/home/atmandk/LowCal-dev/packages/core/[39msrc/utils/retry.ts:191:20[90m)[39m {
  status: [33m500[39m
}

            </system-err>
        </testcase>
        <testcase classname="src/utils/retry.test.ts" name="retryWithBackoff &gt; should not retry if shouldRetry returns false" time="0.000715804">
        </testcase>
        <testcase classname="src/utils/retry.test.ts" name="retryWithBackoff &gt; should use default shouldRetry if not provided, retrying on 429" time="0.000838591">
        </testcase>
        <testcase classname="src/utils/retry.test.ts" name="retryWithBackoff &gt; should use default shouldRetry if not provided, not retrying on 400" time="0.000600661">
        </testcase>
        <testcase classname="src/utils/retry.test.ts" name="retryWithBackoff &gt; should respect maxDelayMs" time="0.002685085">
            <system-err>
Attempt 1 failed with status 500. Retrying with backoff... Error: Simulated error attempt 1
    at [90m/home/atmandk/LowCal-dev/packages/core/[39msrc/utils/retry.test.ts:24:32
    at mockCall (file:///home/atmandk/LowCal-dev/node_modules/[4m@vitest/spy[24m/dist/index.js:96:15)
    at spy (file:///home/atmandk/LowCal-dev/node_modules/[4mtinyspy[24m/dist/index.js:47:103)
    at retryWithBackoff [90m(/home/atmandk/LowCal-dev/packages/core/[39msrc/utils/retry.ts:191:20[90m)[39m
    at [90m/home/atmandk/LowCal-dev/packages/core/[39msrc/utils/retry.test.ts:162:21
    at file:///home/atmandk/LowCal-dev/node_modules/[4m@vitest/runner[24m/dist/chunk-hooks.js:155:11
    at file:///home/atmandk/LowCal-dev/node_modules/[4m@vitest/runner[24m/dist/chunk-hooks.js:752:26
    at file:///home/atmandk/LowCal-dev/node_modules/[4m@vitest/runner[24m/dist/chunk-hooks.js:1897:20
    at new Promise (&lt;anonymous&gt;)
    at runWithTimeout (file:///home/atmandk/LowCal-dev/node_modules/[4m@vitest/runner[24m/dist/chunk-hooks.js:1863:10) {
  status: [33m500[39m
}

Attempt 2 failed with status 500. Retrying with backoff... Error: Simulated error attempt 2
    at [90m/home/atmandk/LowCal-dev/packages/core/[39msrc/utils/retry.test.ts:24:32
    at mockCall (file:///home/atmandk/LowCal-dev/node_modules/[4m@vitest/spy[24m/dist/index.js:96:15)
    at spy (file:///home/atmandk/LowCal-dev/node_modules/[4mtinyspy[24m/dist/index.js:47:103)
    at retryWithBackoff [90m(/home/atmandk/LowCal-dev/packages/core/[39msrc/utils/retry.ts:191:20[90m)[39m {
  status: [33m500[39m
}

Attempt 3 failed with status 500. Retrying with backoff... Error: Simulated error attempt 3
    at [90m/home/atmandk/LowCal-dev/packages/core/[39msrc/utils/retry.test.ts:24:32
    at mockCall (file:///home/atmandk/LowCal-dev/node_modules/[4m@vitest/spy[24m/dist/index.js:96:15)
    at spy (file:///home/atmandk/LowCal-dev/node_modules/[4mtinyspy[24m/dist/index.js:47:103)
    at retryWithBackoff [90m(/home/atmandk/LowCal-dev/packages/core/[39msrc/utils/retry.ts:191:20[90m)[39m {
  status: [33m500[39m
}

            </system-err>
        </testcase>
        <testcase classname="src/utils/retry.test.ts" name="retryWithBackoff &gt; should handle jitter correctly, ensuring varied delays" time="0.002418181">
            <system-err>
Attempt 1 failed with status 500. Retrying with backoff... Error: Simulated error attempt 1
    at [90m/home/atmandk/LowCal-dev/packages/core/[39msrc/utils/retry.test.ts:24:32
    at mockCall (file:///home/atmandk/LowCal-dev/node_modules/[4m@vitest/spy[24m/dist/index.js:96:15)
    at spy (file:///home/atmandk/LowCal-dev/node_modules/[4mtinyspy[24m/dist/index.js:47:103)
    at retryWithBackoff [90m(/home/atmandk/LowCal-dev/packages/core/[39msrc/utils/retry.ts:191:20[90m)[39m
    at runRetry [90m(/home/atmandk/LowCal-dev/packages/core/[39msrc/utils/retry.test.ts:191:7[90m)[39m
    at [90m/home/atmandk/LowCal-dev/packages/core/[39msrc/utils/retry.test.ts:198:22
    at file:///home/atmandk/LowCal-dev/node_modules/[4m@vitest/runner[24m/dist/chunk-hooks.js:155:11
    at file:///home/atmandk/LowCal-dev/node_modules/[4m@vitest/runner[24m/dist/chunk-hooks.js:752:26
    at file:///home/atmandk/LowCal-dev/node_modules/[4m@vitest/runner[24m/dist/chunk-hooks.js:1897:20
    at new Promise (&lt;anonymous&gt;) {
  status: [33m500[39m
}

Attempt 1 failed with status 500. Retrying with backoff... Error: Simulated error attempt 1
    at [90m/home/atmandk/LowCal-dev/packages/core/[39msrc/utils/retry.test.ts:24:32
    at mockCall (file:///home/atmandk/LowCal-dev/node_modules/[4m@vitest/spy[24m/dist/index.js:96:15)
    at spy (file:///home/atmandk/LowCal-dev/node_modules/[4mtinyspy[24m/dist/index.js:47:103)
    at retryWithBackoff [90m(/home/atmandk/LowCal-dev/packages/core/[39msrc/utils/retry.ts:191:20[90m)[39m
    at runRetry [90m(/home/atmandk/LowCal-dev/packages/core/[39msrc/utils/retry.test.ts:191:7[90m)[39m
    at [90m/home/atmandk/LowCal-dev/packages/core/[39msrc/utils/retry.test.ts:213:22
    at file:///home/atmandk/LowCal-dev/node_modules/[4m@vitest/runner[24m/dist/chunk-hooks.js:752:20 {
  status: [33m500[39m
}

            </system-err>
        </testcase>
        <testcase classname="src/utils/retry.test.ts" name="retryWithBackoff &gt; Flash model fallback for OAuth users &gt; should trigger fallback for OAuth personal users after persistent 429 errors" time="0.001668325">
        </testcase>
        <testcase classname="src/utils/retry.test.ts" name="retryWithBackoff &gt; Flash model fallback for OAuth users &gt; should NOT trigger fallback for API key users" time="0.000654059">
        </testcase>
        <testcase classname="src/utils/retry.test.ts" name="retryWithBackoff &gt; Flash model fallback for OAuth users &gt; should reset attempt counter and continue after successful fallback" time="0.000482452">
        </testcase>
        <testcase classname="src/utils/retry.test.ts" name="retryWithBackoff &gt; Flash model fallback for OAuth users &gt; should continue with original error if fallback is rejected" time="0.001239833">
        </testcase>
        <testcase classname="src/utils/retry.test.ts" name="retryWithBackoff &gt; Flash model fallback for OAuth users &gt; should handle mixed error types (only count consecutive 429s)" time="0.001139858">
            <system-err>
Attempt 1 failed with status 500. Retrying with backoff... Error: Server error
    at [90m/home/atmandk/LowCal-dev/packages/core/[39msrc/utils/retry.test.ts:378:36
    at mockCall (file:///home/atmandk/LowCal-dev/node_modules/[4m@vitest/spy[24m/dist/index.js:96:15)
    at spy (file:///home/atmandk/LowCal-dev/node_modules/[4mtinyspy[24m/dist/index.js:47:103)
    at retryWithBackoff [90m(/home/atmandk/LowCal-dev/packages/core/[39msrc/utils/retry.ts:191:20[90m)[39m
    at [90m/home/atmandk/LowCal-dev/packages/core/[39msrc/utils/retry.test.ts:389:23
    at file:///home/atmandk/LowCal-dev/node_modules/[4m@vitest/runner[24m/dist/chunk-hooks.js:155:11
    at file:///home/atmandk/LowCal-dev/node_modules/[4m@vitest/runner[24m/dist/chunk-hooks.js:752:26
    at file:///home/atmandk/LowCal-dev/node_modules/[4m@vitest/runner[24m/dist/chunk-hooks.js:1897:20
    at new Promise (&lt;anonymous&gt;)
    at runWithTimeout (file:///home/atmandk/LowCal-dev/node_modules/[4m@vitest/runner[24m/dist/chunk-hooks.js:1863:10) {
  status: [33m500[39m
}

            </system-err>
        </testcase>
        <testcase classname="src/utils/retry.test.ts" name="retryWithBackoff &gt; Qwen OAuth 429 error handling &gt; should retry for Qwen OAuth 429 errors that are throttling-related" time="0.000536863">
        </testcase>
        <testcase classname="src/utils/retry.test.ts" name="retryWithBackoff &gt; Qwen OAuth 429 error handling &gt; should throw immediately for Qwen OAuth with insufficient_quota message" time="0.000382196">
        </testcase>
        <testcase classname="src/utils/retry.test.ts" name="retryWithBackoff &gt; Qwen OAuth 429 error handling &gt; should throw immediately for Qwen OAuth with free allocated quota exceeded message" time="0.000299554">
        </testcase>
        <testcase classname="src/utils/retry.test.ts" name="retryWithBackoff &gt; Qwen OAuth 429 error handling &gt; should retry for Qwen OAuth with throttling message" time="0.000424214">
        </testcase>
        <testcase classname="src/utils/retry.test.ts" name="retryWithBackoff &gt; Qwen OAuth 429 error handling &gt; should retry for Qwen OAuth with throttling error" time="0.000477904">
        </testcase>
        <testcase classname="src/utils/retry.test.ts" name="retryWithBackoff &gt; Qwen OAuth 429 error handling &gt; should throw immediately for Qwen OAuth with quota message" time="0.000602935">
        </testcase>
        <testcase classname="src/utils/retry.test.ts" name="retryWithBackoff &gt; Qwen OAuth 429 error handling &gt; should retry normal errors for Qwen OAuth (not quota-related)" time="0.00136828">
            <system-err>
Attempt 1 failed with status 500. Retrying with backoff... Error: Network error
    at [90m/home/atmandk/LowCal-dev/packages/core/[39msrc/utils/retry.test.ts:550:38
    at file:///home/atmandk/LowCal-dev/node_modules/[4m@vitest/runner[24m/dist/chunk-hooks.js:155:11
    at file:///home/atmandk/LowCal-dev/node_modules/[4m@vitest/runner[24m/dist/chunk-hooks.js:752:26
    at file:///home/atmandk/LowCal-dev/node_modules/[4m@vitest/runner[24m/dist/chunk-hooks.js:1897:20
    at new Promise (&lt;anonymous&gt;)
    at runWithTimeout (file:///home/atmandk/LowCal-dev/node_modules/[4m@vitest/runner[24m/dist/chunk-hooks.js:1863:10)
    at runTest (file:///home/atmandk/LowCal-dev/node_modules/[4m@vitest/runner[24m/dist/chunk-hooks.js:1574:12)
    at runSuite (file:///home/atmandk/LowCal-dev/node_modules/[4m@vitest/runner[24m/dist/chunk-hooks.js:1729:8)
    at runSuite (file:///home/atmandk/LowCal-dev/node_modules/[4m@vitest/runner[24m/dist/chunk-hooks.js:1729:8)
    at runSuite (file:///home/atmandk/LowCal-dev/node_modules/[4m@vitest/runner[24m/dist/chunk-hooks.js:1729:8) {
  status: [33m500[39m
}

Attempt 2 failed with status 500. Retrying with backoff... Error: Network error
    at [90m/home/atmandk/LowCal-dev/packages/core/[39msrc/utils/retry.test.ts:550:38
    at file:///home/atmandk/LowCal-dev/node_modules/[4m@vitest/runner[24m/dist/chunk-hooks.js:155:11
    at file:///home/atmandk/LowCal-dev/node_modules/[4m@vitest/runner[24m/dist/chunk-hooks.js:752:26
    at file:///home/atmandk/LowCal-dev/node_modules/[4m@vitest/runner[24m/dist/chunk-hooks.js:1897:20
    at new Promise (&lt;anonymous&gt;)
    at runWithTimeout (file:///home/atmandk/LowCal-dev/node_modules/[4m@vitest/runner[24m/dist/chunk-hooks.js:1863:10)
    at runTest (file:///home/atmandk/LowCal-dev/node_modules/[4m@vitest/runner[24m/dist/chunk-hooks.js:1574:12)
    at runSuite (file:///home/atmandk/LowCal-dev/node_modules/[4m@vitest/runner[24m/dist/chunk-hooks.js:1729:8)
    at runSuite (file:///home/atmandk/LowCal-dev/node_modules/[4m@vitest/runner[24m/dist/chunk-hooks.js:1729:8)
    at runSuite (file:///home/atmandk/LowCal-dev/node_modules/[4m@vitest/runner[24m/dist/chunk-hooks.js:1729:8) {
  status: [33m500[39m
}

            </system-err>
        </testcase>
    </testsuite>
    <testsuite name="src/utils/safeJsonParse.test.ts" timestamp="2025-10-01T18:54:56.663Z" hostname="uby" tests="14" failures="0" errors="0" skipped="0" time="0.005556935">
        <testcase classname="src/utils/safeJsonParse.test.ts" name="safeJsonParse &gt; valid JSON parsing &gt; should parse valid JSON correctly" time="0.001791903">
        </testcase>
        <testcase classname="src/utils/safeJsonParse.test.ts" name="safeJsonParse &gt; valid JSON parsing &gt; should parse valid JSON arrays" time="0.000219176">
        </testcase>
        <testcase classname="src/utils/safeJsonParse.test.ts" name="safeJsonParse &gt; valid JSON parsing &gt; should parse valid JSON with nested objects" time="0.000172018">
        </testcase>
        <testcase classname="src/utils/safeJsonParse.test.ts" name="safeJsonParse &gt; malformed JSON with jsonrepair fallback &gt; should handle malformed JSON with single quotes" time="0.000807302">
        </testcase>
        <testcase classname="src/utils/safeJsonParse.test.ts" name="safeJsonParse &gt; malformed JSON with jsonrepair fallback &gt; should handle malformed JSON with unquoted keys" time="0.000270129">
        </testcase>
        <testcase classname="src/utils/safeJsonParse.test.ts" name="safeJsonParse &gt; malformed JSON with jsonrepair fallback &gt; should handle malformed JSON with trailing commas" time="0.000148064">
        </testcase>
        <testcase classname="src/utils/safeJsonParse.test.ts" name="safeJsonParse &gt; malformed JSON with jsonrepair fallback &gt; should handle malformed JSON with comments" time="0.000120512">
        </testcase>
        <testcase classname="src/utils/safeJsonParse.test.ts" name="safeJsonParse &gt; fallback behavior &gt; should return fallback value for empty string" time="0.000065642">
        </testcase>
        <testcase classname="src/utils/safeJsonParse.test.ts" name="safeJsonParse &gt; fallback behavior &gt; should return fallback value for null input" time="0.000065201">
        </testcase>
        <testcase classname="src/utils/safeJsonParse.test.ts" name="safeJsonParse &gt; fallback behavior &gt; should return fallback value for undefined input" time="0.000046856">
        </testcase>
        <testcase classname="src/utils/safeJsonParse.test.ts" name="safeJsonParse &gt; fallback behavior &gt; should return empty object as default fallback" time="0.000128968">
        </testcase>
        <testcase classname="src/utils/safeJsonParse.test.ts" name="safeJsonParse &gt; fallback behavior &gt; should return custom fallback when parsing fails" time="0.000163552">
        </testcase>
        <testcase classname="src/utils/safeJsonParse.test.ts" name="safeJsonParse &gt; type safety &gt; should preserve generic type when parsing valid JSON" time="0.000255923">
        </testcase>
        <testcase classname="src/utils/safeJsonParse.test.ts" name="safeJsonParse &gt; type safety &gt; should return fallback type when parsing fails" time="0.000157351">
        </testcase>
    </testsuite>
    <testsuite name="src/utils/safeJsonStringify.test.ts" timestamp="2025-10-01T18:54:56.664Z" hostname="uby" tests="8" failures="0" errors="0" skipped="0" time="0.004262372">
        <testcase classname="src/utils/safeJsonStringify.test.ts" name="safeJsonStringify &gt; should stringify normal objects without issues" time="0.001619415">
        </testcase>
        <testcase classname="src/utils/safeJsonStringify.test.ts" name="safeJsonStringify &gt; should handle circular references by replacing them with [Circular]" time="0.000313239">
        </testcase>
        <testcase classname="src/utils/safeJsonStringify.test.ts" name="safeJsonStringify &gt; should handle complex circular structures like HttpsProxyAgent" time="0.000290006">
        </testcase>
        <testcase classname="src/utils/safeJsonStringify.test.ts" name="safeJsonStringify &gt; should respect the space parameter for formatting" time="0.000219686">
        </testcase>
        <testcase classname="src/utils/safeJsonStringify.test.ts" name="safeJsonStringify &gt; should handle circular references with formatting" time="0.000118268">
        </testcase>
        <testcase classname="src/utils/safeJsonStringify.test.ts" name="safeJsonStringify &gt; should handle arrays with circular references" time="0.000107508">
        </testcase>
        <testcase classname="src/utils/safeJsonStringify.test.ts" name="safeJsonStringify &gt; should handle null and undefined values" time="0.000096648">
        </testcase>
        <testcase classname="src/utils/safeJsonStringify.test.ts" name="safeJsonStringify &gt; should handle primitive values" time="0.000115533">
        </testcase>
    </testsuite>
    <testsuite name="src/utils/secure-browser-launcher.test.ts" timestamp="2025-10-01T18:54:56.664Z" hostname="uby" tests="14" failures="0" errors="0" skipped="0" time="0.014183918">
        <testcase classname="src/utils/secure-browser-launcher.test.ts" name="secure-browser-launcher &gt; URL validation &gt; should allow valid HTTP URLs" time="0.004167516">
        </testcase>
        <testcase classname="src/utils/secure-browser-launcher.test.ts" name="secure-browser-launcher &gt; URL validation &gt; should allow valid HTTPS URLs" time="0.000640875">
        </testcase>
        <testcase classname="src/utils/secure-browser-launcher.test.ts" name="secure-browser-launcher &gt; URL validation &gt; should reject non-HTTP(S) protocols" time="0.001463636">
        </testcase>
        <testcase classname="src/utils/secure-browser-launcher.test.ts" name="secure-browser-launcher &gt; URL validation &gt; should reject invalid URLs" time="0.000388498">
        </testcase>
        <testcase classname="src/utils/secure-browser-launcher.test.ts" name="secure-browser-launcher &gt; URL validation &gt; should reject URLs with control characters" time="0.000501858">
        </testcase>
        <testcase classname="src/utils/secure-browser-launcher.test.ts" name="secure-browser-launcher &gt; Command injection prevention &gt; should prevent PowerShell command injection on Windows" time="0.000494414">
        </testcase>
        <testcase classname="src/utils/secure-browser-launcher.test.ts" name="secure-browser-launcher &gt; Command injection prevention &gt; should handle URLs with special shell characters safely" time="0.001417161">
        </testcase>
        <testcase classname="src/utils/secure-browser-launcher.test.ts" name="secure-browser-launcher &gt; Command injection prevention &gt; should properly escape single quotes in URLs on Windows" time="0.000417773">
        </testcase>
        <testcase classname="src/utils/secure-browser-launcher.test.ts" name="secure-browser-launcher &gt; Platform-specific behavior &gt; should use correct command on macOS" time="0.000344638">
        </testcase>
        <testcase classname="src/utils/secure-browser-launcher.test.ts" name="secure-browser-launcher &gt; Platform-specific behavior &gt; should use PowerShell on Windows" time="0.0007838">
        </testcase>
        <testcase classname="src/utils/secure-browser-launcher.test.ts" name="secure-browser-launcher &gt; Platform-specific behavior &gt; should use xdg-open on Linux" time="0.000401553">
        </testcase>
        <testcase classname="src/utils/secure-browser-launcher.test.ts" name="secure-browser-launcher &gt; Platform-specific behavior &gt; should throw on unsupported platforms" time="0.000404458">
        </testcase>
        <testcase classname="src/utils/secure-browser-launcher.test.ts" name="secure-browser-launcher &gt; Error handling &gt; should handle browser launch failures gracefully" time="0.00058966">
        </testcase>
        <testcase classname="src/utils/secure-browser-launcher.test.ts" name="secure-browser-launcher &gt; Error handling &gt; should try fallback browsers on Linux" time="0.00055721">
        </testcase>
    </testsuite>
    <testsuite name="src/utils/shell-utils.test.ts" timestamp="2025-10-01T18:54:56.664Z" hostname="uby" tests="51" failures="0" errors="0" skipped="0" time="0.015343022">
        <testcase classname="src/utils/shell-utils.test.ts" name="isCommandAllowed &gt; should allow a command if no restrictions are provided" time="0.002251684">
        </testcase>
        <testcase classname="src/utils/shell-utils.test.ts" name="isCommandAllowed &gt; should allow a command if it is in the global allowlist" time="0.00031343">
        </testcase>
        <testcase classname="src/utils/shell-utils.test.ts" name="isCommandAllowed &gt; should block a command if it is not in a strict global allowlist" time="0.000238361">
        </testcase>
        <testcase classname="src/utils/shell-utils.test.ts" name="isCommandAllowed &gt; should block a command if it is in the blocked list" time="0.000197886">
        </testcase>
        <testcase classname="src/utils/shell-utils.test.ts" name="isCommandAllowed &gt; should prioritize the blocklist over the allowlist" time="0.000198377">
        </testcase>
        <testcase classname="src/utils/shell-utils.test.ts" name="isCommandAllowed &gt; should allow any command when a wildcard is in coreTools" time="0.000147202">
        </testcase>
        <testcase classname="src/utils/shell-utils.test.ts" name="isCommandAllowed &gt; should block any command when a wildcard is in excludeTools" time="0.00018387">
        </testcase>
        <testcase classname="src/utils/shell-utils.test.ts" name="isCommandAllowed &gt; should block a command on the blocklist even with a wildcard allow" time="0.000174883">
        </testcase>
        <testcase classname="src/utils/shell-utils.test.ts" name="isCommandAllowed &gt; should allow a chained command if all parts are on the global allowlist" time="0.000165496">
        </testcase>
        <testcase classname="src/utils/shell-utils.test.ts" name="isCommandAllowed &gt; should block a chained command if any part is blocked" time="0.000166248">
        </testcase>
        <testcase classname="src/utils/shell-utils.test.ts" name="isCommandAllowed &gt; command substitution &gt; should block command substitution using `$(...)`" time="0.00024891">
        </testcase>
        <testcase classname="src/utils/shell-utils.test.ts" name="isCommandAllowed &gt; command substitution &gt; should block command substitution using `&lt;(...)`" time="0.000412864">
        </testcase>
        <testcase classname="src/utils/shell-utils.test.ts" name="isCommandAllowed &gt; command substitution &gt; should block command substitution using backticks" time="0.000163101">
        </testcase>
        <testcase classname="src/utils/shell-utils.test.ts" name="isCommandAllowed &gt; command substitution &gt; should allow substitution-like patterns inside single quotes" time="0.000229785">
        </testcase>
        <testcase classname="src/utils/shell-utils.test.ts" name="checkCommandPermissions &gt; in &quot;Default Allow&quot; mode (no sessionAllowlist) &gt; should return a detailed success object for an allowed command" time="0.000809937">
        </testcase>
        <testcase classname="src/utils/shell-utils.test.ts" name="checkCommandPermissions &gt; in &quot;Default Allow&quot; mode (no sessionAllowlist) &gt; should return a detailed failure object for a blocked command" time="0.000267244">
        </testcase>
        <testcase classname="src/utils/shell-utils.test.ts" name="checkCommandPermissions &gt; in &quot;Default Allow&quot; mode (no sessionAllowlist) &gt; should return a detailed failure object for a command not on a strict allowlist" time="0.000202605">
        </testcase>
        <testcase classname="src/utils/shell-utils.test.ts" name="checkCommandPermissions &gt; in &quot;Default Deny&quot; mode (with sessionAllowlist) &gt; should allow a command on the sessionAllowlist" time="0.000191174">
        </testcase>
        <testcase classname="src/utils/shell-utils.test.ts" name="checkCommandPermissions &gt; in &quot;Default Deny&quot; mode (with sessionAllowlist) &gt; should block a command not on the sessionAllowlist or global allowlist" time="0.000212884">
        </testcase>
        <testcase classname="src/utils/shell-utils.test.ts" name="checkCommandPermissions &gt; in &quot;Default Deny&quot; mode (with sessionAllowlist) &gt; should allow a command on the global allowlist even if not on the session allowlist" time="0.000156449">
        </testcase>
        <testcase classname="src/utils/shell-utils.test.ts" name="checkCommandPermissions &gt; in &quot;Default Deny&quot; mode (with sessionAllowlist) &gt; should allow a chained command if parts are on different allowlists" time="0.000180895">
        </testcase>
        <testcase classname="src/utils/shell-utils.test.ts" name="checkCommandPermissions &gt; in &quot;Default Deny&quot; mode (with sessionAllowlist) &gt; should block a command on the sessionAllowlist if it is also globally blocked" time="0.000152903">
        </testcase>
        <testcase classname="src/utils/shell-utils.test.ts" name="checkCommandPermissions &gt; in &quot;Default Deny&quot; mode (with sessionAllowlist) &gt; should block a chained command if one part is not on any allowlist" time="0.000158724">
        </testcase>
        <testcase classname="src/utils/shell-utils.test.ts" name="getCommandRoots &gt; should return a single command" time="0.000266833">
        </testcase>
        <testcase classname="src/utils/shell-utils.test.ts" name="getCommandRoots &gt; should handle paths and return the binary name" time="0.000167079">
        </testcase>
        <testcase classname="src/utils/shell-utils.test.ts" name="getCommandRoots &gt; should return an empty array for an empty string" time="0.000088975">
        </testcase>
        <testcase classname="src/utils/shell-utils.test.ts" name="getCommandRoots &gt; should handle a mix of operators" time="0.000096569">
        </testcase>
        <testcase classname="src/utils/shell-utils.test.ts" name="getCommandRoots &gt; should correctly parse a chained command with quotes" time="0.000077534">
        </testcase>
        <testcase classname="src/utils/shell-utils.test.ts" name="stripShellWrapper &gt; should strip sh -c with quotes" time="0.000175354">
        </testcase>
        <testcase classname="src/utils/shell-utils.test.ts" name="stripShellWrapper &gt; should strip bash -c with extra whitespace" time="0.000096879">
        </testcase>
        <testcase classname="src/utils/shell-utils.test.ts" name="stripShellWrapper &gt; should strip zsh -c without quotes" time="0.000065812">
        </testcase>
        <testcase classname="src/utils/shell-utils.test.ts" name="stripShellWrapper &gt; should strip cmd.exe /c" time="0.000055442">
        </testcase>
        <testcase classname="src/utils/shell-utils.test.ts" name="stripShellWrapper &gt; should not strip anything if no wrapper is present" time="0.000056395">
        </testcase>
        <testcase classname="src/utils/shell-utils.test.ts" name="escapeShellArg &gt; POSIX (bash) &gt; should use shell-quote for escaping" time="0.000981044">
        </testcase>
        <testcase classname="src/utils/shell-utils.test.ts" name="escapeShellArg &gt; POSIX (bash) &gt; should handle empty strings" time="0.000762961">
        </testcase>
        <testcase classname="src/utils/shell-utils.test.ts" name="escapeShellArg &gt; Windows &gt; when shell is cmd.exe &gt; should wrap simple arguments in double quotes" time="0.000117497">
        </testcase>
        <testcase classname="src/utils/shell-utils.test.ts" name="escapeShellArg &gt; Windows &gt; when shell is cmd.exe &gt; should escape internal double quotes by doubling them" time="0.000092501">
        </testcase>
        <testcase classname="src/utils/shell-utils.test.ts" name="escapeShellArg &gt; Windows &gt; when shell is cmd.exe &gt; should handle empty strings" time="0.000068767">
        </testcase>
        <testcase classname="src/utils/shell-utils.test.ts" name="escapeShellArg &gt; Windows &gt; when shell is PowerShell &gt; should wrap simple arguments in single quotes" time="0.000066042">
        </testcase>
        <testcase classname="src/utils/shell-utils.test.ts" name="escapeShellArg &gt; Windows &gt; when shell is PowerShell &gt; should escape internal single quotes by doubling them" time="0.000066883">
        </testcase>
        <testcase classname="src/utils/shell-utils.test.ts" name="escapeShellArg &gt; Windows &gt; when shell is PowerShell &gt; should handle double quotes without escaping them" time="0.000061744">
        </testcase>
        <testcase classname="src/utils/shell-utils.test.ts" name="escapeShellArg &gt; Windows &gt; when shell is PowerShell &gt; should handle empty strings" time="0.000055553">
        </testcase>
        <testcase classname="src/utils/shell-utils.test.ts" name="getShellConfiguration &gt; should return bash configuration on Linux" time="0.000230587">
        </testcase>
        <testcase classname="src/utils/shell-utils.test.ts" name="getShellConfiguration &gt; should return bash configuration on macOS (darwin)" time="0.000107518">
        </testcase>
        <testcase classname="src/utils/shell-utils.test.ts" name="getShellConfiguration &gt; on Windows &gt; should return cmd.exe configuration by default" time="0.000134318">
        </testcase>
        <testcase classname="src/utils/shell-utils.test.ts" name="getShellConfiguration &gt; on Windows &gt; should respect ComSpec for cmd.exe" time="0.000133918">
        </testcase>
        <testcase classname="src/utils/shell-utils.test.ts" name="getShellConfiguration &gt; on Windows &gt; should return PowerShell configuration if ComSpec points to powershell.exe" time="0.000125943">
        </testcase>
        <testcase classname="src/utils/shell-utils.test.ts" name="getShellConfiguration &gt; on Windows &gt; should return PowerShell configuration if ComSpec points to pwsh.exe" time="0.000997394">
        </testcase>
        <testcase classname="src/utils/shell-utils.test.ts" name="getShellConfiguration &gt; on Windows &gt; should be case-insensitive when checking ComSpec" time="0.000190242">
        </testcase>
        <testcase classname="src/utils/shell-utils.test.ts" name="isCommandNeedPermission &gt; returns false for read-only commands" time="0.000410409">
        </testcase>
        <testcase classname="src/utils/shell-utils.test.ts" name="isCommandNeedPermission &gt; returns true for mutating commands with reason" time="0.000153614">
        </testcase>
    </testsuite>
    <testsuite name="src/utils/shellReadOnlyChecker.test.ts" timestamp="2025-10-01T18:54:56.666Z" hostname="uby" tests="9" failures="0" errors="0" skipped="0" time="0.00306101">
        <testcase classname="src/utils/shellReadOnlyChecker.test.ts" name="evaluateShellCommandReadOnly &gt; allows simple read-only command" time="0.001431477">
        </testcase>
        <testcase classname="src/utils/shellReadOnlyChecker.test.ts" name="evaluateShellCommandReadOnly &gt; rejects mutating commands like rm" time="0.000181185">
        </testcase>
        <testcase classname="src/utils/shellReadOnlyChecker.test.ts" name="evaluateShellCommandReadOnly &gt; rejects redirection output" time="0.000073015">
        </testcase>
        <testcase classname="src/utils/shellReadOnlyChecker.test.ts" name="evaluateShellCommandReadOnly &gt; rejects command substitution" time="0.000056975">
        </testcase>
        <testcase classname="src/utils/shellReadOnlyChecker.test.ts" name="evaluateShellCommandReadOnly &gt; allows git status but rejects git commit" time="0.000146081">
        </testcase>
        <testcase classname="src/utils/shellReadOnlyChecker.test.ts" name="evaluateShellCommandReadOnly &gt; rejects find with exec" time="0.000114081">
        </testcase>
        <testcase classname="src/utils/shellReadOnlyChecker.test.ts" name="evaluateShellCommandReadOnly &gt; rejects sed in-place" time="0.000099334">
        </testcase>
        <testcase classname="src/utils/shellReadOnlyChecker.test.ts" name="evaluateShellCommandReadOnly &gt; rejects empty command" time="0.000044071">
        </testcase>
        <testcase classname="src/utils/shellReadOnlyChecker.test.ts" name="evaluateShellCommandReadOnly &gt; respects environment prefix followed by allowed command" time="0.000092982">
        </testcase>
    </testsuite>
    <testsuite name="src/utils/subagentGenerator.test.ts" timestamp="2025-10-01T18:54:56.666Z" hostname="uby" tests="9" failures="0" errors="0" skipped="0" time="0.044522951">
        <testcase classname="src/utils/subagentGenerator.test.ts" name="subagentGenerator &gt; should throw error for empty user description" time="0.007585858">
        </testcase>
        <testcase classname="src/utils/subagentGenerator.test.ts" name="subagentGenerator &gt; should successfully generate content with valid LLM response" time="0.005914748">
        </testcase>
        <testcase classname="src/utils/subagentGenerator.test.ts" name="subagentGenerator &gt; should throw error when LLM response is missing required fields" time="0.003391822">
        </testcase>
        <testcase classname="src/utils/subagentGenerator.test.ts" name="subagentGenerator &gt; should throw error when LLM response has empty fields" time="0.002951578">
        </testcase>
        <testcase classname="src/utils/subagentGenerator.test.ts" name="subagentGenerator &gt; should throw error when generateJson throws an error" time="0.003596661">
        </testcase>
        <testcase classname="src/utils/subagentGenerator.test.ts" name="subagentGenerator &gt; should call generateJson with correct schema and model" time="0.005389256">
        </testcase>
        <testcase classname="src/utils/subagentGenerator.test.ts" name="subagentGenerator &gt; should include user description in the prompt" time="0.003640021">
        </testcase>
        <testcase classname="src/utils/subagentGenerator.test.ts" name="subagentGenerator &gt; should throw error for null response from generateJson" time="0.005190558">
        </testcase>
        <testcase classname="src/utils/subagentGenerator.test.ts" name="subagentGenerator &gt; should throw error for undefined response from generateJson" time="0.005401388">
        </testcase>
    </testsuite>
    <testsuite name="src/utils/summarizer.test.ts" timestamp="2025-10-01T18:54:56.667Z" hostname="uby" tests="8" failures="0" errors="0" skipped="0" time="0.02017123">
        <testcase classname="src/utils/summarizer.test.ts" name="summarizers &gt; summarizeToolOutput &gt; should return original text if it is shorter than maxLength" time="0.004688229">
        </testcase>
        <testcase classname="src/utils/summarizer.test.ts" name="summarizers &gt; summarizeToolOutput &gt; should return original text if it is empty" time="0.002285647">
        </testcase>
        <testcase classname="src/utils/summarizer.test.ts" name="summarizers &gt; summarizeToolOutput &gt; should call generateContent if text is longer than maxLength" time="0.002235974">
        </testcase>
        <testcase classname="src/utils/summarizer.test.ts" name="summarizers &gt; summarizeToolOutput &gt; should return original text if generateContent throws an error" time="0.002775763">
        </testcase>
        <testcase classname="src/utils/summarizer.test.ts" name="summarizers &gt; summarizeToolOutput &gt; should construct the correct prompt for summarization" time="0.001960545">
        </testcase>
        <testcase classname="src/utils/summarizer.test.ts" name="summarizers &gt; llmSummarizer &gt; should summarize tool output using summarizeToolOutput" time="0.001697649">
        </testcase>
        <testcase classname="src/utils/summarizer.test.ts" name="summarizers &gt; llmSummarizer &gt; should handle different llmContent types" time="0.001680437">
        </testcase>
        <testcase classname="src/utils/summarizer.test.ts" name="summarizers &gt; defaultSummarizer &gt; should stringify the llmContent" time="0.001599768">
        </testcase>
    </testsuite>
    <testsuite name="src/utils/systemEncoding.test.ts" timestamp="2025-10-01T18:54:56.667Z" hostname="uby" tests="38" failures="0" errors="0" skipped="0" time="0.022553555">
        <testcase classname="src/utils/systemEncoding.test.ts" name="Shell Command Processor - Encoding Functions &gt; windowsCodePageToEncoding &gt; should map common Windows code pages correctly" time="0.001778609">
        </testcase>
        <testcase classname="src/utils/systemEncoding.test.ts" name="Shell Command Processor - Encoding Functions &gt; windowsCodePageToEncoding &gt; should return null for unmapped code pages and warn" time="0.001399739">
        </testcase>
        <testcase classname="src/utils/systemEncoding.test.ts" name="Shell Command Processor - Encoding Functions &gt; windowsCodePageToEncoding &gt; should handle all Windows-specific code pages" time="0.000258629">
        </testcase>
        <testcase classname="src/utils/systemEncoding.test.ts" name="Shell Command Processor - Encoding Functions &gt; detectEncodingFromBuffer &gt; should detect encoding using chardet successfully" time="0.000780263">
        </testcase>
        <testcase classname="src/utils/systemEncoding.test.ts" name="Shell Command Processor - Encoding Functions &gt; detectEncodingFromBuffer &gt; should handle chardet returning mixed case encoding" time="0.00024304">
        </testcase>
        <testcase classname="src/utils/systemEncoding.test.ts" name="Shell Command Processor - Encoding Functions &gt; detectEncodingFromBuffer &gt; should return null when chardet fails" time="0.001133135">
        </testcase>
        <testcase classname="src/utils/systemEncoding.test.ts" name="Shell Command Processor - Encoding Functions &gt; detectEncodingFromBuffer &gt; should return null when chardet returns null" time="0.000257346">
        </testcase>
        <testcase classname="src/utils/systemEncoding.test.ts" name="Shell Command Processor - Encoding Functions &gt; detectEncodingFromBuffer &gt; should return null when chardet returns non-string" time="0.000211761">
        </testcase>
        <testcase classname="src/utils/systemEncoding.test.ts" name="Shell Command Processor - Encoding Functions &gt; getSystemEncoding - Windows &gt; should parse Windows chcp output correctly" time="0.000601452">
        </testcase>
        <testcase classname="src/utils/systemEncoding.test.ts" name="Shell Command Processor - Encoding Functions &gt; getSystemEncoding - Windows &gt; should handle different chcp output formats" time="0.000203576">
        </testcase>
        <testcase classname="src/utils/systemEncoding.test.ts" name="Shell Command Processor - Encoding Functions &gt; getSystemEncoding - Windows &gt; should handle chcp output with extra whitespace" time="0.000123799">
        </testcase>
        <testcase classname="src/utils/systemEncoding.test.ts" name="Shell Command Processor - Encoding Functions &gt; getSystemEncoding - Windows &gt; should return null when chcp command fails" time="0.001042798">
        </testcase>
        <testcase classname="src/utils/systemEncoding.test.ts" name="Shell Command Processor - Encoding Functions &gt; getSystemEncoding - Windows &gt; should return null when chcp output cannot be parsed" time="0.000707488">
        </testcase>
        <testcase classname="src/utils/systemEncoding.test.ts" name="Shell Command Processor - Encoding Functions &gt; getSystemEncoding - Windows &gt; should return null when code page is not a number" time="0.000521644">
        </testcase>
        <testcase classname="src/utils/systemEncoding.test.ts" name="Shell Command Processor - Encoding Functions &gt; getSystemEncoding - Windows &gt; should return null when code page maps to null" time="0.000367419">
        </testcase>
        <testcase classname="src/utils/systemEncoding.test.ts" name="Shell Command Processor - Encoding Functions &gt; getSystemEncoding - Unix-like &gt; should parse locale from LC_ALL environment variable" time="0.000315353">
        </testcase>
        <testcase classname="src/utils/systemEncoding.test.ts" name="Shell Command Processor - Encoding Functions &gt; getSystemEncoding - Unix-like &gt; should parse locale from LC_CTYPE when LC_ALL is not set" time="0.00026509">
        </testcase>
        <testcase classname="src/utils/systemEncoding.test.ts" name="Shell Command Processor - Encoding Functions &gt; getSystemEncoding - Unix-like &gt; should parse locale from LANG when LC_ALL and LC_CTYPE are not set" time="0.000214667">
        </testcase>
        <testcase classname="src/utils/systemEncoding.test.ts" name="Shell Command Processor - Encoding Functions &gt; getSystemEncoding - Unix-like &gt; should handle locale charmap command when environment variables are empty" time="0.000749606">
        </testcase>
        <testcase classname="src/utils/systemEncoding.test.ts" name="Shell Command Processor - Encoding Functions &gt; getSystemEncoding - Unix-like &gt; should handle locale charmap with mixed case" time="0.000599498">
        </testcase>
        <testcase classname="src/utils/systemEncoding.test.ts" name="Shell Command Processor - Encoding Functions &gt; getSystemEncoding - Unix-like &gt; should return null when locale charmap fails" time="0.000423964">
        </testcase>
        <testcase classname="src/utils/systemEncoding.test.ts" name="Shell Command Processor - Encoding Functions &gt; getSystemEncoding - Unix-like &gt; should handle locale without encoding (no dot)" time="0.000312347">
        </testcase>
        <testcase classname="src/utils/systemEncoding.test.ts" name="Shell Command Processor - Encoding Functions &gt; getSystemEncoding - Unix-like &gt; should handle empty locale environment variables" time="0.000259199">
        </testcase>
        <testcase classname="src/utils/systemEncoding.test.ts" name="Shell Command Processor - Encoding Functions &gt; getSystemEncoding - Unix-like &gt; should return locale as-is when locale format has no dot" time="0.000227771">
        </testcase>
        <testcase classname="src/utils/systemEncoding.test.ts" name="Shell Command Processor - Encoding Functions &gt; getSystemEncoding - Unix-like &gt; should prioritize LC_ALL over other environment variables" time="0.000258649">
        </testcase>
        <testcase classname="src/utils/systemEncoding.test.ts" name="Shell Command Processor - Encoding Functions &gt; getSystemEncoding - Unix-like &gt; should prioritize LC_CTYPE over LANG" time="0.0002219">
        </testcase>
        <testcase classname="src/utils/systemEncoding.test.ts" name="Shell Command Processor - Encoding Functions &gt; getEncodingForBuffer &gt; should use cached system encoding on subsequent calls" time="0.0002975">
        </testcase>
        <testcase classname="src/utils/systemEncoding.test.ts" name="Shell Command Processor - Encoding Functions &gt; getEncodingForBuffer &gt; should fall back to buffer detection when system encoding fails" time="0.000464939">
        </testcase>
        <testcase classname="src/utils/systemEncoding.test.ts" name="Shell Command Processor - Encoding Functions &gt; getEncodingForBuffer &gt; should fall back to utf-8 when both system and buffer detection fail" time="0.000312007">
        </testcase>
        <testcase classname="src/utils/systemEncoding.test.ts" name="Shell Command Processor - Encoding Functions &gt; getEncodingForBuffer &gt; should not cache buffer detection results" time="0.000394329">
        </testcase>
        <testcase classname="src/utils/systemEncoding.test.ts" name="Shell Command Processor - Encoding Functions &gt; getEncodingForBuffer &gt; should handle Windows system encoding" time="0.000241226">
        </testcase>
        <testcase classname="src/utils/systemEncoding.test.ts" name="Shell Command Processor - Encoding Functions &gt; getEncodingForBuffer &gt; should cache null system encoding result" time="0.000625477">
        </testcase>
        <testcase classname="src/utils/systemEncoding.test.ts" name="Shell Command Processor - Encoding Functions &gt; Cross-platform behavior &gt; should work correctly on macOS" time="0.00022719">
        </testcase>
        <testcase classname="src/utils/systemEncoding.test.ts" name="Shell Command Processor - Encoding Functions &gt; Cross-platform behavior &gt; should work correctly on other Unix-like systems" time="0.001350948">
        </testcase>
        <testcase classname="src/utils/systemEncoding.test.ts" name="Shell Command Processor - Encoding Functions &gt; Cross-platform behavior &gt; should handle unknown platforms as Unix-like" time="0.000689134">
        </testcase>
        <testcase classname="src/utils/systemEncoding.test.ts" name="Shell Command Processor - Encoding Functions &gt; Edge cases and error handling &gt; should handle empty buffer gracefully" time="0.000478174">
        </testcase>
        <testcase classname="src/utils/systemEncoding.test.ts" name="Shell Command Processor - Encoding Functions &gt; Edge cases and error handling &gt; should handle very large buffers" time="0.000757892">
        </testcase>
        <testcase classname="src/utils/systemEncoding.test.ts" name="Shell Command Processor - Encoding Functions &gt; Edge cases and error handling &gt; should handle Unicode content" time="0.001409607">
        </testcase>
    </testsuite>
    <testsuite name="src/utils/tool-utils.test.ts" timestamp="2025-10-01T18:54:56.668Z" hostname="uby" tests="7" failures="0" errors="0" skipped="0" time="0.002248278">
        <testcase classname="src/utils/tool-utils.test.ts" name="doesToolInvocationMatch &gt; should not match a partial command prefix" time="0.00107096">
        </testcase>
        <testcase classname="src/utils/tool-utils.test.ts" name="doesToolInvocationMatch &gt; should match an exact command" time="0.000111196">
        </testcase>
        <testcase classname="src/utils/tool-utils.test.ts" name="doesToolInvocationMatch &gt; should match a command that is a prefix" time="0.000057987">
        </testcase>
        <testcase classname="src/utils/tool-utils.test.ts" name="doesToolInvocationMatch &gt; for non-shell tools &gt; should match by tool name" time="0.000057156">
        </testcase>
        <testcase classname="src/utils/tool-utils.test.ts" name="doesToolInvocationMatch &gt; for non-shell tools &gt; should match by tool class name" time="0.000042679">
        </testcase>
        <testcase classname="src/utils/tool-utils.test.ts" name="doesToolInvocationMatch &gt; for non-shell tools &gt; should not match if neither name is in the patterns" time="0.000035596">
        </testcase>
        <testcase classname="src/utils/tool-utils.test.ts" name="doesToolInvocationMatch &gt; for non-shell tools &gt; should match by tool name when passed as a string" time="0.000033923">
        </testcase>
    </testsuite>
    <testsuite name="src/utils/userAccountManager.test.ts" timestamp="2025-10-01T18:54:56.668Z" hostname="uby" tests="23" failures="0" errors="0" skipped="0" time="0.029745404">
        <testcase classname="src/utils/userAccountManager.test.ts" name="UserAccountManager &gt; cacheGoogleAccount &gt; should create directory and write initial account file" time="0.003223251">
        </testcase>
        <testcase classname="src/utils/userAccountManager.test.ts" name="UserAccountManager &gt; cacheGoogleAccount &gt; should update active account and move previous to old" time="0.001167398">
        </testcase>
        <testcase classname="src/utils/userAccountManager.test.ts" name="UserAccountManager &gt; cacheGoogleAccount &gt; should not add a duplicate to the old list" time="0.00167644">
        </testcase>
        <testcase classname="src/utils/userAccountManager.test.ts" name="UserAccountManager &gt; cacheGoogleAccount &gt; should handle corrupted JSON by starting fresh" time="0.008189553">
        </testcase>
        <testcase classname="src/utils/userAccountManager.test.ts" name="UserAccountManager &gt; cacheGoogleAccount &gt; should handle valid JSON with incorrect schema by starting fresh" time="0.001260451">
        </testcase>
        <testcase classname="src/utils/userAccountManager.test.ts" name="UserAccountManager &gt; getCachedGoogleAccount &gt; should return the active account if file exists and is valid" time="0.000577889">
        </testcase>
        <testcase classname="src/utils/userAccountManager.test.ts" name="UserAccountManager &gt; getCachedGoogleAccount &gt; should return null if file does not exist" time="0.000372569">
        </testcase>
        <testcase classname="src/utils/userAccountManager.test.ts" name="UserAccountManager &gt; getCachedGoogleAccount &gt; should return null if file is empty" time="0.000367529">
        </testcase>
        <testcase classname="src/utils/userAccountManager.test.ts" name="UserAccountManager &gt; getCachedGoogleAccount &gt; should return null and log if file is corrupted" time="0.000543094">
        </testcase>
        <testcase classname="src/utils/userAccountManager.test.ts" name="UserAccountManager &gt; getCachedGoogleAccount &gt; should return null if active key is missing" time="0.000366248">
        </testcase>
        <testcase classname="src/utils/userAccountManager.test.ts" name="UserAccountManager &gt; clearCachedGoogleAccount &gt; should set active to null and move it to old" time="0.000970465">
        </testcase>
        <testcase classname="src/utils/userAccountManager.test.ts" name="UserAccountManager &gt; clearCachedGoogleAccount &gt; should handle empty file gracefully" time="0.001139537">
        </testcase>
        <testcase classname="src/utils/userAccountManager.test.ts" name="UserAccountManager &gt; clearCachedGoogleAccount &gt; should handle corrupted JSON by creating a fresh file" time="0.001159374">
        </testcase>
        <testcase classname="src/utils/userAccountManager.test.ts" name="UserAccountManager &gt; clearCachedGoogleAccount &gt; should be idempotent if active account is already null" time="0.001635344">
        </testcase>
        <testcase classname="src/utils/userAccountManager.test.ts" name="UserAccountManager &gt; clearCachedGoogleAccount &gt; should not add a duplicate to the old list" time="0.001981524">
        </testcase>
        <testcase classname="src/utils/userAccountManager.test.ts" name="UserAccountManager &gt; getLifetimeGoogleAccounts &gt; should return 0 if the file does not exist" time="0.000426138">
        </testcase>
        <testcase classname="src/utils/userAccountManager.test.ts" name="UserAccountManager &gt; getLifetimeGoogleAccounts &gt; should return 0 if the file is empty" time="0.000344768">
        </testcase>
        <testcase classname="src/utils/userAccountManager.test.ts" name="UserAccountManager &gt; getLifetimeGoogleAccounts &gt; should return 0 if the file is corrupted" time="0.000498391">
        </testcase>
        <testcase classname="src/utils/userAccountManager.test.ts" name="UserAccountManager &gt; getLifetimeGoogleAccounts &gt; should return 1 if there is only an active account" time="0.000378871">
        </testcase>
        <testcase classname="src/utils/userAccountManager.test.ts" name="UserAccountManager &gt; getLifetimeGoogleAccounts &gt; should correctly count old accounts when active is null" time="0.000374903">
        </testcase>
        <testcase classname="src/utils/userAccountManager.test.ts" name="UserAccountManager &gt; getLifetimeGoogleAccounts &gt; should correctly count both active and old accounts" time="0.000365986">
        </testcase>
        <testcase classname="src/utils/userAccountManager.test.ts" name="UserAccountManager &gt; getLifetimeGoogleAccounts &gt; should handle valid JSON with incorrect schema by returning 0" time="0.00062217">
        </testcase>
        <testcase classname="src/utils/userAccountManager.test.ts" name="UserAccountManager &gt; getLifetimeGoogleAccounts &gt; should not double count if active account is also in old list" time="0.000359976">
        </testcase>
    </testsuite>
    <testsuite name="src/utils/workspaceContext.test.ts" timestamp="2025-10-01T18:54:56.669Z" hostname="uby" tests="34" failures="0" errors="0" skipped="0" time="0.026846805">
        <testcase classname="src/utils/workspaceContext.test.ts" name="WorkspaceContext with real filesystem &gt; initialization &gt; should initialize with a single directory (cwd)" time="0.002271941">
        </testcase>
        <testcase classname="src/utils/workspaceContext.test.ts" name="WorkspaceContext with real filesystem &gt; initialization &gt; should validate and resolve directories to absolute paths" time="0.000422191">
        </testcase>
        <testcase classname="src/utils/workspaceContext.test.ts" name="WorkspaceContext with real filesystem &gt; initialization &gt; should handle empty initialization" time="0.001301797">
        </testcase>
        <testcase classname="src/utils/workspaceContext.test.ts" name="WorkspaceContext with real filesystem &gt; adding directories &gt; should add valid directories" time="0.000336722">
        </testcase>
        <testcase classname="src/utils/workspaceContext.test.ts" name="WorkspaceContext with real filesystem &gt; adding directories &gt; should resolve relative paths to absolute" time="0.00033545">
        </testcase>
        <testcase classname="src/utils/workspaceContext.test.ts" name="WorkspaceContext with real filesystem &gt; adding directories &gt; should prevent duplicate directories" time="0.000321455">
        </testcase>
        <testcase classname="src/utils/workspaceContext.test.ts" name="WorkspaceContext with real filesystem &gt; adding directories &gt; should handle symbolic links correctly" time="0.000345259">
        </testcase>
        <testcase classname="src/utils/workspaceContext.test.ts" name="WorkspaceContext with real filesystem &gt; path validation &gt; should accept paths within workspace directories" time="0.000581495">
        </testcase>
        <testcase classname="src/utils/workspaceContext.test.ts" name="WorkspaceContext with real filesystem &gt; path validation &gt; should accept non-existent paths within workspace directories" time="0.000741751">
        </testcase>
        <testcase classname="src/utils/workspaceContext.test.ts" name="WorkspaceContext with real filesystem &gt; path validation &gt; should reject paths outside workspace" time="0.000395662">
        </testcase>
        <testcase classname="src/utils/workspaceContext.test.ts" name="WorkspaceContext with real filesystem &gt; path validation &gt; should reject non-existent paths outside workspace" time="0.000280639">
        </testcase>
        <testcase classname="src/utils/workspaceContext.test.ts" name="WorkspaceContext with real filesystem &gt; path validation &gt; should handle nested directories correctly" time="0.000299173">
        </testcase>
        <testcase classname="src/utils/workspaceContext.test.ts" name="WorkspaceContext with real filesystem &gt; path validation &gt; should handle edge cases (root, parent references)" time="0.000324771">
        </testcase>
        <testcase classname="src/utils/workspaceContext.test.ts" name="WorkspaceContext with real filesystem &gt; path validation &gt; should handle non-existent paths correctly" time="0.00030264">
        </testcase>
        <testcase classname="src/utils/workspaceContext.test.ts" name="WorkspaceContext with real filesystem &gt; path validation &gt; with symbolic link &gt; in the workspace &gt; should accept dir paths" time="0.000392616">
        </testcase>
        <testcase classname="src/utils/workspaceContext.test.ts" name="WorkspaceContext with real filesystem &gt; path validation &gt; with symbolic link &gt; in the workspace &gt; should accept non-existent paths" time="0.000380383">
        </testcase>
        <testcase classname="src/utils/workspaceContext.test.ts" name="WorkspaceContext with real filesystem &gt; path validation &gt; with symbolic link &gt; in the workspace &gt; should accept non-existent deep paths" time="0.000337574">
        </testcase>
        <testcase classname="src/utils/workspaceContext.test.ts" name="WorkspaceContext with real filesystem &gt; path validation &gt; with symbolic link &gt; outside the workspace &gt; should reject dir paths" time="0.000291328">
        </testcase>
        <testcase classname="src/utils/workspaceContext.test.ts" name="WorkspaceContext with real filesystem &gt; path validation &gt; with symbolic link &gt; outside the workspace &gt; should reject non-existent paths" time="0.000296278">
        </testcase>
        <testcase classname="src/utils/workspaceContext.test.ts" name="WorkspaceContext with real filesystem &gt; path validation &gt; with symbolic link &gt; outside the workspace &gt; should reject non-existent deep paths" time="0.000341672">
        </testcase>
        <testcase classname="src/utils/workspaceContext.test.ts" name="WorkspaceContext with real filesystem &gt; path validation &gt; with symbolic link &gt; outside the workspace &gt; should reject partially non-existent deep paths" time="0.000533727">
        </testcase>
        <testcase classname="src/utils/workspaceContext.test.ts" name="WorkspaceContext with real filesystem &gt; path validation &gt; with symbolic link &gt; should reject symbolic file links outside the workspace" time="0.000522156">
        </testcase>
        <testcase classname="src/utils/workspaceContext.test.ts" name="WorkspaceContext with real filesystem &gt; path validation &gt; with symbolic link &gt; should reject non-existent symbolic file links outside the workspace" time="0.000302369">
        </testcase>
        <testcase classname="src/utils/workspaceContext.test.ts" name="WorkspaceContext with real filesystem &gt; path validation &gt; with symbolic link &gt; should handle circular symlinks gracefully" time="0.000454981">
        </testcase>
        <testcase classname="src/utils/workspaceContext.test.ts" name="WorkspaceContext with real filesystem &gt; onDirectoriesChanged &gt; should call listener when adding a directory" time="0.001322736">
        </testcase>
        <testcase classname="src/utils/workspaceContext.test.ts" name="WorkspaceContext with real filesystem &gt; onDirectoriesChanged &gt; should not call listener when adding a duplicate directory" time="0.000709642">
        </testcase>
        <testcase classname="src/utils/workspaceContext.test.ts" name="WorkspaceContext with real filesystem &gt; onDirectoriesChanged &gt; should call listener when setting different directories" time="0.000532495">
        </testcase>
        <testcase classname="src/utils/workspaceContext.test.ts" name="WorkspaceContext with real filesystem &gt; onDirectoriesChanged &gt; should not call listener when setting same directories" time="0.000344166">
        </testcase>
        <testcase classname="src/utils/workspaceContext.test.ts" name="WorkspaceContext with real filesystem &gt; onDirectoriesChanged &gt; should support multiple listeners" time="0.000353323">
        </testcase>
        <testcase classname="src/utils/workspaceContext.test.ts" name="WorkspaceContext with real filesystem &gt; onDirectoriesChanged &gt; should allow unsubscribing a listener" time="0.000333837">
        </testcase>
        <testcase classname="src/utils/workspaceContext.test.ts" name="WorkspaceContext with real filesystem &gt; onDirectoriesChanged &gt; should not fail if a listener throws an error" time="0.006387912">
            <system-err>
Error in WorkspaceContext listener: Error: test error
    at errorListener [90m(/home/atmandk/LowCal-dev/packages/core/[39msrc/utils/workspaceContext.test.ts:350:15[90m)[39m
    at WorkspaceContext.notifyDirectoriesChanged [90m(/home/atmandk/LowCal-dev/packages/core/[39msrc/utils/workspaceContext.ts:53:9[90m)[39m
    at WorkspaceContext.addDirectory [90m(/home/atmandk/LowCal-dev/packages/core/[39msrc/utils/workspaceContext.ts:73:12[90m)[39m
    at [90m/home/atmandk/LowCal-dev/packages/core/[39msrc/utils/workspaceContext.test.ts:357:26
    at Proxy.assertThrows (file:///home/atmandk/LowCal-dev/node_modules/[4mchai[24m/chai.js:2723:5)
    at Proxy.methodWrapper (file:///home/atmandk/LowCal-dev/node_modules/[4mchai[24m/chai.js:1618:25)
    at Proxy.&lt;anonymous&gt; (file:///home/atmandk/LowCal-dev/node_modules/[4m@vitest/expect[24m/dist/index.js:1088:12)
    at Proxy.overwritingMethodWrapper (file:///home/atmandk/LowCal-dev/node_modules/[4mchai[24m/chai.js:1670:33)
    at Proxy.&lt;anonymous&gt; (file:///home/atmandk/LowCal-dev/node_modules/[4m@vitest/expect[24m/dist/index.js:1420:16)
    at Proxy.&lt;anonymous&gt; (file:///home/atmandk/LowCal-dev/node_modules/[4m@vitest/expect[24m/dist/index.js:1029:14)

            </system-err>
        </testcase>
        <testcase classname="src/utils/workspaceContext.test.ts" name="WorkspaceContext with real filesystem &gt; getDirectories &gt; should return a copy of directories array" time="0.000859029">
        </testcase>
        <testcase classname="src/utils/workspaceContext.test.ts" name="WorkspaceContext with optional directories &gt; should skip a missing optional directory and log a warning" time="0.001510012">
        </testcase>
        <testcase classname="src/utils/workspaceContext.test.ts" name="WorkspaceContext with optional directories &gt; should include an existing optional directory" time="0.000629244">
        </testcase>
    </testsuite>
    <testsuite name="src/utils/yaml-parser.test.ts" timestamp="2025-10-01T18:54:56.670Z" hostname="uby" tests="18" failures="0" errors="0" skipped="0" time="0.005918043">
        <testcase classname="src/utils/yaml-parser.test.ts" name="yaml-parser &gt; parse &gt; should parse simple key-value pairs" time="0.001916484">
        </testcase>
        <testcase classname="src/utils/yaml-parser.test.ts" name="yaml-parser &gt; parse &gt; should parse arrays" time="0.000257686">
        </testcase>
        <testcase classname="src/utils/yaml-parser.test.ts" name="yaml-parser &gt; parse &gt; should parse nested objects" time="0.000164514">
        </testcase>
        <testcase classname="src/utils/yaml-parser.test.ts" name="yaml-parser &gt; stringify &gt; should stringify simple objects" time="0.000325161">
        </testcase>
        <testcase classname="src/utils/yaml-parser.test.ts" name="yaml-parser &gt; stringify &gt; should stringify arrays" time="0.000109793">
        </testcase>
        <testcase classname="src/utils/yaml-parser.test.ts" name="yaml-parser &gt; stringify &gt; should stringify nested objects" time="0.000090147">
        </testcase>
        <testcase classname="src/utils/yaml-parser.test.ts" name="yaml-parser &gt; stringify &gt; string escaping security &gt; should properly escape strings with quotes" time="0.000096698">
        </testcase>
        <testcase classname="src/utils/yaml-parser.test.ts" name="yaml-parser &gt; stringify &gt; string escaping security &gt; should properly escape strings with backslashes" time="0.000073206">
        </testcase>
        <testcase classname="src/utils/yaml-parser.test.ts" name="yaml-parser &gt; stringify &gt; string escaping security &gt; should properly escape strings with backslash-quote sequences" time="0.000080239">
        </testcase>
        <testcase classname="src/utils/yaml-parser.test.ts" name="yaml-parser &gt; stringify &gt; string escaping security &gt; should handle complex escaping scenarios" time="0.000159465">
        </testcase>
        <testcase classname="src/utils/yaml-parser.test.ts" name="yaml-parser &gt; stringify &gt; string escaping security &gt; should maintain round-trip integrity for escaped strings" time="0.000347442">
        </testcase>
        <testcase classname="src/utils/yaml-parser.test.ts" name="yaml-parser &gt; stringify &gt; string escaping security &gt; should not quote strings that do not need quoting" time="0.000098653">
        </testcase>
        <testcase classname="src/utils/yaml-parser.test.ts" name="yaml-parser &gt; stringify &gt; string escaping security &gt; should quote strings with colons" time="0.000067284">
        </testcase>
        <testcase classname="src/utils/yaml-parser.test.ts" name="yaml-parser &gt; stringify &gt; string escaping security &gt; should quote strings with hash symbols" time="0.000094635">
        </testcase>
        <testcase classname="src/utils/yaml-parser.test.ts" name="yaml-parser &gt; stringify &gt; string escaping security &gt; should quote strings with leading/trailing whitespace" time="0.000057055">
        </testcase>
        <testcase classname="src/utils/yaml-parser.test.ts" name="yaml-parser &gt; stringify &gt; numeric string handling &gt; should parse unquoted numeric values as numbers" time="0.000144648">
        </testcase>
        <testcase classname="src/utils/yaml-parser.test.ts" name="yaml-parser &gt; stringify &gt; numeric string handling &gt; should parse quoted numeric values as strings" time="0.000130471">
        </testcase>
        <testcase classname="src/utils/yaml-parser.test.ts" name="yaml-parser &gt; stringify &gt; numeric string handling &gt; should handle mixed numeric and string values" time="0.000133377">
        </testcase>
    </testsuite>
    <testsuite name="src/core/__tests__/openaiTimeoutHandling.test.ts" timestamp="2025-10-01T18:54:56.670Z" hostname="uby" tests="12" failures="0" errors="0" skipped="0" time="0.024229334">
        <testcase classname="src/core/__tests__/openaiTimeoutHandling.test.ts" name="OpenAIContentGenerator Timeout Handling &gt; timeout error identification through actual requests &gt; should handle various timeout error formats correctly" time="0.006487516">
            <system-err>
OpenAI API Error: Request timeout after 0s. Try reducing input length or increasing timeout in config.

OpenAI API Error: Request timeout after 0s. Try reducing input length or increasing timeout in config.

OpenAI API Error: Request timeout after 0s. Try reducing input length or increasing timeout in config.

OpenAI API Error: Request timeout after 0s. Try reducing input length or increasing timeout in config.

OpenAI API Error: Request timeout after 0s. Try reducing input length or increasing timeout in config.

OpenAI API Error: Request timeout after 0s. Try reducing input length or increasing timeout in config.

OpenAI API Error: Request timeout after 0s. Try reducing input length or increasing timeout in config.

OpenAI API Error: Request timeout after 0s. Try reducing input length or increasing timeout in config.

            </system-err>
        </testcase>
        <testcase classname="src/core/__tests__/openaiTimeoutHandling.test.ts" name="OpenAIContentGenerator Timeout Handling &gt; timeout error identification through actual requests &gt; should handle non-timeout errors without timeout messaging" time="0.00214178">
            <system-err>
OpenAI API Error: Invalid API key

OpenAI API Error: Rate limit exceeded

OpenAI API Error: Model not found

OpenAI API Error: Auth error

OpenAI API Error: API error

            </system-err>
        </testcase>
        <testcase classname="src/core/__tests__/openaiTimeoutHandling.test.ts" name="OpenAIContentGenerator Timeout Handling &gt; generateContent timeout handling &gt; should handle timeout errors with helpful message" time="0.00191456">
            <system-err>
OpenAI API Error: Request timeout after 0s. Try reducing input length or increasing timeout in config.

            </system-err>
        </testcase>
        <testcase classname="src/core/__tests__/openaiTimeoutHandling.test.ts" name="OpenAIContentGenerator Timeout Handling &gt; generateContent timeout handling &gt; should handle non-timeout errors normally" time="0.000823263">
            <system-err>
OpenAI API Error: Invalid API key

            </system-err>
        </testcase>
        <testcase classname="src/core/__tests__/openaiTimeoutHandling.test.ts" name="OpenAIContentGenerator Timeout Handling &gt; generateContent timeout handling &gt; should include troubleshooting tips for timeout errors" time="0.000766988">
            <system-err>
OpenAI API Error: Request timeout after 0s. Try reducing input length or increasing timeout in config.

            </system-err>
        </testcase>
        <testcase classname="src/core/__tests__/openaiTimeoutHandling.test.ts" name="OpenAIContentGenerator Timeout Handling &gt; generateContentStream timeout handling &gt; should handle streaming timeout errors" time="0.000996041">
            <system-err>
OpenAI API Streaming Error: Streaming request timeout after 0s. Try reducing input length or increasing timeout in config.

            </system-err>
        </testcase>
        <testcase classname="src/core/__tests__/openaiTimeoutHandling.test.ts" name="OpenAIContentGenerator Timeout Handling &gt; generateContentStream timeout handling &gt; should include streaming-specific troubleshooting tips" time="0.003280055">
            <system-err>
OpenAI API Streaming Error: Streaming request timeout after 0s. Try reducing input length or increasing timeout in config.

            </system-err>
        </testcase>
        <testcase classname="src/core/__tests__/openaiTimeoutHandling.test.ts" name="OpenAIContentGenerator Timeout Handling &gt; timeout configuration &gt; should use default timeout configuration" time="0.001424133">
        </testcase>
        <testcase classname="src/core/__tests__/openaiTimeoutHandling.test.ts" name="OpenAIContentGenerator Timeout Handling &gt; timeout configuration &gt; should use custom timeout from config" time="0.0010928">
        </testcase>
        <testcase classname="src/core/__tests__/openaiTimeoutHandling.test.ts" name="OpenAIContentGenerator Timeout Handling &gt; timeout configuration &gt; should handle missing timeout config gracefully" time="0.001005319">
        </testcase>
        <testcase classname="src/core/__tests__/openaiTimeoutHandling.test.ts" name="OpenAIContentGenerator Timeout Handling &gt; token estimation on timeout &gt; should surface a clear timeout error when request times out" time="0.001309241">
            <system-err>
OpenAI API Error: Request timeout after 0s. Try reducing input length or increasing timeout in config.

            </system-err>
        </testcase>
        <testcase classname="src/core/__tests__/openaiTimeoutHandling.test.ts" name="OpenAIContentGenerator Timeout Handling &gt; token estimation on timeout &gt; should fall back to character-based estimation if countTokens fails" time="0.001315373">
            <system-err>
OpenAI API Error: Request timeout after 0s. Try reducing input length or increasing timeout in config.

            </system-err>
        </testcase>
    </testsuite>
    <testsuite name="src/core/openaiContentGenerator/converter.test.ts" timestamp="2025-10-01T18:54:56.671Z" hostname="uby" tests="3" failures="0" errors="0" skipped="0" time="0.005662521">
        <testcase classname="src/core/openaiContentGenerator/converter.test.ts" name="OpenAIContentConverter &gt; resetStreamingToolCalls &gt; should clear streaming tool calls accumulator" time="0.001893231">
        </testcase>
        <testcase classname="src/core/openaiContentGenerator/converter.test.ts" name="OpenAIContentConverter &gt; resetStreamingToolCalls &gt; should be safe to call multiple times" time="0.000158593">
        </testcase>
        <testcase classname="src/core/openaiContentGenerator/converter.test.ts" name="OpenAIContentConverter &gt; resetStreamingToolCalls &gt; should be safe to call on empty accumulator" time="0.000094605">
        </testcase>
    </testsuite>
    <testsuite name="src/core/openaiContentGenerator/errorHandler.test.ts" timestamp="2025-10-01T18:54:56.671Z" hostname="uby" tests="38" failures="0" errors="0" skipped="0" time="0.014026958">
        <testcase classname="src/core/openaiContentGenerator/errorHandler.test.ts" name="EnhancedErrorHandler &gt; constructor &gt; should create instance with default shouldSuppressLogging function" time="0.001891507">
        </testcase>
        <testcase classname="src/core/openaiContentGenerator/errorHandler.test.ts" name="EnhancedErrorHandler &gt; constructor &gt; should create instance with custom shouldSuppressLogging function" time="0.000215569">
        </testcase>
        <testcase classname="src/core/openaiContentGenerator/errorHandler.test.ts" name="EnhancedErrorHandler &gt; handle method &gt; should throw the original error for non-timeout errors" time="0.000761418">
        </testcase>
        <testcase classname="src/core/openaiContentGenerator/errorHandler.test.ts" name="EnhancedErrorHandler &gt; handle method &gt; should log error message for non-timeout errors" time="0.001077041">
        </testcase>
        <testcase classname="src/core/openaiContentGenerator/errorHandler.test.ts" name="EnhancedErrorHandler &gt; handle method &gt; should log streaming error message for streaming requests" time="0.000241937">
        </testcase>
        <testcase classname="src/core/openaiContentGenerator/errorHandler.test.ts" name="EnhancedErrorHandler &gt; handle method &gt; should throw enhanced error message for timeout errors" time="0.000252327">
        </testcase>
        <testcase classname="src/core/openaiContentGenerator/errorHandler.test.ts" name="EnhancedErrorHandler &gt; handle method &gt; should not log error when suppression is enabled" time="0.000805259">
        </testcase>
        <testcase classname="src/core/openaiContentGenerator/errorHandler.test.ts" name="EnhancedErrorHandler &gt; handle method &gt; should handle string errors" time="0.000292371">
        </testcase>
        <testcase classname="src/core/openaiContentGenerator/errorHandler.test.ts" name="EnhancedErrorHandler &gt; handle method &gt; should handle null/undefined errors" time="0.000437429">
        </testcase>
        <testcase classname="src/core/openaiContentGenerator/errorHandler.test.ts" name="EnhancedErrorHandler &gt; shouldSuppressErrorLogging method &gt; should return false by default" time="0.000230386">
        </testcase>
        <testcase classname="src/core/openaiContentGenerator/errorHandler.test.ts" name="EnhancedErrorHandler &gt; shouldSuppressErrorLogging method &gt; should use custom suppression function" time="0.000208215">
        </testcase>
        <testcase classname="src/core/openaiContentGenerator/errorHandler.test.ts" name="EnhancedErrorHandler &gt; timeout error detection &gt; should detect timeout error: timeout in message" time="0.000932354">
        </testcase>
        <testcase classname="src/core/openaiContentGenerator/errorHandler.test.ts" name="EnhancedErrorHandler &gt; timeout error detection &gt; should detect timeout error: timed out in message" time="0.0002974">
        </testcase>
        <testcase classname="src/core/openaiContentGenerator/errorHandler.test.ts" name="EnhancedErrorHandler &gt; timeout error detection &gt; should detect timeout error: connection timeout" time="0.000199359">
        </testcase>
        <testcase classname="src/core/openaiContentGenerator/errorHandler.test.ts" name="EnhancedErrorHandler &gt; timeout error detection &gt; should detect timeout error: request timeout" time="0.000134849">
        </testcase>
        <testcase classname="src/core/openaiContentGenerator/errorHandler.test.ts" name="EnhancedErrorHandler &gt; timeout error detection &gt; should detect timeout error: read timeout" time="0.000076893">
        </testcase>
        <testcase classname="src/core/openaiContentGenerator/errorHandler.test.ts" name="EnhancedErrorHandler &gt; timeout error detection &gt; should detect timeout error: etimedout" time="0.00007038">
        </testcase>
        <testcase classname="src/core/openaiContentGenerator/errorHandler.test.ts" name="EnhancedErrorHandler &gt; timeout error detection &gt; should detect timeout error: esockettimedout" time="0.000079717">
        </testcase>
        <testcase classname="src/core/openaiContentGenerator/errorHandler.test.ts" name="EnhancedErrorHandler &gt; timeout error detection &gt; should detect timeout error: deadline exceeded" time="0.000076371">
        </testcase>
        <testcase classname="src/core/openaiContentGenerator/errorHandler.test.ts" name="EnhancedErrorHandler &gt; timeout error detection &gt; should detect timeout error: ETIMEDOUT code" time="0.000120082">
        </testcase>
        <testcase classname="src/core/openaiContentGenerator/errorHandler.test.ts" name="EnhancedErrorHandler &gt; timeout error detection &gt; should detect timeout error: ESOCKETTIMEDOUT code" time="0.000155668">
        </testcase>
        <testcase classname="src/core/openaiContentGenerator/errorHandler.test.ts" name="EnhancedErrorHandler &gt; timeout error detection &gt; should detect timeout error: timeout type" time="0.000135931">
        </testcase>
        <testcase classname="src/core/openaiContentGenerator/errorHandler.test.ts" name="EnhancedErrorHandler &gt; timeout error detection &gt; should not detect non-timeout errors as timeout" time="0.000277233">
        </testcase>
        <testcase classname="src/core/openaiContentGenerator/errorHandler.test.ts" name="EnhancedErrorHandler &gt; timeout error detection &gt; should handle case-insensitive timeout detection" time="0.000201703">
        </testcase>
        <testcase classname="src/core/openaiContentGenerator/errorHandler.test.ts" name="EnhancedErrorHandler &gt; error message building &gt; should build timeout error message for non-streaming requests" time="0.000220909">
        </testcase>
        <testcase classname="src/core/openaiContentGenerator/errorHandler.test.ts" name="EnhancedErrorHandler &gt; error message building &gt; should build timeout error message for streaming requests" time="0.000185694">
        </testcase>
        <testcase classname="src/core/openaiContentGenerator/errorHandler.test.ts" name="EnhancedErrorHandler &gt; error message building &gt; should use original error message for non-timeout errors" time="0.000211391">
        </testcase>
        <testcase classname="src/core/openaiContentGenerator/errorHandler.test.ts" name="EnhancedErrorHandler &gt; error message building &gt; should handle non-Error objects" time="0.000261944">
        </testcase>
        <testcase classname="src/core/openaiContentGenerator/errorHandler.test.ts" name="EnhancedErrorHandler &gt; error message building &gt; should convert non-Error objects to strings for timeout errors" time="0.000268256">
        </testcase>
        <testcase classname="src/core/openaiContentGenerator/errorHandler.test.ts" name="EnhancedErrorHandler &gt; error message building &gt; should handle different duration values correctly" time="0.000208415">
        </testcase>
        <testcase classname="src/core/openaiContentGenerator/errorHandler.test.ts" name="EnhancedErrorHandler &gt; troubleshooting tips generation &gt; should provide general troubleshooting tips for non-streaming requests" time="0.00020001">
        </testcase>
        <testcase classname="src/core/openaiContentGenerator/errorHandler.test.ts" name="EnhancedErrorHandler &gt; troubleshooting tips generation &gt; should provide streaming-specific troubleshooting tips for streaming requests" time="0.000242939">
        </testcase>
        <testcase classname="src/core/openaiContentGenerator/errorHandler.test.ts" name="EnhancedErrorHandler &gt; ErrorHandler interface compliance &gt; should implement ErrorHandler interface correctly" time="0.000280258">
        </testcase>
        <testcase classname="src/core/openaiContentGenerator/errorHandler.test.ts" name="EnhancedErrorHandler &gt; edge cases &gt; should handle zero duration" time="0.000237189">
        </testcase>
        <testcase classname="src/core/openaiContentGenerator/errorHandler.test.ts" name="EnhancedErrorHandler &gt; edge cases &gt; should handle negative duration" time="0.000170606">
        </testcase>
        <testcase classname="src/core/openaiContentGenerator/errorHandler.test.ts" name="EnhancedErrorHandler &gt; edge cases &gt; should handle very large duration" time="0.00030806">
        </testcase>
        <testcase classname="src/core/openaiContentGenerator/errorHandler.test.ts" name="EnhancedErrorHandler &gt; edge cases &gt; should handle empty error message" time="0.000226539">
        </testcase>
        <testcase classname="src/core/openaiContentGenerator/errorHandler.test.ts" name="EnhancedErrorHandler &gt; edge cases &gt; should handle error with only whitespace message" time="0.000153374">
        </testcase>
    </testsuite>
    <testsuite name="src/core/openaiContentGenerator/openaiContentGenerator.test.ts" timestamp="2025-10-01T18:54:56.672Z" hostname="uby" tests="8" failures="0" errors="0" skipped="0" time="0.008992729">
        <testcase classname="src/core/openaiContentGenerator/openaiContentGenerator.test.ts" name="OpenAIContentGenerator (Refactored) &gt; constructor &gt; should initialize with basic configuration" time="0.002190781">
        </testcase>
        <testcase classname="src/core/openaiContentGenerator/openaiContentGenerator.test.ts" name="OpenAIContentGenerator (Refactored) &gt; generateContent &gt; should delegate to pipeline.execute" time="0.000507999">
        </testcase>
        <testcase classname="src/core/openaiContentGenerator/openaiContentGenerator.test.ts" name="OpenAIContentGenerator (Refactored) &gt; generateContentStream &gt; should delegate to pipeline.executeStream" time="0.000305836">
        </testcase>
        <testcase classname="src/core/openaiContentGenerator/openaiContentGenerator.test.ts" name="OpenAIContentGenerator (Refactored) &gt; countTokens &gt; should count tokens using tiktoken" time="0.001093412">
        </testcase>
        <testcase classname="src/core/openaiContentGenerator/openaiContentGenerator.test.ts" name="OpenAIContentGenerator (Refactored) &gt; countTokens &gt; should fall back to character approximation if tiktoken fails" time="0.000847588">
        </testcase>
        <testcase classname="src/core/openaiContentGenerator/openaiContentGenerator.test.ts" name="OpenAIContentGenerator (Refactored) &gt; embedContent &gt; should delegate to pipeline.client.embeddings.create" time="0.000328778">
        </testcase>
        <testcase classname="src/core/openaiContentGenerator/openaiContentGenerator.test.ts" name="OpenAIContentGenerator (Refactored) &gt; shouldSuppressErrorLogging &gt; should return false by default" time="0.001215647">
        </testcase>
        <testcase classname="src/core/openaiContentGenerator/openaiContentGenerator.test.ts" name="OpenAIContentGenerator (Refactored) &gt; shouldSuppressErrorLogging &gt; should allow subclasses to override error suppression behavior" time="0.000943295">
        </testcase>
    </testsuite>
    <testsuite name="src/core/openaiContentGenerator/pipeline.test.ts" timestamp="2025-10-01T18:54:56.673Z" hostname="uby" tests="17" failures="0" errors="0" skipped="0" time="0.017266047">
        <testcase classname="src/core/openaiContentGenerator/pipeline.test.ts" name="ContentGenerationPipeline &gt; constructor &gt; should initialize with correct configuration" time="0.002794808">
        </testcase>
        <testcase classname="src/core/openaiContentGenerator/pipeline.test.ts" name="ContentGenerationPipeline &gt; execute &gt; should successfully execute non-streaming request" time="0.003216888">
        </testcase>
        <testcase classname="src/core/openaiContentGenerator/pipeline.test.ts" name="ContentGenerationPipeline &gt; execute &gt; should handle tools in request" time="0.000656674">
        </testcase>
        <testcase classname="src/core/openaiContentGenerator/pipeline.test.ts" name="ContentGenerationPipeline &gt; execute &gt; should handle errors and log them" time="0.001643188">
        </testcase>
        <testcase classname="src/core/openaiContentGenerator/pipeline.test.ts" name="ContentGenerationPipeline &gt; executeStream &gt; should successfully execute streaming request" time="0.001220016">
        </testcase>
        <testcase classname="src/core/openaiContentGenerator/pipeline.test.ts" name="ContentGenerationPipeline &gt; executeStream &gt; should filter empty responses" time="0.000514451">
        </testcase>
        <testcase classname="src/core/openaiContentGenerator/pipeline.test.ts" name="ContentGenerationPipeline &gt; executeStream &gt; should handle streaming errors and reset tool calls" time="0.000636607">
        </testcase>
        <testcase classname="src/core/openaiContentGenerator/pipeline.test.ts" name="ContentGenerationPipeline &gt; executeStream &gt; should merge finishReason and usageMetadata from separate chunks" time="0.000693081">
        </testcase>
        <testcase classname="src/core/openaiContentGenerator/pipeline.test.ts" name="ContentGenerationPipeline &gt; executeStream &gt; should handle ideal case where last chunk has both finishReason and usageMetadata" time="0.000464369">
        </testcase>
        <testcase classname="src/core/openaiContentGenerator/pipeline.test.ts" name="ContentGenerationPipeline &gt; executeStream &gt; should handle providers that send zero usage in finish chunk (like modelscope)" time="0.000599759">
        </testcase>
        <testcase classname="src/core/openaiContentGenerator/pipeline.test.ts" name="ContentGenerationPipeline &gt; executeStream &gt; should handle providers that send finishReason and valid usage in same chunk" time="0.0004703">
        </testcase>
        <testcase classname="src/core/openaiContentGenerator/pipeline.test.ts" name="ContentGenerationPipeline &gt; buildRequest &gt; should build request with sampling parameters" time="0.000409627">
        </testcase>
        <testcase classname="src/core/openaiContentGenerator/pipeline.test.ts" name="ContentGenerationPipeline &gt; buildRequest &gt; should use config sampling parameters when request parameters are not provided" time="0.000417261">
        </testcase>
        <testcase classname="src/core/openaiContentGenerator/pipeline.test.ts" name="ContentGenerationPipeline &gt; buildRequest &gt; should allow provider to enhance request" time="0.000488253">
        </testcase>
        <testcase classname="src/core/openaiContentGenerator/pipeline.test.ts" name="ContentGenerationPipeline &gt; createRequestContext &gt; should create context with correct properties for non-streaming request" time="0.000428622">
        </testcase>
        <testcase classname="src/core/openaiContentGenerator/pipeline.test.ts" name="ContentGenerationPipeline &gt; createRequestContext &gt; should create context with correct properties for streaming request" time="0.000465621">
        </testcase>
        <testcase classname="src/core/openaiContentGenerator/pipeline.test.ts" name="ContentGenerationPipeline &gt; createRequestContext &gt; should collect all OpenAI chunks for logging even when Gemini responses are filtered" time="0.000699314">
        </testcase>
    </testsuite>
    <testsuite name="src/core/openaiContentGenerator/streamingToolCallParser.test.ts" timestamp="2025-10-01T18:54:56.673Z" hostname="uby" tests="51" failures="0" errors="0" skipped="0" time="0.021937006">
        <testcase classname="src/core/openaiContentGenerator/streamingToolCallParser.test.ts" name="StreamingToolCallParser &gt; Basic functionality &gt; should initialize with empty state" time="0.002024344">
        </testcase>
        <testcase classname="src/core/openaiContentGenerator/streamingToolCallParser.test.ts" name="StreamingToolCallParser &gt; Basic functionality &gt; should handle simple complete JSON in single chunk" time="0.000471041">
        </testcase>
        <testcase classname="src/core/openaiContentGenerator/streamingToolCallParser.test.ts" name="StreamingToolCallParser &gt; Basic functionality &gt; should accumulate chunks until complete JSON" time="0.000197104">
        </testcase>
        <testcase classname="src/core/openaiContentGenerator/streamingToolCallParser.test.ts" name="StreamingToolCallParser &gt; Basic functionality &gt; should handle empty chunks gracefully" time="0.000078155">
        </testcase>
        <testcase classname="src/core/openaiContentGenerator/streamingToolCallParser.test.ts" name="StreamingToolCallParser &gt; JSON depth tracking &gt; should track nested objects correctly" time="0.00021093">
        </testcase>
        <testcase classname="src/core/openaiContentGenerator/streamingToolCallParser.test.ts" name="StreamingToolCallParser &gt; JSON depth tracking &gt; should track nested arrays correctly" time="0.000185403">
        </testcase>
        <testcase classname="src/core/openaiContentGenerator/streamingToolCallParser.test.ts" name="StreamingToolCallParser &gt; JSON depth tracking &gt; should handle mixed nested structures" time="0.000279116">
        </testcase>
        <testcase classname="src/core/openaiContentGenerator/streamingToolCallParser.test.ts" name="StreamingToolCallParser &gt; String handling &gt; should handle strings with special characters" time="0.00019486">
        </testcase>
        <testcase classname="src/core/openaiContentGenerator/streamingToolCallParser.test.ts" name="StreamingToolCallParser &gt; String handling &gt; should handle strings with braces and brackets" time="0.000123528">
        </testcase>
        <testcase classname="src/core/openaiContentGenerator/streamingToolCallParser.test.ts" name="StreamingToolCallParser &gt; String handling &gt; should track string boundaries correctly across chunks" time="0.000141873">
        </testcase>
        <testcase classname="src/core/openaiContentGenerator/streamingToolCallParser.test.ts" name="StreamingToolCallParser &gt; String handling &gt; should handle escaped quotes in strings" time="0.000120402">
        </testcase>
        <testcase classname="src/core/openaiContentGenerator/streamingToolCallParser.test.ts" name="StreamingToolCallParser &gt; String handling &gt; should handle backslash escapes correctly" time="0.000087211">
        </testcase>
        <testcase classname="src/core/openaiContentGenerator/streamingToolCallParser.test.ts" name="StreamingToolCallParser &gt; Error handling and repair &gt; should return error for malformed JSON at depth 0" time="0.000215859">
        </testcase>
        <testcase classname="src/core/openaiContentGenerator/streamingToolCallParser.test.ts" name="StreamingToolCallParser &gt; Error handling and repair &gt; should auto-repair unclosed strings" time="0.001781385">
        </testcase>
        <testcase classname="src/core/openaiContentGenerator/streamingToolCallParser.test.ts" name="StreamingToolCallParser &gt; Error handling and repair &gt; should not attempt repair when still in nested structure" time="0.000376335">
        </testcase>
        <testcase classname="src/core/openaiContentGenerator/streamingToolCallParser.test.ts" name="StreamingToolCallParser &gt; Error handling and repair &gt; should handle repair failure gracefully" time="0.000133647">
        </testcase>
        <testcase classname="src/core/openaiContentGenerator/streamingToolCallParser.test.ts" name="StreamingToolCallParser &gt; Multiple tool calls &gt; should handle multiple tool calls with different indices" time="0.00019427">
        </testcase>
        <testcase classname="src/core/openaiContentGenerator/streamingToolCallParser.test.ts" name="StreamingToolCallParser &gt; Multiple tool calls &gt; should handle interleaved chunks from multiple tool calls" time="0.000148625">
        </testcase>
        <testcase classname="src/core/openaiContentGenerator/streamingToolCallParser.test.ts" name="StreamingToolCallParser &gt; Multiple tool calls &gt; should maintain separate state for each index" time="0.000115193">
        </testcase>
        <testcase classname="src/core/openaiContentGenerator/streamingToolCallParser.test.ts" name="StreamingToolCallParser &gt; Tool call metadata handling &gt; should store and retrieve tool call metadata" time="0.000077674">
        </testcase>
        <testcase classname="src/core/openaiContentGenerator/streamingToolCallParser.test.ts" name="StreamingToolCallParser &gt; Tool call metadata handling &gt; should handle metadata-only chunks" time="0.000067395">
        </testcase>
        <testcase classname="src/core/openaiContentGenerator/streamingToolCallParser.test.ts" name="StreamingToolCallParser &gt; Tool call metadata handling &gt; should update metadata incrementally" time="0.000288874">
        </testcase>
        <testcase classname="src/core/openaiContentGenerator/streamingToolCallParser.test.ts" name="StreamingToolCallParser &gt; Tool call metadata handling &gt; should detect new tool call with same index and reassign to new index" time="0.000495326">
        </testcase>
        <testcase classname="src/core/openaiContentGenerator/streamingToolCallParser.test.ts" name="StreamingToolCallParser &gt; Completed tool calls &gt; should return completed tool calls" time="0.000276712">
        </testcase>
        <testcase classname="src/core/openaiContentGenerator/streamingToolCallParser.test.ts" name="StreamingToolCallParser &gt; Completed tool calls &gt; should handle completed tool calls with repair" time="0.000339327">
        </testcase>
        <testcase classname="src/core/openaiContentGenerator/streamingToolCallParser.test.ts" name="StreamingToolCallParser &gt; Completed tool calls &gt; should use safeJsonParse as fallback for malformed JSON" time="0.00058388">
        </testcase>
        <testcase classname="src/core/openaiContentGenerator/streamingToolCallParser.test.ts" name="StreamingToolCallParser &gt; Completed tool calls &gt; should not return tool calls without function name" time="0.000164664">
        </testcase>
        <testcase classname="src/core/openaiContentGenerator/streamingToolCallParser.test.ts" name="StreamingToolCallParser &gt; Completed tool calls &gt; should not return tool calls with empty buffer" time="0.000134459">
        </testcase>
        <testcase classname="src/core/openaiContentGenerator/streamingToolCallParser.test.ts" name="StreamingToolCallParser &gt; Edge cases &gt; should handle very large JSON objects" time="0.00081649">
        </testcase>
        <testcase classname="src/core/openaiContentGenerator/streamingToolCallParser.test.ts" name="StreamingToolCallParser &gt; Edge cases &gt; should handle deeply nested structures" time="0.00098412">
        </testcase>
        <testcase classname="src/core/openaiContentGenerator/streamingToolCallParser.test.ts" name="StreamingToolCallParser &gt; Edge cases &gt; should handle JSON with unicode characters" time="0.000231277">
        </testcase>
        <testcase classname="src/core/openaiContentGenerator/streamingToolCallParser.test.ts" name="StreamingToolCallParser &gt; Edge cases &gt; should handle JSON with null and boolean values" time="0.000208134">
        </testcase>
        <testcase classname="src/core/openaiContentGenerator/streamingToolCallParser.test.ts" name="StreamingToolCallParser &gt; Edge cases &gt; should handle JSON with numbers" time="0.0001409">
        </testcase>
        <testcase classname="src/core/openaiContentGenerator/streamingToolCallParser.test.ts" name="StreamingToolCallParser &gt; Edge cases &gt; should handle whitespace-only chunks" time="0.00011874">
        </testcase>
        <testcase classname="src/core/openaiContentGenerator/streamingToolCallParser.test.ts" name="StreamingToolCallParser &gt; Edge cases &gt; should handle chunks with only structural characters" time="0.000120272">
        </testcase>
        <testcase classname="src/core/openaiContentGenerator/streamingToolCallParser.test.ts" name="StreamingToolCallParser &gt; Real-world streaming scenarios &gt; should handle typical OpenAI streaming pattern" time="0.00020517">
        </testcase>
        <testcase classname="src/core/openaiContentGenerator/streamingToolCallParser.test.ts" name="StreamingToolCallParser &gt; Real-world streaming scenarios &gt; should handle multiple concurrent tool calls streaming" time="0.000272524">
        </testcase>
        <testcase classname="src/core/openaiContentGenerator/streamingToolCallParser.test.ts" name="StreamingToolCallParser &gt; Real-world streaming scenarios &gt; should handle malformed streaming that gets repaired" time="0.000244582">
        </testcase>
        <testcase classname="src/core/openaiContentGenerator/streamingToolCallParser.test.ts" name="StreamingToolCallParser &gt; Tool call ID collision detection and mapping &gt; should handle tool call ID reuse correctly" time="0.000214356">
        </testcase>
        <testcase classname="src/core/openaiContentGenerator/streamingToolCallParser.test.ts" name="StreamingToolCallParser &gt; Tool call ID collision detection and mapping &gt; should detect index collision and find new index" time="0.00059987">
        </testcase>
        <testcase classname="src/core/openaiContentGenerator/streamingToolCallParser.test.ts" name="StreamingToolCallParser &gt; Tool call ID collision detection and mapping &gt; should handle continuation chunks without ID correctly" time="0.000149236">
        </testcase>
        <testcase classname="src/core/openaiContentGenerator/streamingToolCallParser.test.ts" name="StreamingToolCallParser &gt; Tool call ID collision detection and mapping &gt; should find most recent incomplete tool call for continuation chunks" time="0.000298412">
        </testcase>
        <testcase classname="src/core/openaiContentGenerator/streamingToolCallParser.test.ts" name="StreamingToolCallParser &gt; Index management and reset functionality &gt; should reset individual index correctly" time="0.000265521">
        </testcase>
        <testcase classname="src/core/openaiContentGenerator/streamingToolCallParser.test.ts" name="StreamingToolCallParser &gt; Index management and reset functionality &gt; should find next available index when all lower indices are occupied" time="0.000235616">
        </testcase>
        <testcase classname="src/core/openaiContentGenerator/streamingToolCallParser.test.ts" name="StreamingToolCallParser &gt; Index management and reset functionality &gt; should reuse incomplete index when available" time="0.00010252">
        </testcase>
        <testcase classname="src/core/openaiContentGenerator/streamingToolCallParser.test.ts" name="StreamingToolCallParser &gt; Repair functionality and flags &gt; should test repair functionality in getCompletedToolCalls" time="0.001954805">
        </testcase>
        <testcase classname="src/core/openaiContentGenerator/streamingToolCallParser.test.ts" name="StreamingToolCallParser &gt; Repair functionality and flags &gt; should not set repaired flag for normal parsing" time="0.000203106">
        </testcase>
        <testcase classname="src/core/openaiContentGenerator/streamingToolCallParser.test.ts" name="StreamingToolCallParser &gt; Repair functionality and flags &gt; should not attempt repair when still in nested structure" time="0.000116546">
        </testcase>
        <testcase classname="src/core/openaiContentGenerator/streamingToolCallParser.test.ts" name="StreamingToolCallParser &gt; Repair functionality and flags &gt; should handle repair failure gracefully" time="0.000136002">
        </testcase>
        <testcase classname="src/core/openaiContentGenerator/streamingToolCallParser.test.ts" name="StreamingToolCallParser &gt; Complex collision scenarios &gt; should handle rapid tool call switching at same index" time="0.002129818">
        </testcase>
        <testcase classname="src/core/openaiContentGenerator/streamingToolCallParser.test.ts" name="StreamingToolCallParser &gt; Complex collision scenarios &gt; should handle interleaved chunks from multiple tool calls with ID mapping" time="0.000320884">
        </testcase>
    </testsuite>
    <testsuite name="src/core/openaiContentGenerator/telemetryService.test.ts" timestamp="2025-10-01T18:54:56.675Z" hostname="uby" tests="33" failures="0" errors="0" skipped="0" time="0.017947638">
        <testcase classname="src/core/openaiContentGenerator/telemetryService.test.ts" name="DefaultTelemetryService &gt; constructor &gt; should create instance with default OpenAI logging disabled" time="0.001906786">
        </testcase>
        <testcase classname="src/core/openaiContentGenerator/telemetryService.test.ts" name="DefaultTelemetryService &gt; constructor &gt; should create instance with OpenAI logging enabled when specified" time="0.000265411">
        </testcase>
        <testcase classname="src/core/openaiContentGenerator/telemetryService.test.ts" name="DefaultTelemetryService &gt; logSuccess &gt; should log API response event with complete response data" time="0.003463655">
        </testcase>
        <testcase classname="src/core/openaiContentGenerator/telemetryService.test.ts" name="DefaultTelemetryService &gt; logSuccess &gt; should handle response without responseId" time="0.000598596">
        </testcase>
        <testcase classname="src/core/openaiContentGenerator/telemetryService.test.ts" name="DefaultTelemetryService &gt; logSuccess &gt; should handle response without usage metadata" time="0.000398527">
        </testcase>
        <testcase classname="src/core/openaiContentGenerator/telemetryService.test.ts" name="DefaultTelemetryService &gt; logSuccess &gt; should not log OpenAI interaction when logging is disabled" time="0.000401343">
        </testcase>
        <testcase classname="src/core/openaiContentGenerator/telemetryService.test.ts" name="DefaultTelemetryService &gt; logSuccess &gt; should log OpenAI interaction when logging is enabled" time="0.000578851">
        </testcase>
        <testcase classname="src/core/openaiContentGenerator/telemetryService.test.ts" name="DefaultTelemetryService &gt; logSuccess &gt; should not log OpenAI interaction when request or response is missing" time="0.000368942">
        </testcase>
        <testcase classname="src/core/openaiContentGenerator/telemetryService.test.ts" name="DefaultTelemetryService &gt; logError &gt; should log API error event with Error instance" time="0.000565235">
        </testcase>
        <testcase classname="src/core/openaiContentGenerator/telemetryService.test.ts" name="DefaultTelemetryService &gt; logError &gt; should handle error without requestID" time="0.000318098">
        </testcase>
        <testcase classname="src/core/openaiContentGenerator/telemetryService.test.ts" name="DefaultTelemetryService &gt; logError &gt; should handle non-Error objects" time="0.000279226">
        </testcase>
        <testcase classname="src/core/openaiContentGenerator/telemetryService.test.ts" name="DefaultTelemetryService &gt; logError &gt; should handle null/undefined errors" time="0.000785322">
        </testcase>
        <testcase classname="src/core/openaiContentGenerator/telemetryService.test.ts" name="DefaultTelemetryService &gt; logError &gt; should not log OpenAI interaction when logging is disabled" time="0.000293733">
        </testcase>
        <testcase classname="src/core/openaiContentGenerator/telemetryService.test.ts" name="DefaultTelemetryService &gt; logError &gt; should log OpenAI interaction when logging is enabled" time="0.000253398">
        </testcase>
        <testcase classname="src/core/openaiContentGenerator/telemetryService.test.ts" name="DefaultTelemetryService &gt; logError &gt; should not log OpenAI interaction when request is missing" time="0.000158263">
        </testcase>
        <testcase classname="src/core/openaiContentGenerator/telemetryService.test.ts" name="DefaultTelemetryService &gt; logStreamingSuccess &gt; should log streaming success with multiple responses" time="0.000336732">
        </testcase>
        <testcase classname="src/core/openaiContentGenerator/telemetryService.test.ts" name="DefaultTelemetryService &gt; logStreamingSuccess &gt; should handle empty responses array" time="0.000239814">
        </testcase>
        <testcase classname="src/core/openaiContentGenerator/telemetryService.test.ts" name="DefaultTelemetryService &gt; logStreamingSuccess &gt; should handle responses without usage metadata" time="0.000233241">
        </testcase>
        <testcase classname="src/core/openaiContentGenerator/telemetryService.test.ts" name="DefaultTelemetryService &gt; logStreamingSuccess &gt; should use the last response with usage metadata" time="0.000282072">
        </testcase>
        <testcase classname="src/core/openaiContentGenerator/telemetryService.test.ts" name="DefaultTelemetryService &gt; logStreamingSuccess &gt; should not log OpenAI interaction when logging is disabled" time="0.000189059">
        </testcase>
        <testcase classname="src/core/openaiContentGenerator/telemetryService.test.ts" name="DefaultTelemetryService &gt; logStreamingSuccess &gt; should log OpenAI interaction when logging is enabled" time="0.000770685">
        </testcase>
        <testcase classname="src/core/openaiContentGenerator/telemetryService.test.ts" name="DefaultTelemetryService &gt; logStreamingSuccess &gt; should not log OpenAI interaction when request or chunks are missing" time="0.000253899">
        </testcase>
        <testcase classname="src/core/openaiContentGenerator/telemetryService.test.ts" name="DefaultTelemetryService &gt; RequestContext interface &gt; should have all required properties" time="0.000287912">
        </testcase>
        <testcase classname="src/core/openaiContentGenerator/telemetryService.test.ts" name="DefaultTelemetryService &gt; RequestContext interface &gt; should support streaming context" time="0.000128848">
        </testcase>
        <testcase classname="src/core/openaiContentGenerator/telemetryService.test.ts" name="DefaultTelemetryService &gt; combineOpenAIChunksForLogging &gt; should combine simple text chunks correctly" time="0.000353233">
        </testcase>
        <testcase classname="src/core/openaiContentGenerator/telemetryService.test.ts" name="DefaultTelemetryService &gt; combineOpenAIChunksForLogging &gt; should combine tool call chunks correctly" time="0.000438551">
        </testcase>
        <testcase classname="src/core/openaiContentGenerator/telemetryService.test.ts" name="DefaultTelemetryService &gt; combineOpenAIChunksForLogging &gt; should handle mixed content and tool calls" time="0.000344077">
        </testcase>
        <testcase classname="src/core/openaiContentGenerator/telemetryService.test.ts" name="DefaultTelemetryService &gt; combineOpenAIChunksForLogging &gt; should handle chunks with no content or tool calls" time="0.000311757">
        </testcase>
        <testcase classname="src/core/openaiContentGenerator/telemetryService.test.ts" name="DefaultTelemetryService &gt; combineOpenAIChunksForLogging &gt; should use default values when usage is missing" time="0.000270971">
        </testcase>
        <testcase classname="src/core/openaiContentGenerator/telemetryService.test.ts" name="DefaultTelemetryService &gt; combineOpenAIChunksForLogging &gt; should use default finish_reason when missing" time="0.000353263">
        </testcase>
        <testcase classname="src/core/openaiContentGenerator/telemetryService.test.ts" name="DefaultTelemetryService &gt; combineOpenAIChunksForLogging &gt; should filter out empty tool calls" time="0.000242438">
        </testcase>
        <testcase classname="src/core/openaiContentGenerator/telemetryService.test.ts" name="DefaultTelemetryService &gt; integration with telemetry events &gt; should create ApiResponseEvent with correct structure" time="0.000359244">
        </testcase>
        <testcase classname="src/core/openaiContentGenerator/telemetryService.test.ts" name="DefaultTelemetryService &gt; integration with telemetry events &gt; should create ApiErrorEvent with correct structure" time="0.000292661">
        </testcase>
    </testsuite>
    <testsuite name="src/mcp/token-storage/base-token-storage.test.ts" timestamp="2025-10-01T18:54:56.676Z" hostname="uby" tests="12" failures="0" errors="0" skipped="0" time="0.005272329">
        <testcase classname="src/mcp/token-storage/base-token-storage.test.ts" name="BaseTokenStorage &gt; validateCredentials &gt; should validate valid credentials" time="0.002188116">
        </testcase>
        <testcase classname="src/mcp/token-storage/base-token-storage.test.ts" name="BaseTokenStorage &gt; validateCredentials &gt; should throw for missing server name" time="0.000233572">
        </testcase>
        <testcase classname="src/mcp/token-storage/base-token-storage.test.ts" name="BaseTokenStorage &gt; validateCredentials &gt; should throw for missing token" time="0.000112238">
        </testcase>
        <testcase classname="src/mcp/token-storage/base-token-storage.test.ts" name="BaseTokenStorage &gt; validateCredentials &gt; should throw for missing access token" time="0.00014563">
        </testcase>
        <testcase classname="src/mcp/token-storage/base-token-storage.test.ts" name="BaseTokenStorage &gt; validateCredentials &gt; should throw for missing token type" time="0.000166748">
        </testcase>
        <testcase classname="src/mcp/token-storage/base-token-storage.test.ts" name="BaseTokenStorage &gt; isTokenExpired &gt; should return false for tokens without expiry" time="0.000245854">
        </testcase>
        <testcase classname="src/mcp/token-storage/base-token-storage.test.ts" name="BaseTokenStorage &gt; isTokenExpired &gt; should return false for valid tokens" time="0.000125442">
        </testcase>
        <testcase classname="src/mcp/token-storage/base-token-storage.test.ts" name="BaseTokenStorage &gt; isTokenExpired &gt; should return true for expired tokens" time="0.000108531">
        </testcase>
        <testcase classname="src/mcp/token-storage/base-token-storage.test.ts" name="BaseTokenStorage &gt; isTokenExpired &gt; should apply 5-minute buffer for expiry check" time="0.000175144">
        </testcase>
        <testcase classname="src/mcp/token-storage/base-token-storage.test.ts" name="BaseTokenStorage &gt; sanitizeServerName &gt; should keep valid characters" time="0.00018922">
        </testcase>
        <testcase classname="src/mcp/token-storage/base-token-storage.test.ts" name="BaseTokenStorage &gt; sanitizeServerName &gt; should replace invalid characters with underscore" time="0.000110284">
        </testcase>
        <testcase classname="src/mcp/token-storage/base-token-storage.test.ts" name="BaseTokenStorage &gt; sanitizeServerName &gt; should handle special characters" time="0.000073967">
        </testcase>
    </testsuite>
    <testsuite name="src/telemetry/clearcut-logger/clearcut-logger.test.ts" timestamp="2025-10-01T18:54:56.676Z" hostname="uby" tests="21" failures="0" errors="0" skipped="0" time="0.127677928">
        <testcase classname="src/telemetry/clearcut-logger/clearcut-logger.test.ts" name="ClearcutLogger &gt; getInstance &gt; returns an instance if usage statistics are enabled" time="0.010544258">
        </testcase>
        <testcase classname="src/telemetry/clearcut-logger/clearcut-logger.test.ts" name="ClearcutLogger &gt; getInstance &gt; returns an instance if usage statistics are enabled" time="0.014060891">
        </testcase>
        <testcase classname="src/telemetry/clearcut-logger/clearcut-logger.test.ts" name="ClearcutLogger &gt; getInstance &gt; is a singleton" time="0.001794989">
        </testcase>
        <testcase classname="src/telemetry/clearcut-logger/clearcut-logger.test.ts" name="ClearcutLogger &gt; createLogEvent &gt; logs the total number of google accounts" time="0.002274316">
        </testcase>
        <testcase classname="src/telemetry/clearcut-logger/clearcut-logger.test.ts" name="ClearcutLogger &gt; createLogEvent &gt; logs the current surface from a github action" time="0.001469167">
        </testcase>
        <testcase classname="src/telemetry/clearcut-logger/clearcut-logger.test.ts" name="ClearcutLogger &gt; createLogEvent &gt; logs default metadata" time="0.00235225">
        </testcase>
        <testcase classname="src/telemetry/clearcut-logger/clearcut-logger.test.ts" name="ClearcutLogger &gt; createLogEvent &gt; logs the current surface" time="0.001325562">
        </testcase>
        <testcase classname="src/telemetry/clearcut-logger/clearcut-logger.test.ts" name="ClearcutLogger &gt; createLogEvent &gt; logs the current surface as &apos;cursor&apos;, preempting vscode detection" time="0.001161497">
        </testcase>
        <testcase classname="src/telemetry/clearcut-logger/clearcut-logger.test.ts" name="ClearcutLogger &gt; createLogEvent &gt; logs the current surface as &apos;vscode&apos;, preempting vscode detection" time="0.001047857">
        </testcase>
        <testcase classname="src/telemetry/clearcut-logger/clearcut-logger.test.ts" name="ClearcutLogger &gt; createLogEvent &gt; logs the current surface as &apos;firebasestudio&apos;, preempting vscode detection" time="0.00133049">
        </testcase>
        <testcase classname="src/telemetry/clearcut-logger/clearcut-logger.test.ts" name="ClearcutLogger &gt; createLogEvent &gt; logs the current surface as &apos;devin&apos;, preempting vscode detection" time="0.001005419">
        </testcase>
        <testcase classname="src/telemetry/clearcut-logger/clearcut-logger.test.ts" name="ClearcutLogger &gt; createLogEvent &gt; logs the current surface as &apos;cloudshell&apos;, preempting vscode detection" time="0.000816169">
        </testcase>
        <testcase classname="src/telemetry/clearcut-logger/clearcut-logger.test.ts" name="ClearcutLogger &gt; logChatCompressionEvent &gt; logs an event with proper fields" time="0.001789399">
        </testcase>
        <testcase classname="src/telemetry/clearcut-logger/clearcut-logger.test.ts" name="ClearcutLogger &gt; enqueueLogEvent &gt; should add events to the queue" time="0.000696769">
        </testcase>
        <testcase classname="src/telemetry/clearcut-logger/clearcut-logger.test.ts" name="ClearcutLogger &gt; enqueueLogEvent &gt; should evict the oldest event when the queue is full" time="0.009563334">
        </testcase>
        <testcase classname="src/telemetry/clearcut-logger/clearcut-logger.test.ts" name="ClearcutLogger &gt; flushToClearcut &gt; allows for usage with a configured proxy agent" time="0.034611954">
        </testcase>
        <testcase classname="src/telemetry/clearcut-logger/clearcut-logger.test.ts" name="ClearcutLogger &gt; flushToClearcut &gt; should clear events on successful flush" time="0.007752245">
        </testcase>
        <testcase classname="src/telemetry/clearcut-logger/clearcut-logger.test.ts" name="ClearcutLogger &gt; flushToClearcut &gt; should handle a network error and requeue events" time="0.010428735">
        </testcase>
        <testcase classname="src/telemetry/clearcut-logger/clearcut-logger.test.ts" name="ClearcutLogger &gt; flushToClearcut &gt; should handle an HTTP error and requeue events" time="0.006629369">
        </testcase>
        <testcase classname="src/telemetry/clearcut-logger/clearcut-logger.test.ts" name="ClearcutLogger &gt; requeueFailedEvents logic &gt; should limit the number of requeued events to max_retry_events" time="0.002050752">
        </testcase>
        <testcase classname="src/telemetry/clearcut-logger/clearcut-logger.test.ts" name="ClearcutLogger &gt; requeueFailedEvents logic &gt; should not requeue more events than available space in the queue" time="0.010828755">
        </testcase>
    </testsuite>
    <testsuite name="src/telemetry/qwen-logger/qwen-logger.test.ts" timestamp="2025-10-01T18:54:56.677Z" hostname="uby" tests="16" failures="0" errors="0" skipped="0" time="0.021895638">
        <testcase classname="src/telemetry/qwen-logger/qwen-logger.test.ts" name="QwenLogger &gt; getInstance &gt; returns undefined when usage statistics are disabled" time="0.003875656">
        </testcase>
        <testcase classname="src/telemetry/qwen-logger/qwen-logger.test.ts" name="QwenLogger &gt; getInstance &gt; returns an instance when usage statistics are enabled" time="0.000926393">
        </testcase>
        <testcase classname="src/telemetry/qwen-logger/qwen-logger.test.ts" name="QwenLogger &gt; getInstance &gt; is a singleton" time="0.000504022">
        </testcase>
        <testcase classname="src/telemetry/qwen-logger/qwen-logger.test.ts" name="QwenLogger &gt; event queue management &gt; should handle event overflow gracefully" time="0.00441319">
        </testcase>
        <testcase classname="src/telemetry/qwen-logger/qwen-logger.test.ts" name="QwenLogger &gt; event queue management &gt; should handle enqueue errors gracefully" time="0.001389159">
        </testcase>
        <testcase classname="src/telemetry/qwen-logger/qwen-logger.test.ts" name="QwenLogger &gt; concurrent flush protection &gt; should handle concurrent flush requests" time="0.000885006">
        </testcase>
        <testcase classname="src/telemetry/qwen-logger/qwen-logger.test.ts" name="QwenLogger &gt; failed event retry mechanism &gt; should requeue failed events with size limits" time="0.001830895">
            <system-err>
QwenLogger: Dropping 50 events due to retry queue limit. Total events: 150, keeping: 100

            </system-err>
        </testcase>
        <testcase classname="src/telemetry/qwen-logger/qwen-logger.test.ts" name="QwenLogger &gt; failed event retry mechanism &gt; should handle empty retry queue gracefully" time="0.000870539">
        </testcase>
        <testcase classname="src/telemetry/qwen-logger/qwen-logger.test.ts" name="QwenLogger &gt; event handlers &gt; should log IDE connection events" time="0.001329579">
        </testcase>
        <testcase classname="src/telemetry/qwen-logger/qwen-logger.test.ts" name="QwenLogger &gt; event handlers &gt; should log Kitty sequence overflow events" time="0.000513129">
        </testcase>
        <testcase classname="src/telemetry/qwen-logger/qwen-logger.test.ts" name="QwenLogger &gt; event handlers &gt; should flush start session events immediately" time="0.000626268">
        </testcase>
        <testcase classname="src/telemetry/qwen-logger/qwen-logger.test.ts" name="QwenLogger &gt; event handlers &gt; should flush end session events immediately" time="0.000510353">
        </testcase>
        <testcase classname="src/telemetry/qwen-logger/qwen-logger.test.ts" name="QwenLogger &gt; flush timing &gt; should not flush if interval has not passed" time="0.00037289">
        </testcase>
        <testcase classname="src/telemetry/qwen-logger/qwen-logger.test.ts" name="QwenLogger &gt; flush timing &gt; should flush when interval has passed" time="0.000536252">
        </testcase>
        <testcase classname="src/telemetry/qwen-logger/qwen-logger.test.ts" name="QwenLogger &gt; error handling &gt; should handle flush errors gracefully with debug mode" time="0.001258617">
        </testcase>
        <testcase classname="src/telemetry/qwen-logger/qwen-logger.test.ts" name="QwenLogger &gt; constants export &gt; should export test constants" time="0.000284576">
        </testcase>
    </testsuite>
    <testsuite name="src/utils/filesearch/crawlCache.test.ts" timestamp="2025-10-01T18:54:56.677Z" hostname="uby" tests="9" failures="0" errors="0" skipped="0" time="0.009995433">
        <testcase classname="src/utils/filesearch/crawlCache.test.ts" name="CrawlCache &gt; getCacheKey &gt; should generate a consistent hash" time="0.001476631">
        </testcase>
        <testcase classname="src/utils/filesearch/crawlCache.test.ts" name="CrawlCache &gt; getCacheKey &gt; should generate a different hash for different directories" time="0.000652096">
        </testcase>
        <testcase classname="src/utils/filesearch/crawlCache.test.ts" name="CrawlCache &gt; getCacheKey &gt; should generate a different hash for different ignore content" time="0.000202594">
        </testcase>
        <testcase classname="src/utils/filesearch/crawlCache.test.ts" name="CrawlCache &gt; getCacheKey &gt; should generate a different hash for different maxDepth values" time="0.000298983">
        </testcase>
        <testcase classname="src/utils/filesearch/crawlCache.test.ts" name="CrawlCache &gt; in-memory cache operations &gt; should write and read data from the cache" time="0.000614296">
        </testcase>
        <testcase classname="src/utils/filesearch/crawlCache.test.ts" name="CrawlCache &gt; in-memory cache operations &gt; should return undefined for a nonexistent key" time="0.00016758">
        </testcase>
        <testcase classname="src/utils/filesearch/crawlCache.test.ts" name="CrawlCache &gt; in-memory cache operations &gt; should clear the cache" time="0.000255633">
        </testcase>
        <testcase classname="src/utils/filesearch/crawlCache.test.ts" name="CrawlCache &gt; in-memory cache operations &gt; should automatically evict a cache entry after its TTL expires" time="0.003523746">
        </testcase>
        <testcase classname="src/utils/filesearch/crawlCache.test.ts" name="CrawlCache &gt; in-memory cache operations &gt; should reset the timer when an entry is updated" time="0.000643119">
        </testcase>
    </testsuite>
    <testsuite name="src/utils/filesearch/crawler.test.ts" timestamp="2025-10-01T18:54:56.678Z" hostname="uby" tests="18" failures="0" errors="0" skipped="0" time="0.058703713">
        <testcase classname="src/utils/filesearch/crawler.test.ts" name="crawler &gt; should use .qwenignore rules" time="0.011046297">
        </testcase>
        <testcase classname="src/utils/filesearch/crawler.test.ts" name="crawler &gt; should combine .gitignore and .qwenignore rules" time="0.004427226">
        </testcase>
        <testcase classname="src/utils/filesearch/crawler.test.ts" name="crawler &gt; should use ignoreDirs option" time="0.001400479">
        </testcase>
        <testcase classname="src/utils/filesearch/crawler.test.ts" name="crawler &gt; should handle negated directories" time="0.002407923">
        </testcase>
        <testcase classname="src/utils/filesearch/crawler.test.ts" name="crawler &gt; should handle root-level file negation" time="0.002018091">
        </testcase>
        <testcase classname="src/utils/filesearch/crawler.test.ts" name="crawler &gt; should handle directory negation with glob" time="0.002721092">
        </testcase>
        <testcase classname="src/utils/filesearch/crawler.test.ts" name="crawler &gt; should correctly handle negated patterns in .gitignore" time="0.001124389">
        </testcase>
        <testcase classname="src/utils/filesearch/crawler.test.ts" name="crawler &gt; should initialize correctly when ignore files are missing" time="0.001257996">
        </testcase>
        <testcase classname="src/utils/filesearch/crawler.test.ts" name="crawler &gt; should handle empty or commented-only ignore files" time="0.001202865">
        </testcase>
        <testcase classname="src/utils/filesearch/crawler.test.ts" name="crawler &gt; should always ignore the .git directory" time="0.001413514">
        </testcase>
        <testcase classname="src/utils/filesearch/crawler.test.ts" name="crawler &gt; with in-memory cache &gt; should hit the cache for subsequent crawls" time="0.004653795">
        </testcase>
        <testcase classname="src/utils/filesearch/crawler.test.ts" name="crawler &gt; with in-memory cache &gt; should miss the cache when ignore rules change" time="0.005829019">
        </testcase>
        <testcase classname="src/utils/filesearch/crawler.test.ts" name="crawler &gt; with in-memory cache &gt; should miss the cache after TTL expires" time="0.002763169">
        </testcase>
        <testcase classname="src/utils/filesearch/crawler.test.ts" name="crawler &gt; with in-memory cache &gt; should miss the cache when maxDepth changes" time="0.002227659">
        </testcase>
        <testcase classname="src/utils/filesearch/crawler.test.ts" name="crawler &gt; with maxDepth &gt; should only crawl top-level files when maxDepth is 0" time="0.005413891">
        </testcase>
        <testcase classname="src/utils/filesearch/crawler.test.ts" name="crawler &gt; with maxDepth &gt; should crawl one level deep when maxDepth is 1" time="0.003532422">
        </testcase>
        <testcase classname="src/utils/filesearch/crawler.test.ts" name="crawler &gt; with maxDepth &gt; should crawl two levels deep when maxDepth is 2" time="0.001738284">
        </testcase>
        <testcase classname="src/utils/filesearch/crawler.test.ts" name="crawler &gt; with maxDepth &gt; should perform a full recursive crawl when maxDepth is undefined" time="0.001928026">
        </testcase>
    </testsuite>
    <testsuite name="src/utils/filesearch/fileSearch.test.ts" timestamp="2025-10-01T18:54:56.678Z" hostname="uby" tests="27" failures="0" errors="0" skipped="0" time="0.082661295">
        <testcase classname="src/utils/filesearch/fileSearch.test.ts" name="FileSearch &gt; should use .qwenignore rules" time="0.009767251">
        </testcase>
        <testcase classname="src/utils/filesearch/fileSearch.test.ts" name="FileSearch &gt; should combine .gitignore and .qwenignore rules" time="0.003148823">
        </testcase>
        <testcase classname="src/utils/filesearch/fileSearch.test.ts" name="FileSearch &gt; should use ignoreDirs option" time="0.001381545">
        </testcase>
        <testcase classname="src/utils/filesearch/fileSearch.test.ts" name="FileSearch &gt; should handle negated directories" time="0.002418492">
        </testcase>
        <testcase classname="src/utils/filesearch/fileSearch.test.ts" name="FileSearch &gt; should filter results with a search pattern" time="0.001958171">
        </testcase>
        <testcase classname="src/utils/filesearch/fileSearch.test.ts" name="FileSearch &gt; should handle root-level file negation" time="0.002102177">
        </testcase>
        <testcase classname="src/utils/filesearch/fileSearch.test.ts" name="FileSearch &gt; should handle directory negation with glob" time="0.002565985">
        </testcase>
        <testcase classname="src/utils/filesearch/fileSearch.test.ts" name="FileSearch &gt; should correctly handle negated patterns in .gitignore" time="0.00171976">
        </testcase>
        <testcase classname="src/utils/filesearch/fileSearch.test.ts" name="FileSearch &gt; should initialize correctly when ignore files are missing" time="0.001466472">
        </testcase>
        <testcase classname="src/utils/filesearch/fileSearch.test.ts" name="FileSearch &gt; should respect maxResults option in search" time="0.001381715">
        </testcase>
        <testcase classname="src/utils/filesearch/fileSearch.test.ts" name="FileSearch &gt; should use fzf for fuzzy matching when pattern does not contain wildcards" time="0.003528104">
        </testcase>
        <testcase classname="src/utils/filesearch/fileSearch.test.ts" name="FileSearch &gt; should not use fzf for fuzzy matching when disableFuzzySearch is true" time="0.002006901">
        </testcase>
        <testcase classname="src/utils/filesearch/fileSearch.test.ts" name="FileSearch &gt; should use fzf for fuzzy matching when disableFuzzySearch is false" time="0.002328907">
        </testcase>
        <testcase classname="src/utils/filesearch/fileSearch.test.ts" name="FileSearch &gt; should return empty array when no matches are found" time="0.001640865">
        </testcase>
        <testcase classname="src/utils/filesearch/fileSearch.test.ts" name="FileSearch &gt; should throw AbortError when filter is aborted" time="0.004466209">
        </testcase>
        <testcase classname="src/utils/filesearch/fileSearch.test.ts" name="FileSearch &gt; should throw an error if search is called before initialization" time="0.001253679">
        </testcase>
        <testcase classname="src/utils/filesearch/fileSearch.test.ts" name="FileSearch &gt; should handle empty or commented-only ignore files" time="0.004102847">
        </testcase>
        <testcase classname="src/utils/filesearch/fileSearch.test.ts" name="FileSearch &gt; should always ignore the .git directory" time="0.001405599">
        </testcase>
        <testcase classname="src/utils/filesearch/fileSearch.test.ts" name="FileSearch &gt; should be cancellable via AbortSignal" time="0.014325791">
        </testcase>
        <testcase classname="src/utils/filesearch/fileSearch.test.ts" name="FileSearch &gt; should leverage ResultCache for bestBaseQuery optimization" time="0.005350494">
        </testcase>
        <testcase classname="src/utils/filesearch/fileSearch.test.ts" name="FileSearch &gt; should be case-insensitive by default" time="0.003991471">
        </testcase>
        <testcase classname="src/utils/filesearch/fileSearch.test.ts" name="FileSearch &gt; should respect maxResults even when the cache returns an exact match" time="0.00149233">
        </testcase>
        <testcase classname="src/utils/filesearch/fileSearch.test.ts" name="FileSearch &gt; should handle file paths with special characters that need escaping" time="0.001502177">
        </testcase>
        <testcase classname="src/utils/filesearch/fileSearch.test.ts" name="FileSearch &gt; DirectoryFileSearch &gt; should search for files in the current directory" time="0.001302849">
        </testcase>
        <testcase classname="src/utils/filesearch/fileSearch.test.ts" name="FileSearch &gt; DirectoryFileSearch &gt; should search for files in a subdirectory" time="0.001534157">
        </testcase>
        <testcase classname="src/utils/filesearch/fileSearch.test.ts" name="FileSearch &gt; DirectoryFileSearch &gt; should list all files in a directory" time="0.001301787">
        </testcase>
        <testcase classname="src/utils/filesearch/fileSearch.test.ts" name="FileSearch &gt; DirectoryFileSearch &gt; should respect ignore rules" time="0.001132454">
        </testcase>
    </testsuite>
    <testsuite name="src/utils/filesearch/ignore.test.ts" timestamp="2025-10-01T18:54:56.679Z" hostname="uby" tests="12" failures="0" errors="0" skipped="0" time="0.018833647">
        <testcase classname="src/utils/filesearch/ignore.test.ts" name="Ignore &gt; getDirectoryFilter &gt; should ignore directories matching directory patterns" time="0.002135529">
        </testcase>
        <testcase classname="src/utils/filesearch/ignore.test.ts" name="Ignore &gt; getDirectoryFilter &gt; should not ignore directories with file patterns" time="0.000590572">
        </testcase>
        <testcase classname="src/utils/filesearch/ignore.test.ts" name="Ignore &gt; getFileFilter &gt; should not ignore files with directory patterns" time="0.000189951">
        </testcase>
        <testcase classname="src/utils/filesearch/ignore.test.ts" name="Ignore &gt; getFileFilter &gt; should ignore files matching file patterns" time="0.000270841">
        </testcase>
        <testcase classname="src/utils/filesearch/ignore.test.ts" name="Ignore &gt; should accumulate patterns across multiple add() calls" time="0.000249933">
        </testcase>
        <testcase classname="src/utils/filesearch/ignore.test.ts" name="Ignore &gt; should return a stable and consistent fingerprint" time="0.000628542">
        </testcase>
        <testcase classname="src/utils/filesearch/ignore.test.ts" name="loadIgnoreRules &gt; should load rules from .gitignore" time="0.002557299">
        </testcase>
        <testcase classname="src/utils/filesearch/ignore.test.ts" name="loadIgnoreRules &gt; should load rules from .qwenignore" time="0.001301537">
        </testcase>
        <testcase classname="src/utils/filesearch/ignore.test.ts" name="loadIgnoreRules &gt; should combine rules from .gitignore and .qwenignore" time="0.004642435">
        </testcase>
        <testcase classname="src/utils/filesearch/ignore.test.ts" name="loadIgnoreRules &gt; should add ignoreDirs" time="0.001698351">
        </testcase>
        <testcase classname="src/utils/filesearch/ignore.test.ts" name="loadIgnoreRules &gt; should handle missing ignore files gracefully" time="0.002486789">
        </testcase>
        <testcase classname="src/utils/filesearch/ignore.test.ts" name="loadIgnoreRules &gt; should always add .git to the ignore list" time="0.000624275">
        </testcase>
    </testsuite>
    <testsuite name="src/utils/filesearch/result-cache.test.ts" timestamp="2025-10-01T18:54:56.679Z" hostname="uby" tests="3" failures="0" errors="0" skipped="0" time="0.00378535">
        <testcase classname="src/utils/filesearch/result-cache.test.ts" name="ResultCache basic usage" time="0.002183317">
        </testcase>
        <testcase classname="src/utils/filesearch/result-cache.test.ts" name="ResultCache cache hit/miss" time="0.000365576">
        </testcase>
        <testcase classname="src/utils/filesearch/result-cache.test.ts" name="ResultCache best base query" time="0.000145399">
        </testcase>
    </testsuite>
    <testsuite name="src/utils/request-tokenizer/imageTokenizer.test.ts" timestamp="2025-10-01T18:54:56.679Z" hostname="uby" tests="9" failures="0" errors="0" skipped="0" time="0.022854642">
        <testcase classname="src/utils/request-tokenizer/imageTokenizer.test.ts" name="ImageTokenizer &gt; token calculation &gt; should calculate tokens based on image dimensions with reference logic" time="0.001512417">
        </testcase>
        <testcase classname="src/utils/request-tokenizer/imageTokenizer.test.ts" name="ImageTokenizer &gt; token calculation &gt; should calculate tokens for larger images" time="0.000221479">
        </testcase>
        <testcase classname="src/utils/request-tokenizer/imageTokenizer.test.ts" name="ImageTokenizer &gt; token calculation &gt; should enforce minimum tokens per image with scaling" time="0.000078265">
        </testcase>
        <testcase classname="src/utils/request-tokenizer/imageTokenizer.test.ts" name="ImageTokenizer &gt; token calculation &gt; should handle very large images with scaling" time="0.000222411">
        </testcase>
        <testcase classname="src/utils/request-tokenizer/imageTokenizer.test.ts" name="ImageTokenizer &gt; PNG dimension extraction &gt; should extract dimensions from valid PNG" time="0.000518238">
        </testcase>
        <testcase classname="src/utils/request-tokenizer/imageTokenizer.test.ts" name="ImageTokenizer &gt; PNG dimension extraction &gt; should handle invalid PNG gracefully" time="0.011862145">
            <system-err>
Failed to extract image metadata: Error: Invalid PNG: buffer too short
    at ImageTokenizer.extractPngDimensions [90m(/home/atmandk/LowCal-dev/packages/core/[39msrc/utils/request-tokenizer/imageTokenizer.ts:131:13[90m)[39m
    at ImageTokenizer.extractDimensions [90m(/home/atmandk/LowCal-dev/packages/core/[39msrc/utils/request-tokenizer/imageTokenizer.ts:91:19[90m)[39m
    at ImageTokenizer.extractImageMetadata [90m(/home/atmandk/LowCal-dev/packages/core/[39msrc/utils/request-tokenizer/imageTokenizer.ts:59:37[90m)[39m
    at [90m/home/atmandk/LowCal-dev/packages/core/[39msrc/utils/request-tokenizer/imageTokenizer.test.ts:93:40
    at file:///home/atmandk/LowCal-dev/node_modules/[4m@vitest/runner[24m/dist/chunk-hooks.js:155:11
    at file:///home/atmandk/LowCal-dev/node_modules/[4m@vitest/runner[24m/dist/chunk-hooks.js:752:26
    at file:///home/atmandk/LowCal-dev/node_modules/[4m@vitest/runner[24m/dist/chunk-hooks.js:1897:20
    at new Promise (&lt;anonymous&gt;)
    at runWithTimeout (file:///home/atmandk/LowCal-dev/node_modules/[4m@vitest/runner[24m/dist/chunk-hooks.js:1863:10)
    at runTest (file:///home/atmandk/LowCal-dev/node_modules/[4m@vitest/runner[24m/dist/chunk-hooks.js:1574:12)

            </system-err>
        </testcase>
        <testcase classname="src/utils/request-tokenizer/imageTokenizer.test.ts" name="ImageTokenizer &gt; batch processing &gt; should process multiple images serially" time="0.001245143">
        </testcase>
        <testcase classname="src/utils/request-tokenizer/imageTokenizer.test.ts" name="ImageTokenizer &gt; batch processing &gt; should handle mixed valid and invalid images" time="0.000998677">
            <system-err>
Failed to extract image metadata: Error: Invalid PNG: buffer too short
    at ImageTokenizer.extractPngDimensions [90m(/home/atmandk/LowCal-dev/packages/core/[39msrc/utils/request-tokenizer/imageTokenizer.ts:131:13[90m)[39m
    at ImageTokenizer.extractDimensions [90m(/home/atmandk/LowCal-dev/packages/core/[39msrc/utils/request-tokenizer/imageTokenizer.ts:91:19[90m)[39m
    at ImageTokenizer.extractImageMetadata [90m(/home/atmandk/LowCal-dev/packages/core/[39msrc/utils/request-tokenizer/imageTokenizer.ts:59:37[90m)[39m
    at ImageTokenizer.calculateTokensBatch [90m(/home/atmandk/LowCal-dev/packages/core/[39msrc/utils/request-tokenizer/imageTokenizer.ts:320:37[90m)[39m
[90m    at processTicksAndRejections (node:internal/process/task_queues:105:5)[39m
    at [90m/home/atmandk/LowCal-dev/packages/core/[39msrc/utils/request-tokenizer/imageTokenizer.test.ts:132:22
    at file:///home/atmandk/LowCal-dev/node_modules/[4m@vitest/runner[24m/dist/chunk-hooks.js:752:20

            </system-err>
        </testcase>
        <testcase classname="src/utils/request-tokenizer/imageTokenizer.test.ts" name="ImageTokenizer &gt; different image formats &gt; should handle different MIME types" time="0.004454517">
            <system-err>
Failed to extract image metadata: Error: Invalid JPEG signature
    at ImageTokenizer.extractJpegDimensions [90m(/home/atmandk/LowCal-dev/packages/core/[39msrc/utils/request-tokenizer/imageTokenizer.ts:159:13[90m)[39m
    at ImageTokenizer.extractDimensions [90m(/home/atmandk/LowCal-dev/packages/core/[39msrc/utils/request-tokenizer/imageTokenizer.ts:95:19[90m)[39m
    at ImageTokenizer.extractImageMetadata [90m(/home/atmandk/LowCal-dev/packages/core/[39msrc/utils/request-tokenizer/imageTokenizer.ts:59:37[90m)[39m
    at [90m/home/atmandk/LowCal-dev/packages/core/[39msrc/utils/request-tokenizer/imageTokenizer.test.ts:147:42
[90m    at processTicksAndRejections (node:internal/process/task_queues:105:5)[39m
    at file:///home/atmandk/LowCal-dev/node_modules/[4m@vitest/runner[24m/dist/chunk-hooks.js:752:20

Failed to extract image metadata: Error: Invalid WebP signature
    at ImageTokenizer.extractWebpDimensions [90m(/home/atmandk/LowCal-dev/packages/core/[39msrc/utils/request-tokenizer/imageTokenizer.ts:207:13[90m)[39m
    at ImageTokenizer.extractDimensions [90m(/home/atmandk/LowCal-dev/packages/core/[39msrc/utils/request-tokenizer/imageTokenizer.ts:99:19[90m)[39m
    at ImageTokenizer.extractImageMetadata [90m(/home/atmandk/LowCal-dev/packages/core/[39msrc/utils/request-tokenizer/imageTokenizer.ts:59:37[90m)[39m
    at [90m/home/atmandk/LowCal-dev/packages/core/[39msrc/utils/request-tokenizer/imageTokenizer.test.ts:147:42
[90m    at processTicksAndRejections (node:internal/process/task_queues:105:5)[39m
    at file:///home/atmandk/LowCal-dev/node_modules/[4m@vitest/runner[24m/dist/chunk-hooks.js:752:20

Unsupported image format: image/gif

            </system-err>
        </testcase>
    </testsuite>
    <testsuite name="src/utils/request-tokenizer/requestTokenizer.test.ts" timestamp="2025-10-01T18:54:56.680Z" hostname="uby" tests="12" failures="0" errors="0" skipped="0" time="0.442071295">
        <testcase classname="src/utils/request-tokenizer/requestTokenizer.test.ts" name="DefaultRequestTokenizer &gt; text token calculation &gt; should calculate tokens for simple text content" time="0.102671538">
        </testcase>
        <testcase classname="src/utils/request-tokenizer/requestTokenizer.test.ts" name="DefaultRequestTokenizer &gt; text token calculation &gt; should handle multiple text parts" time="0.058630338">
        </testcase>
        <testcase classname="src/utils/request-tokenizer/requestTokenizer.test.ts" name="DefaultRequestTokenizer &gt; text token calculation &gt; should handle string content" time="0.073612753">
        </testcase>
        <testcase classname="src/utils/request-tokenizer/requestTokenizer.test.ts" name="DefaultRequestTokenizer &gt; image token calculation &gt; should calculate tokens for image content" time="0.00083842">
        </testcase>
        <testcase classname="src/utils/request-tokenizer/requestTokenizer.test.ts" name="DefaultRequestTokenizer &gt; image token calculation &gt; should handle multiple images" time="0.000272444">
        </testcase>
        <testcase classname="src/utils/request-tokenizer/requestTokenizer.test.ts" name="DefaultRequestTokenizer &gt; mixed content &gt; should handle text and image content together" time="0.072464339">
        </testcase>
        <testcase classname="src/utils/request-tokenizer/requestTokenizer.test.ts" name="DefaultRequestTokenizer &gt; function content &gt; should handle function calls" time="0.056578874">
        </testcase>
        <testcase classname="src/utils/request-tokenizer/requestTokenizer.test.ts" name="DefaultRequestTokenizer &gt; empty content &gt; should handle empty request" time="0.000307859">
        </testcase>
        <testcase classname="src/utils/request-tokenizer/requestTokenizer.test.ts" name="DefaultRequestTokenizer &gt; empty content &gt; should handle undefined contents" time="0.000136142">
        </testcase>
        <testcase classname="src/utils/request-tokenizer/requestTokenizer.test.ts" name="DefaultRequestTokenizer &gt; configuration &gt; should use custom text encoding" time="0.063737992">
        </testcase>
        <testcase classname="src/utils/request-tokenizer/requestTokenizer.test.ts" name="DefaultRequestTokenizer &gt; configuration &gt; should process multiple images serially" time="0.000531894">
        </testcase>
        <testcase classname="src/utils/request-tokenizer/requestTokenizer.test.ts" name="DefaultRequestTokenizer &gt; error handling &gt; should handle malformed image data gracefully" time="0.010271704">
            <system-err>
Failed to extract image metadata: Error: Invalid PNG: buffer too short
    at ImageTokenizer.extractPngDimensions [90m(/home/atmandk/LowCal-dev/packages/core/[39msrc/utils/request-tokenizer/imageTokenizer.ts:131:13[90m)[39m
    at ImageTokenizer.extractDimensions [90m(/home/atmandk/LowCal-dev/packages/core/[39msrc/utils/request-tokenizer/imageTokenizer.ts:91:19[90m)[39m
    at ImageTokenizer.extractImageMetadata [90m(/home/atmandk/LowCal-dev/packages/core/[39msrc/utils/request-tokenizer/imageTokenizer.ts:59:37[90m)[39m
    at ImageTokenizer.calculateTokensBatch [90m(/home/atmandk/LowCal-dev/packages/core/[39msrc/utils/request-tokenizer/imageTokenizer.ts:320:37[90m)[39m
    at DefaultRequestTokenizer.calculateImageTokens [90m(/home/atmandk/LowCal-dev/packages/core/[39msrc/utils/request-tokenizer/requestTokenizer.ts:136:35[90m)[39m
    at DefaultRequestTokenizer.calculateTokens [90m(/home/atmandk/LowCal-dev/packages/core/[39msrc/utils/request-tokenizer/requestTokenizer.ts:72:38[90m)[39m
[90m    at processTicksAndRejections (node:internal/process/task_queues:105:5)[39m
    at [90m/home/atmandk/LowCal-dev/packages/core/[39msrc/utils/request-tokenizer/requestTokenizer.test.ts:287:22
    at file:///home/atmandk/LowCal-dev/node_modules/[4m@vitest/runner[24m/dist/chunk-hooks.js:752:20

            </system-err>
        </testcase>
    </testsuite>
    <testsuite name="src/utils/request-tokenizer/textTokenizer.test.ts" timestamp="2025-10-01T18:54:56.680Z" hostname="uby" tests="28" failures="0" errors="0" skipped="0" time="0.013598546">
        <testcase classname="src/utils/request-tokenizer/textTokenizer.test.ts" name="TextTokenizer &gt; constructor &gt; should create tokenizer with default encoding" time="0.001888603">
        </testcase>
        <testcase classname="src/utils/request-tokenizer/textTokenizer.test.ts" name="TextTokenizer &gt; constructor &gt; should create tokenizer with custom encoding" time="0.000252096">
        </testcase>
        <testcase classname="src/utils/request-tokenizer/textTokenizer.test.ts" name="TextTokenizer &gt; calculateTokens &gt; should return 0 for empty text" time="0.000334769">
        </testcase>
        <testcase classname="src/utils/request-tokenizer/textTokenizer.test.ts" name="TextTokenizer &gt; calculateTokens &gt; should return 0 for null/undefined text" time="0.000179653">
        </testcase>
        <testcase classname="src/utils/request-tokenizer/textTokenizer.test.ts" name="TextTokenizer &gt; calculateTokens &gt; should calculate tokens using tiktoken when available" time="0.001534398">
        </testcase>
        <testcase classname="src/utils/request-tokenizer/textTokenizer.test.ts" name="TextTokenizer &gt; calculateTokens &gt; should use fallback calculation when tiktoken fails to load" time="0.001107728">
        </testcase>
        <testcase classname="src/utils/request-tokenizer/textTokenizer.test.ts" name="TextTokenizer &gt; calculateTokens &gt; should use fallback calculation when encoding fails" time="0.000390182">
        </testcase>
        <testcase classname="src/utils/request-tokenizer/textTokenizer.test.ts" name="TextTokenizer &gt; calculateTokens &gt; should handle very long text" time="0.000184862">
        </testcase>
        <testcase classname="src/utils/request-tokenizer/textTokenizer.test.ts" name="TextTokenizer &gt; calculateTokens &gt; should handle unicode characters" time="0.000112398">
        </testcase>
        <testcase classname="src/utils/request-tokenizer/textTokenizer.test.ts" name="TextTokenizer &gt; calculateTokens &gt; should use custom encoding when specified" time="0.000146981">
        </testcase>
        <testcase classname="src/utils/request-tokenizer/textTokenizer.test.ts" name="TextTokenizer &gt; calculateTokensBatch &gt; should process multiple texts and return token counts" time="0.000349146">
        </testcase>
        <testcase classname="src/utils/request-tokenizer/textTokenizer.test.ts" name="TextTokenizer &gt; calculateTokensBatch &gt; should handle empty array" time="0.000132665">
        </testcase>
        <testcase classname="src/utils/request-tokenizer/textTokenizer.test.ts" name="TextTokenizer &gt; calculateTokensBatch &gt; should handle array with empty strings" time="0.001225456">
        </testcase>
        <testcase classname="src/utils/request-tokenizer/textTokenizer.test.ts" name="TextTokenizer &gt; calculateTokensBatch &gt; should use fallback calculation when tiktoken fails to load" time="0.000428322">
        </testcase>
        <testcase classname="src/utils/request-tokenizer/textTokenizer.test.ts" name="TextTokenizer &gt; calculateTokensBatch &gt; should use fallback calculation when encoding fails during batch processing" time="0.000327496">
        </testcase>
        <testcase classname="src/utils/request-tokenizer/textTokenizer.test.ts" name="TextTokenizer &gt; calculateTokensBatch &gt; should handle null and undefined values in batch" time="0.000155297">
        </testcase>
        <testcase classname="src/utils/request-tokenizer/textTokenizer.test.ts" name="TextTokenizer &gt; dispose &gt; should free tiktoken encoding when disposing" time="0.000222352">
        </testcase>
        <testcase classname="src/utils/request-tokenizer/textTokenizer.test.ts" name="TextTokenizer &gt; dispose &gt; should handle disposal when encoding is not initialized" time="0.000701326">
        </testcase>
        <testcase classname="src/utils/request-tokenizer/textTokenizer.test.ts" name="TextTokenizer &gt; dispose &gt; should handle disposal when encoding is null" time="0.00020534">
        </testcase>
        <testcase classname="src/utils/request-tokenizer/textTokenizer.test.ts" name="TextTokenizer &gt; dispose &gt; should handle errors during disposal gracefully" time="0.000270911">
        </testcase>
        <testcase classname="src/utils/request-tokenizer/textTokenizer.test.ts" name="TextTokenizer &gt; dispose &gt; should allow multiple calls to dispose" time="0.00021075">
        </testcase>
        <testcase classname="src/utils/request-tokenizer/textTokenizer.test.ts" name="TextTokenizer &gt; lazy initialization &gt; should not initialize tiktoken until first use" time="0.000125051">
        </testcase>
        <testcase classname="src/utils/request-tokenizer/textTokenizer.test.ts" name="TextTokenizer &gt; lazy initialization &gt; should initialize tiktoken on first calculateTokens call" time="0.000155737">
        </testcase>
        <testcase classname="src/utils/request-tokenizer/textTokenizer.test.ts" name="TextTokenizer &gt; lazy initialization &gt; should not reinitialize tiktoken on subsequent calls" time="0.000463367">
        </testcase>
        <testcase classname="src/utils/request-tokenizer/textTokenizer.test.ts" name="TextTokenizer &gt; lazy initialization &gt; should initialize tiktoken on first calculateTokensBatch call" time="0.000256004">
        </testcase>
        <testcase classname="src/utils/request-tokenizer/textTokenizer.test.ts" name="TextTokenizer &gt; edge cases &gt; should handle very short text" time="0.000315684">
        </testcase>
        <testcase classname="src/utils/request-tokenizer/textTokenizer.test.ts" name="TextTokenizer &gt; edge cases &gt; should handle text with only whitespace" time="0.000171407">
        </testcase>
        <testcase classname="src/utils/request-tokenizer/textTokenizer.test.ts" name="TextTokenizer &gt; edge cases &gt; should handle special characters and symbols" time="0.00011336">
        </testcase>
    </testsuite>
    <testsuite name="src/core/openaiContentGenerator/provider/dashscope.test.ts" timestamp="2025-10-01T18:54:56.681Z" hostname="uby" tests="33" failures="0" errors="0" skipped="0" time="0.018135696">
        <testcase classname="src/core/openaiContentGenerator/provider/dashscope.test.ts" name="DashScopeOpenAICompatibleProvider &gt; constructor &gt; should initialize with provided configs" time="0.001699312">
        </testcase>
        <testcase classname="src/core/openaiContentGenerator/provider/dashscope.test.ts" name="DashScopeOpenAICompatibleProvider &gt; isDashScopeProvider &gt; should return true for QWEN_OAUTH auth type" time="0.001105044">
        </testcase>
        <testcase classname="src/core/openaiContentGenerator/provider/dashscope.test.ts" name="DashScopeOpenAICompatibleProvider &gt; isDashScopeProvider &gt; should return true for DashScope domestic URL" time="0.000247117">
        </testcase>
        <testcase classname="src/core/openaiContentGenerator/provider/dashscope.test.ts" name="DashScopeOpenAICompatibleProvider &gt; isDashScopeProvider &gt; should return true for DashScope international URL" time="0.000208626">
        </testcase>
        <testcase classname="src/core/openaiContentGenerator/provider/dashscope.test.ts" name="DashScopeOpenAICompatibleProvider &gt; isDashScopeProvider &gt; should return false for non-DashScope configurations" time="0.000261714">
        </testcase>
        <testcase classname="src/core/openaiContentGenerator/provider/dashscope.test.ts" name="DashScopeOpenAICompatibleProvider &gt; buildHeaders &gt; should build DashScope-specific headers" time="0.001080548">
        </testcase>
        <testcase classname="src/core/openaiContentGenerator/provider/dashscope.test.ts" name="DashScopeOpenAICompatibleProvider &gt; buildHeaders &gt; should handle unknown CLI version" time="0.000345419">
        </testcase>
        <testcase classname="src/core/openaiContentGenerator/provider/dashscope.test.ts" name="DashScopeOpenAICompatibleProvider &gt; buildClient &gt; should create OpenAI client with DashScope configuration" time="0.001592625">
        </testcase>
        <testcase classname="src/core/openaiContentGenerator/provider/dashscope.test.ts" name="DashScopeOpenAICompatibleProvider &gt; buildClient &gt; should use default timeout and maxRetries when not provided" time="0.000653478">
        </testcase>
        <testcase classname="src/core/openaiContentGenerator/provider/dashscope.test.ts" name="DashScopeOpenAICompatibleProvider &gt; buildMetadata &gt; should build metadata with session and prompt IDs" time="0.000295316">
        </testcase>
        <testcase classname="src/core/openaiContentGenerator/provider/dashscope.test.ts" name="DashScopeOpenAICompatibleProvider &gt; buildMetadata &gt; should handle missing session ID" time="0.000220758">
        </testcase>
        <testcase classname="src/core/openaiContentGenerator/provider/dashscope.test.ts" name="DashScopeOpenAICompatibleProvider &gt; buildRequest &gt; should add cache control to system message only for non-streaming requests" time="0.001389229">
        </testcase>
        <testcase classname="src/core/openaiContentGenerator/provider/dashscope.test.ts" name="DashScopeOpenAICompatibleProvider &gt; buildRequest &gt; should add cache control to both system and last messages for streaming requests" time="0.000350307">
        </testcase>
        <testcase classname="src/core/openaiContentGenerator/provider/dashscope.test.ts" name="DashScopeOpenAICompatibleProvider &gt; buildRequest &gt; should include metadata in the request" time="0.000347973">
        </testcase>
        <testcase classname="src/core/openaiContentGenerator/provider/dashscope.test.ts" name="DashScopeOpenAICompatibleProvider &gt; buildRequest &gt; should preserve all original request parameters" time="0.000711055">
        </testcase>
        <testcase classname="src/core/openaiContentGenerator/provider/dashscope.test.ts" name="DashScopeOpenAICompatibleProvider &gt; buildRequest &gt; should skip cache control when disabled" time="0.00022179">
        </testcase>
        <testcase classname="src/core/openaiContentGenerator/provider/dashscope.test.ts" name="DashScopeOpenAICompatibleProvider &gt; buildRequest &gt; should handle messages with array content for streaming requests" time="0.001268777">
        </testcase>
        <testcase classname="src/core/openaiContentGenerator/provider/dashscope.test.ts" name="DashScopeOpenAICompatibleProvider &gt; buildRequest &gt; should handle empty messages array" time="0.000274197">
        </testcase>
        <testcase classname="src/core/openaiContentGenerator/provider/dashscope.test.ts" name="DashScopeOpenAICompatibleProvider &gt; buildRequest &gt; should handle messages without content for streaming requests" time="0.000236958">
        </testcase>
        <testcase classname="src/core/openaiContentGenerator/provider/dashscope.test.ts" name="DashScopeOpenAICompatibleProvider &gt; buildRequest &gt; should add cache control to last text item in mixed content for streaming requests" time="0.000344487">
        </testcase>
        <testcase classname="src/core/openaiContentGenerator/provider/dashscope.test.ts" name="DashScopeOpenAICompatibleProvider &gt; buildRequest &gt; should add empty text item with cache control if last item is not text for streaming requests" time="0.000290848">
        </testcase>
        <testcase classname="src/core/openaiContentGenerator/provider/dashscope.test.ts" name="DashScopeOpenAICompatibleProvider &gt; cache control edge cases &gt; should handle request with only system message" time="0.000337754">
        </testcase>
        <testcase classname="src/core/openaiContentGenerator/provider/dashscope.test.ts" name="DashScopeOpenAICompatibleProvider &gt; cache control edge cases &gt; should handle request without system message for streaming requests" time="0.000326864">
        </testcase>
        <testcase classname="src/core/openaiContentGenerator/provider/dashscope.test.ts" name="DashScopeOpenAICompatibleProvider &gt; cache control edge cases &gt; should handle empty content array for streaming requests" time="0.00021634">
        </testcase>
        <testcase classname="src/core/openaiContentGenerator/provider/dashscope.test.ts" name="DashScopeOpenAICompatibleProvider &gt; output token limits &gt; should limit max_tokens when it exceeds model limit for qwen3-coder-plus" time="0.00030792">
        </testcase>
        <testcase classname="src/core/openaiContentGenerator/provider/dashscope.test.ts" name="DashScopeOpenAICompatibleProvider &gt; output token limits &gt; should limit max_tokens when it exceeds model limit for qwen-vl-max-latest" time="0.000263096">
        </testcase>
        <testcase classname="src/core/openaiContentGenerator/provider/dashscope.test.ts" name="DashScopeOpenAICompatibleProvider &gt; output token limits &gt; should not modify max_tokens when it is within model limit" time="0.00019491">
        </testcase>
        <testcase classname="src/core/openaiContentGenerator/provider/dashscope.test.ts" name="DashScopeOpenAICompatibleProvider &gt; output token limits &gt; should not add max_tokens when not present in request" time="0.000211231">
        </testcase>
        <testcase classname="src/core/openaiContentGenerator/provider/dashscope.test.ts" name="DashScopeOpenAICompatibleProvider &gt; output token limits &gt; should handle null max_tokens parameter" time="0.000180153">
        </testcase>
        <testcase classname="src/core/openaiContentGenerator/provider/dashscope.test.ts" name="DashScopeOpenAICompatibleProvider &gt; output token limits &gt; should use default output limit for unknown models" time="0.00021081">
        </testcase>
        <testcase classname="src/core/openaiContentGenerator/provider/dashscope.test.ts" name="DashScopeOpenAICompatibleProvider &gt; output token limits &gt; should preserve other request parameters when limiting max_tokens" time="0.000319671">
        </testcase>
        <testcase classname="src/core/openaiContentGenerator/provider/dashscope.test.ts" name="DashScopeOpenAICompatibleProvider &gt; output token limits &gt; should work with vision models and output token limits" time="0.000203637">
        </testcase>
        <testcase classname="src/core/openaiContentGenerator/provider/dashscope.test.ts" name="DashScopeOpenAICompatibleProvider &gt; output token limits &gt; should handle streaming requests with output token limits" time="0.000185974">
        </testcase>
    </testsuite>
    <testsuite name="src/core/openaiContentGenerator/provider/default.test.ts" timestamp="2025-10-01T18:54:56.682Z" hostname="uby" tests="11" failures="0" errors="0" skipped="0" time="0.015441463">
        <testcase classname="src/core/openaiContentGenerator/provider/default.test.ts" name="DefaultOpenAICompatibleProvider &gt; constructor &gt; should initialize with provided configs" time="0.001776054">
        </testcase>
        <testcase classname="src/core/openaiContentGenerator/provider/default.test.ts" name="DefaultOpenAICompatibleProvider &gt; buildHeaders &gt; should build headers with User-Agent" time="0.002285687">
        </testcase>
        <testcase classname="src/core/openaiContentGenerator/provider/default.test.ts" name="DefaultOpenAICompatibleProvider &gt; buildHeaders &gt; should handle unknown CLI version" time="0.000289665">
        </testcase>
        <testcase classname="src/core/openaiContentGenerator/provider/default.test.ts" name="DefaultOpenAICompatibleProvider &gt; buildClient &gt; should create OpenAI client with correct configuration" time="0.00389374">
        </testcase>
        <testcase classname="src/core/openaiContentGenerator/provider/default.test.ts" name="DefaultOpenAICompatibleProvider &gt; buildClient &gt; should use default timeout and maxRetries when not provided" time="0.000844331">
        </testcase>
        <testcase classname="src/core/openaiContentGenerator/provider/default.test.ts" name="DefaultOpenAICompatibleProvider &gt; buildClient &gt; should include custom headers from buildHeaders" time="0.002047436">
        </testcase>
        <testcase classname="src/core/openaiContentGenerator/provider/default.test.ts" name="DefaultOpenAICompatibleProvider &gt; buildRequest &gt; should pass through all request parameters unchanged" time="0.000697319">
        </testcase>
        <testcase classname="src/core/openaiContentGenerator/provider/default.test.ts" name="DefaultOpenAICompatibleProvider &gt; buildRequest &gt; should preserve all sampling parameters" time="0.000830275">
        </testcase>
        <testcase classname="src/core/openaiContentGenerator/provider/default.test.ts" name="DefaultOpenAICompatibleProvider &gt; buildRequest &gt; should handle minimal request parameters" time="0.000491068">
        </testcase>
        <testcase classname="src/core/openaiContentGenerator/provider/default.test.ts" name="DefaultOpenAICompatibleProvider &gt; buildRequest &gt; should handle streaming requests" time="0.000262515">
        </testcase>
        <testcase classname="src/core/openaiContentGenerator/provider/default.test.ts" name="DefaultOpenAICompatibleProvider &gt; buildRequest &gt; should not modify the original request object" time="0.000209237">
        </testcase>
    </testsuite>
    <testsuite name="src/core/openaiContentGenerator/provider/lmstudio.test.ts" timestamp="2025-10-01T18:54:56.682Z" hostname="uby" tests="4" failures="0" errors="0" skipped="0" time="0.015976283">
        <testcase classname="src/core/openaiContentGenerator/provider/lmstudio.test.ts" name="LMStudioOpenAICompatibleProvider &gt; isLMStudioProvider &gt; should return true for LM Studio base URLs" time="0.002156968">
        </testcase>
        <testcase classname="src/core/openaiContentGenerator/provider/lmstudio.test.ts" name="LMStudioOpenAICompatibleProvider &gt; isLMStudioProvider &gt; should return false for non-LM Studio base URLs" time="0.000736843">
        </testcase>
        <testcase classname="src/core/openaiContentGenerator/provider/lmstudio.test.ts" name="LMStudioOpenAICompatibleProvider &gt; buildHeaders &gt; should remove User-Agent header for LM Studio compatibility" time="0.000687882">
        </testcase>
        <testcase classname="src/core/openaiContentGenerator/provider/lmstudio.test.ts" name="LMStudioOpenAICompatibleProvider &gt; unloadModel &gt; should attempt to unload the model without throwing an error" time="0.010955568">
            <system-out>
LM Studio model unload request sent (result not guaranteed): OpenAIError: The OPENAI_API_KEY environment variable is missing or empty; either provide it, or instantiate the OpenAI client with an apiKey option, like new OpenAI({ apiKey: &apos;My API Key&apos; }).
    at new OpenAI (file:///home/atmandk/LowCal-dev/node_modules/[4mopenai[24m/src/client.ts:336:13)
    at LMStudioOpenAICompatibleProvider.buildClient [90m(/home/atmandk/LowCal-dev/packages/core/[39msrc/core/openaiContentGenerator/provider/default.ts:40:12[90m)[39m
    at LMStudioOpenAICompatibleProvider.unloadModel [90m(/home/atmandk/LowCal-dev/packages/core/[39msrc/core/openaiContentGenerator/provider/lmstudio.ts:49:31[90m)[39m
    at [90m/home/atmandk/LowCal-dev/packages/core/[39msrc/core/openaiContentGenerator/provider/lmstudio.test.ts:87:38
    at file:///home/atmandk/LowCal-dev/node_modules/[4m@vitest/runner[24m/dist/chunk-hooks.js:155:11
    at file:///home/atmandk/LowCal-dev/node_modules/[4m@vitest/runner[24m/dist/chunk-hooks.js:752:26
    at file:///home/atmandk/LowCal-dev/node_modules/[4m@vitest/runner[24m/dist/chunk-hooks.js:1897:20
    at new Promise (&lt;anonymous&gt;)
    at runWithTimeout (file:///home/atmandk/LowCal-dev/node_modules/[4m@vitest/runner[24m/dist/chunk-hooks.js:1863:10)
    at runTest (file:///home/atmandk/LowCal-dev/node_modules/[4m@vitest/runner[24m/dist/chunk-hooks.js:1574:12)

            </system-out>
        </testcase>
    </testsuite>
    <testsuite name="src/core/openaiContentGenerator/provider/openrouter.test.ts" timestamp="2025-10-01T18:54:56.683Z" hostname="uby" tests="12" failures="0" errors="0" skipped="0" time="0.008181058">
        <testcase classname="src/core/openaiContentGenerator/provider/openrouter.test.ts" name="OpenRouterOpenAICompatibleProvider &gt; constructor &gt; should extend DefaultOpenAICompatibleProvider" time="0.002302397">
        </testcase>
        <testcase classname="src/core/openaiContentGenerator/provider/openrouter.test.ts" name="OpenRouterOpenAICompatibleProvider &gt; isOpenRouterProvider &gt; should return true for openrouter.ai URLs" time="0.000457727">
        </testcase>
        <testcase classname="src/core/openaiContentGenerator/provider/openrouter.test.ts" name="OpenRouterOpenAICompatibleProvider &gt; isOpenRouterProvider &gt; should return false for non-openrouter URLs" time="0.00027602">
        </testcase>
        <testcase classname="src/core/openaiContentGenerator/provider/openrouter.test.ts" name="OpenRouterOpenAICompatibleProvider &gt; isOpenRouterProvider &gt; should handle missing baseUrl gracefully" time="0.000144287">
        </testcase>
        <testcase classname="src/core/openaiContentGenerator/provider/openrouter.test.ts" name="OpenRouterOpenAICompatibleProvider &gt; buildHeaders &gt; should include base headers from parent class" time="0.000359274">
        </testcase>
        <testcase classname="src/core/openaiContentGenerator/provider/openrouter.test.ts" name="OpenRouterOpenAICompatibleProvider &gt; buildHeaders &gt; should add OpenRouter-specific headers" time="0.000754986">
        </testcase>
        <testcase classname="src/core/openaiContentGenerator/provider/openrouter.test.ts" name="OpenRouterOpenAICompatibleProvider &gt; buildHeaders &gt; should override parent headers if there are conflicts" time="0.000400601">
        </testcase>
        <testcase classname="src/core/openaiContentGenerator/provider/openrouter.test.ts" name="OpenRouterOpenAICompatibleProvider &gt; buildHeaders &gt; should handle unknown CLI version from parent" time="0.000207403">
        </testcase>
        <testcase classname="src/core/openaiContentGenerator/provider/openrouter.test.ts" name="OpenRouterOpenAICompatibleProvider &gt; buildClient &gt; should inherit buildClient behavior from parent" time="0.000354015">
        </testcase>
        <testcase classname="src/core/openaiContentGenerator/provider/openrouter.test.ts" name="OpenRouterOpenAICompatibleProvider &gt; buildRequest &gt; should inherit buildRequest behavior from parent" time="0.000840284">
        </testcase>
        <testcase classname="src/core/openaiContentGenerator/provider/openrouter.test.ts" name="OpenRouterOpenAICompatibleProvider &gt; integration with parent class &gt; should properly call parent constructor" time="0.000493954">
        </testcase>
        <testcase classname="src/core/openaiContentGenerator/provider/openrouter.test.ts" name="OpenRouterOpenAICompatibleProvider &gt; integration with parent class &gt; should maintain parent functionality while adding OpenRouter specifics" time="0.000139869">
        </testcase>
    </testsuite>
</testsuites>
