<?xml version="1.0" encoding="UTF-8" ?>
<testsuites name="vitest tests" tests="646" failures="79" errors="0" time="2.418012065">
    <testsuite name="src/gemini.test.tsx" timestamp="2025-10-09T15:50:07.818Z" hostname="uby" tests="1" failures="1" errors="0" skipped="0" time="0">
        <testcase classname="src/gemini.test.tsx" name="src/gemini.test.tsx" time="0">
            <failure message="Failed to resolve entry for package &quot;@qwen-code/qwen-code-core&quot;. The package may have incorrect main/module/exports specified in its package.json." type="Error">
Error: Failed to resolve entry for package &quot;@qwen-code/qwen-code-core&quot;. The package may have incorrect main/module/exports specified in its package.json.
  Plugin: vite:import-analysis
  File: /home/atmandk/LowCal-dev/packages/cli/src/gemini.test.tsx:18:0
  62 |  const __vi_import_1__ = await import(&quot;./config/settings.js&quot;);
  63 |  const __vi_import_2__ = await import(&quot;./utils/events.js&quot;);
  64 |  const __vi_import_3__ = await import(&quot;@qwen-code/qwen-code-core&quot;);
     |                                       ^
  65 |  /**
  66 |   * @license
 ❯ packageEntryFailure ../../node_modules/vite/dist/node/chunks/dep-Bsx9IwL8.js:12218:32
 ❯ resolvePackageEntry ../../node_modules/vite/dist/node/chunks/dep-Bsx9IwL8.js:12215:2
 ❯ tryNodeResolve ../../node_modules/vite/dist/node/chunks/dep-Bsx9IwL8.js:12116:17
 ❯ ResolveIdContext.resolveId ../../node_modules/vite/dist/node/chunks/dep-Bsx9IwL8.js:11955:15
 ❯ EnvironmentPluginContainer.resolveId ../../node_modules/vite/dist/node/chunks/dep-Bsx9IwL8.js:31194:56
 ❯ TransformPluginContext.resolve ../../node_modules/vite/dist/node/chunks/dep-Bsx9IwL8.js:31376:13
 ❯ normalizeUrl ../../node_modules/vite/dist/node/chunks/dep-Bsx9IwL8.js:29984:22
 ❯ ../../node_modules/vite/dist/node/chunks/dep-Bsx9IwL8.js:30050:32
            </failure>
        </testcase>
    </testsuite>
    <testsuite name="src/nonInteractiveCli.test.ts" timestamp="2025-10-09T15:50:07.821Z" hostname="uby" tests="1" failures="1" errors="0" skipped="0" time="0">
        <testcase classname="src/nonInteractiveCli.test.ts" name="src/nonInteractiveCli.test.ts" time="0">
            <failure message="Failed to resolve entry for package &quot;@qwen-code/qwen-code-core&quot;. The package may have incorrect main/module/exports specified in its package.json." type="Error">
Error: Failed to resolve entry for package &quot;@qwen-code/qwen-code-core&quot;. The package may have incorrect main/module/exports specified in its package.json.
  Plugin: vite:import-analysis
  File: /home/atmandk/LowCal-dev/packages/cli/src/nonInteractiveCli.test.ts:7:0
  9  |    };
  10 |  });
  11 |  const __vi_import_0__ = await import(&quot;@qwen-code/qwen-code-core&quot;);
     |                                       ^
  12 |  const __vi_import_1__ = await import(&quot;@google/genai&quot;);
  13 |  const __vi_import_2__ = await import(&quot;./nonInteractiveCli.js&quot;);
 ❯ packageEntryFailure ../../node_modules/vite/dist/node/chunks/dep-Bsx9IwL8.js:12218:32
 ❯ resolvePackageEntry ../../node_modules/vite/dist/node/chunks/dep-Bsx9IwL8.js:12215:2
 ❯ tryNodeResolve ../../node_modules/vite/dist/node/chunks/dep-Bsx9IwL8.js:12116:17
 ❯ ResolveIdContext.resolveId ../../node_modules/vite/dist/node/chunks/dep-Bsx9IwL8.js:11955:15
 ❯ EnvironmentPluginContainer.resolveId ../../node_modules/vite/dist/node/chunks/dep-Bsx9IwL8.js:31194:56
 ❯ TransformPluginContext.resolve ../../node_modules/vite/dist/node/chunks/dep-Bsx9IwL8.js:31376:13
 ❯ normalizeUrl ../../node_modules/vite/dist/node/chunks/dep-Bsx9IwL8.js:29984:22
 ❯ ../../node_modules/vite/dist/node/chunks/dep-Bsx9IwL8.js:30050:32
            </failure>
        </testcase>
    </testsuite>
    <testsuite name="src/validateNonInterActiveAuth.test.ts" timestamp="2025-10-09T15:50:07.821Z" hostname="uby" tests="1" failures="1" errors="0" skipped="0" time="0">
        <testcase classname="src/validateNonInterActiveAuth.test.ts" name="src/validateNonInterActiveAuth.test.ts" time="0">
            <failure message="Failed to resolve entry for package &quot;@qwen-code/qwen-code-core&quot;. The package may have incorrect main/module/exports specified in its package.json." type="Error">
Error: Failed to resolve entry for package &quot;@qwen-code/qwen-code-core&quot;. The package may have incorrect main/module/exports specified in its package.json.
  Plugin: vite:import-analysis
  File: /home/atmandk/LowCal-dev/packages/cli/src/validateNonInterActiveAuth.test.ts:18:25
  13 |  } from &quot;vitest&quot;;
  14 |  import { validateNonInteractiveAuth } from &quot;./validateNonInterActiveAuth.js&quot;;
  15 |  import { AuthType } from &quot;@qwen-code/qwen-code-core&quot;;
     |                            ^
  16 |  import * as auth from &quot;./config/auth.js&quot;;
  17 |  describe(&quot;validateNonInterActiveAuth&quot;, () =&gt; {
 ❯ packageEntryFailure ../../node_modules/vite/dist/node/chunks/dep-Bsx9IwL8.js:12218:32
 ❯ resolvePackageEntry ../../node_modules/vite/dist/node/chunks/dep-Bsx9IwL8.js:12215:2
 ❯ tryNodeResolve ../../node_modules/vite/dist/node/chunks/dep-Bsx9IwL8.js:12116:17
 ❯ ResolveIdContext.resolveId ../../node_modules/vite/dist/node/chunks/dep-Bsx9IwL8.js:11955:15
 ❯ EnvironmentPluginContainer.resolveId ../../node_modules/vite/dist/node/chunks/dep-Bsx9IwL8.js:31194:56
 ❯ TransformPluginContext.resolve ../../node_modules/vite/dist/node/chunks/dep-Bsx9IwL8.js:31376:13
 ❯ normalizeUrl ../../node_modules/vite/dist/node/chunks/dep-Bsx9IwL8.js:29984:22
 ❯ ../../node_modules/vite/dist/node/chunks/dep-Bsx9IwL8.js:30050:32
            </failure>
        </testcase>
    </testsuite>
    <testsuite name="src/commands/mcp.test.ts" timestamp="2025-10-09T15:50:07.822Z" hostname="uby" tests="1" failures="1" errors="0" skipped="0" time="0">
        <testcase classname="src/commands/mcp.test.ts" name="src/commands/mcp.test.ts" time="0">
            <failure message="Failed to resolve entry for package &quot;@qwen-code/qwen-code-core&quot;. The package may have incorrect main/module/exports specified in its package.json." type="Error">
Error: Failed to resolve entry for package &quot;@qwen-code/qwen-code-core&quot;. The package may have incorrect main/module/exports specified in its package.json.
  Plugin: vite:import-analysis
  File: /home/atmandk/LowCal-dev/packages/cli/src/config/settings.ts:15:7
  12 |    getErrorMessage,
  13 |    Storage
  14 |  } from &quot;@qwen-code/qwen-code-core&quot;;
     |          ^
  15 |  import stripJsonComments from &quot;strip-json-comments&quot;;
  16 |  import { DefaultLight } from &quot;../ui/themes/default-light.js&quot;;
 ❯ packageEntryFailure ../../node_modules/vite/dist/node/chunks/dep-Bsx9IwL8.js:12218:32
 ❯ resolvePackageEntry ../../node_modules/vite/dist/node/chunks/dep-Bsx9IwL8.js:12215:2
 ❯ tryNodeResolve ../../node_modules/vite/dist/node/chunks/dep-Bsx9IwL8.js:12116:17
 ❯ ResolveIdContext.resolveId ../../node_modules/vite/dist/node/chunks/dep-Bsx9IwL8.js:11955:15
 ❯ EnvironmentPluginContainer.resolveId ../../node_modules/vite/dist/node/chunks/dep-Bsx9IwL8.js:31194:56
 ❯ TransformPluginContext.resolve ../../node_modules/vite/dist/node/chunks/dep-Bsx9IwL8.js:31376:13
 ❯ normalizeUrl ../../node_modules/vite/dist/node/chunks/dep-Bsx9IwL8.js:29984:22
 ❯ ../../node_modules/vite/dist/node/chunks/dep-Bsx9IwL8.js:30050:32
            </failure>
        </testcase>
    </testsuite>
    <testsuite name="src/config/auth.test.ts" timestamp="2025-10-09T15:50:07.823Z" hostname="uby" tests="1" failures="1" errors="0" skipped="0" time="0">
        <testcase classname="src/config/auth.test.ts" name="src/config/auth.test.ts" time="0">
            <failure message="Failed to resolve entry for package &quot;@qwen-code/qwen-code-core&quot;. The package may have incorrect main/module/exports specified in its package.json." type="Error">
Error: Failed to resolve entry for package &quot;@qwen-code/qwen-code-core&quot;. The package may have incorrect main/module/exports specified in its package.json.
  Plugin: vite:import-analysis
  File: /home/atmandk/LowCal-dev/packages/cli/src/config/auth.test.ts:7:0
  2  |    loadEnvironment: vi.fn()
  3  |  }));
  4  |  const __vi_import_0__ = await import(&quot;@qwen-code/qwen-code-core&quot;);
     |                                       ^
  5  |  const __vi_import_1__ = await import(&quot;./auth.js&quot;);
  6  |  /**
 ❯ packageEntryFailure ../../node_modules/vite/dist/node/chunks/dep-Bsx9IwL8.js:12218:32
 ❯ resolvePackageEntry ../../node_modules/vite/dist/node/chunks/dep-Bsx9IwL8.js:12215:2
 ❯ tryNodeResolve ../../node_modules/vite/dist/node/chunks/dep-Bsx9IwL8.js:12116:17
 ❯ ResolveIdContext.resolveId ../../node_modules/vite/dist/node/chunks/dep-Bsx9IwL8.js:11955:15
 ❯ EnvironmentPluginContainer.resolveId ../../node_modules/vite/dist/node/chunks/dep-Bsx9IwL8.js:31194:56
 ❯ TransformPluginContext.resolve ../../node_modules/vite/dist/node/chunks/dep-Bsx9IwL8.js:31376:13
 ❯ normalizeUrl ../../node_modules/vite/dist/node/chunks/dep-Bsx9IwL8.js:29984:22
 ❯ ../../node_modules/vite/dist/node/chunks/dep-Bsx9IwL8.js:30050:32
            </failure>
        </testcase>
    </testsuite>
    <testsuite name="src/config/config.integration.test.ts" timestamp="2025-10-09T15:50:07.823Z" hostname="uby" tests="1" failures="1" errors="0" skipped="0" time="0">
        <testcase classname="src/config/config.integration.test.ts" name="src/config/config.integration.test.ts" time="0">
            <failure message="Failed to resolve entry for package &quot;@qwen-code/qwen-code-core&quot;. The package may have incorrect main/module/exports specified in its package.json." type="Error">
Error: Failed to resolve entry for package &quot;@qwen-code/qwen-code-core&quot;. The package may have incorrect main/module/exports specified in its package.json.
  Plugin: vite:import-analysis
  File: /home/atmandk/LowCal-dev/packages/cli/src/config/config.integration.test.ts:15:0
  12 |  const __vi_import_1__ = await import(&quot;node:path&quot;);
  13 |  const __vi_import_2__ = await import(&quot;node:os&quot;);
  14 |  const __vi_import_3__ = await import(&quot;@qwen-code/qwen-code-core&quot;);
     |                                       ^
  15 |  const __vi_import_4__ = await import(&quot;msw&quot;);
  16 |  const __vi_import_5__ = await import(&quot;msw/node&quot;);
 ❯ packageEntryFailure ../../node_modules/vite/dist/node/chunks/dep-Bsx9IwL8.js:12218:32
 ❯ resolvePackageEntry ../../node_modules/vite/dist/node/chunks/dep-Bsx9IwL8.js:12215:2
 ❯ tryNodeResolve ../../node_modules/vite/dist/node/chunks/dep-Bsx9IwL8.js:12116:17
 ❯ ResolveIdContext.resolveId ../../node_modules/vite/dist/node/chunks/dep-Bsx9IwL8.js:11955:15
 ❯ EnvironmentPluginContainer.resolveId ../../node_modules/vite/dist/node/chunks/dep-Bsx9IwL8.js:31194:56
 ❯ TransformPluginContext.resolve ../../node_modules/vite/dist/node/chunks/dep-Bsx9IwL8.js:31376:13
 ❯ normalizeUrl ../../node_modules/vite/dist/node/chunks/dep-Bsx9IwL8.js:29984:22
 ❯ ../../node_modules/vite/dist/node/chunks/dep-Bsx9IwL8.js:30050:32
            </failure>
        </testcase>
    </testsuite>
    <testsuite name="src/config/config.test.ts" timestamp="2025-10-09T15:50:07.824Z" hostname="uby" tests="1" failures="1" errors="0" skipped="0" time="0">
        <testcase classname="src/config/config.test.ts" name="src/config/config.test.ts" time="0">
            <failure message="Failed to resolve entry for package &quot;@qwen-code/qwen-code-core&quot;. The package may have incorrect main/module/exports specified in its package.json." type="Error">
Error: Failed to resolve entry for package &quot;@qwen-code/qwen-code-core&quot;. The package may have incorrect main/module/exports specified in its package.json.
  Plugin: vite:import-analysis
  File: /home/atmandk/LowCal-dev/packages/cli/src/config/config.test.ts:18:0
  79 |  const __vi_import_0__ = await import(&quot;node:os&quot;);
  80 |  const __vi_import_1__ = await import(&quot;node:path&quot;);
  81 |  const __vi_import_2__ = await import(&quot;@qwen-code/qwen-code-core&quot;);
     |                                       ^
  82 |  const __vi_import_3__ = await import(&quot;./config.js&quot;);
  83 |  const __vi_import_4__ = await import(&quot;@qwen-code/qwen-code-core&quot;);
 ❯ packageEntryFailure ../../node_modules/vite/dist/node/chunks/dep-Bsx9IwL8.js:12218:32
 ❯ resolvePackageEntry ../../node_modules/vite/dist/node/chunks/dep-Bsx9IwL8.js:12215:2
 ❯ tryNodeResolve ../../node_modules/vite/dist/node/chunks/dep-Bsx9IwL8.js:12116:17
 ❯ ResolveIdContext.resolveId ../../node_modules/vite/dist/node/chunks/dep-Bsx9IwL8.js:11955:15
 ❯ EnvironmentPluginContainer.resolveId ../../node_modules/vite/dist/node/chunks/dep-Bsx9IwL8.js:31194:56
 ❯ TransformPluginContext.resolve ../../node_modules/vite/dist/node/chunks/dep-Bsx9IwL8.js:31376:13
 ❯ normalizeUrl ../../node_modules/vite/dist/node/chunks/dep-Bsx9IwL8.js:29984:22
 ❯ ../../node_modules/vite/dist/node/chunks/dep-Bsx9IwL8.js:30050:32
            </failure>
        </testcase>
    </testsuite>
    <testsuite name="src/config/extension.test.ts" timestamp="2025-10-09T15:50:07.824Z" hostname="uby" tests="1" failures="1" errors="0" skipped="0" time="0">
        <testcase classname="src/config/extension.test.ts" name="src/config/extension.test.ts" time="0">
            <failure message="Failed to resolve entry for package &quot;@qwen-code/qwen-code-core&quot;. The package may have incorrect main/module/exports specified in its package.json." type="Error">
Error: Failed to resolve entry for package &quot;@qwen-code/qwen-code-core&quot;. The package may have incorrect main/module/exports specified in its package.json.
  Plugin: vite:import-analysis
  File: /home/atmandk/LowCal-dev/packages/cli/src/config/extension.test.ts:24:0
  20 |  const __vi_import_2__ = await import(&quot;node:path&quot;);
  21 |  const __vi_import_3__ = await import(&quot;./extension.js&quot;);
  22 |  const __vi_import_4__ = await import(&quot;@qwen-code/qwen-code-core&quot;);
     |                                       ^
  23 |  const __vi_import_5__ = await import(&quot;node:child_process&quot;);
  24 |  const __vi_import_6__ = await import(&quot;./settings.js&quot;);
 ❯ packageEntryFailure ../../node_modules/vite/dist/node/chunks/dep-Bsx9IwL8.js:12218:32
 ❯ resolvePackageEntry ../../node_modules/vite/dist/node/chunks/dep-Bsx9IwL8.js:12215:2
 ❯ tryNodeResolve ../../node_modules/vite/dist/node/chunks/dep-Bsx9IwL8.js:12116:17
 ❯ ResolveIdContext.resolveId ../../node_modules/vite/dist/node/chunks/dep-Bsx9IwL8.js:11955:15
 ❯ EnvironmentPluginContainer.resolveId ../../node_modules/vite/dist/node/chunks/dep-Bsx9IwL8.js:31194:56
 ❯ TransformPluginContext.resolve ../../node_modules/vite/dist/node/chunks/dep-Bsx9IwL8.js:31376:13
 ❯ normalizeUrl ../../node_modules/vite/dist/node/chunks/dep-Bsx9IwL8.js:29984:22
 ❯ ../../node_modules/vite/dist/node/chunks/dep-Bsx9IwL8.js:30050:32
            </failure>
        </testcase>
    </testsuite>
    <testsuite name="src/config/keyBindings.test.ts" timestamp="2025-10-09T15:50:07.825Z" hostname="uby" tests="3" failures="0" errors="0" skipped="0" time="0.005680839">
        <testcase classname="src/config/keyBindings.test.ts" name="keyBindings config &gt; defaultKeyBindings &gt; should have bindings for all commands" time="0.002327272">
        </testcase>
        <testcase classname="src/config/keyBindings.test.ts" name="keyBindings config &gt; defaultKeyBindings &gt; should have valid key binding structures" time="0.001875807">
        </testcase>
        <testcase classname="src/config/keyBindings.test.ts" name="keyBindings config &gt; defaultKeyBindings &gt; should export all required types" time="0.000196153">
        </testcase>
    </testsuite>
    <testsuite name="src/config/settings.test.ts" timestamp="2025-10-09T15:50:07.825Z" hostname="uby" tests="1" failures="1" errors="0" skipped="0" time="0">
        <testcase classname="src/config/settings.test.ts" name="src/config/settings.test.ts" time="0">
            <failure message="[vitest] There was an error when mocking a module. If you are using &quot;vi.mock&quot; factory, make sure there are no top level variables inside, since this call is hoisted to top of the file. Read more: https://vitest.dev/api/vi.html#vi-mock" type="Error">
Error: [vitest] There was an error when mocking a module. If you are using &quot;vi.mock&quot; factory, make sure there are no top level variables inside, since this call is hoisted to top of the file. Read more: https://vitest.dev/api/vi.html#vi-mock
 ❯ src/config/settings.test.ts:53:1

Caused by: Caused by: Error: Failed to resolve entry for package &quot;@qwen-code/qwen-code-core&quot;. The package may have incorrect main/module/exports specified in its package.json.
  Plugin: vite:import-analysis
  File: /home/atmandk/LowCal-dev/packages/cli/src/config/settings.ts:15:7
  12 |    getErrorMessage,
  13 |    Storage
  14 |  } from &quot;@qwen-code/qwen-code-core&quot;;
     |          ^
  15 |  import stripJsonComments from &quot;strip-json-comments&quot;;
  16 |  import { DefaultLight } from &quot;../ui/themes/default-light.js&quot;;
 ❯ packageEntryFailure ../../node_modules/vite/dist/node/chunks/dep-Bsx9IwL8.js:12218:32
 ❯ resolvePackageEntry ../../node_modules/vite/dist/node/chunks/dep-Bsx9IwL8.js:12215:2
 ❯ tryNodeResolve ../../node_modules/vite/dist/node/chunks/dep-Bsx9IwL8.js:12116:17
 ❯ ResolveIdContext.resolveId ../../node_modules/vite/dist/node/chunks/dep-Bsx9IwL8.js:11955:15
 ❯ EnvironmentPluginContainer.resolveId ../../node_modules/vite/dist/node/chunks/dep-Bsx9IwL8.js:31194:56
 ❯ TransformPluginContext.resolve ../../node_modules/vite/dist/node/chunks/dep-Bsx9IwL8.js:31376:13
 ❯ normalizeUrl ../../node_modules/vite/dist/node/chunks/dep-Bsx9IwL8.js:29984:22
 ❯ ../../node_modules/vite/dist/node/chunks/dep-Bsx9IwL8.js:30050:32
            </failure>
        </testcase>
    </testsuite>
    <testsuite name="src/config/settingsSchema.test.ts" timestamp="2025-10-09T15:50:07.825Z" hostname="uby" tests="14" failures="0" errors="0" skipped="0" time="0.017202303">
        <testcase classname="src/config/settingsSchema.test.ts" name="SettingsSchema &gt; SETTINGS_SCHEMA &gt; should contain all expected top-level settings" time="0.002200647">
        </testcase>
        <testcase classname="src/config/settingsSchema.test.ts" name="SettingsSchema &gt; SETTINGS_SCHEMA &gt; should have correct structure for each setting" time="0.004808027">
        </testcase>
        <testcase classname="src/config/settingsSchema.test.ts" name="SettingsSchema &gt; SETTINGS_SCHEMA &gt; should have correct nested setting structure" time="0.000907017">
        </testcase>
        <testcase classname="src/config/settingsSchema.test.ts" name="SettingsSchema &gt; SETTINGS_SCHEMA &gt; should have accessibility nested properties" time="0.000219356">
        </testcase>
        <testcase classname="src/config/settingsSchema.test.ts" name="SettingsSchema &gt; SETTINGS_SCHEMA &gt; should have checkpointing nested properties" time="0.000098212">
        </testcase>
        <testcase classname="src/config/settingsSchema.test.ts" name="SettingsSchema &gt; SETTINGS_SCHEMA &gt; should have fileFiltering nested properties" time="0.00013487">
        </testcase>
        <testcase classname="src/config/settingsSchema.test.ts" name="SettingsSchema &gt; SETTINGS_SCHEMA &gt; should have unique categories" time="0.002211087">
        </testcase>
        <testcase classname="src/config/settingsSchema.test.ts" name="SettingsSchema &gt; SETTINGS_SCHEMA &gt; should have consistent default values for boolean settings" time="0.001525089">
        </testcase>
        <testcase classname="src/config/settingsSchema.test.ts" name="SettingsSchema &gt; SETTINGS_SCHEMA &gt; should have showInDialog property configured" time="0.000612071">
        </testcase>
        <testcase classname="src/config/settingsSchema.test.ts" name="SettingsSchema &gt; SETTINGS_SCHEMA &gt; should infer Settings type correctly" time="0.000805068">
        </testcase>
        <testcase classname="src/config/settingsSchema.test.ts" name="SettingsSchema &gt; SETTINGS_SCHEMA &gt; should have includeDirectories setting in schema" time="0.000157071">
        </testcase>
        <testcase classname="src/config/settingsSchema.test.ts" name="SettingsSchema &gt; SETTINGS_SCHEMA &gt; should have loadMemoryFromIncludeDirectories setting in schema" time="0.000099524">
        </testcase>
        <testcase classname="src/config/settingsSchema.test.ts" name="SettingsSchema &gt; SETTINGS_SCHEMA &gt; should have folderTrustFeature setting in schema" time="0.00010845">
        </testcase>
        <testcase classname="src/config/settingsSchema.test.ts" name="SettingsSchema &gt; SETTINGS_SCHEMA &gt; should have debugKeystrokeLogging setting in schema" time="0.000135761">
        </testcase>
    </testsuite>
    <testsuite name="src/config/trustedFolders.test.ts" timestamp="2025-10-09T15:50:07.826Z" hostname="uby" tests="1" failures="1" errors="0" skipped="0" time="0">
        <testcase classname="src/config/trustedFolders.test.ts" name="src/config/trustedFolders.test.ts" time="0">
            <failure message="Failed to resolve entry for package &quot;@qwen-code/qwen-code-core&quot;. The package may have incorrect main/module/exports specified in its package.json." type="Error">
Error: Failed to resolve entry for package &quot;@qwen-code/qwen-code-core&quot;. The package may have incorrect main/module/exports specified in its package.json.
  Plugin: vite:import-analysis
  File: /home/atmandk/LowCal-dev/packages/cli/src/config/trustedFolders.ts:10:46
  7  |  import * as path from &quot;node:path&quot;;
  8  |  import { homedir } from &quot;node:os&quot;;
  9  |  import { getErrorMessage, isWithinRoot } from &quot;@qwen-code/qwen-code-core&quot;;
     |                                                 ^
  10 |  import stripJsonComments from &quot;strip-json-comments&quot;;
  11 |  export const TRUSTED_FOLDERS_FILENAME = &quot;trustedFolders.json&quot;;
 ❯ packageEntryFailure ../../node_modules/vite/dist/node/chunks/dep-Bsx9IwL8.js:12218:32
 ❯ resolvePackageEntry ../../node_modules/vite/dist/node/chunks/dep-Bsx9IwL8.js:12215:2
 ❯ tryNodeResolve ../../node_modules/vite/dist/node/chunks/dep-Bsx9IwL8.js:12116:17
 ❯ ResolveIdContext.resolveId ../../node_modules/vite/dist/node/chunks/dep-Bsx9IwL8.js:11955:15
 ❯ EnvironmentPluginContainer.resolveId ../../node_modules/vite/dist/node/chunks/dep-Bsx9IwL8.js:31194:56
 ❯ TransformPluginContext.resolve ../../node_modules/vite/dist/node/chunks/dep-Bsx9IwL8.js:31376:13
 ❯ normalizeUrl ../../node_modules/vite/dist/node/chunks/dep-Bsx9IwL8.js:29984:22
 ❯ ../../node_modules/vite/dist/node/chunks/dep-Bsx9IwL8.js:30050:32
            </failure>
        </testcase>
    </testsuite>
    <testsuite name="src/services/BuiltinCommandLoader.test.ts" timestamp="2025-10-09T15:50:07.826Z" hostname="uby" tests="1" failures="1" errors="0" skipped="0" time="0">
        <testcase classname="src/services/BuiltinCommandLoader.test.ts" name="src/services/BuiltinCommandLoader.test.ts" time="0">
            <failure message="Failed to resolve entry for package &quot;@qwen-code/qwen-code-core&quot;. The package may have incorrect main/module/exports specified in its package.json." type="Error">
Error: Failed to resolve entry for package &quot;@qwen-code/qwen-code-core&quot;. The package may have incorrect main/module/exports specified in its package.json.
  Plugin: vite:import-analysis
  File: /home/atmandk/LowCal-dev/packages/cli/src/ui/commands/directoryCommand.tsx:12:45
  8  |  import * as os from &quot;node:os&quot;;
  9  |  import * as path from &quot;node:path&quot;;
  10 |  import { loadServerHierarchicalMemory } from &quot;@qwen-code/qwen-code-core&quot;;
     |                                                ^
  11 |  export function expandHomeDir(p) {
  12 |    if (!p) {
 ❯ packageEntryFailure ../../node_modules/vite/dist/node/chunks/dep-Bsx9IwL8.js:12218:32
 ❯ resolvePackageEntry ../../node_modules/vite/dist/node/chunks/dep-Bsx9IwL8.js:12215:2
 ❯ tryNodeResolve ../../node_modules/vite/dist/node/chunks/dep-Bsx9IwL8.js:12116:17
 ❯ ResolveIdContext.resolveId ../../node_modules/vite/dist/node/chunks/dep-Bsx9IwL8.js:11955:15
 ❯ EnvironmentPluginContainer.resolveId ../../node_modules/vite/dist/node/chunks/dep-Bsx9IwL8.js:31194:56
 ❯ TransformPluginContext.resolve ../../node_modules/vite/dist/node/chunks/dep-Bsx9IwL8.js:31376:13
 ❯ normalizeUrl ../../node_modules/vite/dist/node/chunks/dep-Bsx9IwL8.js:29984:22
 ❯ ../../node_modules/vite/dist/node/chunks/dep-Bsx9IwL8.js:30050:32
            </failure>
        </testcase>
    </testsuite>
    <testsuite name="src/services/CommandService.test.ts" timestamp="2025-10-09T15:50:07.827Z" hostname="uby" tests="11" failures="0" errors="0" skipped="0" time="0.019048887">
        <testcase classname="src/services/CommandService.test.ts" name="CommandService &gt; should load commands from a single loader" time="0.003524745">
        </testcase>
        <testcase classname="src/services/CommandService.test.ts" name="CommandService &gt; should aggregate commands from multiple loaders" time="0.000584941">
        </testcase>
        <testcase classname="src/services/CommandService.test.ts" name="CommandService &gt; should override commands from earlier loaders with those from later loaders" time="0.001248868">
        </testcase>
        <testcase classname="src/services/CommandService.test.ts" name="CommandService &gt; should handle loaders that return an empty array of commands gracefully" time="0.002484131">
        </testcase>
        <testcase classname="src/services/CommandService.test.ts" name="CommandService &gt; should load commands from successful loaders even if one fails" time="0.001717384">
        </testcase>
        <testcase classname="src/services/CommandService.test.ts" name="CommandService &gt; getCommands should return a readonly array that cannot be mutated" time="0.001200659">
        </testcase>
        <testcase classname="src/services/CommandService.test.ts" name="CommandService &gt; should pass the abort signal to all loaders" time="0.004540622">
        </testcase>
        <testcase classname="src/services/CommandService.test.ts" name="CommandService &gt; should rename extension commands when they conflict" time="0.00099568">
        </testcase>
        <testcase classname="src/services/CommandService.test.ts" name="CommandService &gt; should handle user/project command override correctly" time="0.000528277">
        </testcase>
        <testcase classname="src/services/CommandService.test.ts" name="CommandService &gt; should handle secondary conflicts when renaming extension commands" time="0.000479166">
        </testcase>
        <testcase classname="src/services/CommandService.test.ts" name="CommandService &gt; should handle multiple secondary conflicts with incrementing suffixes" time="0.000458207">
        </testcase>
    </testsuite>
    <testsuite name="src/services/FileCommandLoader.test.ts" timestamp="2025-10-09T15:50:07.827Z" hostname="uby" tests="1" failures="1" errors="0" skipped="0" time="0">
        <testcase classname="src/services/FileCommandLoader.test.ts" name="src/services/FileCommandLoader.test.ts" time="0">
            <failure message="Failed to resolve entry for package &quot;@qwen-code/qwen-code-core&quot;. The package may have incorrect main/module/exports specified in its package.json." type="Error">
Error: Failed to resolve entry for package &quot;@qwen-code/qwen-code-core&quot;. The package may have incorrect main/module/exports specified in its package.json.
  Plugin: vite:import-analysis
  File: /home/atmandk/LowCal-dev/packages/cli/src/services/FileCommandLoader.test.ts:9:0
  36 |  });
  37 |  const __vi_import_0__ = await import(&quot;node:path&quot;);
  38 |  const __vi_import_1__ = await import(&quot;@qwen-code/qwen-code-core&quot;);
     |                                       ^
  39 |  const __vi_import_2__ = await import(&quot;mock-fs&quot;);
  40 |  const __vi_import_3__ = await import(&quot;./FileCommandLoader.js&quot;);
 ❯ packageEntryFailure ../../node_modules/vite/dist/node/chunks/dep-Bsx9IwL8.js:12218:32
 ❯ resolvePackageEntry ../../node_modules/vite/dist/node/chunks/dep-Bsx9IwL8.js:12215:2
 ❯ tryNodeResolve ../../node_modules/vite/dist/node/chunks/dep-Bsx9IwL8.js:12116:17
 ❯ ResolveIdContext.resolveId ../../node_modules/vite/dist/node/chunks/dep-Bsx9IwL8.js:11955:15
 ❯ EnvironmentPluginContainer.resolveId ../../node_modules/vite/dist/node/chunks/dep-Bsx9IwL8.js:31194:56
 ❯ TransformPluginContext.resolve ../../node_modules/vite/dist/node/chunks/dep-Bsx9IwL8.js:31376:13
 ❯ normalizeUrl ../../node_modules/vite/dist/node/chunks/dep-Bsx9IwL8.js:29984:22
 ❯ ../../node_modules/vite/dist/node/chunks/dep-Bsx9IwL8.js:30050:32
            </failure>
        </testcase>
    </testsuite>
    <testsuite name="src/services/McpPromptLoader.test.ts" timestamp="2025-10-09T15:50:07.828Z" hostname="uby" tests="1" failures="1" errors="0" skipped="0" time="0">
        <testcase classname="src/services/McpPromptLoader.test.ts" name="src/services/McpPromptLoader.test.ts" time="0">
            <failure message="Failed to resolve entry for package &quot;@qwen-code/qwen-code-core&quot;. The package may have incorrect main/module/exports specified in its package.json." type="Error">
Error: Failed to resolve entry for package &quot;@qwen-code/qwen-code-core&quot;. The package may have incorrect main/module/exports specified in its package.json.
  Plugin: vite:import-analysis
  File: /home/atmandk/LowCal-dev/packages/cli/src/services/McpPromptLoader.ts:11:7
  7  |    getErrorMessage,
  8  |    getMCPServerPrompts
  9  |  } from &quot;@qwen-code/qwen-code-core&quot;;
     |          ^
  10 |  import { CommandKind } from &quot;../ui/commands/types.js&quot;;
  11 |  export class McpPromptLoader {
 ❯ packageEntryFailure ../../node_modules/vite/dist/node/chunks/dep-Bsx9IwL8.js:12218:32
 ❯ resolvePackageEntry ../../node_modules/vite/dist/node/chunks/dep-Bsx9IwL8.js:12215:2
 ❯ tryNodeResolve ../../node_modules/vite/dist/node/chunks/dep-Bsx9IwL8.js:12116:17
 ❯ ResolveIdContext.resolveId ../../node_modules/vite/dist/node/chunks/dep-Bsx9IwL8.js:11955:15
 ❯ EnvironmentPluginContainer.resolveId ../../node_modules/vite/dist/node/chunks/dep-Bsx9IwL8.js:31194:56
 ❯ TransformPluginContext.resolve ../../node_modules/vite/dist/node/chunks/dep-Bsx9IwL8.js:31376:13
 ❯ normalizeUrl ../../node_modules/vite/dist/node/chunks/dep-Bsx9IwL8.js:29984:22
 ❯ ../../node_modules/vite/dist/node/chunks/dep-Bsx9IwL8.js:30050:32
            </failure>
        </testcase>
    </testsuite>
    <testsuite name="src/test-utils/mockCommandContext.test.ts" timestamp="2025-10-09T15:50:07.828Z" hostname="uby" tests="3" failures="0" errors="0" skipped="0" time="0.00680668">
        <testcase classname="src/test-utils/mockCommandContext.test.ts" name="createMockCommandContext &gt; should return a valid CommandContext object with default mocks" time="0.003840639">
        </testcase>
        <testcase classname="src/test-utils/mockCommandContext.test.ts" name="createMockCommandContext &gt; should apply top-level overrides correctly" time="0.000879325">
        </testcase>
        <testcase classname="src/test-utils/mockCommandContext.test.ts" name="createMockCommandContext &gt; should apply deeply nested overrides correctly" time="0.000784339">
        </testcase>
    </testsuite>
    <testsuite name="src/ui/App.test.tsx" timestamp="2025-10-09T15:50:07.828Z" hostname="uby" tests="1" failures="1" errors="0" skipped="0" time="0">
        <testcase classname="src/ui/App.test.tsx" name="src/ui/App.test.tsx" time="0">
            <failure message="Failed to resolve entry for package &quot;@qwen-code/qwen-code-core&quot;. The package may have incorrect main/module/exports specified in its package.json." type="Error">
Error: Failed to resolve entry for package &quot;@qwen-code/qwen-code-core&quot;. The package may have incorrect main/module/exports specified in its package.json.
  Plugin: vite:import-analysis
  File: /home/atmandk/LowCal-dev/packages/cli/src/ui/App.test.tsx:15:0
  155|  vi.mock(&quot;node:child_process&quot;);
  156|  const __vi_import_0__ = await import(&quot;react/jsx-dev-runtime&quot;);
  157|  const __vi_import_1__ = await import(&quot;@qwen-code/qwen-code-core&quot;);
     |                                       ^
  158|  const __vi_import_2__ = await import(&quot;@testing-library/react&quot;);
  159|  const __vi_import_3__ = await import(&quot;node:events&quot;);
 ❯ packageEntryFailure ../../node_modules/vite/dist/node/chunks/dep-Bsx9IwL8.js:12218:32
 ❯ resolvePackageEntry ../../node_modules/vite/dist/node/chunks/dep-Bsx9IwL8.js:12215:2
 ❯ tryNodeResolve ../../node_modules/vite/dist/node/chunks/dep-Bsx9IwL8.js:12116:17
 ❯ ResolveIdContext.resolveId ../../node_modules/vite/dist/node/chunks/dep-Bsx9IwL8.js:11955:15
 ❯ EnvironmentPluginContainer.resolveId ../../node_modules/vite/dist/node/chunks/dep-Bsx9IwL8.js:31194:56
 ❯ TransformPluginContext.resolve ../../node_modules/vite/dist/node/chunks/dep-Bsx9IwL8.js:31376:13
 ❯ normalizeUrl ../../node_modules/vite/dist/node/chunks/dep-Bsx9IwL8.js:29984:22
 ❯ ../../node_modules/vite/dist/node/chunks/dep-Bsx9IwL8.js:30050:32
            </failure>
        </testcase>
    </testsuite>
    <testsuite name="src/ui/keyMatchers.test.ts" timestamp="2025-10-09T15:50:07.828Z" hostname="uby" tests="33" failures="0" errors="0" skipped="0" time="0.011558934">
        <testcase classname="src/ui/keyMatchers.test.ts" name="keyMatchers &gt; Data-driven key binding matches original logic &gt; should match return correctly" time="0.003016535">
        </testcase>
        <testcase classname="src/ui/keyMatchers.test.ts" name="keyMatchers &gt; Data-driven key binding matches original logic &gt; should match escape correctly" time="0.000341451">
        </testcase>
        <testcase classname="src/ui/keyMatchers.test.ts" name="keyMatchers &gt; Data-driven key binding matches original logic &gt; should match home correctly" time="0.000210178">
        </testcase>
        <testcase classname="src/ui/keyMatchers.test.ts" name="keyMatchers &gt; Data-driven key binding matches original logic &gt; should match end correctly" time="0.001273113">
        </testcase>
        <testcase classname="src/ui/keyMatchers.test.ts" name="keyMatchers &gt; Data-driven key binding matches original logic &gt; should match killLineRight correctly" time="0.000185773">
        </testcase>
        <testcase classname="src/ui/keyMatchers.test.ts" name="keyMatchers &gt; Data-driven key binding matches original logic &gt; should match killLineLeft correctly" time="0.000142424">
        </testcase>
        <testcase classname="src/ui/keyMatchers.test.ts" name="keyMatchers &gt; Data-driven key binding matches original logic &gt; should match clearInput correctly" time="0.000130562">
        </testcase>
        <testcase classname="src/ui/keyMatchers.test.ts" name="keyMatchers &gt; Data-driven key binding matches original logic &gt; should match clearScreen correctly" time="0.000132224">
        </testcase>
        <testcase classname="src/ui/keyMatchers.test.ts" name="keyMatchers &gt; Data-driven key binding matches original logic &gt; should match historyUp correctly" time="0.00014059">
        </testcase>
        <testcase classname="src/ui/keyMatchers.test.ts" name="keyMatchers &gt; Data-driven key binding matches original logic &gt; should match historyDown correctly" time="0.000130512">
        </testcase>
        <testcase classname="src/ui/keyMatchers.test.ts" name="keyMatchers &gt; Data-driven key binding matches original logic &gt; should match navigationUp correctly" time="0.000148234">
        </testcase>
        <testcase classname="src/ui/keyMatchers.test.ts" name="keyMatchers &gt; Data-driven key binding matches original logic &gt; should match navigationDown correctly" time="0.000145829">
        </testcase>
        <testcase classname="src/ui/keyMatchers.test.ts" name="keyMatchers &gt; Data-driven key binding matches original logic &gt; should match acceptSuggestion correctly" time="0.000158433">
        </testcase>
        <testcase classname="src/ui/keyMatchers.test.ts" name="keyMatchers &gt; Data-driven key binding matches original logic &gt; should match completionUp correctly" time="0.000152812">
        </testcase>
        <testcase classname="src/ui/keyMatchers.test.ts" name="keyMatchers &gt; Data-driven key binding matches original logic &gt; should match completionDown correctly" time="0.000162491">
        </testcase>
        <testcase classname="src/ui/keyMatchers.test.ts" name="keyMatchers &gt; Data-driven key binding matches original logic &gt; should match submit correctly" time="0.000159295">
        </testcase>
        <testcase classname="src/ui/keyMatchers.test.ts" name="keyMatchers &gt; Data-driven key binding matches original logic &gt; should match newline correctly" time="0.000182588">
        </testcase>
        <testcase classname="src/ui/keyMatchers.test.ts" name="keyMatchers &gt; Data-driven key binding matches original logic &gt; should match openExternalEditor correctly" time="0.000145309">
        </testcase>
        <testcase classname="src/ui/keyMatchers.test.ts" name="keyMatchers &gt; Data-driven key binding matches original logic &gt; should match pasteClipboardImage correctly" time="0.000117156">
        </testcase>
        <testcase classname="src/ui/keyMatchers.test.ts" name="keyMatchers &gt; Data-driven key binding matches original logic &gt; should match showErrorDetails correctly" time="0.000109252">
        </testcase>
        <testcase classname="src/ui/keyMatchers.test.ts" name="keyMatchers &gt; Data-driven key binding matches original logic &gt; should match toggleToolDescriptions correctly" time="0.000107058">
        </testcase>
        <testcase classname="src/ui/keyMatchers.test.ts" name="keyMatchers &gt; Data-driven key binding matches original logic &gt; should match toggleIDEContextDetail correctly" time="0.00011343">
        </testcase>
        <testcase classname="src/ui/keyMatchers.test.ts" name="keyMatchers &gt; Data-driven key binding matches original logic &gt; should match quit correctly" time="0.000123348">
        </testcase>
        <testcase classname="src/ui/keyMatchers.test.ts" name="keyMatchers &gt; Data-driven key binding matches original logic &gt; should match exit correctly" time="0.000150168">
        </testcase>
        <testcase classname="src/ui/keyMatchers.test.ts" name="keyMatchers &gt; Data-driven key binding matches original logic &gt; should match showMoreLines correctly" time="0.000133347">
        </testcase>
        <testcase classname="src/ui/keyMatchers.test.ts" name="keyMatchers &gt; Data-driven key binding matches original logic &gt; should match toggleYoloMode correctly" time="0.000126945">
        </testcase>
        <testcase classname="src/ui/keyMatchers.test.ts" name="keyMatchers &gt; Data-driven key binding matches original logic &gt; should match reverseSearch correctly" time="0.001008213">
        </testcase>
        <testcase classname="src/ui/keyMatchers.test.ts" name="keyMatchers &gt; Data-driven key binding matches original logic &gt; should match submitReverseSearch correctly" time="0.000159175">
        </testcase>
        <testcase classname="src/ui/keyMatchers.test.ts" name="keyMatchers &gt; Data-driven key binding matches original logic &gt; should match acceptSuggestionReverseSearch correctly" time="0.000159816">
        </testcase>
        <testcase classname="src/ui/keyMatchers.test.ts" name="keyMatchers &gt; Data-driven key binding matches original logic &gt; should properly handle ACCEPT_SUGGESTION_REVERSE_SEARCH cases" time="0.000153714">
        </testcase>
        <testcase classname="src/ui/keyMatchers.test.ts" name="keyMatchers &gt; Custom key bindings &gt; should work with custom configuration" time="0.000197906">
        </testcase>
        <testcase classname="src/ui/keyMatchers.test.ts" name="keyMatchers &gt; Custom key bindings &gt; should support multiple key bindings for same command" time="0.000157802">
        </testcase>
        <testcase classname="src/ui/keyMatchers.test.ts" name="keyMatchers &gt; Edge Cases &gt; should handle empty binding arrays" time="0.000095967">
        </testcase>
    </testsuite>
    <testsuite name="src/utils/cleanup.test.ts" timestamp="2025-10-09T15:50:07.830Z" hostname="uby" tests="1" failures="1" errors="0" skipped="0" time="0">
        <testcase classname="src/utils/cleanup.test.ts" name="src/utils/cleanup.test.ts" time="0">
            <failure message="Failed to resolve entry for package &quot;@qwen-code/qwen-code-core&quot;. The package may have incorrect main/module/exports specified in its package.json." type="Error">
Error: Failed to resolve entry for package &quot;@qwen-code/qwen-code-core&quot;. The package may have incorrect main/module/exports specified in its package.json.
  Plugin: vite:import-analysis
  File: /home/atmandk/LowCal-dev/packages/cli/src/utils/cleanup.ts:9:24
  6  |  import { promises as fs } from &quot;node:fs&quot;;
  7  |  import { join } from &quot;node:path&quot;;
  8  |  import { Storage } from &quot;@qwen-code/qwen-code-core&quot;;
     |                           ^
  9  |  const cleanupFunctions = [];
  10 |  export function registerCleanup(fn) {
 ❯ packageEntryFailure ../../node_modules/vite/dist/node/chunks/dep-Bsx9IwL8.js:12218:32
 ❯ resolvePackageEntry ../../node_modules/vite/dist/node/chunks/dep-Bsx9IwL8.js:12215:2
 ❯ tryNodeResolve ../../node_modules/vite/dist/node/chunks/dep-Bsx9IwL8.js:12116:17
 ❯ ResolveIdContext.resolveId ../../node_modules/vite/dist/node/chunks/dep-Bsx9IwL8.js:11955:15
 ❯ EnvironmentPluginContainer.resolveId ../../node_modules/vite/dist/node/chunks/dep-Bsx9IwL8.js:31194:56
 ❯ TransformPluginContext.resolve ../../node_modules/vite/dist/node/chunks/dep-Bsx9IwL8.js:31376:13
 ❯ normalizeUrl ../../node_modules/vite/dist/node/chunks/dep-Bsx9IwL8.js:29984:22
 ❯ ../../node_modules/vite/dist/node/chunks/dep-Bsx9IwL8.js:30050:32
            </failure>
        </testcase>
    </testsuite>
    <testsuite name="src/utils/gitUtils.test.ts" timestamp="2025-10-09T15:50:07.830Z" hostname="uby" tests="12" failures="0" errors="0" skipped="0" time="0.027570556">
        <testcase classname="src/utils/gitUtils.test.ts" name="isGitHubRepository &gt; returns false if the git command fails" time="0.015260906">
            <system-out>
Failed to get git remote: Error: oops
    at [90m/home/atmandk/LowCal-dev/packages/cli/[39msrc/utils/gitUtils.test.ts:29:13
    at mockCall (file:///home/atmandk/LowCal-dev/node_modules/[4m@vitest/spy[24m/dist/index.js:96:15)
    at execSync (file:///home/atmandk/LowCal-dev/node_modules/[4mtinyspy[24m/dist/index.js:47:103)
    at Module.isGitHubRepository [90m(/home/atmandk/LowCal-dev/packages/cli/[39msrc/utils/gitUtils.ts:17:7[90m)[39m
    at [90m/home/atmandk/LowCal-dev/packages/cli/[39msrc/utils/gitUtils.test.ts:31:12
    at file:///home/atmandk/LowCal-dev/node_modules/[4m@vitest/runner[24m/dist/chunk-hooks.js:155:11
    at file:///home/atmandk/LowCal-dev/node_modules/[4m@vitest/runner[24m/dist/chunk-hooks.js:752:26
    at file:///home/atmandk/LowCal-dev/node_modules/[4m@vitest/runner[24m/dist/chunk-hooks.js:1897:20
    at new Promise (&lt;anonymous&gt;)
    at runWithTimeout (file:///home/atmandk/LowCal-dev/node_modules/[4m@vitest/runner[24m/dist/chunk-hooks.js:1863:10)

            </system-out>
        </testcase>
        <testcase classname="src/utils/gitUtils.test.ts" name="isGitHubRepository &gt; returns false if the remote is not github.com" time="0.001418902">
        </testcase>
        <testcase classname="src/utils/gitUtils.test.ts" name="isGitHubRepository &gt; returns true if the remote is github.com" time="0.000216159">
        </testcase>
        <testcase classname="src/utils/gitUtils.test.ts" name="getGitHubRepoInfo &gt; throws an error if github repo info cannot be determined" time="0.001656291">
        </testcase>
        <testcase classname="src/utils/gitUtils.test.ts" name="getGitHubRepoInfo &gt; throws an error if owner/repo could not be determined" time="0.000779962">
        </testcase>
        <testcase classname="src/utils/gitUtils.test.ts" name="getGitHubRepoInfo &gt; returns the owner and repo" time="0.001362178">
        </testcase>
        <testcase classname="src/utils/gitUtils.test.ts" name="getGitRepoRoot &gt; throws an error if git root cannot be determined" time="0.00029751">
        </testcase>
        <testcase classname="src/utils/gitUtils.test.ts" name="getGitRepoRoot &gt; throws an error if git root is empty" time="0.000152922">
        </testcase>
        <testcase classname="src/utils/gitUtils.test.ts" name="getGitRepoRoot &gt; returns the root" time="0.000288403">
        </testcase>
        <testcase classname="src/utils/gitUtils.test.ts" name="getLatestRelease &gt; throws an error if the fetch fails" time="0.002108076">
            <system-out>
Failed to determine latest run-gemini-cli release: nope

            </system-out>
        </testcase>
        <testcase classname="src/utils/gitUtils.test.ts" name="getLatestRelease &gt; throws an error if the fetch does not return a json body" time="0.000993696">
            <system-out>
Failed to determine latest run-gemini-cli release: Error: Response did not include tag_name field
    at Module.getLatestGitHubRelease [90m(/home/atmandk/LowCal-dev/packages/cli/[39msrc/utils/gitUtils.ts:82:13[90m)[39m
[90m    at processTicksAndRejections (node:internal/process/task_queues:105:5)[39m
    at [90m/home/atmandk/LowCal-dev/packages/cli/[39msrc/utils/gitUtils.test.ts:135:5
    at file:///home/atmandk/LowCal-dev/node_modules/[4m@vitest/runner[24m/dist/chunk-hooks.js:752:20

            </system-out>
        </testcase>
        <testcase classname="src/utils/gitUtils.test.ts" name="getLatestRelease &gt; returns the release version" time="0.000556468">
        </testcase>
    </testsuite>
    <testsuite name="src/utils/handleAutoUpdate.test.ts" timestamp="2025-10-09T15:50:07.831Z" hostname="uby" tests="1" failures="1" errors="0" skipped="0" time="0">
        <testcase classname="src/utils/handleAutoUpdate.test.ts" name="src/utils/handleAutoUpdate.test.ts" time="0">
            <failure message="[vitest] There was an error when mocking a module. If you are using &quot;vi.mock&quot; factory, make sure there are no top level variables inside, since this call is hoisted to top of the file. Read more: https://vitest.dev/api/vi.html#vi-mock" type="Error">
Error: [vitest] There was an error when mocking a module. If you are using &quot;vi.mock&quot; factory, make sure there are no top level variables inside, since this call is hoisted to top of the file. Read more: https://vitest.dev/api/vi.html#vi-mock
 ❯ src/utils/handleAutoUpdate.test.ts:9:1

Caused by: Caused by: Error: Failed to resolve entry for package &quot;@qwen-code/qwen-code-core&quot;. The package may have incorrect main/module/exports specified in its package.json.
  Plugin: vite:import-analysis
  File: /home/atmandk/LowCal-dev/packages/cli/src/utils/installationInfo.ts:7:32
  4  |   * SPDX-License-Identifier: Apache-2.0
  5  |   */
  6  |  import { isGitRepository } from &quot;@qwen-code/qwen-code-core&quot;;
     |                                   ^
  7  |  import * as fs from &quot;node:fs&quot;;
  8  |  import * as path from &quot;node:path&quot;;
 ❯ packageEntryFailure ../../node_modules/vite/dist/node/chunks/dep-Bsx9IwL8.js:12218:32
 ❯ resolvePackageEntry ../../node_modules/vite/dist/node/chunks/dep-Bsx9IwL8.js:12215:2
 ❯ tryNodeResolve ../../node_modules/vite/dist/node/chunks/dep-Bsx9IwL8.js:12116:17
 ❯ ResolveIdContext.resolveId ../../node_modules/vite/dist/node/chunks/dep-Bsx9IwL8.js:11955:15
 ❯ EnvironmentPluginContainer.resolveId ../../node_modules/vite/dist/node/chunks/dep-Bsx9IwL8.js:31194:56
 ❯ TransformPluginContext.resolve ../../node_modules/vite/dist/node/chunks/dep-Bsx9IwL8.js:31376:13
 ❯ normalizeUrl ../../node_modules/vite/dist/node/chunks/dep-Bsx9IwL8.js:29984:22
 ❯ ../../node_modules/vite/dist/node/chunks/dep-Bsx9IwL8.js:30050:32
            </failure>
        </testcase>
    </testsuite>
    <testsuite name="src/utils/installationInfo.test.ts" timestamp="2025-10-09T15:50:07.831Z" hostname="uby" tests="1" failures="1" errors="0" skipped="0" time="0">
        <testcase classname="src/utils/installationInfo.test.ts" name="src/utils/installationInfo.test.ts" time="0">
            <failure message="Failed to resolve entry for package &quot;@qwen-code/qwen-code-core&quot;. The package may have incorrect main/module/exports specified in its package.json." type="Error">
Error: Failed to resolve entry for package &quot;@qwen-code/qwen-code-core&quot;. The package may have incorrect main/module/exports specified in its package.json.
  Plugin: vite:import-analysis
  File: /home/atmandk/LowCal-dev/packages/cli/src/utils/installationInfo.test.ts:12:0
  21 |  const __vi_import_2__ = await import(&quot;node:path&quot;);
  22 |  const __vi_import_3__ = await import(&quot;node:child_process&quot;);
  23 |  const __vi_import_4__ = await import(&quot;@qwen-code/qwen-code-core&quot;);
     |                                       ^
  24 |  /**
  25 |   * @license
 ❯ packageEntryFailure ../../node_modules/vite/dist/node/chunks/dep-Bsx9IwL8.js:12218:32
 ❯ resolvePackageEntry ../../node_modules/vite/dist/node/chunks/dep-Bsx9IwL8.js:12215:2
 ❯ tryNodeResolve ../../node_modules/vite/dist/node/chunks/dep-Bsx9IwL8.js:12116:17
 ❯ ResolveIdContext.resolveId ../../node_modules/vite/dist/node/chunks/dep-Bsx9IwL8.js:11955:15
 ❯ EnvironmentPluginContainer.resolveId ../../node_modules/vite/dist/node/chunks/dep-Bsx9IwL8.js:31194:56
 ❯ TransformPluginContext.resolve ../../node_modules/vite/dist/node/chunks/dep-Bsx9IwL8.js:31376:13
 ❯ normalizeUrl ../../node_modules/vite/dist/node/chunks/dep-Bsx9IwL8.js:29984:22
 ❯ ../../node_modules/vite/dist/node/chunks/dep-Bsx9IwL8.js:30050:32
            </failure>
        </testcase>
    </testsuite>
    <testsuite name="src/utils/readStdin.test.ts" timestamp="2025-10-09T15:50:07.831Z" hostname="uby" tests="4" failures="0" errors="0" skipped="0" time="0.009455525">
        <testcase classname="src/utils/readStdin.test.ts" name="readStdin &gt; should read and accumulate data from stdin" time="0.00456117">
        </testcase>
        <testcase classname="src/utils/readStdin.test.ts" name="readStdin &gt; should handle empty stdin input" time="0.00040552">
        </testcase>
        <testcase classname="src/utils/readStdin.test.ts" name="readStdin &gt; should timeout and resolve with empty string when no input is available" time="0.002489231">
        </testcase>
        <testcase classname="src/utils/readStdin.test.ts" name="readStdin &gt; should clear timeout once when data is received and resolve with data" time="0.000780613">
        </testcase>
    </testsuite>
    <testsuite name="src/utils/settingsUtils.test.ts" timestamp="2025-10-09T15:50:07.832Z" hostname="uby" tests="68" failures="0" errors="0" skipped="0" time="0.017255071">
        <testcase classname="src/utils/settingsUtils.test.ts" name="SettingsUtils &gt; Schema Utilities &gt; getSettingsByCategory &gt; should group settings by category" time="0.001594237">
        </testcase>
        <testcase classname="src/utils/settingsUtils.test.ts" name="SettingsUtils &gt; Schema Utilities &gt; getSettingsByCategory &gt; should include key property in grouped settings" time="0.001684243">
        </testcase>
        <testcase classname="src/utils/settingsUtils.test.ts" name="SettingsUtils &gt; Schema Utilities &gt; getSettingDefinition &gt; should return definition for valid setting" time="0.000247378">
        </testcase>
        <testcase classname="src/utils/settingsUtils.test.ts" name="SettingsUtils &gt; Schema Utilities &gt; getSettingDefinition &gt; should return undefined for invalid setting" time="0.000122506">
        </testcase>
        <testcase classname="src/utils/settingsUtils.test.ts" name="SettingsUtils &gt; Schema Utilities &gt; requiresRestart &gt; should return true for settings that require restart" time="0.000161138">
        </testcase>
        <testcase classname="src/utils/settingsUtils.test.ts" name="SettingsUtils &gt; Schema Utilities &gt; requiresRestart &gt; should return false for settings that do not require restart" time="0.000105205">
        </testcase>
        <testcase classname="src/utils/settingsUtils.test.ts" name="SettingsUtils &gt; Schema Utilities &gt; requiresRestart &gt; should return false for invalid settings" time="0.000082682">
        </testcase>
        <testcase classname="src/utils/settingsUtils.test.ts" name="SettingsUtils &gt; Schema Utilities &gt; getDefaultValue &gt; should return correct default values" time="0.000126894">
        </testcase>
        <testcase classname="src/utils/settingsUtils.test.ts" name="SettingsUtils &gt; Schema Utilities &gt; getDefaultValue &gt; should return undefined for invalid settings" time="0.000087081">
        </testcase>
        <testcase classname="src/utils/settingsUtils.test.ts" name="SettingsUtils &gt; Schema Utilities &gt; getRestartRequiredSettings &gt; should return all settings that require restart" time="0.001358201">
        </testcase>
        <testcase classname="src/utils/settingsUtils.test.ts" name="SettingsUtils &gt; Schema Utilities &gt; getEffectiveValue &gt; should return value from settings when set" time="0.000241957">
        </testcase>
        <testcase classname="src/utils/settingsUtils.test.ts" name="SettingsUtils &gt; Schema Utilities &gt; getEffectiveValue &gt; should return value from merged settings when not set in current scope" time="0.00011354">
        </testcase>
        <testcase classname="src/utils/settingsUtils.test.ts" name="SettingsUtils &gt; Schema Utilities &gt; getEffectiveValue &gt; should return default value when not set anywhere" time="0.000083174">
        </testcase>
        <testcase classname="src/utils/settingsUtils.test.ts" name="SettingsUtils &gt; Schema Utilities &gt; getEffectiveValue &gt; should handle nested settings correctly" time="0.000092471">
        </testcase>
        <testcase classname="src/utils/settingsUtils.test.ts" name="SettingsUtils &gt; Schema Utilities &gt; getEffectiveValue &gt; should return undefined for invalid settings" time="0.000074137">
        </testcase>
        <testcase classname="src/utils/settingsUtils.test.ts" name="SettingsUtils &gt; Schema Utilities &gt; getAllSettingKeys &gt; should return all setting keys" time="0.000236527">
        </testcase>
        <testcase classname="src/utils/settingsUtils.test.ts" name="SettingsUtils &gt; Schema Utilities &gt; getSettingsByType &gt; should return only boolean settings" time="0.000733706">
        </testcase>
        <testcase classname="src/utils/settingsUtils.test.ts" name="SettingsUtils &gt; Schema Utilities &gt; getSettingsRequiringRestart &gt; should return only settings that require restart" time="0.000962299">
        </testcase>
        <testcase classname="src/utils/settingsUtils.test.ts" name="SettingsUtils &gt; Schema Utilities &gt; isValidSettingKey &gt; should return true for valid setting keys" time="0.000814455">
        </testcase>
        <testcase classname="src/utils/settingsUtils.test.ts" name="SettingsUtils &gt; Schema Utilities &gt; isValidSettingKey &gt; should return false for invalid setting keys" time="0.000187115">
        </testcase>
        <testcase classname="src/utils/settingsUtils.test.ts" name="SettingsUtils &gt; Schema Utilities &gt; getSettingCategory &gt; should return correct category for valid settings" time="0.000111716">
        </testcase>
        <testcase classname="src/utils/settingsUtils.test.ts" name="SettingsUtils &gt; Schema Utilities &gt; getSettingCategory &gt; should return undefined for invalid settings" time="0.000052507">
        </testcase>
        <testcase classname="src/utils/settingsUtils.test.ts" name="SettingsUtils &gt; Schema Utilities &gt; shouldShowInDialog &gt; should return true for settings marked to show in dialog" time="0.000122517">
        </testcase>
        <testcase classname="src/utils/settingsUtils.test.ts" name="SettingsUtils &gt; Schema Utilities &gt; shouldShowInDialog &gt; should return false for settings marked to hide from dialog" time="0.000109182">
        </testcase>
        <testcase classname="src/utils/settingsUtils.test.ts" name="SettingsUtils &gt; Schema Utilities &gt; shouldShowInDialog &gt; should return true for invalid settings (default behavior)" time="0.000047287">
        </testcase>
        <testcase classname="src/utils/settingsUtils.test.ts" name="SettingsUtils &gt; Schema Utilities &gt; getDialogSettingsByCategory &gt; should only return settings marked for dialog display" time="0.000407723">
        </testcase>
        <testcase classname="src/utils/settingsUtils.test.ts" name="SettingsUtils &gt; Schema Utilities &gt; getDialogSettingsByCategory &gt; should not include Advanced category settings" time="0.000098602">
        </testcase>
        <testcase classname="src/utils/settingsUtils.test.ts" name="SettingsUtils &gt; Schema Utilities &gt; getDialogSettingsByCategory &gt; should include settings with showInDialog=true" time="0.000358012">
        </testcase>
        <testcase classname="src/utils/settingsUtils.test.ts" name="SettingsUtils &gt; Schema Utilities &gt; getDialogSettingsByType &gt; should return only boolean dialog settings" time="0.000281421">
        </testcase>
        <testcase classname="src/utils/settingsUtils.test.ts" name="SettingsUtils &gt; Schema Utilities &gt; getDialogSettingsByType &gt; should return only string dialog settings" time="0.0002058">
        </testcase>
        <testcase classname="src/utils/settingsUtils.test.ts" name="SettingsUtils &gt; Schema Utilities &gt; getDialogSettingKeys &gt; should return only settings marked for dialog display" time="0.000574853">
        </testcase>
        <testcase classname="src/utils/settingsUtils.test.ts" name="SettingsUtils &gt; Schema Utilities &gt; getDialogSettingKeys &gt; should return fewer keys than getAllSettingKeys" time="0.000159454">
        </testcase>
        <testcase classname="src/utils/settingsUtils.test.ts" name="SettingsUtils &gt; Schema Utilities &gt; getDialogSettingKeys &gt; should handle nested settings display correctly" time="0.00025423">
        </testcase>
        <testcase classname="src/utils/settingsUtils.test.ts" name="SettingsUtils &gt; Business Logic Utilities &gt; getSettingValue &gt; should return value from settings when set" time="0.000057205">
        </testcase>
        <testcase classname="src/utils/settingsUtils.test.ts" name="SettingsUtils &gt; Business Logic Utilities &gt; getSettingValue &gt; should return value from merged settings when not set in current scope" time="0.000034624">
        </testcase>
        <testcase classname="src/utils/settingsUtils.test.ts" name="SettingsUtils &gt; Business Logic Utilities &gt; getSettingValue &gt; should return default value for invalid setting" time="0.000190012">
        </testcase>
        <testcase classname="src/utils/settingsUtils.test.ts" name="SettingsUtils &gt; Business Logic Utilities &gt; isSettingModified &gt; should return true when value differs from default" time="0.000131974">
        </testcase>
        <testcase classname="src/utils/settingsUtils.test.ts" name="SettingsUtils &gt; Business Logic Utilities &gt; isSettingModified &gt; should return false when value matches default" time="0.000072895">
        </testcase>
        <testcase classname="src/utils/settingsUtils.test.ts" name="SettingsUtils &gt; Business Logic Utilities &gt; settingExistsInScope &gt; should return true for top-level settings that exist" time="0.000069639">
        </testcase>
        <testcase classname="src/utils/settingsUtils.test.ts" name="SettingsUtils &gt; Business Logic Utilities &gt; settingExistsInScope &gt; should return false for top-level settings that do not exist" time="0.000052998">
        </testcase>
        <testcase classname="src/utils/settingsUtils.test.ts" name="SettingsUtils &gt; Business Logic Utilities &gt; settingExistsInScope &gt; should return true for nested settings that exist" time="0.000052577">
        </testcase>
        <testcase classname="src/utils/settingsUtils.test.ts" name="SettingsUtils &gt; Business Logic Utilities &gt; settingExistsInScope &gt; should return false for nested settings that do not exist" time="0.00004885">
        </testcase>
        <testcase classname="src/utils/settingsUtils.test.ts" name="SettingsUtils &gt; Business Logic Utilities &gt; settingExistsInScope &gt; should return false when parent exists but child does not" time="0.000052718">
        </testcase>
        <testcase classname="src/utils/settingsUtils.test.ts" name="SettingsUtils &gt; Business Logic Utilities &gt; setPendingSettingValue &gt; should set top-level setting value" time="0.000078445">
        </testcase>
        <testcase classname="src/utils/settingsUtils.test.ts" name="SettingsUtils &gt; Business Logic Utilities &gt; setPendingSettingValue &gt; should set nested setting value" time="0.000066132">
        </testcase>
        <testcase classname="src/utils/settingsUtils.test.ts" name="SettingsUtils &gt; Business Logic Utilities &gt; setPendingSettingValue &gt; should preserve existing nested settings" time="0.000078626">
        </testcase>
        <testcase classname="src/utils/settingsUtils.test.ts" name="SettingsUtils &gt; Business Logic Utilities &gt; setPendingSettingValue &gt; should not mutate original settings" time="0.000569383">
        </testcase>
        <testcase classname="src/utils/settingsUtils.test.ts" name="SettingsUtils &gt; Business Logic Utilities &gt; hasRestartRequiredSettings &gt; should return true when modified settings require restart" time="0.000231157">
        </testcase>
        <testcase classname="src/utils/settingsUtils.test.ts" name="SettingsUtils &gt; Business Logic Utilities &gt; hasRestartRequiredSettings &gt; should return false when no modified settings require restart" time="0.000061554">
        </testcase>
        <testcase classname="src/utils/settingsUtils.test.ts" name="SettingsUtils &gt; Business Logic Utilities &gt; hasRestartRequiredSettings &gt; should return false for empty set" time="0.000044061">
        </testcase>
        <testcase classname="src/utils/settingsUtils.test.ts" name="SettingsUtils &gt; Business Logic Utilities &gt; getRestartRequiredFromModified &gt; should return only settings that require restart" time="0.000205059">
        </testcase>
        <testcase classname="src/utils/settingsUtils.test.ts" name="SettingsUtils &gt; Business Logic Utilities &gt; getRestartRequiredFromModified &gt; should return empty array when no settings require restart" time="0.000099144">
        </testcase>
        <testcase classname="src/utils/settingsUtils.test.ts" name="SettingsUtils &gt; Business Logic Utilities &gt; getDisplayValue &gt; should show value without * when setting matches default" time="0.000069859">
        </testcase>
        <testcase classname="src/utils/settingsUtils.test.ts" name="SettingsUtils &gt; Business Logic Utilities &gt; getDisplayValue &gt; should show default value when setting is not in scope" time="0.000049181">
        </testcase>
        <testcase classname="src/utils/settingsUtils.test.ts" name="SettingsUtils &gt; Business Logic Utilities &gt; getDisplayValue &gt; should show value with * when changed from default" time="0.000048199">
        </testcase>
        <testcase classname="src/utils/settingsUtils.test.ts" name="SettingsUtils &gt; Business Logic Utilities &gt; getDisplayValue &gt; should show default value without * when setting does not exist in scope" time="0.000042799">
        </testcase>
        <testcase classname="src/utils/settingsUtils.test.ts" name="SettingsUtils &gt; Business Logic Utilities &gt; getDisplayValue &gt; should show value with * when user changes from default" time="0.000051064">
        </testcase>
        <testcase classname="src/utils/settingsUtils.test.ts" name="SettingsUtils &gt; Business Logic Utilities &gt; isDefaultValue &gt; should return true when setting does not exist in scope" time="0.000062366">
        </testcase>
        <testcase classname="src/utils/settingsUtils.test.ts" name="SettingsUtils &gt; Business Logic Utilities &gt; isDefaultValue &gt; should return false when setting exists in scope" time="0.00004313">
        </testcase>
        <testcase classname="src/utils/settingsUtils.test.ts" name="SettingsUtils &gt; Business Logic Utilities &gt; isDefaultValue &gt; should return true when nested setting does not exist in scope" time="0.000041627">
        </testcase>
        <testcase classname="src/utils/settingsUtils.test.ts" name="SettingsUtils &gt; Business Logic Utilities &gt; isDefaultValue &gt; should return false when nested setting exists in scope" time="0.000040635">
        </testcase>
        <testcase classname="src/utils/settingsUtils.test.ts" name="SettingsUtils &gt; Business Logic Utilities &gt; isValueInherited &gt; should return false for top-level settings that exist in scope" time="0.00005934">
        </testcase>
        <testcase classname="src/utils/settingsUtils.test.ts" name="SettingsUtils &gt; Business Logic Utilities &gt; isValueInherited &gt; should return true for top-level settings that do not exist in scope" time="0.000044602">
        </testcase>
        <testcase classname="src/utils/settingsUtils.test.ts" name="SettingsUtils &gt; Business Logic Utilities &gt; isValueInherited &gt; should return false for nested settings that exist in scope" time="0.000047558">
        </testcase>
        <testcase classname="src/utils/settingsUtils.test.ts" name="SettingsUtils &gt; Business Logic Utilities &gt; isValueInherited &gt; should return true for nested settings that do not exist in scope" time="0.000032139">
        </testcase>
        <testcase classname="src/utils/settingsUtils.test.ts" name="SettingsUtils &gt; Business Logic Utilities &gt; getEffectiveDisplayValue &gt; should return value from settings when available" time="0.000044893">
        </testcase>
        <testcase classname="src/utils/settingsUtils.test.ts" name="SettingsUtils &gt; Business Logic Utilities &gt; getEffectiveDisplayValue &gt; should return value from merged settings when not in scope" time="0.000038842">
        </testcase>
        <testcase classname="src/utils/settingsUtils.test.ts" name="SettingsUtils &gt; Business Logic Utilities &gt; getEffectiveDisplayValue &gt; should return default value for undefined values" time="0.000027672">
        </testcase>
    </testsuite>
    <testsuite name="src/utils/startupWarnings.test.ts" timestamp="2025-10-09T15:50:07.834Z" hostname="uby" tests="1" failures="1" errors="0" skipped="0" time="0">
        <testcase classname="src/utils/startupWarnings.test.ts" name="src/utils/startupWarnings.test.ts" time="0">
            <failure message="Failed to resolve entry for package &quot;@qwen-code/qwen-code-core&quot;. The package may have incorrect main/module/exports specified in its package.json." type="Error">
Error: Failed to resolve entry for package &quot;@qwen-code/qwen-code-core&quot;. The package may have incorrect main/module/exports specified in its package.json.
  Plugin: vite:import-analysis
  File: /home/atmandk/LowCal-dev/packages/cli/src/utils/startupWarnings.test.ts:10:0
  9  |  const __vi_import_0__ = await import(&quot;./startupWarnings.js&quot;);
  10 |  const __vi_import_1__ = await import(&quot;node:fs/promises&quot;);
  11 |  const __vi_import_2__ = await import(&quot;@qwen-code/qwen-code-core&quot;);
     |                                       ^
  12 |  /**
  13 |   * @license
 ❯ packageEntryFailure ../../node_modules/vite/dist/node/chunks/dep-Bsx9IwL8.js:12218:32
 ❯ resolvePackageEntry ../../node_modules/vite/dist/node/chunks/dep-Bsx9IwL8.js:12215:2
 ❯ tryNodeResolve ../../node_modules/vite/dist/node/chunks/dep-Bsx9IwL8.js:12116:17
 ❯ ResolveIdContext.resolveId ../../node_modules/vite/dist/node/chunks/dep-Bsx9IwL8.js:11955:15
 ❯ EnvironmentPluginContainer.resolveId ../../node_modules/vite/dist/node/chunks/dep-Bsx9IwL8.js:31194:56
 ❯ TransformPluginContext.resolve ../../node_modules/vite/dist/node/chunks/dep-Bsx9IwL8.js:31376:13
 ❯ normalizeUrl ../../node_modules/vite/dist/node/chunks/dep-Bsx9IwL8.js:29984:22
 ❯ ../../node_modules/vite/dist/node/chunks/dep-Bsx9IwL8.js:30050:32
            </failure>
        </testcase>
    </testsuite>
    <testsuite name="src/utils/userStartupWarnings.test.ts" timestamp="2025-10-09T15:50:07.835Z" hostname="uby" tests="5" failures="0" errors="0" skipped="0" time="0.018679994">
        <testcase classname="src/utils/userStartupWarnings.test.ts" name="getUserStartupWarnings &gt; home directory check &gt; should return a warning when running in home directory" time="0.011149456">
        </testcase>
        <testcase classname="src/utils/userStartupWarnings.test.ts" name="getUserStartupWarnings &gt; home directory check &gt; should not return a warning when running in a project directory" time="0.001965723">
        </testcase>
        <testcase classname="src/utils/userStartupWarnings.test.ts" name="getUserStartupWarnings &gt; root directory check &gt; should return a warning when running in a root directory" time="0.00099066">
        </testcase>
        <testcase classname="src/utils/userStartupWarnings.test.ts" name="getUserStartupWarnings &gt; root directory check &gt; should not return a warning when running in a non-root directory" time="0.000801822">
        </testcase>
        <testcase classname="src/utils/userStartupWarnings.test.ts" name="getUserStartupWarnings &gt; error handling &gt; should handle errors when checking directory" time="0.002338662">
        </testcase>
    </testsuite>
    <testsuite name="src/commands/mcp/add.test.ts" timestamp="2025-10-09T15:50:07.835Z" hostname="uby" tests="1" failures="1" errors="0" skipped="0" time="0">
        <testcase classname="src/commands/mcp/add.test.ts" name="src/commands/mcp/add.test.ts" time="0">
            <failure message="[vitest] There was an error when mocking a module. If you are using &quot;vi.mock&quot; factory, make sure there are no top level variables inside, since this call is hoisted to top of the file. Read more: https://vitest.dev/api/vi.html#vi-mock" type="Error">
Error: [vitest] There was an error when mocking a module. If you are using &quot;vi.mock&quot; factory, make sure there are no top level variables inside, since this call is hoisted to top of the file. Read more: https://vitest.dev/api/vi.html#vi-mock
 ❯ src/commands/mcp/add.ts:9:1

Caused by: Caused by: Error: Failed to resolve entry for package &quot;@qwen-code/qwen-code-core&quot;. The package may have incorrect main/module/exports specified in its package.json.
  Plugin: vite:import-analysis
  File: /home/atmandk/LowCal-dev/packages/cli/src/config/settings.ts:15:7
  12 |    getErrorMessage,
  13 |    Storage
  14 |  } from &quot;@qwen-code/qwen-code-core&quot;;
     |          ^
  15 |  import stripJsonComments from &quot;strip-json-comments&quot;;
  16 |  import { DefaultLight } from &quot;../ui/themes/default-light.js&quot;;
 ❯ packageEntryFailure ../../node_modules/vite/dist/node/chunks/dep-Bsx9IwL8.js:12218:32
 ❯ resolvePackageEntry ../../node_modules/vite/dist/node/chunks/dep-Bsx9IwL8.js:12215:2
 ❯ tryNodeResolve ../../node_modules/vite/dist/node/chunks/dep-Bsx9IwL8.js:12116:17
 ❯ ResolveIdContext.resolveId ../../node_modules/vite/dist/node/chunks/dep-Bsx9IwL8.js:11955:15
 ❯ EnvironmentPluginContainer.resolveId ../../node_modules/vite/dist/node/chunks/dep-Bsx9IwL8.js:31194:56
 ❯ TransformPluginContext.resolve ../../node_modules/vite/dist/node/chunks/dep-Bsx9IwL8.js:31376:13
 ❯ normalizeUrl ../../node_modules/vite/dist/node/chunks/dep-Bsx9IwL8.js:29984:22
 ❯ ../../node_modules/vite/dist/node/chunks/dep-Bsx9IwL8.js:30050:32
            </failure>
        </testcase>
    </testsuite>
    <testsuite name="src/commands/mcp/list.test.ts" timestamp="2025-10-09T15:50:07.835Z" hostname="uby" tests="1" failures="1" errors="0" skipped="0" time="0">
        <testcase classname="src/commands/mcp/list.test.ts" name="src/commands/mcp/list.test.ts" time="0">
            <failure message="Failed to resolve entry for package &quot;@qwen-code/qwen-code-core&quot;. The package may have incorrect main/module/exports specified in its package.json." type="Error">
Error: Failed to resolve entry for package &quot;@qwen-code/qwen-code-core&quot;. The package may have incorrect main/module/exports specified in its package.json.
  Plugin: vite:import-analysis
  File: /home/atmandk/LowCal-dev/packages/cli/src/commands/mcp/list.test.ts:11:0
  24 |  const __vi_import_1__ = await import(&quot;../../config/settings.js&quot;);
  25 |  const __vi_import_2__ = await import(&quot;../../config/extension.js&quot;);
  26 |  const __vi_import_3__ = await import(&quot;@qwen-code/qwen-code-core&quot;);
     |                                       ^
  27 |  const __vi_import_4__ = await import(&quot;@modelcontextprotocol/sdk/client/index.js&quot;);
  28 |  /**
 ❯ packageEntryFailure ../../node_modules/vite/dist/node/chunks/dep-Bsx9IwL8.js:12218:32
 ❯ resolvePackageEntry ../../node_modules/vite/dist/node/chunks/dep-Bsx9IwL8.js:12215:2
 ❯ tryNodeResolve ../../node_modules/vite/dist/node/chunks/dep-Bsx9IwL8.js:12116:17
 ❯ ResolveIdContext.resolveId ../../node_modules/vite/dist/node/chunks/dep-Bsx9IwL8.js:11955:15
 ❯ EnvironmentPluginContainer.resolveId ../../node_modules/vite/dist/node/chunks/dep-Bsx9IwL8.js:31194:56
 ❯ TransformPluginContext.resolve ../../node_modules/vite/dist/node/chunks/dep-Bsx9IwL8.js:31376:13
 ❯ normalizeUrl ../../node_modules/vite/dist/node/chunks/dep-Bsx9IwL8.js:29984:22
 ❯ ../../node_modules/vite/dist/node/chunks/dep-Bsx9IwL8.js:30050:32
            </failure>
        </testcase>
    </testsuite>
    <testsuite name="src/commands/mcp/remove.test.ts" timestamp="2025-10-09T15:50:07.835Z" hostname="uby" tests="1" failures="1" errors="0" skipped="0" time="0">
        <testcase classname="src/commands/mcp/remove.test.ts" name="src/commands/mcp/remove.test.ts" time="0">
            <failure message="[vitest] There was an error when mocking a module. If you are using &quot;vi.mock&quot; factory, make sure there are no top level variables inside, since this call is hoisted to top of the file. Read more: https://vitest.dev/api/vi.html#vi-mock" type="Error">
Error: [vitest] There was an error when mocking a module. If you are using &quot;vi.mock&quot; factory, make sure there are no top level variables inside, since this call is hoisted to top of the file. Read more: https://vitest.dev/api/vi.html#vi-mock
 ❯ src/commands/mcp/remove.test.ts:9:1

Caused by: Caused by: Error: Failed to resolve entry for package &quot;@qwen-code/qwen-code-core&quot;. The package may have incorrect main/module/exports specified in its package.json.
  Plugin: vite:import-analysis
  File: /home/atmandk/LowCal-dev/packages/cli/src/config/settings.ts:15:7
  12 |    getErrorMessage,
  13 |    Storage
  14 |  } from &quot;@qwen-code/qwen-code-core&quot;;
     |          ^
  15 |  import stripJsonComments from &quot;strip-json-comments&quot;;
  16 |  import { DefaultLight } from &quot;../ui/themes/default-light.js&quot;;
 ❯ packageEntryFailure ../../node_modules/vite/dist/node/chunks/dep-Bsx9IwL8.js:12218:32
 ❯ resolvePackageEntry ../../node_modules/vite/dist/node/chunks/dep-Bsx9IwL8.js:12215:2
 ❯ tryNodeResolve ../../node_modules/vite/dist/node/chunks/dep-Bsx9IwL8.js:12116:17
 ❯ ResolveIdContext.resolveId ../../node_modules/vite/dist/node/chunks/dep-Bsx9IwL8.js:11955:15
 ❯ EnvironmentPluginContainer.resolveId ../../node_modules/vite/dist/node/chunks/dep-Bsx9IwL8.js:31194:56
 ❯ TransformPluginContext.resolve ../../node_modules/vite/dist/node/chunks/dep-Bsx9IwL8.js:31376:13
 ❯ normalizeUrl ../../node_modules/vite/dist/node/chunks/dep-Bsx9IwL8.js:29984:22
 ❯ ../../node_modules/vite/dist/node/chunks/dep-Bsx9IwL8.js:30050:32
            </failure>
        </testcase>
    </testsuite>
    <testsuite name="src/config/__tests__/env-persist.test.ts" timestamp="2025-10-09T15:50:07.836Z" hostname="uby" tests="1" failures="1" errors="0" skipped="0" time="0">
        <testcase classname="src/config/__tests__/env-persist.test.ts" name="src/config/__tests__/env-persist.test.ts" time="0">
            <failure message="Failed to resolve entry for package &quot;@qwen-code/qwen-code-core&quot;. The package may have incorrect main/module/exports specified in its package.json." type="Error">
Error: Failed to resolve entry for package &quot;@qwen-code/qwen-code-core&quot;. The package may have incorrect main/module/exports specified in its package.json.
  Plugin: vite:import-analysis
  File: /home/atmandk/LowCal-dev/packages/cli/src/config/auth.ts:7:25
  4  |   * SPDX-License-Identifier: Apache-2.0
  5  |   */
  6  |  import { AuthType } from &quot;@qwen-code/qwen-code-core&quot;;
     |                            ^
  7  |  import { loadEnvironment } from &quot;./settings.js&quot;;
  8  |  export function normalizeAuthType(authMethod) {
 ❯ packageEntryFailure ../../node_modules/vite/dist/node/chunks/dep-Bsx9IwL8.js:12218:32
 ❯ resolvePackageEntry ../../node_modules/vite/dist/node/chunks/dep-Bsx9IwL8.js:12215:2
 ❯ tryNodeResolve ../../node_modules/vite/dist/node/chunks/dep-Bsx9IwL8.js:12116:17
 ❯ ResolveIdContext.resolveId ../../node_modules/vite/dist/node/chunks/dep-Bsx9IwL8.js:11955:15
 ❯ EnvironmentPluginContainer.resolveId ../../node_modules/vite/dist/node/chunks/dep-Bsx9IwL8.js:31194:56
 ❯ TransformPluginContext.resolve ../../node_modules/vite/dist/node/chunks/dep-Bsx9IwL8.js:31376:13
 ❯ normalizeUrl ../../node_modules/vite/dist/node/chunks/dep-Bsx9IwL8.js:29984:22
 ❯ ../../node_modules/vite/dist/node/chunks/dep-Bsx9IwL8.js:30050:32
            </failure>
        </testcase>
    </testsuite>
    <testsuite name="src/commands/extensions/install.test.ts" timestamp="2025-10-09T15:50:07.836Z" hostname="uby" tests="1" failures="1" errors="0" skipped="0" time="0">
        <testcase classname="src/commands/extensions/install.test.ts" name="src/commands/extensions/install.test.ts" time="0">
            <failure message="Failed to resolve entry for package &quot;@qwen-code/qwen-code-core&quot;. The package may have incorrect main/module/exports specified in its package.json." type="Error">
Error: Failed to resolve entry for package &quot;@qwen-code/qwen-code-core&quot;. The package may have incorrect main/module/exports specified in its package.json.
  Plugin: vite:import-analysis
  File: /home/atmandk/LowCal-dev/packages/cli/src/config/extension.ts:11:24
  4  |   * SPDX-License-Identifier: Apache-2.0
  5  |   */
  6  |  import { Storage } from &quot;@qwen-code/qwen-code-core&quot;;
     |                           ^
  7  |  import * as fs from &quot;node:fs&quot;;
  8  |  import * as path from &quot;node:path&quot;;
 ❯ packageEntryFailure ../../node_modules/vite/dist/node/chunks/dep-Bsx9IwL8.js:12218:32
 ❯ resolvePackageEntry ../../node_modules/vite/dist/node/chunks/dep-Bsx9IwL8.js:12215:2
 ❯ tryNodeResolve ../../node_modules/vite/dist/node/chunks/dep-Bsx9IwL8.js:12116:17
 ❯ ResolveIdContext.resolveId ../../node_modules/vite/dist/node/chunks/dep-Bsx9IwL8.js:11955:15
 ❯ EnvironmentPluginContainer.resolveId ../../node_modules/vite/dist/node/chunks/dep-Bsx9IwL8.js:31194:56
 ❯ TransformPluginContext.resolve ../../node_modules/vite/dist/node/chunks/dep-Bsx9IwL8.js:31376:13
 ❯ normalizeUrl ../../node_modules/vite/dist/node/chunks/dep-Bsx9IwL8.js:29984:22
 ❯ ../../node_modules/vite/dist/node/chunks/dep-Bsx9IwL8.js:30050:32
            </failure>
        </testcase>
    </testsuite>
    <testsuite name="src/commands/extensions/uninstall.test.ts" timestamp="2025-10-09T15:50:07.836Z" hostname="uby" tests="1" failures="1" errors="0" skipped="0" time="0">
        <testcase classname="src/commands/extensions/uninstall.test.ts" name="src/commands/extensions/uninstall.test.ts" time="0">
            <failure message="Failed to resolve entry for package &quot;@qwen-code/qwen-code-core&quot;. The package may have incorrect main/module/exports specified in its package.json." type="Error">
Error: Failed to resolve entry for package &quot;@qwen-code/qwen-code-core&quot;. The package may have incorrect main/module/exports specified in its package.json.
  Plugin: vite:import-analysis
  File: /home/atmandk/LowCal-dev/packages/cli/src/config/extension.ts:11:24
  4  |   * SPDX-License-Identifier: Apache-2.0
  5  |   */
  6  |  import { Storage } from &quot;@qwen-code/qwen-code-core&quot;;
     |                           ^
  7  |  import * as fs from &quot;node:fs&quot;;
  8  |  import * as path from &quot;node:path&quot;;
 ❯ packageEntryFailure ../../node_modules/vite/dist/node/chunks/dep-Bsx9IwL8.js:12218:32
 ❯ resolvePackageEntry ../../node_modules/vite/dist/node/chunks/dep-Bsx9IwL8.js:12215:2
 ❯ tryNodeResolve ../../node_modules/vite/dist/node/chunks/dep-Bsx9IwL8.js:12116:17
 ❯ ResolveIdContext.resolveId ../../node_modules/vite/dist/node/chunks/dep-Bsx9IwL8.js:11955:15
 ❯ EnvironmentPluginContainer.resolveId ../../node_modules/vite/dist/node/chunks/dep-Bsx9IwL8.js:31194:56
 ❯ TransformPluginContext.resolve ../../node_modules/vite/dist/node/chunks/dep-Bsx9IwL8.js:31376:13
 ❯ normalizeUrl ../../node_modules/vite/dist/node/chunks/dep-Bsx9IwL8.js:29984:22
 ❯ ../../node_modules/vite/dist/node/chunks/dep-Bsx9IwL8.js:30050:32
            </failure>
        </testcase>
    </testsuite>
    <testsuite name="src/config/extensions/variables.test.ts" timestamp="2025-10-09T15:50:07.837Z" hostname="uby" tests="1" failures="0" errors="0" skipped="0" time="0.002514327">
        <testcase classname="src/config/extensions/variables.test.ts" name="hydrateString &gt; should replace a single variable" time="0.001339145">
        </testcase>
    </testsuite>
    <testsuite name="src/services/prompt-processors/argumentProcessor.test.ts" timestamp="2025-10-09T15:50:07.837Z" hostname="uby" tests="1" failures="1" errors="0" skipped="0" time="0">
        <testcase classname="src/services/prompt-processors/argumentProcessor.test.ts" name="src/services/prompt-processors/argumentProcessor.test.ts" time="0">
            <failure message="Failed to resolve entry for package &quot;@qwen-code/qwen-code-core&quot;. The package may have incorrect main/module/exports specified in its package.json." type="Error">
Error: Failed to resolve entry for package &quot;@qwen-code/qwen-code-core&quot;. The package may have incorrect main/module/exports specified in its package.json.
  Plugin: vite:import-analysis
  File: /home/atmandk/LowCal-dev/packages/cli/src/services/prompt-processors/argumentProcessor.ts:7:37
  4  |   * SPDX-License-Identifier: Apache-2.0
  5  |   */
  6  |  import { appendToLastTextPart } from &quot;@qwen-code/qwen-code-core&quot;;
     |                                        ^
  7  |  export class DefaultArgumentProcessor {
  8  |    async process(prompt, context) {
 ❯ packageEntryFailure ../../node_modules/vite/dist/node/chunks/dep-Bsx9IwL8.js:12218:32
 ❯ resolvePackageEntry ../../node_modules/vite/dist/node/chunks/dep-Bsx9IwL8.js:12215:2
 ❯ tryNodeResolve ../../node_modules/vite/dist/node/chunks/dep-Bsx9IwL8.js:12116:17
 ❯ ResolveIdContext.resolveId ../../node_modules/vite/dist/node/chunks/dep-Bsx9IwL8.js:11955:15
 ❯ EnvironmentPluginContainer.resolveId ../../node_modules/vite/dist/node/chunks/dep-Bsx9IwL8.js:31194:56
 ❯ TransformPluginContext.resolve ../../node_modules/vite/dist/node/chunks/dep-Bsx9IwL8.js:31376:13
 ❯ normalizeUrl ../../node_modules/vite/dist/node/chunks/dep-Bsx9IwL8.js:29984:22
 ❯ ../../node_modules/vite/dist/node/chunks/dep-Bsx9IwL8.js:30050:32
            </failure>
        </testcase>
    </testsuite>
    <testsuite name="src/services/prompt-processors/atFileProcessor.test.ts" timestamp="2025-10-09T15:50:07.837Z" hostname="uby" tests="1" failures="1" errors="0" skipped="0" time="0">
        <testcase classname="src/services/prompt-processors/atFileProcessor.test.ts" name="src/services/prompt-processors/atFileProcessor.test.ts" time="0">
            <failure message="Failed to resolve entry for package &quot;@qwen-code/qwen-code-core&quot;. The package may have incorrect main/module/exports specified in its package.json." type="Error">
Error: Failed to resolve entry for package &quot;@qwen-code/qwen-code-core&quot;. The package may have incorrect main/module/exports specified in its package.json.
 ❯ packageEntryFailure ../../node_modules/vite/dist/node/chunks/dep-Bsx9IwL8.js:12218:32
 ❯ resolvePackageEntry ../../node_modules/vite/dist/node/chunks/dep-Bsx9IwL8.js:12215:2
 ❯ tryNodeResolve ../../node_modules/vite/dist/node/chunks/dep-Bsx9IwL8.js:12116:17
 ❯ ResolveIdContext.resolveId ../../node_modules/vite/dist/node/chunks/dep-Bsx9IwL8.js:11955:15
 ❯ EnvironmentPluginContainer.resolveId ../../node_modules/vite/dist/node/chunks/dep-Bsx9IwL8.js:31194:56
            </failure>
        </testcase>
    </testsuite>
    <testsuite name="src/services/prompt-processors/injectionParser.test.ts" timestamp="2025-10-09T15:50:07.837Z" hostname="uby" tests="21" failures="0" errors="0" skipped="0" time="0.006359714">
        <testcase classname="src/services/prompt-processors/injectionParser.test.ts" name="extractInjections &gt; Basic Functionality &gt; should return an empty array if no trigger is present" time="0.001680366">
        </testcase>
        <testcase classname="src/services/prompt-processors/injectionParser.test.ts" name="extractInjections &gt; Basic Functionality &gt; should extract a single, simple injection" time="0.000222241">
        </testcase>
        <testcase classname="src/services/prompt-processors/injectionParser.test.ts" name="extractInjections &gt; Basic Functionality &gt; should extract multiple injections" time="0.000760957">
        </testcase>
        <testcase classname="src/services/prompt-processors/injectionParser.test.ts" name="extractInjections &gt; Basic Functionality &gt; should handle different triggers (e.g., @{)" time="0.000099114">
        </testcase>
        <testcase classname="src/services/prompt-processors/injectionParser.test.ts" name="extractInjections &gt; Positioning and Edge Cases &gt; should handle injections at the start and end of the prompt" time="0.000164484">
        </testcase>
        <testcase classname="src/services/prompt-processors/injectionParser.test.ts" name="extractInjections &gt; Positioning and Edge Cases &gt; should handle adjacent injections" time="0.000120252">
        </testcase>
        <testcase classname="src/services/prompt-processors/injectionParser.test.ts" name="extractInjections &gt; Positioning and Edge Cases &gt; should handle empty injections" time="0.000094815">
        </testcase>
        <testcase classname="src/services/prompt-processors/injectionParser.test.ts" name="extractInjections &gt; Positioning and Edge Cases &gt; should trim whitespace within the content" time="0.000130131">
        </testcase>
        <testcase classname="src/services/prompt-processors/injectionParser.test.ts" name="extractInjections &gt; Positioning and Edge Cases &gt; should ignore similar patterns that are not the exact trigger" time="0.000105255">
        </testcase>
        <testcase classname="src/services/prompt-processors/injectionParser.test.ts" name="extractInjections &gt; Positioning and Edge Cases &gt; should ignore extra closing braces before the trigger" time="0.000083684">
        </testcase>
        <testcase classname="src/services/prompt-processors/injectionParser.test.ts" name="extractInjections &gt; Positioning and Edge Cases &gt; should stop parsing at the first balanced closing brace (non-greedy)" time="0.000067995">
        </testcase>
        <testcase classname="src/services/prompt-processors/injectionParser.test.ts" name="extractInjections &gt; Nested Braces (Balanced) &gt; should correctly parse content with simple nested braces (e.g., JSON)" time="0.000196263">
        </testcase>
        <testcase classname="src/services/prompt-processors/injectionParser.test.ts" name="extractInjections &gt; Nested Braces (Balanced) &gt; should correctly parse content with shell constructs (e.g., awk)" time="0.000095607">
        </testcase>
        <testcase classname="src/services/prompt-processors/injectionParser.test.ts" name="extractInjections &gt; Nested Braces (Balanced) &gt; should correctly parse multiple levels of nesting" time="0.000087141">
        </testcase>
        <testcase classname="src/services/prompt-processors/injectionParser.test.ts" name="extractInjections &gt; Nested Braces (Balanced) &gt; should correctly parse paths containing balanced braces" time="0.000067194">
        </testcase>
        <testcase classname="src/services/prompt-processors/injectionParser.test.ts" name="extractInjections &gt; Nested Braces (Balanced) &gt; should correctly handle an injection containing the trigger itself" time="0.000107379">
        </testcase>
        <testcase classname="src/services/prompt-processors/injectionParser.test.ts" name="extractInjections &gt; Error Handling (Unbalanced/Unclosed) &gt; should throw an error for a simple unclosed injection" time="0.000559064">
        </testcase>
        <testcase classname="src/services/prompt-processors/injectionParser.test.ts" name="extractInjections &gt; Error Handling (Unbalanced/Unclosed) &gt; should throw an error if the prompt ends inside a nested block" time="0.000113841">
        </testcase>
        <testcase classname="src/services/prompt-processors/injectionParser.test.ts" name="extractInjections &gt; Error Handling (Unbalanced/Unclosed) &gt; should include the context name in the error message if provided" time="0.000080939">
        </testcase>
        <testcase classname="src/services/prompt-processors/injectionParser.test.ts" name="extractInjections &gt; Error Handling (Unbalanced/Unclosed) &gt; should throw if content contains unbalanced braces (e.g., missing closing)" time="0.000070741">
        </testcase>
        <testcase classname="src/services/prompt-processors/injectionParser.test.ts" name="extractInjections &gt; Error Handling (Unbalanced/Unclosed) &gt; should clearly state that unbalanced braces in content are not supported in the error" time="0.000067515">
        </testcase>
    </testsuite>
    <testsuite name="src/services/prompt-processors/shellProcessor.test.ts" timestamp="2025-10-09T15:50:07.838Z" hostname="uby" tests="1" failures="1" errors="0" skipped="0" time="0">
        <testcase classname="src/services/prompt-processors/shellProcessor.test.ts" name="src/services/prompt-processors/shellProcessor.test.ts" time="0">
            <failure message="Failed to resolve entry for package &quot;@qwen-code/qwen-code-core&quot;. The package may have incorrect main/module/exports specified in its package.json." type="Error">
Error: Failed to resolve entry for package &quot;@qwen-code/qwen-code-core&quot;. The package may have incorrect main/module/exports specified in its package.json.
  Plugin: vite:import-analysis
  File: /home/atmandk/LowCal-dev/packages/cli/src/services/prompt-processors/shellProcessor.test.ts:12:0
  13 |  const __vi_import_0__ = await import(&quot;./shellProcessor.js&quot;);
  14 |  const __vi_import_1__ = await import(&quot;../../test-utils/mockCommandContext.js&quot;);
  15 |  const __vi_import_2__ = await import(&quot;@qwen-code/qwen-code-core&quot;);
     |                                       ^
  16 |  const __vi_import_3__ = await import(&quot;node:os&quot;);
  17 |  const __vi_import_4__ = await import(&quot;shell-quote&quot;);
 ❯ packageEntryFailure ../../node_modules/vite/dist/node/chunks/dep-Bsx9IwL8.js:12218:32
 ❯ resolvePackageEntry ../../node_modules/vite/dist/node/chunks/dep-Bsx9IwL8.js:12215:2
 ❯ tryNodeResolve ../../node_modules/vite/dist/node/chunks/dep-Bsx9IwL8.js:12116:17
 ❯ ResolveIdContext.resolveId ../../node_modules/vite/dist/node/chunks/dep-Bsx9IwL8.js:11955:15
 ❯ EnvironmentPluginContainer.resolveId ../../node_modules/vite/dist/node/chunks/dep-Bsx9IwL8.js:31194:56
 ❯ TransformPluginContext.resolve ../../node_modules/vite/dist/node/chunks/dep-Bsx9IwL8.js:31376:13
 ❯ normalizeUrl ../../node_modules/vite/dist/node/chunks/dep-Bsx9IwL8.js:29984:22
 ❯ ../../node_modules/vite/dist/node/chunks/dep-Bsx9IwL8.js:30050:32
            </failure>
        </testcase>
    </testsuite>
    <testsuite name="src/ui/commands/aboutCommand.test.ts" timestamp="2025-10-09T15:50:07.838Z" hostname="uby" tests="5" failures="0" errors="0" skipped="0" time="0.015515115">
        <testcase classname="src/ui/commands/aboutCommand.test.ts" name="aboutCommand &gt; should have the correct name and description" time="0.002776561">
        </testcase>
        <testcase classname="src/ui/commands/aboutCommand.test.ts" name="aboutCommand &gt; should call addItem with all version info" time="0.007002873">
        </testcase>
        <testcase classname="src/ui/commands/aboutCommand.test.ts" name="aboutCommand &gt; should show the correct sandbox environment variable" time="0.00199109">
        </testcase>
        <testcase classname="src/ui/commands/aboutCommand.test.ts" name="aboutCommand &gt; should show sandbox-exec profile when applicable" time="0.00090323">
        </testcase>
        <testcase classname="src/ui/commands/aboutCommand.test.ts" name="aboutCommand &gt; should not show ide client when it is not detected" time="0.001107297">
        </testcase>
    </testsuite>
    <testsuite name="src/ui/commands/approvalModeCommand.test.ts" timestamp="2025-10-09T15:50:07.839Z" hostname="uby" tests="1" failures="1" errors="0" skipped="0" time="0">
        <testcase classname="src/ui/commands/approvalModeCommand.test.ts" name="src/ui/commands/approvalModeCommand.test.ts" time="0">
            <failure message="Failed to resolve entry for package &quot;@qwen-code/qwen-code-core&quot;. The package may have incorrect main/module/exports specified in its package.json." type="Error">
Error: Failed to resolve entry for package &quot;@qwen-code/qwen-code-core&quot;. The package may have incorrect main/module/exports specified in its package.json.
  Plugin: vite:import-analysis
  File: /home/atmandk/LowCal-dev/packages/cli/src/ui/commands/approvalModeCommand.test.ts:15:29
  10 |  } from &quot;./types.js&quot;;
  11 |  import { createMockCommandContext } from &quot;../../test-utils/mockCommandContext.js&quot;;
  12 |  import { ApprovalMode } from &quot;@qwen-code/qwen-code-core&quot;;
     |                                ^
  13 |  import { SettingScope } from &quot;../../config/settings.js&quot;;
  14 |  describe(&quot;approvalModeCommand&quot;, () =&gt; {
 ❯ packageEntryFailure ../../node_modules/vite/dist/node/chunks/dep-Bsx9IwL8.js:12218:32
 ❯ resolvePackageEntry ../../node_modules/vite/dist/node/chunks/dep-Bsx9IwL8.js:12215:2
 ❯ tryNodeResolve ../../node_modules/vite/dist/node/chunks/dep-Bsx9IwL8.js:12116:17
 ❯ ResolveIdContext.resolveId ../../node_modules/vite/dist/node/chunks/dep-Bsx9IwL8.js:11955:15
 ❯ EnvironmentPluginContainer.resolveId ../../node_modules/vite/dist/node/chunks/dep-Bsx9IwL8.js:31194:56
 ❯ TransformPluginContext.resolve ../../node_modules/vite/dist/node/chunks/dep-Bsx9IwL8.js:31376:13
 ❯ normalizeUrl ../../node_modules/vite/dist/node/chunks/dep-Bsx9IwL8.js:29984:22
 ❯ ../../node_modules/vite/dist/node/chunks/dep-Bsx9IwL8.js:30050:32
            </failure>
        </testcase>
    </testsuite>
    <testsuite name="src/ui/commands/authCommand.test.ts" timestamp="2025-10-09T15:50:07.839Z" hostname="uby" tests="2" failures="0" errors="0" skipped="0" time="0.004300248">
        <testcase classname="src/ui/commands/authCommand.test.ts" name="authCommand &gt; should return a dialog action to open the auth dialog" time="0.002819671">
        </testcase>
        <testcase classname="src/ui/commands/authCommand.test.ts" name="authCommand &gt; should have the correct name and description" time="0.000633281">
        </testcase>
    </testsuite>
    <testsuite name="src/ui/commands/bugCommand.test.ts" timestamp="2025-10-09T15:50:07.839Z" hostname="uby" tests="1" failures="1" errors="0" skipped="0" time="0">
        <testcase classname="src/ui/commands/bugCommand.test.ts" name="src/ui/commands/bugCommand.test.ts" time="0">
            <failure message="Failed to resolve entry for package &quot;@qwen-code/qwen-code-core&quot;. The package may have incorrect main/module/exports specified in its package.json." type="Error">
Error: Failed to resolve entry for package &quot;@qwen-code/qwen-code-core&quot;. The package may have incorrect main/module/exports specified in its package.json.
 ❯ packageEntryFailure ../../node_modules/vite/dist/node/chunks/dep-Bsx9IwL8.js:12218:32
 ❯ resolvePackageEntry ../../node_modules/vite/dist/node/chunks/dep-Bsx9IwL8.js:12215:2
 ❯ tryNodeResolve ../../node_modules/vite/dist/node/chunks/dep-Bsx9IwL8.js:12116:17
 ❯ ResolveIdContext.resolveId ../../node_modules/vite/dist/node/chunks/dep-Bsx9IwL8.js:11955:15
 ❯ EnvironmentPluginContainer.resolveId ../../node_modules/vite/dist/node/chunks/dep-Bsx9IwL8.js:31194:56
            </failure>
        </testcase>
    </testsuite>
    <testsuite name="src/ui/commands/chatCommand.test.ts" timestamp="2025-10-09T15:50:07.839Z" hostname="uby" tests="1" failures="1" errors="0" skipped="0" time="0">
        <testcase classname="src/ui/commands/chatCommand.test.ts" name="src/ui/commands/chatCommand.test.ts" time="0">
            <failure message="Failed to resolve entry for package &quot;@qwen-code/qwen-code-core&quot;. The package may have incorrect main/module/exports specified in its package.json." type="Error">
Error: Failed to resolve entry for package &quot;@qwen-code/qwen-code-core&quot;. The package may have incorrect main/module/exports specified in its package.json.
  Plugin: vite:import-analysis
  File: /home/atmandk/LowCal-dev/packages/cli/src/ui/commands/chatCommand.ts:18:30
  9  |  import { Colors } from &quot;../colors.js&quot;;
  10 |  import { CommandKind } from &quot;./types.js&quot;;
  11 |  import { decodeTagName } from &quot;@qwen-code/qwen-code-core&quot;;
     |                                 ^
  12 |  import path from &quot;node:path&quot;;
  13 |  import { MessageType } from &quot;../types.js&quot;;
 ❯ packageEntryFailure ../../node_modules/vite/dist/node/chunks/dep-Bsx9IwL8.js:12218:32
 ❯ resolvePackageEntry ../../node_modules/vite/dist/node/chunks/dep-Bsx9IwL8.js:12215:2
 ❯ tryNodeResolve ../../node_modules/vite/dist/node/chunks/dep-Bsx9IwL8.js:12116:17
 ❯ ResolveIdContext.resolveId ../../node_modules/vite/dist/node/chunks/dep-Bsx9IwL8.js:11955:15
 ❯ EnvironmentPluginContainer.resolveId ../../node_modules/vite/dist/node/chunks/dep-Bsx9IwL8.js:31194:56
 ❯ TransformPluginContext.resolve ../../node_modules/vite/dist/node/chunks/dep-Bsx9IwL8.js:31376:13
 ❯ normalizeUrl ../../node_modules/vite/dist/node/chunks/dep-Bsx9IwL8.js:29984:22
 ❯ ../../node_modules/vite/dist/node/chunks/dep-Bsx9IwL8.js:30050:32
            </failure>
        </testcase>
    </testsuite>
    <testsuite name="src/ui/commands/clearCommand.test.ts" timestamp="2025-10-09T15:50:07.840Z" hostname="uby" tests="1" failures="1" errors="0" skipped="0" time="0">
        <testcase classname="src/ui/commands/clearCommand.test.ts" name="src/ui/commands/clearCommand.test.ts" time="0">
            <failure message="Failed to resolve entry for package &quot;@qwen-code/qwen-code-core&quot;. The package may have incorrect main/module/exports specified in its package.json." type="Error">
Error: Failed to resolve entry for package &quot;@qwen-code/qwen-code-core&quot;. The package may have incorrect main/module/exports specified in its package.json.
  Plugin: vite:import-analysis
  File: /home/atmandk/LowCal-dev/packages/cli/src/ui/commands/clearCommand.test.ts:25:0
  11 |  const __vi_import_1__ = await import(&quot;./types.js&quot;);
  12 |  const __vi_import_2__ = await import(&quot;../../test-utils/mockCommandContext.js&quot;);
  13 |  const __vi_import_3__ = await import(&quot;@qwen-code/qwen-code-core&quot;);
     |                                       ^
  14 |  /**
  15 |   * @license
 ❯ packageEntryFailure ../../node_modules/vite/dist/node/chunks/dep-Bsx9IwL8.js:12218:32
 ❯ resolvePackageEntry ../../node_modules/vite/dist/node/chunks/dep-Bsx9IwL8.js:12215:2
 ❯ tryNodeResolve ../../node_modules/vite/dist/node/chunks/dep-Bsx9IwL8.js:12116:17
 ❯ ResolveIdContext.resolveId ../../node_modules/vite/dist/node/chunks/dep-Bsx9IwL8.js:11955:15
 ❯ EnvironmentPluginContainer.resolveId ../../node_modules/vite/dist/node/chunks/dep-Bsx9IwL8.js:31194:56
 ❯ TransformPluginContext.resolve ../../node_modules/vite/dist/node/chunks/dep-Bsx9IwL8.js:31376:13
 ❯ normalizeUrl ../../node_modules/vite/dist/node/chunks/dep-Bsx9IwL8.js:29984:22
 ❯ ../../node_modules/vite/dist/node/chunks/dep-Bsx9IwL8.js:30050:32
            </failure>
        </testcase>
    </testsuite>
    <testsuite name="src/ui/commands/compressCommand.test.ts" timestamp="2025-10-09T15:50:07.840Z" hostname="uby" tests="1" failures="1" errors="0" skipped="0" time="0">
        <testcase classname="src/ui/commands/compressCommand.test.ts" name="src/ui/commands/compressCommand.test.ts" time="0">
            <failure message="Failed to resolve entry for package &quot;@qwen-code/qwen-code-core&quot;. The package may have incorrect main/module/exports specified in its package.json." type="Error">
Error: Failed to resolve entry for package &quot;@qwen-code/qwen-code-core&quot;. The package may have incorrect main/module/exports specified in its package.json.
  Plugin: vite:import-analysis
  File: /home/atmandk/LowCal-dev/packages/cli/src/ui/commands/compressCommand.test.ts:11:7
  6  |  import {
  7  |    CompressionStatus
  8  |  } from &quot;@qwen-code/qwen-code-core&quot;;
     |          ^
  9  |  import { vi, describe, it, expect, beforeEach } from &quot;vitest&quot;;
  10 |  import { compressCommand } from &quot;./compressCommand.js&quot;;
 ❯ packageEntryFailure ../../node_modules/vite/dist/node/chunks/dep-Bsx9IwL8.js:12218:32
 ❯ resolvePackageEntry ../../node_modules/vite/dist/node/chunks/dep-Bsx9IwL8.js:12215:2
 ❯ tryNodeResolve ../../node_modules/vite/dist/node/chunks/dep-Bsx9IwL8.js:12116:17
 ❯ ResolveIdContext.resolveId ../../node_modules/vite/dist/node/chunks/dep-Bsx9IwL8.js:11955:15
 ❯ EnvironmentPluginContainer.resolveId ../../node_modules/vite/dist/node/chunks/dep-Bsx9IwL8.js:31194:56
 ❯ TransformPluginContext.resolve ../../node_modules/vite/dist/node/chunks/dep-Bsx9IwL8.js:31376:13
 ❯ normalizeUrl ../../node_modules/vite/dist/node/chunks/dep-Bsx9IwL8.js:29984:22
 ❯ ../../node_modules/vite/dist/node/chunks/dep-Bsx9IwL8.js:30050:32
            </failure>
        </testcase>
    </testsuite>
    <testsuite name="src/ui/commands/copyCommand.test.ts" timestamp="2025-10-09T15:50:07.840Z" hostname="uby" tests="11" failures="0" errors="0" skipped="0" time="0.014288518">
        <testcase classname="src/ui/commands/copyCommand.test.ts" name="copyCommand &gt; should return info message when no history is available" time="0.003450387">
        </testcase>
        <testcase classname="src/ui/commands/copyCommand.test.ts" name="copyCommand &gt; should return info message when history is empty" time="0.000969492">
        </testcase>
        <testcase classname="src/ui/commands/copyCommand.test.ts" name="copyCommand &gt; should return info message when no AI messages are found in history" time="0.000948042">
        </testcase>
        <testcase classname="src/ui/commands/copyCommand.test.ts" name="copyCommand &gt; should copy last AI message to clipboard successfully" time="0.001383717">
        </testcase>
        <testcase classname="src/ui/commands/copyCommand.test.ts" name="copyCommand &gt; should handle multiple text parts in AI message" time="0.001098029">
        </testcase>
        <testcase classname="src/ui/commands/copyCommand.test.ts" name="copyCommand &gt; should filter out non-text parts" time="0.000737493">
        </testcase>
        <testcase classname="src/ui/commands/copyCommand.test.ts" name="copyCommand &gt; should get the last AI message when multiple AI messages exist" time="0.000673975">
        </testcase>
        <testcase classname="src/ui/commands/copyCommand.test.ts" name="copyCommand &gt; should handle clipboard copy error" time="0.001575101">
            <system-out>
Clipboard access denied

            </system-out>
        </testcase>
        <testcase classname="src/ui/commands/copyCommand.test.ts" name="copyCommand &gt; should handle non-Error clipboard errors" time="0.000888643">
            <system-out>
String error

            </system-out>
        </testcase>
        <testcase classname="src/ui/commands/copyCommand.test.ts" name="copyCommand &gt; should return info message when no text parts found in AI message" time="0.000399639">
        </testcase>
        <testcase classname="src/ui/commands/copyCommand.test.ts" name="copyCommand &gt; should handle unavailable config service" time="0.000575964">
        </testcase>
    </testsuite>
    <testsuite name="src/ui/commands/corgiCommand.test.ts" timestamp="2025-10-09T15:50:07.841Z" hostname="uby" tests="2" failures="0" errors="0" skipped="0" time="0.003544641">
        <testcase classname="src/ui/commands/corgiCommand.test.ts" name="corgiCommand &gt; should call the toggleCorgiMode function on the UI context" time="0.002145786">
        </testcase>
        <testcase classname="src/ui/commands/corgiCommand.test.ts" name="corgiCommand &gt; should have the correct name and description" time="0.000587996">
        </testcase>
    </testsuite>
    <testsuite name="src/ui/commands/directoryCommand.test.tsx" timestamp="2025-10-09T15:50:07.841Z" hostname="uby" tests="1" failures="1" errors="0" skipped="0" time="0">
        <testcase classname="src/ui/commands/directoryCommand.test.tsx" name="src/ui/commands/directoryCommand.test.tsx" time="0">
            <failure message="Failed to resolve entry for package &quot;@qwen-code/qwen-code-core&quot;. The package may have incorrect main/module/exports specified in its package.json." type="Error">
Error: Failed to resolve entry for package &quot;@qwen-code/qwen-code-core&quot;. The package may have incorrect main/module/exports specified in its package.json.
  Plugin: vite:import-analysis
  File: /home/atmandk/LowCal-dev/packages/cli/src/ui/commands/directoryCommand.tsx:12:45
  8  |  import * as os from &quot;node:os&quot;;
  9  |  import * as path from &quot;node:path&quot;;
  10 |  import { loadServerHierarchicalMemory } from &quot;@qwen-code/qwen-code-core&quot;;
     |                                                ^
  11 |  export function expandHomeDir(p) {
  12 |    if (!p) {
 ❯ packageEntryFailure ../../node_modules/vite/dist/node/chunks/dep-Bsx9IwL8.js:12218:32
 ❯ resolvePackageEntry ../../node_modules/vite/dist/node/chunks/dep-Bsx9IwL8.js:12215:2
 ❯ tryNodeResolve ../../node_modules/vite/dist/node/chunks/dep-Bsx9IwL8.js:12116:17
 ❯ ResolveIdContext.resolveId ../../node_modules/vite/dist/node/chunks/dep-Bsx9IwL8.js:11955:15
 ❯ EnvironmentPluginContainer.resolveId ../../node_modules/vite/dist/node/chunks/dep-Bsx9IwL8.js:31194:56
 ❯ TransformPluginContext.resolve ../../node_modules/vite/dist/node/chunks/dep-Bsx9IwL8.js:31376:13
 ❯ normalizeUrl ../../node_modules/vite/dist/node/chunks/dep-Bsx9IwL8.js:29984:22
 ❯ ../../node_modules/vite/dist/node/chunks/dep-Bsx9IwL8.js:30050:32
            </failure>
        </testcase>
    </testsuite>
    <testsuite name="src/ui/commands/docsCommand.test.ts" timestamp="2025-10-09T15:50:07.841Z" hostname="uby" tests="3" failures="0" errors="0" skipped="0" time="0.008941015">
        <testcase classname="src/ui/commands/docsCommand.test.ts" name="docsCommand &gt; should add an info message and call &apos;open&apos; in a non-sandbox environment" time="0.004875912">
        </testcase>
        <testcase classname="src/ui/commands/docsCommand.test.ts" name="docsCommand &gt; should only add an info message in a sandbox environment" time="0.001534356">
        </testcase>
        <testcase classname="src/ui/commands/docsCommand.test.ts" name="docsCommand &gt; should not open browser for &apos;sandbox-exec&apos;" time="0.001253998">
        </testcase>
    </testsuite>
    <testsuite name="src/ui/commands/editorCommand.test.ts" timestamp="2025-10-09T15:50:07.841Z" hostname="uby" tests="2" failures="0" errors="0" skipped="0" time="0.003891092">
        <testcase classname="src/ui/commands/editorCommand.test.ts" name="editorCommand &gt; should return a dialog action to open the editor dialog" time="0.002606517">
        </testcase>
        <testcase classname="src/ui/commands/editorCommand.test.ts" name="editorCommand &gt; should have the correct name and description" time="0.000208516">
        </testcase>
    </testsuite>
    <testsuite name="src/ui/commands/exportCommand.test.ts" timestamp="2025-10-09T15:50:07.841Z" hostname="uby" tests="8" failures="3" errors="0" skipped="0" time="0.049129471">
        <testcase classname="src/ui/commands/exportCommand.test.ts" name="exportCommand &gt; should have correct name and description" time="0.00258585">
        </testcase>
        <testcase classname="src/ui/commands/exportCommand.test.ts" name="exportCommand &gt; should export full conversation with default filename to conversations dir" time="0.027089888">
            <failure message="expected &quot;spy&quot; to be called with arguments: [ &apos;/mock/path/conversations&apos;, …(1) ][90m

Received: 

[1m  1st spy call:

[22m[2m  [[22m
[32m-   &quot;/mock/path/conversations&quot;,[90m
[31m+   &quot;/mock/path/conversations/conversation.md&quot;,[90m
[2m    {[22m
[2m      &quot;recursive&quot;: true,[22m
[2m    },[22m
[2m  ][22m
[39m[90m

Number of calls: [1m1[22m
[39m" type="AssertionError">
AssertionError: expected &quot;spy&quot; to be called with arguments: [ &apos;/mock/path/conversations&apos;, …(1) ]

Received: 

  1st spy call:

  [
-   &quot;/mock/path/conversations&quot;,
+   &quot;/mock/path/conversations/conversation.md&quot;,
    {
      &quot;recursive&quot;: true,
    },
  ]


Number of calls: 1

 ❯ src/ui/commands/exportCommand.test.ts:141:27
            </failure>
        </testcase>
        <testcase classname="src/ui/commands/exportCommand.test.ts" name="exportCommand &gt; should handle compact option" time="0.00531281">
        </testcase>
        <testcase classname="src/ui/commands/exportCommand.test.ts" name="exportCommand &gt; should handle report option" time="0.001106626">
        </testcase>
        <testcase classname="src/ui/commands/exportCommand.test.ts" name="exportCommand &gt; should handle invalid option" time="0.006111335">
            <failure message="Cannot read properties of undefined (reading &apos;length&apos;)" type="TypeError">
TypeError: Cannot read properties of undefined (reading &apos;length&apos;)
 ❯ action src/ui/commands/exportCommand.ts:20:17
 ❯ src/ui/commands/exportCommand.test.ts:217:11
            </failure>
        </testcase>
        <testcase classname="src/ui/commands/exportCommand.test.ts" name="exportCommand &gt; should handle no history" time="0.001668644">
        </testcase>
        <testcase classname="src/ui/commands/exportCommand.test.ts" name="exportCommand &gt; should handle custom filename with option" time="0.001826015">
            <failure message="expected &quot;spy&quot; to be called with arguments: [ &apos;/mock/path/reports&apos;, …(1) ][90m

Received: 

[1m  1st spy call:

[22m[2m  [[22m
[32m-   &quot;/mock/path/reports&quot;,[90m
[31m+   &quot;/mock/path/reports/my-report.md&quot;,[90m
[2m    {[22m
[2m      &quot;recursive&quot;: true,[22m
[2m    },[22m
[2m  ][22m
[39m[90m

Number of calls: [1m1[22m
[39m" type="AssertionError">
AssertionError: expected &quot;spy&quot; to be called with arguments: [ &apos;/mock/path/reports&apos;, …(1) ]

Received: 

  1st spy call:

  [
-   &quot;/mock/path/reports&quot;,
+   &quot;/mock/path/reports/my-report.md&quot;,
    {
      &quot;recursive&quot;: true,
    },
  ]


Number of calls: 1

 ❯ src/ui/commands/exportCommand.test.ts:261:27
            </failure>
        </testcase>
        <testcase classname="src/ui/commands/exportCommand.test.ts" name="exportCommand &gt; should handle export error" time="0.001865728">
        </testcase>
    </testsuite>
    <testsuite name="src/ui/commands/extensionsCommand.test.ts" timestamp="2025-10-09T15:50:07.842Z" hostname="uby" tests="2" failures="0" errors="0" skipped="0" time="0.007490123">
        <testcase classname="src/ui/commands/extensionsCommand.test.ts" name="extensionsCommand &gt; should display &quot;No active extensions.&quot; when none are found" time="0.005280339">
        </testcase>
        <testcase classname="src/ui/commands/extensionsCommand.test.ts" name="extensionsCommand &gt; should list active extensions when they are found" time="0.000999197">
        </testcase>
    </testsuite>
    <testsuite name="src/ui/commands/helpCommand.test.ts" timestamp="2025-10-09T15:50:07.842Z" hostname="uby" tests="2" failures="0" errors="0" skipped="0" time="0.007102086">
        <testcase classname="src/ui/commands/helpCommand.test.ts" name="helpCommand &gt; should add a help message to the UI history" time="0.005178692">
        </testcase>
        <testcase classname="src/ui/commands/helpCommand.test.ts" name="helpCommand &gt; should have the correct command properties" time="0.000790571">
        </testcase>
    </testsuite>
    <testsuite name="src/ui/commands/ideCommand.test.ts" timestamp="2025-10-09T15:50:07.842Z" hostname="uby" tests="1" failures="1" errors="0" skipped="0" time="0">
        <testcase classname="src/ui/commands/ideCommand.test.ts" name="src/ui/commands/ideCommand.test.ts" time="0">
            <failure message="Failed to resolve entry for package &quot;@qwen-code/qwen-code-core&quot;. The package may have incorrect main/module/exports specified in its package.json." type="Error">
Error: Failed to resolve entry for package &quot;@qwen-code/qwen-code-core&quot;. The package may have incorrect main/module/exports specified in its package.json.
  Plugin: vite:import-analysis
  File: /home/atmandk/LowCal-dev/packages/cli/src/ui/commands/ideCommand.test.ts:11:0
  11 |  const __vi_import_0__ = await import(&quot;./ideCommand.js&quot;);
  12 |  const __vi_import_1__ = await import(&quot;./types.js&quot;);
  13 |  const __vi_import_2__ = await import(&quot;@qwen-code/qwen-code-core&quot;);
     |                                       ^
  14 |  const __vi_import_3__ = await import(&quot;@qwen-code/qwen-code-core&quot;);
  15 |  /**
 ❯ packageEntryFailure ../../node_modules/vite/dist/node/chunks/dep-Bsx9IwL8.js:12218:32
 ❯ resolvePackageEntry ../../node_modules/vite/dist/node/chunks/dep-Bsx9IwL8.js:12215:2
 ❯ tryNodeResolve ../../node_modules/vite/dist/node/chunks/dep-Bsx9IwL8.js:12116:17
 ❯ ResolveIdContext.resolveId ../../node_modules/vite/dist/node/chunks/dep-Bsx9IwL8.js:11955:15
 ❯ EnvironmentPluginContainer.resolveId ../../node_modules/vite/dist/node/chunks/dep-Bsx9IwL8.js:31194:56
 ❯ TransformPluginContext.resolve ../../node_modules/vite/dist/node/chunks/dep-Bsx9IwL8.js:31376:13
 ❯ normalizeUrl ../../node_modules/vite/dist/node/chunks/dep-Bsx9IwL8.js:29984:22
 ❯ ../../node_modules/vite/dist/node/chunks/dep-Bsx9IwL8.js:30050:32
            </failure>
        </testcase>
    </testsuite>
    <testsuite name="src/ui/commands/initCommand.test.ts" timestamp="2025-10-09T15:50:07.842Z" hostname="uby" tests="1" failures="1" errors="0" skipped="0" time="0">
        <testcase classname="src/ui/commands/initCommand.test.ts" name="src/ui/commands/initCommand.test.ts" time="0">
            <failure message="Failed to resolve entry for package &quot;@qwen-code/qwen-code-core&quot;. The package may have incorrect main/module/exports specified in its package.json." type="Error">
Error: Failed to resolve entry for package &quot;@qwen-code/qwen-code-core&quot;. The package may have incorrect main/module/exports specified in its package.json.
  Plugin: vite:import-analysis
  File: /home/atmandk/LowCal-dev/packages/cli/src/ui/commands/initCommand.ts:14:43
  6  |  import * as fs from &quot;node:fs&quot;;
  7  |  import * as path from &quot;node:path&quot;;
  8  |  import { getCurrentGeminiMdFilename } from &quot;@qwen-code/qwen-code-core&quot;;
     |                                              ^
  9  |  import { CommandKind } from &quot;./types.js&quot;;
  10 |  import { Text } from &quot;ink&quot;;
 ❯ packageEntryFailure ../../node_modules/vite/dist/node/chunks/dep-Bsx9IwL8.js:12218:32
 ❯ resolvePackageEntry ../../node_modules/vite/dist/node/chunks/dep-Bsx9IwL8.js:12215:2
 ❯ tryNodeResolve ../../node_modules/vite/dist/node/chunks/dep-Bsx9IwL8.js:12116:17
 ❯ ResolveIdContext.resolveId ../../node_modules/vite/dist/node/chunks/dep-Bsx9IwL8.js:11955:15
 ❯ EnvironmentPluginContainer.resolveId ../../node_modules/vite/dist/node/chunks/dep-Bsx9IwL8.js:31194:56
 ❯ TransformPluginContext.resolve ../../node_modules/vite/dist/node/chunks/dep-Bsx9IwL8.js:31376:13
 ❯ normalizeUrl ../../node_modules/vite/dist/node/chunks/dep-Bsx9IwL8.js:29984:22
 ❯ ../../node_modules/vite/dist/node/chunks/dep-Bsx9IwL8.js:30050:32
            </failure>
        </testcase>
    </testsuite>
    <testsuite name="src/ui/commands/loggingCommand.test.ts" timestamp="2025-10-09T15:50:07.843Z" hostname="uby" tests="4" failures="0" errors="0" skipped="0" time="0.018913536">
        <testcase classname="src/ui/commands/loggingCommand.test.ts" name="loggingCommand &gt; enables logging when /logging on is issued" time="0.013373888">
        </testcase>
        <testcase classname="src/ui/commands/loggingCommand.test.ts" name="loggingCommand &gt; disables logging when /logging off is issued" time="0.001236816">
        </testcase>
        <testcase classname="src/ui/commands/loggingCommand.test.ts" name="loggingCommand &gt; reports status when invoked without arguments" time="0.001434431">
        </testcase>
        <testcase classname="src/ui/commands/loggingCommand.test.ts" name="loggingCommand &gt; shows usage for unknown arguments" time="0.001144605">
        </testcase>
    </testsuite>
    <testsuite name="src/ui/commands/mcpCommand.test.ts" timestamp="2025-10-09T15:50:07.843Z" hostname="uby" tests="1" failures="1" errors="0" skipped="0" time="0">
        <testcase classname="src/ui/commands/mcpCommand.test.ts" name="src/ui/commands/mcpCommand.test.ts" time="0">
            <failure message="Failed to resolve entry for package &quot;@qwen-code/qwen-code-core&quot;. The package may have incorrect main/module/exports specified in its package.json." type="Error">
Error: Failed to resolve entry for package &quot;@qwen-code/qwen-code-core&quot;. The package may have incorrect main/module/exports specified in its package.json.
  Plugin: vite:import-analysis
  File: /home/atmandk/LowCal-dev/packages/cli/src/ui/commands/mcpCommand.test.ts:10:0
  16 |  const __vi_import_0__ = await import(&quot;./mcpCommand.js&quot;);
  17 |  const __vi_import_1__ = await import(&quot;../../test-utils/mockCommandContext.js&quot;);
  18 |  const __vi_import_2__ = await import(&quot;@qwen-code/qwen-code-core&quot;);
     |                                       ^
  19 |  const __vi_import_3__ = await import(&quot;@google/genai&quot;);
  20 |  /**
 ❯ packageEntryFailure ../../node_modules/vite/dist/node/chunks/dep-Bsx9IwL8.js:12218:32
 ❯ resolvePackageEntry ../../node_modules/vite/dist/node/chunks/dep-Bsx9IwL8.js:12215:2
 ❯ tryNodeResolve ../../node_modules/vite/dist/node/chunks/dep-Bsx9IwL8.js:12116:17
 ❯ ResolveIdContext.resolveId ../../node_modules/vite/dist/node/chunks/dep-Bsx9IwL8.js:11955:15
 ❯ EnvironmentPluginContainer.resolveId ../../node_modules/vite/dist/node/chunks/dep-Bsx9IwL8.js:31194:56
 ❯ TransformPluginContext.resolve ../../node_modules/vite/dist/node/chunks/dep-Bsx9IwL8.js:31376:13
 ❯ normalizeUrl ../../node_modules/vite/dist/node/chunks/dep-Bsx9IwL8.js:29984:22
 ❯ ../../node_modules/vite/dist/node/chunks/dep-Bsx9IwL8.js:30050:32
            </failure>
        </testcase>
    </testsuite>
    <testsuite name="src/ui/commands/memoryCommand.test.ts" timestamp="2025-10-09T15:50:07.843Z" hostname="uby" tests="1" failures="1" errors="0" skipped="0" time="0">
        <testcase classname="src/ui/commands/memoryCommand.test.ts" name="src/ui/commands/memoryCommand.test.ts" time="0">
            <failure message="Failed to resolve entry for package &quot;@qwen-code/qwen-code-core&quot;. The package may have incorrect main/module/exports specified in its package.json." type="Error">
Error: Failed to resolve entry for package &quot;@qwen-code/qwen-code-core&quot;. The package may have incorrect main/module/exports specified in its package.json.
  Plugin: vite:import-analysis
  File: /home/atmandk/LowCal-dev/packages/cli/src/ui/commands/memoryCommand.test.ts:14:0
  13 |  const __vi_import_1__ = await import(&quot;../../test-utils/mockCommandContext.js&quot;);
  14 |  const __vi_import_2__ = await import(&quot;../types.js&quot;);
  15 |  const __vi_import_3__ = await import(&quot;@qwen-code/qwen-code-core&quot;);
     |                                       ^
  16 |  /**
  17 |   * @license
 ❯ packageEntryFailure ../../node_modules/vite/dist/node/chunks/dep-Bsx9IwL8.js:12218:32
 ❯ resolvePackageEntry ../../node_modules/vite/dist/node/chunks/dep-Bsx9IwL8.js:12215:2
 ❯ tryNodeResolve ../../node_modules/vite/dist/node/chunks/dep-Bsx9IwL8.js:12116:17
 ❯ ResolveIdContext.resolveId ../../node_modules/vite/dist/node/chunks/dep-Bsx9IwL8.js:11955:15
 ❯ EnvironmentPluginContainer.resolveId ../../node_modules/vite/dist/node/chunks/dep-Bsx9IwL8.js:31194:56
 ❯ TransformPluginContext.resolve ../../node_modules/vite/dist/node/chunks/dep-Bsx9IwL8.js:31376:13
 ❯ normalizeUrl ../../node_modules/vite/dist/node/chunks/dep-Bsx9IwL8.js:29984:22
 ❯ ../../node_modules/vite/dist/node/chunks/dep-Bsx9IwL8.js:30050:32
            </failure>
        </testcase>
    </testsuite>
    <testsuite name="src/ui/commands/modelCommand.test.ts" timestamp="2025-10-09T15:50:07.844Z" hostname="uby" tests="1" failures="1" errors="0" skipped="0" time="0">
        <testcase classname="src/ui/commands/modelCommand.test.ts" name="src/ui/commands/modelCommand.test.ts" time="0">
            <failure message="Failed to resolve entry for package &quot;@qwen-code/qwen-code-core&quot;. The package may have incorrect main/module/exports specified in its package.json." type="Error">
Error: Failed to resolve entry for package &quot;@qwen-code/qwen-code-core&quot;. The package may have incorrect main/module/exports specified in its package.json.
  Plugin: vite:import-analysis
  File: /home/atmandk/LowCal-dev/packages/cli/src/ui/commands/modelCommand.test.ts:11:0
  10 |  const __vi_import_1__ = await import(&quot;./types.js&quot;);
  11 |  const __vi_import_2__ = await import(&quot;../../test-utils/mockCommandContext.js&quot;);
  12 |  const __vi_import_3__ = await import(&quot;@qwen-code/qwen-code-core&quot;);
     |                                       ^
  13 |  const __vi_import_4__ = await import(&quot;../models/availableModels.js&quot;);
  14 |  /**
 ❯ packageEntryFailure ../../node_modules/vite/dist/node/chunks/dep-Bsx9IwL8.js:12218:32
 ❯ resolvePackageEntry ../../node_modules/vite/dist/node/chunks/dep-Bsx9IwL8.js:12215:2
 ❯ tryNodeResolve ../../node_modules/vite/dist/node/chunks/dep-Bsx9IwL8.js:12116:17
 ❯ ResolveIdContext.resolveId ../../node_modules/vite/dist/node/chunks/dep-Bsx9IwL8.js:11955:15
 ❯ EnvironmentPluginContainer.resolveId ../../node_modules/vite/dist/node/chunks/dep-Bsx9IwL8.js:31194:56
 ❯ TransformPluginContext.resolve ../../node_modules/vite/dist/node/chunks/dep-Bsx9IwL8.js:31376:13
 ❯ normalizeUrl ../../node_modules/vite/dist/node/chunks/dep-Bsx9IwL8.js:29984:22
 ❯ ../../node_modules/vite/dist/node/chunks/dep-Bsx9IwL8.js:30050:32
            </failure>
        </testcase>
    </testsuite>
    <testsuite name="src/ui/commands/privacyCommand.test.ts" timestamp="2025-10-09T15:50:07.844Z" hostname="uby" tests="2" failures="0" errors="0" skipped="0" time="0.005334869">
        <testcase classname="src/ui/commands/privacyCommand.test.ts" name="privacyCommand &gt; should return a dialog action to open the privacy dialog" time="0.003462429">
        </testcase>
        <testcase classname="src/ui/commands/privacyCommand.test.ts" name="privacyCommand &gt; should have the correct name and description" time="0.000653597">
        </testcase>
    </testsuite>
    <testsuite name="src/ui/commands/quitCommand.test.ts" timestamp="2025-10-09T15:50:07.844Z" hostname="uby" tests="1" failures="0" errors="0" skipped="0" time="0.007191371">
        <testcase classname="src/ui/commands/quitCommand.test.ts" name="quitCommand &gt; returns a QuitActionReturn object with the correct messages" time="0.005991984">
        </testcase>
    </testsuite>
    <testsuite name="src/ui/commands/restoreCommand.test.ts" timestamp="2025-10-09T15:50:07.844Z" hostname="uby" tests="13" failures="0" errors="0" skipped="0" time="0.056720521">
        <testcase classname="src/ui/commands/restoreCommand.test.ts" name="restoreCommand &gt; should return null if checkpointing is not enabled" time="0.010776387">
        </testcase>
        <testcase classname="src/ui/commands/restoreCommand.test.ts" name="restoreCommand &gt; should return the command if checkpointing is enabled" time="0.002000137">
        </testcase>
        <testcase classname="src/ui/commands/restoreCommand.test.ts" name="restoreCommand &gt; action &gt; should return an error if temp dir is not found" time="0.006718207">
        </testcase>
        <testcase classname="src/ui/commands/restoreCommand.test.ts" name="restoreCommand &gt; action &gt; should inform when no checkpoints are found if no args are passed" time="0.004029718">
        </testcase>
        <testcase classname="src/ui/commands/restoreCommand.test.ts" name="restoreCommand &gt; action &gt; should list available checkpoints if no args are passed" time="0.003513243">
        </testcase>
        <testcase classname="src/ui/commands/restoreCommand.test.ts" name="restoreCommand &gt; action &gt; should return an error if the specified file is not found" time="0.001624432">
        </testcase>
        <testcase classname="src/ui/commands/restoreCommand.test.ts" name="restoreCommand &gt; action &gt; should handle file read errors gracefully" time="0.002886965">
        </testcase>
        <testcase classname="src/ui/commands/restoreCommand.test.ts" name="restoreCommand &gt; action &gt; should restore a tool call and project state" time="0.005316165">
        </testcase>
        <testcase classname="src/ui/commands/restoreCommand.test.ts" name="restoreCommand &gt; action &gt; should restore even if only toolCall is present" time="0.007902054">
        </testcase>
        <testcase classname="src/ui/commands/restoreCommand.test.ts" name="restoreCommand &gt; should return an error for a checkpoint file missing the toolCall property" time="0.003709646">
        </testcase>
        <testcase classname="src/ui/commands/restoreCommand.test.ts" name="restoreCommand &gt; completion &gt; should return an empty array if temp dir is not found" time="0.00167212">
        </testcase>
        <testcase classname="src/ui/commands/restoreCommand.test.ts" name="restoreCommand &gt; completion &gt; should return an empty array on readdir error" time="0.001826285">
        </testcase>
        <testcase classname="src/ui/commands/restoreCommand.test.ts" name="restoreCommand &gt; completion &gt; should return a list of checkpoint names" time="0.003104047">
        </testcase>
    </testsuite>
    <testsuite name="src/ui/commands/settingsCommand.test.ts" timestamp="2025-10-09T15:50:07.845Z" hostname="uby" tests="2" failures="0" errors="0" skipped="0" time="0.004963273">
        <testcase classname="src/ui/commands/settingsCommand.test.ts" name="settingsCommand &gt; should return a dialog action to open the settings dialog" time="0.003426944">
        </testcase>
        <testcase classname="src/ui/commands/settingsCommand.test.ts" name="settingsCommand &gt; should have the correct name and description" time="0.000444091">
        </testcase>
    </testsuite>
    <testsuite name="src/ui/commands/setupGithubCommand.test.ts" timestamp="2025-10-09T15:50:07.845Z" hostname="uby" tests="8" failures="0" errors="0" skipped="0" time="0.066927465">
        <testcase classname="src/ui/commands/setupGithubCommand.test.ts" name="setupGithubCommand &gt; returns a tool action to download github workflows and handles paths" time="0.041935615">
        </testcase>
        <testcase classname="src/ui/commands/setupGithubCommand.test.ts" name="updateGitignore &gt; creates a new .gitignore file when none exists" time="0.001095535">
        </testcase>
        <testcase classname="src/ui/commands/setupGithubCommand.test.ts" name="updateGitignore &gt; appends entries to existing .gitignore file" time="0.001077471">
        </testcase>
        <testcase classname="src/ui/commands/setupGithubCommand.test.ts" name="updateGitignore &gt; does not add duplicate entries" time="0.000802654">
        </testcase>
        <testcase classname="src/ui/commands/setupGithubCommand.test.ts" name="updateGitignore &gt; adds only missing entries when some already exist" time="0.001347451">
        </testcase>
        <testcase classname="src/ui/commands/setupGithubCommand.test.ts" name="updateGitignore &gt; does not get confused by entries in comments or as substrings" time="0.001791741">
        </testcase>
        <testcase classname="src/ui/commands/setupGithubCommand.test.ts" name="updateGitignore &gt; handles file system errors gracefully" time="0.013793443">
            <system-out>
Failed to update .gitignore: Error: ENOENT: no such file or directory, open &apos;/tmp/update-gitignore-mRxOpP/non-existent/.gitignore&apos;
[90m    at open (node:internal/fs/promises:642:25)[39m
[90m    at Object.writeFile (node:internal/fs/promises:1249:14)[39m
    at Module.updateGitignore [90m(/home/atmandk/LowCal-dev/packages/cli/[39msrc/ui/commands/setupGithubCommand.ts:71:7[90m)[39m
    at [90m/home/atmandk/LowCal-dev/packages/cli/[39msrc/ui/commands/setupGithubCommand.test.ts:218:5
    at file:///home/atmandk/LowCal-dev/node_modules/[4m@vitest/runner[24m/dist/chunk-hooks.js:752:20 {
  errno: [33m-2[39m,
  code: [32m&apos;ENOENT&apos;[39m,
  syscall: [32m&apos;open&apos;[39m,
  path: [32m&apos;/tmp/update-gitignore-mRxOpP/non-existent/.gitignore&apos;[39m
}

            </system-out>
        </testcase>
        <testcase classname="src/ui/commands/setupGithubCommand.test.ts" name="updateGitignore &gt; handles permission errors gracefully" time="0.003557034">
        </testcase>
    </testsuite>
    <testsuite name="src/ui/commands/statsCommand.test.ts" timestamp="2025-10-09T15:50:07.845Z" hostname="uby" tests="3" failures="0" errors="0" skipped="0" time="0.011256444">
        <testcase classname="src/ui/commands/statsCommand.test.ts" name="statsCommand &gt; should display general session stats when run with no subcommand" time="0.006616078">
        </testcase>
        <testcase classname="src/ui/commands/statsCommand.test.ts" name="statsCommand &gt; should display model stats when using the &quot;model&quot; subcommand" time="0.000879395">
        </testcase>
        <testcase classname="src/ui/commands/statsCommand.test.ts" name="statsCommand &gt; should display tool stats when using the &quot;tools&quot; subcommand" time="0.000689775">
        </testcase>
    </testsuite>
    <testsuite name="src/ui/commands/terminalSetupCommand.test.ts" timestamp="2025-10-09T15:50:07.845Z" hostname="uby" tests="5" failures="0" errors="0" skipped="0" time="0.007036034">
        <testcase classname="src/ui/commands/terminalSetupCommand.test.ts" name="terminalSetupCommand &gt; should have correct metadata" time="0.00185558">
        </testcase>
        <testcase classname="src/ui/commands/terminalSetupCommand.test.ts" name="terminalSetupCommand &gt; should return success message when terminal setup succeeds" time="0.001744294">
        </testcase>
        <testcase classname="src/ui/commands/terminalSetupCommand.test.ts" name="terminalSetupCommand &gt; should append restart message when terminal setup requires restart" time="0.000423062">
        </testcase>
        <testcase classname="src/ui/commands/terminalSetupCommand.test.ts" name="terminalSetupCommand &gt; should return error message when terminal setup fails" time="0.00086585">
        </testcase>
        <testcase classname="src/ui/commands/terminalSetupCommand.test.ts" name="terminalSetupCommand &gt; should handle exceptions from terminal setup" time="0.000475689">
        </testcase>
    </testsuite>
    <testsuite name="src/ui/commands/themeCommand.test.ts" timestamp="2025-10-09T15:50:07.846Z" hostname="uby" tests="2" failures="0" errors="0" skipped="0" time="0.005424926">
        <testcase classname="src/ui/commands/themeCommand.test.ts" name="themeCommand &gt; should return a dialog action to open the theme dialog" time="0.003090092">
        </testcase>
        <testcase classname="src/ui/commands/themeCommand.test.ts" name="themeCommand &gt; should have the correct name and description" time="0.000589159">
        </testcase>
    </testsuite>
    <testsuite name="src/ui/commands/toolsCommand.test.ts" timestamp="2025-10-09T15:50:07.846Z" hostname="uby" tests="4" failures="0" errors="0" skipped="0" time="0.017126964">
        <testcase classname="src/ui/commands/toolsCommand.test.ts" name="toolsCommand &gt; should display an error if the tool registry is unavailable" time="0.009298004">
        </testcase>
        <testcase classname="src/ui/commands/toolsCommand.test.ts" name="toolsCommand &gt; should display &quot;No tools available&quot; when none are found" time="0.003574857">
        </testcase>
        <testcase classname="src/ui/commands/toolsCommand.test.ts" name="toolsCommand &gt; should list tools without descriptions by default" time="0.001837426">
        </testcase>
        <testcase classname="src/ui/commands/toolsCommand.test.ts" name="toolsCommand &gt; should list tools with descriptions when &quot;desc&quot; arg is passed" time="0.001014715">
        </testcase>
    </testsuite>
    <testsuite name="src/ui/components/AuthDialog.test.tsx" timestamp="2025-10-09T15:50:07.846Z" hostname="uby" tests="1" failures="1" errors="0" skipped="0" time="0">
        <testcase classname="src/ui/components/AuthDialog.test.tsx" name="src/ui/components/AuthDialog.test.tsx" time="0">
            <failure message="Failed to resolve entry for package &quot;@qwen-code/qwen-code-core&quot;. The package may have incorrect main/module/exports specified in its package.json." type="Error">
Error: Failed to resolve entry for package &quot;@qwen-code/qwen-code-core&quot;. The package may have incorrect main/module/exports specified in its package.json.
  Plugin: vite:import-analysis
  File: /home/atmandk/LowCal-dev/packages/cli/src/ui/components/AuthDialog.test.tsx:10:25
  8  |  import { AuthDialog } from &quot;./AuthDialog.js&quot;;
  9  |  import { LoadedSettings, SettingScope } from &quot;../../config/settings.js&quot;;
  10 |  import { AuthType } from &quot;@qwen-code/qwen-code-core&quot;;
     |                            ^
  11 |  import { renderWithProviders } from &quot;../../test-utils/render.js&quot;;
  12 |  describe(&quot;AuthDialog&quot;, () =&gt; {
 ❯ packageEntryFailure ../../node_modules/vite/dist/node/chunks/dep-Bsx9IwL8.js:12218:32
 ❯ resolvePackageEntry ../../node_modules/vite/dist/node/chunks/dep-Bsx9IwL8.js:12215:2
 ❯ tryNodeResolve ../../node_modules/vite/dist/node/chunks/dep-Bsx9IwL8.js:12116:17
 ❯ ResolveIdContext.resolveId ../../node_modules/vite/dist/node/chunks/dep-Bsx9IwL8.js:11955:15
 ❯ EnvironmentPluginContainer.resolveId ../../node_modules/vite/dist/node/chunks/dep-Bsx9IwL8.js:31194:56
 ❯ TransformPluginContext.resolve ../../node_modules/vite/dist/node/chunks/dep-Bsx9IwL8.js:31376:13
 ❯ normalizeUrl ../../node_modules/vite/dist/node/chunks/dep-Bsx9IwL8.js:29984:22
 ❯ ../../node_modules/vite/dist/node/chunks/dep-Bsx9IwL8.js:30050:32
            </failure>
        </testcase>
    </testsuite>
    <testsuite name="src/ui/components/ContextSummaryDisplay.test.tsx" timestamp="2025-10-09T15:50:07.846Z" hostname="uby" tests="1" failures="1" errors="0" skipped="0" time="0">
        <testcase classname="src/ui/components/ContextSummaryDisplay.test.tsx" name="src/ui/components/ContextSummaryDisplay.test.tsx" time="0">
            <failure message="Failed to resolve entry for package &quot;@qwen-code/qwen-code-core&quot;. The package may have incorrect main/module/exports specified in its package.json." type="Error">
Error: Failed to resolve entry for package &quot;@qwen-code/qwen-code-core&quot;. The package may have incorrect main/module/exports specified in its package.json.
  Plugin: vite:import-analysis
  File: /home/atmandk/LowCal-dev/packages/cli/src/ui/components/ContextSummaryDisplay.tsx:13:7
  8  |  import { Colors } from &quot;../colors.js&quot;;
  9  |  import {
  10 |  } from &quot;@qwen-code/qwen-code-core&quot;;
     |          ^
  11 |  import { useTerminalSize } from &quot;../hooks/useTerminalSize.js&quot;;
  12 |  import { isNarrowWidth } from &quot;../utils/isNarrowWidth.js&quot;;
 ❯ packageEntryFailure ../../node_modules/vite/dist/node/chunks/dep-Bsx9IwL8.js:12218:32
 ❯ resolvePackageEntry ../../node_modules/vite/dist/node/chunks/dep-Bsx9IwL8.js:12215:2
 ❯ tryNodeResolve ../../node_modules/vite/dist/node/chunks/dep-Bsx9IwL8.js:12116:17
 ❯ ResolveIdContext.resolveId ../../node_modules/vite/dist/node/chunks/dep-Bsx9IwL8.js:11955:15
 ❯ EnvironmentPluginContainer.resolveId ../../node_modules/vite/dist/node/chunks/dep-Bsx9IwL8.js:31194:56
 ❯ TransformPluginContext.resolve ../../node_modules/vite/dist/node/chunks/dep-Bsx9IwL8.js:31376:13
 ❯ normalizeUrl ../../node_modules/vite/dist/node/chunks/dep-Bsx9IwL8.js:29984:22
 ❯ ../../node_modules/vite/dist/node/chunks/dep-Bsx9IwL8.js:30050:32
            </failure>
        </testcase>
    </testsuite>
    <testsuite name="src/ui/components/FolderTrustDialog.test.tsx" timestamp="2025-10-09T15:50:07.846Z" hostname="uby" tests="1" failures="1" errors="0" skipped="0" time="0">
        <testcase classname="src/ui/components/FolderTrustDialog.test.tsx" name="src/ui/components/FolderTrustDialog.test.tsx" time="0">
            <failure message="Failed to resolve entry for package &quot;@qwen-code/qwen-code-core&quot;. The package may have incorrect main/module/exports specified in its package.json." type="Error">
Error: Failed to resolve entry for package &quot;@qwen-code/qwen-code-core&quot;. The package may have incorrect main/module/exports specified in its package.json.
  Plugin: vite:import-analysis
  File: /home/atmandk/LowCal-dev/packages/cli/src/ui/contexts/KeypressContext.tsx:11:7
  8  |    KittySequenceOverflowEvent,
  9  |    logKittySequenceOverflow
  10 |  } from &quot;@qwen-code/qwen-code-core&quot;;
     |          ^
  11 |  import { useStdin } from &quot;ink&quot;;
  12 |  import {
 ❯ packageEntryFailure ../../node_modules/vite/dist/node/chunks/dep-Bsx9IwL8.js:12218:32
 ❯ resolvePackageEntry ../../node_modules/vite/dist/node/chunks/dep-Bsx9IwL8.js:12215:2
 ❯ tryNodeResolve ../../node_modules/vite/dist/node/chunks/dep-Bsx9IwL8.js:12116:17
 ❯ ResolveIdContext.resolveId ../../node_modules/vite/dist/node/chunks/dep-Bsx9IwL8.js:11955:15
 ❯ EnvironmentPluginContainer.resolveId ../../node_modules/vite/dist/node/chunks/dep-Bsx9IwL8.js:31194:56
 ❯ TransformPluginContext.resolve ../../node_modules/vite/dist/node/chunks/dep-Bsx9IwL8.js:31376:13
 ❯ normalizeUrl ../../node_modules/vite/dist/node/chunks/dep-Bsx9IwL8.js:29984:22
 ❯ ../../node_modules/vite/dist/node/chunks/dep-Bsx9IwL8.js:30050:32
            </failure>
        </testcase>
    </testsuite>
    <testsuite name="src/ui/components/Footer.test.tsx" timestamp="2025-10-09T15:50:07.847Z" hostname="uby" tests="1" failures="1" errors="0" skipped="0" time="0">
        <testcase classname="src/ui/components/Footer.test.tsx" name="src/ui/components/Footer.test.tsx" time="0">
            <failure message="Failed to resolve entry for package &quot;@qwen-code/qwen-code-core&quot;. The package may have incorrect main/module/exports specified in its package.json." type="Error">
Error: Failed to resolve entry for package &quot;@qwen-code/qwen-code-core&quot;. The package may have incorrect main/module/exports specified in its package.json.
  Plugin: vite:import-analysis
  File: /home/atmandk/LowCal-dev/packages/cli/src/ui/components/Footer.test.tsx:11:0
  16 |  const __vi_import_2__ = await import(&quot;./Footer.js&quot;);
  17 |  const __vi_import_3__ = await import(&quot;../hooks/useTerminalSize.js&quot;);
  18 |  const __vi_import_4__ = await import(&quot;@qwen-code/qwen-code-core&quot;);
     |                                       ^
  19 |  const __vi_import_5__ = await import(&quot;node:path&quot;);
  20 |  
 ❯ packageEntryFailure ../../node_modules/vite/dist/node/chunks/dep-Bsx9IwL8.js:12218:32
 ❯ resolvePackageEntry ../../node_modules/vite/dist/node/chunks/dep-Bsx9IwL8.js:12215:2
 ❯ tryNodeResolve ../../node_modules/vite/dist/node/chunks/dep-Bsx9IwL8.js:12116:17
 ❯ ResolveIdContext.resolveId ../../node_modules/vite/dist/node/chunks/dep-Bsx9IwL8.js:11955:15
 ❯ EnvironmentPluginContainer.resolveId ../../node_modules/vite/dist/node/chunks/dep-Bsx9IwL8.js:31194:56
 ❯ TransformPluginContext.resolve ../../node_modules/vite/dist/node/chunks/dep-Bsx9IwL8.js:31376:13
 ❯ normalizeUrl ../../node_modules/vite/dist/node/chunks/dep-Bsx9IwL8.js:29984:22
 ❯ ../../node_modules/vite/dist/node/chunks/dep-Bsx9IwL8.js:30050:32
            </failure>
        </testcase>
    </testsuite>
    <testsuite name="src/ui/components/Header.test.tsx" timestamp="2025-10-09T15:50:07.847Z" hostname="uby" tests="4" failures="1" errors="0" skipped="0" time="0.056062465">
        <testcase classname="src/ui/components/Header.test.tsx" name="&lt;Header /&gt; &gt; renders the long logo on a wide terminal" time="0.034903578">
            <failure message="expected &apos;\n █████                             …&apos; to contain &apos;\n █████                             …&apos;" type="AssertionError">
AssertionError: expected &apos;\n █████                             …&apos; to contain &apos;\n █████                             …&apos;

- Expected
+ Received


-  █████                                  █████████            ████       █████████               █████         
+  █████                                  █████████            ████       █████████               █████
- ░░███                                  ███░░░░░███          ░░███      ███░░░░░███             ░░███          
+ ░░███                                  ███░░░░░███          ░░███      ███░░░░░███             ░░███
-  ░███         ██████  █████ ███ █████ ███     ░░░   ██████   ░███     ███     ░░░   ██████   ███████   ██████ 
+  ░███         ██████  █████ ███ █████ ███     ░░░   ██████   ░███     ███     ░░░   ██████   ███████   ██████
   ░███        ███░░███░░███ ░███░░███ ░███          ░░░░░███  ░███    ░███          ███░░███ ███░░███  ███░░███
-  ░███       ░███ ░███ ░███ ░███ ░███ ░███           ███████  ░███    ░███         ░███ ░███░███ ░███ ░███████ 
+  ░███       ░███ ░███ ░███ ░███ ░███ ░███           ███████  ░███    ░███         ░███ ░███░███ ░███ ░███████
-  ░███      █░███ ░███ ░░███████████  ░░███     ███ ███░░███  ░███    ░░███     ███░███ ░███░███ ░███ ░███░░░  
+  ░███      █░███ ░███ ░░███████████  ░░███     ███ ███░░███  ░███    ░░███     ███░███ ░███░███ ░███ ░███░░░
-  ███████████░░██████   ░░████░████    ░░█████████ ░░████████ █████    ░░█████████ ░░██████ ░░████████░░██████ 
+  ███████████░░██████   ░░████░████    ░░█████████ ░░████████ █████    ░░█████████ ░░██████ ░░████████░░██████
- ░░░░░░░░░░░  ░░░░░░     ░░░░ ░░░░      ░░░░░░░░░   ░░░░░░░░ ░░░░░      ░░░░░░░░░   ░░░░░░   ░░░░░░░░  ░░░░░░   
-                                                                                                    
+ ░░░░░░░░░░░  ░░░░░░     ░░░░ ░░░░      ░░░░░░░░░   ░░░░░░░░ ░░░░░      ░░░░░░░░░   ░░░░░░   ░░░░░░░░  ░░░░░░
+


 ❯ src/ui/components/Header.test.tsx:25:25
            </failure>
        </testcase>
        <testcase classname="src/ui/components/Header.test.tsx" name="&lt;Header /&gt; &gt; renders custom ASCII art when provided" time="0.001602261">
        </testcase>
        <testcase classname="src/ui/components/Header.test.tsx" name="&lt;Header /&gt; &gt; displays the version number when nightly is true" time="0.00937164">
        </testcase>
        <testcase classname="src/ui/components/Header.test.tsx" name="&lt;Header /&gt; &gt; does not display the version number when nightly is false" time="0.008879842">
        </testcase>
    </testsuite>
    <testsuite name="src/ui/components/HistoryItemDisplay.test.tsx" timestamp="2025-10-09T15:50:07.847Z" hostname="uby" tests="1" failures="1" errors="0" skipped="0" time="0">
        <testcase classname="src/ui/components/HistoryItemDisplay.test.tsx" name="src/ui/components/HistoryItemDisplay.test.tsx" time="0">
            <failure message="Failed to resolve entry for package &quot;@qwen-code/qwen-code-core&quot;. The package may have incorrect main/module/exports specified in its package.json." type="Error">
Error: Failed to resolve entry for package &quot;@qwen-code/qwen-code-core&quot;. The package may have incorrect main/module/exports specified in its package.json.
  Plugin: vite:import-analysis
  File: /home/atmandk/LowCal-dev/packages/cli/src/ui/contexts/SessionContext.tsx:18:46
  13 |    useEffect
  14 |  } from &quot;react&quot;;
  15 |  import { uiTelemetryService, sessionId } from &quot;@qwen-code/qwen-code-core&quot;;
     |                                                 ^
  16 |  const SessionStatsContext = createContext(
  17 |    void 0
 ❯ packageEntryFailure ../../node_modules/vite/dist/node/chunks/dep-Bsx9IwL8.js:12218:32
 ❯ resolvePackageEntry ../../node_modules/vite/dist/node/chunks/dep-Bsx9IwL8.js:12215:2
 ❯ tryNodeResolve ../../node_modules/vite/dist/node/chunks/dep-Bsx9IwL8.js:12116:17
 ❯ ResolveIdContext.resolveId ../../node_modules/vite/dist/node/chunks/dep-Bsx9IwL8.js:11955:15
 ❯ EnvironmentPluginContainer.resolveId ../../node_modules/vite/dist/node/chunks/dep-Bsx9IwL8.js:31194:56
 ❯ TransformPluginContext.resolve ../../node_modules/vite/dist/node/chunks/dep-Bsx9IwL8.js:31376:13
 ❯ normalizeUrl ../../node_modules/vite/dist/node/chunks/dep-Bsx9IwL8.js:29984:22
 ❯ ../../node_modules/vite/dist/node/chunks/dep-Bsx9IwL8.js:30050:32
            </failure>
        </testcase>
    </testsuite>
    <testsuite name="src/ui/components/InputPrompt.test.tsx" timestamp="2025-10-09T15:50:07.848Z" hostname="uby" tests="1" failures="1" errors="0" skipped="0" time="0">
        <testcase classname="src/ui/components/InputPrompt.test.tsx" name="src/ui/components/InputPrompt.test.tsx" time="0">
            <failure message="Failed to resolve entry for package &quot;@qwen-code/qwen-code-core&quot;. The package may have incorrect main/module/exports specified in its package.json." type="Error">
Error: Failed to resolve entry for package &quot;@qwen-code/qwen-code-core&quot;. The package may have incorrect main/module/exports specified in its package.json.
  Plugin: vite:import-analysis
  File: /home/atmandk/LowCal-dev/packages/cli/src/ui/contexts/KeypressContext.tsx:11:7
  8  |    KittySequenceOverflowEvent,
  9  |    logKittySequenceOverflow
  10 |  } from &quot;@qwen-code/qwen-code-core&quot;;
     |          ^
  11 |  import { useStdin } from &quot;ink&quot;;
  12 |  import {
 ❯ packageEntryFailure ../../node_modules/vite/dist/node/chunks/dep-Bsx9IwL8.js:12218:32
 ❯ resolvePackageEntry ../../node_modules/vite/dist/node/chunks/dep-Bsx9IwL8.js:12215:2
 ❯ tryNodeResolve ../../node_modules/vite/dist/node/chunks/dep-Bsx9IwL8.js:12116:17
 ❯ ResolveIdContext.resolveId ../../node_modules/vite/dist/node/chunks/dep-Bsx9IwL8.js:11955:15
 ❯ EnvironmentPluginContainer.resolveId ../../node_modules/vite/dist/node/chunks/dep-Bsx9IwL8.js:31194:56
 ❯ TransformPluginContext.resolve ../../node_modules/vite/dist/node/chunks/dep-Bsx9IwL8.js:31376:13
 ❯ normalizeUrl ../../node_modules/vite/dist/node/chunks/dep-Bsx9IwL8.js:29984:22
 ❯ ../../node_modules/vite/dist/node/chunks/dep-Bsx9IwL8.js:30050:32
            </failure>
        </testcase>
    </testsuite>
    <testsuite name="src/ui/components/LoadingIndicator.test.tsx" timestamp="2025-10-09T15:50:07.848Z" hostname="uby" tests="15" failures="0" errors="0" skipped="0" time="0.088207605">
        <testcase classname="src/ui/components/LoadingIndicator.test.tsx" name="&lt;LoadingIndicator /&gt; &gt; should not render when streamingState is Idle" time="0.016938005">
        </testcase>
        <testcase classname="src/ui/components/LoadingIndicator.test.tsx" name="&lt;LoadingIndicator /&gt; &gt; should render spinner, phrase, and time when streamingState is Responding" time="0.011162311">
        </testcase>
        <testcase classname="src/ui/components/LoadingIndicator.test.tsx" name="&lt;LoadingIndicator /&gt; &gt; should render spinner (static), phrase but no time/cancel when streamingState is WaitingForConfirmation" time="0.007312545">
        </testcase>
        <testcase classname="src/ui/components/LoadingIndicator.test.tsx" name="&lt;LoadingIndicator /&gt; &gt; should display the currentLoadingPhrase correctly" time="0.005095909">
        </testcase>
        <testcase classname="src/ui/components/LoadingIndicator.test.tsx" name="&lt;LoadingIndicator /&gt; &gt; should display the elapsedTime correctly when Responding" time="0.003828917">
        </testcase>
        <testcase classname="src/ui/components/LoadingIndicator.test.tsx" name="&lt;LoadingIndicator /&gt; &gt; should display the elapsedTime correctly in human-readable format" time="0.004643763">
        </testcase>
        <testcase classname="src/ui/components/LoadingIndicator.test.tsx" name="&lt;LoadingIndicator /&gt; &gt; should render rightContent when provided" time="0.00266192">
        </testcase>
        <testcase classname="src/ui/components/LoadingIndicator.test.tsx" name="&lt;LoadingIndicator /&gt; &gt; should transition correctly between states using rerender" time="0.008346115">
        </testcase>
        <testcase classname="src/ui/components/LoadingIndicator.test.tsx" name="&lt;LoadingIndicator /&gt; &gt; should display fallback phrase if thought is empty" time="0.004767862">
        </testcase>
        <testcase classname="src/ui/components/LoadingIndicator.test.tsx" name="&lt;LoadingIndicator /&gt; &gt; should display the subject of a thought" time="0.003305018">
        </testcase>
        <testcase classname="src/ui/components/LoadingIndicator.test.tsx" name="&lt;LoadingIndicator /&gt; &gt; should prioritize thought.subject over currentLoadingPhrase" time="0.002377604">
        </testcase>
        <testcase classname="src/ui/components/LoadingIndicator.test.tsx" name="&lt;LoadingIndicator /&gt; &gt; responsive layout &gt; should render on a single line on a wide terminal" time="0.003447972">
        </testcase>
        <testcase classname="src/ui/components/LoadingIndicator.test.tsx" name="&lt;LoadingIndicator /&gt; &gt; responsive layout &gt; should render on multiple lines on a narrow terminal" time="0.005179613">
        </testcase>
        <testcase classname="src/ui/components/LoadingIndicator.test.tsx" name="&lt;LoadingIndicator /&gt; &gt; responsive layout &gt; should use wide layout at 80 columns" time="0.004306309">
        </testcase>
        <testcase classname="src/ui/components/LoadingIndicator.test.tsx" name="&lt;LoadingIndicator /&gt; &gt; responsive layout &gt; should use narrow layout at 79 columns" time="0.00258099">
        </testcase>
    </testsuite>
    <testsuite name="src/ui/components/ModelSelectionDialog.test.tsx" timestamp="2025-10-09T15:50:07.849Z" hostname="uby" tests="1" failures="1" errors="0" skipped="0" time="0">
        <testcase classname="src/ui/components/ModelSelectionDialog.test.tsx" name="src/ui/components/ModelSelectionDialog.test.tsx" time="0">
            <failure message="Failed to resolve entry for package &quot;@qwen-code/qwen-code-core&quot;. The package may have incorrect main/module/exports specified in its package.json." type="Error">
Error: Failed to resolve entry for package &quot;@qwen-code/qwen-code-core&quot;. The package may have incorrect main/module/exports specified in its package.json.
  Plugin: vite:import-analysis
  File: /home/atmandk/LowCal-dev/packages/cli/src/ui/components/shared/text-buffer.ts:13:29
  10 |  import { useState, useCallback, useEffect, useMemo, useReducer } from &quot;react&quot;;
  11 |  import stringWidth from &quot;string-width&quot;;
  12 |  import { unescapePath } from &quot;@qwen-code/qwen-code-core&quot;;
     |                                ^
  13 |  import {
  14 |    toCodePoints,
 ❯ packageEntryFailure ../../node_modules/vite/dist/node/chunks/dep-Bsx9IwL8.js:12218:32
 ❯ resolvePackageEntry ../../node_modules/vite/dist/node/chunks/dep-Bsx9IwL8.js:12215:2
 ❯ tryNodeResolve ../../node_modules/vite/dist/node/chunks/dep-Bsx9IwL8.js:12116:17
 ❯ ResolveIdContext.resolveId ../../node_modules/vite/dist/node/chunks/dep-Bsx9IwL8.js:11955:15
 ❯ EnvironmentPluginContainer.resolveId ../../node_modules/vite/dist/node/chunks/dep-Bsx9IwL8.js:31194:56
 ❯ TransformPluginContext.resolve ../../node_modules/vite/dist/node/chunks/dep-Bsx9IwL8.js:31376:13
 ❯ normalizeUrl ../../node_modules/vite/dist/node/chunks/dep-Bsx9IwL8.js:29984:22
 ❯ ../../node_modules/vite/dist/node/chunks/dep-Bsx9IwL8.js:30050:32
            </failure>
        </testcase>
    </testsuite>
    <testsuite name="src/ui/components/ModelStatsDisplay.test.tsx" timestamp="2025-10-09T15:50:07.849Z" hostname="uby" tests="1" failures="1" errors="0" skipped="0" time="0">
        <testcase classname="src/ui/components/ModelStatsDisplay.test.tsx" name="src/ui/components/ModelStatsDisplay.test.tsx" time="0">
            <failure message="[vitest] There was an error when mocking a module. If you are using &quot;vi.mock&quot; factory, make sure there are no top level variables inside, since this call is hoisted to top of the file. Read more: https://vitest.dev/api/vi.html#vi-mock" type="Error">
Error: [vitest] There was an error when mocking a module. If you are using &quot;vi.mock&quot; factory, make sure there are no top level variables inside, since this call is hoisted to top of the file. Read more: https://vitest.dev/api/vi.html#vi-mock
 ❯ src/ui/components/ModelStatsDisplay.tsx:17:1

Caused by: Caused by: Error: Failed to resolve entry for package &quot;@qwen-code/qwen-code-core&quot;. The package may have incorrect main/module/exports specified in its package.json.
  Plugin: vite:import-analysis
  File: /home/atmandk/LowCal-dev/packages/cli/src/ui/contexts/SessionContext.tsx:18:46
  13 |    useEffect
  14 |  } from &quot;react&quot;;
  15 |  import { uiTelemetryService, sessionId } from &quot;@qwen-code/qwen-code-core&quot;;
     |                                                 ^
  16 |  const SessionStatsContext = createContext(
  17 |    void 0
 ❯ packageEntryFailure ../../node_modules/vite/dist/node/chunks/dep-Bsx9IwL8.js:12218:32
 ❯ resolvePackageEntry ../../node_modules/vite/dist/node/chunks/dep-Bsx9IwL8.js:12215:2
 ❯ tryNodeResolve ../../node_modules/vite/dist/node/chunks/dep-Bsx9IwL8.js:12116:17
 ❯ ResolveIdContext.resolveId ../../node_modules/vite/dist/node/chunks/dep-Bsx9IwL8.js:11955:15
 ❯ EnvironmentPluginContainer.resolveId ../../node_modules/vite/dist/node/chunks/dep-Bsx9IwL8.js:31194:56
 ❯ TransformPluginContext.resolve ../../node_modules/vite/dist/node/chunks/dep-Bsx9IwL8.js:31376:13
 ❯ normalizeUrl ../../node_modules/vite/dist/node/chunks/dep-Bsx9IwL8.js:29984:22
 ❯ ../../node_modules/vite/dist/node/chunks/dep-Bsx9IwL8.js:30050:32
            </failure>
        </testcase>
    </testsuite>
    <testsuite name="src/ui/components/ModelSwitchDialog.test.tsx" timestamp="2025-10-09T15:50:07.849Z" hostname="uby" tests="11" failures="0" errors="0" skipped="0" time="0.1168493">
        <testcase classname="src/ui/components/ModelSwitchDialog.test.tsx" name="ModelSwitchDialog &gt; should setup RadioButtonSelect with correct options" time="0.056894252">
        </testcase>
        <testcase classname="src/ui/components/ModelSwitchDialog.test.tsx" name="ModelSwitchDialog &gt; should call onSelect when an option is selected" time="0.005830816">
        </testcase>
        <testcase classname="src/ui/components/ModelSwitchDialog.test.tsx" name="ModelSwitchDialog &gt; should call onSelect with SwitchSessionToVL when second option is selected" time="0.005328428">
        </testcase>
        <testcase classname="src/ui/components/ModelSwitchDialog.test.tsx" name="ModelSwitchDialog &gt; should call onSelect with ContinueWithCurrentModel when third option is selected" time="0.005759505">
        </testcase>
        <testcase classname="src/ui/components/ModelSwitchDialog.test.tsx" name="ModelSwitchDialog &gt; should setup escape key handler to call onSelect with ContinueWithCurrentModel" time="0.006761977">
        </testcase>
        <testcase classname="src/ui/components/ModelSwitchDialog.test.tsx" name="ModelSwitchDialog &gt; should not call onSelect for non-escape keys" time="0.008616425">
        </testcase>
        <testcase classname="src/ui/components/ModelSwitchDialog.test.tsx" name="ModelSwitchDialog &gt; should set initial index to 0 (first option)" time="0.007299712">
        </testcase>
        <testcase classname="src/ui/components/ModelSwitchDialog.test.tsx" name="ModelSwitchDialog &gt; VisionSwitchOutcome enum &gt; should have correct enum values" time="0.000355357">
        </testcase>
        <testcase classname="src/ui/components/ModelSwitchDialog.test.tsx" name="ModelSwitchDialog &gt; should handle multiple onSelect calls correctly" time="0.005855352">
        </testcase>
        <testcase classname="src/ui/components/ModelSwitchDialog.test.tsx" name="ModelSwitchDialog &gt; should pass isFocused prop to RadioButtonSelect" time="0.007085445">
        </testcase>
        <testcase classname="src/ui/components/ModelSwitchDialog.test.tsx" name="ModelSwitchDialog &gt; should handle escape key multiple times" time="0.005087583">
        </testcase>
    </testsuite>
    <testsuite name="src/ui/components/OpenAIKeyPrompt.test.tsx" timestamp="2025-10-09T15:50:07.849Z" hostname="uby" tests="3" failures="0" errors="0" skipped="0" time="0.095462754">
        <testcase classname="src/ui/components/OpenAIKeyPrompt.test.tsx" name="OpenAIKeyPrompt &gt; should render the prompt correctly" time="0.029021908">
        </testcase>
        <testcase classname="src/ui/components/OpenAIKeyPrompt.test.tsx" name="OpenAIKeyPrompt &gt; should show the component with proper styling" time="0.005925401">
        </testcase>
        <testcase classname="src/ui/components/OpenAIKeyPrompt.test.tsx" name="OpenAIKeyPrompt &gt; should handle paste with control characters" time="0.059208239">
        </testcase>
    </testsuite>
    <testsuite name="src/ui/components/QwenOAuthProgress.test.tsx" timestamp="2025-10-09T15:50:07.850Z" hostname="uby" tests="22" failures="0" errors="0" skipped="0" time="0.27205948">
        <testcase classname="src/ui/components/QwenOAuthProgress.test.tsx" name="QwenOAuthProgress &gt; Loading state (no deviceAuth) &gt; should render loading state when deviceAuth is not provided" time="0.027383309">
        </testcase>
        <testcase classname="src/ui/components/QwenOAuthProgress.test.tsx" name="QwenOAuthProgress &gt; Loading state (no deviceAuth) &gt; should render loading state with gray border" time="0.005393058">
        </testcase>
        <testcase classname="src/ui/components/QwenOAuthProgress.test.tsx" name="QwenOAuthProgress &gt; Authenticated state (with deviceAuth) &gt; should render authentication flow when deviceAuth is provided" time="0.007564451">
        </testcase>
        <testcase classname="src/ui/components/QwenOAuthProgress.test.tsx" name="QwenOAuthProgress &gt; Authenticated state (with deviceAuth) &gt; should display correct URL in Static component when QR code is generated" time="0.024690243">
        </testcase>
        <testcase classname="src/ui/components/QwenOAuthProgress.test.tsx" name="QwenOAuthProgress &gt; Authenticated state (with deviceAuth) &gt; should format time correctly" time="0.006998675">
        </testcase>
        <testcase classname="src/ui/components/QwenOAuthProgress.test.tsx" name="QwenOAuthProgress &gt; Authenticated state (with deviceAuth) &gt; should format single digit seconds with leading zero" time="0.004687323">
        </testcase>
        <testcase classname="src/ui/components/QwenOAuthProgress.test.tsx" name="QwenOAuthProgress &gt; Timer functionality &gt; should countdown and call onTimeout when timer expires" time="0.028198286">
        </testcase>
        <testcase classname="src/ui/components/QwenOAuthProgress.test.tsx" name="QwenOAuthProgress &gt; Timer functionality &gt; should update time remaining display" time="0.011248089">
        </testcase>
        <testcase classname="src/ui/components/QwenOAuthProgress.test.tsx" name="QwenOAuthProgress &gt; Timer functionality &gt; should use default 300 second timeout when deviceAuth is null" time="0.00809425">
        </testcase>
        <testcase classname="src/ui/components/QwenOAuthProgress.test.tsx" name="QwenOAuthProgress &gt; Animated dots &gt; should cycle through animated dots" time="0.039463146">
        </testcase>
        <testcase classname="src/ui/components/QwenOAuthProgress.test.tsx" name="QwenOAuthProgress &gt; QR Code functionality &gt; should generate QR code when deviceAuth is provided" time="0.010609558">
        </testcase>
        <testcase classname="src/ui/components/QwenOAuthProgress.test.tsx" name="QwenOAuthProgress &gt; QR Code functionality &gt; should display QR code in Static component when available" time="0.01527486">
        </testcase>
        <testcase classname="src/ui/components/QwenOAuthProgress.test.tsx" name="QwenOAuthProgress &gt; QR Code functionality &gt; should handle QR code generation errors gracefully" time="0.007673071">
        </testcase>
        <testcase classname="src/ui/components/QwenOAuthProgress.test.tsx" name="QwenOAuthProgress &gt; QR Code functionality &gt; should not generate QR code when deviceAuth is null" time="0.006867152">
        </testcase>
        <testcase classname="src/ui/components/QwenOAuthProgress.test.tsx" name="QwenOAuthProgress &gt; User interactions &gt; should call onCancel when ESC key is pressed" time="0.0163887">
            <system-err>
Failed to generate QR code: Error: QR Code generation failed
    at Object.&lt;anonymous&gt; [90m(/home/atmandk/LowCal-dev/packages/cli/[39msrc/ui/components/QwenOAuthProgress.test.tsx:386:15[90m)[39m
    at Object.mockCall (file:///home/atmandk/LowCal-dev/node_modules/[4m@vitest/spy[24m/dist/index.js:96:15)
    at Object.spy [as generate] (file:///home/atmandk/LowCal-dev/node_modules/[4mtinyspy[24m/dist/index.js:47:103)
    at generateQR [90m(/home/atmandk/LowCal-dev/packages/cli/[39msrc/ui/components/QwenOAuthProgress.tsx:148:16[90m)[39m
    at [90m/home/atmandk/LowCal-dev/packages/cli/[39msrc/ui/components/QwenOAuthProgress.tsx:161:5
    at Object.react-stack-bottom-frame (/home/atmandk/LowCal-dev/node_modules/[4mreact-reconciler[24m/cjs/react-reconciler.development.js:15945:20)
    at runWithFiberInDEV (/home/atmandk/LowCal-dev/node_modules/[4mreact-reconciler[24m/cjs/react-reconciler.development.js:1738:13)
    at commitHookEffectListMount (/home/atmandk/LowCal-dev/node_modules/[4mreact-reconciler[24m/cjs/react-reconciler.development.js:9516:29)
    at commitHookPassiveMountEffects (/home/atmandk/LowCal-dev/node_modules/[4mreact-reconciler[24m/cjs/react-reconciler.development.js:9639:11)
    at commitPassiveMountOnFiber (/home/atmandk/LowCal-dev/node_modules/[4mreact-reconciler[24m/cjs/react-reconciler.development.js:11364:13)

            </system-err>
        </testcase>
        <testcase classname="src/ui/components/QwenOAuthProgress.test.tsx" name="QwenOAuthProgress &gt; User interactions &gt; should call onCancel when ESC is pressed in loading state" time="0.007299721">
        </testcase>
        <testcase classname="src/ui/components/QwenOAuthProgress.test.tsx" name="QwenOAuthProgress &gt; User interactions &gt; should not call onCancel for other key presses" time="0.009635157">
            <system-err>
Failed to generate QR code: Error: QR Code generation failed
    at Object.&lt;anonymous&gt; [90m(/home/atmandk/LowCal-dev/packages/cli/[39msrc/ui/components/QwenOAuthProgress.test.tsx:386:15[90m)[39m
    at Object.mockCall (file:///home/atmandk/LowCal-dev/node_modules/[4m@vitest/spy[24m/dist/index.js:96:15)
    at Object.spy [as generate] (file:///home/atmandk/LowCal-dev/node_modules/[4mtinyspy[24m/dist/index.js:47:103)
    at generateQR [90m(/home/atmandk/LowCal-dev/packages/cli/[39msrc/ui/components/QwenOAuthProgress.tsx:148:16[90m)[39m
    at [90m/home/atmandk/LowCal-dev/packages/cli/[39msrc/ui/components/QwenOAuthProgress.tsx:161:5
    at Object.react-stack-bottom-frame (/home/atmandk/LowCal-dev/node_modules/[4mreact-reconciler[24m/cjs/react-reconciler.development.js:15945:20)
    at runWithFiberInDEV (/home/atmandk/LowCal-dev/node_modules/[4mreact-reconciler[24m/cjs/react-reconciler.development.js:1738:13)
    at commitHookEffectListMount (/home/atmandk/LowCal-dev/node_modules/[4mreact-reconciler[24m/cjs/react-reconciler.development.js:9516:29)
    at commitHookPassiveMountEffects (/home/atmandk/LowCal-dev/node_modules/[4mreact-reconciler[24m/cjs/react-reconciler.development.js:9639:11)
    at commitPassiveMountOnFiber (/home/atmandk/LowCal-dev/node_modules/[4mreact-reconciler[24m/cjs/react-reconciler.development.js:11364:13)

            </system-err>
        </testcase>
        <testcase classname="src/ui/components/QwenOAuthProgress.test.tsx" name="QwenOAuthProgress &gt; Props changes &gt; should display initial timer value from deviceAuth" time="0.006137323">
            <system-err>
Failed to generate QR code: Error: QR Code generation failed
    at Object.&lt;anonymous&gt; [90m(/home/atmandk/LowCal-dev/packages/cli/[39msrc/ui/components/QwenOAuthProgress.test.tsx:386:15[90m)[39m
    at Object.mockCall (file:///home/atmandk/LowCal-dev/node_modules/[4m@vitest/spy[24m/dist/index.js:96:15)
    at Object.spy [as generate] (file:///home/atmandk/LowCal-dev/node_modules/[4mtinyspy[24m/dist/index.js:47:103)
    at generateQR [90m(/home/atmandk/LowCal-dev/packages/cli/[39msrc/ui/components/QwenOAuthProgress.tsx:148:16[90m)[39m
    at [90m/home/atmandk/LowCal-dev/packages/cli/[39msrc/ui/components/QwenOAuthProgress.tsx:161:5
    at Object.react-stack-bottom-frame (/home/atmandk/LowCal-dev/node_modules/[4mreact-reconciler[24m/cjs/react-reconciler.development.js:15945:20)
    at runWithFiberInDEV (/home/atmandk/LowCal-dev/node_modules/[4mreact-reconciler[24m/cjs/react-reconciler.development.js:1738:13)
    at commitHookEffectListMount (/home/atmandk/LowCal-dev/node_modules/[4mreact-reconciler[24m/cjs/react-reconciler.development.js:9516:29)
    at commitHookPassiveMountEffects (/home/atmandk/LowCal-dev/node_modules/[4mreact-reconciler[24m/cjs/react-reconciler.development.js:9639:11)
    at commitPassiveMountOnFiber (/home/atmandk/LowCal-dev/node_modules/[4mreact-reconciler[24m/cjs/react-reconciler.development.js:11364:13)

            </system-err>
        </testcase>
        <testcase classname="src/ui/components/QwenOAuthProgress.test.tsx" name="QwenOAuthProgress &gt; Props changes &gt; should reset to loading state when deviceAuth becomes null" time="0.009992989">
            <system-err>
Failed to generate QR code: Error: QR Code generation failed
    at Object.&lt;anonymous&gt; [90m(/home/atmandk/LowCal-dev/packages/cli/[39msrc/ui/components/QwenOAuthProgress.test.tsx:386:15[90m)[39m
    at Object.mockCall (file:///home/atmandk/LowCal-dev/node_modules/[4m@vitest/spy[24m/dist/index.js:96:15)
    at Object.spy [as generate] (file:///home/atmandk/LowCal-dev/node_modules/[4mtinyspy[24m/dist/index.js:47:103)
    at generateQR [90m(/home/atmandk/LowCal-dev/packages/cli/[39msrc/ui/components/QwenOAuthProgress.tsx:148:16[90m)[39m
    at [90m/home/atmandk/LowCal-dev/packages/cli/[39msrc/ui/components/QwenOAuthProgress.tsx:161:5
    at Object.react-stack-bottom-frame (/home/atmandk/LowCal-dev/node_modules/[4mreact-reconciler[24m/cjs/react-reconciler.development.js:15945:20)
    at runWithFiberInDEV (/home/atmandk/LowCal-dev/node_modules/[4mreact-reconciler[24m/cjs/react-reconciler.development.js:1738:13)
    at commitHookEffectListMount (/home/atmandk/LowCal-dev/node_modules/[4mreact-reconciler[24m/cjs/react-reconciler.development.js:9516:29)
    at commitHookPassiveMountEffects (/home/atmandk/LowCal-dev/node_modules/[4mreact-reconciler[24m/cjs/react-reconciler.development.js:9639:11)
    at commitPassiveMountOnFiber (/home/atmandk/LowCal-dev/node_modules/[4mreact-reconciler[24m/cjs/react-reconciler.development.js:11364:13)

            </system-err>
        </testcase>
        <testcase classname="src/ui/components/QwenOAuthProgress.test.tsx" name="QwenOAuthProgress &gt; Timeout state &gt; should render timeout state when authStatus is timeout" time="0.004525283">
        </testcase>
        <testcase classname="src/ui/components/QwenOAuthProgress.test.tsx" name="QwenOAuthProgress &gt; Timeout state &gt; should render default timeout message when no authMessage provided" time="0.005598738">
        </testcase>
        <testcase classname="src/ui/components/QwenOAuthProgress.test.tsx" name="QwenOAuthProgress &gt; Timeout state &gt; should call onCancel for any key press in timeout state" time="0.005838792">
        </testcase>
    </testsuite>
    <testsuite name="src/ui/components/SessionSummaryDisplay.test.tsx" timestamp="2025-10-09T15:50:07.851Z" hostname="uby" tests="1" failures="1" errors="0" skipped="0" time="0">
        <testcase classname="src/ui/components/SessionSummaryDisplay.test.tsx" name="src/ui/components/SessionSummaryDisplay.test.tsx" time="0">
            <failure message="[vitest] There was an error when mocking a module. If you are using &quot;vi.mock&quot; factory, make sure there are no top level variables inside, since this call is hoisted to top of the file. Read more: https://vitest.dev/api/vi.html#vi-mock" type="Error">
Error: [vitest] There was an error when mocking a module. If you are using &quot;vi.mock&quot; factory, make sure there are no top level variables inside, since this call is hoisted to top of the file. Read more: https://vitest.dev/api/vi.html#vi-mock
 ❯ src/ui/components/StatsDisplay.tsx:13:1

Caused by: Caused by: Error: Failed to resolve entry for package &quot;@qwen-code/qwen-code-core&quot;. The package may have incorrect main/module/exports specified in its package.json.
  Plugin: vite:import-analysis
  File: /home/atmandk/LowCal-dev/packages/cli/src/ui/contexts/SessionContext.tsx:18:46
  13 |    useEffect
  14 |  } from &quot;react&quot;;
  15 |  import { uiTelemetryService, sessionId } from &quot;@qwen-code/qwen-code-core&quot;;
     |                                                 ^
  16 |  const SessionStatsContext = createContext(
  17 |    void 0
 ❯ packageEntryFailure ../../node_modules/vite/dist/node/chunks/dep-Bsx9IwL8.js:12218:32
 ❯ resolvePackageEntry ../../node_modules/vite/dist/node/chunks/dep-Bsx9IwL8.js:12215:2
 ❯ tryNodeResolve ../../node_modules/vite/dist/node/chunks/dep-Bsx9IwL8.js:12116:17
 ❯ ResolveIdContext.resolveId ../../node_modules/vite/dist/node/chunks/dep-Bsx9IwL8.js:11955:15
 ❯ EnvironmentPluginContainer.resolveId ../../node_modules/vite/dist/node/chunks/dep-Bsx9IwL8.js:31194:56
 ❯ TransformPluginContext.resolve ../../node_modules/vite/dist/node/chunks/dep-Bsx9IwL8.js:31376:13
 ❯ normalizeUrl ../../node_modules/vite/dist/node/chunks/dep-Bsx9IwL8.js:29984:22
 ❯ ../../node_modules/vite/dist/node/chunks/dep-Bsx9IwL8.js:30050:32
            </failure>
        </testcase>
    </testsuite>
    <testsuite name="src/ui/components/SettingsDialog.test.tsx" timestamp="2025-10-09T15:50:07.851Z" hostname="uby" tests="1" failures="1" errors="0" skipped="0" time="0">
        <testcase classname="src/ui/components/SettingsDialog.test.tsx" name="src/ui/components/SettingsDialog.test.tsx" time="0">
            <failure message="Failed to resolve entry for package &quot;@qwen-code/qwen-code-core&quot;. The package may have incorrect main/module/exports specified in its package.json." type="Error">
Error: Failed to resolve entry for package &quot;@qwen-code/qwen-code-core&quot;. The package may have incorrect main/module/exports specified in its package.json.
  Plugin: vite:import-analysis
  File: /home/atmandk/LowCal-dev/packages/cli/src/config/settings.ts:15:7
  12 |    getErrorMessage,
  13 |    Storage
  14 |  } from &quot;@qwen-code/qwen-code-core&quot;;
     |          ^
  15 |  import stripJsonComments from &quot;strip-json-comments&quot;;
  16 |  import { DefaultLight } from &quot;../ui/themes/default-light.js&quot;;
 ❯ packageEntryFailure ../../node_modules/vite/dist/node/chunks/dep-Bsx9IwL8.js:12218:32
 ❯ resolvePackageEntry ../../node_modules/vite/dist/node/chunks/dep-Bsx9IwL8.js:12215:2
 ❯ tryNodeResolve ../../node_modules/vite/dist/node/chunks/dep-Bsx9IwL8.js:12116:17
 ❯ ResolveIdContext.resolveId ../../node_modules/vite/dist/node/chunks/dep-Bsx9IwL8.js:11955:15
 ❯ EnvironmentPluginContainer.resolveId ../../node_modules/vite/dist/node/chunks/dep-Bsx9IwL8.js:31194:56
 ❯ TransformPluginContext.resolve ../../node_modules/vite/dist/node/chunks/dep-Bsx9IwL8.js:31376:13
 ❯ normalizeUrl ../../node_modules/vite/dist/node/chunks/dep-Bsx9IwL8.js:29984:22
 ❯ ../../node_modules/vite/dist/node/chunks/dep-Bsx9IwL8.js:30050:32
            </failure>
        </testcase>
    </testsuite>
    <testsuite name="src/ui/components/ShellConfirmationDialog.test.tsx" timestamp="2025-10-09T15:50:07.851Z" hostname="uby" tests="1" failures="1" errors="0" skipped="0" time="0">
        <testcase classname="src/ui/components/ShellConfirmationDialog.test.tsx" name="src/ui/components/ShellConfirmationDialog.test.tsx" time="0">
            <failure message="Failed to resolve entry for package &quot;@qwen-code/qwen-code-core&quot;. The package may have incorrect main/module/exports specified in its package.json." type="Error">
Error: Failed to resolve entry for package &quot;@qwen-code/qwen-code-core&quot;. The package may have incorrect main/module/exports specified in its package.json.
  Plugin: vite:import-analysis
  File: /home/atmandk/LowCal-dev/packages/cli/src/ui/contexts/KeypressContext.tsx:11:7
  8  |    KittySequenceOverflowEvent,
  9  |    logKittySequenceOverflow
  10 |  } from &quot;@qwen-code/qwen-code-core&quot;;
     |          ^
  11 |  import { useStdin } from &quot;ink&quot;;
  12 |  import {
 ❯ packageEntryFailure ../../node_modules/vite/dist/node/chunks/dep-Bsx9IwL8.js:12218:32
 ❯ resolvePackageEntry ../../node_modules/vite/dist/node/chunks/dep-Bsx9IwL8.js:12215:2
 ❯ tryNodeResolve ../../node_modules/vite/dist/node/chunks/dep-Bsx9IwL8.js:12116:17
 ❯ ResolveIdContext.resolveId ../../node_modules/vite/dist/node/chunks/dep-Bsx9IwL8.js:11955:15
 ❯ EnvironmentPluginContainer.resolveId ../../node_modules/vite/dist/node/chunks/dep-Bsx9IwL8.js:31194:56
 ❯ TransformPluginContext.resolve ../../node_modules/vite/dist/node/chunks/dep-Bsx9IwL8.js:31376:13
 ❯ normalizeUrl ../../node_modules/vite/dist/node/chunks/dep-Bsx9IwL8.js:29984:22
 ❯ ../../node_modules/vite/dist/node/chunks/dep-Bsx9IwL8.js:30050:32
            </failure>
        </testcase>
    </testsuite>
    <testsuite name="src/ui/components/StatsDisplay.test.tsx" timestamp="2025-10-09T15:50:07.851Z" hostname="uby" tests="1" failures="1" errors="0" skipped="0" time="0">
        <testcase classname="src/ui/components/StatsDisplay.test.tsx" name="src/ui/components/StatsDisplay.test.tsx" time="0">
            <failure message="[vitest] There was an error when mocking a module. If you are using &quot;vi.mock&quot; factory, make sure there are no top level variables inside, since this call is hoisted to top of the file. Read more: https://vitest.dev/api/vi.html#vi-mock" type="Error">
Error: [vitest] There was an error when mocking a module. If you are using &quot;vi.mock&quot; factory, make sure there are no top level variables inside, since this call is hoisted to top of the file. Read more: https://vitest.dev/api/vi.html#vi-mock
 ❯ src/ui/components/StatsDisplay.tsx:13:1

Caused by: Error: Failed to resolve entry for package &quot;@qwen-code/qwen-code-core&quot;. The package may have incorrect main/module/exports specified in its package.json.
  Plugin: vite:import-analysis
  File: /home/atmandk/LowCal-dev/packages/cli/src/ui/contexts/SessionContext.tsx:18:46
  13 |    useEffect
  14 |  } from &quot;react&quot;;
  15 |  import { uiTelemetryService, sessionId } from &quot;@qwen-code/qwen-code-core&quot;;
     |                                                 ^
  16 |  const SessionStatsContext = createContext(
  17 |    void 0
 ❯ packageEntryFailure ../../node_modules/vite/dist/node/chunks/dep-Bsx9IwL8.js:12218:32
 ❯ resolvePackageEntry ../../node_modules/vite/dist/node/chunks/dep-Bsx9IwL8.js:12215:2
 ❯ tryNodeResolve ../../node_modules/vite/dist/node/chunks/dep-Bsx9IwL8.js:12116:17
 ❯ ResolveIdContext.resolveId ../../node_modules/vite/dist/node/chunks/dep-Bsx9IwL8.js:11955:15
 ❯ EnvironmentPluginContainer.resolveId ../../node_modules/vite/dist/node/chunks/dep-Bsx9IwL8.js:31194:56
 ❯ TransformPluginContext.resolve ../../node_modules/vite/dist/node/chunks/dep-Bsx9IwL8.js:31376:13
 ❯ normalizeUrl ../../node_modules/vite/dist/node/chunks/dep-Bsx9IwL8.js:29984:22
 ❯ ../../node_modules/vite/dist/node/chunks/dep-Bsx9IwL8.js:30050:32
            </failure>
        </testcase>
    </testsuite>
    <testsuite name="src/ui/components/TodoDisplay.test.tsx" timestamp="2025-10-09T15:50:07.852Z" hostname="uby" tests="6" failures="0" errors="0" skipped="0" time="0.042946283">
        <testcase classname="src/ui/components/TodoDisplay.test.tsx" name="TodoDisplay &gt; should render todo list" time="0.028967227">
        </testcase>
        <testcase classname="src/ui/components/TodoDisplay.test.tsx" name="TodoDisplay &gt; should display correct status icons" time="0.005181636">
        </testcase>
        <testcase classname="src/ui/components/TodoDisplay.test.tsx" name="TodoDisplay &gt; should handle empty todo list" time="0.00117424">
        </testcase>
        <testcase classname="src/ui/components/TodoDisplay.test.tsx" name="TodoDisplay &gt; should handle undefined todos" time="0.000819825">
        </testcase>
        <testcase classname="src/ui/components/TodoDisplay.test.tsx" name="TodoDisplay &gt; should render tasks with different statuses" time="0.0022995">
        </testcase>
        <testcase classname="src/ui/components/TodoDisplay.test.tsx" name="TodoDisplay &gt; should render tasks with mixed statuses" time="0.003035461">
        </testcase>
    </testsuite>
    <testsuite name="src/ui/components/ToolStatsDisplay.test.tsx" timestamp="2025-10-09T15:50:07.852Z" hostname="uby" tests="1" failures="1" errors="0" skipped="0" time="0">
        <testcase classname="src/ui/components/ToolStatsDisplay.test.tsx" name="src/ui/components/ToolStatsDisplay.test.tsx" time="0">
            <failure message="[vitest] There was an error when mocking a module. If you are using &quot;vi.mock&quot; factory, make sure there are no top level variables inside, since this call is hoisted to top of the file. Read more: https://vitest.dev/api/vi.html#vi-mock" type="Error">
Error: [vitest] There was an error when mocking a module. If you are using &quot;vi.mock&quot; factory, make sure there are no top level variables inside, since this call is hoisted to top of the file. Read more: https://vitest.dev/api/vi.html#vi-mock
 ❯ src/ui/components/ToolStatsDisplay.tsx:18:1

Caused by: Caused by: Error: Failed to resolve entry for package &quot;@qwen-code/qwen-code-core&quot;. The package may have incorrect main/module/exports specified in its package.json.
  Plugin: vite:import-analysis
  File: /home/atmandk/LowCal-dev/packages/cli/src/ui/contexts/SessionContext.tsx:18:46
  13 |    useEffect
  14 |  } from &quot;react&quot;;
  15 |  import { uiTelemetryService, sessionId } from &quot;@qwen-code/qwen-code-core&quot;;
     |                                                 ^
  16 |  const SessionStatsContext = createContext(
  17 |    void 0
 ❯ packageEntryFailure ../../node_modules/vite/dist/node/chunks/dep-Bsx9IwL8.js:12218:32
 ❯ resolvePackageEntry ../../node_modules/vite/dist/node/chunks/dep-Bsx9IwL8.js:12215:2
 ❯ tryNodeResolve ../../node_modules/vite/dist/node/chunks/dep-Bsx9IwL8.js:12116:17
 ❯ ResolveIdContext.resolveId ../../node_modules/vite/dist/node/chunks/dep-Bsx9IwL8.js:11955:15
 ❯ EnvironmentPluginContainer.resolveId ../../node_modules/vite/dist/node/chunks/dep-Bsx9IwL8.js:31194:56
 ❯ TransformPluginContext.resolve ../../node_modules/vite/dist/node/chunks/dep-Bsx9IwL8.js:31376:13
 ❯ normalizeUrl ../../node_modules/vite/dist/node/chunks/dep-Bsx9IwL8.js:29984:22
 ❯ ../../node_modules/vite/dist/node/chunks/dep-Bsx9IwL8.js:30050:32
            </failure>
        </testcase>
    </testsuite>
    <testsuite name="src/ui/contexts/KeypressContext.test.tsx" timestamp="2025-10-09T15:50:07.852Z" hostname="uby" tests="1" failures="1" errors="0" skipped="0" time="0">
        <testcase classname="src/ui/contexts/KeypressContext.test.tsx" name="src/ui/contexts/KeypressContext.test.tsx" time="0">
            <failure message="Failed to resolve entry for package &quot;@qwen-code/qwen-code-core&quot;. The package may have incorrect main/module/exports specified in its package.json." type="Error">
Error: Failed to resolve entry for package &quot;@qwen-code/qwen-code-core&quot;. The package may have incorrect main/module/exports specified in its package.json.
  Plugin: vite:import-analysis
  File: /home/atmandk/LowCal-dev/packages/cli/src/ui/contexts/KeypressContext.tsx:11:7
  8  |    KittySequenceOverflowEvent,
  9  |    logKittySequenceOverflow
  10 |  } from &quot;@qwen-code/qwen-code-core&quot;;
     |          ^
  11 |  import { useStdin } from &quot;ink&quot;;
  12 |  import {
 ❯ packageEntryFailure ../../node_modules/vite/dist/node/chunks/dep-Bsx9IwL8.js:12218:32
 ❯ resolvePackageEntry ../../node_modules/vite/dist/node/chunks/dep-Bsx9IwL8.js:12215:2
 ❯ tryNodeResolve ../../node_modules/vite/dist/node/chunks/dep-Bsx9IwL8.js:12116:17
 ❯ ResolveIdContext.resolveId ../../node_modules/vite/dist/node/chunks/dep-Bsx9IwL8.js:11955:15
 ❯ EnvironmentPluginContainer.resolveId ../../node_modules/vite/dist/node/chunks/dep-Bsx9IwL8.js:31194:56
 ❯ TransformPluginContext.resolve ../../node_modules/vite/dist/node/chunks/dep-Bsx9IwL8.js:31376:13
 ❯ normalizeUrl ../../node_modules/vite/dist/node/chunks/dep-Bsx9IwL8.js:29984:22
 ❯ ../../node_modules/vite/dist/node/chunks/dep-Bsx9IwL8.js:30050:32
            </failure>
        </testcase>
    </testsuite>
    <testsuite name="src/ui/contexts/SessionContext.test.tsx" timestamp="2025-10-09T15:50:07.853Z" hostname="uby" tests="1" failures="1" errors="0" skipped="0" time="0">
        <testcase classname="src/ui/contexts/SessionContext.test.tsx" name="src/ui/contexts/SessionContext.test.tsx" time="0">
            <failure message="Failed to resolve entry for package &quot;@qwen-code/qwen-code-core&quot;. The package may have incorrect main/module/exports specified in its package.json." type="Error">
Error: Failed to resolve entry for package &quot;@qwen-code/qwen-code-core&quot;. The package may have incorrect main/module/exports specified in its package.json.
  Plugin: vite:import-analysis
  File: /home/atmandk/LowCal-dev/packages/cli/src/ui/contexts/SessionContext.test.tsx:14:35
  11 |  import { SessionStatsProvider, useSessionStats } from &quot;./SessionContext.js&quot;;
  12 |  import { describe, it, expect, vi } from &quot;vitest&quot;;
  13 |  import { uiTelemetryService } from &quot;@qwen-code/qwen-code-core&quot;;
     |                                      ^
  14 |  const TestHarness = ({
  15 |    contextRef
 ❯ packageEntryFailure ../../node_modules/vite/dist/node/chunks/dep-Bsx9IwL8.js:12218:32
 ❯ resolvePackageEntry ../../node_modules/vite/dist/node/chunks/dep-Bsx9IwL8.js:12215:2
 ❯ tryNodeResolve ../../node_modules/vite/dist/node/chunks/dep-Bsx9IwL8.js:12116:17
 ❯ ResolveIdContext.resolveId ../../node_modules/vite/dist/node/chunks/dep-Bsx9IwL8.js:11955:15
 ❯ EnvironmentPluginContainer.resolveId ../../node_modules/vite/dist/node/chunks/dep-Bsx9IwL8.js:31194:56
 ❯ TransformPluginContext.resolve ../../node_modules/vite/dist/node/chunks/dep-Bsx9IwL8.js:31376:13
 ❯ normalizeUrl ../../node_modules/vite/dist/node/chunks/dep-Bsx9IwL8.js:29984:22
 ❯ ../../node_modules/vite/dist/node/chunks/dep-Bsx9IwL8.js:30050:32
            </failure>
        </testcase>
    </testsuite>
    <testsuite name="src/ui/hooks/atCommandProcessor.test.ts" timestamp="2025-10-09T15:50:07.853Z" hostname="uby" tests="1" failures="1" errors="0" skipped="0" time="0">
        <testcase classname="src/ui/hooks/atCommandProcessor.test.ts" name="src/ui/hooks/atCommandProcessor.test.ts" time="0">
            <failure message="Failed to resolve entry for package &quot;@qwen-code/qwen-code-core&quot;. The package may have incorrect main/module/exports specified in its package.json." type="Error">
Error: Failed to resolve entry for package &quot;@qwen-code/qwen-code-core&quot;. The package may have incorrect main/module/exports specified in its package.json.
  Plugin: vite:import-analysis
  File: /home/atmandk/LowCal-dev/packages/cli/src/ui/hooks/atCommandProcessor.test.ts:19:7
  14 |    COMMON_IGNORE_PATTERNS,
  15 |    DEFAULT_FILE_EXCLUDES
  16 |  } from &quot;@qwen-code/qwen-code-core&quot;;
     |          ^
  17 |  import * as os from &quot;node:os&quot;;
  18 |  import { ToolCallStatus } from &quot;../types.js&quot;;
 ❯ packageEntryFailure ../../node_modules/vite/dist/node/chunks/dep-Bsx9IwL8.js:12218:32
 ❯ resolvePackageEntry ../../node_modules/vite/dist/node/chunks/dep-Bsx9IwL8.js:12215:2
 ❯ tryNodeResolve ../../node_modules/vite/dist/node/chunks/dep-Bsx9IwL8.js:12116:17
 ❯ ResolveIdContext.resolveId ../../node_modules/vite/dist/node/chunks/dep-Bsx9IwL8.js:11955:15
 ❯ EnvironmentPluginContainer.resolveId ../../node_modules/vite/dist/node/chunks/dep-Bsx9IwL8.js:31194:56
 ❯ TransformPluginContext.resolve ../../node_modules/vite/dist/node/chunks/dep-Bsx9IwL8.js:31376:13
 ❯ normalizeUrl ../../node_modules/vite/dist/node/chunks/dep-Bsx9IwL8.js:29984:22
 ❯ ../../node_modules/vite/dist/node/chunks/dep-Bsx9IwL8.js:30050:32
            </failure>
        </testcase>
    </testsuite>
    <testsuite name="src/ui/hooks/shellCommandProcessor.test.ts" timestamp="2025-10-09T15:50:07.853Z" hostname="uby" tests="1" failures="1" errors="0" skipped="0" time="0">
        <testcase classname="src/ui/hooks/shellCommandProcessor.test.ts" name="src/ui/hooks/shellCommandProcessor.test.ts" time="0">
            <failure message="Failed to resolve entry for package &quot;@qwen-code/qwen-code-core&quot;. The package may have incorrect main/module/exports specified in its package.json." type="Error">
Error: Failed to resolve entry for package &quot;@qwen-code/qwen-code-core&quot;. The package may have incorrect main/module/exports specified in its package.json.
  Plugin: vite:import-analysis
  File: /home/atmandk/LowCal-dev/packages/cli/src/ui/hooks/shellCommandProcessor.test.ts:38:0
  15 |  const __vi_import_0__ = await import(&quot;@testing-library/react&quot;);
  16 |  const __vi_import_1__ = await import(&quot;./shellCommandProcessor.js&quot;);
  17 |  const __vi_import_2__ = await import(&quot;@qwen-code/qwen-code-core&quot;);
     |                                       ^
  18 |  const __vi_import_3__ = await import(&quot;node:fs&quot;);
  19 |  const __vi_import_4__ = await import(&quot;node:os&quot;);
 ❯ packageEntryFailure ../../node_modules/vite/dist/node/chunks/dep-Bsx9IwL8.js:12218:32
 ❯ resolvePackageEntry ../../node_modules/vite/dist/node/chunks/dep-Bsx9IwL8.js:12215:2
 ❯ tryNodeResolve ../../node_modules/vite/dist/node/chunks/dep-Bsx9IwL8.js:12116:17
 ❯ ResolveIdContext.resolveId ../../node_modules/vite/dist/node/chunks/dep-Bsx9IwL8.js:11955:15
 ❯ EnvironmentPluginContainer.resolveId ../../node_modules/vite/dist/node/chunks/dep-Bsx9IwL8.js:31194:56
 ❯ TransformPluginContext.resolve ../../node_modules/vite/dist/node/chunks/dep-Bsx9IwL8.js:31376:13
 ❯ normalizeUrl ../../node_modules/vite/dist/node/chunks/dep-Bsx9IwL8.js:29984:22
 ❯ ../../node_modules/vite/dist/node/chunks/dep-Bsx9IwL8.js:30050:32
            </failure>
        </testcase>
    </testsuite>
    <testsuite name="src/ui/hooks/slashCommandProcessor.test.ts" timestamp="2025-10-09T15:50:07.853Z" hostname="uby" tests="1" failures="1" errors="0" skipped="0" time="0">
        <testcase classname="src/ui/hooks/slashCommandProcessor.test.ts" name="src/ui/hooks/slashCommandProcessor.test.ts" time="0">
            <failure message="Failed to resolve entry for package &quot;@qwen-code/qwen-code-core&quot;. The package may have incorrect main/module/exports specified in its package.json." type="Error">
Error: Failed to resolve entry for package &quot;@qwen-code/qwen-code-core&quot;. The package may have incorrect main/module/exports specified in its package.json.
  Plugin: vite:import-analysis
  File: /home/atmandk/LowCal-dev/packages/cli/src/ui/hooks/slashCommandProcessor.test.ts:85:0
  55 |  const __vi_import_5__ = await import(&quot;../../services/FileCommandLoader.js&quot;);
  56 |  const __vi_import_6__ = await import(&quot;../../services/McpPromptLoader.js&quot;);
  57 |  const __vi_import_7__ = await import(&quot;@qwen-code/qwen-code-core&quot;);
     |                                       ^
  58 |  const __vi_import_8__ = await import(&quot;../../test-utils/mockLoggingController.js&quot;);
  59 |  /**
 ❯ packageEntryFailure ../../node_modules/vite/dist/node/chunks/dep-Bsx9IwL8.js:12218:32
 ❯ resolvePackageEntry ../../node_modules/vite/dist/node/chunks/dep-Bsx9IwL8.js:12215:2
 ❯ tryNodeResolve ../../node_modules/vite/dist/node/chunks/dep-Bsx9IwL8.js:12116:17
 ❯ ResolveIdContext.resolveId ../../node_modules/vite/dist/node/chunks/dep-Bsx9IwL8.js:11955:15
 ❯ EnvironmentPluginContainer.resolveId ../../node_modules/vite/dist/node/chunks/dep-Bsx9IwL8.js:31194:56
 ❯ TransformPluginContext.resolve ../../node_modules/vite/dist/node/chunks/dep-Bsx9IwL8.js:31376:13
 ❯ normalizeUrl ../../node_modules/vite/dist/node/chunks/dep-Bsx9IwL8.js:29984:22
 ❯ ../../node_modules/vite/dist/node/chunks/dep-Bsx9IwL8.js:30050:32
            </failure>
        </testcase>
    </testsuite>
    <testsuite name="src/ui/hooks/useAtCompletion.test.ts" timestamp="2025-10-09T15:50:07.854Z" hostname="uby" tests="1" failures="1" errors="0" skipped="0" time="0">
        <testcase classname="src/ui/hooks/useAtCompletion.test.ts" name="src/ui/hooks/useAtCompletion.test.ts" time="0">
            <failure message="Failed to resolve entry for package &quot;@qwen-code/qwen-code-core&quot;. The package may have incorrect main/module/exports specified in its package.json." type="Error">
Error: Failed to resolve entry for package &quot;@qwen-code/qwen-code-core&quot;. The package may have incorrect main/module/exports specified in its package.json.
  Plugin: vite:import-analysis
  File: /home/atmandk/LowCal-dev/packages/cli/src/ui/hooks/useAtCompletion.test.ts:13:34
  7  |  import { renderHook, waitFor, act } from &quot;@testing-library/react&quot;;
  8  |  import { useAtCompletion } from &quot;./useAtCompletion.js&quot;;
  9  |  import { FileSearchFactory } from &quot;@qwen-code/qwen-code-core&quot;;
     |                                     ^
  10 |  import { createTmpDir, cleanupTmpDir } from &quot;@qwen-code/qwen-code-test-utils&quot;;
  11 |  import { useState } from &quot;react&quot;;
 ❯ packageEntryFailure ../../node_modules/vite/dist/node/chunks/dep-Bsx9IwL8.js:12218:32
 ❯ resolvePackageEntry ../../node_modules/vite/dist/node/chunks/dep-Bsx9IwL8.js:12215:2
 ❯ tryNodeResolve ../../node_modules/vite/dist/node/chunks/dep-Bsx9IwL8.js:12116:17
 ❯ ResolveIdContext.resolveId ../../node_modules/vite/dist/node/chunks/dep-Bsx9IwL8.js:11955:15
 ❯ EnvironmentPluginContainer.resolveId ../../node_modules/vite/dist/node/chunks/dep-Bsx9IwL8.js:31194:56
 ❯ TransformPluginContext.resolve ../../node_modules/vite/dist/node/chunks/dep-Bsx9IwL8.js:31376:13
 ❯ normalizeUrl ../../node_modules/vite/dist/node/chunks/dep-Bsx9IwL8.js:29984:22
 ❯ ../../node_modules/vite/dist/node/chunks/dep-Bsx9IwL8.js:30050:32
            </failure>
        </testcase>
    </testsuite>
    <testsuite name="src/ui/hooks/useAutoAcceptIndicator.test.ts" timestamp="2025-10-09T15:50:07.854Z" hostname="uby" tests="1" failures="1" errors="0" skipped="0" time="0">
        <testcase classname="src/ui/hooks/useAutoAcceptIndicator.test.ts" name="src/ui/hooks/useAutoAcceptIndicator.test.ts" time="0">
            <failure message="Failed to resolve entry for package &quot;@qwen-code/qwen-code-core&quot;. The package may have incorrect main/module/exports specified in its package.json." type="Error">
Error: Failed to resolve entry for package &quot;@qwen-code/qwen-code-core&quot;. The package may have incorrect main/module/exports specified in its package.json.
  Plugin: vite:import-analysis
  File: /home/atmandk/LowCal-dev/packages/cli/src/ui/hooks/useAutoAcceptIndicator.test.ts:20:0
  11 |  const __vi_import_0__ = await import(&quot;@testing-library/react&quot;);
  12 |  const __vi_import_1__ = await import(&quot;./useAutoAcceptIndicator.js&quot;);
  13 |  const __vi_import_2__ = await import(&quot;@qwen-code/qwen-code-core&quot;);
     |                                       ^
  14 |  const __vi_import_3__ = await import(&quot;./useKeypress.js&quot;);
  15 |  const __vi_import_4__ = await import(&quot;../types.js&quot;);
 ❯ packageEntryFailure ../../node_modules/vite/dist/node/chunks/dep-Bsx9IwL8.js:12218:32
 ❯ resolvePackageEntry ../../node_modules/vite/dist/node/chunks/dep-Bsx9IwL8.js:12215:2
 ❯ tryNodeResolve ../../node_modules/vite/dist/node/chunks/dep-Bsx9IwL8.js:12116:17
 ❯ ResolveIdContext.resolveId ../../node_modules/vite/dist/node/chunks/dep-Bsx9IwL8.js:11955:15
 ❯ EnvironmentPluginContainer.resolveId ../../node_modules/vite/dist/node/chunks/dep-Bsx9IwL8.js:31194:56
 ❯ TransformPluginContext.resolve ../../node_modules/vite/dist/node/chunks/dep-Bsx9IwL8.js:31376:13
 ❯ normalizeUrl ../../node_modules/vite/dist/node/chunks/dep-Bsx9IwL8.js:29984:22
 ❯ ../../node_modules/vite/dist/node/chunks/dep-Bsx9IwL8.js:30050:32
            </failure>
        </testcase>
    </testsuite>
    <testsuite name="src/ui/hooks/useCommandCompletion.test.ts" timestamp="2025-10-09T15:50:07.854Z" hostname="uby" tests="1" failures="1" errors="0" skipped="0" time="0">
        <testcase classname="src/ui/hooks/useCommandCompletion.test.ts" name="src/ui/hooks/useCommandCompletion.test.ts" time="0">
            <failure message="Failed to resolve entry for package &quot;@qwen-code/qwen-code-core&quot;. The package may have incorrect main/module/exports specified in its package.json." type="Error">
Error: Failed to resolve entry for package &quot;@qwen-code/qwen-code-core&quot;. The package may have incorrect main/module/exports specified in its package.json.
  Plugin: vite:import-analysis
  File: /home/atmandk/LowCal-dev/packages/cli/src/ui/components/shared/text-buffer.ts:13:29
  10 |  import { useState, useCallback, useEffect, useMemo, useReducer } from &quot;react&quot;;
  11 |  import stringWidth from &quot;string-width&quot;;
  12 |  import { unescapePath } from &quot;@qwen-code/qwen-code-core&quot;;
     |                                ^
  13 |  import {
  14 |    toCodePoints,
 ❯ packageEntryFailure ../../node_modules/vite/dist/node/chunks/dep-Bsx9IwL8.js:12218:32
 ❯ resolvePackageEntry ../../node_modules/vite/dist/node/chunks/dep-Bsx9IwL8.js:12215:2
 ❯ tryNodeResolve ../../node_modules/vite/dist/node/chunks/dep-Bsx9IwL8.js:12116:17
 ❯ ResolveIdContext.resolveId ../../node_modules/vite/dist/node/chunks/dep-Bsx9IwL8.js:11955:15
 ❯ EnvironmentPluginContainer.resolveId ../../node_modules/vite/dist/node/chunks/dep-Bsx9IwL8.js:31194:56
 ❯ TransformPluginContext.resolve ../../node_modules/vite/dist/node/chunks/dep-Bsx9IwL8.js:31376:13
 ❯ normalizeUrl ../../node_modules/vite/dist/node/chunks/dep-Bsx9IwL8.js:29984:22
 ❯ ../../node_modules/vite/dist/node/chunks/dep-Bsx9IwL8.js:30050:32
            </failure>
        </testcase>
    </testsuite>
    <testsuite name="src/ui/hooks/useConsoleMessages.test.ts" timestamp="2025-10-09T15:50:07.854Z" hostname="uby" tests="7" failures="0" errors="0" skipped="0" time="0.050278344">
        <testcase classname="src/ui/hooks/useConsoleMessages.test.ts" name="useConsoleMessages &gt; should initialize with an empty array of console messages" time="0.018723765">
        </testcase>
        <testcase classname="src/ui/hooks/useConsoleMessages.test.ts" name="useConsoleMessages &gt; should add a new message when log is called" time="0.008110079">
        </testcase>
        <testcase classname="src/ui/hooks/useConsoleMessages.test.ts" name="useConsoleMessages &gt; should batch and count identical consecutive messages" time="0.005550408">
        </testcase>
        <testcase classname="src/ui/hooks/useConsoleMessages.test.ts" name="useConsoleMessages &gt; should not batch different messages" time="0.003711048">
        </testcase>
        <testcase classname="src/ui/hooks/useConsoleMessages.test.ts" name="useConsoleMessages &gt; should clear all messages when clearConsoleMessages is called" time="0.006385211">
        </testcase>
        <testcase classname="src/ui/hooks/useConsoleMessages.test.ts" name="useConsoleMessages &gt; should clear the pending timeout when clearConsoleMessages is called" time="0.003623346">
        </testcase>
        <testcase classname="src/ui/hooks/useConsoleMessages.test.ts" name="useConsoleMessages &gt; should clean up the timeout on unmount" time="0.001599466">
        </testcase>
    </testsuite>
    <testsuite name="src/ui/hooks/useEditorSettings.test.ts" timestamp="2025-10-09T15:50:07.855Z" hostname="uby" tests="1" failures="1" errors="0" skipped="0" time="0">
        <testcase classname="src/ui/hooks/useEditorSettings.test.ts" name="src/ui/hooks/useEditorSettings.test.ts" time="0">
            <failure message="Failed to resolve entry for package &quot;@qwen-code/qwen-code-core&quot;. The package may have incorrect main/module/exports specified in its package.json." type="Error">
Error: Failed to resolve entry for package &quot;@qwen-code/qwen-code-core&quot;. The package may have incorrect main/module/exports specified in its package.json.
  Plugin: vite:import-analysis
  File: /home/atmandk/LowCal-dev/packages/cli/src/ui/hooks/useEditorSettings.test.ts:22:0
  12 |  const __vi_import_3__ = await import(&quot;../../config/settings.js&quot;);
  13 |  const __vi_import_4__ = await import(&quot;../types.js&quot;);
  14 |  const __vi_import_5__ = await import(&quot;@qwen-code/qwen-code-core&quot;);
     |                                       ^
  15 |  /**
  16 |   * @license
 ❯ packageEntryFailure ../../node_modules/vite/dist/node/chunks/dep-Bsx9IwL8.js:12218:32
 ❯ resolvePackageEntry ../../node_modules/vite/dist/node/chunks/dep-Bsx9IwL8.js:12215:2
 ❯ tryNodeResolve ../../node_modules/vite/dist/node/chunks/dep-Bsx9IwL8.js:12116:17
 ❯ ResolveIdContext.resolveId ../../node_modules/vite/dist/node/chunks/dep-Bsx9IwL8.js:11955:15
 ❯ EnvironmentPluginContainer.resolveId ../../node_modules/vite/dist/node/chunks/dep-Bsx9IwL8.js:31194:56
 ❯ TransformPluginContext.resolve ../../node_modules/vite/dist/node/chunks/dep-Bsx9IwL8.js:31376:13
 ❯ normalizeUrl ../../node_modules/vite/dist/node/chunks/dep-Bsx9IwL8.js:29984:22
 ❯ ../../node_modules/vite/dist/node/chunks/dep-Bsx9IwL8.js:30050:32
            </failure>
        </testcase>
    </testsuite>
    <testsuite name="src/ui/hooks/useFocus.test.ts" timestamp="2025-10-09T15:50:07.855Z" hostname="uby" tests="5" failures="0" errors="0" skipped="0" time="0.035349663">
        <testcase classname="src/ui/hooks/useFocus.test.ts" name="useFocus &gt; should initialize with focus and enable focus reporting" time="0.018037076">
        </testcase>
        <testcase classname="src/ui/hooks/useFocus.test.ts" name="useFocus &gt; should set isFocused to false when a focus-out event is received" time="0.004120065">
        </testcase>
        <testcase classname="src/ui/hooks/useFocus.test.ts" name="useFocus &gt; should set isFocused to true when a focus-in event is received" time="0.003827213">
        </testcase>
        <testcase classname="src/ui/hooks/useFocus.test.ts" name="useFocus &gt; should clean up and disable focus reporting on unmount" time="0.002865235">
        </testcase>
        <testcase classname="src/ui/hooks/useFocus.test.ts" name="useFocus &gt; should handle multiple focus events correctly" time="0.00485296">
        </testcase>
    </testsuite>
    <testsuite name="src/ui/hooks/useFolderTrust.test.ts" timestamp="2025-10-09T15:50:07.855Z" hostname="uby" tests="1" failures="1" errors="0" skipped="0" time="0">
        <testcase classname="src/ui/hooks/useFolderTrust.test.ts" name="src/ui/hooks/useFolderTrust.test.ts" time="0">
            <failure message="Failed to resolve entry for package &quot;@qwen-code/qwen-code-core&quot;. The package may have incorrect main/module/exports specified in its package.json." type="Error">
Error: Failed to resolve entry for package &quot;@qwen-code/qwen-code-core&quot;. The package may have incorrect main/module/exports specified in its package.json.
  Plugin: vite:import-analysis
  File: /home/atmandk/LowCal-dev/packages/cli/src/ui/contexts/KeypressContext.tsx:11:7
  8  |    KittySequenceOverflowEvent,
  9  |    logKittySequenceOverflow
  10 |  } from &quot;@qwen-code/qwen-code-core&quot;;
     |          ^
  11 |  import { useStdin } from &quot;ink&quot;;
  12 |  import {
 ❯ packageEntryFailure ../../node_modules/vite/dist/node/chunks/dep-Bsx9IwL8.js:12218:32
 ❯ resolvePackageEntry ../../node_modules/vite/dist/node/chunks/dep-Bsx9IwL8.js:12215:2
 ❯ tryNodeResolve ../../node_modules/vite/dist/node/chunks/dep-Bsx9IwL8.js:12116:17
 ❯ ResolveIdContext.resolveId ../../node_modules/vite/dist/node/chunks/dep-Bsx9IwL8.js:11955:15
 ❯ EnvironmentPluginContainer.resolveId ../../node_modules/vite/dist/node/chunks/dep-Bsx9IwL8.js:31194:56
 ❯ TransformPluginContext.resolve ../../node_modules/vite/dist/node/chunks/dep-Bsx9IwL8.js:31376:13
 ❯ normalizeUrl ../../node_modules/vite/dist/node/chunks/dep-Bsx9IwL8.js:29984:22
 ❯ ../../node_modules/vite/dist/node/chunks/dep-Bsx9IwL8.js:30050:32
            </failure>
        </testcase>
    </testsuite>
    <testsuite name="src/ui/hooks/useGeminiStream.test.tsx" timestamp="2025-10-09T15:50:07.856Z" hostname="uby" tests="1" failures="1" errors="0" skipped="0" time="0">
        <testcase classname="src/ui/hooks/useGeminiStream.test.tsx" name="src/ui/hooks/useGeminiStream.test.tsx" time="0">
            <failure message="Failed to resolve entry for package &quot;@qwen-code/qwen-code-core&quot;. The package may have incorrect main/module/exports specified in its package.json." type="Error">
Error: Failed to resolve entry for package &quot;@qwen-code/qwen-code-core&quot;. The package may have incorrect main/module/exports specified in its package.json.
  Plugin: vite:import-analysis
  File: /home/atmandk/LowCal-dev/packages/cli/src/ui/hooks/useGeminiStream.test.tsx:27:0
  87 |  const __vi_import_3__ = await import(&quot;./atCommandProcessor.js&quot;);
  88 |  const __vi_import_4__ = await import(&quot;./useReactToolScheduler.js&quot;);
  89 |  const __vi_import_5__ = await import(&quot;@qwen-code/qwen-code-core&quot;);
     |                                       ^
  90 |  const __vi_import_6__ = await import(&quot;../types.js&quot;);
  91 |  /**
 ❯ packageEntryFailure ../../node_modules/vite/dist/node/chunks/dep-Bsx9IwL8.js:12218:32
 ❯ resolvePackageEntry ../../node_modules/vite/dist/node/chunks/dep-Bsx9IwL8.js:12215:2
 ❯ tryNodeResolve ../../node_modules/vite/dist/node/chunks/dep-Bsx9IwL8.js:12116:17
 ❯ ResolveIdContext.resolveId ../../node_modules/vite/dist/node/chunks/dep-Bsx9IwL8.js:11955:15
 ❯ EnvironmentPluginContainer.resolveId ../../node_modules/vite/dist/node/chunks/dep-Bsx9IwL8.js:31194:56
 ❯ TransformPluginContext.resolve ../../node_modules/vite/dist/node/chunks/dep-Bsx9IwL8.js:31376:13
 ❯ normalizeUrl ../../node_modules/vite/dist/node/chunks/dep-Bsx9IwL8.js:29984:22
 ❯ ../../node_modules/vite/dist/node/chunks/dep-Bsx9IwL8.js:30050:32
            </failure>
        </testcase>
    </testsuite>
    <testsuite name="src/ui/hooks/useGitBranchName.test.ts" timestamp="2025-10-09T15:50:07.856Z" hostname="uby" tests="7" failures="0" errors="0" skipped="2" time="0.05124457">
        <testcase classname="src/ui/hooks/useGitBranchName.test.ts" name="useGitBranchName &gt; should return branch name" time="0.029334035">
        </testcase>
        <testcase classname="src/ui/hooks/useGitBranchName.test.ts" name="useGitBranchName &gt; should return undefined if git command fails" time="0.003625311">
        </testcase>
        <testcase classname="src/ui/hooks/useGitBranchName.test.ts" name="useGitBranchName &gt; should return short commit hash if branch is HEAD (detached state)" time="0.004399571">
        </testcase>
        <testcase classname="src/ui/hooks/useGitBranchName.test.ts" name="useGitBranchName &gt; should return undefined if branch is HEAD and getting commit hash fails" time="0.003320496">
        </testcase>
        <testcase classname="src/ui/hooks/useGitBranchName.test.ts" name="useGitBranchName &gt; should update branch name when .git/HEAD changes" time="0.000825545">
            <skipped/>
        </testcase>
        <testcase classname="src/ui/hooks/useGitBranchName.test.ts" name="useGitBranchName &gt; should handle watcher setup error silently" time="0.007580891">
        </testcase>
        <testcase classname="src/ui/hooks/useGitBranchName.test.ts" name="useGitBranchName &gt; should cleanup watcher on unmount" time="0.000531913">
            <skipped/>
        </testcase>
    </testsuite>
    <testsuite name="src/ui/hooks/useHistoryManager.test.ts" timestamp="2025-10-09T15:50:07.856Z" hostname="uby" tests="8" failures="0" errors="0" skipped="0" time="0.039804466">
        <testcase classname="src/ui/hooks/useHistoryManager.test.ts" name="useHistoryManager &gt; should initialize with an empty history" time="0.016528218">
        </testcase>
        <testcase classname="src/ui/hooks/useHistoryManager.test.ts" name="useHistoryManager &gt; should add an item to history with a unique ID" time="0.004694376">
        </testcase>
        <testcase classname="src/ui/hooks/useHistoryManager.test.ts" name="useHistoryManager &gt; should generate unique IDs for items added with the same base timestamp" time="0.002458013">
        </testcase>
        <testcase classname="src/ui/hooks/useHistoryManager.test.ts" name="useHistoryManager &gt; should update an existing history item" time="0.003099849">
        </testcase>
        <testcase classname="src/ui/hooks/useHistoryManager.test.ts" name="useHistoryManager &gt; should not change history if updateHistoryItem is called with a nonexistent ID" time="0.004861385">
        </testcase>
        <testcase classname="src/ui/hooks/useHistoryManager.test.ts" name="useHistoryManager &gt; should clear the history" time="0.002087949">
        </testcase>
        <testcase classname="src/ui/hooks/useHistoryManager.test.ts" name="useHistoryManager &gt; should not add consecutive duplicate user messages" time="0.002427237">
        </testcase>
        <testcase classname="src/ui/hooks/useHistoryManager.test.ts" name="useHistoryManager &gt; should add duplicate user messages if they are not consecutive" time="0.001662312">
        </testcase>
    </testsuite>
    <testsuite name="src/ui/hooks/useInputHistory.test.ts" timestamp="2025-10-09T15:50:07.857Z" hostname="uby" tests="11" failures="0" errors="0" skipped="0" time="0.038698753">
        <testcase classname="src/ui/hooks/useInputHistory.test.ts" name="useInputHistory &gt; should initialize with historyIndex -1 and empty originalQueryBeforeNav" time="0.014313654">
        </testcase>
        <testcase classname="src/ui/hooks/useInputHistory.test.ts" name="useInputHistory &gt; handleSubmit &gt; should call onSubmit with trimmed value and reset history" time="0.003855946">
        </testcase>
        <testcase classname="src/ui/hooks/useInputHistory.test.ts" name="useInputHistory &gt; handleSubmit &gt; should not call onSubmit if value is empty after trimming" time="0.002831884">
        </testcase>
        <testcase classname="src/ui/hooks/useInputHistory.test.ts" name="useInputHistory &gt; navigateUp &gt; should not navigate if isActive is false" time="0.001654879">
        </testcase>
        <testcase classname="src/ui/hooks/useInputHistory.test.ts" name="useInputHistory &gt; navigateUp &gt; should not navigate if userMessages is empty" time="0.002406368">
        </testcase>
        <testcase classname="src/ui/hooks/useInputHistory.test.ts" name="useInputHistory &gt; navigateUp &gt; should call onChange with the last message when navigating up from initial state" time="0.002307514">
        </testcase>
        <testcase classname="src/ui/hooks/useInputHistory.test.ts" name="useInputHistory &gt; navigateUp &gt; should store currentQuery as originalQueryBeforeNav on first navigateUp" time="0.001617439">
        </testcase>
        <testcase classname="src/ui/hooks/useInputHistory.test.ts" name="useInputHistory &gt; navigateUp &gt; should navigate through history messages on subsequent navigateUp calls" time="0.001534576">
        </testcase>
        <testcase classname="src/ui/hooks/useInputHistory.test.ts" name="useInputHistory &gt; navigateDown &gt; should not navigate if isActive is false" time="0.003044406">
        </testcase>
        <testcase classname="src/ui/hooks/useInputHistory.test.ts" name="useInputHistory &gt; navigateDown &gt; should not navigate if historyIndex is -1 (not in history navigation)" time="0.001519127">
        </testcase>
        <testcase classname="src/ui/hooks/useInputHistory.test.ts" name="useInputHistory &gt; navigateDown &gt; should restore originalQueryBeforeNav when navigating down to initial state" time="0.001472772">
        </testcase>
    </testsuite>
    <testsuite name="src/ui/hooks/useKeypress.test.ts" timestamp="2025-10-09T15:50:07.857Z" hostname="uby" tests="1" failures="1" errors="0" skipped="0" time="0">
        <testcase classname="src/ui/hooks/useKeypress.test.ts" name="src/ui/hooks/useKeypress.test.ts" time="0">
            <failure message="Failed to resolve entry for package &quot;@qwen-code/qwen-code-core&quot;. The package may have incorrect main/module/exports specified in its package.json." type="Error">
Error: Failed to resolve entry for package &quot;@qwen-code/qwen-code-core&quot;. The package may have incorrect main/module/exports specified in its package.json.
  Plugin: vite:import-analysis
  File: /home/atmandk/LowCal-dev/packages/cli/src/ui/contexts/KeypressContext.tsx:11:7
  8  |    KittySequenceOverflowEvent,
  9  |    logKittySequenceOverflow
  10 |  } from &quot;@qwen-code/qwen-code-core&quot;;
     |          ^
  11 |  import { useStdin } from &quot;ink&quot;;
  12 |  import {
 ❯ packageEntryFailure ../../node_modules/vite/dist/node/chunks/dep-Bsx9IwL8.js:12218:32
 ❯ resolvePackageEntry ../../node_modules/vite/dist/node/chunks/dep-Bsx9IwL8.js:12215:2
 ❯ tryNodeResolve ../../node_modules/vite/dist/node/chunks/dep-Bsx9IwL8.js:12116:17
 ❯ ResolveIdContext.resolveId ../../node_modules/vite/dist/node/chunks/dep-Bsx9IwL8.js:11955:15
 ❯ EnvironmentPluginContainer.resolveId ../../node_modules/vite/dist/node/chunks/dep-Bsx9IwL8.js:31194:56
 ❯ TransformPluginContext.resolve ../../node_modules/vite/dist/node/chunks/dep-Bsx9IwL8.js:31376:13
 ❯ normalizeUrl ../../node_modules/vite/dist/node/chunks/dep-Bsx9IwL8.js:29984:22
 ❯ ../../node_modules/vite/dist/node/chunks/dep-Bsx9IwL8.js:30050:32
            </failure>
        </testcase>
    </testsuite>
    <testsuite name="src/ui/hooks/useLoadingIndicator.test.ts" timestamp="2025-10-09T15:50:07.857Z" hostname="uby" tests="5" failures="0" errors="0" skipped="0" time="0.04735418">
        <testcase classname="src/ui/hooks/useLoadingIndicator.test.ts" name="useLoadingIndicator &gt; should initialize with default values when Idle" time="0.019349852">
        </testcase>
        <testcase classname="src/ui/hooks/useLoadingIndicator.test.ts" name="useLoadingIndicator &gt; should reflect values when Responding" time="0.007747249">
        </testcase>
        <testcase classname="src/ui/hooks/useLoadingIndicator.test.ts" name="useLoadingIndicator &gt; should show waiting phrase and retain elapsedTime when WaitingForConfirmation" time="0.006311786">
        </testcase>
        <testcase classname="src/ui/hooks/useLoadingIndicator.test.ts" name="useLoadingIndicator &gt; should reset elapsedTime and use a witty phrase when transitioning from WaitingForConfirmation to Responding" time="0.006251855">
        </testcase>
        <testcase classname="src/ui/hooks/useLoadingIndicator.test.ts" name="useLoadingIndicator &gt; should reset timer and phrase when streamingState changes from Responding to Idle" time="0.006016169">
        </testcase>
    </testsuite>
    <testsuite name="src/ui/hooks/useMessageQueue.test.ts" timestamp="2025-10-09T15:50:07.858Z" hostname="uby" tests="9" failures="0" errors="0" skipped="0" time="0.051409134">
        <testcase classname="src/ui/hooks/useMessageQueue.test.ts" name="useMessageQueue &gt; should initialize with empty queue" time="0.021682033">
        </testcase>
        <testcase classname="src/ui/hooks/useMessageQueue.test.ts" name="useMessageQueue &gt; should add messages to queue" time="0.00485352">
        </testcase>
        <testcase classname="src/ui/hooks/useMessageQueue.test.ts" name="useMessageQueue &gt; should filter out empty messages" time="0.002696454">
        </testcase>
        <testcase classname="src/ui/hooks/useMessageQueue.test.ts" name="useMessageQueue &gt; should clear queue" time="0.003215403">
        </testcase>
        <testcase classname="src/ui/hooks/useMessageQueue.test.ts" name="useMessageQueue &gt; should return queued messages as text with double newlines" time="0.004677094">
        </testcase>
        <testcase classname="src/ui/hooks/useMessageQueue.test.ts" name="useMessageQueue &gt; should auto-submit queued messages when transitioning to Idle" time="0.003545643">
        </testcase>
        <testcase classname="src/ui/hooks/useMessageQueue.test.ts" name="useMessageQueue &gt; should not auto-submit when queue is empty" time="0.002042184">
        </testcase>
        <testcase classname="src/ui/hooks/useMessageQueue.test.ts" name="useMessageQueue &gt; should not auto-submit when not transitioning to Idle" time="0.001879764">
        </testcase>
        <testcase classname="src/ui/hooks/useMessageQueue.test.ts" name="useMessageQueue &gt; should handle multiple state transitions correctly" time="0.003637032">
        </testcase>
    </testsuite>
    <testsuite name="src/ui/hooks/usePhraseCycler.test.ts" timestamp="2025-10-09T15:50:07.858Z" hostname="uby" tests="7" failures="0" errors="0" skipped="0" time="0.041040421">
        <testcase classname="src/ui/hooks/usePhraseCycler.test.ts" name="usePhraseCycler &gt; should initialize with the first witty phrase when not active and not waiting" time="0.016879867">
        </testcase>
        <testcase classname="src/ui/hooks/usePhraseCycler.test.ts" name="usePhraseCycler &gt; should show &quot;Waiting for user confirmation...&quot; when isWaiting is true" time="0.004158366">
        </testcase>
        <testcase classname="src/ui/hooks/usePhraseCycler.test.ts" name="usePhraseCycler &gt; should not cycle phrases if isActive is false and not waiting" time="0.002991178">
        </testcase>
        <testcase classname="src/ui/hooks/usePhraseCycler.test.ts" name="usePhraseCycler &gt; should cycle through witty phrases when isActive is true and not waiting" time="0.003679911">
        </testcase>
        <testcase classname="src/ui/hooks/usePhraseCycler.test.ts" name="usePhraseCycler &gt; should reset to a witty phrase when isActive becomes true after being false (and not waiting)" time="0.00635173">
        </testcase>
        <testcase classname="src/ui/hooks/usePhraseCycler.test.ts" name="usePhraseCycler &gt; should clear phrase interval on unmount when active" time="0.002257763">
        </testcase>
        <testcase classname="src/ui/hooks/usePhraseCycler.test.ts" name="usePhraseCycler &gt; should reset to a witty phrase when transitioning from waiting to active" time="0.002955322">
        </testcase>
    </testsuite>
    <testsuite name="src/ui/hooks/usePrivacySettings.test.ts" timestamp="2025-10-09T15:50:07.858Z" hostname="uby" tests="1" failures="1" errors="0" skipped="0" time="0">
        <testcase classname="src/ui/hooks/usePrivacySettings.test.ts" name="src/ui/hooks/usePrivacySettings.test.ts" time="0">
            <failure message="Failed to resolve entry for package &quot;@qwen-code/qwen-code-core&quot;. The package may have incorrect main/module/exports specified in its package.json." type="Error">
Error: Failed to resolve entry for package &quot;@qwen-code/qwen-code-core&quot;. The package may have incorrect main/module/exports specified in its package.json.
  Plugin: vite:import-analysis
  File: /home/atmandk/LowCal-dev/packages/cli/src/ui/hooks/usePrivacySettings.test.ts:14:0
  26 |  });
  27 |  const __vi_import_0__ = await import(&quot;@testing-library/react&quot;);
  28 |  const __vi_import_1__ = await import(&quot;@qwen-code/qwen-code-core&quot;);
     |                                       ^
  29 |  const __vi_import_2__ = await import(&quot;./usePrivacySettings.js&quot;);
  30 |  /**
 ❯ packageEntryFailure ../../node_modules/vite/dist/node/chunks/dep-Bsx9IwL8.js:12218:32
 ❯ resolvePackageEntry ../../node_modules/vite/dist/node/chunks/dep-Bsx9IwL8.js:12215:2
 ❯ tryNodeResolve ../../node_modules/vite/dist/node/chunks/dep-Bsx9IwL8.js:12116:17
 ❯ ResolveIdContext.resolveId ../../node_modules/vite/dist/node/chunks/dep-Bsx9IwL8.js:11955:15
 ❯ EnvironmentPluginContainer.resolveId ../../node_modules/vite/dist/node/chunks/dep-Bsx9IwL8.js:31194:56
 ❯ TransformPluginContext.resolve ../../node_modules/vite/dist/node/chunks/dep-Bsx9IwL8.js:31376:13
 ❯ normalizeUrl ../../node_modules/vite/dist/node/chunks/dep-Bsx9IwL8.js:29984:22
 ❯ ../../node_modules/vite/dist/node/chunks/dep-Bsx9IwL8.js:30050:32
            </failure>
        </testcase>
    </testsuite>
    <testsuite name="src/ui/hooks/useQwenAuth.test.ts" timestamp="2025-10-09T15:50:07.858Z" hostname="uby" tests="1" failures="1" errors="0" skipped="0" time="0">
        <testcase classname="src/ui/hooks/useQwenAuth.test.ts" name="src/ui/hooks/useQwenAuth.test.ts" time="0">
            <failure message="Failed to resolve entry for package &quot;@qwen-code/qwen-code-core&quot;. The package may have incorrect main/module/exports specified in its package.json." type="Error">
Error: Failed to resolve entry for package &quot;@qwen-code/qwen-code-core&quot;. The package may have incorrect main/module/exports specified in its package.json.
  Plugin: vite:import-analysis
  File: /home/atmandk/LowCal-dev/packages/cli/src/ui/hooks/useQwenAuth.test.ts:11:0
  17 |  const __vi_import_0__ = await import(&quot;@testing-library/react&quot;);
  18 |  const __vi_import_1__ = await import(&quot;./useQwenAuth.js&quot;);
  19 |  const __vi_import_2__ = await import(&quot;@qwen-code/qwen-code-core&quot;);
     |                                       ^
  20 |  /**
  21 |   * @license
 ❯ packageEntryFailure ../../node_modules/vite/dist/node/chunks/dep-Bsx9IwL8.js:12218:32
 ❯ resolvePackageEntry ../../node_modules/vite/dist/node/chunks/dep-Bsx9IwL8.js:12215:2
 ❯ tryNodeResolve ../../node_modules/vite/dist/node/chunks/dep-Bsx9IwL8.js:12116:17
 ❯ ResolveIdContext.resolveId ../../node_modules/vite/dist/node/chunks/dep-Bsx9IwL8.js:11955:15
 ❯ EnvironmentPluginContainer.resolveId ../../node_modules/vite/dist/node/chunks/dep-Bsx9IwL8.js:31194:56
 ❯ TransformPluginContext.resolve ../../node_modules/vite/dist/node/chunks/dep-Bsx9IwL8.js:31376:13
 ❯ normalizeUrl ../../node_modules/vite/dist/node/chunks/dep-Bsx9IwL8.js:29984:22
 ❯ ../../node_modules/vite/dist/node/chunks/dep-Bsx9IwL8.js:30050:32
            </failure>
        </testcase>
    </testsuite>
    <testsuite name="src/ui/hooks/useReverseSearchCompletion.test.tsx" timestamp="2025-10-09T15:50:07.859Z" hostname="uby" tests="1" failures="1" errors="0" skipped="0" time="0">
        <testcase classname="src/ui/hooks/useReverseSearchCompletion.test.tsx" name="src/ui/hooks/useReverseSearchCompletion.test.tsx" time="0">
            <failure message="Failed to resolve entry for package &quot;@qwen-code/qwen-code-core&quot;. The package may have incorrect main/module/exports specified in its package.json." type="Error">
Error: Failed to resolve entry for package &quot;@qwen-code/qwen-code-core&quot;. The package may have incorrect main/module/exports specified in its package.json.
  Plugin: vite:import-analysis
  File: /home/atmandk/LowCal-dev/packages/cli/src/ui/components/shared/text-buffer.ts:13:29
  10 |  import { useState, useCallback, useEffect, useMemo, useReducer } from &quot;react&quot;;
  11 |  import stringWidth from &quot;string-width&quot;;
  12 |  import { unescapePath } from &quot;@qwen-code/qwen-code-core&quot;;
     |                                ^
  13 |  import {
  14 |    toCodePoints,
 ❯ packageEntryFailure ../../node_modules/vite/dist/node/chunks/dep-Bsx9IwL8.js:12218:32
 ❯ resolvePackageEntry ../../node_modules/vite/dist/node/chunks/dep-Bsx9IwL8.js:12215:2
 ❯ tryNodeResolve ../../node_modules/vite/dist/node/chunks/dep-Bsx9IwL8.js:12116:17
 ❯ ResolveIdContext.resolveId ../../node_modules/vite/dist/node/chunks/dep-Bsx9IwL8.js:11955:15
 ❯ EnvironmentPluginContainer.resolveId ../../node_modules/vite/dist/node/chunks/dep-Bsx9IwL8.js:31194:56
 ❯ TransformPluginContext.resolve ../../node_modules/vite/dist/node/chunks/dep-Bsx9IwL8.js:31376:13
 ❯ normalizeUrl ../../node_modules/vite/dist/node/chunks/dep-Bsx9IwL8.js:29984:22
 ❯ ../../node_modules/vite/dist/node/chunks/dep-Bsx9IwL8.js:30050:32
            </failure>
        </testcase>
    </testsuite>
    <testsuite name="src/ui/hooks/useShellHistory.test.ts" timestamp="2025-10-09T15:50:07.859Z" hostname="uby" tests="1" failures="1" errors="0" skipped="0" time="0">
        <testcase classname="src/ui/hooks/useShellHistory.test.ts" name="src/ui/hooks/useShellHistory.test.ts" time="0">
            <failure message="Failed to resolve entry for package &quot;@qwen-code/qwen-code-core&quot;. The package may have incorrect main/module/exports specified in its package.json." type="Error">
Error: Failed to resolve entry for package &quot;@qwen-code/qwen-code-core&quot;. The package may have incorrect main/module/exports specified in its package.json.
 ❯ packageEntryFailure ../../node_modules/vite/dist/node/chunks/dep-Bsx9IwL8.js:12218:32
 ❯ resolvePackageEntry ../../node_modules/vite/dist/node/chunks/dep-Bsx9IwL8.js:12215:2
 ❯ tryNodeResolve ../../node_modules/vite/dist/node/chunks/dep-Bsx9IwL8.js:12116:17
 ❯ ResolveIdContext.resolveId ../../node_modules/vite/dist/node/chunks/dep-Bsx9IwL8.js:11955:15
 ❯ EnvironmentPluginContainer.resolveId ../../node_modules/vite/dist/node/chunks/dep-Bsx9IwL8.js:31194:56
            </failure>
        </testcase>
    </testsuite>
    <testsuite name="src/ui/hooks/useSlashCompletion.test.ts" timestamp="2025-10-09T15:50:07.859Z" hostname="uby" tests="15" failures="0" errors="0" skipped="0" time="0.111566627">
        <testcase classname="src/ui/hooks/useSlashCompletion.test.ts" name="useSlashCompletion &gt; Top-Level Commands &gt; should suggest all top-level commands for the root slash" time="0.015248602">
        </testcase>
        <testcase classname="src/ui/hooks/useSlashCompletion.test.ts" name="useSlashCompletion &gt; Top-Level Commands &gt; should filter commands based on partial input" time="0.002212129">
        </testcase>
        <testcase classname="src/ui/hooks/useSlashCompletion.test.ts" name="useSlashCompletion &gt; Top-Level Commands &gt; should suggest commands based on partial altNames" time="0.002832334">
        </testcase>
        <testcase classname="src/ui/hooks/useSlashCompletion.test.ts" name="useSlashCompletion &gt; Top-Level Commands &gt; should NOT provide suggestions for a perfectly typed command that is a leaf node" time="0.003065856">
        </testcase>
        <testcase classname="src/ui/hooks/useSlashCompletion.test.ts" name="useSlashCompletion &gt; Top-Level Commands &gt; should not suggest commands when altNames is fully typed" time="0.001670227">
        </testcase>
        <testcase classname="src/ui/hooks/useSlashCompletion.test.ts" name="useSlashCompletion &gt; Top-Level Commands &gt; should not suggest commands when altNames is fully typed" time="0.001545857">
        </testcase>
        <testcase classname="src/ui/hooks/useSlashCompletion.test.ts" name="useSlashCompletion &gt; Top-Level Commands &gt; should not provide suggestions for a fully typed command that has no sub-commands or argument completion" time="0.001916993">
        </testcase>
        <testcase classname="src/ui/hooks/useSlashCompletion.test.ts" name="useSlashCompletion &gt; Top-Level Commands &gt; should not provide suggestions for an unknown command" time="0.001846903">
        </testcase>
        <testcase classname="src/ui/hooks/useSlashCompletion.test.ts" name="useSlashCompletion &gt; Sub-Commands &gt; should suggest sub-commands for a parent command" time="0.00293769">
        </testcase>
        <testcase classname="src/ui/hooks/useSlashCompletion.test.ts" name="useSlashCompletion &gt; Sub-Commands &gt; should suggest all sub-commands when the query ends with the parent command and a space" time="0.001664486">
        </testcase>
        <testcase classname="src/ui/hooks/useSlashCompletion.test.ts" name="useSlashCompletion &gt; Sub-Commands &gt; should filter sub-commands by prefix" time="0.001141259">
        </testcase>
        <testcase classname="src/ui/hooks/useSlashCompletion.test.ts" name="useSlashCompletion &gt; Sub-Commands &gt; should provide no suggestions for an invalid sub-command" time="0.001833188">
        </testcase>
        <testcase classname="src/ui/hooks/useSlashCompletion.test.ts" name="useSlashCompletion &gt; Argument Completion &gt; should call the command.completion function for argument suggestions" time="0.056855149">
        </testcase>
        <testcase classname="src/ui/hooks/useSlashCompletion.test.ts" name="useSlashCompletion &gt; Argument Completion &gt; should call command.completion with an empty string when args start with a space" time="0.007403483">
        </testcase>
        <testcase classname="src/ui/hooks/useSlashCompletion.test.ts" name="useSlashCompletion &gt; Argument Completion &gt; should handle completion function that returns null" time="0.00656299">
        </testcase>
    </testsuite>
    <testsuite name="src/ui/hooks/useTimer.test.ts" timestamp="2025-10-09T15:50:07.860Z" hostname="uby" tests="8" failures="0" errors="0" skipped="0" time="0.040004185">
        <testcase classname="src/ui/hooks/useTimer.test.ts" name="useTimer &gt; should initialize with 0" time="0.018962195">
        </testcase>
        <testcase classname="src/ui/hooks/useTimer.test.ts" name="useTimer &gt; should not increment time if isActive is false" time="0.003288898">
        </testcase>
        <testcase classname="src/ui/hooks/useTimer.test.ts" name="useTimer &gt; should increment time every second if isActive is true" time="0.005193138">
        </testcase>
        <testcase classname="src/ui/hooks/useTimer.test.ts" name="useTimer &gt; should reset to 0 and start incrementing when isActive becomes true from false" time="0.002388114">
        </testcase>
        <testcase classname="src/ui/hooks/useTimer.test.ts" name="useTimer &gt; should reset to 0 when resetKey changes while active" time="0.002210996">
        </testcase>
        <testcase classname="src/ui/hooks/useTimer.test.ts" name="useTimer &gt; should be 0 if isActive is false, regardless of resetKey changes" time="0.001271119">
        </testcase>
        <testcase classname="src/ui/hooks/useTimer.test.ts" name="useTimer &gt; should clear timer on unmount" time="0.002011097">
        </testcase>
        <testcase classname="src/ui/hooks/useTimer.test.ts" name="useTimer &gt; should preserve elapsedTime when isActive becomes false, and reset to 0 when it becomes active again" time="0.002744252">
        </testcase>
    </testsuite>
    <testsuite name="src/ui/hooks/useToolScheduler.test.ts" timestamp="2025-10-09T15:50:07.860Z" hostname="uby" tests="1" failures="1" errors="0" skipped="0" time="0">
        <testcase classname="src/ui/hooks/useToolScheduler.test.ts" name="src/ui/hooks/useToolScheduler.test.ts" time="0">
            <failure message="Failed to resolve entry for package &quot;@qwen-code/qwen-code-core&quot;. The package may have incorrect main/module/exports specified in its package.json." type="Error">
Error: Failed to resolve entry for package &quot;@qwen-code/qwen-code-core&quot;. The package may have incorrect main/module/exports specified in its package.json.
  Plugin: vite:import-analysis
  File: /home/atmandk/LowCal-dev/packages/cli/src/ui/hooks/useToolScheduler.test.ts:29:0
  9  |  const __vi_import_0__ = await import(&quot;@testing-library/react&quot;);
  10 |  const __vi_import_1__ = await import(&quot;./useReactToolScheduler.js&quot;);
  11 |  const __vi_import_2__ = await import(&quot;@qwen-code/qwen-code-core&quot;);
     |                                       ^
  12 |  const __vi_import_3__ = await import(&quot;../types.js&quot;);
  13 |  /**
 ❯ packageEntryFailure ../../node_modules/vite/dist/node/chunks/dep-Bsx9IwL8.js:12218:32
 ❯ resolvePackageEntry ../../node_modules/vite/dist/node/chunks/dep-Bsx9IwL8.js:12215:2
 ❯ tryNodeResolve ../../node_modules/vite/dist/node/chunks/dep-Bsx9IwL8.js:12116:17
 ❯ ResolveIdContext.resolveId ../../node_modules/vite/dist/node/chunks/dep-Bsx9IwL8.js:11955:15
 ❯ EnvironmentPluginContainer.resolveId ../../node_modules/vite/dist/node/chunks/dep-Bsx9IwL8.js:31194:56
 ❯ TransformPluginContext.resolve ../../node_modules/vite/dist/node/chunks/dep-Bsx9IwL8.js:31376:13
 ❯ normalizeUrl ../../node_modules/vite/dist/node/chunks/dep-Bsx9IwL8.js:29984:22
 ❯ ../../node_modules/vite/dist/node/chunks/dep-Bsx9IwL8.js:30050:32
            </failure>
        </testcase>
    </testsuite>
    <testsuite name="src/ui/hooks/useVisionAutoSwitch.test.ts" timestamp="2025-10-09T15:50:07.861Z" hostname="uby" tests="1" failures="1" errors="0" skipped="0" time="0">
        <testcase classname="src/ui/hooks/useVisionAutoSwitch.test.ts" name="src/ui/hooks/useVisionAutoSwitch.test.ts" time="0">
            <failure message="Failed to resolve entry for package &quot;@qwen-code/qwen-code-core&quot;. The package may have incorrect main/module/exports specified in its package.json." type="Error">
Error: Failed to resolve entry for package &quot;@qwen-code/qwen-code-core&quot;. The package may have incorrect main/module/exports specified in its package.json.
  Plugin: vite:import-analysis
  File: /home/atmandk/LowCal-dev/packages/cli/src/ui/hooks/useVisionAutoSwitch.test.ts:11:0
  18 |  });
  19 |  const __vi_import_0__ = await import(&quot;@testing-library/react&quot;);
  20 |  const __vi_import_1__ = await import(&quot;@qwen-code/qwen-code-core&quot;);
     |                                       ^
  21 |  const __vi_import_2__ = await import(&quot;./useVisionAutoSwitch.js&quot;);
  22 |  const __vi_import_3__ = await import(&quot;../components/ModelSwitchDialog.js&quot;);
 ❯ packageEntryFailure ../../node_modules/vite/dist/node/chunks/dep-Bsx9IwL8.js:12218:32
 ❯ resolvePackageEntry ../../node_modules/vite/dist/node/chunks/dep-Bsx9IwL8.js:12215:2
 ❯ tryNodeResolve ../../node_modules/vite/dist/node/chunks/dep-Bsx9IwL8.js:12116:17
 ❯ ResolveIdContext.resolveId ../../node_modules/vite/dist/node/chunks/dep-Bsx9IwL8.js:11955:15
 ❯ EnvironmentPluginContainer.resolveId ../../node_modules/vite/dist/node/chunks/dep-Bsx9IwL8.js:31194:56
 ❯ TransformPluginContext.resolve ../../node_modules/vite/dist/node/chunks/dep-Bsx9IwL8.js:31376:13
 ❯ normalizeUrl ../../node_modules/vite/dist/node/chunks/dep-Bsx9IwL8.js:29984:22
 ❯ ../../node_modules/vite/dist/node/chunks/dep-Bsx9IwL8.js:30050:32
            </failure>
        </testcase>
    </testsuite>
    <testsuite name="src/ui/hooks/vim.test.ts" timestamp="2025-10-09T15:50:07.861Z" hostname="uby" tests="1" failures="1" errors="0" skipped="0" time="0">
        <testcase classname="src/ui/hooks/vim.test.ts" name="src/ui/hooks/vim.test.ts" time="0">
            <failure message="Failed to resolve entry for package &quot;@qwen-code/qwen-code-core&quot;. The package may have incorrect main/module/exports specified in its package.json." type="Error">
Error: Failed to resolve entry for package &quot;@qwen-code/qwen-code-core&quot;. The package may have incorrect main/module/exports specified in its package.json.
  Plugin: vite:import-analysis
  File: /home/atmandk/LowCal-dev/packages/cli/src/ui/components/shared/text-buffer.ts:13:29
  10 |  import { useState, useCallback, useEffect, useMemo, useReducer } from &quot;react&quot;;
  11 |  import stringWidth from &quot;string-width&quot;;
  12 |  import { unescapePath } from &quot;@qwen-code/qwen-code-core&quot;;
     |                                ^
  13 |  import {
  14 |    toCodePoints,
 ❯ packageEntryFailure ../../node_modules/vite/dist/node/chunks/dep-Bsx9IwL8.js:12218:32
 ❯ resolvePackageEntry ../../node_modules/vite/dist/node/chunks/dep-Bsx9IwL8.js:12215:2
 ❯ tryNodeResolve ../../node_modules/vite/dist/node/chunks/dep-Bsx9IwL8.js:12116:17
 ❯ ResolveIdContext.resolveId ../../node_modules/vite/dist/node/chunks/dep-Bsx9IwL8.js:11955:15
 ❯ EnvironmentPluginContainer.resolveId ../../node_modules/vite/dist/node/chunks/dep-Bsx9IwL8.js:31194:56
 ❯ TransformPluginContext.resolve ../../node_modules/vite/dist/node/chunks/dep-Bsx9IwL8.js:31376:13
 ❯ normalizeUrl ../../node_modules/vite/dist/node/chunks/dep-Bsx9IwL8.js:29984:22
 ❯ ../../node_modules/vite/dist/node/chunks/dep-Bsx9IwL8.js:30050:32
            </failure>
        </testcase>
    </testsuite>
    <testsuite name="src/ui/themes/color-utils.test.ts" timestamp="2025-10-09T15:50:07.861Z" hostname="uby" tests="16" failures="0" errors="0" skipped="0" time="0.008066048">
        <testcase classname="src/ui/themes/color-utils.test.ts" name="Color Utils &gt; isValidColor &gt; should validate hex colors" time="0.001517715">
        </testcase>
        <testcase classname="src/ui/themes/color-utils.test.ts" name="Color Utils &gt; isValidColor &gt; should validate Ink-supported color names" time="0.000463096">
        </testcase>
        <testcase classname="src/ui/themes/color-utils.test.ts" name="Color Utils &gt; isValidColor &gt; should validate Ink-supported color names case insensitive" time="0.000165566">
        </testcase>
        <testcase classname="src/ui/themes/color-utils.test.ts" name="Color Utils &gt; isValidColor &gt; should validate CSS color names" time="0.000317647">
        </testcase>
        <testcase classname="src/ui/themes/color-utils.test.ts" name="Color Utils &gt; isValidColor &gt; should validate CSS color names case insensitive" time="0.000114932">
        </testcase>
        <testcase classname="src/ui/themes/color-utils.test.ts" name="Color Utils &gt; isValidColor &gt; should reject invalid color names" time="0.000093753">
        </testcase>
        <testcase classname="src/ui/themes/color-utils.test.ts" name="Color Utils &gt; resolveColor &gt; should resolve hex colors" time="0.000206031">
        </testcase>
        <testcase classname="src/ui/themes/color-utils.test.ts" name="Color Utils &gt; resolveColor &gt; should resolve Ink-supported color names" time="0.000201222">
        </testcase>
        <testcase classname="src/ui/themes/color-utils.test.ts" name="Color Utils &gt; resolveColor &gt; should resolve CSS color names to hex" time="0.000231278">
        </testcase>
        <testcase classname="src/ui/themes/color-utils.test.ts" name="Color Utils &gt; resolveColor &gt; should handle case insensitive color names" time="0.000114912">
        </testcase>
        <testcase classname="src/ui/themes/color-utils.test.ts" name="Color Utils &gt; resolveColor &gt; should return undefined for invalid colors" time="0.001204787">
            <system-err>
[ColorUtils] Could not resolve color &quot;invalidcolor&quot; to an Ink-compatible format.
[ColorUtils] Could not resolve color &quot;notacolor&quot; to an Ink-compatible format.
[ColorUtils] Could not resolve color &quot;&quot; to an Ink-compatible format.

            </system-err>
        </testcase>
        <testcase classname="src/ui/themes/color-utils.test.ts" name="Color Utils &gt; CSS_NAME_TO_HEX_MAP &gt; should contain expected CSS color mappings" time="0.000173771">
        </testcase>
        <testcase classname="src/ui/themes/color-utils.test.ts" name="Color Utils &gt; CSS_NAME_TO_HEX_MAP &gt; should not contain Ink-supported color names" time="0.00010286">
        </testcase>
        <testcase classname="src/ui/themes/color-utils.test.ts" name="Color Utils &gt; INK_SUPPORTED_NAMES &gt; should contain all Ink-supported color names" time="0.000311225">
        </testcase>
        <testcase classname="src/ui/themes/color-utils.test.ts" name="Color Utils &gt; INK_SUPPORTED_NAMES &gt; should not contain CSS color names" time="0.000112879">
        </testcase>
        <testcase classname="src/ui/themes/color-utils.test.ts" name="Color Utils &gt; Consistency between validation and resolution &gt; should have consistent behavior between isValidColor and resolveColor" time="0.001269506">
            <system-err>
[ColorUtils] Could not resolve color &quot;invalidcolor&quot; to an Ink-compatible format.
[ColorUtils] Could not resolve color &quot;notacolor&quot; to an Ink-compatible format.
[ColorUtils] Could not resolve color &quot;&quot; to an Ink-compatible format.

            </system-err>
        </testcase>
    </testsuite>
    <testsuite name="src/ui/themes/theme-manager.test.ts" timestamp="2025-10-09T15:50:07.862Z" hostname="uby" tests="12" failures="0" errors="0" skipped="0" time="0.027821841">
        <testcase classname="src/ui/themes/theme-manager.test.ts" name="ThemeManager &gt; should load valid custom themes" time="0.003645277">
        </testcase>
        <testcase classname="src/ui/themes/theme-manager.test.ts" name="ThemeManager &gt; should set and get the active theme" time="0.000996752">
        </testcase>
        <testcase classname="src/ui/themes/theme-manager.test.ts" name="ThemeManager &gt; should set and get a custom active theme" time="0.000664708">
        </testcase>
        <testcase classname="src/ui/themes/theme-manager.test.ts" name="ThemeManager &gt; should return false when setting a non-existent theme" time="0.000281971">
        </testcase>
        <testcase classname="src/ui/themes/theme-manager.test.ts" name="ThemeManager &gt; should list available themes including custom themes" time="0.010419277">
        </testcase>
        <testcase classname="src/ui/themes/theme-manager.test.ts" name="ThemeManager &gt; should get a theme by name" time="0.001332423">
        </testcase>
        <testcase classname="src/ui/themes/theme-manager.test.ts" name="ThemeManager &gt; should fall back to default theme if active theme is invalid" time="0.000857014">
        </testcase>
        <testcase classname="src/ui/themes/theme-manager.test.ts" name="ThemeManager &gt; should return NoColorTheme if NO_COLOR is set" time="0.000723256">
        </testcase>
        <testcase classname="src/ui/themes/theme-manager.test.ts" name="ThemeManager &gt; when loading a theme from a file &gt; should load a theme from a valid file path" time="0.003823707">
        </testcase>
        <testcase classname="src/ui/themes/theme-manager.test.ts" name="ThemeManager &gt; when loading a theme from a file &gt; should not load a theme if the file does not exist" time="0.001464437">
            <system-err>
Theme file at &quot;./my-theme.json&quot; is outside your home directory. Only load themes from trusted sources.

            </system-err>
        </testcase>
        <testcase classname="src/ui/themes/theme-manager.test.ts" name="ThemeManager &gt; when loading a theme from a file &gt; should not load a theme from a file with invalid JSON" time="0.000996683">
            <system-err>
Theme file at &quot;./my-theme.json&quot; is outside your home directory. Only load themes from trusted sources.

            </system-err>
        </testcase>
        <testcase classname="src/ui/themes/theme-manager.test.ts" name="ThemeManager &gt; when loading a theme from a file &gt; should not load a theme from an untrusted file path and log a message" time="0.000756318">
        </testcase>
    </testsuite>
    <testsuite name="src/ui/themes/theme.test.ts" timestamp="2025-10-09T15:50:07.862Z" hostname="uby" tests="5" failures="0" errors="0" skipped="0" time="0.008609903">
        <testcase classname="src/ui/themes/theme.test.ts" name="validateCustomTheme &gt; should return isValid: true for a valid theme" time="0.001916232">
        </testcase>
        <testcase classname="src/ui/themes/theme.test.ts" name="validateCustomTheme &gt; should return isValid: false for a theme with an invalid name" time="0.000312167">
        </testcase>
        <testcase classname="src/ui/themes/theme.test.ts" name="validateCustomTheme &gt; should return isValid: true for a theme missing optional DiffAdded and DiffRemoved colors" time="0.00012963">
        </testcase>
        <testcase classname="src/ui/themes/theme.test.ts" name="validateCustomTheme &gt; should return isValid: false for a theme with a very long name" time="0.000559123">
        </testcase>
        <testcase classname="src/ui/themes/theme.test.ts" name="themeManager.loadCustomThemes &gt; should use values from DEFAULT_THEME when DiffAdded and DiffRemoved are not provided" time="0.003806555">
        </testcase>
    </testsuite>
    <testsuite name="src/ui/utils/MarkdownDisplay.test.tsx" timestamp="2025-10-09T15:50:07.863Z" hostname="uby" tests="1" failures="1" errors="0" skipped="0" time="0">
        <testcase classname="src/ui/utils/MarkdownDisplay.test.tsx" name="src/ui/utils/MarkdownDisplay.test.tsx" time="0">
            <failure message="Failed to resolve entry for package &quot;@qwen-code/qwen-code-core&quot;. The package may have incorrect main/module/exports specified in its package.json." type="Error">
Error: Failed to resolve entry for package &quot;@qwen-code/qwen-code-core&quot;. The package may have incorrect main/module/exports specified in its package.json.
  Plugin: vite:import-analysis
  File: /home/atmandk/LowCal-dev/packages/cli/src/config/settings.ts:15:7
  12 |    getErrorMessage,
  13 |    Storage
  14 |  } from &quot;@qwen-code/qwen-code-core&quot;;
     |          ^
  15 |  import stripJsonComments from &quot;strip-json-comments&quot;;
  16 |  import { DefaultLight } from &quot;../ui/themes/default-light.js&quot;;
 ❯ packageEntryFailure ../../node_modules/vite/dist/node/chunks/dep-Bsx9IwL8.js:12218:32
 ❯ resolvePackageEntry ../../node_modules/vite/dist/node/chunks/dep-Bsx9IwL8.js:12215:2
 ❯ tryNodeResolve ../../node_modules/vite/dist/node/chunks/dep-Bsx9IwL8.js:12116:17
 ❯ ResolveIdContext.resolveId ../../node_modules/vite/dist/node/chunks/dep-Bsx9IwL8.js:11955:15
 ❯ EnvironmentPluginContainer.resolveId ../../node_modules/vite/dist/node/chunks/dep-Bsx9IwL8.js:31194:56
 ❯ TransformPluginContext.resolve ../../node_modules/vite/dist/node/chunks/dep-Bsx9IwL8.js:31376:13
 ❯ normalizeUrl ../../node_modules/vite/dist/node/chunks/dep-Bsx9IwL8.js:29984:22
 ❯ ../../node_modules/vite/dist/node/chunks/dep-Bsx9IwL8.js:30050:32
            </failure>
        </testcase>
    </testsuite>
    <testsuite name="src/ui/utils/clipboardUtils.test.ts" timestamp="2025-10-09T15:50:07.863Z" hostname="uby" tests="6" failures="0" errors="0" skipped="0" time="0.013856329">
        <testcase classname="src/ui/utils/clipboardUtils.test.ts" name="clipboardUtils &gt; clipboardHasImage &gt; should return false on non-macOS platforms" time="0.003044377">
        </testcase>
        <testcase classname="src/ui/utils/clipboardUtils.test.ts" name="clipboardUtils &gt; clipboardHasImage &gt; should return boolean on macOS" time="0.000191253">
        </testcase>
        <testcase classname="src/ui/utils/clipboardUtils.test.ts" name="clipboardUtils &gt; saveClipboardImage &gt; should return null on non-macOS platforms" time="0.0002163">
        </testcase>
        <testcase classname="src/ui/utils/clipboardUtils.test.ts" name="clipboardUtils &gt; saveClipboardImage &gt; should handle errors gracefully" time="0.000196242">
        </testcase>
        <testcase classname="src/ui/utils/clipboardUtils.test.ts" name="clipboardUtils &gt; cleanupOldClipboardImages &gt; should not throw errors" time="0.006384229">
        </testcase>
        <testcase classname="src/ui/utils/clipboardUtils.test.ts" name="clipboardUtils &gt; cleanupOldClipboardImages &gt; should complete without errors on valid directory" time="0.001221989">
        </testcase>
    </testsuite>
    <testsuite name="src/ui/utils/commandUtils.test.ts" timestamp="2025-10-09T15:50:07.863Z" hostname="uby" tests="26" failures="0" errors="0" skipped="0" time="0.038698743">
        <testcase classname="src/ui/utils/commandUtils.test.ts" name="commandUtils &gt; isAtCommand &gt; should return true when query starts with @" time="0.00173161">
        </testcase>
        <testcase classname="src/ui/utils/commandUtils.test.ts" name="commandUtils &gt; isAtCommand &gt; should return true when query contains @ preceded by whitespace" time="0.000396683">
        </testcase>
        <testcase classname="src/ui/utils/commandUtils.test.ts" name="commandUtils &gt; isAtCommand &gt; should return false when query does not start with @ and has no spaced @" time="0.000239413">
        </testcase>
        <testcase classname="src/ui/utils/commandUtils.test.ts" name="commandUtils &gt; isAtCommand &gt; should return false when @ is not preceded by whitespace" time="0.000158913">
        </testcase>
        <testcase classname="src/ui/utils/commandUtils.test.ts" name="commandUtils &gt; isSlashCommand &gt; should return true when query starts with /" time="0.000383178">
        </testcase>
        <testcase classname="src/ui/utils/commandUtils.test.ts" name="commandUtils &gt; isSlashCommand &gt; should return false when query does not start with /" time="0.000331563">
        </testcase>
        <testcase classname="src/ui/utils/commandUtils.test.ts" name="commandUtils &gt; isSlashCommand &gt; should return false for line comments starting with //" time="0.000244673">
        </testcase>
        <testcase classname="src/ui/utils/commandUtils.test.ts" name="commandUtils &gt; isSlashCommand &gt; should return false for block comments starting with /*" time="0.000211381">
        </testcase>
        <testcase classname="src/ui/utils/commandUtils.test.ts" name="commandUtils &gt; copyToClipboard &gt; on macOS (darwin) &gt; should successfully copy text to clipboard using pbcopy" time="0.003228367">
        </testcase>
        <testcase classname="src/ui/utils/commandUtils.test.ts" name="commandUtils &gt; copyToClipboard &gt; on macOS (darwin) &gt; should handle pbcopy command failure" time="0.002638055">
        </testcase>
        <testcase classname="src/ui/utils/commandUtils.test.ts" name="commandUtils &gt; copyToClipboard &gt; on macOS (darwin) &gt; should handle spawn error" time="0.001733053">
        </testcase>
        <testcase classname="src/ui/utils/commandUtils.test.ts" name="commandUtils &gt; copyToClipboard &gt; on macOS (darwin) &gt; should handle stdin write error" time="0.001610416">
        </testcase>
        <testcase classname="src/ui/utils/commandUtils.test.ts" name="commandUtils &gt; copyToClipboard &gt; on Windows (win32) &gt; should successfully copy text to clipboard using clip" time="0.001595099">
        </testcase>
        <testcase classname="src/ui/utils/commandUtils.test.ts" name="commandUtils &gt; copyToClipboard &gt; on Linux &gt; should successfully copy text to clipboard using xclip" time="0.001695384">
        </testcase>
        <testcase classname="src/ui/utils/commandUtils.test.ts" name="commandUtils &gt; copyToClipboard &gt; on Linux &gt; should fall back to xsel when xclip fails" time="0.003584205">
        </testcase>
        <testcase classname="src/ui/utils/commandUtils.test.ts" name="commandUtils &gt; copyToClipboard &gt; on Linux &gt; should throw error when both xclip and xsel are not found" time="0.003655617">
        </testcase>
        <testcase classname="src/ui/utils/commandUtils.test.ts" name="commandUtils &gt; copyToClipboard &gt; on Linux &gt; should emit error when xclip or xsel fail with stderr output (command installed)" time="0.004001866">
        </testcase>
        <testcase classname="src/ui/utils/commandUtils.test.ts" name="commandUtils &gt; copyToClipboard &gt; on unsupported platform &gt; should throw error for unsupported platform" time="0.001138024">
        </testcase>
        <testcase classname="src/ui/utils/commandUtils.test.ts" name="commandUtils &gt; copyToClipboard &gt; error handling &gt; should handle command exit without stderr" time="0.000658066">
        </testcase>
        <testcase classname="src/ui/utils/commandUtils.test.ts" name="commandUtils &gt; copyToClipboard &gt; error handling &gt; should handle empty text" time="0.001588796">
        </testcase>
        <testcase classname="src/ui/utils/commandUtils.test.ts" name="commandUtils &gt; copyToClipboard &gt; error handling &gt; should handle multiline text" time="0.001655119">
        </testcase>
        <testcase classname="src/ui/utils/commandUtils.test.ts" name="commandUtils &gt; copyToClipboard &gt; error handling &gt; should handle special characters" time="0.001632186">
        </testcase>
        <testcase classname="src/ui/utils/commandUtils.test.ts" name="commandUtils &gt; getUrlOpenCommand &gt; on macOS (darwin) &gt; should return open" time="0.000427961">
        </testcase>
        <testcase classname="src/ui/utils/commandUtils.test.ts" name="commandUtils &gt; getUrlOpenCommand &gt; on Windows (win32) &gt; should return start" time="0.000295496">
        </testcase>
        <testcase classname="src/ui/utils/commandUtils.test.ts" name="commandUtils &gt; getUrlOpenCommand &gt; on Linux (linux) &gt; should return xdg-open" time="0.000272032">
        </testcase>
        <testcase classname="src/ui/utils/commandUtils.test.ts" name="commandUtils &gt; getUrlOpenCommand &gt; on unmatched OS &gt; should return xdg-open" time="0.001592513">
            <system-err>
Unknown platform: unmatched. Attempting to open URLs with: xdg-open.

            </system-err>
        </testcase>
    </testsuite>
    <testsuite name="src/ui/utils/computeStats.test.ts" timestamp="2025-10-09T15:50:07.864Z" hostname="uby" tests="12" failures="0" errors="0" skipped="0" time="0.00763956">
        <testcase classname="src/ui/utils/computeStats.test.ts" name="calculateErrorRate &gt; should return 0 if totalRequests is 0" time="0.001437717">
        </testcase>
        <testcase classname="src/ui/utils/computeStats.test.ts" name="calculateErrorRate &gt; should calculate the error rate correctly" time="0.000435415">
        </testcase>
        <testcase classname="src/ui/utils/computeStats.test.ts" name="calculateAverageLatency &gt; should return 0 if totalRequests is 0" time="0.000183879">
        </testcase>
        <testcase classname="src/ui/utils/computeStats.test.ts" name="calculateAverageLatency &gt; should calculate the average latency correctly" time="0.000106857">
        </testcase>
        <testcase classname="src/ui/utils/computeStats.test.ts" name="calculateCacheHitRate &gt; should return 0 if prompt tokens is 0" time="0.000105986">
        </testcase>
        <testcase classname="src/ui/utils/computeStats.test.ts" name="calculateCacheHitRate &gt; should calculate the cache hit rate correctly" time="0.00008672">
        </testcase>
        <testcase classname="src/ui/utils/computeStats.test.ts" name="computeSessionStats &gt; should return all zeros for initial empty metrics" time="0.000866442">
        </testcase>
        <testcase classname="src/ui/utils/computeStats.test.ts" name="computeSessionStats &gt; should correctly calculate API and tool time percentages" time="0.000264599">
        </testcase>
        <testcase classname="src/ui/utils/computeStats.test.ts" name="computeSessionStats &gt; should correctly calculate cache efficiency" time="0.000207393">
        </testcase>
        <testcase classname="src/ui/utils/computeStats.test.ts" name="computeSessionStats &gt; should correctly calculate success and agreement rates" time="0.000128748">
        </testcase>
        <testcase classname="src/ui/utils/computeStats.test.ts" name="computeSessionStats &gt; should handle division by zero gracefully" time="0.000182748">
        </testcase>
        <testcase classname="src/ui/utils/computeStats.test.ts" name="computeSessionStats &gt; should correctly include line counts" time="0.000122887">
        </testcase>
    </testsuite>
    <testsuite name="src/ui/utils/displayUtils.test.ts" timestamp="2025-10-09T15:50:07.865Z" hostname="uby" tests="5" failures="0" errors="0" skipped="0" time="0.003294709">
        <testcase classname="src/ui/utils/displayUtils.test.ts" name="displayUtils &gt; getStatusColor &gt; should return green for values &gt;= green threshold" time="0.001494191">
        </testcase>
        <testcase classname="src/ui/utils/displayUtils.test.ts" name="displayUtils &gt; getStatusColor &gt; should return yellow for values &lt; green and &gt;= yellow threshold" time="0.000204347">
        </testcase>
        <testcase classname="src/ui/utils/displayUtils.test.ts" name="displayUtils &gt; getStatusColor &gt; should return red for values &lt; yellow threshold" time="0.000113099">
        </testcase>
        <testcase classname="src/ui/utils/displayUtils.test.ts" name="displayUtils &gt; getStatusColor &gt; should return defaultColor for values &lt; yellow threshold when provided" time="0.000094795">
        </testcase>
        <testcase classname="src/ui/utils/displayUtils.test.ts" name="displayUtils &gt; Threshold Constants &gt; should have the correct values" time="0.000228402">
        </testcase>
    </testsuite>
    <testsuite name="src/ui/utils/formatters.test.ts" timestamp="2025-10-09T15:50:07.865Z" hostname="uby" tests="14" failures="0" errors="0" skipped="0" time="0.004347806">
        <testcase classname="src/ui/utils/formatters.test.ts" name="formatters &gt; formatMemoryUsage &gt; should format bytes into KB" time="0.001494833">
        </testcase>
        <testcase classname="src/ui/utils/formatters.test.ts" name="formatters &gt; formatMemoryUsage &gt; should format bytes into MB" time="0.00015674">
        </testcase>
        <testcase classname="src/ui/utils/formatters.test.ts" name="formatters &gt; formatMemoryUsage &gt; should format bytes into GB" time="0.00009194">
        </testcase>
        <testcase classname="src/ui/utils/formatters.test.ts" name="formatters &gt; formatDuration &gt; should format milliseconds less than a second" time="0.000173731">
        </testcase>
        <testcase classname="src/ui/utils/formatters.test.ts" name="formatters &gt; formatDuration &gt; should format a duration of 0" time="0.000090888">
        </testcase>
        <testcase classname="src/ui/utils/formatters.test.ts" name="formatters &gt; formatDuration &gt; should format an exact number of seconds" time="0.000109552">
        </testcase>
        <testcase classname="src/ui/utils/formatters.test.ts" name="formatters &gt; formatDuration &gt; should format a duration in seconds with one decimal place" time="0.000074748">
        </testcase>
        <testcase classname="src/ui/utils/formatters.test.ts" name="formatters &gt; formatDuration &gt; should format an exact number of minutes" time="0.000071703">
        </testcase>
        <testcase classname="src/ui/utils/formatters.test.ts" name="formatters &gt; formatDuration &gt; should format a duration in minutes and seconds" time="0.000088694">
        </testcase>
        <testcase classname="src/ui/utils/formatters.test.ts" name="formatters &gt; formatDuration &gt; should format an exact number of hours" time="0.000071362">
        </testcase>
        <testcase classname="src/ui/utils/formatters.test.ts" name="formatters &gt; formatDuration &gt; should format a duration in hours and seconds" time="0.000062666">
        </testcase>
        <testcase classname="src/ui/utils/formatters.test.ts" name="formatters &gt; formatDuration &gt; should format a duration in hours, minutes, and seconds" time="0.000062355">
        </testcase>
        <testcase classname="src/ui/utils/formatters.test.ts" name="formatters &gt; formatDuration &gt; should handle large durations" time="0.000057005">
        </testcase>
        <testcase classname="src/ui/utils/formatters.test.ts" name="formatters &gt; formatDuration &gt; should handle negative durations" time="0.000062446">
        </testcase>
    </testsuite>
    <testsuite name="src/ui/utils/markdownUtilities.test.ts" timestamp="2025-10-09T15:50:07.866Z" hostname="uby" tests="7" failures="0" errors="0" skipped="0" time="0.003609812">
        <testcase classname="src/ui/utils/markdownUtilities.test.ts" name="markdownUtilities &gt; findLastSafeSplitPoint &gt; should split at the last double newline if not in a code block" time="0.001542762">
        </testcase>
        <testcase classname="src/ui/utils/markdownUtilities.test.ts" name="markdownUtilities &gt; findLastSafeSplitPoint &gt; should return content.length if no safe split point is found" time="0.000196393">
        </testcase>
        <testcase classname="src/ui/utils/markdownUtilities.test.ts" name="markdownUtilities &gt; findLastSafeSplitPoint &gt; should prioritize splitting at 

 over being at the very end of the string if the end is not in a code block" time="0.000101788">
        </testcase>
        <testcase classname="src/ui/utils/markdownUtilities.test.ts" name="markdownUtilities &gt; findLastSafeSplitPoint &gt; should return content.length if the only 

 is inside a code block and the end of content is not" time="0.000113319">
        </testcase>
        <testcase classname="src/ui/utils/markdownUtilities.test.ts" name="markdownUtilities &gt; findLastSafeSplitPoint &gt; should correctly identify the last 

 even if it is followed by text not in a code block" time="0.000087892">
        </testcase>
        <testcase classname="src/ui/utils/markdownUtilities.test.ts" name="markdownUtilities &gt; findLastSafeSplitPoint &gt; should return content.length if content is empty" time="0.000058659">
        </testcase>
        <testcase classname="src/ui/utils/markdownUtilities.test.ts" name="markdownUtilities &gt; findLastSafeSplitPoint &gt; should return content.length if content has no newlines and no code blocks" time="0.000052747">
        </testcase>
    </testsuite>
    <testsuite name="src/ui/utils/updateCheck.test.ts" timestamp="2025-10-09T15:50:07.866Z" hostname="uby" tests="9" failures="0" errors="0" skipped="0" time="0.015124003">
        <testcase classname="src/ui/utils/updateCheck.test.ts" name="checkForUpdates &gt; should return null when running from source (DEV=true)" time="0.005216842">
        </testcase>
        <testcase classname="src/ui/utils/updateCheck.test.ts" name="checkForUpdates &gt; should return null if package.json is missing" time="0.00099021">
        </testcase>
        <testcase classname="src/ui/utils/updateCheck.test.ts" name="checkForUpdates &gt; should return null if there is no update" time="0.000609978">
        </testcase>
        <testcase classname="src/ui/utils/updateCheck.test.ts" name="checkForUpdates &gt; should return a message if a newer version is available" time="0.001792854">
        </testcase>
        <testcase classname="src/ui/utils/updateCheck.test.ts" name="checkForUpdates &gt; should return null if the latest version is the same as the current version" time="0.000662875">
        </testcase>
        <testcase classname="src/ui/utils/updateCheck.test.ts" name="checkForUpdates &gt; should return null if the latest version is older than the current version" time="0.000449761">
        </testcase>
        <testcase classname="src/ui/utils/updateCheck.test.ts" name="checkForUpdates &gt; should return null if fetchInfo rejects" time="0.001679885">
            <system-err>
Failed to check for updates: Error: Timeout

            </system-err>
        </testcase>
        <testcase classname="src/ui/utils/updateCheck.test.ts" name="checkForUpdates &gt; should handle errors gracefully" time="0.000605479">
            <system-err>
Failed to check for updates: Error: test error

            </system-err>
        </testcase>
        <testcase classname="src/ui/utils/updateCheck.test.ts" name="checkForUpdates &gt; nightly updates &gt; should notify for a newer nightly version when current is nightly" time="0.001302527">
        </testcase>
    </testsuite>
    <testsuite name="src/ui/components/shared/MaxSizedBox.test.tsx" timestamp="2025-10-09T15:50:07.867Z" hostname="uby" tests="21" failures="0" errors="0" skipped="0" time="0.134019584">
        <testcase classname="src/ui/components/shared/MaxSizedBox.test.tsx" name="&lt;MaxSizedBox /&gt; &gt; renders children without truncation when they fit" time="0.026020711">
        </testcase>
        <testcase classname="src/ui/components/shared/MaxSizedBox.test.tsx" name="&lt;MaxSizedBox /&gt; &gt; hides lines when content exceeds maxHeight" time="0.005317578">
        </testcase>
        <testcase classname="src/ui/components/shared/MaxSizedBox.test.tsx" name="&lt;MaxSizedBox /&gt; &gt; hides lines at the end when content exceeds maxHeight and overflowDirection is bottom" time="0.004879759">
        </testcase>
        <testcase classname="src/ui/components/shared/MaxSizedBox.test.tsx" name="&lt;MaxSizedBox /&gt; &gt; wraps text that exceeds maxWidth" time="0.005451496">
        </testcase>
        <testcase classname="src/ui/components/shared/MaxSizedBox.test.tsx" name="&lt;MaxSizedBox /&gt; &gt; handles mixed wrapping and non-wrapping segments" time="0.018786501">
        </testcase>
        <testcase classname="src/ui/components/shared/MaxSizedBox.test.tsx" name="&lt;MaxSizedBox /&gt; &gt; handles words longer than maxWidth by splitting them" time="0.015261486">
        </testcase>
        <testcase classname="src/ui/components/shared/MaxSizedBox.test.tsx" name="&lt;MaxSizedBox /&gt; &gt; does not truncate when maxHeight is undefined" time="0.006929527">
        </testcase>
        <testcase classname="src/ui/components/shared/MaxSizedBox.test.tsx" name="&lt;MaxSizedBox /&gt; &gt; shows plural &quot;lines&quot; when more than one line is hidden" time="0.005152783">
        </testcase>
        <testcase classname="src/ui/components/shared/MaxSizedBox.test.tsx" name="&lt;MaxSizedBox /&gt; &gt; shows plural &quot;lines&quot; when more than one line is hidden and overflowDirection is bottom" time="0.004964255">
        </testcase>
        <testcase classname="src/ui/components/shared/MaxSizedBox.test.tsx" name="&lt;MaxSizedBox /&gt; &gt; renders an empty box for empty children" time="0.001362478">
        </testcase>
        <testcase classname="src/ui/components/shared/MaxSizedBox.test.tsx" name="&lt;MaxSizedBox /&gt; &gt; wraps text with multi-byte unicode characters correctly" time="0.002887837">
        </testcase>
        <testcase classname="src/ui/components/shared/MaxSizedBox.test.tsx" name="&lt;MaxSizedBox /&gt; &gt; wraps text with multi-byte emoji characters correctly" time="0.002798632">
        </testcase>
        <testcase classname="src/ui/components/shared/MaxSizedBox.test.tsx" name="&lt;MaxSizedBox /&gt; &gt; falls back to an ellipsis when width is extremely small" time="0.002099731">
        </testcase>
        <testcase classname="src/ui/components/shared/MaxSizedBox.test.tsx" name="&lt;MaxSizedBox /&gt; &gt; truncates long non-wrapping text with ellipsis" time="0.002452482">
        </testcase>
        <testcase classname="src/ui/components/shared/MaxSizedBox.test.tsx" name="&lt;MaxSizedBox /&gt; &gt; truncates non-wrapping text containing line breaks" time="0.002323485">
        </testcase>
        <testcase classname="src/ui/components/shared/MaxSizedBox.test.tsx" name="&lt;MaxSizedBox /&gt; &gt; truncates emoji characters correctly with ellipsis" time="0.002041052">
        </testcase>
        <testcase classname="src/ui/components/shared/MaxSizedBox.test.tsx" name="&lt;MaxSizedBox /&gt; &gt; shows ellipsis for multiple rows with long non-wrapping text" time="0.004000644">
        </testcase>
        <testcase classname="src/ui/components/shared/MaxSizedBox.test.tsx" name="&lt;MaxSizedBox /&gt; &gt; accounts for additionalHiddenLinesCount" time="0.002176803">
        </testcase>
        <testcase classname="src/ui/components/shared/MaxSizedBox.test.tsx" name="&lt;MaxSizedBox /&gt; &gt; handles React.Fragment as a child" time="0.003141977">
        </testcase>
        <testcase classname="src/ui/components/shared/MaxSizedBox.test.tsx" name="&lt;MaxSizedBox /&gt; &gt; clips a long single text child from the top" time="0.008504669">
        </testcase>
        <testcase classname="src/ui/components/shared/MaxSizedBox.test.tsx" name="&lt;MaxSizedBox /&gt; &gt; clips a long single text child from the bottom" time="0.005354486">
        </testcase>
    </testsuite>
    <testsuite name="src/ui/components/shared/RadioButtonSelect.test.tsx" timestamp="2025-10-09T15:50:07.868Z" hostname="uby" tests="1" failures="1" errors="0" skipped="0" time="0">
        <testcase classname="src/ui/components/shared/RadioButtonSelect.test.tsx" name="src/ui/components/shared/RadioButtonSelect.test.tsx" time="0">
            <failure message="Failed to resolve entry for package &quot;@qwen-code/qwen-code-core&quot;. The package may have incorrect main/module/exports specified in its package.json." type="Error">
Error: Failed to resolve entry for package &quot;@qwen-code/qwen-code-core&quot;. The package may have incorrect main/module/exports specified in its package.json.
  Plugin: vite:import-analysis
  File: /home/atmandk/LowCal-dev/packages/cli/src/ui/contexts/KeypressContext.tsx:11:7
  8  |    KittySequenceOverflowEvent,
  9  |    logKittySequenceOverflow
  10 |  } from &quot;@qwen-code/qwen-code-core&quot;;
     |          ^
  11 |  import { useStdin } from &quot;ink&quot;;
  12 |  import {
 ❯ packageEntryFailure ../../node_modules/vite/dist/node/chunks/dep-Bsx9IwL8.js:12218:32
 ❯ resolvePackageEntry ../../node_modules/vite/dist/node/chunks/dep-Bsx9IwL8.js:12215:2
 ❯ tryNodeResolve ../../node_modules/vite/dist/node/chunks/dep-Bsx9IwL8.js:12116:17
 ❯ ResolveIdContext.resolveId ../../node_modules/vite/dist/node/chunks/dep-Bsx9IwL8.js:11955:15
 ❯ EnvironmentPluginContainer.resolveId ../../node_modules/vite/dist/node/chunks/dep-Bsx9IwL8.js:31194:56
 ❯ TransformPluginContext.resolve ../../node_modules/vite/dist/node/chunks/dep-Bsx9IwL8.js:31376:13
 ❯ normalizeUrl ../../node_modules/vite/dist/node/chunks/dep-Bsx9IwL8.js:29984:22
 ❯ ../../node_modules/vite/dist/node/chunks/dep-Bsx9IwL8.js:30050:32
            </failure>
        </testcase>
    </testsuite>
    <testsuite name="src/ui/components/shared/text-buffer.test.ts" timestamp="2025-10-09T15:50:07.868Z" hostname="uby" tests="1" failures="1" errors="0" skipped="0" time="0">
        <testcase classname="src/ui/components/shared/text-buffer.test.ts" name="src/ui/components/shared/text-buffer.test.ts" time="0">
            <failure message="Failed to resolve entry for package &quot;@qwen-code/qwen-code-core&quot;. The package may have incorrect main/module/exports specified in its package.json." type="Error">
Error: Failed to resolve entry for package &quot;@qwen-code/qwen-code-core&quot;. The package may have incorrect main/module/exports specified in its package.json.
  Plugin: vite:import-analysis
  File: /home/atmandk/LowCal-dev/packages/cli/src/ui/components/shared/text-buffer.ts:13:29
  10 |  import { useState, useCallback, useEffect, useMemo, useReducer } from &quot;react&quot;;
  11 |  import stringWidth from &quot;string-width&quot;;
  12 |  import { unescapePath } from &quot;@qwen-code/qwen-code-core&quot;;
     |                                ^
  13 |  import {
  14 |    toCodePoints,
 ❯ packageEntryFailure ../../node_modules/vite/dist/node/chunks/dep-Bsx9IwL8.js:12218:32
 ❯ resolvePackageEntry ../../node_modules/vite/dist/node/chunks/dep-Bsx9IwL8.js:12215:2
 ❯ tryNodeResolve ../../node_modules/vite/dist/node/chunks/dep-Bsx9IwL8.js:12116:17
 ❯ ResolveIdContext.resolveId ../../node_modules/vite/dist/node/chunks/dep-Bsx9IwL8.js:11955:15
 ❯ EnvironmentPluginContainer.resolveId ../../node_modules/vite/dist/node/chunks/dep-Bsx9IwL8.js:31194:56
 ❯ TransformPluginContext.resolve ../../node_modules/vite/dist/node/chunks/dep-Bsx9IwL8.js:31376:13
 ❯ normalizeUrl ../../node_modules/vite/dist/node/chunks/dep-Bsx9IwL8.js:29984:22
 ❯ ../../node_modules/vite/dist/node/chunks/dep-Bsx9IwL8.js:30050:32
            </failure>
        </testcase>
    </testsuite>
    <testsuite name="src/ui/components/shared/vim-buffer-actions.test.ts" timestamp="2025-10-09T15:50:07.868Z" hostname="uby" tests="1" failures="1" errors="0" skipped="0" time="0">
        <testcase classname="src/ui/components/shared/vim-buffer-actions.test.ts" name="src/ui/components/shared/vim-buffer-actions.test.ts" time="0">
            <failure message="Failed to resolve entry for package &quot;@qwen-code/qwen-code-core&quot;. The package may have incorrect main/module/exports specified in its package.json." type="Error">
Error: Failed to resolve entry for package &quot;@qwen-code/qwen-code-core&quot;. The package may have incorrect main/module/exports specified in its package.json.
  Plugin: vite:import-analysis
  File: /home/atmandk/LowCal-dev/packages/cli/src/ui/components/shared/text-buffer.ts:13:29
  10 |  import { useState, useCallback, useEffect, useMemo, useReducer } from &quot;react&quot;;
  11 |  import stringWidth from &quot;string-width&quot;;
  12 |  import { unescapePath } from &quot;@qwen-code/qwen-code-core&quot;;
     |                                ^
  13 |  import {
  14 |    toCodePoints,
 ❯ packageEntryFailure ../../node_modules/vite/dist/node/chunks/dep-Bsx9IwL8.js:12218:32
 ❯ resolvePackageEntry ../../node_modules/vite/dist/node/chunks/dep-Bsx9IwL8.js:12215:2
 ❯ tryNodeResolve ../../node_modules/vite/dist/node/chunks/dep-Bsx9IwL8.js:12116:17
 ❯ ResolveIdContext.resolveId ../../node_modules/vite/dist/node/chunks/dep-Bsx9IwL8.js:11955:15
 ❯ EnvironmentPluginContainer.resolveId ../../node_modules/vite/dist/node/chunks/dep-Bsx9IwL8.js:31194:56
 ❯ TransformPluginContext.resolve ../../node_modules/vite/dist/node/chunks/dep-Bsx9IwL8.js:31376:13
 ❯ normalizeUrl ../../node_modules/vite/dist/node/chunks/dep-Bsx9IwL8.js:29984:22
 ❯ ../../node_modules/vite/dist/node/chunks/dep-Bsx9IwL8.js:30050:32
            </failure>
        </testcase>
    </testsuite>
    <testsuite name="src/ui/components/messages/DiffRenderer.test.tsx" timestamp="2025-10-09T15:50:07.868Z" hostname="uby" tests="13" failures="0" errors="0" skipped="0" time="0.318761174">
        <testcase classname="src/ui/components/messages/DiffRenderer.test.tsx" name="&lt;OverflowProvider&gt;&lt;DiffRenderer /&gt;&lt;/OverflowProvider&gt; &gt; should call colorizeCode with correct language for new file with known extension" time="0.037804711">
        </testcase>
        <testcase classname="src/ui/components/messages/DiffRenderer.test.tsx" name="&lt;OverflowProvider&gt;&lt;DiffRenderer /&gt;&lt;/OverflowProvider&gt; &gt; should call colorizeCode with null language for new file with unknown extension" time="0.12757828">
        </testcase>
        <testcase classname="src/ui/components/messages/DiffRenderer.test.tsx" name="&lt;OverflowProvider&gt;&lt;DiffRenderer /&gt;&lt;/OverflowProvider&gt; &gt; should call colorizeCode with null language for new file if no filename is provided" time="0.014707993">
        </testcase>
        <testcase classname="src/ui/components/messages/DiffRenderer.test.tsx" name="&lt;OverflowProvider&gt;&lt;DiffRenderer /&gt;&lt;/OverflowProvider&gt; &gt; should render diff content for existing file (not calling colorizeCode directly for the whole block)" time="0.007865948">
        </testcase>
        <testcase classname="src/ui/components/messages/DiffRenderer.test.tsx" name="&lt;OverflowProvider&gt;&lt;DiffRenderer /&gt;&lt;/OverflowProvider&gt; &gt; should handle diff with only header and no changes" time="0.008908625">
        </testcase>
        <testcase classname="src/ui/components/messages/DiffRenderer.test.tsx" name="&lt;OverflowProvider&gt;&lt;DiffRenderer /&gt;&lt;/OverflowProvider&gt; &gt; should handle empty diff content" time="0.003118463">
        </testcase>
        <testcase classname="src/ui/components/messages/DiffRenderer.test.tsx" name="&lt;OverflowProvider&gt;&lt;DiffRenderer /&gt;&lt;/OverflowProvider&gt; &gt; should render a gap indicator for skipped lines" time="0.026378773">
        </testcase>
        <testcase classname="src/ui/components/messages/DiffRenderer.test.tsx" name="&lt;OverflowProvider&gt;&lt;DiffRenderer /&gt;&lt;/OverflowProvider&gt; &gt; should not render a gap indicator for small gaps (&lt;= MAX_CONTEXT_LINES_WITHOUT_GAP)" time="0.011954103">
        </testcase>
        <testcase classname="src/ui/components/messages/DiffRenderer.test.tsx" name="&lt;OverflowProvider&gt;&lt;DiffRenderer /&gt;&lt;/OverflowProvider&gt; &gt; should correctly render a diff with multiple hunks and a gap indicator &gt; with terminalWidth 80 and height undefined" time="0.021292412">
        </testcase>
        <testcase classname="src/ui/components/messages/DiffRenderer.test.tsx" name="&lt;OverflowProvider&gt;&lt;DiffRenderer /&gt;&lt;/OverflowProvider&gt; &gt; should correctly render a diff with multiple hunks and a gap indicator &gt; with terminalWidth 80 and height 6" time="0.015099567">
        </testcase>
        <testcase classname="src/ui/components/messages/DiffRenderer.test.tsx" name="&lt;OverflowProvider&gt;&lt;DiffRenderer /&gt;&lt;/OverflowProvider&gt; &gt; should correctly render a diff with multiple hunks and a gap indicator &gt; with terminalWidth 30 and height 6" time="0.010413776">
        </testcase>
        <testcase classname="src/ui/components/messages/DiffRenderer.test.tsx" name="&lt;OverflowProvider&gt;&lt;DiffRenderer /&gt;&lt;/OverflowProvider&gt; &gt; should correctly render a diff with a SVN diff format" time="0.020489018">
        </testcase>
        <testcase classname="src/ui/components/messages/DiffRenderer.test.tsx" name="&lt;OverflowProvider&gt;&lt;DiffRenderer /&gt;&lt;/OverflowProvider&gt; &gt; should correctly render a new file with no file extension correctly" time="0.010585394">
        </testcase>
    </testsuite>
    <testsuite name="src/ui/components/messages/ToolConfirmationMessage.test.tsx" timestamp="2025-10-09T15:50:07.869Z" hostname="uby" tests="1" failures="1" errors="0" skipped="0" time="0">
        <testcase classname="src/ui/components/messages/ToolConfirmationMessage.test.tsx" name="src/ui/components/messages/ToolConfirmationMessage.test.tsx" time="0">
            <failure message="Failed to resolve entry for package &quot;@qwen-code/qwen-code-core&quot;. The package may have incorrect main/module/exports specified in its package.json." type="Error">
Error: Failed to resolve entry for package &quot;@qwen-code/qwen-code-core&quot;. The package may have incorrect main/module/exports specified in its package.json.
  Plugin: vite:import-analysis
  File: /home/atmandk/LowCal-dev/packages/cli/src/ui/components/messages/ToolConfirmationMessage.tsx:19:40
  10 |  import { RenderInline } from &quot;../../utils/InlineMarkdownRenderer.js&quot;;
  11 |  import { MarkdownDisplay } from &quot;../../utils/MarkdownDisplay.js&quot;;
  12 |  import { ToolConfirmationOutcome } from &quot;@qwen-code/qwen-code-core&quot;;
     |                                           ^
  13 |  import { RadioButtonSelect } from &quot;../shared/RadioButtonSelect.js&quot;;
  14 |  import { MaxSizedBox } from &quot;../shared/MaxSizedBox.js&quot;;
 ❯ packageEntryFailure ../../node_modules/vite/dist/node/chunks/dep-Bsx9IwL8.js:12218:32
 ❯ resolvePackageEntry ../../node_modules/vite/dist/node/chunks/dep-Bsx9IwL8.js:12215:2
 ❯ tryNodeResolve ../../node_modules/vite/dist/node/chunks/dep-Bsx9IwL8.js:12116:17
 ❯ ResolveIdContext.resolveId ../../node_modules/vite/dist/node/chunks/dep-Bsx9IwL8.js:11955:15
 ❯ EnvironmentPluginContainer.resolveId ../../node_modules/vite/dist/node/chunks/dep-Bsx9IwL8.js:31194:56
 ❯ TransformPluginContext.resolve ../../node_modules/vite/dist/node/chunks/dep-Bsx9IwL8.js:31376:13
 ❯ normalizeUrl ../../node_modules/vite/dist/node/chunks/dep-Bsx9IwL8.js:29984:22
 ❯ ../../node_modules/vite/dist/node/chunks/dep-Bsx9IwL8.js:30050:32
            </failure>
        </testcase>
    </testsuite>
    <testsuite name="src/ui/components/messages/ToolGroupMessage.test.tsx" timestamp="2025-10-09T15:50:07.869Z" hostname="uby" tests="14" failures="0" errors="0" skipped="0" time="0.112068084">
        <testcase classname="src/ui/components/messages/ToolGroupMessage.test.tsx" name="&lt;ToolGroupMessage /&gt; &gt; Golden Snapshots &gt; renders single successful tool call" time="0.027231089">
        </testcase>
        <testcase classname="src/ui/components/messages/ToolGroupMessage.test.tsx" name="&lt;ToolGroupMessage /&gt; &gt; Golden Snapshots &gt; renders multiple tool calls with different statuses" time="0.011480509">
        </testcase>
        <testcase classname="src/ui/components/messages/ToolGroupMessage.test.tsx" name="&lt;ToolGroupMessage /&gt; &gt; Golden Snapshots &gt; renders tool call awaiting confirmation" time="0.007256973">
        </testcase>
        <testcase classname="src/ui/components/messages/ToolGroupMessage.test.tsx" name="&lt;ToolGroupMessage /&gt; &gt; Golden Snapshots &gt; renders shell command with yellow border" time="0.005122657">
        </testcase>
        <testcase classname="src/ui/components/messages/ToolGroupMessage.test.tsx" name="&lt;ToolGroupMessage /&gt; &gt; Golden Snapshots &gt; renders mixed tool calls including shell command" time="0.007610306">
        </testcase>
        <testcase classname="src/ui/components/messages/ToolGroupMessage.test.tsx" name="&lt;ToolGroupMessage /&gt; &gt; Golden Snapshots &gt; renders with limited terminal height" time="0.00515076">
        </testcase>
        <testcase classname="src/ui/components/messages/ToolGroupMessage.test.tsx" name="&lt;ToolGroupMessage /&gt; &gt; Golden Snapshots &gt; renders when not focused" time="0.004172731">
        </testcase>
        <testcase classname="src/ui/components/messages/ToolGroupMessage.test.tsx" name="&lt;ToolGroupMessage /&gt; &gt; Golden Snapshots &gt; renders with narrow terminal width" time="0.00937108">
        </testcase>
        <testcase classname="src/ui/components/messages/ToolGroupMessage.test.tsx" name="&lt;ToolGroupMessage /&gt; &gt; Golden Snapshots &gt; renders empty tool calls array" time="0.005223424">
        </testcase>
        <testcase classname="src/ui/components/messages/ToolGroupMessage.test.tsx" name="&lt;ToolGroupMessage /&gt; &gt; Border Color Logic &gt; uses yellow border when tools are pending" time="0.003837282">
        </testcase>
        <testcase classname="src/ui/components/messages/ToolGroupMessage.test.tsx" name="&lt;ToolGroupMessage /&gt; &gt; Border Color Logic &gt; uses yellow border for shell commands even when successful" time="0.00436682">
        </testcase>
        <testcase classname="src/ui/components/messages/ToolGroupMessage.test.tsx" name="&lt;ToolGroupMessage /&gt; &gt; Border Color Logic &gt; uses gray border when all tools are successful and no shell commands" time="0.005923939">
        </testcase>
        <testcase classname="src/ui/components/messages/ToolGroupMessage.test.tsx" name="&lt;ToolGroupMessage /&gt; &gt; Height Calculation &gt; calculates available height correctly with multiple tools with results" time="0.006635975">
        </testcase>
        <testcase classname="src/ui/components/messages/ToolGroupMessage.test.tsx" name="&lt;ToolGroupMessage /&gt; &gt; Confirmation Handling &gt; shows confirmation dialog for first confirming tool only" time="0.006139046">
        </testcase>
    </testsuite>
    <testsuite name="src/ui/components/messages/ToolMessage.test.tsx" timestamp="2025-10-09T15:50:07.870Z" hostname="uby" tests="12" failures="0" errors="0" skipped="0" time="0.086525697">
        <testcase classname="src/ui/components/messages/ToolMessage.test.tsx" name="&lt;ToolMessage /&gt; &gt; renders basic tool information" time="0.026591867">
        </testcase>
        <testcase classname="src/ui/components/messages/ToolMessage.test.tsx" name="&lt;ToolMessage /&gt; &gt; ToolStatusIndicator rendering &gt; shows ✓ for Success status" time="0.003213089">
        </testcase>
        <testcase classname="src/ui/components/messages/ToolMessage.test.tsx" name="&lt;ToolMessage /&gt; &gt; ToolStatusIndicator rendering &gt; shows o for Pending status" time="0.003493216">
        </testcase>
        <testcase classname="src/ui/components/messages/ToolMessage.test.tsx" name="&lt;ToolMessage /&gt; &gt; ToolStatusIndicator rendering &gt; shows ? for Confirming status" time="0.005444082">
        </testcase>
        <testcase classname="src/ui/components/messages/ToolMessage.test.tsx" name="&lt;ToolMessage /&gt; &gt; ToolStatusIndicator rendering &gt; shows - for Canceled status" time="0.008223899">
        </testcase>
        <testcase classname="src/ui/components/messages/ToolMessage.test.tsx" name="&lt;ToolMessage /&gt; &gt; ToolStatusIndicator rendering &gt; shows x for Error status" time="0.003928431">
        </testcase>
        <testcase classname="src/ui/components/messages/ToolMessage.test.tsx" name="&lt;ToolMessage /&gt; &gt; ToolStatusIndicator rendering &gt; shows paused spinner for Executing status when streamingState is Idle" time="0.004124694">
        </testcase>
        <testcase classname="src/ui/components/messages/ToolMessage.test.tsx" name="&lt;ToolMessage /&gt; &gt; ToolStatusIndicator rendering &gt; shows paused spinner for Executing status when streamingState is WaitingForConfirmation" time="0.002512183">
        </testcase>
        <testcase classname="src/ui/components/messages/ToolMessage.test.tsx" name="&lt;ToolMessage /&gt; &gt; ToolStatusIndicator rendering &gt; shows MockRespondingSpinner for Executing status when streamingState is Responding" time="0.010805511">
        </testcase>
        <testcase classname="src/ui/components/messages/ToolMessage.test.tsx" name="&lt;ToolMessage /&gt; &gt; renders DiffRenderer for diff results" time="0.004866745">
        </testcase>
        <testcase classname="src/ui/components/messages/ToolMessage.test.tsx" name="&lt;ToolMessage /&gt; &gt; renders emphasis correctly" time="0.007665257">
        </testcase>
        <testcase classname="src/ui/components/messages/ToolMessage.test.tsx" name="&lt;ToolMessage /&gt; &gt; shows subagent execution display for task tool with proper result display" time="0.003871916">
        </testcase>
    </testsuite>
</testsuites>
