<?xml version="1.0" encoding="UTF-8" ?>
<testsuites name="vitest tests" tests="646" failures="79" errors="0" time="2.378131711">
    <testsuite name="src/gemini.test.tsx" timestamp="2025-10-09T16:01:25.808Z" hostname="uby" tests="1" failures="1" errors="0" skipped="0" time="0">
        <testcase classname="src/gemini.test.tsx" name="src/gemini.test.tsx" time="0">
            <failure message="Failed to resolve entry for package &quot;@qwen-code/qwen-code-core&quot;. The package may have incorrect main/module/exports specified in its package.json." type="Error">
Error: Failed to resolve entry for package &quot;@qwen-code/qwen-code-core&quot;. The package may have incorrect main/module/exports specified in its package.json.
  Plugin: vite:import-analysis
  File: /home/atmandk/LowCal-dev/packages/cli/src/gemini.test.tsx:18:0
  62 |  const __vi_import_1__ = await import(&quot;./config/settings.js&quot;);
  63 |  const __vi_import_2__ = await import(&quot;./utils/events.js&quot;);
  64 |  const __vi_import_3__ = await import(&quot;@qwen-code/qwen-code-core&quot;);
     |                                       ^
  65 |  /**
  66 |   * @license
 ❯ packageEntryFailure ../../node_modules/vite/dist/node/chunks/dep-Bsx9IwL8.js:12218:32
 ❯ resolvePackageEntry ../../node_modules/vite/dist/node/chunks/dep-Bsx9IwL8.js:12215:2
 ❯ tryNodeResolve ../../node_modules/vite/dist/node/chunks/dep-Bsx9IwL8.js:12116:17
 ❯ ResolveIdContext.resolveId ../../node_modules/vite/dist/node/chunks/dep-Bsx9IwL8.js:11955:15
 ❯ EnvironmentPluginContainer.resolveId ../../node_modules/vite/dist/node/chunks/dep-Bsx9IwL8.js:31194:56
 ❯ TransformPluginContext.resolve ../../node_modules/vite/dist/node/chunks/dep-Bsx9IwL8.js:31376:13
 ❯ normalizeUrl ../../node_modules/vite/dist/node/chunks/dep-Bsx9IwL8.js:29984:22
 ❯ ../../node_modules/vite/dist/node/chunks/dep-Bsx9IwL8.js:30050:32
            </failure>
        </testcase>
    </testsuite>
    <testsuite name="src/nonInteractiveCli.test.ts" timestamp="2025-10-09T16:01:25.809Z" hostname="uby" tests="1" failures="1" errors="0" skipped="0" time="0">
        <testcase classname="src/nonInteractiveCli.test.ts" name="src/nonInteractiveCli.test.ts" time="0">
            <failure message="Failed to resolve entry for package &quot;@qwen-code/qwen-code-core&quot;. The package may have incorrect main/module/exports specified in its package.json." type="Error">
Error: Failed to resolve entry for package &quot;@qwen-code/qwen-code-core&quot;. The package may have incorrect main/module/exports specified in its package.json.
  Plugin: vite:import-analysis
  File: /home/atmandk/LowCal-dev/packages/cli/src/nonInteractiveCli.test.ts:7:0
  9  |    };
  10 |  });
  11 |  const __vi_import_0__ = await import(&quot;@qwen-code/qwen-code-core&quot;);
     |                                       ^
  12 |  const __vi_import_1__ = await import(&quot;@google/genai&quot;);
  13 |  const __vi_import_2__ = await import(&quot;./nonInteractiveCli.js&quot;);
 ❯ packageEntryFailure ../../node_modules/vite/dist/node/chunks/dep-Bsx9IwL8.js:12218:32
 ❯ resolvePackageEntry ../../node_modules/vite/dist/node/chunks/dep-Bsx9IwL8.js:12215:2
 ❯ tryNodeResolve ../../node_modules/vite/dist/node/chunks/dep-Bsx9IwL8.js:12116:17
 ❯ ResolveIdContext.resolveId ../../node_modules/vite/dist/node/chunks/dep-Bsx9IwL8.js:11955:15
 ❯ EnvironmentPluginContainer.resolveId ../../node_modules/vite/dist/node/chunks/dep-Bsx9IwL8.js:31194:56
 ❯ TransformPluginContext.resolve ../../node_modules/vite/dist/node/chunks/dep-Bsx9IwL8.js:31376:13
 ❯ normalizeUrl ../../node_modules/vite/dist/node/chunks/dep-Bsx9IwL8.js:29984:22
 ❯ ../../node_modules/vite/dist/node/chunks/dep-Bsx9IwL8.js:30050:32
            </failure>
        </testcase>
    </testsuite>
    <testsuite name="src/validateNonInterActiveAuth.test.ts" timestamp="2025-10-09T16:01:25.810Z" hostname="uby" tests="1" failures="1" errors="0" skipped="0" time="0">
        <testcase classname="src/validateNonInterActiveAuth.test.ts" name="src/validateNonInterActiveAuth.test.ts" time="0">
            <failure message="Failed to resolve entry for package &quot;@qwen-code/qwen-code-core&quot;. The package may have incorrect main/module/exports specified in its package.json." type="Error">
Error: Failed to resolve entry for package &quot;@qwen-code/qwen-code-core&quot;. The package may have incorrect main/module/exports specified in its package.json.
  Plugin: vite:import-analysis
  File: /home/atmandk/LowCal-dev/packages/cli/src/validateNonInterActiveAuth.test.ts:18:25
  13 |  } from &quot;vitest&quot;;
  14 |  import { validateNonInteractiveAuth } from &quot;./validateNonInterActiveAuth.js&quot;;
  15 |  import { AuthType } from &quot;@qwen-code/qwen-code-core&quot;;
     |                            ^
  16 |  import * as auth from &quot;./config/auth.js&quot;;
  17 |  describe(&quot;validateNonInterActiveAuth&quot;, () =&gt; {
 ❯ packageEntryFailure ../../node_modules/vite/dist/node/chunks/dep-Bsx9IwL8.js:12218:32
 ❯ resolvePackageEntry ../../node_modules/vite/dist/node/chunks/dep-Bsx9IwL8.js:12215:2
 ❯ tryNodeResolve ../../node_modules/vite/dist/node/chunks/dep-Bsx9IwL8.js:12116:17
 ❯ ResolveIdContext.resolveId ../../node_modules/vite/dist/node/chunks/dep-Bsx9IwL8.js:11955:15
 ❯ EnvironmentPluginContainer.resolveId ../../node_modules/vite/dist/node/chunks/dep-Bsx9IwL8.js:31194:56
 ❯ TransformPluginContext.resolve ../../node_modules/vite/dist/node/chunks/dep-Bsx9IwL8.js:31376:13
 ❯ normalizeUrl ../../node_modules/vite/dist/node/chunks/dep-Bsx9IwL8.js:29984:22
 ❯ ../../node_modules/vite/dist/node/chunks/dep-Bsx9IwL8.js:30050:32
            </failure>
        </testcase>
    </testsuite>
    <testsuite name="src/config/auth.test.ts" timestamp="2025-10-09T16:01:25.810Z" hostname="uby" tests="1" failures="1" errors="0" skipped="0" time="0">
        <testcase classname="src/config/auth.test.ts" name="src/config/auth.test.ts" time="0">
            <failure message="Failed to resolve entry for package &quot;@qwen-code/qwen-code-core&quot;. The package may have incorrect main/module/exports specified in its package.json." type="Error">
Error: Failed to resolve entry for package &quot;@qwen-code/qwen-code-core&quot;. The package may have incorrect main/module/exports specified in its package.json.
  Plugin: vite:import-analysis
  File: /home/atmandk/LowCal-dev/packages/cli/src/config/auth.test.ts:7:0
  2  |    loadEnvironment: vi.fn()
  3  |  }));
  4  |  const __vi_import_0__ = await import(&quot;@qwen-code/qwen-code-core&quot;);
     |                                       ^
  5  |  const __vi_import_1__ = await import(&quot;./auth.js&quot;);
  6  |  /**
 ❯ packageEntryFailure ../../node_modules/vite/dist/node/chunks/dep-Bsx9IwL8.js:12218:32
 ❯ resolvePackageEntry ../../node_modules/vite/dist/node/chunks/dep-Bsx9IwL8.js:12215:2
 ❯ tryNodeResolve ../../node_modules/vite/dist/node/chunks/dep-Bsx9IwL8.js:12116:17
 ❯ ResolveIdContext.resolveId ../../node_modules/vite/dist/node/chunks/dep-Bsx9IwL8.js:11955:15
 ❯ EnvironmentPluginContainer.resolveId ../../node_modules/vite/dist/node/chunks/dep-Bsx9IwL8.js:31194:56
 ❯ TransformPluginContext.resolve ../../node_modules/vite/dist/node/chunks/dep-Bsx9IwL8.js:31376:13
 ❯ normalizeUrl ../../node_modules/vite/dist/node/chunks/dep-Bsx9IwL8.js:29984:22
 ❯ ../../node_modules/vite/dist/node/chunks/dep-Bsx9IwL8.js:30050:32
            </failure>
        </testcase>
    </testsuite>
    <testsuite name="src/config/config.integration.test.ts" timestamp="2025-10-09T16:01:25.810Z" hostname="uby" tests="1" failures="1" errors="0" skipped="0" time="0">
        <testcase classname="src/config/config.integration.test.ts" name="src/config/config.integration.test.ts" time="0">
            <failure message="Failed to resolve entry for package &quot;@qwen-code/qwen-code-core&quot;. The package may have incorrect main/module/exports specified in its package.json." type="Error">
Error: Failed to resolve entry for package &quot;@qwen-code/qwen-code-core&quot;. The package may have incorrect main/module/exports specified in its package.json.
  Plugin: vite:import-analysis
  File: /home/atmandk/LowCal-dev/packages/cli/src/config/config.integration.test.ts:15:0
  12 |  const __vi_import_1__ = await import(&quot;node:path&quot;);
  13 |  const __vi_import_2__ = await import(&quot;node:os&quot;);
  14 |  const __vi_import_3__ = await import(&quot;@qwen-code/qwen-code-core&quot;);
     |                                       ^
  15 |  const __vi_import_4__ = await import(&quot;msw&quot;);
  16 |  const __vi_import_5__ = await import(&quot;msw/node&quot;);
 ❯ packageEntryFailure ../../node_modules/vite/dist/node/chunks/dep-Bsx9IwL8.js:12218:32
 ❯ resolvePackageEntry ../../node_modules/vite/dist/node/chunks/dep-Bsx9IwL8.js:12215:2
 ❯ tryNodeResolve ../../node_modules/vite/dist/node/chunks/dep-Bsx9IwL8.js:12116:17
 ❯ ResolveIdContext.resolveId ../../node_modules/vite/dist/node/chunks/dep-Bsx9IwL8.js:11955:15
 ❯ EnvironmentPluginContainer.resolveId ../../node_modules/vite/dist/node/chunks/dep-Bsx9IwL8.js:31194:56
 ❯ TransformPluginContext.resolve ../../node_modules/vite/dist/node/chunks/dep-Bsx9IwL8.js:31376:13
 ❯ normalizeUrl ../../node_modules/vite/dist/node/chunks/dep-Bsx9IwL8.js:29984:22
 ❯ ../../node_modules/vite/dist/node/chunks/dep-Bsx9IwL8.js:30050:32
            </failure>
        </testcase>
    </testsuite>
    <testsuite name="src/config/config.test.ts" timestamp="2025-10-09T16:01:25.811Z" hostname="uby" tests="1" failures="1" errors="0" skipped="0" time="0">
        <testcase classname="src/config/config.test.ts" name="src/config/config.test.ts" time="0">
            <failure message="Failed to resolve entry for package &quot;@qwen-code/qwen-code-core&quot;. The package may have incorrect main/module/exports specified in its package.json." type="Error">
Error: Failed to resolve entry for package &quot;@qwen-code/qwen-code-core&quot;. The package may have incorrect main/module/exports specified in its package.json.
  Plugin: vite:import-analysis
  File: /home/atmandk/LowCal-dev/packages/cli/src/config/config.test.ts:18:0
  79 |  const __vi_import_0__ = await import(&quot;node:os&quot;);
  80 |  const __vi_import_1__ = await import(&quot;node:path&quot;);
  81 |  const __vi_import_2__ = await import(&quot;@qwen-code/qwen-code-core&quot;);
     |                                       ^
  82 |  const __vi_import_3__ = await import(&quot;./config.js&quot;);
  83 |  const __vi_import_4__ = await import(&quot;@qwen-code/qwen-code-core&quot;);
 ❯ packageEntryFailure ../../node_modules/vite/dist/node/chunks/dep-Bsx9IwL8.js:12218:32
 ❯ resolvePackageEntry ../../node_modules/vite/dist/node/chunks/dep-Bsx9IwL8.js:12215:2
 ❯ tryNodeResolve ../../node_modules/vite/dist/node/chunks/dep-Bsx9IwL8.js:12116:17
 ❯ ResolveIdContext.resolveId ../../node_modules/vite/dist/node/chunks/dep-Bsx9IwL8.js:11955:15
 ❯ EnvironmentPluginContainer.resolveId ../../node_modules/vite/dist/node/chunks/dep-Bsx9IwL8.js:31194:56
 ❯ TransformPluginContext.resolve ../../node_modules/vite/dist/node/chunks/dep-Bsx9IwL8.js:31376:13
 ❯ normalizeUrl ../../node_modules/vite/dist/node/chunks/dep-Bsx9IwL8.js:29984:22
 ❯ ../../node_modules/vite/dist/node/chunks/dep-Bsx9IwL8.js:30050:32
            </failure>
        </testcase>
    </testsuite>
    <testsuite name="src/config/extension.test.ts" timestamp="2025-10-09T16:01:25.811Z" hostname="uby" tests="1" failures="1" errors="0" skipped="0" time="0">
        <testcase classname="src/config/extension.test.ts" name="src/config/extension.test.ts" time="0">
            <failure message="Failed to resolve entry for package &quot;@qwen-code/qwen-code-core&quot;. The package may have incorrect main/module/exports specified in its package.json." type="Error">
Error: Failed to resolve entry for package &quot;@qwen-code/qwen-code-core&quot;. The package may have incorrect main/module/exports specified in its package.json.
  Plugin: vite:import-analysis
  File: /home/atmandk/LowCal-dev/packages/cli/src/config/extension.test.ts:24:0
  20 |  const __vi_import_2__ = await import(&quot;node:path&quot;);
  21 |  const __vi_import_3__ = await import(&quot;./extension.js&quot;);
  22 |  const __vi_import_4__ = await import(&quot;@qwen-code/qwen-code-core&quot;);
     |                                       ^
  23 |  const __vi_import_5__ = await import(&quot;node:child_process&quot;);
  24 |  const __vi_import_6__ = await import(&quot;./settings.js&quot;);
 ❯ packageEntryFailure ../../node_modules/vite/dist/node/chunks/dep-Bsx9IwL8.js:12218:32
 ❯ resolvePackageEntry ../../node_modules/vite/dist/node/chunks/dep-Bsx9IwL8.js:12215:2
 ❯ tryNodeResolve ../../node_modules/vite/dist/node/chunks/dep-Bsx9IwL8.js:12116:17
 ❯ ResolveIdContext.resolveId ../../node_modules/vite/dist/node/chunks/dep-Bsx9IwL8.js:11955:15
 ❯ EnvironmentPluginContainer.resolveId ../../node_modules/vite/dist/node/chunks/dep-Bsx9IwL8.js:31194:56
 ❯ TransformPluginContext.resolve ../../node_modules/vite/dist/node/chunks/dep-Bsx9IwL8.js:31376:13
 ❯ normalizeUrl ../../node_modules/vite/dist/node/chunks/dep-Bsx9IwL8.js:29984:22
 ❯ ../../node_modules/vite/dist/node/chunks/dep-Bsx9IwL8.js:30050:32
            </failure>
        </testcase>
    </testsuite>
    <testsuite name="src/config/keyBindings.test.ts" timestamp="2025-10-09T16:01:25.811Z" hostname="uby" tests="3" failures="0" errors="0" skipped="0" time="0.005330914">
        <testcase classname="src/config/keyBindings.test.ts" name="keyBindings config &gt; defaultKeyBindings &gt; should have bindings for all commands" time="0.002309259">
        </testcase>
        <testcase classname="src/config/keyBindings.test.ts" name="keyBindings config &gt; defaultKeyBindings &gt; should have valid key binding structures" time="0.001540397">
        </testcase>
        <testcase classname="src/config/keyBindings.test.ts" name="keyBindings config &gt; defaultKeyBindings &gt; should export all required types" time="0.000196112">
        </testcase>
    </testsuite>
    <testsuite name="src/config/settings.test.ts" timestamp="2025-10-09T16:01:25.812Z" hostname="uby" tests="1" failures="1" errors="0" skipped="0" time="0">
        <testcase classname="src/config/settings.test.ts" name="src/config/settings.test.ts" time="0">
            <failure message="[vitest] There was an error when mocking a module. If you are using &quot;vi.mock&quot; factory, make sure there are no top level variables inside, since this call is hoisted to top of the file. Read more: https://vitest.dev/api/vi.html#vi-mock" type="Error">
Error: [vitest] There was an error when mocking a module. If you are using &quot;vi.mock&quot; factory, make sure there are no top level variables inside, since this call is hoisted to top of the file. Read more: https://vitest.dev/api/vi.html#vi-mock
 ❯ src/config/settings.test.ts:53:1

Caused by: Caused by: Error: Failed to resolve entry for package &quot;@qwen-code/qwen-code-core&quot;. The package may have incorrect main/module/exports specified in its package.json.
  Plugin: vite:import-analysis
  File: /home/atmandk/LowCal-dev/packages/cli/src/config/settings.ts:15:7
  12 |    getErrorMessage,
  13 |    Storage
  14 |  } from &quot;@qwen-code/qwen-code-core&quot;;
     |          ^
  15 |  import stripJsonComments from &quot;strip-json-comments&quot;;
  16 |  import { DefaultLight } from &quot;../ui/themes/default-light.js&quot;;
 ❯ packageEntryFailure ../../node_modules/vite/dist/node/chunks/dep-Bsx9IwL8.js:12218:32
 ❯ resolvePackageEntry ../../node_modules/vite/dist/node/chunks/dep-Bsx9IwL8.js:12215:2
 ❯ tryNodeResolve ../../node_modules/vite/dist/node/chunks/dep-Bsx9IwL8.js:12116:17
 ❯ ResolveIdContext.resolveId ../../node_modules/vite/dist/node/chunks/dep-Bsx9IwL8.js:11955:15
 ❯ EnvironmentPluginContainer.resolveId ../../node_modules/vite/dist/node/chunks/dep-Bsx9IwL8.js:31194:56
 ❯ TransformPluginContext.resolve ../../node_modules/vite/dist/node/chunks/dep-Bsx9IwL8.js:31376:13
 ❯ normalizeUrl ../../node_modules/vite/dist/node/chunks/dep-Bsx9IwL8.js:29984:22
 ❯ ../../node_modules/vite/dist/node/chunks/dep-Bsx9IwL8.js:30050:32
            </failure>
        </testcase>
    </testsuite>
    <testsuite name="src/config/settingsSchema.test.ts" timestamp="2025-10-09T16:01:25.812Z" hostname="uby" tests="14" failures="0" errors="0" skipped="0" time="0.021345116">
        <testcase classname="src/config/settingsSchema.test.ts" name="SettingsSchema &gt; SETTINGS_SCHEMA &gt; should contain all expected top-level settings" time="0.003751093">
        </testcase>
        <testcase classname="src/config/settingsSchema.test.ts" name="SettingsSchema &gt; SETTINGS_SCHEMA &gt; should have correct structure for each setting" time="0.003693828">
        </testcase>
        <testcase classname="src/config/settingsSchema.test.ts" name="SettingsSchema &gt; SETTINGS_SCHEMA &gt; should have correct nested setting structure" time="0.001393616">
        </testcase>
        <testcase classname="src/config/settingsSchema.test.ts" name="SettingsSchema &gt; SETTINGS_SCHEMA &gt; should have accessibility nested properties" time="0.000154325">
        </testcase>
        <testcase classname="src/config/settingsSchema.test.ts" name="SettingsSchema &gt; SETTINGS_SCHEMA &gt; should have checkpointing nested properties" time="0.000125151">
        </testcase>
        <testcase classname="src/config/settingsSchema.test.ts" name="SettingsSchema &gt; SETTINGS_SCHEMA &gt; should have fileFiltering nested properties" time="0.000098091">
        </testcase>
        <testcase classname="src/config/settingsSchema.test.ts" name="SettingsSchema &gt; SETTINGS_SCHEMA &gt; should have unique categories" time="0.001520891">
        </testcase>
        <testcase classname="src/config/settingsSchema.test.ts" name="SettingsSchema &gt; SETTINGS_SCHEMA &gt; should have consistent default values for boolean settings" time="0.001328135">
        </testcase>
        <testcase classname="src/config/settingsSchema.test.ts" name="SettingsSchema &gt; SETTINGS_SCHEMA &gt; should have showInDialog property configured" time="0.000549115">
        </testcase>
        <testcase classname="src/config/settingsSchema.test.ts" name="SettingsSchema &gt; SETTINGS_SCHEMA &gt; should infer Settings type correctly" time="0.001335318">
        </testcase>
        <testcase classname="src/config/settingsSchema.test.ts" name="SettingsSchema &gt; SETTINGS_SCHEMA &gt; should have includeDirectories setting in schema" time="0.000207984">
        </testcase>
        <testcase classname="src/config/settingsSchema.test.ts" name="SettingsSchema &gt; SETTINGS_SCHEMA &gt; should have loadMemoryFromIncludeDirectories setting in schema" time="0.000122537">
        </testcase>
        <testcase classname="src/config/settingsSchema.test.ts" name="SettingsSchema &gt; SETTINGS_SCHEMA &gt; should have folderTrustFeature setting in schema" time="0.000120252">
        </testcase>
        <testcase classname="src/config/settingsSchema.test.ts" name="SettingsSchema &gt; SETTINGS_SCHEMA &gt; should have debugKeystrokeLogging setting in schema" time="0.000144297">
        </testcase>
    </testsuite>
    <testsuite name="src/config/trustedFolders.test.ts" timestamp="2025-10-09T16:01:25.813Z" hostname="uby" tests="1" failures="1" errors="0" skipped="0" time="0">
        <testcase classname="src/config/trustedFolders.test.ts" name="src/config/trustedFolders.test.ts" time="0">
            <failure message="Failed to resolve entry for package &quot;@qwen-code/qwen-code-core&quot;. The package may have incorrect main/module/exports specified in its package.json." type="Error">
Error: Failed to resolve entry for package &quot;@qwen-code/qwen-code-core&quot;. The package may have incorrect main/module/exports specified in its package.json.
  Plugin: vite:import-analysis
  File: /home/atmandk/LowCal-dev/packages/cli/src/config/trustedFolders.ts:10:46
  7  |  import * as path from &quot;node:path&quot;;
  8  |  import { homedir } from &quot;node:os&quot;;
  9  |  import { getErrorMessage, isWithinRoot } from &quot;@qwen-code/qwen-code-core&quot;;
     |                                                 ^
  10 |  import stripJsonComments from &quot;strip-json-comments&quot;;
  11 |  export const TRUSTED_FOLDERS_FILENAME = &quot;trustedFolders.json&quot;;
 ❯ packageEntryFailure ../../node_modules/vite/dist/node/chunks/dep-Bsx9IwL8.js:12218:32
 ❯ resolvePackageEntry ../../node_modules/vite/dist/node/chunks/dep-Bsx9IwL8.js:12215:2
 ❯ tryNodeResolve ../../node_modules/vite/dist/node/chunks/dep-Bsx9IwL8.js:12116:17
 ❯ ResolveIdContext.resolveId ../../node_modules/vite/dist/node/chunks/dep-Bsx9IwL8.js:11955:15
 ❯ EnvironmentPluginContainer.resolveId ../../node_modules/vite/dist/node/chunks/dep-Bsx9IwL8.js:31194:56
 ❯ TransformPluginContext.resolve ../../node_modules/vite/dist/node/chunks/dep-Bsx9IwL8.js:31376:13
 ❯ normalizeUrl ../../node_modules/vite/dist/node/chunks/dep-Bsx9IwL8.js:29984:22
 ❯ ../../node_modules/vite/dist/node/chunks/dep-Bsx9IwL8.js:30050:32
            </failure>
        </testcase>
    </testsuite>
    <testsuite name="src/commands/mcp.test.ts" timestamp="2025-10-09T16:01:25.813Z" hostname="uby" tests="1" failures="1" errors="0" skipped="0" time="0">
        <testcase classname="src/commands/mcp.test.ts" name="src/commands/mcp.test.ts" time="0">
            <failure message="Failed to resolve entry for package &quot;@qwen-code/qwen-code-core&quot;. The package may have incorrect main/module/exports specified in its package.json." type="Error">
Error: Failed to resolve entry for package &quot;@qwen-code/qwen-code-core&quot;. The package may have incorrect main/module/exports specified in its package.json.
  Plugin: vite:import-analysis
  File: /home/atmandk/LowCal-dev/packages/cli/src/config/settings.ts:15:7
  12 |    getErrorMessage,
  13 |    Storage
  14 |  } from &quot;@qwen-code/qwen-code-core&quot;;
     |          ^
  15 |  import stripJsonComments from &quot;strip-json-comments&quot;;
  16 |  import { DefaultLight } from &quot;../ui/themes/default-light.js&quot;;
 ❯ packageEntryFailure ../../node_modules/vite/dist/node/chunks/dep-Bsx9IwL8.js:12218:32
 ❯ resolvePackageEntry ../../node_modules/vite/dist/node/chunks/dep-Bsx9IwL8.js:12215:2
 ❯ tryNodeResolve ../../node_modules/vite/dist/node/chunks/dep-Bsx9IwL8.js:12116:17
 ❯ ResolveIdContext.resolveId ../../node_modules/vite/dist/node/chunks/dep-Bsx9IwL8.js:11955:15
 ❯ EnvironmentPluginContainer.resolveId ../../node_modules/vite/dist/node/chunks/dep-Bsx9IwL8.js:31194:56
 ❯ TransformPluginContext.resolve ../../node_modules/vite/dist/node/chunks/dep-Bsx9IwL8.js:31376:13
 ❯ normalizeUrl ../../node_modules/vite/dist/node/chunks/dep-Bsx9IwL8.js:29984:22
 ❯ ../../node_modules/vite/dist/node/chunks/dep-Bsx9IwL8.js:30050:32
            </failure>
        </testcase>
    </testsuite>
    <testsuite name="src/test-utils/mockCommandContext.test.ts" timestamp="2025-10-09T16:01:25.813Z" hostname="uby" tests="3" failures="0" errors="0" skipped="0" time="0.005203107">
        <testcase classname="src/test-utils/mockCommandContext.test.ts" name="createMockCommandContext &gt; should return a valid CommandContext object with default mocks" time="0.002579839">
        </testcase>
        <testcase classname="src/test-utils/mockCommandContext.test.ts" name="createMockCommandContext &gt; should apply top-level overrides correctly" time="0.000903741">
        </testcase>
        <testcase classname="src/test-utils/mockCommandContext.test.ts" name="createMockCommandContext &gt; should apply deeply nested overrides correctly" time="0.000509742">
        </testcase>
    </testsuite>
    <testsuite name="src/services/BuiltinCommandLoader.test.ts" timestamp="2025-10-09T16:01:25.813Z" hostname="uby" tests="1" failures="1" errors="0" skipped="0" time="0">
        <testcase classname="src/services/BuiltinCommandLoader.test.ts" name="src/services/BuiltinCommandLoader.test.ts" time="0">
            <failure message="Failed to resolve entry for package &quot;@qwen-code/qwen-code-core&quot;. The package may have incorrect main/module/exports specified in its package.json." type="Error">
Error: Failed to resolve entry for package &quot;@qwen-code/qwen-code-core&quot;. The package may have incorrect main/module/exports specified in its package.json.
  Plugin: vite:import-analysis
  File: /home/atmandk/LowCal-dev/packages/cli/src/ui/commands/directoryCommand.tsx:12:45
  8  |  import * as os from &quot;node:os&quot;;
  9  |  import * as path from &quot;node:path&quot;;
  10 |  import { loadServerHierarchicalMemory } from &quot;@qwen-code/qwen-code-core&quot;;
     |                                                ^
  11 |  export function expandHomeDir(p) {
  12 |    if (!p) {
 ❯ packageEntryFailure ../../node_modules/vite/dist/node/chunks/dep-Bsx9IwL8.js:12218:32
 ❯ resolvePackageEntry ../../node_modules/vite/dist/node/chunks/dep-Bsx9IwL8.js:12215:2
 ❯ tryNodeResolve ../../node_modules/vite/dist/node/chunks/dep-Bsx9IwL8.js:12116:17
 ❯ ResolveIdContext.resolveId ../../node_modules/vite/dist/node/chunks/dep-Bsx9IwL8.js:11955:15
 ❯ EnvironmentPluginContainer.resolveId ../../node_modules/vite/dist/node/chunks/dep-Bsx9IwL8.js:31194:56
 ❯ TransformPluginContext.resolve ../../node_modules/vite/dist/node/chunks/dep-Bsx9IwL8.js:31376:13
 ❯ normalizeUrl ../../node_modules/vite/dist/node/chunks/dep-Bsx9IwL8.js:29984:22
 ❯ ../../node_modules/vite/dist/node/chunks/dep-Bsx9IwL8.js:30050:32
            </failure>
        </testcase>
    </testsuite>
    <testsuite name="src/services/CommandService.test.ts" timestamp="2025-10-09T16:01:25.814Z" hostname="uby" tests="11" failures="0" errors="0" skipped="0" time="0.024269321">
        <testcase classname="src/services/CommandService.test.ts" name="CommandService &gt; should load commands from a single loader" time="0.008116222">
        </testcase>
        <testcase classname="src/services/CommandService.test.ts" name="CommandService &gt; should aggregate commands from multiple loaders" time="0.0042576">
        </testcase>
        <testcase classname="src/services/CommandService.test.ts" name="CommandService &gt; should override commands from earlier loaders with those from later loaders" time="0.001217069">
        </testcase>
        <testcase classname="src/services/CommandService.test.ts" name="CommandService &gt; should handle loaders that return an empty array of commands gracefully" time="0.000561628">
        </testcase>
        <testcase classname="src/services/CommandService.test.ts" name="CommandService &gt; should load commands from successful loaders even if one fails" time="0.001290265">
        </testcase>
        <testcase classname="src/services/CommandService.test.ts" name="CommandService &gt; getCommands should return a readonly array that cannot be mutated" time="0.001425155">
        </testcase>
        <testcase classname="src/services/CommandService.test.ts" name="CommandService &gt; should pass the abort signal to all loaders" time="0.002285395">
        </testcase>
        <testcase classname="src/services/CommandService.test.ts" name="CommandService &gt; should rename extension commands when they conflict" time="0.001024554">
        </testcase>
        <testcase classname="src/services/CommandService.test.ts" name="CommandService &gt; should handle user/project command override correctly" time="0.000994238">
        </testcase>
        <testcase classname="src/services/CommandService.test.ts" name="CommandService &gt; should handle secondary conflicts when renaming extension commands" time="0.000694474">
        </testcase>
        <testcase classname="src/services/CommandService.test.ts" name="CommandService &gt; should handle multiple secondary conflicts with incrementing suffixes" time="0.00054132">
        </testcase>
    </testsuite>
    <testsuite name="src/services/FileCommandLoader.test.ts" timestamp="2025-10-09T16:01:25.814Z" hostname="uby" tests="1" failures="1" errors="0" skipped="0" time="0">
        <testcase classname="src/services/FileCommandLoader.test.ts" name="src/services/FileCommandLoader.test.ts" time="0">
            <failure message="Failed to resolve entry for package &quot;@qwen-code/qwen-code-core&quot;. The package may have incorrect main/module/exports specified in its package.json." type="Error">
Error: Failed to resolve entry for package &quot;@qwen-code/qwen-code-core&quot;. The package may have incorrect main/module/exports specified in its package.json.
  Plugin: vite:import-analysis
  File: /home/atmandk/LowCal-dev/packages/cli/src/services/FileCommandLoader.test.ts:9:0
  36 |  });
  37 |  const __vi_import_0__ = await import(&quot;node:path&quot;);
  38 |  const __vi_import_1__ = await import(&quot;@qwen-code/qwen-code-core&quot;);
     |                                       ^
  39 |  const __vi_import_2__ = await import(&quot;mock-fs&quot;);
  40 |  const __vi_import_3__ = await import(&quot;./FileCommandLoader.js&quot;);
 ❯ packageEntryFailure ../../node_modules/vite/dist/node/chunks/dep-Bsx9IwL8.js:12218:32
 ❯ resolvePackageEntry ../../node_modules/vite/dist/node/chunks/dep-Bsx9IwL8.js:12215:2
 ❯ tryNodeResolve ../../node_modules/vite/dist/node/chunks/dep-Bsx9IwL8.js:12116:17
 ❯ ResolveIdContext.resolveId ../../node_modules/vite/dist/node/chunks/dep-Bsx9IwL8.js:11955:15
 ❯ EnvironmentPluginContainer.resolveId ../../node_modules/vite/dist/node/chunks/dep-Bsx9IwL8.js:31194:56
 ❯ TransformPluginContext.resolve ../../node_modules/vite/dist/node/chunks/dep-Bsx9IwL8.js:31376:13
 ❯ normalizeUrl ../../node_modules/vite/dist/node/chunks/dep-Bsx9IwL8.js:29984:22
 ❯ ../../node_modules/vite/dist/node/chunks/dep-Bsx9IwL8.js:30050:32
            </failure>
        </testcase>
    </testsuite>
    <testsuite name="src/services/McpPromptLoader.test.ts" timestamp="2025-10-09T16:01:25.814Z" hostname="uby" tests="1" failures="1" errors="0" skipped="0" time="0">
        <testcase classname="src/services/McpPromptLoader.test.ts" name="src/services/McpPromptLoader.test.ts" time="0">
            <failure message="Failed to resolve entry for package &quot;@qwen-code/qwen-code-core&quot;. The package may have incorrect main/module/exports specified in its package.json." type="Error">
Error: Failed to resolve entry for package &quot;@qwen-code/qwen-code-core&quot;. The package may have incorrect main/module/exports specified in its package.json.
  Plugin: vite:import-analysis
  File: /home/atmandk/LowCal-dev/packages/cli/src/services/McpPromptLoader.ts:11:7
  7  |    getErrorMessage,
  8  |    getMCPServerPrompts
  9  |  } from &quot;@qwen-code/qwen-code-core&quot;;
     |          ^
  10 |  import { CommandKind } from &quot;../ui/commands/types.js&quot;;
  11 |  export class McpPromptLoader {
 ❯ packageEntryFailure ../../node_modules/vite/dist/node/chunks/dep-Bsx9IwL8.js:12218:32
 ❯ resolvePackageEntry ../../node_modules/vite/dist/node/chunks/dep-Bsx9IwL8.js:12215:2
 ❯ tryNodeResolve ../../node_modules/vite/dist/node/chunks/dep-Bsx9IwL8.js:12116:17
 ❯ ResolveIdContext.resolveId ../../node_modules/vite/dist/node/chunks/dep-Bsx9IwL8.js:11955:15
 ❯ EnvironmentPluginContainer.resolveId ../../node_modules/vite/dist/node/chunks/dep-Bsx9IwL8.js:31194:56
 ❯ TransformPluginContext.resolve ../../node_modules/vite/dist/node/chunks/dep-Bsx9IwL8.js:31376:13
 ❯ normalizeUrl ../../node_modules/vite/dist/node/chunks/dep-Bsx9IwL8.js:29984:22
 ❯ ../../node_modules/vite/dist/node/chunks/dep-Bsx9IwL8.js:30050:32
            </failure>
        </testcase>
    </testsuite>
    <testsuite name="src/ui/App.test.tsx" timestamp="2025-10-09T16:01:25.815Z" hostname="uby" tests="1" failures="1" errors="0" skipped="0" time="0">
        <testcase classname="src/ui/App.test.tsx" name="src/ui/App.test.tsx" time="0">
            <failure message="Failed to resolve entry for package &quot;@qwen-code/qwen-code-core&quot;. The package may have incorrect main/module/exports specified in its package.json." type="Error">
Error: Failed to resolve entry for package &quot;@qwen-code/qwen-code-core&quot;. The package may have incorrect main/module/exports specified in its package.json.
  Plugin: vite:import-analysis
  File: /home/atmandk/LowCal-dev/packages/cli/src/ui/App.test.tsx:15:0
  155|  vi.mock(&quot;node:child_process&quot;);
  156|  const __vi_import_0__ = await import(&quot;react/jsx-dev-runtime&quot;);
  157|  const __vi_import_1__ = await import(&quot;@qwen-code/qwen-code-core&quot;);
     |                                       ^
  158|  const __vi_import_2__ = await import(&quot;@testing-library/react&quot;);
  159|  const __vi_import_3__ = await import(&quot;node:events&quot;);
 ❯ packageEntryFailure ../../node_modules/vite/dist/node/chunks/dep-Bsx9IwL8.js:12218:32
 ❯ resolvePackageEntry ../../node_modules/vite/dist/node/chunks/dep-Bsx9IwL8.js:12215:2
 ❯ tryNodeResolve ../../node_modules/vite/dist/node/chunks/dep-Bsx9IwL8.js:12116:17
 ❯ ResolveIdContext.resolveId ../../node_modules/vite/dist/node/chunks/dep-Bsx9IwL8.js:11955:15
 ❯ EnvironmentPluginContainer.resolveId ../../node_modules/vite/dist/node/chunks/dep-Bsx9IwL8.js:31194:56
 ❯ TransformPluginContext.resolve ../../node_modules/vite/dist/node/chunks/dep-Bsx9IwL8.js:31376:13
 ❯ normalizeUrl ../../node_modules/vite/dist/node/chunks/dep-Bsx9IwL8.js:29984:22
 ❯ ../../node_modules/vite/dist/node/chunks/dep-Bsx9IwL8.js:30050:32
            </failure>
        </testcase>
    </testsuite>
    <testsuite name="src/ui/keyMatchers.test.ts" timestamp="2025-10-09T16:01:25.815Z" hostname="uby" tests="33" failures="0" errors="0" skipped="0" time="0.011451327">
        <testcase classname="src/ui/keyMatchers.test.ts" name="keyMatchers &gt; Data-driven key binding matches original logic &gt; should match return correctly" time="0.001851392">
        </testcase>
        <testcase classname="src/ui/keyMatchers.test.ts" name="keyMatchers &gt; Data-driven key binding matches original logic &gt; should match escape correctly" time="0.000309553">
        </testcase>
        <testcase classname="src/ui/keyMatchers.test.ts" name="keyMatchers &gt; Data-driven key binding matches original logic &gt; should match home correctly" time="0.000531092">
        </testcase>
        <testcase classname="src/ui/keyMatchers.test.ts" name="keyMatchers &gt; Data-driven key binding matches original logic &gt; should match end correctly" time="0.000226409">
        </testcase>
        <testcase classname="src/ui/keyMatchers.test.ts" name="keyMatchers &gt; Data-driven key binding matches original logic &gt; should match killLineRight correctly" time="0.000193588">
        </testcase>
        <testcase classname="src/ui/keyMatchers.test.ts" name="keyMatchers &gt; Data-driven key binding matches original logic &gt; should match killLineLeft correctly" time="0.000182698">
        </testcase>
        <testcase classname="src/ui/keyMatchers.test.ts" name="keyMatchers &gt; Data-driven key binding matches original logic &gt; should match clearInput correctly" time="0.000139528">
        </testcase>
        <testcase classname="src/ui/keyMatchers.test.ts" name="keyMatchers &gt; Data-driven key binding matches original logic &gt; should match clearScreen correctly" time="0.000121915">
        </testcase>
        <testcase classname="src/ui/keyMatchers.test.ts" name="keyMatchers &gt; Data-driven key binding matches original logic &gt; should match historyUp correctly" time="0.000314191">
        </testcase>
        <testcase classname="src/ui/keyMatchers.test.ts" name="keyMatchers &gt; Data-driven key binding matches original logic &gt; should match historyDown correctly" time="0.000142474">
        </testcase>
        <testcase classname="src/ui/keyMatchers.test.ts" name="keyMatchers &gt; Data-driven key binding matches original logic &gt; should match navigationUp correctly" time="0.000147182">
        </testcase>
        <testcase classname="src/ui/keyMatchers.test.ts" name="keyMatchers &gt; Data-driven key binding matches original logic &gt; should match navigationDown correctly" time="0.000147423">
        </testcase>
        <testcase classname="src/ui/keyMatchers.test.ts" name="keyMatchers &gt; Data-driven key binding matches original logic &gt; should match acceptSuggestion correctly" time="0.000142353">
        </testcase>
        <testcase classname="src/ui/keyMatchers.test.ts" name="keyMatchers &gt; Data-driven key binding matches original logic &gt; should match completionUp correctly" time="0.000149947">
        </testcase>
        <testcase classname="src/ui/keyMatchers.test.ts" name="keyMatchers &gt; Data-driven key binding matches original logic &gt; should match completionDown correctly" time="0.000338165">
        </testcase>
        <testcase classname="src/ui/keyMatchers.test.ts" name="keyMatchers &gt; Data-driven key binding matches original logic &gt; should match submit correctly" time="0.000477582">
        </testcase>
        <testcase classname="src/ui/keyMatchers.test.ts" name="keyMatchers &gt; Data-driven key binding matches original logic &gt; should match newline correctly" time="0.000253819">
        </testcase>
        <testcase classname="src/ui/keyMatchers.test.ts" name="keyMatchers &gt; Data-driven key binding matches original logic &gt; should match openExternalEditor correctly" time="0.000170545">
        </testcase>
        <testcase classname="src/ui/keyMatchers.test.ts" name="keyMatchers &gt; Data-driven key binding matches original logic &gt; should match pasteClipboardImage correctly" time="0.00011934">
        </testcase>
        <testcase classname="src/ui/keyMatchers.test.ts" name="keyMatchers &gt; Data-driven key binding matches original logic &gt; should match showErrorDetails correctly" time="0.000121965">
        </testcase>
        <testcase classname="src/ui/keyMatchers.test.ts" name="keyMatchers &gt; Data-driven key binding matches original logic &gt; should match toggleToolDescriptions correctly" time="0.000125442">
        </testcase>
        <testcase classname="src/ui/keyMatchers.test.ts" name="keyMatchers &gt; Data-driven key binding matches original logic &gt; should match toggleIDEContextDetail correctly" time="0.000113379">
        </testcase>
        <testcase classname="src/ui/keyMatchers.test.ts" name="keyMatchers &gt; Data-driven key binding matches original logic &gt; should match quit correctly" time="0.000104013">
        </testcase>
        <testcase classname="src/ui/keyMatchers.test.ts" name="keyMatchers &gt; Data-driven key binding matches original logic &gt; should match exit correctly" time="0.000509121">
        </testcase>
        <testcase classname="src/ui/keyMatchers.test.ts" name="keyMatchers &gt; Data-driven key binding matches original logic &gt; should match showMoreLines correctly" time="0.000135661">
        </testcase>
        <testcase classname="src/ui/keyMatchers.test.ts" name="keyMatchers &gt; Data-driven key binding matches original logic &gt; should match toggleYoloMode correctly" time="0.000122867">
        </testcase>
        <testcase classname="src/ui/keyMatchers.test.ts" name="keyMatchers &gt; Data-driven key binding matches original logic &gt; should match reverseSearch correctly" time="0.000212453">
        </testcase>
        <testcase classname="src/ui/keyMatchers.test.ts" name="keyMatchers &gt; Data-driven key binding matches original logic &gt; should match submitReverseSearch correctly" time="0.000129099">
        </testcase>
        <testcase classname="src/ui/keyMatchers.test.ts" name="keyMatchers &gt; Data-driven key binding matches original logic &gt; should match acceptSuggestionReverseSearch correctly" time="0.000220147">
        </testcase>
        <testcase classname="src/ui/keyMatchers.test.ts" name="keyMatchers &gt; Data-driven key binding matches original logic &gt; should properly handle ACCEPT_SUGGESTION_REVERSE_SEARCH cases" time="0.000143515">
        </testcase>
        <testcase classname="src/ui/keyMatchers.test.ts" name="keyMatchers &gt; Custom key bindings &gt; should work with custom configuration" time="0.000202244">
        </testcase>
        <testcase classname="src/ui/keyMatchers.test.ts" name="keyMatchers &gt; Custom key bindings &gt; should support multiple key bindings for same command" time="0.001348493">
        </testcase>
        <testcase classname="src/ui/keyMatchers.test.ts" name="keyMatchers &gt; Edge Cases &gt; should handle empty binding arrays" time="0.000139227">
        </testcase>
    </testsuite>
    <testsuite name="src/utils/cleanup.test.ts" timestamp="2025-10-09T16:01:25.816Z" hostname="uby" tests="1" failures="1" errors="0" skipped="0" time="0">
        <testcase classname="src/utils/cleanup.test.ts" name="src/utils/cleanup.test.ts" time="0">
            <failure message="Failed to resolve entry for package &quot;@qwen-code/qwen-code-core&quot;. The package may have incorrect main/module/exports specified in its package.json." type="Error">
Error: Failed to resolve entry for package &quot;@qwen-code/qwen-code-core&quot;. The package may have incorrect main/module/exports specified in its package.json.
  Plugin: vite:import-analysis
  File: /home/atmandk/LowCal-dev/packages/cli/src/utils/cleanup.ts:9:24
  6  |  import { promises as fs } from &quot;node:fs&quot;;
  7  |  import { join } from &quot;node:path&quot;;
  8  |  import { Storage } from &quot;@qwen-code/qwen-code-core&quot;;
     |                           ^
  9  |  const cleanupFunctions = [];
  10 |  export function registerCleanup(fn) {
 ❯ packageEntryFailure ../../node_modules/vite/dist/node/chunks/dep-Bsx9IwL8.js:12218:32
 ❯ resolvePackageEntry ../../node_modules/vite/dist/node/chunks/dep-Bsx9IwL8.js:12215:2
 ❯ tryNodeResolve ../../node_modules/vite/dist/node/chunks/dep-Bsx9IwL8.js:12116:17
 ❯ ResolveIdContext.resolveId ../../node_modules/vite/dist/node/chunks/dep-Bsx9IwL8.js:11955:15
 ❯ EnvironmentPluginContainer.resolveId ../../node_modules/vite/dist/node/chunks/dep-Bsx9IwL8.js:31194:56
 ❯ TransformPluginContext.resolve ../../node_modules/vite/dist/node/chunks/dep-Bsx9IwL8.js:31376:13
 ❯ normalizeUrl ../../node_modules/vite/dist/node/chunks/dep-Bsx9IwL8.js:29984:22
 ❯ ../../node_modules/vite/dist/node/chunks/dep-Bsx9IwL8.js:30050:32
            </failure>
        </testcase>
    </testsuite>
    <testsuite name="src/utils/gitUtils.test.ts" timestamp="2025-10-09T16:01:25.817Z" hostname="uby" tests="12" failures="0" errors="0" skipped="0" time="0.024352655">
        <testcase classname="src/utils/gitUtils.test.ts" name="isGitHubRepository &gt; returns false if the git command fails" time="0.01363316">
            <system-out>
Failed to get git remote: Error: oops
    at [90m/home/atmandk/LowCal-dev/packages/cli/[39msrc/utils/gitUtils.test.ts:29:13
    at mockCall (file:///home/atmandk/LowCal-dev/node_modules/[4m@vitest/spy[24m/dist/index.js:96:15)
    at execSync (file:///home/atmandk/LowCal-dev/node_modules/[4mtinyspy[24m/dist/index.js:47:103)
    at Module.isGitHubRepository [90m(/home/atmandk/LowCal-dev/packages/cli/[39msrc/utils/gitUtils.ts:17:7[90m)[39m
    at [90m/home/atmandk/LowCal-dev/packages/cli/[39msrc/utils/gitUtils.test.ts:31:12
    at file:///home/atmandk/LowCal-dev/node_modules/[4m@vitest/runner[24m/dist/chunk-hooks.js:155:11
    at file:///home/atmandk/LowCal-dev/node_modules/[4m@vitest/runner[24m/dist/chunk-hooks.js:752:26
    at file:///home/atmandk/LowCal-dev/node_modules/[4m@vitest/runner[24m/dist/chunk-hooks.js:1897:20
    at new Promise (&lt;anonymous&gt;)
    at runWithTimeout (file:///home/atmandk/LowCal-dev/node_modules/[4m@vitest/runner[24m/dist/chunk-hooks.js:1863:10)

            </system-out>
        </testcase>
        <testcase classname="src/utils/gitUtils.test.ts" name="isGitHubRepository &gt; returns false if the remote is not github.com" time="0.000508209">
        </testcase>
        <testcase classname="src/utils/gitUtils.test.ts" name="isGitHubRepository &gt; returns true if the remote is github.com" time="0.000214536">
        </testcase>
        <testcase classname="src/utils/gitUtils.test.ts" name="getGitHubRepoInfo &gt; throws an error if github repo info cannot be determined" time="0.001035344">
        </testcase>
        <testcase classname="src/utils/gitUtils.test.ts" name="getGitHubRepoInfo &gt; throws an error if owner/repo could not be determined" time="0.000528607">
        </testcase>
        <testcase classname="src/utils/gitUtils.test.ts" name="getGitHubRepoInfo &gt; returns the owner and repo" time="0.001166897">
        </testcase>
        <testcase classname="src/utils/gitUtils.test.ts" name="getGitRepoRoot &gt; throws an error if git root cannot be determined" time="0.000374953">
        </testcase>
        <testcase classname="src/utils/gitUtils.test.ts" name="getGitRepoRoot &gt; throws an error if git root is empty" time="0.000234744">
        </testcase>
        <testcase classname="src/utils/gitUtils.test.ts" name="getGitRepoRoot &gt; returns the root" time="0.000420408">
        </testcase>
        <testcase classname="src/utils/gitUtils.test.ts" name="getLatestRelease &gt; throws an error if the fetch fails" time="0.002519688">
            <system-out>
Failed to determine latest run-gemini-cli release: nope

            </system-out>
        </testcase>
        <testcase classname="src/utils/gitUtils.test.ts" name="getLatestRelease &gt; throws an error if the fetch does not return a json body" time="0.001251293">
            <system-out>
Failed to determine latest run-gemini-cli release: Error: Response did not include tag_name field
    at Module.getLatestGitHubRelease [90m(/home/atmandk/LowCal-dev/packages/cli/[39msrc/utils/gitUtils.ts:82:13[90m)[39m
[90m    at processTicksAndRejections (node:internal/process/task_queues:105:5)[39m
    at [90m/home/atmandk/LowCal-dev/packages/cli/[39msrc/utils/gitUtils.test.ts:135:5
    at file:///home/atmandk/LowCal-dev/node_modules/[4m@vitest/runner[24m/dist/chunk-hooks.js:752:20

            </system-out>
        </testcase>
        <testcase classname="src/utils/gitUtils.test.ts" name="getLatestRelease &gt; returns the release version" time="0.000759303">
        </testcase>
    </testsuite>
    <testsuite name="src/utils/handleAutoUpdate.test.ts" timestamp="2025-10-09T16:01:25.817Z" hostname="uby" tests="1" failures="1" errors="0" skipped="0" time="0">
        <testcase classname="src/utils/handleAutoUpdate.test.ts" name="src/utils/handleAutoUpdate.test.ts" time="0">
            <failure message="[vitest] There was an error when mocking a module. If you are using &quot;vi.mock&quot; factory, make sure there are no top level variables inside, since this call is hoisted to top of the file. Read more: https://vitest.dev/api/vi.html#vi-mock" type="Error">
Error: [vitest] There was an error when mocking a module. If you are using &quot;vi.mock&quot; factory, make sure there are no top level variables inside, since this call is hoisted to top of the file. Read more: https://vitest.dev/api/vi.html#vi-mock
 ❯ src/utils/handleAutoUpdate.test.ts:9:1

Caused by: Caused by: Error: Failed to resolve entry for package &quot;@qwen-code/qwen-code-core&quot;. The package may have incorrect main/module/exports specified in its package.json.
  Plugin: vite:import-analysis
  File: /home/atmandk/LowCal-dev/packages/cli/src/utils/installationInfo.ts:7:32
  4  |   * SPDX-License-Identifier: Apache-2.0
  5  |   */
  6  |  import { isGitRepository } from &quot;@qwen-code/qwen-code-core&quot;;
     |                                   ^
  7  |  import * as fs from &quot;node:fs&quot;;
  8  |  import * as path from &quot;node:path&quot;;
 ❯ packageEntryFailure ../../node_modules/vite/dist/node/chunks/dep-Bsx9IwL8.js:12218:32
 ❯ resolvePackageEntry ../../node_modules/vite/dist/node/chunks/dep-Bsx9IwL8.js:12215:2
 ❯ tryNodeResolve ../../node_modules/vite/dist/node/chunks/dep-Bsx9IwL8.js:12116:17
 ❯ ResolveIdContext.resolveId ../../node_modules/vite/dist/node/chunks/dep-Bsx9IwL8.js:11955:15
 ❯ EnvironmentPluginContainer.resolveId ../../node_modules/vite/dist/node/chunks/dep-Bsx9IwL8.js:31194:56
 ❯ TransformPluginContext.resolve ../../node_modules/vite/dist/node/chunks/dep-Bsx9IwL8.js:31376:13
 ❯ normalizeUrl ../../node_modules/vite/dist/node/chunks/dep-Bsx9IwL8.js:29984:22
 ❯ ../../node_modules/vite/dist/node/chunks/dep-Bsx9IwL8.js:30050:32
            </failure>
        </testcase>
    </testsuite>
    <testsuite name="src/utils/installationInfo.test.ts" timestamp="2025-10-09T16:01:25.817Z" hostname="uby" tests="1" failures="1" errors="0" skipped="0" time="0">
        <testcase classname="src/utils/installationInfo.test.ts" name="src/utils/installationInfo.test.ts" time="0">
            <failure message="Failed to resolve entry for package &quot;@qwen-code/qwen-code-core&quot;. The package may have incorrect main/module/exports specified in its package.json." type="Error">
Error: Failed to resolve entry for package &quot;@qwen-code/qwen-code-core&quot;. The package may have incorrect main/module/exports specified in its package.json.
  Plugin: vite:import-analysis
  File: /home/atmandk/LowCal-dev/packages/cli/src/utils/installationInfo.test.ts:12:0
  21 |  const __vi_import_2__ = await import(&quot;node:path&quot;);
  22 |  const __vi_import_3__ = await import(&quot;node:child_process&quot;);
  23 |  const __vi_import_4__ = await import(&quot;@qwen-code/qwen-code-core&quot;);
     |                                       ^
  24 |  /**
  25 |   * @license
 ❯ packageEntryFailure ../../node_modules/vite/dist/node/chunks/dep-Bsx9IwL8.js:12218:32
 ❯ resolvePackageEntry ../../node_modules/vite/dist/node/chunks/dep-Bsx9IwL8.js:12215:2
 ❯ tryNodeResolve ../../node_modules/vite/dist/node/chunks/dep-Bsx9IwL8.js:12116:17
 ❯ ResolveIdContext.resolveId ../../node_modules/vite/dist/node/chunks/dep-Bsx9IwL8.js:11955:15
 ❯ EnvironmentPluginContainer.resolveId ../../node_modules/vite/dist/node/chunks/dep-Bsx9IwL8.js:31194:56
 ❯ TransformPluginContext.resolve ../../node_modules/vite/dist/node/chunks/dep-Bsx9IwL8.js:31376:13
 ❯ normalizeUrl ../../node_modules/vite/dist/node/chunks/dep-Bsx9IwL8.js:29984:22
 ❯ ../../node_modules/vite/dist/node/chunks/dep-Bsx9IwL8.js:30050:32
            </failure>
        </testcase>
    </testsuite>
    <testsuite name="src/utils/readStdin.test.ts" timestamp="2025-10-09T16:01:25.818Z" hostname="uby" tests="4" failures="0" errors="0" skipped="0" time="0.007893631">
        <testcase classname="src/utils/readStdin.test.ts" name="readStdin &gt; should read and accumulate data from stdin" time="0.003451881">
        </testcase>
        <testcase classname="src/utils/readStdin.test.ts" name="readStdin &gt; should handle empty stdin input" time="0.00036243">
        </testcase>
        <testcase classname="src/utils/readStdin.test.ts" name="readStdin &gt; should timeout and resolve with empty string when no input is available" time="0.002340817">
        </testcase>
        <testcase classname="src/utils/readStdin.test.ts" name="readStdin &gt; should clear timeout once when data is received and resolve with data" time="0.000532725">
        </testcase>
    </testsuite>
    <testsuite name="src/utils/settingsUtils.test.ts" timestamp="2025-10-09T16:01:25.818Z" hostname="uby" tests="68" failures="0" errors="0" skipped="0" time="0.035958257">
        <testcase classname="src/utils/settingsUtils.test.ts" name="SettingsUtils &gt; Schema Utilities &gt; getSettingsByCategory &gt; should group settings by category" time="0.001369562">
        </testcase>
        <testcase classname="src/utils/settingsUtils.test.ts" name="SettingsUtils &gt; Schema Utilities &gt; getSettingsByCategory &gt; should include key property in grouped settings" time="0.006793257">
        </testcase>
        <testcase classname="src/utils/settingsUtils.test.ts" name="SettingsUtils &gt; Schema Utilities &gt; getSettingDefinition &gt; should return definition for valid setting" time="0.000332545">
        </testcase>
        <testcase classname="src/utils/settingsUtils.test.ts" name="SettingsUtils &gt; Schema Utilities &gt; getSettingDefinition &gt; should return undefined for invalid setting" time="0.000131322">
        </testcase>
        <testcase classname="src/utils/settingsUtils.test.ts" name="SettingsUtils &gt; Schema Utilities &gt; requiresRestart &gt; should return true for settings that require restart" time="0.000153564">
        </testcase>
        <testcase classname="src/utils/settingsUtils.test.ts" name="SettingsUtils &gt; Schema Utilities &gt; requiresRestart &gt; should return false for settings that do not require restart" time="0.000094445">
        </testcase>
        <testcase classname="src/utils/settingsUtils.test.ts" name="SettingsUtils &gt; Schema Utilities &gt; requiresRestart &gt; should return false for invalid settings" time="0.00006537">
        </testcase>
        <testcase classname="src/utils/settingsUtils.test.ts" name="SettingsUtils &gt; Schema Utilities &gt; getDefaultValue &gt; should return correct default values" time="0.00011395">
        </testcase>
        <testcase classname="src/utils/settingsUtils.test.ts" name="SettingsUtils &gt; Schema Utilities &gt; getDefaultValue &gt; should return undefined for invalid settings" time="0.000084806">
        </testcase>
        <testcase classname="src/utils/settingsUtils.test.ts" name="SettingsUtils &gt; Schema Utilities &gt; getRestartRequiredSettings &gt; should return all settings that require restart" time="0.001105805">
        </testcase>
        <testcase classname="src/utils/settingsUtils.test.ts" name="SettingsUtils &gt; Schema Utilities &gt; getEffectiveValue &gt; should return value from settings when set" time="0.000261303">
        </testcase>
        <testcase classname="src/utils/settingsUtils.test.ts" name="SettingsUtils &gt; Schema Utilities &gt; getEffectiveValue &gt; should return value from merged settings when not set in current scope" time="0.000094184">
        </testcase>
        <testcase classname="src/utils/settingsUtils.test.ts" name="SettingsUtils &gt; Schema Utilities &gt; getEffectiveValue &gt; should return default value when not set anywhere" time="0.000060612">
        </testcase>
        <testcase classname="src/utils/settingsUtils.test.ts" name="SettingsUtils &gt; Schema Utilities &gt; getEffectiveValue &gt; should handle nested settings correctly" time="0.00006495">
        </testcase>
        <testcase classname="src/utils/settingsUtils.test.ts" name="SettingsUtils &gt; Schema Utilities &gt; getEffectiveValue &gt; should return undefined for invalid settings" time="0.000050623">
        </testcase>
        <testcase classname="src/utils/settingsUtils.test.ts" name="SettingsUtils &gt; Schema Utilities &gt; getAllSettingKeys &gt; should return all setting keys" time="0.000196042">
        </testcase>
        <testcase classname="src/utils/settingsUtils.test.ts" name="SettingsUtils &gt; Schema Utilities &gt; getSettingsByType &gt; should return only boolean settings" time="0.000663306">
        </testcase>
        <testcase classname="src/utils/settingsUtils.test.ts" name="SettingsUtils &gt; Schema Utilities &gt; getSettingsRequiringRestart &gt; should return only settings that require restart" time="0.000717937">
        </testcase>
        <testcase classname="src/utils/settingsUtils.test.ts" name="SettingsUtils &gt; Schema Utilities &gt; isValidSettingKey &gt; should return true for valid setting keys" time="0.000145539">
        </testcase>
        <testcase classname="src/utils/settingsUtils.test.ts" name="SettingsUtils &gt; Schema Utilities &gt; isValidSettingKey &gt; should return false for invalid setting keys" time="0.000080188">
        </testcase>
        <testcase classname="src/utils/settingsUtils.test.ts" name="SettingsUtils &gt; Schema Utilities &gt; getSettingCategory &gt; should return correct category for valid settings" time="0.000087542">
        </testcase>
        <testcase classname="src/utils/settingsUtils.test.ts" name="SettingsUtils &gt; Schema Utilities &gt; getSettingCategory &gt; should return undefined for invalid settings" time="0.000050703">
        </testcase>
        <testcase classname="src/utils/settingsUtils.test.ts" name="SettingsUtils &gt; Schema Utilities &gt; shouldShowInDialog &gt; should return true for settings marked to show in dialog" time="0.000109141">
        </testcase>
        <testcase classname="src/utils/settingsUtils.test.ts" name="SettingsUtils &gt; Schema Utilities &gt; shouldShowInDialog &gt; should return false for settings marked to hide from dialog" time="0.000818563">
        </testcase>
        <testcase classname="src/utils/settingsUtils.test.ts" name="SettingsUtils &gt; Schema Utilities &gt; shouldShowInDialog &gt; should return true for invalid settings (default behavior)" time="0.000082513">
        </testcase>
        <testcase classname="src/utils/settingsUtils.test.ts" name="SettingsUtils &gt; Schema Utilities &gt; getDialogSettingsByCategory &gt; should only return settings marked for dialog display" time="0.000421018">
        </testcase>
        <testcase classname="src/utils/settingsUtils.test.ts" name="SettingsUtils &gt; Schema Utilities &gt; getDialogSettingsByCategory &gt; should not include Advanced category settings" time="0.002879452">
        </testcase>
        <testcase classname="src/utils/settingsUtils.test.ts" name="SettingsUtils &gt; Schema Utilities &gt; getDialogSettingsByCategory &gt; should include settings with showInDialog=true" time="0.000513008">
        </testcase>
        <testcase classname="src/utils/settingsUtils.test.ts" name="SettingsUtils &gt; Schema Utilities &gt; getDialogSettingsByType &gt; should return only boolean dialog settings" time="0.000344397">
        </testcase>
        <testcase classname="src/utils/settingsUtils.test.ts" name="SettingsUtils &gt; Schema Utilities &gt; getDialogSettingsByType &gt; should return only string dialog settings" time="0.000244862">
        </testcase>
        <testcase classname="src/utils/settingsUtils.test.ts" name="SettingsUtils &gt; Schema Utilities &gt; getDialogSettingKeys &gt; should return only settings marked for dialog display" time="0.000972798">
        </testcase>
        <testcase classname="src/utils/settingsUtils.test.ts" name="SettingsUtils &gt; Schema Utilities &gt; getDialogSettingKeys &gt; should return fewer keys than getAllSettingKeys" time="0.000210098">
        </testcase>
        <testcase classname="src/utils/settingsUtils.test.ts" name="SettingsUtils &gt; Schema Utilities &gt; getDialogSettingKeys &gt; should handle nested settings display correctly" time="0.000485538">
        </testcase>
        <testcase classname="src/utils/settingsUtils.test.ts" name="SettingsUtils &gt; Business Logic Utilities &gt; getSettingValue &gt; should return value from settings when set" time="0.000097019">
        </testcase>
        <testcase classname="src/utils/settingsUtils.test.ts" name="SettingsUtils &gt; Business Logic Utilities &gt; getSettingValue &gt; should return value from merged settings when not set in current scope" time="0.000069097">
        </testcase>
        <testcase classname="src/utils/settingsUtils.test.ts" name="SettingsUtils &gt; Business Logic Utilities &gt; getSettingValue &gt; should return default value for invalid setting" time="0.000061403">
        </testcase>
        <testcase classname="src/utils/settingsUtils.test.ts" name="SettingsUtils &gt; Business Logic Utilities &gt; isSettingModified &gt; should return true when value differs from default" time="0.000120413">
        </testcase>
        <testcase classname="src/utils/settingsUtils.test.ts" name="SettingsUtils &gt; Business Logic Utilities &gt; isSettingModified &gt; should return false when value matches default" time="0.000100356">
        </testcase>
        <testcase classname="src/utils/settingsUtils.test.ts" name="SettingsUtils &gt; Business Logic Utilities &gt; settingExistsInScope &gt; should return true for top-level settings that exist" time="0.00008671">
        </testcase>
        <testcase classname="src/utils/settingsUtils.test.ts" name="SettingsUtils &gt; Business Logic Utilities &gt; settingExistsInScope &gt; should return false for top-level settings that do not exist" time="0.000060101">
        </testcase>
        <testcase classname="src/utils/settingsUtils.test.ts" name="SettingsUtils &gt; Business Logic Utilities &gt; settingExistsInScope &gt; should return true for nested settings that exist" time="0.000066954">
        </testcase>
        <testcase classname="src/utils/settingsUtils.test.ts" name="SettingsUtils &gt; Business Logic Utilities &gt; settingExistsInScope &gt; should return false for nested settings that do not exist" time="0.000068938">
        </testcase>
        <testcase classname="src/utils/settingsUtils.test.ts" name="SettingsUtils &gt; Business Logic Utilities &gt; settingExistsInScope &gt; should return false when parent exists but child does not" time="0.000062505">
        </testcase>
        <testcase classname="src/utils/settingsUtils.test.ts" name="SettingsUtils &gt; Business Logic Utilities &gt; setPendingSettingValue &gt; should set top-level setting value" time="0.00009728">
        </testcase>
        <testcase classname="src/utils/settingsUtils.test.ts" name="SettingsUtils &gt; Business Logic Utilities &gt; setPendingSettingValue &gt; should set nested setting value" time="0.000092882">
        </testcase>
        <testcase classname="src/utils/settingsUtils.test.ts" name="SettingsUtils &gt; Business Logic Utilities &gt; setPendingSettingValue &gt; should preserve existing nested settings" time="0.000113671">
        </testcase>
        <testcase classname="src/utils/settingsUtils.test.ts" name="SettingsUtils &gt; Business Logic Utilities &gt; setPendingSettingValue &gt; should not mutate original settings" time="0.008940957">
        </testcase>
        <testcase classname="src/utils/settingsUtils.test.ts" name="SettingsUtils &gt; Business Logic Utilities &gt; hasRestartRequiredSettings &gt; should return true when modified settings require restart" time="0.000296538">
        </testcase>
        <testcase classname="src/utils/settingsUtils.test.ts" name="SettingsUtils &gt; Business Logic Utilities &gt; hasRestartRequiredSettings &gt; should return false when no modified settings require restart" time="0.000173291">
        </testcase>
        <testcase classname="src/utils/settingsUtils.test.ts" name="SettingsUtils &gt; Business Logic Utilities &gt; hasRestartRequiredSettings &gt; should return false for empty set" time="0.000150308">
        </testcase>
        <testcase classname="src/utils/settingsUtils.test.ts" name="SettingsUtils &gt; Business Logic Utilities &gt; getRestartRequiredFromModified &gt; should return only settings that require restart" time="0.000290527">
        </testcase>
        <testcase classname="src/utils/settingsUtils.test.ts" name="SettingsUtils &gt; Business Logic Utilities &gt; getRestartRequiredFromModified &gt; should return empty array when no settings require restart" time="0.00015145">
        </testcase>
        <testcase classname="src/utils/settingsUtils.test.ts" name="SettingsUtils &gt; Business Logic Utilities &gt; getDisplayValue &gt; should show value without * when setting matches default" time="0.000128217">
        </testcase>
        <testcase classname="src/utils/settingsUtils.test.ts" name="SettingsUtils &gt; Business Logic Utilities &gt; getDisplayValue &gt; should show default value when setting is not in scope" time="0.000073727">
        </testcase>
        <testcase classname="src/utils/settingsUtils.test.ts" name="SettingsUtils &gt; Business Logic Utilities &gt; getDisplayValue &gt; should show value with * when changed from default" time="0.000088303">
        </testcase>
        <testcase classname="src/utils/settingsUtils.test.ts" name="SettingsUtils &gt; Business Logic Utilities &gt; getDisplayValue &gt; should show default value without * when setting does not exist in scope" time="0.000087191">
        </testcase>
        <testcase classname="src/utils/settingsUtils.test.ts" name="SettingsUtils &gt; Business Logic Utilities &gt; getDisplayValue &gt; should show value with * when user changes from default" time="0.000090387">
        </testcase>
        <testcase classname="src/utils/settingsUtils.test.ts" name="SettingsUtils &gt; Business Logic Utilities &gt; isDefaultValue &gt; should return true when setting does not exist in scope" time="0.000091179">
        </testcase>
        <testcase classname="src/utils/settingsUtils.test.ts" name="SettingsUtils &gt; Business Logic Utilities &gt; isDefaultValue &gt; should return false when setting exists in scope" time="0.000055543">
        </testcase>
        <testcase classname="src/utils/settingsUtils.test.ts" name="SettingsUtils &gt; Business Logic Utilities &gt; isDefaultValue &gt; should return true when nested setting does not exist in scope" time="0.000046787">
        </testcase>
        <testcase classname="src/utils/settingsUtils.test.ts" name="SettingsUtils &gt; Business Logic Utilities &gt; isDefaultValue &gt; should return false when nested setting exists in scope" time="0.000060953">
        </testcase>
        <testcase classname="src/utils/settingsUtils.test.ts" name="SettingsUtils &gt; Business Logic Utilities &gt; isValueInherited &gt; should return false for top-level settings that exist in scope" time="0.000089376">
        </testcase>
        <testcase classname="src/utils/settingsUtils.test.ts" name="SettingsUtils &gt; Business Logic Utilities &gt; isValueInherited &gt; should return true for top-level settings that do not exist in scope" time="0.00006492">
        </testcase>
        <testcase classname="src/utils/settingsUtils.test.ts" name="SettingsUtils &gt; Business Logic Utilities &gt; isValueInherited &gt; should return false for nested settings that exist in scope" time="0.000063798">
        </testcase>
        <testcase classname="src/utils/settingsUtils.test.ts" name="SettingsUtils &gt; Business Logic Utilities &gt; isValueInherited &gt; should return true for nested settings that do not exist in scope" time="0.000051576">
        </testcase>
        <testcase classname="src/utils/settingsUtils.test.ts" name="SettingsUtils &gt; Business Logic Utilities &gt; getEffectiveDisplayValue &gt; should return value from settings when available" time="0.000085488">
        </testcase>
        <testcase classname="src/utils/settingsUtils.test.ts" name="SettingsUtils &gt; Business Logic Utilities &gt; getEffectiveDisplayValue &gt; should return value from merged settings when not in scope" time="0.000063267">
        </testcase>
        <testcase classname="src/utils/settingsUtils.test.ts" name="SettingsUtils &gt; Business Logic Utilities &gt; getEffectiveDisplayValue &gt; should return default value for undefined values" time="0.000056935">
        </testcase>
    </testsuite>
    <testsuite name="src/utils/startupWarnings.test.ts" timestamp="2025-10-09T16:01:25.820Z" hostname="uby" tests="1" failures="1" errors="0" skipped="0" time="0">
        <testcase classname="src/utils/startupWarnings.test.ts" name="src/utils/startupWarnings.test.ts" time="0">
            <failure message="Failed to resolve entry for package &quot;@qwen-code/qwen-code-core&quot;. The package may have incorrect main/module/exports specified in its package.json." type="Error">
Error: Failed to resolve entry for package &quot;@qwen-code/qwen-code-core&quot;. The package may have incorrect main/module/exports specified in its package.json.
  Plugin: vite:import-analysis
  File: /home/atmandk/LowCal-dev/packages/cli/src/utils/startupWarnings.test.ts:10:0
  9  |  const __vi_import_0__ = await import(&quot;./startupWarnings.js&quot;);
  10 |  const __vi_import_1__ = await import(&quot;node:fs/promises&quot;);
  11 |  const __vi_import_2__ = await import(&quot;@qwen-code/qwen-code-core&quot;);
     |                                       ^
  12 |  /**
  13 |   * @license
 ❯ packageEntryFailure ../../node_modules/vite/dist/node/chunks/dep-Bsx9IwL8.js:12218:32
 ❯ resolvePackageEntry ../../node_modules/vite/dist/node/chunks/dep-Bsx9IwL8.js:12215:2
 ❯ tryNodeResolve ../../node_modules/vite/dist/node/chunks/dep-Bsx9IwL8.js:12116:17
 ❯ ResolveIdContext.resolveId ../../node_modules/vite/dist/node/chunks/dep-Bsx9IwL8.js:11955:15
 ❯ EnvironmentPluginContainer.resolveId ../../node_modules/vite/dist/node/chunks/dep-Bsx9IwL8.js:31194:56
 ❯ TransformPluginContext.resolve ../../node_modules/vite/dist/node/chunks/dep-Bsx9IwL8.js:31376:13
 ❯ normalizeUrl ../../node_modules/vite/dist/node/chunks/dep-Bsx9IwL8.js:29984:22
 ❯ ../../node_modules/vite/dist/node/chunks/dep-Bsx9IwL8.js:30050:32
            </failure>
        </testcase>
    </testsuite>
    <testsuite name="src/utils/userStartupWarnings.test.ts" timestamp="2025-10-09T16:01:25.821Z" hostname="uby" tests="5" failures="0" errors="0" skipped="0" time="0.029968726">
        <testcase classname="src/utils/userStartupWarnings.test.ts" name="getUserStartupWarnings &gt; home directory check &gt; should return a warning when running in home directory" time="0.019233112">
        </testcase>
        <testcase classname="src/utils/userStartupWarnings.test.ts" name="getUserStartupWarnings &gt; home directory check &gt; should not return a warning when running in a project directory" time="0.002444358">
        </testcase>
        <testcase classname="src/utils/userStartupWarnings.test.ts" name="getUserStartupWarnings &gt; root directory check &gt; should return a warning when running in a root directory" time="0.004081875">
        </testcase>
        <testcase classname="src/utils/userStartupWarnings.test.ts" name="getUserStartupWarnings &gt; root directory check &gt; should not return a warning when running in a non-root directory" time="0.001063205">
        </testcase>
        <testcase classname="src/utils/userStartupWarnings.test.ts" name="getUserStartupWarnings &gt; error handling &gt; should handle errors when checking directory" time="0.001343312">
        </testcase>
    </testsuite>
    <testsuite name="src/config/__tests__/env-persist.test.ts" timestamp="2025-10-09T16:01:25.821Z" hostname="uby" tests="1" failures="1" errors="0" skipped="0" time="0">
        <testcase classname="src/config/__tests__/env-persist.test.ts" name="src/config/__tests__/env-persist.test.ts" time="0">
            <failure message="Failed to resolve entry for package &quot;@qwen-code/qwen-code-core&quot;. The package may have incorrect main/module/exports specified in its package.json." type="Error">
Error: Failed to resolve entry for package &quot;@qwen-code/qwen-code-core&quot;. The package may have incorrect main/module/exports specified in its package.json.
  Plugin: vite:import-analysis
  File: /home/atmandk/LowCal-dev/packages/cli/src/config/auth.ts:7:25
  4  |   * SPDX-License-Identifier: Apache-2.0
  5  |   */
  6  |  import { AuthType } from &quot;@qwen-code/qwen-code-core&quot;;
     |                            ^
  7  |  import { loadEnvironment } from &quot;./settings.js&quot;;
  8  |  export function normalizeAuthType(authMethod) {
 ❯ packageEntryFailure ../../node_modules/vite/dist/node/chunks/dep-Bsx9IwL8.js:12218:32
 ❯ resolvePackageEntry ../../node_modules/vite/dist/node/chunks/dep-Bsx9IwL8.js:12215:2
 ❯ tryNodeResolve ../../node_modules/vite/dist/node/chunks/dep-Bsx9IwL8.js:12116:17
 ❯ ResolveIdContext.resolveId ../../node_modules/vite/dist/node/chunks/dep-Bsx9IwL8.js:11955:15
 ❯ EnvironmentPluginContainer.resolveId ../../node_modules/vite/dist/node/chunks/dep-Bsx9IwL8.js:31194:56
 ❯ TransformPluginContext.resolve ../../node_modules/vite/dist/node/chunks/dep-Bsx9IwL8.js:31376:13
 ❯ normalizeUrl ../../node_modules/vite/dist/node/chunks/dep-Bsx9IwL8.js:29984:22
 ❯ ../../node_modules/vite/dist/node/chunks/dep-Bsx9IwL8.js:30050:32
            </failure>
        </testcase>
    </testsuite>
    <testsuite name="src/config/extensions/variables.test.ts" timestamp="2025-10-09T16:01:25.821Z" hostname="uby" tests="1" failures="0" errors="0" skipped="0" time="0.001767387">
        <testcase classname="src/config/extensions/variables.test.ts" name="hydrateString &gt; should replace a single variable" time="0.000964683">
        </testcase>
    </testsuite>
    <testsuite name="src/commands/extensions/install.test.ts" timestamp="2025-10-09T16:01:25.821Z" hostname="uby" tests="1" failures="1" errors="0" skipped="0" time="0">
        <testcase classname="src/commands/extensions/install.test.ts" name="src/commands/extensions/install.test.ts" time="0">
            <failure message="Failed to resolve entry for package &quot;@qwen-code/qwen-code-core&quot;. The package may have incorrect main/module/exports specified in its package.json." type="Error">
Error: Failed to resolve entry for package &quot;@qwen-code/qwen-code-core&quot;. The package may have incorrect main/module/exports specified in its package.json.
  Plugin: vite:import-analysis
  File: /home/atmandk/LowCal-dev/packages/cli/src/config/extension.ts:11:24
  4  |   * SPDX-License-Identifier: Apache-2.0
  5  |   */
  6  |  import { Storage } from &quot;@qwen-code/qwen-code-core&quot;;
     |                           ^
  7  |  import * as fs from &quot;node:fs&quot;;
  8  |  import * as path from &quot;node:path&quot;;
 ❯ packageEntryFailure ../../node_modules/vite/dist/node/chunks/dep-Bsx9IwL8.js:12218:32
 ❯ resolvePackageEntry ../../node_modules/vite/dist/node/chunks/dep-Bsx9IwL8.js:12215:2
 ❯ tryNodeResolve ../../node_modules/vite/dist/node/chunks/dep-Bsx9IwL8.js:12116:17
 ❯ ResolveIdContext.resolveId ../../node_modules/vite/dist/node/chunks/dep-Bsx9IwL8.js:11955:15
 ❯ EnvironmentPluginContainer.resolveId ../../node_modules/vite/dist/node/chunks/dep-Bsx9IwL8.js:31194:56
 ❯ TransformPluginContext.resolve ../../node_modules/vite/dist/node/chunks/dep-Bsx9IwL8.js:31376:13
 ❯ normalizeUrl ../../node_modules/vite/dist/node/chunks/dep-Bsx9IwL8.js:29984:22
 ❯ ../../node_modules/vite/dist/node/chunks/dep-Bsx9IwL8.js:30050:32
            </failure>
        </testcase>
    </testsuite>
    <testsuite name="src/commands/extensions/uninstall.test.ts" timestamp="2025-10-09T16:01:25.821Z" hostname="uby" tests="1" failures="1" errors="0" skipped="0" time="0">
        <testcase classname="src/commands/extensions/uninstall.test.ts" name="src/commands/extensions/uninstall.test.ts" time="0">
            <failure message="Failed to resolve entry for package &quot;@qwen-code/qwen-code-core&quot;. The package may have incorrect main/module/exports specified in its package.json." type="Error">
Error: Failed to resolve entry for package &quot;@qwen-code/qwen-code-core&quot;. The package may have incorrect main/module/exports specified in its package.json.
  Plugin: vite:import-analysis
  File: /home/atmandk/LowCal-dev/packages/cli/src/config/extension.ts:11:24
  4  |   * SPDX-License-Identifier: Apache-2.0
  5  |   */
  6  |  import { Storage } from &quot;@qwen-code/qwen-code-core&quot;;
     |                           ^
  7  |  import * as fs from &quot;node:fs&quot;;
  8  |  import * as path from &quot;node:path&quot;;
 ❯ packageEntryFailure ../../node_modules/vite/dist/node/chunks/dep-Bsx9IwL8.js:12218:32
 ❯ resolvePackageEntry ../../node_modules/vite/dist/node/chunks/dep-Bsx9IwL8.js:12215:2
 ❯ tryNodeResolve ../../node_modules/vite/dist/node/chunks/dep-Bsx9IwL8.js:12116:17
 ❯ ResolveIdContext.resolveId ../../node_modules/vite/dist/node/chunks/dep-Bsx9IwL8.js:11955:15
 ❯ EnvironmentPluginContainer.resolveId ../../node_modules/vite/dist/node/chunks/dep-Bsx9IwL8.js:31194:56
 ❯ TransformPluginContext.resolve ../../node_modules/vite/dist/node/chunks/dep-Bsx9IwL8.js:31376:13
 ❯ normalizeUrl ../../node_modules/vite/dist/node/chunks/dep-Bsx9IwL8.js:29984:22
 ❯ ../../node_modules/vite/dist/node/chunks/dep-Bsx9IwL8.js:30050:32
            </failure>
        </testcase>
    </testsuite>
    <testsuite name="src/commands/mcp/add.test.ts" timestamp="2025-10-09T16:01:25.822Z" hostname="uby" tests="1" failures="1" errors="0" skipped="0" time="0">
        <testcase classname="src/commands/mcp/add.test.ts" name="src/commands/mcp/add.test.ts" time="0">
            <failure message="[vitest] There was an error when mocking a module. If you are using &quot;vi.mock&quot; factory, make sure there are no top level variables inside, since this call is hoisted to top of the file. Read more: https://vitest.dev/api/vi.html#vi-mock" type="Error">
Error: [vitest] There was an error when mocking a module. If you are using &quot;vi.mock&quot; factory, make sure there are no top level variables inside, since this call is hoisted to top of the file. Read more: https://vitest.dev/api/vi.html#vi-mock
 ❯ src/commands/mcp/add.ts:9:1

Caused by: Caused by: Error: Failed to resolve entry for package &quot;@qwen-code/qwen-code-core&quot;. The package may have incorrect main/module/exports specified in its package.json.
  Plugin: vite:import-analysis
  File: /home/atmandk/LowCal-dev/packages/cli/src/config/settings.ts:15:7
  12 |    getErrorMessage,
  13 |    Storage
  14 |  } from &quot;@qwen-code/qwen-code-core&quot;;
     |          ^
  15 |  import stripJsonComments from &quot;strip-json-comments&quot;;
  16 |  import { DefaultLight } from &quot;../ui/themes/default-light.js&quot;;
 ❯ packageEntryFailure ../../node_modules/vite/dist/node/chunks/dep-Bsx9IwL8.js:12218:32
 ❯ resolvePackageEntry ../../node_modules/vite/dist/node/chunks/dep-Bsx9IwL8.js:12215:2
 ❯ tryNodeResolve ../../node_modules/vite/dist/node/chunks/dep-Bsx9IwL8.js:12116:17
 ❯ ResolveIdContext.resolveId ../../node_modules/vite/dist/node/chunks/dep-Bsx9IwL8.js:11955:15
 ❯ EnvironmentPluginContainer.resolveId ../../node_modules/vite/dist/node/chunks/dep-Bsx9IwL8.js:31194:56
 ❯ TransformPluginContext.resolve ../../node_modules/vite/dist/node/chunks/dep-Bsx9IwL8.js:31376:13
 ❯ normalizeUrl ../../node_modules/vite/dist/node/chunks/dep-Bsx9IwL8.js:29984:22
 ❯ ../../node_modules/vite/dist/node/chunks/dep-Bsx9IwL8.js:30050:32
            </failure>
        </testcase>
    </testsuite>
    <testsuite name="src/commands/mcp/list.test.ts" timestamp="2025-10-09T16:01:25.822Z" hostname="uby" tests="1" failures="1" errors="0" skipped="0" time="0">
        <testcase classname="src/commands/mcp/list.test.ts" name="src/commands/mcp/list.test.ts" time="0">
            <failure message="Failed to resolve entry for package &quot;@qwen-code/qwen-code-core&quot;. The package may have incorrect main/module/exports specified in its package.json." type="Error">
Error: Failed to resolve entry for package &quot;@qwen-code/qwen-code-core&quot;. The package may have incorrect main/module/exports specified in its package.json.
  Plugin: vite:import-analysis
  File: /home/atmandk/LowCal-dev/packages/cli/src/commands/mcp/list.test.ts:11:0
  24 |  const __vi_import_1__ = await import(&quot;../../config/settings.js&quot;);
  25 |  const __vi_import_2__ = await import(&quot;../../config/extension.js&quot;);
  26 |  const __vi_import_3__ = await import(&quot;@qwen-code/qwen-code-core&quot;);
     |                                       ^
  27 |  const __vi_import_4__ = await import(&quot;@modelcontextprotocol/sdk/client/index.js&quot;);
  28 |  /**
 ❯ packageEntryFailure ../../node_modules/vite/dist/node/chunks/dep-Bsx9IwL8.js:12218:32
 ❯ resolvePackageEntry ../../node_modules/vite/dist/node/chunks/dep-Bsx9IwL8.js:12215:2
 ❯ tryNodeResolve ../../node_modules/vite/dist/node/chunks/dep-Bsx9IwL8.js:12116:17
 ❯ ResolveIdContext.resolveId ../../node_modules/vite/dist/node/chunks/dep-Bsx9IwL8.js:11955:15
 ❯ EnvironmentPluginContainer.resolveId ../../node_modules/vite/dist/node/chunks/dep-Bsx9IwL8.js:31194:56
 ❯ TransformPluginContext.resolve ../../node_modules/vite/dist/node/chunks/dep-Bsx9IwL8.js:31376:13
 ❯ normalizeUrl ../../node_modules/vite/dist/node/chunks/dep-Bsx9IwL8.js:29984:22
 ❯ ../../node_modules/vite/dist/node/chunks/dep-Bsx9IwL8.js:30050:32
            </failure>
        </testcase>
    </testsuite>
    <testsuite name="src/commands/mcp/remove.test.ts" timestamp="2025-10-09T16:01:25.822Z" hostname="uby" tests="1" failures="1" errors="0" skipped="0" time="0">
        <testcase classname="src/commands/mcp/remove.test.ts" name="src/commands/mcp/remove.test.ts" time="0">
            <failure message="[vitest] There was an error when mocking a module. If you are using &quot;vi.mock&quot; factory, make sure there are no top level variables inside, since this call is hoisted to top of the file. Read more: https://vitest.dev/api/vi.html#vi-mock" type="Error">
Error: [vitest] There was an error when mocking a module. If you are using &quot;vi.mock&quot; factory, make sure there are no top level variables inside, since this call is hoisted to top of the file. Read more: https://vitest.dev/api/vi.html#vi-mock
 ❯ src/commands/mcp/remove.test.ts:9:1

Caused by: Caused by: Error: Failed to resolve entry for package &quot;@qwen-code/qwen-code-core&quot;. The package may have incorrect main/module/exports specified in its package.json.
  Plugin: vite:import-analysis
  File: /home/atmandk/LowCal-dev/packages/cli/src/config/settings.ts:15:7
  12 |    getErrorMessage,
  13 |    Storage
  14 |  } from &quot;@qwen-code/qwen-code-core&quot;;
     |          ^
  15 |  import stripJsonComments from &quot;strip-json-comments&quot;;
  16 |  import { DefaultLight } from &quot;../ui/themes/default-light.js&quot;;
 ❯ packageEntryFailure ../../node_modules/vite/dist/node/chunks/dep-Bsx9IwL8.js:12218:32
 ❯ resolvePackageEntry ../../node_modules/vite/dist/node/chunks/dep-Bsx9IwL8.js:12215:2
 ❯ tryNodeResolve ../../node_modules/vite/dist/node/chunks/dep-Bsx9IwL8.js:12116:17
 ❯ ResolveIdContext.resolveId ../../node_modules/vite/dist/node/chunks/dep-Bsx9IwL8.js:11955:15
 ❯ EnvironmentPluginContainer.resolveId ../../node_modules/vite/dist/node/chunks/dep-Bsx9IwL8.js:31194:56
 ❯ TransformPluginContext.resolve ../../node_modules/vite/dist/node/chunks/dep-Bsx9IwL8.js:31376:13
 ❯ normalizeUrl ../../node_modules/vite/dist/node/chunks/dep-Bsx9IwL8.js:29984:22
 ❯ ../../node_modules/vite/dist/node/chunks/dep-Bsx9IwL8.js:30050:32
            </failure>
        </testcase>
    </testsuite>
    <testsuite name="src/services/prompt-processors/argumentProcessor.test.ts" timestamp="2025-10-09T16:01:25.822Z" hostname="uby" tests="1" failures="1" errors="0" skipped="0" time="0">
        <testcase classname="src/services/prompt-processors/argumentProcessor.test.ts" name="src/services/prompt-processors/argumentProcessor.test.ts" time="0">
            <failure message="Failed to resolve entry for package &quot;@qwen-code/qwen-code-core&quot;. The package may have incorrect main/module/exports specified in its package.json." type="Error">
Error: Failed to resolve entry for package &quot;@qwen-code/qwen-code-core&quot;. The package may have incorrect main/module/exports specified in its package.json.
  Plugin: vite:import-analysis
  File: /home/atmandk/LowCal-dev/packages/cli/src/services/prompt-processors/argumentProcessor.ts:7:37
  4  |   * SPDX-License-Identifier: Apache-2.0
  5  |   */
  6  |  import { appendToLastTextPart } from &quot;@qwen-code/qwen-code-core&quot;;
     |                                        ^
  7  |  export class DefaultArgumentProcessor {
  8  |    async process(prompt, context) {
 ❯ packageEntryFailure ../../node_modules/vite/dist/node/chunks/dep-Bsx9IwL8.js:12218:32
 ❯ resolvePackageEntry ../../node_modules/vite/dist/node/chunks/dep-Bsx9IwL8.js:12215:2
 ❯ tryNodeResolve ../../node_modules/vite/dist/node/chunks/dep-Bsx9IwL8.js:12116:17
 ❯ ResolveIdContext.resolveId ../../node_modules/vite/dist/node/chunks/dep-Bsx9IwL8.js:11955:15
 ❯ EnvironmentPluginContainer.resolveId ../../node_modules/vite/dist/node/chunks/dep-Bsx9IwL8.js:31194:56
 ❯ TransformPluginContext.resolve ../../node_modules/vite/dist/node/chunks/dep-Bsx9IwL8.js:31376:13
 ❯ normalizeUrl ../../node_modules/vite/dist/node/chunks/dep-Bsx9IwL8.js:29984:22
 ❯ ../../node_modules/vite/dist/node/chunks/dep-Bsx9IwL8.js:30050:32
            </failure>
        </testcase>
    </testsuite>
    <testsuite name="src/services/prompt-processors/atFileProcessor.test.ts" timestamp="2025-10-09T16:01:25.823Z" hostname="uby" tests="1" failures="1" errors="0" skipped="0" time="0">
        <testcase classname="src/services/prompt-processors/atFileProcessor.test.ts" name="src/services/prompt-processors/atFileProcessor.test.ts" time="0">
            <failure message="Failed to resolve entry for package &quot;@qwen-code/qwen-code-core&quot;. The package may have incorrect main/module/exports specified in its package.json." type="Error">
Error: Failed to resolve entry for package &quot;@qwen-code/qwen-code-core&quot;. The package may have incorrect main/module/exports specified in its package.json.
 ❯ packageEntryFailure ../../node_modules/vite/dist/node/chunks/dep-Bsx9IwL8.js:12218:32
 ❯ resolvePackageEntry ../../node_modules/vite/dist/node/chunks/dep-Bsx9IwL8.js:12215:2
 ❯ tryNodeResolve ../../node_modules/vite/dist/node/chunks/dep-Bsx9IwL8.js:12116:17
 ❯ ResolveIdContext.resolveId ../../node_modules/vite/dist/node/chunks/dep-Bsx9IwL8.js:11955:15
 ❯ EnvironmentPluginContainer.resolveId ../../node_modules/vite/dist/node/chunks/dep-Bsx9IwL8.js:31194:56
            </failure>
        </testcase>
    </testsuite>
    <testsuite name="src/services/prompt-processors/injectionParser.test.ts" timestamp="2025-10-09T16:01:25.823Z" hostname="uby" tests="21" failures="0" errors="0" skipped="0" time="0.006888393">
        <testcase classname="src/services/prompt-processors/injectionParser.test.ts" name="extractInjections &gt; Basic Functionality &gt; should return an empty array if no trigger is present" time="0.001472742">
        </testcase>
        <testcase classname="src/services/prompt-processors/injectionParser.test.ts" name="extractInjections &gt; Basic Functionality &gt; should extract a single, simple injection" time="0.000282903">
        </testcase>
        <testcase classname="src/services/prompt-processors/injectionParser.test.ts" name="extractInjections &gt; Basic Functionality &gt; should extract multiple injections" time="0.000767068">
        </testcase>
        <testcase classname="src/services/prompt-processors/injectionParser.test.ts" name="extractInjections &gt; Basic Functionality &gt; should handle different triggers (e.g., @{)" time="0.000150538">
        </testcase>
        <testcase classname="src/services/prompt-processors/injectionParser.test.ts" name="extractInjections &gt; Positioning and Edge Cases &gt; should handle injections at the start and end of the prompt" time="0.000254361">
        </testcase>
        <testcase classname="src/services/prompt-processors/injectionParser.test.ts" name="extractInjections &gt; Positioning and Edge Cases &gt; should handle adjacent injections" time="0.000200079">
        </testcase>
        <testcase classname="src/services/prompt-processors/injectionParser.test.ts" name="extractInjections &gt; Positioning and Edge Cases &gt; should handle empty injections" time="0.000131393">
        </testcase>
        <testcase classname="src/services/prompt-processors/injectionParser.test.ts" name="extractInjections &gt; Positioning and Edge Cases &gt; should trim whitespace within the content" time="0.000102028">
        </testcase>
        <testcase classname="src/services/prompt-processors/injectionParser.test.ts" name="extractInjections &gt; Positioning and Edge Cases &gt; should ignore similar patterns that are not the exact trigger" time="0.000099003">
        </testcase>
        <testcase classname="src/services/prompt-processors/injectionParser.test.ts" name="extractInjections &gt; Positioning and Edge Cases &gt; should ignore extra closing braces before the trigger" time="0.000099494">
        </testcase>
        <testcase classname="src/services/prompt-processors/injectionParser.test.ts" name="extractInjections &gt; Positioning and Edge Cases &gt; should stop parsing at the first balanced closing brace (non-greedy)" time="0.000082612">
        </testcase>
        <testcase classname="src/services/prompt-processors/injectionParser.test.ts" name="extractInjections &gt; Nested Braces (Balanced) &gt; should correctly parse content with simple nested braces (e.g., JSON)" time="0.000257086">
        </testcase>
        <testcase classname="src/services/prompt-processors/injectionParser.test.ts" name="extractInjections &gt; Nested Braces (Balanced) &gt; should correctly parse content with shell constructs (e.g., awk)" time="0.000134649">
        </testcase>
        <testcase classname="src/services/prompt-processors/injectionParser.test.ts" name="extractInjections &gt; Nested Braces (Balanced) &gt; should correctly parse multiple levels of nesting" time="0.000141542">
        </testcase>
        <testcase classname="src/services/prompt-processors/injectionParser.test.ts" name="extractInjections &gt; Nested Braces (Balanced) &gt; should correctly parse paths containing balanced braces" time="0.000102199">
        </testcase>
        <testcase classname="src/services/prompt-processors/injectionParser.test.ts" name="extractInjections &gt; Nested Braces (Balanced) &gt; should correctly handle an injection containing the trigger itself" time="0.000094936">
        </testcase>
        <testcase classname="src/services/prompt-processors/injectionParser.test.ts" name="extractInjections &gt; Error Handling (Unbalanced/Unclosed) &gt; should throw an error for a simple unclosed injection" time="0.000558823">
        </testcase>
        <testcase classname="src/services/prompt-processors/injectionParser.test.ts" name="extractInjections &gt; Error Handling (Unbalanced/Unclosed) &gt; should throw an error if the prompt ends inside a nested block" time="0.000153313">
        </testcase>
        <testcase classname="src/services/prompt-processors/injectionParser.test.ts" name="extractInjections &gt; Error Handling (Unbalanced/Unclosed) &gt; should include the context name in the error message if provided" time="0.000103652">
        </testcase>
        <testcase classname="src/services/prompt-processors/injectionParser.test.ts" name="extractInjections &gt; Error Handling (Unbalanced/Unclosed) &gt; should throw if content contains unbalanced braces (e.g., missing closing)" time="0.00009172">
        </testcase>
        <testcase classname="src/services/prompt-processors/injectionParser.test.ts" name="extractInjections &gt; Error Handling (Unbalanced/Unclosed) &gt; should clearly state that unbalanced braces in content are not supported in the error" time="0.000085539">
        </testcase>
    </testsuite>
    <testsuite name="src/services/prompt-processors/shellProcessor.test.ts" timestamp="2025-10-09T16:01:25.824Z" hostname="uby" tests="1" failures="1" errors="0" skipped="0" time="0">
        <testcase classname="src/services/prompt-processors/shellProcessor.test.ts" name="src/services/prompt-processors/shellProcessor.test.ts" time="0">
            <failure message="Failed to resolve entry for package &quot;@qwen-code/qwen-code-core&quot;. The package may have incorrect main/module/exports specified in its package.json." type="Error">
Error: Failed to resolve entry for package &quot;@qwen-code/qwen-code-core&quot;. The package may have incorrect main/module/exports specified in its package.json.
  Plugin: vite:import-analysis
  File: /home/atmandk/LowCal-dev/packages/cli/src/services/prompt-processors/shellProcessor.test.ts:12:0
  13 |  const __vi_import_0__ = await import(&quot;./shellProcessor.js&quot;);
  14 |  const __vi_import_1__ = await import(&quot;../../test-utils/mockCommandContext.js&quot;);
  15 |  const __vi_import_2__ = await import(&quot;@qwen-code/qwen-code-core&quot;);
     |                                       ^
  16 |  const __vi_import_3__ = await import(&quot;node:os&quot;);
  17 |  const __vi_import_4__ = await import(&quot;shell-quote&quot;);
 ❯ packageEntryFailure ../../node_modules/vite/dist/node/chunks/dep-Bsx9IwL8.js:12218:32
 ❯ resolvePackageEntry ../../node_modules/vite/dist/node/chunks/dep-Bsx9IwL8.js:12215:2
 ❯ tryNodeResolve ../../node_modules/vite/dist/node/chunks/dep-Bsx9IwL8.js:12116:17
 ❯ ResolveIdContext.resolveId ../../node_modules/vite/dist/node/chunks/dep-Bsx9IwL8.js:11955:15
 ❯ EnvironmentPluginContainer.resolveId ../../node_modules/vite/dist/node/chunks/dep-Bsx9IwL8.js:31194:56
 ❯ TransformPluginContext.resolve ../../node_modules/vite/dist/node/chunks/dep-Bsx9IwL8.js:31376:13
 ❯ normalizeUrl ../../node_modules/vite/dist/node/chunks/dep-Bsx9IwL8.js:29984:22
 ❯ ../../node_modules/vite/dist/node/chunks/dep-Bsx9IwL8.js:30050:32
            </failure>
        </testcase>
    </testsuite>
    <testsuite name="src/ui/contexts/KeypressContext.test.tsx" timestamp="2025-10-09T16:01:25.824Z" hostname="uby" tests="1" failures="1" errors="0" skipped="0" time="0">
        <testcase classname="src/ui/contexts/KeypressContext.test.tsx" name="src/ui/contexts/KeypressContext.test.tsx" time="0">
            <failure message="Failed to resolve entry for package &quot;@qwen-code/qwen-code-core&quot;. The package may have incorrect main/module/exports specified in its package.json." type="Error">
Error: Failed to resolve entry for package &quot;@qwen-code/qwen-code-core&quot;. The package may have incorrect main/module/exports specified in its package.json.
  Plugin: vite:import-analysis
  File: /home/atmandk/LowCal-dev/packages/cli/src/ui/contexts/KeypressContext.tsx:11:7
  8  |    KittySequenceOverflowEvent,
  9  |    logKittySequenceOverflow
  10 |  } from &quot;@qwen-code/qwen-code-core&quot;;
     |          ^
  11 |  import { useStdin } from &quot;ink&quot;;
  12 |  import {
 ❯ packageEntryFailure ../../node_modules/vite/dist/node/chunks/dep-Bsx9IwL8.js:12218:32
 ❯ resolvePackageEntry ../../node_modules/vite/dist/node/chunks/dep-Bsx9IwL8.js:12215:2
 ❯ tryNodeResolve ../../node_modules/vite/dist/node/chunks/dep-Bsx9IwL8.js:12116:17
 ❯ ResolveIdContext.resolveId ../../node_modules/vite/dist/node/chunks/dep-Bsx9IwL8.js:11955:15
 ❯ EnvironmentPluginContainer.resolveId ../../node_modules/vite/dist/node/chunks/dep-Bsx9IwL8.js:31194:56
 ❯ TransformPluginContext.resolve ../../node_modules/vite/dist/node/chunks/dep-Bsx9IwL8.js:31376:13
 ❯ normalizeUrl ../../node_modules/vite/dist/node/chunks/dep-Bsx9IwL8.js:29984:22
 ❯ ../../node_modules/vite/dist/node/chunks/dep-Bsx9IwL8.js:30050:32
            </failure>
        </testcase>
    </testsuite>
    <testsuite name="src/ui/contexts/SessionContext.test.tsx" timestamp="2025-10-09T16:01:25.824Z" hostname="uby" tests="1" failures="1" errors="0" skipped="0" time="0">
        <testcase classname="src/ui/contexts/SessionContext.test.tsx" name="src/ui/contexts/SessionContext.test.tsx" time="0">
            <failure message="Failed to resolve entry for package &quot;@qwen-code/qwen-code-core&quot;. The package may have incorrect main/module/exports specified in its package.json." type="Error">
Error: Failed to resolve entry for package &quot;@qwen-code/qwen-code-core&quot;. The package may have incorrect main/module/exports specified in its package.json.
  Plugin: vite:import-analysis
  File: /home/atmandk/LowCal-dev/packages/cli/src/ui/contexts/SessionContext.test.tsx:14:35
  11 |  import { SessionStatsProvider, useSessionStats } from &quot;./SessionContext.js&quot;;
  12 |  import { describe, it, expect, vi } from &quot;vitest&quot;;
  13 |  import { uiTelemetryService } from &quot;@qwen-code/qwen-code-core&quot;;
     |                                      ^
  14 |  const TestHarness = ({
  15 |    contextRef
 ❯ packageEntryFailure ../../node_modules/vite/dist/node/chunks/dep-Bsx9IwL8.js:12218:32
 ❯ resolvePackageEntry ../../node_modules/vite/dist/node/chunks/dep-Bsx9IwL8.js:12215:2
 ❯ tryNodeResolve ../../node_modules/vite/dist/node/chunks/dep-Bsx9IwL8.js:12116:17
 ❯ ResolveIdContext.resolveId ../../node_modules/vite/dist/node/chunks/dep-Bsx9IwL8.js:11955:15
 ❯ EnvironmentPluginContainer.resolveId ../../node_modules/vite/dist/node/chunks/dep-Bsx9IwL8.js:31194:56
 ❯ TransformPluginContext.resolve ../../node_modules/vite/dist/node/chunks/dep-Bsx9IwL8.js:31376:13
 ❯ normalizeUrl ../../node_modules/vite/dist/node/chunks/dep-Bsx9IwL8.js:29984:22
 ❯ ../../node_modules/vite/dist/node/chunks/dep-Bsx9IwL8.js:30050:32
            </failure>
        </testcase>
    </testsuite>
    <testsuite name="src/ui/themes/color-utils.test.ts" timestamp="2025-10-09T16:01:25.824Z" hostname="uby" tests="16" failures="0" errors="0" skipped="0" time="0.009086696">
        <testcase classname="src/ui/themes/color-utils.test.ts" name="Color Utils &gt; isValidColor &gt; should validate hex colors" time="0.001732162">
        </testcase>
        <testcase classname="src/ui/themes/color-utils.test.ts" name="Color Utils &gt; isValidColor &gt; should validate Ink-supported color names" time="0.000828371">
        </testcase>
        <testcase classname="src/ui/themes/color-utils.test.ts" name="Color Utils &gt; isValidColor &gt; should validate Ink-supported color names case insensitive" time="0.000233783">
        </testcase>
        <testcase classname="src/ui/themes/color-utils.test.ts" name="Color Utils &gt; isValidColor &gt; should validate CSS color names" time="0.000215127">
        </testcase>
        <testcase classname="src/ui/themes/color-utils.test.ts" name="Color Utils &gt; isValidColor &gt; should validate CSS color names case insensitive" time="0.000103281">
        </testcase>
        <testcase classname="src/ui/themes/color-utils.test.ts" name="Color Utils &gt; isValidColor &gt; should reject invalid color names" time="0.000122226">
        </testcase>
        <testcase classname="src/ui/themes/color-utils.test.ts" name="Color Utils &gt; resolveColor &gt; should resolve hex colors" time="0.000201483">
        </testcase>
        <testcase classname="src/ui/themes/color-utils.test.ts" name="Color Utils &gt; resolveColor &gt; should resolve Ink-supported color names" time="0.000207543">
        </testcase>
        <testcase classname="src/ui/themes/color-utils.test.ts" name="Color Utils &gt; resolveColor &gt; should resolve CSS color names to hex" time="0.000212903">
        </testcase>
        <testcase classname="src/ui/themes/color-utils.test.ts" name="Color Utils &gt; resolveColor &gt; should handle case insensitive color names" time="0.000090478">
        </testcase>
        <testcase classname="src/ui/themes/color-utils.test.ts" name="Color Utils &gt; resolveColor &gt; should return undefined for invalid colors" time="0.00132019">
            <system-err>
[ColorUtils] Could not resolve color &quot;invalidcolor&quot; to an Ink-compatible format.
[ColorUtils] Could not resolve color &quot;notacolor&quot; to an Ink-compatible format.
[ColorUtils] Could not resolve color &quot;&quot; to an Ink-compatible format.

            </system-err>
        </testcase>
        <testcase classname="src/ui/themes/color-utils.test.ts" name="Color Utils &gt; CSS_NAME_TO_HEX_MAP &gt; should contain expected CSS color mappings" time="0.000175194">
        </testcase>
        <testcase classname="src/ui/themes/color-utils.test.ts" name="Color Utils &gt; CSS_NAME_TO_HEX_MAP &gt; should not contain Ink-supported color names" time="0.000107279">
        </testcase>
        <testcase classname="src/ui/themes/color-utils.test.ts" name="Color Utils &gt; INK_SUPPORTED_NAMES &gt; should contain all Ink-supported color names" time="0.000340009">
        </testcase>
        <testcase classname="src/ui/themes/color-utils.test.ts" name="Color Utils &gt; INK_SUPPORTED_NAMES &gt; should not contain CSS color names" time="0.000204939">
        </testcase>
        <testcase classname="src/ui/themes/color-utils.test.ts" name="Color Utils &gt; Consistency between validation and resolution &gt; should have consistent behavior between isValidColor and resolveColor" time="0.00127148">
            <system-err>
[ColorUtils] Could not resolve color &quot;invalidcolor&quot; to an Ink-compatible format.
[ColorUtils] Could not resolve color &quot;notacolor&quot; to an Ink-compatible format.
[ColorUtils] Could not resolve color &quot;&quot; to an Ink-compatible format.

            </system-err>
        </testcase>
    </testsuite>
    <testsuite name="src/ui/themes/theme-manager.test.ts" timestamp="2025-10-09T16:01:25.825Z" hostname="uby" tests="12" failures="0" errors="0" skipped="0" time="0.028592633">
        <testcase classname="src/ui/themes/theme-manager.test.ts" name="ThemeManager &gt; should load valid custom themes" time="0.005079139">
        </testcase>
        <testcase classname="src/ui/themes/theme-manager.test.ts" name="ThemeManager &gt; should set and get the active theme" time="0.001673613">
        </testcase>
        <testcase classname="src/ui/themes/theme-manager.test.ts" name="ThemeManager &gt; should set and get a custom active theme" time="0.001005669">
        </testcase>
        <testcase classname="src/ui/themes/theme-manager.test.ts" name="ThemeManager &gt; should return false when setting a non-existent theme" time="0.000674387">
        </testcase>
        <testcase classname="src/ui/themes/theme-manager.test.ts" name="ThemeManager &gt; should list available themes including custom themes" time="0.009269875">
        </testcase>
        <testcase classname="src/ui/themes/theme-manager.test.ts" name="ThemeManager &gt; should get a theme by name" time="0.001171896">
        </testcase>
        <testcase classname="src/ui/themes/theme-manager.test.ts" name="ThemeManager &gt; should fall back to default theme if active theme is invalid" time="0.000793336">
        </testcase>
        <testcase classname="src/ui/themes/theme-manager.test.ts" name="ThemeManager &gt; should return NoColorTheme if NO_COLOR is set" time="0.000689134">
        </testcase>
        <testcase classname="src/ui/themes/theme-manager.test.ts" name="ThemeManager &gt; when loading a theme from a file &gt; should load a theme from a valid file path" time="0.002988083">
        </testcase>
        <testcase classname="src/ui/themes/theme-manager.test.ts" name="ThemeManager &gt; when loading a theme from a file &gt; should not load a theme if the file does not exist" time="0.001717545">
            <system-err>
Theme file at &quot;./my-theme.json&quot; is outside your home directory. Only load themes from trusted sources.

            </system-err>
        </testcase>
        <testcase classname="src/ui/themes/theme-manager.test.ts" name="ThemeManager &gt; when loading a theme from a file &gt; should not load a theme from a file with invalid JSON" time="0.001018382">
            <system-err>
Theme file at &quot;./my-theme.json&quot; is outside your home directory. Only load themes from trusted sources.

            </system-err>
        </testcase>
        <testcase classname="src/ui/themes/theme-manager.test.ts" name="ThemeManager &gt; when loading a theme from a file &gt; should not load a theme from an untrusted file path and log a message" time="0.000756228">
        </testcase>
    </testsuite>
    <testsuite name="src/ui/themes/theme.test.ts" timestamp="2025-10-09T16:01:25.826Z" hostname="uby" tests="5" failures="0" errors="0" skipped="0" time="0.004093537">
        <testcase classname="src/ui/themes/theme.test.ts" name="validateCustomTheme &gt; should return isValid: true for a valid theme" time="0.00140669">
        </testcase>
        <testcase classname="src/ui/themes/theme.test.ts" name="validateCustomTheme &gt; should return isValid: false for a theme with an invalid name" time="0.000349727">
        </testcase>
        <testcase classname="src/ui/themes/theme.test.ts" name="validateCustomTheme &gt; should return isValid: true for a theme missing optional DiffAdded and DiffRemoved colors" time="0.000142754">
        </testcase>
        <testcase classname="src/ui/themes/theme.test.ts" name="validateCustomTheme &gt; should return isValid: false for a theme with a very long name" time="0.000116355">
        </testcase>
        <testcase classname="src/ui/themes/theme.test.ts" name="themeManager.loadCustomThemes &gt; should use values from DEFAULT_THEME when DiffAdded and DiffRemoved are not provided" time="0.000739006">
        </testcase>
    </testsuite>
    <testsuite name="src/ui/commands/aboutCommand.test.ts" timestamp="2025-10-09T16:01:25.826Z" hostname="uby" tests="5" failures="0" errors="0" skipped="0" time="0.029812458">
        <testcase classname="src/ui/commands/aboutCommand.test.ts" name="aboutCommand &gt; should have the correct name and description" time="0.004172342">
        </testcase>
        <testcase classname="src/ui/commands/aboutCommand.test.ts" name="aboutCommand &gt; should call addItem with all version info" time="0.007117967">
        </testcase>
        <testcase classname="src/ui/commands/aboutCommand.test.ts" name="aboutCommand &gt; should show the correct sandbox environment variable" time="0.007352712">
        </testcase>
        <testcase classname="src/ui/commands/aboutCommand.test.ts" name="aboutCommand &gt; should show sandbox-exec profile when applicable" time="0.002625052">
        </testcase>
        <testcase classname="src/ui/commands/aboutCommand.test.ts" name="aboutCommand &gt; should not show ide client when it is not detected" time="0.004207067">
        </testcase>
    </testsuite>
    <testsuite name="src/ui/commands/approvalModeCommand.test.ts" timestamp="2025-10-09T16:01:25.826Z" hostname="uby" tests="1" failures="1" errors="0" skipped="0" time="0">
        <testcase classname="src/ui/commands/approvalModeCommand.test.ts" name="src/ui/commands/approvalModeCommand.test.ts" time="0">
            <failure message="Failed to resolve entry for package &quot;@qwen-code/qwen-code-core&quot;. The package may have incorrect main/module/exports specified in its package.json." type="Error">
Error: Failed to resolve entry for package &quot;@qwen-code/qwen-code-core&quot;. The package may have incorrect main/module/exports specified in its package.json.
  Plugin: vite:import-analysis
  File: /home/atmandk/LowCal-dev/packages/cli/src/ui/commands/approvalModeCommand.test.ts:15:29
  10 |  } from &quot;./types.js&quot;;
  11 |  import { createMockCommandContext } from &quot;../../test-utils/mockCommandContext.js&quot;;
  12 |  import { ApprovalMode } from &quot;@qwen-code/qwen-code-core&quot;;
     |                                ^
  13 |  import { SettingScope } from &quot;../../config/settings.js&quot;;
  14 |  describe(&quot;approvalModeCommand&quot;, () =&gt; {
 ❯ packageEntryFailure ../../node_modules/vite/dist/node/chunks/dep-Bsx9IwL8.js:12218:32
 ❯ resolvePackageEntry ../../node_modules/vite/dist/node/chunks/dep-Bsx9IwL8.js:12215:2
 ❯ tryNodeResolve ../../node_modules/vite/dist/node/chunks/dep-Bsx9IwL8.js:12116:17
 ❯ ResolveIdContext.resolveId ../../node_modules/vite/dist/node/chunks/dep-Bsx9IwL8.js:11955:15
 ❯ EnvironmentPluginContainer.resolveId ../../node_modules/vite/dist/node/chunks/dep-Bsx9IwL8.js:31194:56
 ❯ TransformPluginContext.resolve ../../node_modules/vite/dist/node/chunks/dep-Bsx9IwL8.js:31376:13
 ❯ normalizeUrl ../../node_modules/vite/dist/node/chunks/dep-Bsx9IwL8.js:29984:22
 ❯ ../../node_modules/vite/dist/node/chunks/dep-Bsx9IwL8.js:30050:32
            </failure>
        </testcase>
    </testsuite>
    <testsuite name="src/ui/commands/authCommand.test.ts" timestamp="2025-10-09T16:01:25.827Z" hostname="uby" tests="2" failures="0" errors="0" skipped="0" time="0.004149841">
        <testcase classname="src/ui/commands/authCommand.test.ts" name="authCommand &gt; should return a dialog action to open the auth dialog" time="0.002707364">
        </testcase>
        <testcase classname="src/ui/commands/authCommand.test.ts" name="authCommand &gt; should have the correct name and description" time="0.000497139">
        </testcase>
    </testsuite>
    <testsuite name="src/ui/commands/bugCommand.test.ts" timestamp="2025-10-09T16:01:25.827Z" hostname="uby" tests="1" failures="1" errors="0" skipped="0" time="0">
        <testcase classname="src/ui/commands/bugCommand.test.ts" name="src/ui/commands/bugCommand.test.ts" time="0">
            <failure message="Failed to resolve entry for package &quot;@qwen-code/qwen-code-core&quot;. The package may have incorrect main/module/exports specified in its package.json." type="Error">
Error: Failed to resolve entry for package &quot;@qwen-code/qwen-code-core&quot;. The package may have incorrect main/module/exports specified in its package.json.
 ❯ packageEntryFailure ../../node_modules/vite/dist/node/chunks/dep-Bsx9IwL8.js:12218:32
 ❯ resolvePackageEntry ../../node_modules/vite/dist/node/chunks/dep-Bsx9IwL8.js:12215:2
 ❯ tryNodeResolve ../../node_modules/vite/dist/node/chunks/dep-Bsx9IwL8.js:12116:17
 ❯ ResolveIdContext.resolveId ../../node_modules/vite/dist/node/chunks/dep-Bsx9IwL8.js:11955:15
 ❯ EnvironmentPluginContainer.resolveId ../../node_modules/vite/dist/node/chunks/dep-Bsx9IwL8.js:31194:56
            </failure>
        </testcase>
    </testsuite>
    <testsuite name="src/ui/commands/chatCommand.test.ts" timestamp="2025-10-09T16:01:25.827Z" hostname="uby" tests="1" failures="1" errors="0" skipped="0" time="0">
        <testcase classname="src/ui/commands/chatCommand.test.ts" name="src/ui/commands/chatCommand.test.ts" time="0">
            <failure message="Failed to resolve entry for package &quot;@qwen-code/qwen-code-core&quot;. The package may have incorrect main/module/exports specified in its package.json." type="Error">
Error: Failed to resolve entry for package &quot;@qwen-code/qwen-code-core&quot;. The package may have incorrect main/module/exports specified in its package.json.
  Plugin: vite:import-analysis
  File: /home/atmandk/LowCal-dev/packages/cli/src/ui/commands/chatCommand.ts:18:30
  9  |  import { Colors } from &quot;../colors.js&quot;;
  10 |  import { CommandKind } from &quot;./types.js&quot;;
  11 |  import { decodeTagName } from &quot;@qwen-code/qwen-code-core&quot;;
     |                                 ^
  12 |  import path from &quot;node:path&quot;;
  13 |  import { MessageType } from &quot;../types.js&quot;;
 ❯ packageEntryFailure ../../node_modules/vite/dist/node/chunks/dep-Bsx9IwL8.js:12218:32
 ❯ resolvePackageEntry ../../node_modules/vite/dist/node/chunks/dep-Bsx9IwL8.js:12215:2
 ❯ tryNodeResolve ../../node_modules/vite/dist/node/chunks/dep-Bsx9IwL8.js:12116:17
 ❯ ResolveIdContext.resolveId ../../node_modules/vite/dist/node/chunks/dep-Bsx9IwL8.js:11955:15
 ❯ EnvironmentPluginContainer.resolveId ../../node_modules/vite/dist/node/chunks/dep-Bsx9IwL8.js:31194:56
 ❯ TransformPluginContext.resolve ../../node_modules/vite/dist/node/chunks/dep-Bsx9IwL8.js:31376:13
 ❯ normalizeUrl ../../node_modules/vite/dist/node/chunks/dep-Bsx9IwL8.js:29984:22
 ❯ ../../node_modules/vite/dist/node/chunks/dep-Bsx9IwL8.js:30050:32
            </failure>
        </testcase>
    </testsuite>
    <testsuite name="src/ui/commands/clearCommand.test.ts" timestamp="2025-10-09T16:01:25.827Z" hostname="uby" tests="1" failures="1" errors="0" skipped="0" time="0">
        <testcase classname="src/ui/commands/clearCommand.test.ts" name="src/ui/commands/clearCommand.test.ts" time="0">
            <failure message="Failed to resolve entry for package &quot;@qwen-code/qwen-code-core&quot;. The package may have incorrect main/module/exports specified in its package.json." type="Error">
Error: Failed to resolve entry for package &quot;@qwen-code/qwen-code-core&quot;. The package may have incorrect main/module/exports specified in its package.json.
  Plugin: vite:import-analysis
  File: /home/atmandk/LowCal-dev/packages/cli/src/ui/commands/clearCommand.test.ts:25:0
  11 |  const __vi_import_1__ = await import(&quot;./types.js&quot;);
  12 |  const __vi_import_2__ = await import(&quot;../../test-utils/mockCommandContext.js&quot;);
  13 |  const __vi_import_3__ = await import(&quot;@qwen-code/qwen-code-core&quot;);
     |                                       ^
  14 |  /**
  15 |   * @license
 ❯ packageEntryFailure ../../node_modules/vite/dist/node/chunks/dep-Bsx9IwL8.js:12218:32
 ❯ resolvePackageEntry ../../node_modules/vite/dist/node/chunks/dep-Bsx9IwL8.js:12215:2
 ❯ tryNodeResolve ../../node_modules/vite/dist/node/chunks/dep-Bsx9IwL8.js:12116:17
 ❯ ResolveIdContext.resolveId ../../node_modules/vite/dist/node/chunks/dep-Bsx9IwL8.js:11955:15
 ❯ EnvironmentPluginContainer.resolveId ../../node_modules/vite/dist/node/chunks/dep-Bsx9IwL8.js:31194:56
 ❯ TransformPluginContext.resolve ../../node_modules/vite/dist/node/chunks/dep-Bsx9IwL8.js:31376:13
 ❯ normalizeUrl ../../node_modules/vite/dist/node/chunks/dep-Bsx9IwL8.js:29984:22
 ❯ ../../node_modules/vite/dist/node/chunks/dep-Bsx9IwL8.js:30050:32
            </failure>
        </testcase>
    </testsuite>
    <testsuite name="src/ui/commands/compressCommand.test.ts" timestamp="2025-10-09T16:01:25.827Z" hostname="uby" tests="1" failures="1" errors="0" skipped="0" time="0">
        <testcase classname="src/ui/commands/compressCommand.test.ts" name="src/ui/commands/compressCommand.test.ts" time="0">
            <failure message="Failed to resolve entry for package &quot;@qwen-code/qwen-code-core&quot;. The package may have incorrect main/module/exports specified in its package.json." type="Error">
Error: Failed to resolve entry for package &quot;@qwen-code/qwen-code-core&quot;. The package may have incorrect main/module/exports specified in its package.json.
  Plugin: vite:import-analysis
  File: /home/atmandk/LowCal-dev/packages/cli/src/ui/commands/compressCommand.test.ts:11:7
  6  |  import {
  7  |    CompressionStatus
  8  |  } from &quot;@qwen-code/qwen-code-core&quot;;
     |          ^
  9  |  import { vi, describe, it, expect, beforeEach } from &quot;vitest&quot;;
  10 |  import { compressCommand } from &quot;./compressCommand.js&quot;;
 ❯ packageEntryFailure ../../node_modules/vite/dist/node/chunks/dep-Bsx9IwL8.js:12218:32
 ❯ resolvePackageEntry ../../node_modules/vite/dist/node/chunks/dep-Bsx9IwL8.js:12215:2
 ❯ tryNodeResolve ../../node_modules/vite/dist/node/chunks/dep-Bsx9IwL8.js:12116:17
 ❯ ResolveIdContext.resolveId ../../node_modules/vite/dist/node/chunks/dep-Bsx9IwL8.js:11955:15
 ❯ EnvironmentPluginContainer.resolveId ../../node_modules/vite/dist/node/chunks/dep-Bsx9IwL8.js:31194:56
 ❯ TransformPluginContext.resolve ../../node_modules/vite/dist/node/chunks/dep-Bsx9IwL8.js:31376:13
 ❯ normalizeUrl ../../node_modules/vite/dist/node/chunks/dep-Bsx9IwL8.js:29984:22
 ❯ ../../node_modules/vite/dist/node/chunks/dep-Bsx9IwL8.js:30050:32
            </failure>
        </testcase>
    </testsuite>
    <testsuite name="src/ui/commands/copyCommand.test.ts" timestamp="2025-10-09T16:01:25.828Z" hostname="uby" tests="11" failures="0" errors="0" skipped="0" time="0.020181034">
        <testcase classname="src/ui/commands/copyCommand.test.ts" name="copyCommand &gt; should return info message when no history is available" time="0.003060387">
        </testcase>
        <testcase classname="src/ui/commands/copyCommand.test.ts" name="copyCommand &gt; should return info message when history is empty" time="0.000614005">
        </testcase>
        <testcase classname="src/ui/commands/copyCommand.test.ts" name="copyCommand &gt; should return info message when no AI messages are found in history" time="0.000912867">
        </testcase>
        <testcase classname="src/ui/commands/copyCommand.test.ts" name="copyCommand &gt; should copy last AI message to clipboard successfully" time="0.002085415">
        </testcase>
        <testcase classname="src/ui/commands/copyCommand.test.ts" name="copyCommand &gt; should handle multiple text parts in AI message" time="0.004607046">
        </testcase>
        <testcase classname="src/ui/commands/copyCommand.test.ts" name="copyCommand &gt; should filter out non-text parts" time="0.000717927">
        </testcase>
        <testcase classname="src/ui/commands/copyCommand.test.ts" name="copyCommand &gt; should get the last AI message when multiple AI messages exist" time="0.000573099">
        </testcase>
        <testcase classname="src/ui/commands/copyCommand.test.ts" name="copyCommand &gt; should handle clipboard copy error" time="0.001454148">
            <system-out>
Clipboard access denied

            </system-out>
        </testcase>
        <testcase classname="src/ui/commands/copyCommand.test.ts" name="copyCommand &gt; should handle non-Error clipboard errors" time="0.002320359">
            <system-out>
String error

            </system-out>
        </testcase>
        <testcase classname="src/ui/commands/copyCommand.test.ts" name="copyCommand &gt; should return info message when no text parts found in AI message" time="0.001005849">
        </testcase>
        <testcase classname="src/ui/commands/copyCommand.test.ts" name="copyCommand &gt; should handle unavailable config service" time="0.001481168">
        </testcase>
    </testsuite>
    <testsuite name="src/ui/commands/corgiCommand.test.ts" timestamp="2025-10-09T16:01:25.828Z" hostname="uby" tests="2" failures="0" errors="0" skipped="0" time="0.004077106">
        <testcase classname="src/ui/commands/corgiCommand.test.ts" name="corgiCommand &gt; should call the toggleCorgiMode function on the UI context" time="0.002544093">
        </testcase>
        <testcase classname="src/ui/commands/corgiCommand.test.ts" name="corgiCommand &gt; should have the correct name and description" time="0.000619315">
        </testcase>
    </testsuite>
    <testsuite name="src/ui/commands/directoryCommand.test.tsx" timestamp="2025-10-09T16:01:25.828Z" hostname="uby" tests="1" failures="1" errors="0" skipped="0" time="0">
        <testcase classname="src/ui/commands/directoryCommand.test.tsx" name="src/ui/commands/directoryCommand.test.tsx" time="0">
            <failure message="Failed to resolve entry for package &quot;@qwen-code/qwen-code-core&quot;. The package may have incorrect main/module/exports specified in its package.json." type="Error">
Error: Failed to resolve entry for package &quot;@qwen-code/qwen-code-core&quot;. The package may have incorrect main/module/exports specified in its package.json.
  Plugin: vite:import-analysis
  File: /home/atmandk/LowCal-dev/packages/cli/src/ui/commands/directoryCommand.tsx:12:45
  8  |  import * as os from &quot;node:os&quot;;
  9  |  import * as path from &quot;node:path&quot;;
  10 |  import { loadServerHierarchicalMemory } from &quot;@qwen-code/qwen-code-core&quot;;
     |                                                ^
  11 |  export function expandHomeDir(p) {
  12 |    if (!p) {
 ❯ packageEntryFailure ../../node_modules/vite/dist/node/chunks/dep-Bsx9IwL8.js:12218:32
 ❯ resolvePackageEntry ../../node_modules/vite/dist/node/chunks/dep-Bsx9IwL8.js:12215:2
 ❯ tryNodeResolve ../../node_modules/vite/dist/node/chunks/dep-Bsx9IwL8.js:12116:17
 ❯ ResolveIdContext.resolveId ../../node_modules/vite/dist/node/chunks/dep-Bsx9IwL8.js:11955:15
 ❯ EnvironmentPluginContainer.resolveId ../../node_modules/vite/dist/node/chunks/dep-Bsx9IwL8.js:31194:56
 ❯ TransformPluginContext.resolve ../../node_modules/vite/dist/node/chunks/dep-Bsx9IwL8.js:31376:13
 ❯ normalizeUrl ../../node_modules/vite/dist/node/chunks/dep-Bsx9IwL8.js:29984:22
 ❯ ../../node_modules/vite/dist/node/chunks/dep-Bsx9IwL8.js:30050:32
            </failure>
        </testcase>
    </testsuite>
    <testsuite name="src/ui/commands/docsCommand.test.ts" timestamp="2025-10-09T16:01:25.829Z" hostname="uby" tests="3" failures="0" errors="0" skipped="0" time="0.007819765">
        <testcase classname="src/ui/commands/docsCommand.test.ts" name="docsCommand &gt; should add an info message and call &apos;open&apos; in a non-sandbox environment" time="0.004884168">
        </testcase>
        <testcase classname="src/ui/commands/docsCommand.test.ts" name="docsCommand &gt; should only add an info message in a sandbox environment" time="0.001107548">
        </testcase>
        <testcase classname="src/ui/commands/docsCommand.test.ts" name="docsCommand &gt; should not open browser for &apos;sandbox-exec&apos;" time="0.000694123">
        </testcase>
    </testsuite>
    <testsuite name="src/ui/commands/editorCommand.test.ts" timestamp="2025-10-09T16:01:25.829Z" hostname="uby" tests="2" failures="0" errors="0" skipped="0" time="0.004187671">
        <testcase classname="src/ui/commands/editorCommand.test.ts" name="editorCommand &gt; should return a dialog action to open the editor dialog" time="0.002686336">
        </testcase>
        <testcase classname="src/ui/commands/editorCommand.test.ts" name="editorCommand &gt; should have the correct name and description" time="0.000262766">
        </testcase>
    </testsuite>
    <testsuite name="src/ui/commands/exportCommand.test.ts" timestamp="2025-10-09T16:01:25.829Z" hostname="uby" tests="8" failures="3" errors="0" skipped="0" time="0.037052449">
        <testcase classname="src/ui/commands/exportCommand.test.ts" name="exportCommand &gt; should have correct name and description" time="0.003127521">
        </testcase>
        <testcase classname="src/ui/commands/exportCommand.test.ts" name="exportCommand &gt; should export full conversation with default filename to conversations dir" time="0.023563677">
            <failure message="expected &quot;spy&quot; to be called with arguments: [ &apos;/mock/path/conversations&apos;, …(1) ][90m

Received: 

[1m  1st spy call:

[22m[2m  [[22m
[32m-   &quot;/mock/path/conversations&quot;,[90m
[31m+   &quot;/mock/path/conversations/conversation.md&quot;,[90m
[2m    {[22m
[2m      &quot;recursive&quot;: true,[22m
[2m    },[22m
[2m  ][22m
[39m[90m

Number of calls: [1m1[22m
[39m" type="AssertionError">
AssertionError: expected &quot;spy&quot; to be called with arguments: [ &apos;/mock/path/conversations&apos;, …(1) ]

Received: 

  1st spy call:

  [
-   &quot;/mock/path/conversations&quot;,
+   &quot;/mock/path/conversations/conversation.md&quot;,
    {
      &quot;recursive&quot;: true,
    },
  ]


Number of calls: 1

 ❯ src/ui/commands/exportCommand.test.ts:141:27
            </failure>
        </testcase>
        <testcase classname="src/ui/commands/exportCommand.test.ts" name="exportCommand &gt; should handle compact option" time="0.001393767">
        </testcase>
        <testcase classname="src/ui/commands/exportCommand.test.ts" name="exportCommand &gt; should handle report option" time="0.001088933">
        </testcase>
        <testcase classname="src/ui/commands/exportCommand.test.ts" name="exportCommand &gt; should handle invalid option" time="0.001999586">
            <failure message="Cannot read properties of undefined (reading &apos;length&apos;)" type="TypeError">
TypeError: Cannot read properties of undefined (reading &apos;length&apos;)
 ❯ action src/ui/commands/exportCommand.ts:20:17
 ❯ src/ui/commands/exportCommand.test.ts:217:11
            </failure>
        </testcase>
        <testcase classname="src/ui/commands/exportCommand.test.ts" name="exportCommand &gt; should handle no history" time="0.001847074">
        </testcase>
        <testcase classname="src/ui/commands/exportCommand.test.ts" name="exportCommand &gt; should handle custom filename with option" time="0.001667191">
            <failure message="expected &quot;spy&quot; to be called with arguments: [ &apos;/mock/path/reports&apos;, …(1) ][90m

Received: 

[1m  1st spy call:

[22m[2m  [[22m
[32m-   &quot;/mock/path/reports&quot;,[90m
[31m+   &quot;/mock/path/reports/my-report.md&quot;,[90m
[2m    {[22m
[2m      &quot;recursive&quot;: true,[22m
[2m    },[22m
[2m  ][22m
[39m[90m

Number of calls: [1m1[22m
[39m" type="AssertionError">
AssertionError: expected &quot;spy&quot; to be called with arguments: [ &apos;/mock/path/reports&apos;, …(1) ]

Received: 

  1st spy call:

  [
-   &quot;/mock/path/reports&quot;,
+   &quot;/mock/path/reports/my-report.md&quot;,
    {
      &quot;recursive&quot;: true,
    },
  ]


Number of calls: 1

 ❯ src/ui/commands/exportCommand.test.ts:261:27
            </failure>
        </testcase>
        <testcase classname="src/ui/commands/exportCommand.test.ts" name="exportCommand &gt; should handle export error" time="0.001014696">
        </testcase>
    </testsuite>
    <testsuite name="src/ui/commands/extensionsCommand.test.ts" timestamp="2025-10-09T16:01:25.829Z" hostname="uby" tests="2" failures="0" errors="0" skipped="0" time="0.005577419">
        <testcase classname="src/ui/commands/extensionsCommand.test.ts" name="extensionsCommand &gt; should display &quot;No active extensions.&quot; when none are found" time="0.00393298">
        </testcase>
        <testcase classname="src/ui/commands/extensionsCommand.test.ts" name="extensionsCommand &gt; should list active extensions when they are found" time="0.000690637">
        </testcase>
    </testsuite>
    <testsuite name="src/ui/commands/helpCommand.test.ts" timestamp="2025-10-09T16:01:25.830Z" hostname="uby" tests="2" failures="0" errors="0" skipped="0" time="0.007430265">
        <testcase classname="src/ui/commands/helpCommand.test.ts" name="helpCommand &gt; should add a help message to the UI history" time="0.005162473">
        </testcase>
        <testcase classname="src/ui/commands/helpCommand.test.ts" name="helpCommand &gt; should have the correct command properties" time="0.001023532">
        </testcase>
    </testsuite>
    <testsuite name="src/ui/commands/ideCommand.test.ts" timestamp="2025-10-09T16:01:25.830Z" hostname="uby" tests="1" failures="1" errors="0" skipped="0" time="0">
        <testcase classname="src/ui/commands/ideCommand.test.ts" name="src/ui/commands/ideCommand.test.ts" time="0">
            <failure message="Failed to resolve entry for package &quot;@qwen-code/qwen-code-core&quot;. The package may have incorrect main/module/exports specified in its package.json." type="Error">
Error: Failed to resolve entry for package &quot;@qwen-code/qwen-code-core&quot;. The package may have incorrect main/module/exports specified in its package.json.
  Plugin: vite:import-analysis
  File: /home/atmandk/LowCal-dev/packages/cli/src/ui/commands/ideCommand.test.ts:11:0
  11 |  const __vi_import_0__ = await import(&quot;./ideCommand.js&quot;);
  12 |  const __vi_import_1__ = await import(&quot;./types.js&quot;);
  13 |  const __vi_import_2__ = await import(&quot;@qwen-code/qwen-code-core&quot;);
     |                                       ^
  14 |  const __vi_import_3__ = await import(&quot;@qwen-code/qwen-code-core&quot;);
  15 |  /**
 ❯ packageEntryFailure ../../node_modules/vite/dist/node/chunks/dep-Bsx9IwL8.js:12218:32
 ❯ resolvePackageEntry ../../node_modules/vite/dist/node/chunks/dep-Bsx9IwL8.js:12215:2
 ❯ tryNodeResolve ../../node_modules/vite/dist/node/chunks/dep-Bsx9IwL8.js:12116:17
 ❯ ResolveIdContext.resolveId ../../node_modules/vite/dist/node/chunks/dep-Bsx9IwL8.js:11955:15
 ❯ EnvironmentPluginContainer.resolveId ../../node_modules/vite/dist/node/chunks/dep-Bsx9IwL8.js:31194:56
 ❯ TransformPluginContext.resolve ../../node_modules/vite/dist/node/chunks/dep-Bsx9IwL8.js:31376:13
 ❯ normalizeUrl ../../node_modules/vite/dist/node/chunks/dep-Bsx9IwL8.js:29984:22
 ❯ ../../node_modules/vite/dist/node/chunks/dep-Bsx9IwL8.js:30050:32
            </failure>
        </testcase>
    </testsuite>
    <testsuite name="src/ui/commands/initCommand.test.ts" timestamp="2025-10-09T16:01:25.830Z" hostname="uby" tests="1" failures="1" errors="0" skipped="0" time="0">
        <testcase classname="src/ui/commands/initCommand.test.ts" name="src/ui/commands/initCommand.test.ts" time="0">
            <failure message="Failed to resolve entry for package &quot;@qwen-code/qwen-code-core&quot;. The package may have incorrect main/module/exports specified in its package.json." type="Error">
Error: Failed to resolve entry for package &quot;@qwen-code/qwen-code-core&quot;. The package may have incorrect main/module/exports specified in its package.json.
  Plugin: vite:import-analysis
  File: /home/atmandk/LowCal-dev/packages/cli/src/ui/commands/initCommand.ts:14:43
  6  |  import * as fs from &quot;node:fs&quot;;
  7  |  import * as path from &quot;node:path&quot;;
  8  |  import { getCurrentGeminiMdFilename } from &quot;@qwen-code/qwen-code-core&quot;;
     |                                              ^
  9  |  import { CommandKind } from &quot;./types.js&quot;;
  10 |  import { Text } from &quot;ink&quot;;
 ❯ packageEntryFailure ../../node_modules/vite/dist/node/chunks/dep-Bsx9IwL8.js:12218:32
 ❯ resolvePackageEntry ../../node_modules/vite/dist/node/chunks/dep-Bsx9IwL8.js:12215:2
 ❯ tryNodeResolve ../../node_modules/vite/dist/node/chunks/dep-Bsx9IwL8.js:12116:17
 ❯ ResolveIdContext.resolveId ../../node_modules/vite/dist/node/chunks/dep-Bsx9IwL8.js:11955:15
 ❯ EnvironmentPluginContainer.resolveId ../../node_modules/vite/dist/node/chunks/dep-Bsx9IwL8.js:31194:56
 ❯ TransformPluginContext.resolve ../../node_modules/vite/dist/node/chunks/dep-Bsx9IwL8.js:31376:13
 ❯ normalizeUrl ../../node_modules/vite/dist/node/chunks/dep-Bsx9IwL8.js:29984:22
 ❯ ../../node_modules/vite/dist/node/chunks/dep-Bsx9IwL8.js:30050:32
            </failure>
        </testcase>
    </testsuite>
    <testsuite name="src/ui/commands/loggingCommand.test.ts" timestamp="2025-10-09T16:01:25.830Z" hostname="uby" tests="4" failures="0" errors="0" skipped="0" time="0.015341217">
        <testcase classname="src/ui/commands/loggingCommand.test.ts" name="loggingCommand &gt; enables logging when /logging on is issued" time="0.005424427">
        </testcase>
        <testcase classname="src/ui/commands/loggingCommand.test.ts" name="loggingCommand &gt; disables logging when /logging off is issued" time="0.001626707">
        </testcase>
        <testcase classname="src/ui/commands/loggingCommand.test.ts" name="loggingCommand &gt; reports status when invoked without arguments" time="0.004668128">
        </testcase>
        <testcase classname="src/ui/commands/loggingCommand.test.ts" name="loggingCommand &gt; shows usage for unknown arguments" time="0.002263905">
        </testcase>
    </testsuite>
    <testsuite name="src/ui/commands/mcpCommand.test.ts" timestamp="2025-10-09T16:01:25.830Z" hostname="uby" tests="1" failures="1" errors="0" skipped="0" time="0">
        <testcase classname="src/ui/commands/mcpCommand.test.ts" name="src/ui/commands/mcpCommand.test.ts" time="0">
            <failure message="Failed to resolve entry for package &quot;@qwen-code/qwen-code-core&quot;. The package may have incorrect main/module/exports specified in its package.json." type="Error">
Error: Failed to resolve entry for package &quot;@qwen-code/qwen-code-core&quot;. The package may have incorrect main/module/exports specified in its package.json.
  Plugin: vite:import-analysis
  File: /home/atmandk/LowCal-dev/packages/cli/src/ui/commands/mcpCommand.test.ts:10:0
  16 |  const __vi_import_0__ = await import(&quot;./mcpCommand.js&quot;);
  17 |  const __vi_import_1__ = await import(&quot;../../test-utils/mockCommandContext.js&quot;);
  18 |  const __vi_import_2__ = await import(&quot;@qwen-code/qwen-code-core&quot;);
     |                                       ^
  19 |  const __vi_import_3__ = await import(&quot;@google/genai&quot;);
  20 |  /**
 ❯ packageEntryFailure ../../node_modules/vite/dist/node/chunks/dep-Bsx9IwL8.js:12218:32
 ❯ resolvePackageEntry ../../node_modules/vite/dist/node/chunks/dep-Bsx9IwL8.js:12215:2
 ❯ tryNodeResolve ../../node_modules/vite/dist/node/chunks/dep-Bsx9IwL8.js:12116:17
 ❯ ResolveIdContext.resolveId ../../node_modules/vite/dist/node/chunks/dep-Bsx9IwL8.js:11955:15
 ❯ EnvironmentPluginContainer.resolveId ../../node_modules/vite/dist/node/chunks/dep-Bsx9IwL8.js:31194:56
 ❯ TransformPluginContext.resolve ../../node_modules/vite/dist/node/chunks/dep-Bsx9IwL8.js:31376:13
 ❯ normalizeUrl ../../node_modules/vite/dist/node/chunks/dep-Bsx9IwL8.js:29984:22
 ❯ ../../node_modules/vite/dist/node/chunks/dep-Bsx9IwL8.js:30050:32
            </failure>
        </testcase>
    </testsuite>
    <testsuite name="src/ui/commands/memoryCommand.test.ts" timestamp="2025-10-09T16:01:25.831Z" hostname="uby" tests="1" failures="1" errors="0" skipped="0" time="0">
        <testcase classname="src/ui/commands/memoryCommand.test.ts" name="src/ui/commands/memoryCommand.test.ts" time="0">
            <failure message="Failed to resolve entry for package &quot;@qwen-code/qwen-code-core&quot;. The package may have incorrect main/module/exports specified in its package.json." type="Error">
Error: Failed to resolve entry for package &quot;@qwen-code/qwen-code-core&quot;. The package may have incorrect main/module/exports specified in its package.json.
  Plugin: vite:import-analysis
  File: /home/atmandk/LowCal-dev/packages/cli/src/ui/commands/memoryCommand.test.ts:14:0
  13 |  const __vi_import_1__ = await import(&quot;../../test-utils/mockCommandContext.js&quot;);
  14 |  const __vi_import_2__ = await import(&quot;../types.js&quot;);
  15 |  const __vi_import_3__ = await import(&quot;@qwen-code/qwen-code-core&quot;);
     |                                       ^
  16 |  /**
  17 |   * @license
 ❯ packageEntryFailure ../../node_modules/vite/dist/node/chunks/dep-Bsx9IwL8.js:12218:32
 ❯ resolvePackageEntry ../../node_modules/vite/dist/node/chunks/dep-Bsx9IwL8.js:12215:2
 ❯ tryNodeResolve ../../node_modules/vite/dist/node/chunks/dep-Bsx9IwL8.js:12116:17
 ❯ ResolveIdContext.resolveId ../../node_modules/vite/dist/node/chunks/dep-Bsx9IwL8.js:11955:15
 ❯ EnvironmentPluginContainer.resolveId ../../node_modules/vite/dist/node/chunks/dep-Bsx9IwL8.js:31194:56
 ❯ TransformPluginContext.resolve ../../node_modules/vite/dist/node/chunks/dep-Bsx9IwL8.js:31376:13
 ❯ normalizeUrl ../../node_modules/vite/dist/node/chunks/dep-Bsx9IwL8.js:29984:22
 ❯ ../../node_modules/vite/dist/node/chunks/dep-Bsx9IwL8.js:30050:32
            </failure>
        </testcase>
    </testsuite>
    <testsuite name="src/ui/commands/modelCommand.test.ts" timestamp="2025-10-09T16:01:25.831Z" hostname="uby" tests="1" failures="1" errors="0" skipped="0" time="0">
        <testcase classname="src/ui/commands/modelCommand.test.ts" name="src/ui/commands/modelCommand.test.ts" time="0">
            <failure message="Failed to resolve entry for package &quot;@qwen-code/qwen-code-core&quot;. The package may have incorrect main/module/exports specified in its package.json." type="Error">
Error: Failed to resolve entry for package &quot;@qwen-code/qwen-code-core&quot;. The package may have incorrect main/module/exports specified in its package.json.
  Plugin: vite:import-analysis
  File: /home/atmandk/LowCal-dev/packages/cli/src/ui/commands/modelCommand.test.ts:11:0
  10 |  const __vi_import_1__ = await import(&quot;./types.js&quot;);
  11 |  const __vi_import_2__ = await import(&quot;../../test-utils/mockCommandContext.js&quot;);
  12 |  const __vi_import_3__ = await import(&quot;@qwen-code/qwen-code-core&quot;);
     |                                       ^
  13 |  const __vi_import_4__ = await import(&quot;../models/availableModels.js&quot;);
  14 |  /**
 ❯ packageEntryFailure ../../node_modules/vite/dist/node/chunks/dep-Bsx9IwL8.js:12218:32
 ❯ resolvePackageEntry ../../node_modules/vite/dist/node/chunks/dep-Bsx9IwL8.js:12215:2
 ❯ tryNodeResolve ../../node_modules/vite/dist/node/chunks/dep-Bsx9IwL8.js:12116:17
 ❯ ResolveIdContext.resolveId ../../node_modules/vite/dist/node/chunks/dep-Bsx9IwL8.js:11955:15
 ❯ EnvironmentPluginContainer.resolveId ../../node_modules/vite/dist/node/chunks/dep-Bsx9IwL8.js:31194:56
 ❯ TransformPluginContext.resolve ../../node_modules/vite/dist/node/chunks/dep-Bsx9IwL8.js:31376:13
 ❯ normalizeUrl ../../node_modules/vite/dist/node/chunks/dep-Bsx9IwL8.js:29984:22
 ❯ ../../node_modules/vite/dist/node/chunks/dep-Bsx9IwL8.js:30050:32
            </failure>
        </testcase>
    </testsuite>
    <testsuite name="src/ui/commands/privacyCommand.test.ts" timestamp="2025-10-09T16:01:25.831Z" hostname="uby" tests="2" failures="0" errors="0" skipped="0" time="0.005011424">
        <testcase classname="src/ui/commands/privacyCommand.test.ts" name="privacyCommand &gt; should return a dialog action to open the privacy dialog" time="0.00312159">
        </testcase>
        <testcase classname="src/ui/commands/privacyCommand.test.ts" name="privacyCommand &gt; should have the correct name and description" time="0.000750968">
        </testcase>
    </testsuite>
    <testsuite name="src/ui/commands/quitCommand.test.ts" timestamp="2025-10-09T16:01:25.831Z" hostname="uby" tests="1" failures="0" errors="0" skipped="0" time="0.006684145">
        <testcase classname="src/ui/commands/quitCommand.test.ts" name="quitCommand &gt; returns a QuitActionReturn object with the correct messages" time="0.005483626">
        </testcase>
    </testsuite>
    <testsuite name="src/ui/commands/restoreCommand.test.ts" timestamp="2025-10-09T16:01:25.831Z" hostname="uby" tests="13" failures="0" errors="0" skipped="0" time="0.046551569">
        <testcase classname="src/ui/commands/restoreCommand.test.ts" name="restoreCommand &gt; should return null if checkpointing is not enabled" time="0.01301633">
        </testcase>
        <testcase classname="src/ui/commands/restoreCommand.test.ts" name="restoreCommand &gt; should return the command if checkpointing is enabled" time="0.002604405">
        </testcase>
        <testcase classname="src/ui/commands/restoreCommand.test.ts" name="restoreCommand &gt; action &gt; should return an error if temp dir is not found" time="0.002449117">
        </testcase>
        <testcase classname="src/ui/commands/restoreCommand.test.ts" name="restoreCommand &gt; action &gt; should inform when no checkpoints are found if no args are passed" time="0.002212861">
        </testcase>
        <testcase classname="src/ui/commands/restoreCommand.test.ts" name="restoreCommand &gt; action &gt; should list available checkpoints if no args are passed" time="0.003318534">
        </testcase>
        <testcase classname="src/ui/commands/restoreCommand.test.ts" name="restoreCommand &gt; action &gt; should return an error if the specified file is not found" time="0.002076508">
        </testcase>
        <testcase classname="src/ui/commands/restoreCommand.test.ts" name="restoreCommand &gt; action &gt; should handle file read errors gracefully" time="0.002280906">
        </testcase>
        <testcase classname="src/ui/commands/restoreCommand.test.ts" name="restoreCommand &gt; action &gt; should restore a tool call and project state" time="0.004062619">
        </testcase>
        <testcase classname="src/ui/commands/restoreCommand.test.ts" name="restoreCommand &gt; action &gt; should restore even if only toolCall is present" time="0.002951797">
        </testcase>
        <testcase classname="src/ui/commands/restoreCommand.test.ts" name="restoreCommand &gt; should return an error for a checkpoint file missing the toolCall property" time="0.00275941">
        </testcase>
        <testcase classname="src/ui/commands/restoreCommand.test.ts" name="restoreCommand &gt; completion &gt; should return an empty array if temp dir is not found" time="0.002144013">
        </testcase>
        <testcase classname="src/ui/commands/restoreCommand.test.ts" name="restoreCommand &gt; completion &gt; should return an empty array on readdir error" time="0.002179148">
        </testcase>
        <testcase classname="src/ui/commands/restoreCommand.test.ts" name="restoreCommand &gt; completion &gt; should return a list of checkpoint names" time="0.002828218">
        </testcase>
    </testsuite>
    <testsuite name="src/ui/commands/settingsCommand.test.ts" timestamp="2025-10-09T16:01:25.832Z" hostname="uby" tests="2" failures="0" errors="0" skipped="0" time="0.005002357">
        <testcase classname="src/ui/commands/settingsCommand.test.ts" name="settingsCommand &gt; should return a dialog action to open the settings dialog" time="0.003287677">
        </testcase>
        <testcase classname="src/ui/commands/settingsCommand.test.ts" name="settingsCommand &gt; should have the correct name and description" time="0.000631167">
        </testcase>
    </testsuite>
    <testsuite name="src/ui/commands/setupGithubCommand.test.ts" timestamp="2025-10-09T16:01:25.832Z" hostname="uby" tests="8" failures="0" errors="0" skipped="0" time="0.059112797">
        <testcase classname="src/ui/commands/setupGithubCommand.test.ts" name="setupGithubCommand &gt; returns a tool action to download github workflows and handles paths" time="0.033630354">
        </testcase>
        <testcase classname="src/ui/commands/setupGithubCommand.test.ts" name="updateGitignore &gt; creates a new .gitignore file when none exists" time="0.001283933">
        </testcase>
        <testcase classname="src/ui/commands/setupGithubCommand.test.ts" name="updateGitignore &gt; appends entries to existing .gitignore file" time="0.001129808">
        </testcase>
        <testcase classname="src/ui/commands/setupGithubCommand.test.ts" name="updateGitignore &gt; does not add duplicate entries" time="0.000755125">
        </testcase>
        <testcase classname="src/ui/commands/setupGithubCommand.test.ts" name="updateGitignore &gt; adds only missing entries when some already exist" time="0.002232687">
        </testcase>
        <testcase classname="src/ui/commands/setupGithubCommand.test.ts" name="updateGitignore &gt; does not get confused by entries in comments or as substrings" time="0.002373107">
        </testcase>
        <testcase classname="src/ui/commands/setupGithubCommand.test.ts" name="updateGitignore &gt; handles file system errors gracefully" time="0.00724912">
            <system-out>
Failed to update .gitignore: Error: ENOENT: no such file or directory, open &apos;/tmp/update-gitignore-tb5WXo/non-existent/.gitignore&apos;
[90m    at open (node:internal/fs/promises:642:25)[39m
[90m    at Object.writeFile (node:internal/fs/promises:1249:14)[39m
    at Module.updateGitignore [90m(/home/atmandk/LowCal-dev/packages/cli/[39msrc/ui/commands/setupGithubCommand.ts:71:7[90m)[39m
    at [90m/home/atmandk/LowCal-dev/packages/cli/[39msrc/ui/commands/setupGithubCommand.test.ts:218:5
    at file:///home/atmandk/LowCal-dev/node_modules/[4m@vitest/runner[24m/dist/chunk-hooks.js:752:20 {
  errno: [33m-2[39m,
  code: [32m&apos;ENOENT&apos;[39m,
  syscall: [32m&apos;open&apos;[39m,
  path: [32m&apos;/tmp/update-gitignore-tb5WXo/non-existent/.gitignore&apos;[39m
}

            </system-out>
        </testcase>
        <testcase classname="src/ui/commands/setupGithubCommand.test.ts" name="updateGitignore &gt; handles permission errors gracefully" time="0.008634601">
        </testcase>
    </testsuite>
    <testsuite name="src/ui/commands/statsCommand.test.ts" timestamp="2025-10-09T16:01:25.832Z" hostname="uby" tests="3" failures="0" errors="0" skipped="0" time="0.012018055">
        <testcase classname="src/ui/commands/statsCommand.test.ts" name="statsCommand &gt; should display general session stats when run with no subcommand" time="0.007829843">
        </testcase>
        <testcase classname="src/ui/commands/statsCommand.test.ts" name="statsCommand &gt; should display model stats when using the &quot;model&quot; subcommand" time="0.001966645">
        </testcase>
        <testcase classname="src/ui/commands/statsCommand.test.ts" name="statsCommand &gt; should display tool stats when using the &quot;tools&quot; subcommand" time="0.000906757">
        </testcase>
    </testsuite>
    <testsuite name="src/ui/commands/terminalSetupCommand.test.ts" timestamp="2025-10-09T16:01:25.832Z" hostname="uby" tests="5" failures="0" errors="0" skipped="0" time="0.004159108">
        <testcase classname="src/ui/commands/terminalSetupCommand.test.ts" name="terminalSetupCommand &gt; should have correct metadata" time="0.001472">
        </testcase>
        <testcase classname="src/ui/commands/terminalSetupCommand.test.ts" name="terminalSetupCommand &gt; should return success message when terminal setup succeeds" time="0.001211279">
        </testcase>
        <testcase classname="src/ui/commands/terminalSetupCommand.test.ts" name="terminalSetupCommand &gt; should append restart message when terminal setup requires restart" time="0.000220618">
        </testcase>
        <testcase classname="src/ui/commands/terminalSetupCommand.test.ts" name="terminalSetupCommand &gt; should return error message when terminal setup fails" time="0.000125592">
        </testcase>
        <testcase classname="src/ui/commands/terminalSetupCommand.test.ts" name="terminalSetupCommand &gt; should handle exceptions from terminal setup" time="0.000215027">
        </testcase>
    </testsuite>
    <testsuite name="src/ui/commands/themeCommand.test.ts" timestamp="2025-10-09T16:01:25.832Z" hostname="uby" tests="2" failures="0" errors="0" skipped="0" time="0.004872877">
        <testcase classname="src/ui/commands/themeCommand.test.ts" name="themeCommand &gt; should return a dialog action to open the theme dialog" time="0.003108466">
        </testcase>
        <testcase classname="src/ui/commands/themeCommand.test.ts" name="themeCommand &gt; should have the correct name and description" time="0.000626698">
        </testcase>
    </testsuite>
    <testsuite name="src/ui/commands/toolsCommand.test.ts" timestamp="2025-10-09T16:01:25.833Z" hostname="uby" tests="4" failures="0" errors="0" skipped="0" time="0.010902703">
        <testcase classname="src/ui/commands/toolsCommand.test.ts" name="toolsCommand &gt; should display an error if the tool registry is unavailable" time="0.005230959">
        </testcase>
        <testcase classname="src/ui/commands/toolsCommand.test.ts" name="toolsCommand &gt; should display &quot;No tools available&quot; when none are found" time="0.002181612">
        </testcase>
        <testcase classname="src/ui/commands/toolsCommand.test.ts" name="toolsCommand &gt; should list tools without descriptions by default" time="0.001308489">
        </testcase>
        <testcase classname="src/ui/commands/toolsCommand.test.ts" name="toolsCommand &gt; should list tools with descriptions when &quot;desc&quot; arg is passed" time="0.0008659">
        </testcase>
    </testsuite>
    <testsuite name="src/ui/components/AuthDialog.test.tsx" timestamp="2025-10-09T16:01:25.833Z" hostname="uby" tests="1" failures="1" errors="0" skipped="0" time="0">
        <testcase classname="src/ui/components/AuthDialog.test.tsx" name="src/ui/components/AuthDialog.test.tsx" time="0">
            <failure message="Failed to resolve entry for package &quot;@qwen-code/qwen-code-core&quot;. The package may have incorrect main/module/exports specified in its package.json." type="Error">
Error: Failed to resolve entry for package &quot;@qwen-code/qwen-code-core&quot;. The package may have incorrect main/module/exports specified in its package.json.
  Plugin: vite:import-analysis
  File: /home/atmandk/LowCal-dev/packages/cli/src/ui/components/AuthDialog.test.tsx:10:25
  8  |  import { AuthDialog } from &quot;./AuthDialog.js&quot;;
  9  |  import { LoadedSettings, SettingScope } from &quot;../../config/settings.js&quot;;
  10 |  import { AuthType } from &quot;@qwen-code/qwen-code-core&quot;;
     |                            ^
  11 |  import { renderWithProviders } from &quot;../../test-utils/render.js&quot;;
  12 |  describe(&quot;AuthDialog&quot;, () =&gt; {
 ❯ packageEntryFailure ../../node_modules/vite/dist/node/chunks/dep-Bsx9IwL8.js:12218:32
 ❯ resolvePackageEntry ../../node_modules/vite/dist/node/chunks/dep-Bsx9IwL8.js:12215:2
 ❯ tryNodeResolve ../../node_modules/vite/dist/node/chunks/dep-Bsx9IwL8.js:12116:17
 ❯ ResolveIdContext.resolveId ../../node_modules/vite/dist/node/chunks/dep-Bsx9IwL8.js:11955:15
 ❯ EnvironmentPluginContainer.resolveId ../../node_modules/vite/dist/node/chunks/dep-Bsx9IwL8.js:31194:56
 ❯ TransformPluginContext.resolve ../../node_modules/vite/dist/node/chunks/dep-Bsx9IwL8.js:31376:13
 ❯ normalizeUrl ../../node_modules/vite/dist/node/chunks/dep-Bsx9IwL8.js:29984:22
 ❯ ../../node_modules/vite/dist/node/chunks/dep-Bsx9IwL8.js:30050:32
            </failure>
        </testcase>
    </testsuite>
    <testsuite name="src/ui/components/ContextSummaryDisplay.test.tsx" timestamp="2025-10-09T16:01:25.833Z" hostname="uby" tests="1" failures="1" errors="0" skipped="0" time="0">
        <testcase classname="src/ui/components/ContextSummaryDisplay.test.tsx" name="src/ui/components/ContextSummaryDisplay.test.tsx" time="0">
            <failure message="Failed to resolve entry for package &quot;@qwen-code/qwen-code-core&quot;. The package may have incorrect main/module/exports specified in its package.json." type="Error">
Error: Failed to resolve entry for package &quot;@qwen-code/qwen-code-core&quot;. The package may have incorrect main/module/exports specified in its package.json.
  Plugin: vite:import-analysis
  File: /home/atmandk/LowCal-dev/packages/cli/src/ui/components/ContextSummaryDisplay.tsx:13:7
  8  |  import { Colors } from &quot;../colors.js&quot;;
  9  |  import {
  10 |  } from &quot;@qwen-code/qwen-code-core&quot;;
     |          ^
  11 |  import { useTerminalSize } from &quot;../hooks/useTerminalSize.js&quot;;
  12 |  import { isNarrowWidth } from &quot;../utils/isNarrowWidth.js&quot;;
 ❯ packageEntryFailure ../../node_modules/vite/dist/node/chunks/dep-Bsx9IwL8.js:12218:32
 ❯ resolvePackageEntry ../../node_modules/vite/dist/node/chunks/dep-Bsx9IwL8.js:12215:2
 ❯ tryNodeResolve ../../node_modules/vite/dist/node/chunks/dep-Bsx9IwL8.js:12116:17
 ❯ ResolveIdContext.resolveId ../../node_modules/vite/dist/node/chunks/dep-Bsx9IwL8.js:11955:15
 ❯ EnvironmentPluginContainer.resolveId ../../node_modules/vite/dist/node/chunks/dep-Bsx9IwL8.js:31194:56
 ❯ TransformPluginContext.resolve ../../node_modules/vite/dist/node/chunks/dep-Bsx9IwL8.js:31376:13
 ❯ normalizeUrl ../../node_modules/vite/dist/node/chunks/dep-Bsx9IwL8.js:29984:22
 ❯ ../../node_modules/vite/dist/node/chunks/dep-Bsx9IwL8.js:30050:32
            </failure>
        </testcase>
    </testsuite>
    <testsuite name="src/ui/components/FolderTrustDialog.test.tsx" timestamp="2025-10-09T16:01:25.834Z" hostname="uby" tests="1" failures="1" errors="0" skipped="0" time="0">
        <testcase classname="src/ui/components/FolderTrustDialog.test.tsx" name="src/ui/components/FolderTrustDialog.test.tsx" time="0">
            <failure message="Failed to resolve entry for package &quot;@qwen-code/qwen-code-core&quot;. The package may have incorrect main/module/exports specified in its package.json." type="Error">
Error: Failed to resolve entry for package &quot;@qwen-code/qwen-code-core&quot;. The package may have incorrect main/module/exports specified in its package.json.
  Plugin: vite:import-analysis
  File: /home/atmandk/LowCal-dev/packages/cli/src/ui/contexts/KeypressContext.tsx:11:7
  8  |    KittySequenceOverflowEvent,
  9  |    logKittySequenceOverflow
  10 |  } from &quot;@qwen-code/qwen-code-core&quot;;
     |          ^
  11 |  import { useStdin } from &quot;ink&quot;;
  12 |  import {
 ❯ packageEntryFailure ../../node_modules/vite/dist/node/chunks/dep-Bsx9IwL8.js:12218:32
 ❯ resolvePackageEntry ../../node_modules/vite/dist/node/chunks/dep-Bsx9IwL8.js:12215:2
 ❯ tryNodeResolve ../../node_modules/vite/dist/node/chunks/dep-Bsx9IwL8.js:12116:17
 ❯ ResolveIdContext.resolveId ../../node_modules/vite/dist/node/chunks/dep-Bsx9IwL8.js:11955:15
 ❯ EnvironmentPluginContainer.resolveId ../../node_modules/vite/dist/node/chunks/dep-Bsx9IwL8.js:31194:56
 ❯ TransformPluginContext.resolve ../../node_modules/vite/dist/node/chunks/dep-Bsx9IwL8.js:31376:13
 ❯ normalizeUrl ../../node_modules/vite/dist/node/chunks/dep-Bsx9IwL8.js:29984:22
 ❯ ../../node_modules/vite/dist/node/chunks/dep-Bsx9IwL8.js:30050:32
            </failure>
        </testcase>
    </testsuite>
    <testsuite name="src/ui/components/Footer.test.tsx" timestamp="2025-10-09T16:01:25.834Z" hostname="uby" tests="1" failures="1" errors="0" skipped="0" time="0">
        <testcase classname="src/ui/components/Footer.test.tsx" name="src/ui/components/Footer.test.tsx" time="0">
            <failure message="Failed to resolve entry for package &quot;@qwen-code/qwen-code-core&quot;. The package may have incorrect main/module/exports specified in its package.json." type="Error">
Error: Failed to resolve entry for package &quot;@qwen-code/qwen-code-core&quot;. The package may have incorrect main/module/exports specified in its package.json.
  Plugin: vite:import-analysis
  File: /home/atmandk/LowCal-dev/packages/cli/src/ui/components/Footer.test.tsx:11:0
  16 |  const __vi_import_2__ = await import(&quot;./Footer.js&quot;);
  17 |  const __vi_import_3__ = await import(&quot;../hooks/useTerminalSize.js&quot;);
  18 |  const __vi_import_4__ = await import(&quot;@qwen-code/qwen-code-core&quot;);
     |                                       ^
  19 |  const __vi_import_5__ = await import(&quot;node:path&quot;);
  20 |  
 ❯ packageEntryFailure ../../node_modules/vite/dist/node/chunks/dep-Bsx9IwL8.js:12218:32
 ❯ resolvePackageEntry ../../node_modules/vite/dist/node/chunks/dep-Bsx9IwL8.js:12215:2
 ❯ tryNodeResolve ../../node_modules/vite/dist/node/chunks/dep-Bsx9IwL8.js:12116:17
 ❯ ResolveIdContext.resolveId ../../node_modules/vite/dist/node/chunks/dep-Bsx9IwL8.js:11955:15
 ❯ EnvironmentPluginContainer.resolveId ../../node_modules/vite/dist/node/chunks/dep-Bsx9IwL8.js:31194:56
 ❯ TransformPluginContext.resolve ../../node_modules/vite/dist/node/chunks/dep-Bsx9IwL8.js:31376:13
 ❯ normalizeUrl ../../node_modules/vite/dist/node/chunks/dep-Bsx9IwL8.js:29984:22
 ❯ ../../node_modules/vite/dist/node/chunks/dep-Bsx9IwL8.js:30050:32
            </failure>
        </testcase>
    </testsuite>
    <testsuite name="src/ui/components/Header.test.tsx" timestamp="2025-10-09T16:01:25.834Z" hostname="uby" tests="4" failures="1" errors="0" skipped="0" time="0.095363135">
        <testcase classname="src/ui/components/Header.test.tsx" name="&lt;Header /&gt; &gt; renders the long logo on a wide terminal" time="0.065794388">
            <failure message="expected &apos;\n █████                             …&apos; to contain &apos;\n █████                             …&apos;" type="AssertionError">
AssertionError: expected &apos;\n █████                             …&apos; to contain &apos;\n █████                             …&apos;

- Expected
+ Received


-  █████                                  █████████            ████       █████████               █████         
+  █████                                  █████████            ████       █████████               █████
- ░░███                                  ███░░░░░███          ░░███      ███░░░░░███             ░░███          
+ ░░███                                  ███░░░░░███          ░░███      ███░░░░░███             ░░███
-  ░███         ██████  █████ ███ █████ ███     ░░░   ██████   ░███     ███     ░░░   ██████   ███████   ██████ 
+  ░███         ██████  █████ ███ █████ ███     ░░░   ██████   ░███     ███     ░░░   ██████   ███████   ██████
   ░███        ███░░███░░███ ░███░░███ ░███          ░░░░░███  ░███    ░███          ███░░███ ███░░███  ███░░███
-  ░███       ░███ ░███ ░███ ░███ ░███ ░███           ███████  ░███    ░███         ░███ ░███░███ ░███ ░███████ 
+  ░███       ░███ ░███ ░███ ░███ ░███ ░███           ███████  ░███    ░███         ░███ ░███░███ ░███ ░███████
-  ░███      █░███ ░███ ░░███████████  ░░███     ███ ███░░███  ░███    ░░███     ███░███ ░███░███ ░███ ░███░░░  
+  ░███      █░███ ░███ ░░███████████  ░░███     ███ ███░░███  ░███    ░░███     ███░███ ░███░███ ░███ ░███░░░
-  ███████████░░██████   ░░████░████    ░░█████████ ░░████████ █████    ░░█████████ ░░██████ ░░████████░░██████ 
+  ███████████░░██████   ░░████░████    ░░█████████ ░░████████ █████    ░░█████████ ░░██████ ░░████████░░██████
- ░░░░░░░░░░░  ░░░░░░     ░░░░ ░░░░      ░░░░░░░░░   ░░░░░░░░ ░░░░░      ░░░░░░░░░   ░░░░░░   ░░░░░░░░  ░░░░░░   
-                                                                                                    
+ ░░░░░░░░░░░  ░░░░░░     ░░░░ ░░░░      ░░░░░░░░░   ░░░░░░░░ ░░░░░      ░░░░░░░░░   ░░░░░░   ░░░░░░░░  ░░░░░░
+


 ❯ src/ui/components/Header.test.tsx:25:25
            </failure>
        </testcase>
        <testcase classname="src/ui/components/Header.test.tsx" name="&lt;Header /&gt; &gt; renders custom ASCII art when provided" time="0.002414904">
        </testcase>
        <testcase classname="src/ui/components/Header.test.tsx" name="&lt;Header /&gt; &gt; displays the version number when nightly is true" time="0.015825553">
        </testcase>
        <testcase classname="src/ui/components/Header.test.tsx" name="&lt;Header /&gt; &gt; does not display the version number when nightly is false" time="0.010213759">
        </testcase>
    </testsuite>
    <testsuite name="src/ui/components/HistoryItemDisplay.test.tsx" timestamp="2025-10-09T16:01:25.835Z" hostname="uby" tests="1" failures="1" errors="0" skipped="0" time="0">
        <testcase classname="src/ui/components/HistoryItemDisplay.test.tsx" name="src/ui/components/HistoryItemDisplay.test.tsx" time="0">
            <failure message="Failed to resolve entry for package &quot;@qwen-code/qwen-code-core&quot;. The package may have incorrect main/module/exports specified in its package.json." type="Error">
Error: Failed to resolve entry for package &quot;@qwen-code/qwen-code-core&quot;. The package may have incorrect main/module/exports specified in its package.json.
  Plugin: vite:import-analysis
  File: /home/atmandk/LowCal-dev/packages/cli/src/ui/contexts/SessionContext.tsx:18:46
  13 |    useEffect
  14 |  } from &quot;react&quot;;
  15 |  import { uiTelemetryService, sessionId } from &quot;@qwen-code/qwen-code-core&quot;;
     |                                                 ^
  16 |  const SessionStatsContext = createContext(
  17 |    void 0
 ❯ packageEntryFailure ../../node_modules/vite/dist/node/chunks/dep-Bsx9IwL8.js:12218:32
 ❯ resolvePackageEntry ../../node_modules/vite/dist/node/chunks/dep-Bsx9IwL8.js:12215:2
 ❯ tryNodeResolve ../../node_modules/vite/dist/node/chunks/dep-Bsx9IwL8.js:12116:17
 ❯ ResolveIdContext.resolveId ../../node_modules/vite/dist/node/chunks/dep-Bsx9IwL8.js:11955:15
 ❯ EnvironmentPluginContainer.resolveId ../../node_modules/vite/dist/node/chunks/dep-Bsx9IwL8.js:31194:56
 ❯ TransformPluginContext.resolve ../../node_modules/vite/dist/node/chunks/dep-Bsx9IwL8.js:31376:13
 ❯ normalizeUrl ../../node_modules/vite/dist/node/chunks/dep-Bsx9IwL8.js:29984:22
 ❯ ../../node_modules/vite/dist/node/chunks/dep-Bsx9IwL8.js:30050:32
            </failure>
        </testcase>
    </testsuite>
    <testsuite name="src/ui/components/InputPrompt.test.tsx" timestamp="2025-10-09T16:01:25.835Z" hostname="uby" tests="1" failures="1" errors="0" skipped="0" time="0">
        <testcase classname="src/ui/components/InputPrompt.test.tsx" name="src/ui/components/InputPrompt.test.tsx" time="0">
            <failure message="Failed to resolve entry for package &quot;@qwen-code/qwen-code-core&quot;. The package may have incorrect main/module/exports specified in its package.json." type="Error">
Error: Failed to resolve entry for package &quot;@qwen-code/qwen-code-core&quot;. The package may have incorrect main/module/exports specified in its package.json.
  Plugin: vite:import-analysis
  File: /home/atmandk/LowCal-dev/packages/cli/src/ui/contexts/KeypressContext.tsx:11:7
  8  |    KittySequenceOverflowEvent,
  9  |    logKittySequenceOverflow
  10 |  } from &quot;@qwen-code/qwen-code-core&quot;;
     |          ^
  11 |  import { useStdin } from &quot;ink&quot;;
  12 |  import {
 ❯ packageEntryFailure ../../node_modules/vite/dist/node/chunks/dep-Bsx9IwL8.js:12218:32
 ❯ resolvePackageEntry ../../node_modules/vite/dist/node/chunks/dep-Bsx9IwL8.js:12215:2
 ❯ tryNodeResolve ../../node_modules/vite/dist/node/chunks/dep-Bsx9IwL8.js:12116:17
 ❯ ResolveIdContext.resolveId ../../node_modules/vite/dist/node/chunks/dep-Bsx9IwL8.js:11955:15
 ❯ EnvironmentPluginContainer.resolveId ../../node_modules/vite/dist/node/chunks/dep-Bsx9IwL8.js:31194:56
 ❯ TransformPluginContext.resolve ../../node_modules/vite/dist/node/chunks/dep-Bsx9IwL8.js:31376:13
 ❯ normalizeUrl ../../node_modules/vite/dist/node/chunks/dep-Bsx9IwL8.js:29984:22
 ❯ ../../node_modules/vite/dist/node/chunks/dep-Bsx9IwL8.js:30050:32
            </failure>
        </testcase>
    </testsuite>
    <testsuite name="src/ui/components/LoadingIndicator.test.tsx" timestamp="2025-10-09T16:01:25.835Z" hostname="uby" tests="15" failures="0" errors="0" skipped="0" time="0.081836381">
        <testcase classname="src/ui/components/LoadingIndicator.test.tsx" name="&lt;LoadingIndicator /&gt; &gt; should not render when streamingState is Idle" time="0.015152158">
        </testcase>
        <testcase classname="src/ui/components/LoadingIndicator.test.tsx" name="&lt;LoadingIndicator /&gt; &gt; should render spinner, phrase, and time when streamingState is Responding" time="0.009755984">
        </testcase>
        <testcase classname="src/ui/components/LoadingIndicator.test.tsx" name="&lt;LoadingIndicator /&gt; &gt; should render spinner (static), phrase but no time/cancel when streamingState is WaitingForConfirmation" time="0.003714847">
        </testcase>
        <testcase classname="src/ui/components/LoadingIndicator.test.tsx" name="&lt;LoadingIndicator /&gt; &gt; should display the currentLoadingPhrase correctly" time="0.006247098">
        </testcase>
        <testcase classname="src/ui/components/LoadingIndicator.test.tsx" name="&lt;LoadingIndicator /&gt; &gt; should display the elapsedTime correctly when Responding" time="0.004485081">
        </testcase>
        <testcase classname="src/ui/components/LoadingIndicator.test.tsx" name="&lt;LoadingIndicator /&gt; &gt; should display the elapsedTime correctly in human-readable format" time="0.004809109">
        </testcase>
        <testcase classname="src/ui/components/LoadingIndicator.test.tsx" name="&lt;LoadingIndicator /&gt; &gt; should render rightContent when provided" time="0.007908699">
        </testcase>
        <testcase classname="src/ui/components/LoadingIndicator.test.tsx" name="&lt;LoadingIndicator /&gt; &gt; should transition correctly between states using rerender" time="0.007340829">
        </testcase>
        <testcase classname="src/ui/components/LoadingIndicator.test.tsx" name="&lt;LoadingIndicator /&gt; &gt; should display fallback phrase if thought is empty" time="0.00221807">
        </testcase>
        <testcase classname="src/ui/components/LoadingIndicator.test.tsx" name="&lt;LoadingIndicator /&gt; &gt; should display the subject of a thought" time="0.002275747">
        </testcase>
        <testcase classname="src/ui/components/LoadingIndicator.test.tsx" name="&lt;LoadingIndicator /&gt; &gt; should prioritize thought.subject over currentLoadingPhrase" time="0.002222118">
        </testcase>
        <testcase classname="src/ui/components/LoadingIndicator.test.tsx" name="&lt;LoadingIndicator /&gt; &gt; responsive layout &gt; should render on a single line on a wide terminal" time="0.003682727">
        </testcase>
        <testcase classname="src/ui/components/LoadingIndicator.test.tsx" name="&lt;LoadingIndicator /&gt; &gt; responsive layout &gt; should render on multiple lines on a narrow terminal" time="0.004368355">
        </testcase>
        <testcase classname="src/ui/components/LoadingIndicator.test.tsx" name="&lt;LoadingIndicator /&gt; &gt; responsive layout &gt; should use wide layout at 80 columns" time="0.003147327">
        </testcase>
        <testcase classname="src/ui/components/LoadingIndicator.test.tsx" name="&lt;LoadingIndicator /&gt; &gt; responsive layout &gt; should use narrow layout at 79 columns" time="0.002523815">
        </testcase>
    </testsuite>
    <testsuite name="src/ui/components/ModelSelectionDialog.test.tsx" timestamp="2025-10-09T16:01:25.836Z" hostname="uby" tests="1" failures="1" errors="0" skipped="0" time="0">
        <testcase classname="src/ui/components/ModelSelectionDialog.test.tsx" name="src/ui/components/ModelSelectionDialog.test.tsx" time="0">
            <failure message="Failed to resolve entry for package &quot;@qwen-code/qwen-code-core&quot;. The package may have incorrect main/module/exports specified in its package.json." type="Error">
Error: Failed to resolve entry for package &quot;@qwen-code/qwen-code-core&quot;. The package may have incorrect main/module/exports specified in its package.json.
  Plugin: vite:import-analysis
  File: /home/atmandk/LowCal-dev/packages/cli/src/ui/components/shared/text-buffer.ts:13:29
  10 |  import { useState, useCallback, useEffect, useMemo, useReducer } from &quot;react&quot;;
  11 |  import stringWidth from &quot;string-width&quot;;
  12 |  import { unescapePath } from &quot;@qwen-code/qwen-code-core&quot;;
     |                                ^
  13 |  import {
  14 |    toCodePoints,
 ❯ packageEntryFailure ../../node_modules/vite/dist/node/chunks/dep-Bsx9IwL8.js:12218:32
 ❯ resolvePackageEntry ../../node_modules/vite/dist/node/chunks/dep-Bsx9IwL8.js:12215:2
 ❯ tryNodeResolve ../../node_modules/vite/dist/node/chunks/dep-Bsx9IwL8.js:12116:17
 ❯ ResolveIdContext.resolveId ../../node_modules/vite/dist/node/chunks/dep-Bsx9IwL8.js:11955:15
 ❯ EnvironmentPluginContainer.resolveId ../../node_modules/vite/dist/node/chunks/dep-Bsx9IwL8.js:31194:56
 ❯ TransformPluginContext.resolve ../../node_modules/vite/dist/node/chunks/dep-Bsx9IwL8.js:31376:13
 ❯ normalizeUrl ../../node_modules/vite/dist/node/chunks/dep-Bsx9IwL8.js:29984:22
 ❯ ../../node_modules/vite/dist/node/chunks/dep-Bsx9IwL8.js:30050:32
            </failure>
        </testcase>
    </testsuite>
    <testsuite name="src/ui/components/ModelStatsDisplay.test.tsx" timestamp="2025-10-09T16:01:25.836Z" hostname="uby" tests="1" failures="1" errors="0" skipped="0" time="0">
        <testcase classname="src/ui/components/ModelStatsDisplay.test.tsx" name="src/ui/components/ModelStatsDisplay.test.tsx" time="0">
            <failure message="[vitest] There was an error when mocking a module. If you are using &quot;vi.mock&quot; factory, make sure there are no top level variables inside, since this call is hoisted to top of the file. Read more: https://vitest.dev/api/vi.html#vi-mock" type="Error">
Error: [vitest] There was an error when mocking a module. If you are using &quot;vi.mock&quot; factory, make sure there are no top level variables inside, since this call is hoisted to top of the file. Read more: https://vitest.dev/api/vi.html#vi-mock
 ❯ src/ui/components/ModelStatsDisplay.tsx:17:1

Caused by: Caused by: Error: Failed to resolve entry for package &quot;@qwen-code/qwen-code-core&quot;. The package may have incorrect main/module/exports specified in its package.json.
  Plugin: vite:import-analysis
  File: /home/atmandk/LowCal-dev/packages/cli/src/ui/contexts/SessionContext.tsx:18:46
  13 |    useEffect
  14 |  } from &quot;react&quot;;
  15 |  import { uiTelemetryService, sessionId } from &quot;@qwen-code/qwen-code-core&quot;;
     |                                                 ^
  16 |  const SessionStatsContext = createContext(
  17 |    void 0
 ❯ packageEntryFailure ../../node_modules/vite/dist/node/chunks/dep-Bsx9IwL8.js:12218:32
 ❯ resolvePackageEntry ../../node_modules/vite/dist/node/chunks/dep-Bsx9IwL8.js:12215:2
 ❯ tryNodeResolve ../../node_modules/vite/dist/node/chunks/dep-Bsx9IwL8.js:12116:17
 ❯ ResolveIdContext.resolveId ../../node_modules/vite/dist/node/chunks/dep-Bsx9IwL8.js:11955:15
 ❯ EnvironmentPluginContainer.resolveId ../../node_modules/vite/dist/node/chunks/dep-Bsx9IwL8.js:31194:56
 ❯ TransformPluginContext.resolve ../../node_modules/vite/dist/node/chunks/dep-Bsx9IwL8.js:31376:13
 ❯ normalizeUrl ../../node_modules/vite/dist/node/chunks/dep-Bsx9IwL8.js:29984:22
 ❯ ../../node_modules/vite/dist/node/chunks/dep-Bsx9IwL8.js:30050:32
            </failure>
        </testcase>
    </testsuite>
    <testsuite name="src/ui/components/ModelSwitchDialog.test.tsx" timestamp="2025-10-09T16:01:25.836Z" hostname="uby" tests="11" failures="0" errors="0" skipped="0" time="0.100361875">
        <testcase classname="src/ui/components/ModelSwitchDialog.test.tsx" name="ModelSwitchDialog &gt; should setup RadioButtonSelect with correct options" time="0.030786768">
        </testcase>
        <testcase classname="src/ui/components/ModelSwitchDialog.test.tsx" name="ModelSwitchDialog &gt; should call onSelect when an option is selected" time="0.007035946">
        </testcase>
        <testcase classname="src/ui/components/ModelSwitchDialog.test.tsx" name="ModelSwitchDialog &gt; should call onSelect with SwitchSessionToVL when second option is selected" time="0.006683123">
        </testcase>
        <testcase classname="src/ui/components/ModelSwitchDialog.test.tsx" name="ModelSwitchDialog &gt; should call onSelect with ContinueWithCurrentModel when third option is selected" time="0.006901547">
        </testcase>
        <testcase classname="src/ui/components/ModelSwitchDialog.test.tsx" name="ModelSwitchDialog &gt; should setup escape key handler to call onSelect with ContinueWithCurrentModel" time="0.007110553">
        </testcase>
        <testcase classname="src/ui/components/ModelSwitchDialog.test.tsx" name="ModelSwitchDialog &gt; should not call onSelect for non-escape keys" time="0.005440176">
        </testcase>
        <testcase classname="src/ui/components/ModelSwitchDialog.test.tsx" name="ModelSwitchDialog &gt; should set initial index to 0 (first option)" time="0.012644032">
        </testcase>
        <testcase classname="src/ui/components/ModelSwitchDialog.test.tsx" name="ModelSwitchDialog &gt; VisionSwitchOutcome enum &gt; should have correct enum values" time="0.000384451">
        </testcase>
        <testcase classname="src/ui/components/ModelSwitchDialog.test.tsx" name="ModelSwitchDialog &gt; should handle multiple onSelect calls correctly" time="0.008878041">
        </testcase>
        <testcase classname="src/ui/components/ModelSwitchDialog.test.tsx" name="ModelSwitchDialog &gt; should pass isFocused prop to RadioButtonSelect" time="0.007738755">
        </testcase>
        <testcase classname="src/ui/components/ModelSwitchDialog.test.tsx" name="ModelSwitchDialog &gt; should handle escape key multiple times" time="0.00490668">
        </testcase>
    </testsuite>
    <testsuite name="src/ui/components/OpenAIKeyPrompt.test.tsx" timestamp="2025-10-09T16:01:25.837Z" hostname="uby" tests="3" failures="0" errors="0" skipped="0" time="0.113299218">
        <testcase classname="src/ui/components/OpenAIKeyPrompt.test.tsx" name="OpenAIKeyPrompt &gt; should render the prompt correctly" time="0.044099687">
        </testcase>
        <testcase classname="src/ui/components/OpenAIKeyPrompt.test.tsx" name="OpenAIKeyPrompt &gt; should show the component with proper styling" time="0.008162057">
        </testcase>
        <testcase classname="src/ui/components/OpenAIKeyPrompt.test.tsx" name="OpenAIKeyPrompt &gt; should handle paste with control characters" time="0.059484234">
        </testcase>
    </testsuite>
    <testsuite name="src/ui/components/QwenOAuthProgress.test.tsx" timestamp="2025-10-09T16:01:25.837Z" hostname="uby" tests="22" failures="0" errors="0" skipped="0" time="0.288504427">
        <testcase classname="src/ui/components/QwenOAuthProgress.test.tsx" name="QwenOAuthProgress &gt; Loading state (no deviceAuth) &gt; should render loading state when deviceAuth is not provided" time="0.04339814">
        </testcase>
        <testcase classname="src/ui/components/QwenOAuthProgress.test.tsx" name="QwenOAuthProgress &gt; Loading state (no deviceAuth) &gt; should render loading state with gray border" time="0.009628128">
        </testcase>
        <testcase classname="src/ui/components/QwenOAuthProgress.test.tsx" name="QwenOAuthProgress &gt; Authenticated state (with deviceAuth) &gt; should render authentication flow when deviceAuth is provided" time="0.006484076">
        </testcase>
        <testcase classname="src/ui/components/QwenOAuthProgress.test.tsx" name="QwenOAuthProgress &gt; Authenticated state (with deviceAuth) &gt; should display correct URL in Static component when QR code is generated" time="0.038032942">
        </testcase>
        <testcase classname="src/ui/components/QwenOAuthProgress.test.tsx" name="QwenOAuthProgress &gt; Authenticated state (with deviceAuth) &gt; should format time correctly" time="0.005645866">
        </testcase>
        <testcase classname="src/ui/components/QwenOAuthProgress.test.tsx" name="QwenOAuthProgress &gt; Authenticated state (with deviceAuth) &gt; should format single digit seconds with leading zero" time="0.011075443">
        </testcase>
        <testcase classname="src/ui/components/QwenOAuthProgress.test.tsx" name="QwenOAuthProgress &gt; Timer functionality &gt; should countdown and call onTimeout when timer expires" time="0.019574032">
        </testcase>
        <testcase classname="src/ui/components/QwenOAuthProgress.test.tsx" name="QwenOAuthProgress &gt; Timer functionality &gt; should update time remaining display" time="0.009529685">
        </testcase>
        <testcase classname="src/ui/components/QwenOAuthProgress.test.tsx" name="QwenOAuthProgress &gt; Timer functionality &gt; should use default 300 second timeout when deviceAuth is null" time="0.009071599">
        </testcase>
        <testcase classname="src/ui/components/QwenOAuthProgress.test.tsx" name="QwenOAuthProgress &gt; Animated dots &gt; should cycle through animated dots" time="0.02282955">
        </testcase>
        <testcase classname="src/ui/components/QwenOAuthProgress.test.tsx" name="QwenOAuthProgress &gt; QR Code functionality &gt; should generate QR code when deviceAuth is provided" time="0.006496338">
        </testcase>
        <testcase classname="src/ui/components/QwenOAuthProgress.test.tsx" name="QwenOAuthProgress &gt; QR Code functionality &gt; should display QR code in Static component when available" time="0.013756228">
        </testcase>
        <testcase classname="src/ui/components/QwenOAuthProgress.test.tsx" name="QwenOAuthProgress &gt; QR Code functionality &gt; should handle QR code generation errors gracefully" time="0.018250976">
        </testcase>
        <testcase classname="src/ui/components/QwenOAuthProgress.test.tsx" name="QwenOAuthProgress &gt; QR Code functionality &gt; should not generate QR code when deviceAuth is null" time="0.003773686">
        </testcase>
        <testcase classname="src/ui/components/QwenOAuthProgress.test.tsx" name="QwenOAuthProgress &gt; User interactions &gt; should call onCancel when ESC key is pressed" time="0.013240575">
            <system-err>
Failed to generate QR code: Error: QR Code generation failed
    at Object.&lt;anonymous&gt; [90m(/home/atmandk/LowCal-dev/packages/cli/[39msrc/ui/components/QwenOAuthProgress.test.tsx:386:15[90m)[39m
    at Object.mockCall (file:///home/atmandk/LowCal-dev/node_modules/[4m@vitest/spy[24m/dist/index.js:96:15)
    at Object.spy [as generate] (file:///home/atmandk/LowCal-dev/node_modules/[4mtinyspy[24m/dist/index.js:47:103)
    at generateQR [90m(/home/atmandk/LowCal-dev/packages/cli/[39msrc/ui/components/QwenOAuthProgress.tsx:148:16[90m)[39m
    at [90m/home/atmandk/LowCal-dev/packages/cli/[39msrc/ui/components/QwenOAuthProgress.tsx:161:5
    at Object.react-stack-bottom-frame (/home/atmandk/LowCal-dev/node_modules/[4mreact-reconciler[24m/cjs/react-reconciler.development.js:15945:20)
    at runWithFiberInDEV (/home/atmandk/LowCal-dev/node_modules/[4mreact-reconciler[24m/cjs/react-reconciler.development.js:1738:13)
    at commitHookEffectListMount (/home/atmandk/LowCal-dev/node_modules/[4mreact-reconciler[24m/cjs/react-reconciler.development.js:9516:29)
    at commitHookPassiveMountEffects (/home/atmandk/LowCal-dev/node_modules/[4mreact-reconciler[24m/cjs/react-reconciler.development.js:9639:11)
    at commitPassiveMountOnFiber (/home/atmandk/LowCal-dev/node_modules/[4mreact-reconciler[24m/cjs/react-reconciler.development.js:11364:13)

            </system-err>
        </testcase>
        <testcase classname="src/ui/components/QwenOAuthProgress.test.tsx" name="QwenOAuthProgress &gt; User interactions &gt; should call onCancel when ESC is pressed in loading state" time="0.007503671">
        </testcase>
        <testcase classname="src/ui/components/QwenOAuthProgress.test.tsx" name="QwenOAuthProgress &gt; User interactions &gt; should not call onCancel for other key presses" time="0.009216947">
            <system-err>
Failed to generate QR code: Error: QR Code generation failed
    at Object.&lt;anonymous&gt; [90m(/home/atmandk/LowCal-dev/packages/cli/[39msrc/ui/components/QwenOAuthProgress.test.tsx:386:15[90m)[39m
    at Object.mockCall (file:///home/atmandk/LowCal-dev/node_modules/[4m@vitest/spy[24m/dist/index.js:96:15)
    at Object.spy [as generate] (file:///home/atmandk/LowCal-dev/node_modules/[4mtinyspy[24m/dist/index.js:47:103)
    at generateQR [90m(/home/atmandk/LowCal-dev/packages/cli/[39msrc/ui/components/QwenOAuthProgress.tsx:148:16[90m)[39m
    at [90m/home/atmandk/LowCal-dev/packages/cli/[39msrc/ui/components/QwenOAuthProgress.tsx:161:5
    at Object.react-stack-bottom-frame (/home/atmandk/LowCal-dev/node_modules/[4mreact-reconciler[24m/cjs/react-reconciler.development.js:15945:20)
    at runWithFiberInDEV (/home/atmandk/LowCal-dev/node_modules/[4mreact-reconciler[24m/cjs/react-reconciler.development.js:1738:13)
    at commitHookEffectListMount (/home/atmandk/LowCal-dev/node_modules/[4mreact-reconciler[24m/cjs/react-reconciler.development.js:9516:29)
    at commitHookPassiveMountEffects (/home/atmandk/LowCal-dev/node_modules/[4mreact-reconciler[24m/cjs/react-reconciler.development.js:9639:11)
    at commitPassiveMountOnFiber (/home/atmandk/LowCal-dev/node_modules/[4mreact-reconciler[24m/cjs/react-reconciler.development.js:11364:13)

            </system-err>
        </testcase>
        <testcase classname="src/ui/components/QwenOAuthProgress.test.tsx" name="QwenOAuthProgress &gt; Props changes &gt; should display initial timer value from deviceAuth" time="0.008189277">
            <system-err>
Failed to generate QR code: Error: QR Code generation failed
    at Object.&lt;anonymous&gt; [90m(/home/atmandk/LowCal-dev/packages/cli/[39msrc/ui/components/QwenOAuthProgress.test.tsx:386:15[90m)[39m
    at Object.mockCall (file:///home/atmandk/LowCal-dev/node_modules/[4m@vitest/spy[24m/dist/index.js:96:15)
    at Object.spy [as generate] (file:///home/atmandk/LowCal-dev/node_modules/[4mtinyspy[24m/dist/index.js:47:103)
    at generateQR [90m(/home/atmandk/LowCal-dev/packages/cli/[39msrc/ui/components/QwenOAuthProgress.tsx:148:16[90m)[39m
    at [90m/home/atmandk/LowCal-dev/packages/cli/[39msrc/ui/components/QwenOAuthProgress.tsx:161:5
    at Object.react-stack-bottom-frame (/home/atmandk/LowCal-dev/node_modules/[4mreact-reconciler[24m/cjs/react-reconciler.development.js:15945:20)
    at runWithFiberInDEV (/home/atmandk/LowCal-dev/node_modules/[4mreact-reconciler[24m/cjs/react-reconciler.development.js:1738:13)
    at commitHookEffectListMount (/home/atmandk/LowCal-dev/node_modules/[4mreact-reconciler[24m/cjs/react-reconciler.development.js:9516:29)
    at commitHookPassiveMountEffects (/home/atmandk/LowCal-dev/node_modules/[4mreact-reconciler[24m/cjs/react-reconciler.development.js:9639:11)
    at commitPassiveMountOnFiber (/home/atmandk/LowCal-dev/node_modules/[4mreact-reconciler[24m/cjs/react-reconciler.development.js:11364:13)

            </system-err>
        </testcase>
        <testcase classname="src/ui/components/QwenOAuthProgress.test.tsx" name="QwenOAuthProgress &gt; Props changes &gt; should reset to loading state when deviceAuth becomes null" time="0.011154178">
            <system-err>
Failed to generate QR code: Error: QR Code generation failed
    at Object.&lt;anonymous&gt; [90m(/home/atmandk/LowCal-dev/packages/cli/[39msrc/ui/components/QwenOAuthProgress.test.tsx:386:15[90m)[39m
    at Object.mockCall (file:///home/atmandk/LowCal-dev/node_modules/[4m@vitest/spy[24m/dist/index.js:96:15)
    at Object.spy [as generate] (file:///home/atmandk/LowCal-dev/node_modules/[4mtinyspy[24m/dist/index.js:47:103)
    at generateQR [90m(/home/atmandk/LowCal-dev/packages/cli/[39msrc/ui/components/QwenOAuthProgress.tsx:148:16[90m)[39m
    at [90m/home/atmandk/LowCal-dev/packages/cli/[39msrc/ui/components/QwenOAuthProgress.tsx:161:5
    at Object.react-stack-bottom-frame (/home/atmandk/LowCal-dev/node_modules/[4mreact-reconciler[24m/cjs/react-reconciler.development.js:15945:20)
    at runWithFiberInDEV (/home/atmandk/LowCal-dev/node_modules/[4mreact-reconciler[24m/cjs/react-reconciler.development.js:1738:13)
    at commitHookEffectListMount (/home/atmandk/LowCal-dev/node_modules/[4mreact-reconciler[24m/cjs/react-reconciler.development.js:9516:29)
    at commitHookPassiveMountEffects (/home/atmandk/LowCal-dev/node_modules/[4mreact-reconciler[24m/cjs/react-reconciler.development.js:9639:11)
    at commitPassiveMountOnFiber (/home/atmandk/LowCal-dev/node_modules/[4mreact-reconciler[24m/cjs/react-reconciler.development.js:11364:13)

            </system-err>
        </testcase>
        <testcase classname="src/ui/components/QwenOAuthProgress.test.tsx" name="QwenOAuthProgress &gt; Timeout state &gt; should render timeout state when authStatus is timeout" time="0.004832633">
        </testcase>
        <testcase classname="src/ui/components/QwenOAuthProgress.test.tsx" name="QwenOAuthProgress &gt; Timeout state &gt; should render default timeout message when no authMessage provided" time="0.005321336">
        </testcase>
        <testcase classname="src/ui/components/QwenOAuthProgress.test.tsx" name="QwenOAuthProgress &gt; Timeout state &gt; should call onCancel for any key press in timeout state" time="0.009412118">
        </testcase>
    </testsuite>
    <testsuite name="src/ui/components/SessionSummaryDisplay.test.tsx" timestamp="2025-10-09T16:01:25.838Z" hostname="uby" tests="1" failures="1" errors="0" skipped="0" time="0">
        <testcase classname="src/ui/components/SessionSummaryDisplay.test.tsx" name="src/ui/components/SessionSummaryDisplay.test.tsx" time="0">
            <failure message="[vitest] There was an error when mocking a module. If you are using &quot;vi.mock&quot; factory, make sure there are no top level variables inside, since this call is hoisted to top of the file. Read more: https://vitest.dev/api/vi.html#vi-mock" type="Error">
Error: [vitest] There was an error when mocking a module. If you are using &quot;vi.mock&quot; factory, make sure there are no top level variables inside, since this call is hoisted to top of the file. Read more: https://vitest.dev/api/vi.html#vi-mock
 ❯ src/ui/components/StatsDisplay.tsx:13:1

Caused by: Caused by: Error: Failed to resolve entry for package &quot;@qwen-code/qwen-code-core&quot;. The package may have incorrect main/module/exports specified in its package.json.
  Plugin: vite:import-analysis
  File: /home/atmandk/LowCal-dev/packages/cli/src/ui/contexts/SessionContext.tsx:18:46
  13 |    useEffect
  14 |  } from &quot;react&quot;;
  15 |  import { uiTelemetryService, sessionId } from &quot;@qwen-code/qwen-code-core&quot;;
     |                                                 ^
  16 |  const SessionStatsContext = createContext(
  17 |    void 0
 ❯ packageEntryFailure ../../node_modules/vite/dist/node/chunks/dep-Bsx9IwL8.js:12218:32
 ❯ resolvePackageEntry ../../node_modules/vite/dist/node/chunks/dep-Bsx9IwL8.js:12215:2
 ❯ tryNodeResolve ../../node_modules/vite/dist/node/chunks/dep-Bsx9IwL8.js:12116:17
 ❯ ResolveIdContext.resolveId ../../node_modules/vite/dist/node/chunks/dep-Bsx9IwL8.js:11955:15
 ❯ EnvironmentPluginContainer.resolveId ../../node_modules/vite/dist/node/chunks/dep-Bsx9IwL8.js:31194:56
 ❯ TransformPluginContext.resolve ../../node_modules/vite/dist/node/chunks/dep-Bsx9IwL8.js:31376:13
 ❯ normalizeUrl ../../node_modules/vite/dist/node/chunks/dep-Bsx9IwL8.js:29984:22
 ❯ ../../node_modules/vite/dist/node/chunks/dep-Bsx9IwL8.js:30050:32
            </failure>
        </testcase>
    </testsuite>
    <testsuite name="src/ui/components/SettingsDialog.test.tsx" timestamp="2025-10-09T16:01:25.838Z" hostname="uby" tests="1" failures="1" errors="0" skipped="0" time="0">
        <testcase classname="src/ui/components/SettingsDialog.test.tsx" name="src/ui/components/SettingsDialog.test.tsx" time="0">
            <failure message="Failed to resolve entry for package &quot;@qwen-code/qwen-code-core&quot;. The package may have incorrect main/module/exports specified in its package.json." type="Error">
Error: Failed to resolve entry for package &quot;@qwen-code/qwen-code-core&quot;. The package may have incorrect main/module/exports specified in its package.json.
  Plugin: vite:import-analysis
  File: /home/atmandk/LowCal-dev/packages/cli/src/config/settings.ts:15:7
  12 |    getErrorMessage,
  13 |    Storage
  14 |  } from &quot;@qwen-code/qwen-code-core&quot;;
     |          ^
  15 |  import stripJsonComments from &quot;strip-json-comments&quot;;
  16 |  import { DefaultLight } from &quot;../ui/themes/default-light.js&quot;;
 ❯ packageEntryFailure ../../node_modules/vite/dist/node/chunks/dep-Bsx9IwL8.js:12218:32
 ❯ resolvePackageEntry ../../node_modules/vite/dist/node/chunks/dep-Bsx9IwL8.js:12215:2
 ❯ tryNodeResolve ../../node_modules/vite/dist/node/chunks/dep-Bsx9IwL8.js:12116:17
 ❯ ResolveIdContext.resolveId ../../node_modules/vite/dist/node/chunks/dep-Bsx9IwL8.js:11955:15
 ❯ EnvironmentPluginContainer.resolveId ../../node_modules/vite/dist/node/chunks/dep-Bsx9IwL8.js:31194:56
 ❯ TransformPluginContext.resolve ../../node_modules/vite/dist/node/chunks/dep-Bsx9IwL8.js:31376:13
 ❯ normalizeUrl ../../node_modules/vite/dist/node/chunks/dep-Bsx9IwL8.js:29984:22
 ❯ ../../node_modules/vite/dist/node/chunks/dep-Bsx9IwL8.js:30050:32
            </failure>
        </testcase>
    </testsuite>
    <testsuite name="src/ui/components/ShellConfirmationDialog.test.tsx" timestamp="2025-10-09T16:01:25.838Z" hostname="uby" tests="1" failures="1" errors="0" skipped="0" time="0">
        <testcase classname="src/ui/components/ShellConfirmationDialog.test.tsx" name="src/ui/components/ShellConfirmationDialog.test.tsx" time="0">
            <failure message="Failed to resolve entry for package &quot;@qwen-code/qwen-code-core&quot;. The package may have incorrect main/module/exports specified in its package.json." type="Error">
Error: Failed to resolve entry for package &quot;@qwen-code/qwen-code-core&quot;. The package may have incorrect main/module/exports specified in its package.json.
  Plugin: vite:import-analysis
  File: /home/atmandk/LowCal-dev/packages/cli/src/ui/contexts/KeypressContext.tsx:11:7
  8  |    KittySequenceOverflowEvent,
  9  |    logKittySequenceOverflow
  10 |  } from &quot;@qwen-code/qwen-code-core&quot;;
     |          ^
  11 |  import { useStdin } from &quot;ink&quot;;
  12 |  import {
 ❯ packageEntryFailure ../../node_modules/vite/dist/node/chunks/dep-Bsx9IwL8.js:12218:32
 ❯ resolvePackageEntry ../../node_modules/vite/dist/node/chunks/dep-Bsx9IwL8.js:12215:2
 ❯ tryNodeResolve ../../node_modules/vite/dist/node/chunks/dep-Bsx9IwL8.js:12116:17
 ❯ ResolveIdContext.resolveId ../../node_modules/vite/dist/node/chunks/dep-Bsx9IwL8.js:11955:15
 ❯ EnvironmentPluginContainer.resolveId ../../node_modules/vite/dist/node/chunks/dep-Bsx9IwL8.js:31194:56
 ❯ TransformPluginContext.resolve ../../node_modules/vite/dist/node/chunks/dep-Bsx9IwL8.js:31376:13
 ❯ normalizeUrl ../../node_modules/vite/dist/node/chunks/dep-Bsx9IwL8.js:29984:22
 ❯ ../../node_modules/vite/dist/node/chunks/dep-Bsx9IwL8.js:30050:32
            </failure>
        </testcase>
    </testsuite>
    <testsuite name="src/ui/components/StatsDisplay.test.tsx" timestamp="2025-10-09T16:01:25.838Z" hostname="uby" tests="1" failures="1" errors="0" skipped="0" time="0">
        <testcase classname="src/ui/components/StatsDisplay.test.tsx" name="src/ui/components/StatsDisplay.test.tsx" time="0">
            <failure message="[vitest] There was an error when mocking a module. If you are using &quot;vi.mock&quot; factory, make sure there are no top level variables inside, since this call is hoisted to top of the file. Read more: https://vitest.dev/api/vi.html#vi-mock" type="Error">
Error: [vitest] There was an error when mocking a module. If you are using &quot;vi.mock&quot; factory, make sure there are no top level variables inside, since this call is hoisted to top of the file. Read more: https://vitest.dev/api/vi.html#vi-mock
 ❯ src/ui/components/StatsDisplay.tsx:13:1

Caused by: Error: Failed to resolve entry for package &quot;@qwen-code/qwen-code-core&quot;. The package may have incorrect main/module/exports specified in its package.json.
  Plugin: vite:import-analysis
  File: /home/atmandk/LowCal-dev/packages/cli/src/ui/contexts/SessionContext.tsx:18:46
  13 |    useEffect
  14 |  } from &quot;react&quot;;
  15 |  import { uiTelemetryService, sessionId } from &quot;@qwen-code/qwen-code-core&quot;;
     |                                                 ^
  16 |  const SessionStatsContext = createContext(
  17 |    void 0
 ❯ packageEntryFailure ../../node_modules/vite/dist/node/chunks/dep-Bsx9IwL8.js:12218:32
 ❯ resolvePackageEntry ../../node_modules/vite/dist/node/chunks/dep-Bsx9IwL8.js:12215:2
 ❯ tryNodeResolve ../../node_modules/vite/dist/node/chunks/dep-Bsx9IwL8.js:12116:17
 ❯ ResolveIdContext.resolveId ../../node_modules/vite/dist/node/chunks/dep-Bsx9IwL8.js:11955:15
 ❯ EnvironmentPluginContainer.resolveId ../../node_modules/vite/dist/node/chunks/dep-Bsx9IwL8.js:31194:56
 ❯ TransformPluginContext.resolve ../../node_modules/vite/dist/node/chunks/dep-Bsx9IwL8.js:31376:13
 ❯ normalizeUrl ../../node_modules/vite/dist/node/chunks/dep-Bsx9IwL8.js:29984:22
 ❯ ../../node_modules/vite/dist/node/chunks/dep-Bsx9IwL8.js:30050:32
            </failure>
        </testcase>
    </testsuite>
    <testsuite name="src/ui/components/TodoDisplay.test.tsx" timestamp="2025-10-09T16:01:25.839Z" hostname="uby" tests="6" failures="0" errors="0" skipped="0" time="0.038457086">
        <testcase classname="src/ui/components/TodoDisplay.test.tsx" name="TodoDisplay &gt; should render todo list" time="0.026436627">
        </testcase>
        <testcase classname="src/ui/components/TodoDisplay.test.tsx" name="TodoDisplay &gt; should display correct status icons" time="0.004309165">
        </testcase>
        <testcase classname="src/ui/components/TodoDisplay.test.tsx" name="TodoDisplay &gt; should handle empty todo list" time="0.00111988">
        </testcase>
        <testcase classname="src/ui/components/TodoDisplay.test.tsx" name="TodoDisplay &gt; should handle undefined todos" time="0.000739236">
        </testcase>
        <testcase classname="src/ui/components/TodoDisplay.test.tsx" name="TodoDisplay &gt; should render tasks with different statuses" time="0.002188144">
        </testcase>
        <testcase classname="src/ui/components/TodoDisplay.test.tsx" name="TodoDisplay &gt; should render tasks with mixed statuses" time="0.002173718">
        </testcase>
    </testsuite>
    <testsuite name="src/ui/components/ToolStatsDisplay.test.tsx" timestamp="2025-10-09T16:01:25.839Z" hostname="uby" tests="1" failures="1" errors="0" skipped="0" time="0">
        <testcase classname="src/ui/components/ToolStatsDisplay.test.tsx" name="src/ui/components/ToolStatsDisplay.test.tsx" time="0">
            <failure message="[vitest] There was an error when mocking a module. If you are using &quot;vi.mock&quot; factory, make sure there are no top level variables inside, since this call is hoisted to top of the file. Read more: https://vitest.dev/api/vi.html#vi-mock" type="Error">
Error: [vitest] There was an error when mocking a module. If you are using &quot;vi.mock&quot; factory, make sure there are no top level variables inside, since this call is hoisted to top of the file. Read more: https://vitest.dev/api/vi.html#vi-mock
 ❯ src/ui/components/ToolStatsDisplay.tsx:18:1

Caused by: Caused by: Error: Failed to resolve entry for package &quot;@qwen-code/qwen-code-core&quot;. The package may have incorrect main/module/exports specified in its package.json.
  Plugin: vite:import-analysis
  File: /home/atmandk/LowCal-dev/packages/cli/src/ui/contexts/SessionContext.tsx:18:46
  13 |    useEffect
  14 |  } from &quot;react&quot;;
  15 |  import { uiTelemetryService, sessionId } from &quot;@qwen-code/qwen-code-core&quot;;
     |                                                 ^
  16 |  const SessionStatsContext = createContext(
  17 |    void 0
 ❯ packageEntryFailure ../../node_modules/vite/dist/node/chunks/dep-Bsx9IwL8.js:12218:32
 ❯ resolvePackageEntry ../../node_modules/vite/dist/node/chunks/dep-Bsx9IwL8.js:12215:2
 ❯ tryNodeResolve ../../node_modules/vite/dist/node/chunks/dep-Bsx9IwL8.js:12116:17
 ❯ ResolveIdContext.resolveId ../../node_modules/vite/dist/node/chunks/dep-Bsx9IwL8.js:11955:15
 ❯ EnvironmentPluginContainer.resolveId ../../node_modules/vite/dist/node/chunks/dep-Bsx9IwL8.js:31194:56
 ❯ TransformPluginContext.resolve ../../node_modules/vite/dist/node/chunks/dep-Bsx9IwL8.js:31376:13
 ❯ normalizeUrl ../../node_modules/vite/dist/node/chunks/dep-Bsx9IwL8.js:29984:22
 ❯ ../../node_modules/vite/dist/node/chunks/dep-Bsx9IwL8.js:30050:32
            </failure>
        </testcase>
    </testsuite>
    <testsuite name="src/ui/hooks/atCommandProcessor.test.ts" timestamp="2025-10-09T16:01:25.839Z" hostname="uby" tests="1" failures="1" errors="0" skipped="0" time="0">
        <testcase classname="src/ui/hooks/atCommandProcessor.test.ts" name="src/ui/hooks/atCommandProcessor.test.ts" time="0">
            <failure message="Failed to resolve entry for package &quot;@qwen-code/qwen-code-core&quot;. The package may have incorrect main/module/exports specified in its package.json." type="Error">
Error: Failed to resolve entry for package &quot;@qwen-code/qwen-code-core&quot;. The package may have incorrect main/module/exports specified in its package.json.
  Plugin: vite:import-analysis
  File: /home/atmandk/LowCal-dev/packages/cli/src/ui/hooks/atCommandProcessor.test.ts:19:7
  14 |    COMMON_IGNORE_PATTERNS,
  15 |    DEFAULT_FILE_EXCLUDES
  16 |  } from &quot;@qwen-code/qwen-code-core&quot;;
     |          ^
  17 |  import * as os from &quot;node:os&quot;;
  18 |  import { ToolCallStatus } from &quot;../types.js&quot;;
 ❯ packageEntryFailure ../../node_modules/vite/dist/node/chunks/dep-Bsx9IwL8.js:12218:32
 ❯ resolvePackageEntry ../../node_modules/vite/dist/node/chunks/dep-Bsx9IwL8.js:12215:2
 ❯ tryNodeResolve ../../node_modules/vite/dist/node/chunks/dep-Bsx9IwL8.js:12116:17
 ❯ ResolveIdContext.resolveId ../../node_modules/vite/dist/node/chunks/dep-Bsx9IwL8.js:11955:15
 ❯ EnvironmentPluginContainer.resolveId ../../node_modules/vite/dist/node/chunks/dep-Bsx9IwL8.js:31194:56
 ❯ TransformPluginContext.resolve ../../node_modules/vite/dist/node/chunks/dep-Bsx9IwL8.js:31376:13
 ❯ normalizeUrl ../../node_modules/vite/dist/node/chunks/dep-Bsx9IwL8.js:29984:22
 ❯ ../../node_modules/vite/dist/node/chunks/dep-Bsx9IwL8.js:30050:32
            </failure>
        </testcase>
    </testsuite>
    <testsuite name="src/ui/hooks/shellCommandProcessor.test.ts" timestamp="2025-10-09T16:01:25.839Z" hostname="uby" tests="1" failures="1" errors="0" skipped="0" time="0">
        <testcase classname="src/ui/hooks/shellCommandProcessor.test.ts" name="src/ui/hooks/shellCommandProcessor.test.ts" time="0">
            <failure message="Failed to resolve entry for package &quot;@qwen-code/qwen-code-core&quot;. The package may have incorrect main/module/exports specified in its package.json." type="Error">
Error: Failed to resolve entry for package &quot;@qwen-code/qwen-code-core&quot;. The package may have incorrect main/module/exports specified in its package.json.
  Plugin: vite:import-analysis
  File: /home/atmandk/LowCal-dev/packages/cli/src/ui/hooks/shellCommandProcessor.test.ts:38:0
  15 |  const __vi_import_0__ = await import(&quot;@testing-library/react&quot;);
  16 |  const __vi_import_1__ = await import(&quot;./shellCommandProcessor.js&quot;);
  17 |  const __vi_import_2__ = await import(&quot;@qwen-code/qwen-code-core&quot;);
     |                                       ^
  18 |  const __vi_import_3__ = await import(&quot;node:fs&quot;);
  19 |  const __vi_import_4__ = await import(&quot;node:os&quot;);
 ❯ packageEntryFailure ../../node_modules/vite/dist/node/chunks/dep-Bsx9IwL8.js:12218:32
 ❯ resolvePackageEntry ../../node_modules/vite/dist/node/chunks/dep-Bsx9IwL8.js:12215:2
 ❯ tryNodeResolve ../../node_modules/vite/dist/node/chunks/dep-Bsx9IwL8.js:12116:17
 ❯ ResolveIdContext.resolveId ../../node_modules/vite/dist/node/chunks/dep-Bsx9IwL8.js:11955:15
 ❯ EnvironmentPluginContainer.resolveId ../../node_modules/vite/dist/node/chunks/dep-Bsx9IwL8.js:31194:56
 ❯ TransformPluginContext.resolve ../../node_modules/vite/dist/node/chunks/dep-Bsx9IwL8.js:31376:13
 ❯ normalizeUrl ../../node_modules/vite/dist/node/chunks/dep-Bsx9IwL8.js:29984:22
 ❯ ../../node_modules/vite/dist/node/chunks/dep-Bsx9IwL8.js:30050:32
            </failure>
        </testcase>
    </testsuite>
    <testsuite name="src/ui/hooks/slashCommandProcessor.test.ts" timestamp="2025-10-09T16:01:25.840Z" hostname="uby" tests="1" failures="1" errors="0" skipped="0" time="0">
        <testcase classname="src/ui/hooks/slashCommandProcessor.test.ts" name="src/ui/hooks/slashCommandProcessor.test.ts" time="0">
            <failure message="Failed to resolve entry for package &quot;@qwen-code/qwen-code-core&quot;. The package may have incorrect main/module/exports specified in its package.json." type="Error">
Error: Failed to resolve entry for package &quot;@qwen-code/qwen-code-core&quot;. The package may have incorrect main/module/exports specified in its package.json.
  Plugin: vite:import-analysis
  File: /home/atmandk/LowCal-dev/packages/cli/src/ui/hooks/slashCommandProcessor.test.ts:85:0
  55 |  const __vi_import_5__ = await import(&quot;../../services/FileCommandLoader.js&quot;);
  56 |  const __vi_import_6__ = await import(&quot;../../services/McpPromptLoader.js&quot;);
  57 |  const __vi_import_7__ = await import(&quot;@qwen-code/qwen-code-core&quot;);
     |                                       ^
  58 |  const __vi_import_8__ = await import(&quot;../../test-utils/mockLoggingController.js&quot;);
  59 |  /**
 ❯ packageEntryFailure ../../node_modules/vite/dist/node/chunks/dep-Bsx9IwL8.js:12218:32
 ❯ resolvePackageEntry ../../node_modules/vite/dist/node/chunks/dep-Bsx9IwL8.js:12215:2
 ❯ tryNodeResolve ../../node_modules/vite/dist/node/chunks/dep-Bsx9IwL8.js:12116:17
 ❯ ResolveIdContext.resolveId ../../node_modules/vite/dist/node/chunks/dep-Bsx9IwL8.js:11955:15
 ❯ EnvironmentPluginContainer.resolveId ../../node_modules/vite/dist/node/chunks/dep-Bsx9IwL8.js:31194:56
 ❯ TransformPluginContext.resolve ../../node_modules/vite/dist/node/chunks/dep-Bsx9IwL8.js:31376:13
 ❯ normalizeUrl ../../node_modules/vite/dist/node/chunks/dep-Bsx9IwL8.js:29984:22
 ❯ ../../node_modules/vite/dist/node/chunks/dep-Bsx9IwL8.js:30050:32
            </failure>
        </testcase>
    </testsuite>
    <testsuite name="src/ui/hooks/useAtCompletion.test.ts" timestamp="2025-10-09T16:01:25.840Z" hostname="uby" tests="1" failures="1" errors="0" skipped="0" time="0">
        <testcase classname="src/ui/hooks/useAtCompletion.test.ts" name="src/ui/hooks/useAtCompletion.test.ts" time="0">
            <failure message="Failed to resolve entry for package &quot;@qwen-code/qwen-code-core&quot;. The package may have incorrect main/module/exports specified in its package.json." type="Error">
Error: Failed to resolve entry for package &quot;@qwen-code/qwen-code-core&quot;. The package may have incorrect main/module/exports specified in its package.json.
  Plugin: vite:import-analysis
  File: /home/atmandk/LowCal-dev/packages/cli/src/ui/hooks/useAtCompletion.test.ts:13:34
  7  |  import { renderHook, waitFor, act } from &quot;@testing-library/react&quot;;
  8  |  import { useAtCompletion } from &quot;./useAtCompletion.js&quot;;
  9  |  import { FileSearchFactory } from &quot;@qwen-code/qwen-code-core&quot;;
     |                                     ^
  10 |  import { createTmpDir, cleanupTmpDir } from &quot;@qwen-code/qwen-code-test-utils&quot;;
  11 |  import { useState } from &quot;react&quot;;
 ❯ packageEntryFailure ../../node_modules/vite/dist/node/chunks/dep-Bsx9IwL8.js:12218:32
 ❯ resolvePackageEntry ../../node_modules/vite/dist/node/chunks/dep-Bsx9IwL8.js:12215:2
 ❯ tryNodeResolve ../../node_modules/vite/dist/node/chunks/dep-Bsx9IwL8.js:12116:17
 ❯ ResolveIdContext.resolveId ../../node_modules/vite/dist/node/chunks/dep-Bsx9IwL8.js:11955:15
 ❯ EnvironmentPluginContainer.resolveId ../../node_modules/vite/dist/node/chunks/dep-Bsx9IwL8.js:31194:56
 ❯ TransformPluginContext.resolve ../../node_modules/vite/dist/node/chunks/dep-Bsx9IwL8.js:31376:13
 ❯ normalizeUrl ../../node_modules/vite/dist/node/chunks/dep-Bsx9IwL8.js:29984:22
 ❯ ../../node_modules/vite/dist/node/chunks/dep-Bsx9IwL8.js:30050:32
            </failure>
        </testcase>
    </testsuite>
    <testsuite name="src/ui/hooks/useAutoAcceptIndicator.test.ts" timestamp="2025-10-09T16:01:25.840Z" hostname="uby" tests="1" failures="1" errors="0" skipped="0" time="0">
        <testcase classname="src/ui/hooks/useAutoAcceptIndicator.test.ts" name="src/ui/hooks/useAutoAcceptIndicator.test.ts" time="0">
            <failure message="Failed to resolve entry for package &quot;@qwen-code/qwen-code-core&quot;. The package may have incorrect main/module/exports specified in its package.json." type="Error">
Error: Failed to resolve entry for package &quot;@qwen-code/qwen-code-core&quot;. The package may have incorrect main/module/exports specified in its package.json.
  Plugin: vite:import-analysis
  File: /home/atmandk/LowCal-dev/packages/cli/src/ui/hooks/useAutoAcceptIndicator.test.ts:20:0
  11 |  const __vi_import_0__ = await import(&quot;@testing-library/react&quot;);
  12 |  const __vi_import_1__ = await import(&quot;./useAutoAcceptIndicator.js&quot;);
  13 |  const __vi_import_2__ = await import(&quot;@qwen-code/qwen-code-core&quot;);
     |                                       ^
  14 |  const __vi_import_3__ = await import(&quot;./useKeypress.js&quot;);
  15 |  const __vi_import_4__ = await import(&quot;../types.js&quot;);
 ❯ packageEntryFailure ../../node_modules/vite/dist/node/chunks/dep-Bsx9IwL8.js:12218:32
 ❯ resolvePackageEntry ../../node_modules/vite/dist/node/chunks/dep-Bsx9IwL8.js:12215:2
 ❯ tryNodeResolve ../../node_modules/vite/dist/node/chunks/dep-Bsx9IwL8.js:12116:17
 ❯ ResolveIdContext.resolveId ../../node_modules/vite/dist/node/chunks/dep-Bsx9IwL8.js:11955:15
 ❯ EnvironmentPluginContainer.resolveId ../../node_modules/vite/dist/node/chunks/dep-Bsx9IwL8.js:31194:56
 ❯ TransformPluginContext.resolve ../../node_modules/vite/dist/node/chunks/dep-Bsx9IwL8.js:31376:13
 ❯ normalizeUrl ../../node_modules/vite/dist/node/chunks/dep-Bsx9IwL8.js:29984:22
 ❯ ../../node_modules/vite/dist/node/chunks/dep-Bsx9IwL8.js:30050:32
            </failure>
        </testcase>
    </testsuite>
    <testsuite name="src/ui/hooks/useCommandCompletion.test.ts" timestamp="2025-10-09T16:01:25.841Z" hostname="uby" tests="1" failures="1" errors="0" skipped="0" time="0">
        <testcase classname="src/ui/hooks/useCommandCompletion.test.ts" name="src/ui/hooks/useCommandCompletion.test.ts" time="0">
            <failure message="Failed to resolve entry for package &quot;@qwen-code/qwen-code-core&quot;. The package may have incorrect main/module/exports specified in its package.json." type="Error">
Error: Failed to resolve entry for package &quot;@qwen-code/qwen-code-core&quot;. The package may have incorrect main/module/exports specified in its package.json.
  Plugin: vite:import-analysis
  File: /home/atmandk/LowCal-dev/packages/cli/src/ui/components/shared/text-buffer.ts:13:29
  10 |  import { useState, useCallback, useEffect, useMemo, useReducer } from &quot;react&quot;;
  11 |  import stringWidth from &quot;string-width&quot;;
  12 |  import { unescapePath } from &quot;@qwen-code/qwen-code-core&quot;;
     |                                ^
  13 |  import {
  14 |    toCodePoints,
 ❯ packageEntryFailure ../../node_modules/vite/dist/node/chunks/dep-Bsx9IwL8.js:12218:32
 ❯ resolvePackageEntry ../../node_modules/vite/dist/node/chunks/dep-Bsx9IwL8.js:12215:2
 ❯ tryNodeResolve ../../node_modules/vite/dist/node/chunks/dep-Bsx9IwL8.js:12116:17
 ❯ ResolveIdContext.resolveId ../../node_modules/vite/dist/node/chunks/dep-Bsx9IwL8.js:11955:15
 ❯ EnvironmentPluginContainer.resolveId ../../node_modules/vite/dist/node/chunks/dep-Bsx9IwL8.js:31194:56
 ❯ TransformPluginContext.resolve ../../node_modules/vite/dist/node/chunks/dep-Bsx9IwL8.js:31376:13
 ❯ normalizeUrl ../../node_modules/vite/dist/node/chunks/dep-Bsx9IwL8.js:29984:22
 ❯ ../../node_modules/vite/dist/node/chunks/dep-Bsx9IwL8.js:30050:32
            </failure>
        </testcase>
    </testsuite>
    <testsuite name="src/ui/hooks/useConsoleMessages.test.ts" timestamp="2025-10-09T16:01:25.841Z" hostname="uby" tests="7" failures="0" errors="0" skipped="0" time="0.035143">
        <testcase classname="src/ui/hooks/useConsoleMessages.test.ts" name="useConsoleMessages &gt; should initialize with an empty array of console messages" time="0.016036853">
        </testcase>
        <testcase classname="src/ui/hooks/useConsoleMessages.test.ts" name="useConsoleMessages &gt; should add a new message when log is called" time="0.005295749">
        </testcase>
        <testcase classname="src/ui/hooks/useConsoleMessages.test.ts" name="useConsoleMessages &gt; should batch and count identical consecutive messages" time="0.001701145">
        </testcase>
        <testcase classname="src/ui/hooks/useConsoleMessages.test.ts" name="useConsoleMessages &gt; should not batch different messages" time="0.002234169">
        </testcase>
        <testcase classname="src/ui/hooks/useConsoleMessages.test.ts" name="useConsoleMessages &gt; should clear all messages when clearConsoleMessages is called" time="0.003406206">
        </testcase>
        <testcase classname="src/ui/hooks/useConsoleMessages.test.ts" name="useConsoleMessages &gt; should clear the pending timeout when clearConsoleMessages is called" time="0.003156354">
        </testcase>
        <testcase classname="src/ui/hooks/useConsoleMessages.test.ts" name="useConsoleMessages &gt; should clean up the timeout on unmount" time="0.001630614">
        </testcase>
    </testsuite>
    <testsuite name="src/ui/hooks/useEditorSettings.test.ts" timestamp="2025-10-09T16:01:25.841Z" hostname="uby" tests="1" failures="1" errors="0" skipped="0" time="0">
        <testcase classname="src/ui/hooks/useEditorSettings.test.ts" name="src/ui/hooks/useEditorSettings.test.ts" time="0">
            <failure message="Failed to resolve entry for package &quot;@qwen-code/qwen-code-core&quot;. The package may have incorrect main/module/exports specified in its package.json." type="Error">
Error: Failed to resolve entry for package &quot;@qwen-code/qwen-code-core&quot;. The package may have incorrect main/module/exports specified in its package.json.
  Plugin: vite:import-analysis
  File: /home/atmandk/LowCal-dev/packages/cli/src/ui/hooks/useEditorSettings.test.ts:22:0
  12 |  const __vi_import_3__ = await import(&quot;../../config/settings.js&quot;);
  13 |  const __vi_import_4__ = await import(&quot;../types.js&quot;);
  14 |  const __vi_import_5__ = await import(&quot;@qwen-code/qwen-code-core&quot;);
     |                                       ^
  15 |  /**
  16 |   * @license
 ❯ packageEntryFailure ../../node_modules/vite/dist/node/chunks/dep-Bsx9IwL8.js:12218:32
 ❯ resolvePackageEntry ../../node_modules/vite/dist/node/chunks/dep-Bsx9IwL8.js:12215:2
 ❯ tryNodeResolve ../../node_modules/vite/dist/node/chunks/dep-Bsx9IwL8.js:12116:17
 ❯ ResolveIdContext.resolveId ../../node_modules/vite/dist/node/chunks/dep-Bsx9IwL8.js:11955:15
 ❯ EnvironmentPluginContainer.resolveId ../../node_modules/vite/dist/node/chunks/dep-Bsx9IwL8.js:31194:56
 ❯ TransformPluginContext.resolve ../../node_modules/vite/dist/node/chunks/dep-Bsx9IwL8.js:31376:13
 ❯ normalizeUrl ../../node_modules/vite/dist/node/chunks/dep-Bsx9IwL8.js:29984:22
 ❯ ../../node_modules/vite/dist/node/chunks/dep-Bsx9IwL8.js:30050:32
            </failure>
        </testcase>
    </testsuite>
    <testsuite name="src/ui/hooks/useFocus.test.ts" timestamp="2025-10-09T16:01:25.841Z" hostname="uby" tests="5" failures="0" errors="0" skipped="0" time="0.035523664">
        <testcase classname="src/ui/hooks/useFocus.test.ts" name="useFocus &gt; should initialize with focus and enable focus reporting" time="0.015935215">
        </testcase>
        <testcase classname="src/ui/hooks/useFocus.test.ts" name="useFocus &gt; should set isFocused to false when a focus-out event is received" time="0.003379517">
        </testcase>
        <testcase classname="src/ui/hooks/useFocus.test.ts" name="useFocus &gt; should set isFocused to true when a focus-in event is received" time="0.007864076">
        </testcase>
        <testcase classname="src/ui/hooks/useFocus.test.ts" name="useFocus &gt; should clean up and disable focus reporting on unmount" time="0.003873069">
        </testcase>
        <testcase classname="src/ui/hooks/useFocus.test.ts" name="useFocus &gt; should handle multiple focus events correctly" time="0.002761404">
        </testcase>
    </testsuite>
    <testsuite name="src/ui/hooks/useFolderTrust.test.ts" timestamp="2025-10-09T16:01:25.841Z" hostname="uby" tests="1" failures="1" errors="0" skipped="0" time="0">
        <testcase classname="src/ui/hooks/useFolderTrust.test.ts" name="src/ui/hooks/useFolderTrust.test.ts" time="0">
            <failure message="Failed to resolve entry for package &quot;@qwen-code/qwen-code-core&quot;. The package may have incorrect main/module/exports specified in its package.json." type="Error">
Error: Failed to resolve entry for package &quot;@qwen-code/qwen-code-core&quot;. The package may have incorrect main/module/exports specified in its package.json.
  Plugin: vite:import-analysis
  File: /home/atmandk/LowCal-dev/packages/cli/src/ui/contexts/KeypressContext.tsx:11:7
  8  |    KittySequenceOverflowEvent,
  9  |    logKittySequenceOverflow
  10 |  } from &quot;@qwen-code/qwen-code-core&quot;;
     |          ^
  11 |  import { useStdin } from &quot;ink&quot;;
  12 |  import {
 ❯ packageEntryFailure ../../node_modules/vite/dist/node/chunks/dep-Bsx9IwL8.js:12218:32
 ❯ resolvePackageEntry ../../node_modules/vite/dist/node/chunks/dep-Bsx9IwL8.js:12215:2
 ❯ tryNodeResolve ../../node_modules/vite/dist/node/chunks/dep-Bsx9IwL8.js:12116:17
 ❯ ResolveIdContext.resolveId ../../node_modules/vite/dist/node/chunks/dep-Bsx9IwL8.js:11955:15
 ❯ EnvironmentPluginContainer.resolveId ../../node_modules/vite/dist/node/chunks/dep-Bsx9IwL8.js:31194:56
 ❯ TransformPluginContext.resolve ../../node_modules/vite/dist/node/chunks/dep-Bsx9IwL8.js:31376:13
 ❯ normalizeUrl ../../node_modules/vite/dist/node/chunks/dep-Bsx9IwL8.js:29984:22
 ❯ ../../node_modules/vite/dist/node/chunks/dep-Bsx9IwL8.js:30050:32
            </failure>
        </testcase>
    </testsuite>
    <testsuite name="src/ui/hooks/useGeminiStream.test.tsx" timestamp="2025-10-09T16:01:25.842Z" hostname="uby" tests="1" failures="1" errors="0" skipped="0" time="0">
        <testcase classname="src/ui/hooks/useGeminiStream.test.tsx" name="src/ui/hooks/useGeminiStream.test.tsx" time="0">
            <failure message="Failed to resolve entry for package &quot;@qwen-code/qwen-code-core&quot;. The package may have incorrect main/module/exports specified in its package.json." type="Error">
Error: Failed to resolve entry for package &quot;@qwen-code/qwen-code-core&quot;. The package may have incorrect main/module/exports specified in its package.json.
  Plugin: vite:import-analysis
  File: /home/atmandk/LowCal-dev/packages/cli/src/ui/hooks/useGeminiStream.test.tsx:27:0
  87 |  const __vi_import_3__ = await import(&quot;./atCommandProcessor.js&quot;);
  88 |  const __vi_import_4__ = await import(&quot;./useReactToolScheduler.js&quot;);
  89 |  const __vi_import_5__ = await import(&quot;@qwen-code/qwen-code-core&quot;);
     |                                       ^
  90 |  const __vi_import_6__ = await import(&quot;../types.js&quot;);
  91 |  /**
 ❯ packageEntryFailure ../../node_modules/vite/dist/node/chunks/dep-Bsx9IwL8.js:12218:32
 ❯ resolvePackageEntry ../../node_modules/vite/dist/node/chunks/dep-Bsx9IwL8.js:12215:2
 ❯ tryNodeResolve ../../node_modules/vite/dist/node/chunks/dep-Bsx9IwL8.js:12116:17
 ❯ ResolveIdContext.resolveId ../../node_modules/vite/dist/node/chunks/dep-Bsx9IwL8.js:11955:15
 ❯ EnvironmentPluginContainer.resolveId ../../node_modules/vite/dist/node/chunks/dep-Bsx9IwL8.js:31194:56
 ❯ TransformPluginContext.resolve ../../node_modules/vite/dist/node/chunks/dep-Bsx9IwL8.js:31376:13
 ❯ normalizeUrl ../../node_modules/vite/dist/node/chunks/dep-Bsx9IwL8.js:29984:22
 ❯ ../../node_modules/vite/dist/node/chunks/dep-Bsx9IwL8.js:30050:32
            </failure>
        </testcase>
    </testsuite>
    <testsuite name="src/ui/hooks/useGitBranchName.test.ts" timestamp="2025-10-09T16:01:25.842Z" hostname="uby" tests="7" failures="0" errors="0" skipped="2" time="0.047628439">
        <testcase classname="src/ui/hooks/useGitBranchName.test.ts" name="useGitBranchName &gt; should return branch name" time="0.023661958">
        </testcase>
        <testcase classname="src/ui/hooks/useGitBranchName.test.ts" name="useGitBranchName &gt; should return undefined if git command fails" time="0.004477847">
        </testcase>
        <testcase classname="src/ui/hooks/useGitBranchName.test.ts" name="useGitBranchName &gt; should return short commit hash if branch is HEAD (detached state)" time="0.004709776">
        </testcase>
        <testcase classname="src/ui/hooks/useGitBranchName.test.ts" name="useGitBranchName &gt; should return undefined if branch is HEAD and getting commit hash fails" time="0.003270205">
        </testcase>
        <testcase classname="src/ui/hooks/useGitBranchName.test.ts" name="useGitBranchName &gt; should update branch name when .git/HEAD changes" time="0.001420325">
            <skipped/>
        </testcase>
        <testcase classname="src/ui/hooks/useGitBranchName.test.ts" name="useGitBranchName &gt; should handle watcher setup error silently" time="0.00720579">
        </testcase>
        <testcase classname="src/ui/hooks/useGitBranchName.test.ts" name="useGitBranchName &gt; should cleanup watcher on unmount" time="0.001166055">
            <skipped/>
        </testcase>
    </testsuite>
    <testsuite name="src/ui/hooks/useHistoryManager.test.ts" timestamp="2025-10-09T16:01:25.842Z" hostname="uby" tests="8" failures="0" errors="0" skipped="0" time="0.031811432">
        <testcase classname="src/ui/hooks/useHistoryManager.test.ts" name="useHistoryManager &gt; should initialize with an empty history" time="0.013906916">
        </testcase>
        <testcase classname="src/ui/hooks/useHistoryManager.test.ts" name="useHistoryManager &gt; should add an item to history with a unique ID" time="0.004381359">
        </testcase>
        <testcase classname="src/ui/hooks/useHistoryManager.test.ts" name="useHistoryManager &gt; should generate unique IDs for items added with the same base timestamp" time="0.002335607">
        </testcase>
        <testcase classname="src/ui/hooks/useHistoryManager.test.ts" name="useHistoryManager &gt; should update an existing history item" time="0.002577224">
        </testcase>
        <testcase classname="src/ui/hooks/useHistoryManager.test.ts" name="useHistoryManager &gt; should not change history if updateHistoryItem is called with a nonexistent ID" time="0.001708598">
        </testcase>
        <testcase classname="src/ui/hooks/useHistoryManager.test.ts" name="useHistoryManager &gt; should clear the history" time="0.001571084">
        </testcase>
        <testcase classname="src/ui/hooks/useHistoryManager.test.ts" name="useHistoryManager &gt; should not add consecutive duplicate user messages" time="0.001598275">
        </testcase>
        <testcase classname="src/ui/hooks/useHistoryManager.test.ts" name="useHistoryManager &gt; should add duplicate user messages if they are not consecutive" time="0.001678523">
        </testcase>
    </testsuite>
    <testsuite name="src/ui/hooks/useInputHistory.test.ts" timestamp="2025-10-09T16:01:25.842Z" hostname="uby" tests="11" failures="0" errors="0" skipped="0" time="0.050569997">
        <testcase classname="src/ui/hooks/useInputHistory.test.ts" name="useInputHistory &gt; should initialize with historyIndex -1 and empty originalQueryBeforeNav" time="0.017539761">
        </testcase>
        <testcase classname="src/ui/hooks/useInputHistory.test.ts" name="useInputHistory &gt; handleSubmit &gt; should call onSubmit with trimmed value and reset history" time="0.003915788">
        </testcase>
        <testcase classname="src/ui/hooks/useInputHistory.test.ts" name="useInputHistory &gt; handleSubmit &gt; should not call onSubmit if value is empty after trimming" time="0.00267235">
        </testcase>
        <testcase classname="src/ui/hooks/useInputHistory.test.ts" name="useInputHistory &gt; navigateUp &gt; should not navigate if isActive is false" time="0.001881978">
        </testcase>
        <testcase classname="src/ui/hooks/useInputHistory.test.ts" name="useInputHistory &gt; navigateUp &gt; should not navigate if userMessages is empty" time="0.00655656">
        </testcase>
        <testcase classname="src/ui/hooks/useInputHistory.test.ts" name="useInputHistory &gt; navigateUp &gt; should call onChange with the last message when navigating up from initial state" time="0.002858143">
        </testcase>
        <testcase classname="src/ui/hooks/useInputHistory.test.ts" name="useInputHistory &gt; navigateUp &gt; should store currentQuery as originalQueryBeforeNav on first navigateUp" time="0.002768858">
        </testcase>
        <testcase classname="src/ui/hooks/useInputHistory.test.ts" name="useInputHistory &gt; navigateUp &gt; should navigate through history messages on subsequent navigateUp calls" time="0.003195246">
        </testcase>
        <testcase classname="src/ui/hooks/useInputHistory.test.ts" name="useInputHistory &gt; navigateDown &gt; should not navigate if isActive is false" time="0.003123033">
        </testcase>
        <testcase classname="src/ui/hooks/useInputHistory.test.ts" name="useInputHistory &gt; navigateDown &gt; should not navigate if historyIndex is -1 (not in history navigation)" time="0.002159411">
        </testcase>
        <testcase classname="src/ui/hooks/useInputHistory.test.ts" name="useInputHistory &gt; navigateDown &gt; should restore originalQueryBeforeNav when navigating down to initial state" time="0.001824122">
        </testcase>
    </testsuite>
    <testsuite name="src/ui/hooks/useKeypress.test.ts" timestamp="2025-10-09T16:01:25.843Z" hostname="uby" tests="1" failures="1" errors="0" skipped="0" time="0">
        <testcase classname="src/ui/hooks/useKeypress.test.ts" name="src/ui/hooks/useKeypress.test.ts" time="0">
            <failure message="Failed to resolve entry for package &quot;@qwen-code/qwen-code-core&quot;. The package may have incorrect main/module/exports specified in its package.json." type="Error">
Error: Failed to resolve entry for package &quot;@qwen-code/qwen-code-core&quot;. The package may have incorrect main/module/exports specified in its package.json.
  Plugin: vite:import-analysis
  File: /home/atmandk/LowCal-dev/packages/cli/src/ui/contexts/KeypressContext.tsx:11:7
  8  |    KittySequenceOverflowEvent,
  9  |    logKittySequenceOverflow
  10 |  } from &quot;@qwen-code/qwen-code-core&quot;;
     |          ^
  11 |  import { useStdin } from &quot;ink&quot;;
  12 |  import {
 ❯ packageEntryFailure ../../node_modules/vite/dist/node/chunks/dep-Bsx9IwL8.js:12218:32
 ❯ resolvePackageEntry ../../node_modules/vite/dist/node/chunks/dep-Bsx9IwL8.js:12215:2
 ❯ tryNodeResolve ../../node_modules/vite/dist/node/chunks/dep-Bsx9IwL8.js:12116:17
 ❯ ResolveIdContext.resolveId ../../node_modules/vite/dist/node/chunks/dep-Bsx9IwL8.js:11955:15
 ❯ EnvironmentPluginContainer.resolveId ../../node_modules/vite/dist/node/chunks/dep-Bsx9IwL8.js:31194:56
 ❯ TransformPluginContext.resolve ../../node_modules/vite/dist/node/chunks/dep-Bsx9IwL8.js:31376:13
 ❯ normalizeUrl ../../node_modules/vite/dist/node/chunks/dep-Bsx9IwL8.js:29984:22
 ❯ ../../node_modules/vite/dist/node/chunks/dep-Bsx9IwL8.js:30050:32
            </failure>
        </testcase>
    </testsuite>
    <testsuite name="src/ui/hooks/useLoadingIndicator.test.ts" timestamp="2025-10-09T16:01:25.843Z" hostname="uby" tests="5" failures="0" errors="0" skipped="0" time="0.050159067">
        <testcase classname="src/ui/hooks/useLoadingIndicator.test.ts" name="useLoadingIndicator &gt; should initialize with default values when Idle" time="0.019914211">
        </testcase>
        <testcase classname="src/ui/hooks/useLoadingIndicator.test.ts" name="useLoadingIndicator &gt; should reflect values when Responding" time="0.008402973">
        </testcase>
        <testcase classname="src/ui/hooks/useLoadingIndicator.test.ts" name="useLoadingIndicator &gt; should show waiting phrase and retain elapsedTime when WaitingForConfirmation" time="0.011773392">
        </testcase>
        <testcase classname="src/ui/hooks/useLoadingIndicator.test.ts" name="useLoadingIndicator &gt; should reset elapsedTime and use a witty phrase when transitioning from WaitingForConfirmation to Responding" time="0.004472257">
        </testcase>
        <testcase classname="src/ui/hooks/useLoadingIndicator.test.ts" name="useLoadingIndicator &gt; should reset timer and phrase when streamingState changes from Responding to Idle" time="0.00397059">
        </testcase>
    </testsuite>
    <testsuite name="src/ui/hooks/useMessageQueue.test.ts" timestamp="2025-10-09T16:01:25.843Z" hostname="uby" tests="9" failures="0" errors="0" skipped="0" time="0.038423033">
        <testcase classname="src/ui/hooks/useMessageQueue.test.ts" name="useMessageQueue &gt; should initialize with empty queue" time="0.017943017">
        </testcase>
        <testcase classname="src/ui/hooks/useMessageQueue.test.ts" name="useMessageQueue &gt; should add messages to queue" time="0.002889731">
        </testcase>
        <testcase classname="src/ui/hooks/useMessageQueue.test.ts" name="useMessageQueue &gt; should filter out empty messages" time="0.002334496">
        </testcase>
        <testcase classname="src/ui/hooks/useMessageQueue.test.ts" name="useMessageQueue &gt; should clear queue" time="0.001961045">
        </testcase>
        <testcase classname="src/ui/hooks/useMessageQueue.test.ts" name="useMessageQueue &gt; should return queued messages as text with double newlines" time="0.002103779">
        </testcase>
        <testcase classname="src/ui/hooks/useMessageQueue.test.ts" name="useMessageQueue &gt; should auto-submit queued messages when transitioning to Idle" time="0.002594085">
        </testcase>
        <testcase classname="src/ui/hooks/useMessageQueue.test.ts" name="useMessageQueue &gt; should not auto-submit when queue is empty" time="0.001344215">
        </testcase>
        <testcase classname="src/ui/hooks/useMessageQueue.test.ts" name="useMessageQueue &gt; should not auto-submit when not transitioning to Idle" time="0.001185952">
        </testcase>
        <testcase classname="src/ui/hooks/useMessageQueue.test.ts" name="useMessageQueue &gt; should handle multiple state transitions correctly" time="0.004409681">
        </testcase>
    </testsuite>
    <testsuite name="src/ui/hooks/usePhraseCycler.test.ts" timestamp="2025-10-09T16:01:25.844Z" hostname="uby" tests="7" failures="0" errors="0" skipped="0" time="0.037275973">
        <testcase classname="src/ui/hooks/usePhraseCycler.test.ts" name="usePhraseCycler &gt; should initialize with the first witty phrase when not active and not waiting" time="0.014235784">
        </testcase>
        <testcase classname="src/ui/hooks/usePhraseCycler.test.ts" name="usePhraseCycler &gt; should show &quot;Waiting for user confirmation...&quot; when isWaiting is true" time="0.003444036">
        </testcase>
        <testcase classname="src/ui/hooks/usePhraseCycler.test.ts" name="usePhraseCycler &gt; should not cycle phrases if isActive is false and not waiting" time="0.003391899">
        </testcase>
        <testcase classname="src/ui/hooks/usePhraseCycler.test.ts" name="usePhraseCycler &gt; should cycle through witty phrases when isActive is true and not waiting" time="0.003842172">
        </testcase>
        <testcase classname="src/ui/hooks/usePhraseCycler.test.ts" name="usePhraseCycler &gt; should reset to a witty phrase when isActive becomes true after being false (and not waiting)" time="0.005620489">
        </testcase>
        <testcase classname="src/ui/hooks/usePhraseCycler.test.ts" name="usePhraseCycler &gt; should clear phrase interval on unmount when active" time="0.001813853">
        </testcase>
        <testcase classname="src/ui/hooks/usePhraseCycler.test.ts" name="usePhraseCycler &gt; should reset to a witty phrase when transitioning from waiting to active" time="0.003200816">
        </testcase>
    </testsuite>
    <testsuite name="src/ui/hooks/usePrivacySettings.test.ts" timestamp="2025-10-09T16:01:25.844Z" hostname="uby" tests="1" failures="1" errors="0" skipped="0" time="0">
        <testcase classname="src/ui/hooks/usePrivacySettings.test.ts" name="src/ui/hooks/usePrivacySettings.test.ts" time="0">
            <failure message="Failed to resolve entry for package &quot;@qwen-code/qwen-code-core&quot;. The package may have incorrect main/module/exports specified in its package.json." type="Error">
Error: Failed to resolve entry for package &quot;@qwen-code/qwen-code-core&quot;. The package may have incorrect main/module/exports specified in its package.json.
  Plugin: vite:import-analysis
  File: /home/atmandk/LowCal-dev/packages/cli/src/ui/hooks/usePrivacySettings.test.ts:14:0
  26 |  });
  27 |  const __vi_import_0__ = await import(&quot;@testing-library/react&quot;);
  28 |  const __vi_import_1__ = await import(&quot;@qwen-code/qwen-code-core&quot;);
     |                                       ^
  29 |  const __vi_import_2__ = await import(&quot;./usePrivacySettings.js&quot;);
  30 |  /**
 ❯ packageEntryFailure ../../node_modules/vite/dist/node/chunks/dep-Bsx9IwL8.js:12218:32
 ❯ resolvePackageEntry ../../node_modules/vite/dist/node/chunks/dep-Bsx9IwL8.js:12215:2
 ❯ tryNodeResolve ../../node_modules/vite/dist/node/chunks/dep-Bsx9IwL8.js:12116:17
 ❯ ResolveIdContext.resolveId ../../node_modules/vite/dist/node/chunks/dep-Bsx9IwL8.js:11955:15
 ❯ EnvironmentPluginContainer.resolveId ../../node_modules/vite/dist/node/chunks/dep-Bsx9IwL8.js:31194:56
 ❯ TransformPluginContext.resolve ../../node_modules/vite/dist/node/chunks/dep-Bsx9IwL8.js:31376:13
 ❯ normalizeUrl ../../node_modules/vite/dist/node/chunks/dep-Bsx9IwL8.js:29984:22
 ❯ ../../node_modules/vite/dist/node/chunks/dep-Bsx9IwL8.js:30050:32
            </failure>
        </testcase>
    </testsuite>
    <testsuite name="src/ui/hooks/useQwenAuth.test.ts" timestamp="2025-10-09T16:01:25.844Z" hostname="uby" tests="1" failures="1" errors="0" skipped="0" time="0">
        <testcase classname="src/ui/hooks/useQwenAuth.test.ts" name="src/ui/hooks/useQwenAuth.test.ts" time="0">
            <failure message="Failed to resolve entry for package &quot;@qwen-code/qwen-code-core&quot;. The package may have incorrect main/module/exports specified in its package.json." type="Error">
Error: Failed to resolve entry for package &quot;@qwen-code/qwen-code-core&quot;. The package may have incorrect main/module/exports specified in its package.json.
  Plugin: vite:import-analysis
  File: /home/atmandk/LowCal-dev/packages/cli/src/ui/hooks/useQwenAuth.test.ts:11:0
  17 |  const __vi_import_0__ = await import(&quot;@testing-library/react&quot;);
  18 |  const __vi_import_1__ = await import(&quot;./useQwenAuth.js&quot;);
  19 |  const __vi_import_2__ = await import(&quot;@qwen-code/qwen-code-core&quot;);
     |                                       ^
  20 |  /**
  21 |   * @license
 ❯ packageEntryFailure ../../node_modules/vite/dist/node/chunks/dep-Bsx9IwL8.js:12218:32
 ❯ resolvePackageEntry ../../node_modules/vite/dist/node/chunks/dep-Bsx9IwL8.js:12215:2
 ❯ tryNodeResolve ../../node_modules/vite/dist/node/chunks/dep-Bsx9IwL8.js:12116:17
 ❯ ResolveIdContext.resolveId ../../node_modules/vite/dist/node/chunks/dep-Bsx9IwL8.js:11955:15
 ❯ EnvironmentPluginContainer.resolveId ../../node_modules/vite/dist/node/chunks/dep-Bsx9IwL8.js:31194:56
 ❯ TransformPluginContext.resolve ../../node_modules/vite/dist/node/chunks/dep-Bsx9IwL8.js:31376:13
 ❯ normalizeUrl ../../node_modules/vite/dist/node/chunks/dep-Bsx9IwL8.js:29984:22
 ❯ ../../node_modules/vite/dist/node/chunks/dep-Bsx9IwL8.js:30050:32
            </failure>
        </testcase>
    </testsuite>
    <testsuite name="src/ui/hooks/useReverseSearchCompletion.test.tsx" timestamp="2025-10-09T16:01:25.845Z" hostname="uby" tests="1" failures="1" errors="0" skipped="0" time="0">
        <testcase classname="src/ui/hooks/useReverseSearchCompletion.test.tsx" name="src/ui/hooks/useReverseSearchCompletion.test.tsx" time="0">
            <failure message="Failed to resolve entry for package &quot;@qwen-code/qwen-code-core&quot;. The package may have incorrect main/module/exports specified in its package.json." type="Error">
Error: Failed to resolve entry for package &quot;@qwen-code/qwen-code-core&quot;. The package may have incorrect main/module/exports specified in its package.json.
  Plugin: vite:import-analysis
  File: /home/atmandk/LowCal-dev/packages/cli/src/ui/components/shared/text-buffer.ts:13:29
  10 |  import { useState, useCallback, useEffect, useMemo, useReducer } from &quot;react&quot;;
  11 |  import stringWidth from &quot;string-width&quot;;
  12 |  import { unescapePath } from &quot;@qwen-code/qwen-code-core&quot;;
     |                                ^
  13 |  import {
  14 |    toCodePoints,
 ❯ packageEntryFailure ../../node_modules/vite/dist/node/chunks/dep-Bsx9IwL8.js:12218:32
 ❯ resolvePackageEntry ../../node_modules/vite/dist/node/chunks/dep-Bsx9IwL8.js:12215:2
 ❯ tryNodeResolve ../../node_modules/vite/dist/node/chunks/dep-Bsx9IwL8.js:12116:17
 ❯ ResolveIdContext.resolveId ../../node_modules/vite/dist/node/chunks/dep-Bsx9IwL8.js:11955:15
 ❯ EnvironmentPluginContainer.resolveId ../../node_modules/vite/dist/node/chunks/dep-Bsx9IwL8.js:31194:56
 ❯ TransformPluginContext.resolve ../../node_modules/vite/dist/node/chunks/dep-Bsx9IwL8.js:31376:13
 ❯ normalizeUrl ../../node_modules/vite/dist/node/chunks/dep-Bsx9IwL8.js:29984:22
 ❯ ../../node_modules/vite/dist/node/chunks/dep-Bsx9IwL8.js:30050:32
            </failure>
        </testcase>
    </testsuite>
    <testsuite name="src/ui/hooks/useShellHistory.test.ts" timestamp="2025-10-09T16:01:25.845Z" hostname="uby" tests="1" failures="1" errors="0" skipped="0" time="0">
        <testcase classname="src/ui/hooks/useShellHistory.test.ts" name="src/ui/hooks/useShellHistory.test.ts" time="0">
            <failure message="Failed to resolve entry for package &quot;@qwen-code/qwen-code-core&quot;. The package may have incorrect main/module/exports specified in its package.json." type="Error">
Error: Failed to resolve entry for package &quot;@qwen-code/qwen-code-core&quot;. The package may have incorrect main/module/exports specified in its package.json.
 ❯ packageEntryFailure ../../node_modules/vite/dist/node/chunks/dep-Bsx9IwL8.js:12218:32
 ❯ resolvePackageEntry ../../node_modules/vite/dist/node/chunks/dep-Bsx9IwL8.js:12215:2
 ❯ tryNodeResolve ../../node_modules/vite/dist/node/chunks/dep-Bsx9IwL8.js:12116:17
 ❯ ResolveIdContext.resolveId ../../node_modules/vite/dist/node/chunks/dep-Bsx9IwL8.js:11955:15
 ❯ EnvironmentPluginContainer.resolveId ../../node_modules/vite/dist/node/chunks/dep-Bsx9IwL8.js:31194:56
            </failure>
        </testcase>
    </testsuite>
    <testsuite name="src/ui/hooks/useSlashCompletion.test.ts" timestamp="2025-10-09T16:01:25.845Z" hostname="uby" tests="15" failures="0" errors="0" skipped="0" time="0.125784036">
        <testcase classname="src/ui/hooks/useSlashCompletion.test.ts" name="useSlashCompletion &gt; Top-Level Commands &gt; should suggest all top-level commands for the root slash" time="0.02022232">
        </testcase>
        <testcase classname="src/ui/hooks/useSlashCompletion.test.ts" name="useSlashCompletion &gt; Top-Level Commands &gt; should filter commands based on partial input" time="0.002636373">
        </testcase>
        <testcase classname="src/ui/hooks/useSlashCompletion.test.ts" name="useSlashCompletion &gt; Top-Level Commands &gt; should suggest commands based on partial altNames" time="0.004759638">
        </testcase>
        <testcase classname="src/ui/hooks/useSlashCompletion.test.ts" name="useSlashCompletion &gt; Top-Level Commands &gt; should NOT provide suggestions for a perfectly typed command that is a leaf node" time="0.004592398">
        </testcase>
        <testcase classname="src/ui/hooks/useSlashCompletion.test.ts" name="useSlashCompletion &gt; Top-Level Commands &gt; should not suggest commands when altNames is fully typed" time="0.004106311">
        </testcase>
        <testcase classname="src/ui/hooks/useSlashCompletion.test.ts" name="useSlashCompletion &gt; Top-Level Commands &gt; should not suggest commands when altNames is fully typed" time="0.001559563">
        </testcase>
        <testcase classname="src/ui/hooks/useSlashCompletion.test.ts" name="useSlashCompletion &gt; Top-Level Commands &gt; should not provide suggestions for a fully typed command that has no sub-commands or argument completion" time="0.001443748">
        </testcase>
        <testcase classname="src/ui/hooks/useSlashCompletion.test.ts" name="useSlashCompletion &gt; Top-Level Commands &gt; should not provide suggestions for an unknown command" time="0.002331319">
        </testcase>
        <testcase classname="src/ui/hooks/useSlashCompletion.test.ts" name="useSlashCompletion &gt; Sub-Commands &gt; should suggest sub-commands for a parent command" time="0.004618817">
        </testcase>
        <testcase classname="src/ui/hooks/useSlashCompletion.test.ts" name="useSlashCompletion &gt; Sub-Commands &gt; should suggest all sub-commands when the query ends with the parent command and a space" time="0.002994526">
        </testcase>
        <testcase classname="src/ui/hooks/useSlashCompletion.test.ts" name="useSlashCompletion &gt; Sub-Commands &gt; should filter sub-commands by prefix" time="0.001537041">
        </testcase>
        <testcase classname="src/ui/hooks/useSlashCompletion.test.ts" name="useSlashCompletion &gt; Sub-Commands &gt; should provide no suggestions for an invalid sub-command" time="0.001943042">
        </testcase>
        <testcase classname="src/ui/hooks/useSlashCompletion.test.ts" name="useSlashCompletion &gt; Argument Completion &gt; should call the command.completion function for argument suggestions" time="0.056522059">
        </testcase>
        <testcase classname="src/ui/hooks/useSlashCompletion.test.ts" name="useSlashCompletion &gt; Argument Completion &gt; should call command.completion with an empty string when args start with a space" time="0.005653641">
        </testcase>
        <testcase classname="src/ui/hooks/useSlashCompletion.test.ts" name="useSlashCompletion &gt; Argument Completion &gt; should handle completion function that returns null" time="0.007983397">
        </testcase>
    </testsuite>
    <testsuite name="src/ui/hooks/useTimer.test.ts" timestamp="2025-10-09T16:01:25.846Z" hostname="uby" tests="8" failures="0" errors="0" skipped="0" time="0.037681122">
        <testcase classname="src/ui/hooks/useTimer.test.ts" name="useTimer &gt; should initialize with 0" time="0.015376542">
        </testcase>
        <testcase classname="src/ui/hooks/useTimer.test.ts" name="useTimer &gt; should not increment time if isActive is false" time="0.001759833">
        </testcase>
        <testcase classname="src/ui/hooks/useTimer.test.ts" name="useTimer &gt; should increment time every second if isActive is true" time="0.003089321">
        </testcase>
        <testcase classname="src/ui/hooks/useTimer.test.ts" name="useTimer &gt; should reset to 0 and start incrementing when isActive becomes true from false" time="0.002289532">
        </testcase>
        <testcase classname="src/ui/hooks/useTimer.test.ts" name="useTimer &gt; should reset to 0 when resetKey changes while active" time="0.004029268">
        </testcase>
        <testcase classname="src/ui/hooks/useTimer.test.ts" name="useTimer &gt; should be 0 if isActive is false, regardless of resetKey changes" time="0.002842464">
        </testcase>
        <testcase classname="src/ui/hooks/useTimer.test.ts" name="useTimer &gt; should clear timer on unmount" time="0.003380269">
        </testcase>
        <testcase classname="src/ui/hooks/useTimer.test.ts" name="useTimer &gt; should preserve elapsedTime when isActive becomes false, and reset to 0 when it becomes active again" time="0.003003001">
        </testcase>
    </testsuite>
    <testsuite name="src/ui/hooks/useToolScheduler.test.ts" timestamp="2025-10-09T16:01:25.846Z" hostname="uby" tests="1" failures="1" errors="0" skipped="0" time="0">
        <testcase classname="src/ui/hooks/useToolScheduler.test.ts" name="src/ui/hooks/useToolScheduler.test.ts" time="0">
            <failure message="Failed to resolve entry for package &quot;@qwen-code/qwen-code-core&quot;. The package may have incorrect main/module/exports specified in its package.json." type="Error">
Error: Failed to resolve entry for package &quot;@qwen-code/qwen-code-core&quot;. The package may have incorrect main/module/exports specified in its package.json.
  Plugin: vite:import-analysis
  File: /home/atmandk/LowCal-dev/packages/cli/src/ui/hooks/useToolScheduler.test.ts:29:0
  9  |  const __vi_import_0__ = await import(&quot;@testing-library/react&quot;);
  10 |  const __vi_import_1__ = await import(&quot;./useReactToolScheduler.js&quot;);
  11 |  const __vi_import_2__ = await import(&quot;@qwen-code/qwen-code-core&quot;);
     |                                       ^
  12 |  const __vi_import_3__ = await import(&quot;../types.js&quot;);
  13 |  /**
 ❯ packageEntryFailure ../../node_modules/vite/dist/node/chunks/dep-Bsx9IwL8.js:12218:32
 ❯ resolvePackageEntry ../../node_modules/vite/dist/node/chunks/dep-Bsx9IwL8.js:12215:2
 ❯ tryNodeResolve ../../node_modules/vite/dist/node/chunks/dep-Bsx9IwL8.js:12116:17
 ❯ ResolveIdContext.resolveId ../../node_modules/vite/dist/node/chunks/dep-Bsx9IwL8.js:11955:15
 ❯ EnvironmentPluginContainer.resolveId ../../node_modules/vite/dist/node/chunks/dep-Bsx9IwL8.js:31194:56
 ❯ TransformPluginContext.resolve ../../node_modules/vite/dist/node/chunks/dep-Bsx9IwL8.js:31376:13
 ❯ normalizeUrl ../../node_modules/vite/dist/node/chunks/dep-Bsx9IwL8.js:29984:22
 ❯ ../../node_modules/vite/dist/node/chunks/dep-Bsx9IwL8.js:30050:32
            </failure>
        </testcase>
    </testsuite>
    <testsuite name="src/ui/hooks/useVisionAutoSwitch.test.ts" timestamp="2025-10-09T16:01:25.846Z" hostname="uby" tests="1" failures="1" errors="0" skipped="0" time="0">
        <testcase classname="src/ui/hooks/useVisionAutoSwitch.test.ts" name="src/ui/hooks/useVisionAutoSwitch.test.ts" time="0">
            <failure message="Failed to resolve entry for package &quot;@qwen-code/qwen-code-core&quot;. The package may have incorrect main/module/exports specified in its package.json." type="Error">
Error: Failed to resolve entry for package &quot;@qwen-code/qwen-code-core&quot;. The package may have incorrect main/module/exports specified in its package.json.
  Plugin: vite:import-analysis
  File: /home/atmandk/LowCal-dev/packages/cli/src/ui/hooks/useVisionAutoSwitch.test.ts:11:0
  18 |  });
  19 |  const __vi_import_0__ = await import(&quot;@testing-library/react&quot;);
  20 |  const __vi_import_1__ = await import(&quot;@qwen-code/qwen-code-core&quot;);
     |                                       ^
  21 |  const __vi_import_2__ = await import(&quot;./useVisionAutoSwitch.js&quot;);
  22 |  const __vi_import_3__ = await import(&quot;../components/ModelSwitchDialog.js&quot;);
 ❯ packageEntryFailure ../../node_modules/vite/dist/node/chunks/dep-Bsx9IwL8.js:12218:32
 ❯ resolvePackageEntry ../../node_modules/vite/dist/node/chunks/dep-Bsx9IwL8.js:12215:2
 ❯ tryNodeResolve ../../node_modules/vite/dist/node/chunks/dep-Bsx9IwL8.js:12116:17
 ❯ ResolveIdContext.resolveId ../../node_modules/vite/dist/node/chunks/dep-Bsx9IwL8.js:11955:15
 ❯ EnvironmentPluginContainer.resolveId ../../node_modules/vite/dist/node/chunks/dep-Bsx9IwL8.js:31194:56
 ❯ TransformPluginContext.resolve ../../node_modules/vite/dist/node/chunks/dep-Bsx9IwL8.js:31376:13
 ❯ normalizeUrl ../../node_modules/vite/dist/node/chunks/dep-Bsx9IwL8.js:29984:22
 ❯ ../../node_modules/vite/dist/node/chunks/dep-Bsx9IwL8.js:30050:32
            </failure>
        </testcase>
    </testsuite>
    <testsuite name="src/ui/hooks/vim.test.ts" timestamp="2025-10-09T16:01:25.847Z" hostname="uby" tests="1" failures="1" errors="0" skipped="0" time="0">
        <testcase classname="src/ui/hooks/vim.test.ts" name="src/ui/hooks/vim.test.ts" time="0">
            <failure message="Failed to resolve entry for package &quot;@qwen-code/qwen-code-core&quot;. The package may have incorrect main/module/exports specified in its package.json." type="Error">
Error: Failed to resolve entry for package &quot;@qwen-code/qwen-code-core&quot;. The package may have incorrect main/module/exports specified in its package.json.
  Plugin: vite:import-analysis
  File: /home/atmandk/LowCal-dev/packages/cli/src/ui/components/shared/text-buffer.ts:13:29
  10 |  import { useState, useCallback, useEffect, useMemo, useReducer } from &quot;react&quot;;
  11 |  import stringWidth from &quot;string-width&quot;;
  12 |  import { unescapePath } from &quot;@qwen-code/qwen-code-core&quot;;
     |                                ^
  13 |  import {
  14 |    toCodePoints,
 ❯ packageEntryFailure ../../node_modules/vite/dist/node/chunks/dep-Bsx9IwL8.js:12218:32
 ❯ resolvePackageEntry ../../node_modules/vite/dist/node/chunks/dep-Bsx9IwL8.js:12215:2
 ❯ tryNodeResolve ../../node_modules/vite/dist/node/chunks/dep-Bsx9IwL8.js:12116:17
 ❯ ResolveIdContext.resolveId ../../node_modules/vite/dist/node/chunks/dep-Bsx9IwL8.js:11955:15
 ❯ EnvironmentPluginContainer.resolveId ../../node_modules/vite/dist/node/chunks/dep-Bsx9IwL8.js:31194:56
 ❯ TransformPluginContext.resolve ../../node_modules/vite/dist/node/chunks/dep-Bsx9IwL8.js:31376:13
 ❯ normalizeUrl ../../node_modules/vite/dist/node/chunks/dep-Bsx9IwL8.js:29984:22
 ❯ ../../node_modules/vite/dist/node/chunks/dep-Bsx9IwL8.js:30050:32
            </failure>
        </testcase>
    </testsuite>
    <testsuite name="src/ui/utils/MarkdownDisplay.test.tsx" timestamp="2025-10-09T16:01:25.847Z" hostname="uby" tests="1" failures="1" errors="0" skipped="0" time="0">
        <testcase classname="src/ui/utils/MarkdownDisplay.test.tsx" name="src/ui/utils/MarkdownDisplay.test.tsx" time="0">
            <failure message="Failed to resolve entry for package &quot;@qwen-code/qwen-code-core&quot;. The package may have incorrect main/module/exports specified in its package.json." type="Error">
Error: Failed to resolve entry for package &quot;@qwen-code/qwen-code-core&quot;. The package may have incorrect main/module/exports specified in its package.json.
  Plugin: vite:import-analysis
  File: /home/atmandk/LowCal-dev/packages/cli/src/config/settings.ts:15:7
  12 |    getErrorMessage,
  13 |    Storage
  14 |  } from &quot;@qwen-code/qwen-code-core&quot;;
     |          ^
  15 |  import stripJsonComments from &quot;strip-json-comments&quot;;
  16 |  import { DefaultLight } from &quot;../ui/themes/default-light.js&quot;;
 ❯ packageEntryFailure ../../node_modules/vite/dist/node/chunks/dep-Bsx9IwL8.js:12218:32
 ❯ resolvePackageEntry ../../node_modules/vite/dist/node/chunks/dep-Bsx9IwL8.js:12215:2
 ❯ tryNodeResolve ../../node_modules/vite/dist/node/chunks/dep-Bsx9IwL8.js:12116:17
 ❯ ResolveIdContext.resolveId ../../node_modules/vite/dist/node/chunks/dep-Bsx9IwL8.js:11955:15
 ❯ EnvironmentPluginContainer.resolveId ../../node_modules/vite/dist/node/chunks/dep-Bsx9IwL8.js:31194:56
 ❯ TransformPluginContext.resolve ../../node_modules/vite/dist/node/chunks/dep-Bsx9IwL8.js:31376:13
 ❯ normalizeUrl ../../node_modules/vite/dist/node/chunks/dep-Bsx9IwL8.js:29984:22
 ❯ ../../node_modules/vite/dist/node/chunks/dep-Bsx9IwL8.js:30050:32
            </failure>
        </testcase>
    </testsuite>
    <testsuite name="src/ui/utils/clipboardUtils.test.ts" timestamp="2025-10-09T16:01:25.847Z" hostname="uby" tests="6" failures="0" errors="0" skipped="0" time="0.007131352">
        <testcase classname="src/ui/utils/clipboardUtils.test.ts" name="clipboardUtils &gt; clipboardHasImage &gt; should return false on non-macOS platforms" time="0.001358821">
        </testcase>
        <testcase classname="src/ui/utils/clipboardUtils.test.ts" name="clipboardUtils &gt; clipboardHasImage &gt; should return boolean on macOS" time="0.000154826">
        </testcase>
        <testcase classname="src/ui/utils/clipboardUtils.test.ts" name="clipboardUtils &gt; saveClipboardImage &gt; should return null on non-macOS platforms" time="0.000217392">
        </testcase>
        <testcase classname="src/ui/utils/clipboardUtils.test.ts" name="clipboardUtils &gt; saveClipboardImage &gt; should handle errors gracefully" time="0.000216961">
        </testcase>
        <testcase classname="src/ui/utils/clipboardUtils.test.ts" name="clipboardUtils &gt; cleanupOldClipboardImages &gt; should not throw errors" time="0.002235151">
        </testcase>
        <testcase classname="src/ui/utils/clipboardUtils.test.ts" name="clipboardUtils &gt; cleanupOldClipboardImages &gt; should complete without errors on valid directory" time="0.000999978">
        </testcase>
    </testsuite>
    <testsuite name="src/ui/utils/commandUtils.test.ts" timestamp="2025-10-09T16:01:25.847Z" hostname="uby" tests="26" failures="0" errors="0" skipped="0" time="0.050678497">
        <testcase classname="src/ui/utils/commandUtils.test.ts" name="commandUtils &gt; isAtCommand &gt; should return true when query starts with @" time="0.002077971">
        </testcase>
        <testcase classname="src/ui/utils/commandUtils.test.ts" name="commandUtils &gt; isAtCommand &gt; should return true when query contains @ preceded by whitespace" time="0.000742402">
        </testcase>
        <testcase classname="src/ui/utils/commandUtils.test.ts" name="commandUtils &gt; isAtCommand &gt; should return false when query does not start with @ and has no spaced @" time="0.000308771">
        </testcase>
        <testcase classname="src/ui/utils/commandUtils.test.ts" name="commandUtils &gt; isAtCommand &gt; should return false when @ is not preceded by whitespace" time="0.000172248">
        </testcase>
        <testcase classname="src/ui/utils/commandUtils.test.ts" name="commandUtils &gt; isSlashCommand &gt; should return true when query starts with /" time="0.00033546">
        </testcase>
        <testcase classname="src/ui/utils/commandUtils.test.ts" name="commandUtils &gt; isSlashCommand &gt; should return false when query does not start with /" time="0.000771206">
        </testcase>
        <testcase classname="src/ui/utils/commandUtils.test.ts" name="commandUtils &gt; isSlashCommand &gt; should return false for line comments starting with //" time="0.000262546">
        </testcase>
        <testcase classname="src/ui/utils/commandUtils.test.ts" name="commandUtils &gt; isSlashCommand &gt; should return false for block comments starting with /*" time="0.000210299">
        </testcase>
        <testcase classname="src/ui/utils/commandUtils.test.ts" name="commandUtils &gt; copyToClipboard &gt; on macOS (darwin) &gt; should successfully copy text to clipboard using pbcopy" time="0.003500902">
        </testcase>
        <testcase classname="src/ui/utils/commandUtils.test.ts" name="commandUtils &gt; copyToClipboard &gt; on macOS (darwin) &gt; should handle pbcopy command failure" time="0.001812861">
        </testcase>
        <testcase classname="src/ui/utils/commandUtils.test.ts" name="commandUtils &gt; copyToClipboard &gt; on macOS (darwin) &gt; should handle spawn error" time="0.001700333">
        </testcase>
        <testcase classname="src/ui/utils/commandUtils.test.ts" name="commandUtils &gt; copyToClipboard &gt; on macOS (darwin) &gt; should handle stdin write error" time="0.006321255">
        </testcase>
        <testcase classname="src/ui/utils/commandUtils.test.ts" name="commandUtils &gt; copyToClipboard &gt; on Windows (win32) &gt; should successfully copy text to clipboard using clip" time="0.002003133">
        </testcase>
        <testcase classname="src/ui/utils/commandUtils.test.ts" name="commandUtils &gt; copyToClipboard &gt; on Linux &gt; should successfully copy text to clipboard using xclip" time="0.002242756">
        </testcase>
        <testcase classname="src/ui/utils/commandUtils.test.ts" name="commandUtils &gt; copyToClipboard &gt; on Linux &gt; should fall back to xsel when xclip fails" time="0.003716991">
        </testcase>
        <testcase classname="src/ui/utils/commandUtils.test.ts" name="commandUtils &gt; copyToClipboard &gt; on Linux &gt; should throw error when both xclip and xsel are not found" time="0.002679222">
        </testcase>
        <testcase classname="src/ui/utils/commandUtils.test.ts" name="commandUtils &gt; copyToClipboard &gt; on Linux &gt; should emit error when xclip or xsel fail with stderr output (command installed)" time="0.00420299">
        </testcase>
        <testcase classname="src/ui/utils/commandUtils.test.ts" name="commandUtils &gt; copyToClipboard &gt; on unsupported platform &gt; should throw error for unsupported platform" time="0.00068732">
        </testcase>
        <testcase classname="src/ui/utils/commandUtils.test.ts" name="commandUtils &gt; copyToClipboard &gt; error handling &gt; should handle command exit without stderr" time="0.003233858">
        </testcase>
        <testcase classname="src/ui/utils/commandUtils.test.ts" name="commandUtils &gt; copyToClipboard &gt; error handling &gt; should handle empty text" time="0.0039817">
        </testcase>
        <testcase classname="src/ui/utils/commandUtils.test.ts" name="commandUtils &gt; copyToClipboard &gt; error handling &gt; should handle multiline text" time="0.001999676">
        </testcase>
        <testcase classname="src/ui/utils/commandUtils.test.ts" name="commandUtils &gt; copyToClipboard &gt; error handling &gt; should handle special characters" time="0.002278441">
        </testcase>
        <testcase classname="src/ui/utils/commandUtils.test.ts" name="commandUtils &gt; getUrlOpenCommand &gt; on macOS (darwin) &gt; should return open" time="0.000561288">
        </testcase>
        <testcase classname="src/ui/utils/commandUtils.test.ts" name="commandUtils &gt; getUrlOpenCommand &gt; on Windows (win32) &gt; should return start" time="0.000386885">
        </testcase>
        <testcase classname="src/ui/utils/commandUtils.test.ts" name="commandUtils &gt; getUrlOpenCommand &gt; on Linux (linux) &gt; should return xdg-open" time="0.000595541">
        </testcase>
        <testcase classname="src/ui/utils/commandUtils.test.ts" name="commandUtils &gt; getUrlOpenCommand &gt; on unmatched OS &gt; should return xdg-open" time="0.00162288">
            <system-err>
Unknown platform: unmatched. Attempting to open URLs with: xdg-open.

            </system-err>
        </testcase>
    </testsuite>
    <testsuite name="src/ui/utils/computeStats.test.ts" timestamp="2025-10-09T16:01:25.849Z" hostname="uby" tests="12" failures="0" errors="0" skipped="0" time="0.003663682">
        <testcase classname="src/ui/utils/computeStats.test.ts" name="calculateErrorRate &gt; should return 0 if totalRequests is 0" time="0.000932253">
        </testcase>
        <testcase classname="src/ui/utils/computeStats.test.ts" name="calculateErrorRate &gt; should calculate the error rate correctly" time="0.000125132">
        </testcase>
        <testcase classname="src/ui/utils/computeStats.test.ts" name="calculateAverageLatency &gt; should return 0 if totalRequests is 0" time="0.000096248">
        </testcase>
        <testcase classname="src/ui/utils/computeStats.test.ts" name="calculateAverageLatency &gt; should calculate the average latency correctly" time="0.000054551">
        </testcase>
        <testcase classname="src/ui/utils/computeStats.test.ts" name="calculateCacheHitRate &gt; should return 0 if prompt tokens is 0" time="0.000094605">
        </testcase>
        <testcase classname="src/ui/utils/computeStats.test.ts" name="calculateCacheHitRate &gt; should calculate the cache hit rate correctly" time="0.000046836">
        </testcase>
        <testcase classname="src/ui/utils/computeStats.test.ts" name="computeSessionStats &gt; should return all zeros for initial empty metrics" time="0.000693362">
        </testcase>
        <testcase classname="src/ui/utils/computeStats.test.ts" name="computeSessionStats &gt; should correctly calculate API and tool time percentages" time="0.000203215">
        </testcase>
        <testcase classname="src/ui/utils/computeStats.test.ts" name="computeSessionStats &gt; should correctly calculate cache efficiency" time="0.00012946">
        </testcase>
        <testcase classname="src/ui/utils/computeStats.test.ts" name="computeSessionStats &gt; should correctly calculate success and agreement rates" time="0.000074818">
        </testcase>
        <testcase classname="src/ui/utils/computeStats.test.ts" name="computeSessionStats &gt; should handle division by zero gracefully" time="0.000094064">
        </testcase>
        <testcase classname="src/ui/utils/computeStats.test.ts" name="computeSessionStats &gt; should correctly include line counts" time="0.000061664">
        </testcase>
    </testsuite>
    <testsuite name="src/ui/utils/displayUtils.test.ts" timestamp="2025-10-09T16:01:25.849Z" hostname="uby" tests="5" failures="0" errors="0" skipped="0" time="0.002800146">
        <testcase classname="src/ui/utils/displayUtils.test.ts" name="displayUtils &gt; getStatusColor &gt; should return green for values &gt;= green threshold" time="0.001221728">
        </testcase>
        <testcase classname="src/ui/utils/displayUtils.test.ts" name="displayUtils &gt; getStatusColor &gt; should return yellow for values &lt; green and &gt;= yellow threshold" time="0.000161609">
        </testcase>
        <testcase classname="src/ui/utils/displayUtils.test.ts" name="displayUtils &gt; getStatusColor &gt; should return red for values &lt; yellow threshold" time="0.000094224">
        </testcase>
        <testcase classname="src/ui/utils/displayUtils.test.ts" name="displayUtils &gt; getStatusColor &gt; should return defaultColor for values &lt; yellow threshold when provided" time="0.000076451">
        </testcase>
        <testcase classname="src/ui/utils/displayUtils.test.ts" name="displayUtils &gt; Threshold Constants &gt; should have the correct values" time="0.000191625">
        </testcase>
    </testsuite>
    <testsuite name="src/ui/utils/formatters.test.ts" timestamp="2025-10-09T16:01:25.849Z" hostname="uby" tests="14" failures="0" errors="0" skipped="0" time="0.003438085">
        <testcase classname="src/ui/utils/formatters.test.ts" name="formatters &gt; formatMemoryUsage &gt; should format bytes into KB" time="0.001254168">
        </testcase>
        <testcase classname="src/ui/utils/formatters.test.ts" name="formatters &gt; formatMemoryUsage &gt; should format bytes into MB" time="0.000165085">
        </testcase>
        <testcase classname="src/ui/utils/formatters.test.ts" name="formatters &gt; formatMemoryUsage &gt; should format bytes into GB" time="0.000088333">
        </testcase>
        <testcase classname="src/ui/utils/formatters.test.ts" name="formatters &gt; formatDuration &gt; should format milliseconds less than a second" time="0.000131002">
        </testcase>
        <testcase classname="src/ui/utils/formatters.test.ts" name="formatters &gt; formatDuration &gt; should format a duration of 0" time="0.000063508">
        </testcase>
        <testcase classname="src/ui/utils/formatters.test.ts" name="formatters &gt; formatDuration &gt; should format an exact number of seconds" time="0.000046516">
        </testcase>
        <testcase classname="src/ui/utils/formatters.test.ts" name="formatters &gt; formatDuration &gt; should format a duration in seconds with one decimal place" time="0.000039523">
        </testcase>
        <testcase classname="src/ui/utils/formatters.test.ts" name="formatters &gt; formatDuration &gt; should format an exact number of minutes" time="0.000045985">
        </testcase>
        <testcase classname="src/ui/utils/formatters.test.ts" name="formatters &gt; formatDuration &gt; should format a duration in minutes and seconds" time="0.000047227">
        </testcase>
        <testcase classname="src/ui/utils/formatters.test.ts" name="formatters &gt; formatDuration &gt; should format an exact number of hours" time="0.000051024">
        </testcase>
        <testcase classname="src/ui/utils/formatters.test.ts" name="formatters &gt; formatDuration &gt; should format a duration in hours and seconds" time="0.000060071">
        </testcase>
        <testcase classname="src/ui/utils/formatters.test.ts" name="formatters &gt; formatDuration &gt; should format a duration in hours, minutes, and seconds" time="0.000071271">
        </testcase>
        <testcase classname="src/ui/utils/formatters.test.ts" name="formatters &gt; formatDuration &gt; should handle large durations" time="0.000074228">
        </testcase>
        <testcase classname="src/ui/utils/formatters.test.ts" name="formatters &gt; formatDuration &gt; should handle negative durations" time="0.000073717">
        </testcase>
    </testsuite>
    <testsuite name="src/ui/utils/markdownUtilities.test.ts" timestamp="2025-10-09T16:01:25.850Z" hostname="uby" tests="7" failures="0" errors="0" skipped="0" time="0.00295433">
        <testcase classname="src/ui/utils/markdownUtilities.test.ts" name="markdownUtilities &gt; findLastSafeSplitPoint &gt; should split at the last double newline if not in a code block" time="0.001273675">
        </testcase>
        <testcase classname="src/ui/utils/markdownUtilities.test.ts" name="markdownUtilities &gt; findLastSafeSplitPoint &gt; should return content.length if no safe split point is found" time="0.000167098">
        </testcase>
        <testcase classname="src/ui/utils/markdownUtilities.test.ts" name="markdownUtilities &gt; findLastSafeSplitPoint &gt; should prioritize splitting at 

 over being at the very end of the string if the end is not in a code block" time="0.000085268">
        </testcase>
        <testcase classname="src/ui/utils/markdownUtilities.test.ts" name="markdownUtilities &gt; findLastSafeSplitPoint &gt; should return content.length if the only 

 is inside a code block and the end of content is not" time="0.000080809">
        </testcase>
        <testcase classname="src/ui/utils/markdownUtilities.test.ts" name="markdownUtilities &gt; findLastSafeSplitPoint &gt; should correctly identify the last 

 even if it is followed by text not in a code block" time="0.000155247">
        </testcase>
        <testcase classname="src/ui/utils/markdownUtilities.test.ts" name="markdownUtilities &gt; findLastSafeSplitPoint &gt; should return content.length if content is empty" time="0.000061043">
        </testcase>
        <testcase classname="src/ui/utils/markdownUtilities.test.ts" name="markdownUtilities &gt; findLastSafeSplitPoint &gt; should return content.length if content has no newlines and no code blocks" time="0.000047388">
        </testcase>
    </testsuite>
    <testsuite name="src/ui/utils/updateCheck.test.ts" timestamp="2025-10-09T16:01:25.850Z" hostname="uby" tests="9" failures="0" errors="0" skipped="0" time="0.017239386">
        <testcase classname="src/ui/utils/updateCheck.test.ts" name="checkForUpdates &gt; should return null when running from source (DEV=true)" time="0.007795199">
        </testcase>
        <testcase classname="src/ui/utils/updateCheck.test.ts" name="checkForUpdates &gt; should return null if package.json is missing" time="0.000683423">
        </testcase>
        <testcase classname="src/ui/utils/updateCheck.test.ts" name="checkForUpdates &gt; should return null if there is no update" time="0.000490656">
        </testcase>
        <testcase classname="src/ui/utils/updateCheck.test.ts" name="checkForUpdates &gt; should return a message if a newer version is available" time="0.001594247">
        </testcase>
        <testcase classname="src/ui/utils/updateCheck.test.ts" name="checkForUpdates &gt; should return null if the latest version is the same as the current version" time="0.000841275">
        </testcase>
        <testcase classname="src/ui/utils/updateCheck.test.ts" name="checkForUpdates &gt; should return null if the latest version is older than the current version" time="0.000410379">
        </testcase>
        <testcase classname="src/ui/utils/updateCheck.test.ts" name="checkForUpdates &gt; should return null if fetchInfo rejects" time="0.001475267">
            <system-err>
Failed to check for updates: Error: Timeout

            </system-err>
        </testcase>
        <testcase classname="src/ui/utils/updateCheck.test.ts" name="checkForUpdates &gt; should handle errors gracefully" time="0.000662955">
            <system-err>
Failed to check for updates: Error: test error

            </system-err>
        </testcase>
        <testcase classname="src/ui/utils/updateCheck.test.ts" name="checkForUpdates &gt; nightly updates &gt; should notify for a newer nightly version when current is nightly" time="0.001522805">
        </testcase>
    </testsuite>
    <testsuite name="src/ui/components/messages/DiffRenderer.test.tsx" timestamp="2025-10-09T16:01:25.850Z" hostname="uby" tests="13" failures="0" errors="0" skipped="0" time="0.282355511">
        <testcase classname="src/ui/components/messages/DiffRenderer.test.tsx" name="&lt;OverflowProvider&gt;&lt;DiffRenderer /&gt;&lt;/OverflowProvider&gt; &gt; should call colorizeCode with correct language for new file with known extension" time="0.036130886">
        </testcase>
        <testcase classname="src/ui/components/messages/DiffRenderer.test.tsx" name="&lt;OverflowProvider&gt;&lt;DiffRenderer /&gt;&lt;/OverflowProvider&gt; &gt; should call colorizeCode with null language for new file with unknown extension" time="0.108684288">
        </testcase>
        <testcase classname="src/ui/components/messages/DiffRenderer.test.tsx" name="&lt;OverflowProvider&gt;&lt;DiffRenderer /&gt;&lt;/OverflowProvider&gt; &gt; should call colorizeCode with null language for new file if no filename is provided" time="0.012088805">
        </testcase>
        <testcase classname="src/ui/components/messages/DiffRenderer.test.tsx" name="&lt;OverflowProvider&gt;&lt;DiffRenderer /&gt;&lt;/OverflowProvider&gt; &gt; should render diff content for existing file (not calling colorizeCode directly for the whole block)" time="0.006408746">
        </testcase>
        <testcase classname="src/ui/components/messages/DiffRenderer.test.tsx" name="&lt;OverflowProvider&gt;&lt;DiffRenderer /&gt;&lt;/OverflowProvider&gt; &gt; should handle diff with only header and no changes" time="0.005385505">
        </testcase>
        <testcase classname="src/ui/components/messages/DiffRenderer.test.tsx" name="&lt;OverflowProvider&gt;&lt;DiffRenderer /&gt;&lt;/OverflowProvider&gt; &gt; should handle empty diff content" time="0.001673203">
        </testcase>
        <testcase classname="src/ui/components/messages/DiffRenderer.test.tsx" name="&lt;OverflowProvider&gt;&lt;DiffRenderer /&gt;&lt;/OverflowProvider&gt; &gt; should render a gap indicator for skipped lines" time="0.008066932">
        </testcase>
        <testcase classname="src/ui/components/messages/DiffRenderer.test.tsx" name="&lt;OverflowProvider&gt;&lt;DiffRenderer /&gt;&lt;/OverflowProvider&gt; &gt; should not render a gap indicator for small gaps (&lt;= MAX_CONTEXT_LINES_WITHOUT_GAP)" time="0.015643927">
        </testcase>
        <testcase classname="src/ui/components/messages/DiffRenderer.test.tsx" name="&lt;OverflowProvider&gt;&lt;DiffRenderer /&gt;&lt;/OverflowProvider&gt; &gt; should correctly render a diff with multiple hunks and a gap indicator &gt; with terminalWidth 80 and height undefined" time="0.018639775">
        </testcase>
        <testcase classname="src/ui/components/messages/DiffRenderer.test.tsx" name="&lt;OverflowProvider&gt;&lt;DiffRenderer /&gt;&lt;/OverflowProvider&gt; &gt; should correctly render a diff with multiple hunks and a gap indicator &gt; with terminalWidth 80 and height 6" time="0.013420397">
        </testcase>
        <testcase classname="src/ui/components/messages/DiffRenderer.test.tsx" name="&lt;OverflowProvider&gt;&lt;DiffRenderer /&gt;&lt;/OverflowProvider&gt; &gt; should correctly render a diff with multiple hunks and a gap indicator &gt; with terminalWidth 30 and height 6" time="0.019744948">
        </testcase>
        <testcase classname="src/ui/components/messages/DiffRenderer.test.tsx" name="&lt;OverflowProvider&gt;&lt;DiffRenderer /&gt;&lt;/OverflowProvider&gt; &gt; should correctly render a diff with a SVN diff format" time="0.023376661">
        </testcase>
        <testcase classname="src/ui/components/messages/DiffRenderer.test.tsx" name="&lt;OverflowProvider&gt;&lt;DiffRenderer /&gt;&lt;/OverflowProvider&gt; &gt; should correctly render a new file with no file extension correctly" time="0.0110199">
        </testcase>
    </testsuite>
    <testsuite name="src/ui/components/messages/ToolConfirmationMessage.test.tsx" timestamp="2025-10-09T16:01:25.851Z" hostname="uby" tests="1" failures="1" errors="0" skipped="0" time="0">
        <testcase classname="src/ui/components/messages/ToolConfirmationMessage.test.tsx" name="src/ui/components/messages/ToolConfirmationMessage.test.tsx" time="0">
            <failure message="Failed to resolve entry for package &quot;@qwen-code/qwen-code-core&quot;. The package may have incorrect main/module/exports specified in its package.json." type="Error">
Error: Failed to resolve entry for package &quot;@qwen-code/qwen-code-core&quot;. The package may have incorrect main/module/exports specified in its package.json.
  Plugin: vite:import-analysis
  File: /home/atmandk/LowCal-dev/packages/cli/src/ui/components/messages/ToolConfirmationMessage.tsx:19:40
  10 |  import { RenderInline } from &quot;../../utils/InlineMarkdownRenderer.js&quot;;
  11 |  import { MarkdownDisplay } from &quot;../../utils/MarkdownDisplay.js&quot;;
  12 |  import { ToolConfirmationOutcome } from &quot;@qwen-code/qwen-code-core&quot;;
     |                                           ^
  13 |  import { RadioButtonSelect } from &quot;../shared/RadioButtonSelect.js&quot;;
  14 |  import { MaxSizedBox } from &quot;../shared/MaxSizedBox.js&quot;;
 ❯ packageEntryFailure ../../node_modules/vite/dist/node/chunks/dep-Bsx9IwL8.js:12218:32
 ❯ resolvePackageEntry ../../node_modules/vite/dist/node/chunks/dep-Bsx9IwL8.js:12215:2
 ❯ tryNodeResolve ../../node_modules/vite/dist/node/chunks/dep-Bsx9IwL8.js:12116:17
 ❯ ResolveIdContext.resolveId ../../node_modules/vite/dist/node/chunks/dep-Bsx9IwL8.js:11955:15
 ❯ EnvironmentPluginContainer.resolveId ../../node_modules/vite/dist/node/chunks/dep-Bsx9IwL8.js:31194:56
 ❯ TransformPluginContext.resolve ../../node_modules/vite/dist/node/chunks/dep-Bsx9IwL8.js:31376:13
 ❯ normalizeUrl ../../node_modules/vite/dist/node/chunks/dep-Bsx9IwL8.js:29984:22
 ❯ ../../node_modules/vite/dist/node/chunks/dep-Bsx9IwL8.js:30050:32
            </failure>
        </testcase>
    </testsuite>
    <testsuite name="src/ui/components/messages/ToolGroupMessage.test.tsx" timestamp="2025-10-09T16:01:25.851Z" hostname="uby" tests="14" failures="0" errors="0" skipped="0" time="0.102211564">
        <testcase classname="src/ui/components/messages/ToolGroupMessage.test.tsx" name="&lt;ToolGroupMessage /&gt; &gt; Golden Snapshots &gt; renders single successful tool call" time="0.026460952">
        </testcase>
        <testcase classname="src/ui/components/messages/ToolGroupMessage.test.tsx" name="&lt;ToolGroupMessage /&gt; &gt; Golden Snapshots &gt; renders multiple tool calls with different statuses" time="0.010807688">
        </testcase>
        <testcase classname="src/ui/components/messages/ToolGroupMessage.test.tsx" name="&lt;ToolGroupMessage /&gt; &gt; Golden Snapshots &gt; renders tool call awaiting confirmation" time="0.006696087">
        </testcase>
        <testcase classname="src/ui/components/messages/ToolGroupMessage.test.tsx" name="&lt;ToolGroupMessage /&gt; &gt; Golden Snapshots &gt; renders shell command with yellow border" time="0.004677126">
        </testcase>
        <testcase classname="src/ui/components/messages/ToolGroupMessage.test.tsx" name="&lt;ToolGroupMessage /&gt; &gt; Golden Snapshots &gt; renders mixed tool calls including shell command" time="0.005337116">
        </testcase>
        <testcase classname="src/ui/components/messages/ToolGroupMessage.test.tsx" name="&lt;ToolGroupMessage /&gt; &gt; Golden Snapshots &gt; renders with limited terminal height" time="0.005294516">
        </testcase>
        <testcase classname="src/ui/components/messages/ToolGroupMessage.test.tsx" name="&lt;ToolGroupMessage /&gt; &gt; Golden Snapshots &gt; renders when not focused" time="0.003759219">
        </testcase>
        <testcase classname="src/ui/components/messages/ToolGroupMessage.test.tsx" name="&lt;ToolGroupMessage /&gt; &gt; Golden Snapshots &gt; renders with narrow terminal width" time="0.009348751">
        </testcase>
        <testcase classname="src/ui/components/messages/ToolGroupMessage.test.tsx" name="&lt;ToolGroupMessage /&gt; &gt; Golden Snapshots &gt; renders empty tool calls array" time="0.003450498">
        </testcase>
        <testcase classname="src/ui/components/messages/ToolGroupMessage.test.tsx" name="&lt;ToolGroupMessage /&gt; &gt; Border Color Logic &gt; uses yellow border when tools are pending" time="0.004464803">
        </testcase>
        <testcase classname="src/ui/components/messages/ToolGroupMessage.test.tsx" name="&lt;ToolGroupMessage /&gt; &gt; Border Color Logic &gt; uses yellow border for shell commands even when successful" time="0.004204903">
        </testcase>
        <testcase classname="src/ui/components/messages/ToolGroupMessage.test.tsx" name="&lt;ToolGroupMessage /&gt; &gt; Border Color Logic &gt; uses gray border when all tools are successful and no shell commands" time="0.005389262">
        </testcase>
        <testcase classname="src/ui/components/messages/ToolGroupMessage.test.tsx" name="&lt;ToolGroupMessage /&gt; &gt; Height Calculation &gt; calculates available height correctly with multiple tools with results" time="0.005914653">
        </testcase>
        <testcase classname="src/ui/components/messages/ToolGroupMessage.test.tsx" name="&lt;ToolGroupMessage /&gt; &gt; Confirmation Handling &gt; shows confirmation dialog for first confirming tool only" time="0.004207107">
        </testcase>
    </testsuite>
    <testsuite name="src/ui/components/messages/ToolMessage.test.tsx" timestamp="2025-10-09T16:01:25.851Z" hostname="uby" tests="12" failures="0" errors="0" skipped="0" time="0.098156358">
        <testcase classname="src/ui/components/messages/ToolMessage.test.tsx" name="&lt;ToolMessage /&gt; &gt; renders basic tool information" time="0.023598611">
        </testcase>
        <testcase classname="src/ui/components/messages/ToolMessage.test.tsx" name="&lt;ToolMessage /&gt; &gt; ToolStatusIndicator rendering &gt; shows ✓ for Success status" time="0.004334262">
        </testcase>
        <testcase classname="src/ui/components/messages/ToolMessage.test.tsx" name="&lt;ToolMessage /&gt; &gt; ToolStatusIndicator rendering &gt; shows o for Pending status" time="0.003785657">
        </testcase>
        <testcase classname="src/ui/components/messages/ToolMessage.test.tsx" name="&lt;ToolMessage /&gt; &gt; ToolStatusIndicator rendering &gt; shows ? for Confirming status" time="0.007779921">
        </testcase>
        <testcase classname="src/ui/components/messages/ToolMessage.test.tsx" name="&lt;ToolMessage /&gt; &gt; ToolStatusIndicator rendering &gt; shows - for Canceled status" time="0.002941197">
        </testcase>
        <testcase classname="src/ui/components/messages/ToolMessage.test.tsx" name="&lt;ToolMessage /&gt; &gt; ToolStatusIndicator rendering &gt; shows x for Error status" time="0.002553611">
        </testcase>
        <testcase classname="src/ui/components/messages/ToolMessage.test.tsx" name="&lt;ToolMessage /&gt; &gt; ToolStatusIndicator rendering &gt; shows paused spinner for Executing status when streamingState is Idle" time="0.003864363">
        </testcase>
        <testcase classname="src/ui/components/messages/ToolMessage.test.tsx" name="&lt;ToolMessage /&gt; &gt; ToolStatusIndicator rendering &gt; shows paused spinner for Executing status when streamingState is WaitingForConfirmation" time="0.003632194">
        </testcase>
        <testcase classname="src/ui/components/messages/ToolMessage.test.tsx" name="&lt;ToolMessage /&gt; &gt; ToolStatusIndicator rendering &gt; shows MockRespondingSpinner for Executing status when streamingState is Responding" time="0.006288715">
        </testcase>
        <testcase classname="src/ui/components/messages/ToolMessage.test.tsx" name="&lt;ToolMessage /&gt; &gt; renders DiffRenderer for diff results" time="0.00559393">
        </testcase>
        <testcase classname="src/ui/components/messages/ToolMessage.test.tsx" name="&lt;ToolMessage /&gt; &gt; renders emphasis correctly" time="0.028213702">
        </testcase>
        <testcase classname="src/ui/components/messages/ToolMessage.test.tsx" name="&lt;ToolMessage /&gt; &gt; shows subagent execution display for task tool with proper result display" time="0.003842954">
        </testcase>
    </testsuite>
    <testsuite name="src/ui/components/shared/MaxSizedBox.test.tsx" timestamp="2025-10-09T16:01:25.852Z" hostname="uby" tests="21" failures="0" errors="0" skipped="0" time="0.093534955">
        <testcase classname="src/ui/components/shared/MaxSizedBox.test.tsx" name="&lt;MaxSizedBox /&gt; &gt; renders children without truncation when they fit" time="0.020845131">
        </testcase>
        <testcase classname="src/ui/components/shared/MaxSizedBox.test.tsx" name="&lt;MaxSizedBox /&gt; &gt; hides lines when content exceeds maxHeight" time="0.004527529">
        </testcase>
        <testcase classname="src/ui/components/shared/MaxSizedBox.test.tsx" name="&lt;MaxSizedBox /&gt; &gt; hides lines at the end when content exceeds maxHeight and overflowDirection is bottom" time="0.003164259">
        </testcase>
        <testcase classname="src/ui/components/shared/MaxSizedBox.test.tsx" name="&lt;MaxSizedBox /&gt; &gt; wraps text that exceeds maxWidth" time="0.003220273">
        </testcase>
        <testcase classname="src/ui/components/shared/MaxSizedBox.test.tsx" name="&lt;MaxSizedBox /&gt; &gt; handles mixed wrapping and non-wrapping segments" time="0.008336249">
        </testcase>
        <testcase classname="src/ui/components/shared/MaxSizedBox.test.tsx" name="&lt;MaxSizedBox /&gt; &gt; handles words longer than maxWidth by splitting them" time="0.005965267">
        </testcase>
        <testcase classname="src/ui/components/shared/MaxSizedBox.test.tsx" name="&lt;MaxSizedBox /&gt; &gt; does not truncate when maxHeight is undefined" time="0.001937642">
        </testcase>
        <testcase classname="src/ui/components/shared/MaxSizedBox.test.tsx" name="&lt;MaxSizedBox /&gt; &gt; shows plural &quot;lines&quot; when more than one line is hidden" time="0.002176023">
        </testcase>
        <testcase classname="src/ui/components/shared/MaxSizedBox.test.tsx" name="&lt;MaxSizedBox /&gt; &gt; shows plural &quot;lines&quot; when more than one line is hidden and overflowDirection is bottom" time="0.003872138">
        </testcase>
        <testcase classname="src/ui/components/shared/MaxSizedBox.test.tsx" name="&lt;MaxSizedBox /&gt; &gt; renders an empty box for empty children" time="0.000871551">
        </testcase>
        <testcase classname="src/ui/components/shared/MaxSizedBox.test.tsx" name="&lt;MaxSizedBox /&gt; &gt; wraps text with multi-byte unicode characters correctly" time="0.001966225">
        </testcase>
        <testcase classname="src/ui/components/shared/MaxSizedBox.test.tsx" name="&lt;MaxSizedBox /&gt; &gt; wraps text with multi-byte emoji characters correctly" time="0.001517074">
        </testcase>
        <testcase classname="src/ui/components/shared/MaxSizedBox.test.tsx" name="&lt;MaxSizedBox /&gt; &gt; falls back to an ellipsis when width is extremely small" time="0.001223401">
        </testcase>
        <testcase classname="src/ui/components/shared/MaxSizedBox.test.tsx" name="&lt;MaxSizedBox /&gt; &gt; truncates long non-wrapping text with ellipsis" time="0.001261031">
        </testcase>
        <testcase classname="src/ui/components/shared/MaxSizedBox.test.tsx" name="&lt;MaxSizedBox /&gt; &gt; truncates non-wrapping text containing line breaks" time="0.002289071">
        </testcase>
        <testcase classname="src/ui/components/shared/MaxSizedBox.test.tsx" name="&lt;MaxSizedBox /&gt; &gt; truncates emoji characters correctly with ellipsis" time="0.00265085">
        </testcase>
        <testcase classname="src/ui/components/shared/MaxSizedBox.test.tsx" name="&lt;MaxSizedBox /&gt; &gt; shows ellipsis for multiple rows with long non-wrapping text" time="0.00642143">
        </testcase>
        <testcase classname="src/ui/components/shared/MaxSizedBox.test.tsx" name="&lt;MaxSizedBox /&gt; &gt; accounts for additionalHiddenLinesCount" time="0.002703628">
        </testcase>
        <testcase classname="src/ui/components/shared/MaxSizedBox.test.tsx" name="&lt;MaxSizedBox /&gt; &gt; handles React.Fragment as a child" time="0.003236973">
        </testcase>
        <testcase classname="src/ui/components/shared/MaxSizedBox.test.tsx" name="&lt;MaxSizedBox /&gt; &gt; clips a long single text child from the top" time="0.007888993">
        </testcase>
        <testcase classname="src/ui/components/shared/MaxSizedBox.test.tsx" name="&lt;MaxSizedBox /&gt; &gt; clips a long single text child from the bottom" time="0.005521306">
        </testcase>
    </testsuite>
    <testsuite name="src/ui/components/shared/RadioButtonSelect.test.tsx" timestamp="2025-10-09T16:01:25.853Z" hostname="uby" tests="1" failures="1" errors="0" skipped="0" time="0">
        <testcase classname="src/ui/components/shared/RadioButtonSelect.test.tsx" name="src/ui/components/shared/RadioButtonSelect.test.tsx" time="0">
            <failure message="Failed to resolve entry for package &quot;@qwen-code/qwen-code-core&quot;. The package may have incorrect main/module/exports specified in its package.json." type="Error">
Error: Failed to resolve entry for package &quot;@qwen-code/qwen-code-core&quot;. The package may have incorrect main/module/exports specified in its package.json.
  Plugin: vite:import-analysis
  File: /home/atmandk/LowCal-dev/packages/cli/src/ui/contexts/KeypressContext.tsx:11:7
  8  |    KittySequenceOverflowEvent,
  9  |    logKittySequenceOverflow
  10 |  } from &quot;@qwen-code/qwen-code-core&quot;;
     |          ^
  11 |  import { useStdin } from &quot;ink&quot;;
  12 |  import {
 ❯ packageEntryFailure ../../node_modules/vite/dist/node/chunks/dep-Bsx9IwL8.js:12218:32
 ❯ resolvePackageEntry ../../node_modules/vite/dist/node/chunks/dep-Bsx9IwL8.js:12215:2
 ❯ tryNodeResolve ../../node_modules/vite/dist/node/chunks/dep-Bsx9IwL8.js:12116:17
 ❯ ResolveIdContext.resolveId ../../node_modules/vite/dist/node/chunks/dep-Bsx9IwL8.js:11955:15
 ❯ EnvironmentPluginContainer.resolveId ../../node_modules/vite/dist/node/chunks/dep-Bsx9IwL8.js:31194:56
 ❯ TransformPluginContext.resolve ../../node_modules/vite/dist/node/chunks/dep-Bsx9IwL8.js:31376:13
 ❯ normalizeUrl ../../node_modules/vite/dist/node/chunks/dep-Bsx9IwL8.js:29984:22
 ❯ ../../node_modules/vite/dist/node/chunks/dep-Bsx9IwL8.js:30050:32
            </failure>
        </testcase>
    </testsuite>
    <testsuite name="src/ui/components/shared/text-buffer.test.ts" timestamp="2025-10-09T16:01:25.853Z" hostname="uby" tests="1" failures="1" errors="0" skipped="0" time="0">
        <testcase classname="src/ui/components/shared/text-buffer.test.ts" name="src/ui/components/shared/text-buffer.test.ts" time="0">
            <failure message="Failed to resolve entry for package &quot;@qwen-code/qwen-code-core&quot;. The package may have incorrect main/module/exports specified in its package.json." type="Error">
Error: Failed to resolve entry for package &quot;@qwen-code/qwen-code-core&quot;. The package may have incorrect main/module/exports specified in its package.json.
  Plugin: vite:import-analysis
  File: /home/atmandk/LowCal-dev/packages/cli/src/ui/components/shared/text-buffer.ts:13:29
  10 |  import { useState, useCallback, useEffect, useMemo, useReducer } from &quot;react&quot;;
  11 |  import stringWidth from &quot;string-width&quot;;
  12 |  import { unescapePath } from &quot;@qwen-code/qwen-code-core&quot;;
     |                                ^
  13 |  import {
  14 |    toCodePoints,
 ❯ packageEntryFailure ../../node_modules/vite/dist/node/chunks/dep-Bsx9IwL8.js:12218:32
 ❯ resolvePackageEntry ../../node_modules/vite/dist/node/chunks/dep-Bsx9IwL8.js:12215:2
 ❯ tryNodeResolve ../../node_modules/vite/dist/node/chunks/dep-Bsx9IwL8.js:12116:17
 ❯ ResolveIdContext.resolveId ../../node_modules/vite/dist/node/chunks/dep-Bsx9IwL8.js:11955:15
 ❯ EnvironmentPluginContainer.resolveId ../../node_modules/vite/dist/node/chunks/dep-Bsx9IwL8.js:31194:56
 ❯ TransformPluginContext.resolve ../../node_modules/vite/dist/node/chunks/dep-Bsx9IwL8.js:31376:13
 ❯ normalizeUrl ../../node_modules/vite/dist/node/chunks/dep-Bsx9IwL8.js:29984:22
 ❯ ../../node_modules/vite/dist/node/chunks/dep-Bsx9IwL8.js:30050:32
            </failure>
        </testcase>
    </testsuite>
    <testsuite name="src/ui/components/shared/vim-buffer-actions.test.ts" timestamp="2025-10-09T16:01:25.853Z" hostname="uby" tests="1" failures="1" errors="0" skipped="0" time="0">
        <testcase classname="src/ui/components/shared/vim-buffer-actions.test.ts" name="src/ui/components/shared/vim-buffer-actions.test.ts" time="0">
            <failure message="Failed to resolve entry for package &quot;@qwen-code/qwen-code-core&quot;. The package may have incorrect main/module/exports specified in its package.json." type="Error">
Error: Failed to resolve entry for package &quot;@qwen-code/qwen-code-core&quot;. The package may have incorrect main/module/exports specified in its package.json.
  Plugin: vite:import-analysis
  File: /home/atmandk/LowCal-dev/packages/cli/src/ui/components/shared/text-buffer.ts:13:29
  10 |  import { useState, useCallback, useEffect, useMemo, useReducer } from &quot;react&quot;;
  11 |  import stringWidth from &quot;string-width&quot;;
  12 |  import { unescapePath } from &quot;@qwen-code/qwen-code-core&quot;;
     |                                ^
  13 |  import {
  14 |    toCodePoints,
 ❯ packageEntryFailure ../../node_modules/vite/dist/node/chunks/dep-Bsx9IwL8.js:12218:32
 ❯ resolvePackageEntry ../../node_modules/vite/dist/node/chunks/dep-Bsx9IwL8.js:12215:2
 ❯ tryNodeResolve ../../node_modules/vite/dist/node/chunks/dep-Bsx9IwL8.js:12116:17
 ❯ ResolveIdContext.resolveId ../../node_modules/vite/dist/node/chunks/dep-Bsx9IwL8.js:11955:15
 ❯ EnvironmentPluginContainer.resolveId ../../node_modules/vite/dist/node/chunks/dep-Bsx9IwL8.js:31194:56
 ❯ TransformPluginContext.resolve ../../node_modules/vite/dist/node/chunks/dep-Bsx9IwL8.js:31376:13
 ❯ normalizeUrl ../../node_modules/vite/dist/node/chunks/dep-Bsx9IwL8.js:29984:22
 ❯ ../../node_modules/vite/dist/node/chunks/dep-Bsx9IwL8.js:30050:32
            </failure>
        </testcase>
    </testsuite>
</testsuites>
