<?xml version="1.0" encoding="UTF-8" ?>
<testsuites name="vitest tests" tests="4" failures="0" errors="0" time="0.012950033">
    <testsuite name="src/ui/commands/exportCommand.test.ts" timestamp="2025-09-28T11:07:51.043Z" hostname="uby" tests="4" failures="0" errors="0" skipped="0" time="0.012950033">
        <testcase classname="src/ui/commands/exportCommand.test.ts" name="exportCommand &gt; should have correct name and description" time="0.001394055">
        </testcase>
        <testcase classname="src/ui/commands/exportCommand.test.ts" name="exportCommand &gt; should export conversation with default filename" time="0.01005798">
        </testcase>
        <testcase classname="src/ui/commands/exportCommand.test.ts" name="exportCommand &gt; should handle custom filename" time="0.000370564">
        </testcase>
        <testcase classname="src/ui/commands/exportCommand.test.ts" name="exportCommand &gt; should handle export error" time="0.000376876">
        </testcase>
    </testsuite>
</testsuites>
