<?xml version="1.0" encoding="UTF-8" ?>
<testsuites name="vitest tests" tests="9" failures="0" errors="0" time="0.004589886">
    <testsuite name="src/ui/commands/modelCommand.test.ts" timestamp="2025-10-02T20:40:04.497Z" hostname="uby" tests="9" failures="0" errors="0" skipped="0" time="0.004589886">
        <testcase classname="src/ui/commands/modelCommand.test.ts" name="modelCommand &gt; should have the correct name and description" time="0.001170113">
        </testcase>
        <testcase classname="src/ui/commands/modelCommand.test.ts" name="modelCommand &gt; should return error when config is not available" time="0.000614977">
        </testcase>
        <testcase classname="src/ui/commands/modelCommand.test.ts" name="modelCommand &gt; should return error when content generator config is not available" time="0.000414116">
        </testcase>
        <testcase classname="src/ui/commands/modelCommand.test.ts" name="modelCommand &gt; should return error when auth type is not available" time="0.000270039">
        </testcase>
        <testcase classname="src/ui/commands/modelCommand.test.ts" name="modelCommand &gt; should return dialog action for QWEN_OAUTH auth type" time="0.000294675">
        </testcase>
        <testcase classname="src/ui/commands/modelCommand.test.ts" name="modelCommand &gt; should return dialog action for USE_OPENAI auth type when model is available" time="0.00030816">
        </testcase>
        <testcase classname="src/ui/commands/modelCommand.test.ts" name="modelCommand &gt; should return error for USE_OPENAI auth type when no model is available" time="0.000262185">
        </testcase>
        <testcase classname="src/ui/commands/modelCommand.test.ts" name="modelCommand &gt; should return error for unsupported auth types" time="0.000222351">
        </testcase>
        <testcase classname="src/ui/commands/modelCommand.test.ts" name="modelCommand &gt; should handle undefined auth type" time="0.000246045">
        </testcase>
    </testsuite>
</testsuites>
