<?xml version="1.0" encoding="UTF-8" ?>
<testsuites name="vitest tests" tests="1989" failures="25" errors="0" time="29.823650261">
    <testsuite name="src/gemini.test.tsx" timestamp="2025-10-09T15:32:35.129Z" hostname="uby" tests="8" failures="0" errors="0" skipped="0" time="0.024232227">
        <testcase classname="src/gemini.test.tsx" name="gemini.tsx main function &gt; should throw InvalidConfigurationError if settings have errors" time="0.004170167">
        </testcase>
        <testcase classname="src/gemini.test.tsx" name="gemini.tsx main function &gt; should log unhandled promise rejections and open debug console on first error" time="0.009570065">
        </testcase>
        <testcase classname="src/gemini.test.tsx" name="validateDnsResolutionOrder &gt; should return &quot;ipv4first&quot; when the input is &quot;ipv4first&quot;" time="0.000625615">
        </testcase>
        <testcase classname="src/gemini.test.tsx" name="validateDnsResolutionOrder &gt; should return &quot;verbatim&quot; when the input is &quot;verbatim&quot;" time="0.00027644">
        </testcase>
        <testcase classname="src/gemini.test.tsx" name="validateDnsResolutionOrder &gt; should return the default &quot;ipv4first&quot; when the input is undefined" time="0.000311595">
        </testcase>
        <testcase classname="src/gemini.test.tsx" name="validateDnsResolutionOrder &gt; should return the default &quot;ipv4first&quot; and log a warning for an invalid string" time="0.00030366">
        </testcase>
        <testcase classname="src/gemini.test.tsx" name="startInteractiveUI &gt; should render the UI with proper React context and exitOnCtrlC disabled" time="0.002913698">
        </testcase>
        <testcase classname="src/gemini.test.tsx" name="startInteractiveUI &gt; should perform all startup tasks in correct order" time="0.004404099">
        </testcase>
    </testsuite>
    <testsuite name="src/nonInteractiveCli.test.ts" timestamp="2025-10-09T15:32:35.130Z" hostname="uby" tests="7" failures="0" errors="0" skipped="0" time="0.01836098">
        <testcase classname="src/nonInteractiveCli.test.ts" name="runNonInteractive &gt; should process input and write text output" time="0.008432104">
        </testcase>
        <testcase classname="src/nonInteractiveCli.test.ts" name="runNonInteractive &gt; should handle a single tool call and respond" time="0.002353444">
        </testcase>
        <testcase classname="src/nonInteractiveCli.test.ts" name="runNonInteractive &gt; should handle error during tool execution and should send error back to the model" time="0.001466167">
        </testcase>
        <testcase classname="src/nonInteractiveCli.test.ts" name="runNonInteractive &gt; should exit with error if sendMessageStream throws initially" time="0.001764477">
        </testcase>
        <testcase classname="src/nonInteractiveCli.test.ts" name="runNonInteractive &gt; should not exit if a tool is not found, and should send error back to model" time="0.001173066">
        </testcase>
        <testcase classname="src/nonInteractiveCli.test.ts" name="runNonInteractive &gt; should exit when max session turns are exceeded" time="0.001068663">
        </testcase>
        <testcase classname="src/nonInteractiveCli.test.ts" name="runNonInteractive &gt; should preprocess @include commands before sending to the model" time="0.000727313">
        </testcase>
    </testsuite>
    <testsuite name="src/validateNonInterActiveAuth.test.ts" timestamp="2025-10-09T15:32:35.130Z" hostname="uby" tests="14" failures="0" errors="0" skipped="0" time="0.013162696">
        <testcase classname="src/validateNonInterActiveAuth.test.ts" name="validateNonInterActiveAuth &gt; exits if no auth type is configured or env vars set" time="0.005120431">
        </testcase>
        <testcase classname="src/validateNonInterActiveAuth.test.ts" name="validateNonInterActiveAuth &gt; uses LOGIN_WITH_GOOGLE if GOOGLE_GENAI_USE_GCA is set" time="0.001422065">
        </testcase>
        <testcase classname="src/validateNonInterActiveAuth.test.ts" name="validateNonInterActiveAuth &gt; uses USE_GEMINI if GEMINI_API_KEY is set" time="0.000560515">
        </testcase>
        <testcase classname="src/validateNonInterActiveAuth.test.ts" name="validateNonInterActiveAuth &gt; uses USE_OPENAI if OPENAI_API_KEY is set" time="0.000345949">
        </testcase>
        <testcase classname="src/validateNonInterActiveAuth.test.ts" name="validateNonInterActiveAuth &gt; uses configured QWEN_OAUTH if provided" time="0.000289204">
        </testcase>
        <testcase classname="src/validateNonInterActiveAuth.test.ts" name="validateNonInterActiveAuth &gt; normalizes openrouter string auth type to USE_OPENAI" time="0.000335329">
        </testcase>
        <testcase classname="src/validateNonInterActiveAuth.test.ts" name="validateNonInterActiveAuth &gt; uses USE_VERTEX_AI if GOOGLE_GENAI_USE_VERTEXAI is true (with GOOGLE_CLOUD_PROJECT and GOOGLE_CLOUD_LOCATION)" time="0.00024936">
        </testcase>
        <testcase classname="src/validateNonInterActiveAuth.test.ts" name="validateNonInterActiveAuth &gt; uses USE_VERTEX_AI if GOOGLE_GENAI_USE_VERTEXAI is true and GOOGLE_API_KEY is set" time="0.000284034">
        </testcase>
        <testcase classname="src/validateNonInterActiveAuth.test.ts" name="validateNonInterActiveAuth &gt; uses LOGIN_WITH_GOOGLE if GOOGLE_GENAI_USE_GCA is set, even with other env vars" time="0.000426518">
        </testcase>
        <testcase classname="src/validateNonInterActiveAuth.test.ts" name="validateNonInterActiveAuth &gt; uses USE_VERTEX_AI if both GEMINI_API_KEY and GOOGLE_GENAI_USE_VERTEXAI are set" time="0.00037363">
        </testcase>
        <testcase classname="src/validateNonInterActiveAuth.test.ts" name="validateNonInterActiveAuth &gt; uses USE_GEMINI if GOOGLE_GENAI_USE_VERTEXAI is false, GEMINI_API_KEY is set, and project/location are available" time="0.000779208">
        </testcase>
        <testcase classname="src/validateNonInterActiveAuth.test.ts" name="validateNonInterActiveAuth &gt; uses configuredAuthType if provided" time="0.000382907">
        </testcase>
        <testcase classname="src/validateNonInterActiveAuth.test.ts" name="validateNonInterActiveAuth &gt; exits if validateAuthMethod returns error" time="0.000625434">
        </testcase>
        <testcase classname="src/validateNonInterActiveAuth.test.ts" name="validateNonInterActiveAuth &gt; skips validation if useExternalAuth is true" time="0.000569261">
        </testcase>
    </testsuite>
    <testsuite name="src/commands/mcp.test.ts" timestamp="2025-10-09T15:32:35.131Z" hostname="uby" tests="3" failures="0" errors="0" skipped="0" time="0.00790993">
        <testcase classname="src/commands/mcp.test.ts" name="mcp command &gt; should have correct command definition" time="0.001151024">
        </testcase>
        <testcase classname="src/commands/mcp.test.ts" name="mcp command &gt; should have exactly one option (help flag)" time="0.00335369">
        </testcase>
        <testcase classname="src/commands/mcp.test.ts" name="mcp command &gt; should register add, remove, and list subcommands" time="0.002517276">
        </testcase>
    </testsuite>
    <testsuite name="src/config/auth.test.ts" timestamp="2025-10-09T15:32:35.131Z" hostname="uby" tests="11" failures="0" errors="0" skipped="0" time="0.016438392">
        <testcase classname="src/config/auth.test.ts" name="validateAuthMethod &gt; should return null for LOGIN_WITH_GOOGLE" time="0.003492637">
        </testcase>
        <testcase classname="src/config/auth.test.ts" name="validateAuthMethod &gt; should return null for CLOUD_SHELL" time="0.000903788">
        </testcase>
        <testcase classname="src/config/auth.test.ts" name="validateAuthMethod &gt; USE_GEMINI &gt; should return null if GEMINI_API_KEY is set" time="0.000603964">
        </testcase>
        <testcase classname="src/config/auth.test.ts" name="validateAuthMethod &gt; USE_GEMINI &gt; should return an error message if GEMINI_API_KEY is not set" time="0.000723675">
        </testcase>
        <testcase classname="src/config/auth.test.ts" name="validateAuthMethod &gt; USE_VERTEX_AI &gt; should return null if GOOGLE_CLOUD_PROJECT and GOOGLE_CLOUD_LOCATION are set" time="0.000548011">
        </testcase>
        <testcase classname="src/config/auth.test.ts" name="validateAuthMethod &gt; USE_VERTEX_AI &gt; should return null if GOOGLE_API_KEY is set" time="0.003853172">
        </testcase>
        <testcase classname="src/config/auth.test.ts" name="validateAuthMethod &gt; USE_VERTEX_AI &gt; should return an error message if no required environment variables are set" time="0.000757258">
        </testcase>
        <testcase classname="src/config/auth.test.ts" name="validateAuthMethod &gt; should return an error message for an invalid auth method" time="0.000573939">
        </testcase>
        <testcase classname="src/config/auth.test.ts" name="validateAuthMethod &gt; OpenAI-compatible providers &gt; normalizes openrouter to USE_OPENAI" time="0.001085754">
        </testcase>
        <testcase classname="src/config/auth.test.ts" name="validateAuthMethod &gt; OpenAI-compatible providers &gt; requires OPENAI_API_KEY for openrouter" time="0.000606108">
        </testcase>
        <testcase classname="src/config/auth.test.ts" name="validateAuthMethod &gt; OpenAI-compatible providers &gt; accepts lmstudio when OPENAI_API_KEY is set" time="0.000423512">
        </testcase>
    </testsuite>
    <testsuite name="src/config/config.integration.test.ts" timestamp="2025-10-09T15:32:35.131Z" hostname="uby" tests="19" failures="0" errors="0" skipped="0" time="0.798574879">
        <testcase classname="src/config/config.integration.test.ts" name="Configuration Integration Tests &gt; File Filtering Configuration &gt; should load default file filtering settings" time="0.026508037">
        </testcase>
        <testcase classname="src/config/config.integration.test.ts" name="Configuration Integration Tests &gt; File Filtering Configuration &gt; should load custom file filtering settings from configuration" time="0.001395325">
        </testcase>
        <testcase classname="src/config/config.integration.test.ts" name="Configuration Integration Tests &gt; File Filtering Configuration &gt; should merge user and workspace file filtering settings" time="0.000977925">
        </testcase>
        <testcase classname="src/config/config.integration.test.ts" name="Configuration Integration Tests &gt; Configuration Integration &gt; should handle partial configuration objects gracefully" time="0.000738373">
        </testcase>
        <testcase classname="src/config/config.integration.test.ts" name="Configuration Integration Tests &gt; Configuration Integration &gt; should handle empty configuration objects gracefully" time="0.000619243">
        </testcase>
        <testcase classname="src/config/config.integration.test.ts" name="Configuration Integration Tests &gt; Configuration Integration &gt; should handle missing configuration sections gracefully" time="0.000663074">
        </testcase>
        <testcase classname="src/config/config.integration.test.ts" name="Configuration Integration Tests &gt; Real-world Configuration Scenarios &gt; should handle a security-focused configuration" time="0.000632367">
        </testcase>
        <testcase classname="src/config/config.integration.test.ts" name="Configuration Integration Tests &gt; Real-world Configuration Scenarios &gt; should handle a CI/CD environment configuration" time="0.000504532">
        </testcase>
        <testcase classname="src/config/config.integration.test.ts" name="Configuration Integration Tests &gt; Checkpointing Configuration &gt; should enable checkpointing when the setting is true" time="0.000667161">
        </testcase>
        <testcase classname="src/config/config.integration.test.ts" name="Configuration Integration Tests &gt; Extension Context Files &gt; should have an empty array for extension context files by default" time="0.001291534">
        </testcase>
        <testcase classname="src/config/config.integration.test.ts" name="Configuration Integration Tests &gt; Extension Context Files &gt; should correctly store and return extension context file paths" time="0.001029881">
        </testcase>
        <testcase classname="src/config/config.integration.test.ts" name="Configuration Integration Tests &gt; Approval Mode Integration Tests &gt; should parse --approval-mode=auto-edit correctly through the full argument parsing flow" time="0.705299885">
        </testcase>
        <testcase classname="src/config/config.integration.test.ts" name="Configuration Integration Tests &gt; Approval Mode Integration Tests &gt; should parse --approval-mode=plan correctly through the full argument parsing flow" time="0.006537126">
        </testcase>
        <testcase classname="src/config/config.integration.test.ts" name="Configuration Integration Tests &gt; Approval Mode Integration Tests &gt; should parse --approval-mode=yolo correctly through the full argument parsing flow" time="0.004190083">
        </testcase>
        <testcase classname="src/config/config.integration.test.ts" name="Configuration Integration Tests &gt; Approval Mode Integration Tests &gt; should parse --approval-mode=default correctly through the full argument parsing flow" time="0.00388456">
        </testcase>
        <testcase classname="src/config/config.integration.test.ts" name="Configuration Integration Tests &gt; Approval Mode Integration Tests &gt; should parse legacy --yolo flag correctly" time="0.003653363">
        </testcase>
        <testcase classname="src/config/config.integration.test.ts" name="Configuration Integration Tests &gt; Approval Mode Integration Tests &gt; should reject invalid approval mode values during argument parsing" time="0.019376795">
            <system-err>
Usage: qwen [options] [command]

Qwen Code - Launch an interactive CLI, use -p/--prompt for non-interactive mode

Commands:
  qwen      Launch Qwen Code  [default]
  qwen mcp  Manage MCP servers

Options:
  -m, --model                     Model  [string]
  -p, --prompt                    Prompt. Appended to input on stdin (if any).  [string]
  -i, --prompt-interactive        Execute the provided prompt and continue in interactive mode  [string]
  -s, --sandbox                   Run in sandbox?  [boolean]
      --sandbox-image             Sandbox image URI.  [string]
  -d, --debug                     Run in debug mode?  [boolean] [default: false]
  -a, --all-files                 Include ALL files in context?  [boolean] [default: false]
      --show-memory-usage         Show memory usage in status bar  [boolean] [default: false]
  -y, --yolo                      Automatically accept all actions (aka YOLO mode, see https://www.youtube.com/watch?v=xvFZjo5PgG0 for more details)?  [boolean] [default: false]
      --approval-mode             Set the approval mode: plan (plan only), default (prompt for approval), auto-edit (auto-approve edit tools), yolo (auto-approve all tools)  [string] [choices: &quot;plan&quot;, &quot;default&quot;, &quot;auto-edit&quot;, &quot;yolo&quot;]
      --telemetry                 Enable telemetry? This flag specifically controls if telemetry is sent. Other --telemetry-* flags set specific values but do not enable telemetry on their own.  [boolean]
      --telemetry-target          Set the telemetry target (local or gcp). Overrides settings files.  [string] [choices: &quot;local&quot;, &quot;gcp&quot;]
      --telemetry-otlp-endpoint   Set the OTLP endpoint for telemetry. Overrides environment variables and settings files.  [string]
      --telemetry-otlp-protocol   Set the OTLP protocol for telemetry (grpc or http). Overrides settings files.  [string] [choices: &quot;grpc&quot;, &quot;http&quot;]
      --telemetry-log-prompts     Enable or disable logging of user prompts for telemetry. Overrides settings files.  [boolean]
      --telemetry-outfile         Redirect all telemetry output to the specified file.  [string]
  -c, --checkpointing             Enables checkpointing of file edits  [boolean] [default: false]
      --experimental-acp          Starts the agent in ACP mode  [boolean]
      --allowed-mcp-server-names  Allowed MCP server names  [array]
      --allowed-tools             Tools that are allowed to run without confirmation  [array]
  -e, --extensions                A list of extensions to use. If not provided, all extensions are used.  [array]
  -l, --list-extensions           List all available extensions and exit.  [boolean]
      --proxy                     Proxy for qwen client, like schema://user:password@host:port  [string]
      --include-directories       Additional directories to include in the workspace (comma-separated or multiple --include-directories)  [array]
      --openai-logging            Enable logging of OpenAI API calls for debugging and analysis  [boolean]
      --openai-api-key            OpenAI API key to use for authentication  [string]
      --openai-base-url           OpenAI base URL (for custom endpoints)  [string]
      --tavily-api-key            Tavily API key for web search functionality  [string]
      --screen-reader             Enable screen reader mode for accessibility.  [boolean] [default: false]
      --vlm-switch-mode           Default behavior when images are detected in input. Values: once (one-time switch), session (switch for entire session), persist (continue with current model). Overrides settings files.  [string] [choices: &quot;once&quot;, &quot;session&quot;, &quot;persist&quot;]
  -v, --version                   Show version number  [boolean]
  -h, --help                      Show help  [boolean]

Invalid values:
  Argument: approval-mode, Given: &quot;invalid_mode&quot;, Choices: &quot;plan&quot;, &quot;default&quot;, &quot;auto-edit&quot;, &quot;yolo&quot;

            </system-err>
        </testcase>
        <testcase classname="src/config/config.integration.test.ts" name="Configuration Integration Tests &gt; Approval Mode Integration Tests &gt; should reject conflicting --yolo and --approval-mode flags" time="0.012297017">
            <system-err>
Usage: qwen [options] [command]

Qwen Code - Launch an interactive CLI, use -p/--prompt for non-interactive mode

Commands:
  qwen      Launch Qwen Code  [default]
  qwen mcp  Manage MCP servers

Options:
  -m, --model                     Model  [string]
  -p, --prompt                    Prompt. Appended to input on stdin (if any).  [string]
  -i, --prompt-interactive        Execute the provided prompt and continue in interactive mode  [string]
  -s, --sandbox                   Run in sandbox?  [boolean]
      --sandbox-image             Sandbox image URI.  [string]
  -d, --debug                     Run in debug mode?  [boolean] [default: false]
  -a, --all-files                 Include ALL files in context?  [boolean] [default: false]
      --show-memory-usage         Show memory usage in status bar  [boolean] [default: false]
  -y, --yolo                      Automatically accept all actions (aka YOLO mode, see https://www.youtube.com/watch?v=xvFZjo5PgG0 for more details)?  [boolean] [default: false]
      --approval-mode             Set the approval mode: plan (plan only), default (prompt for approval), auto-edit (auto-approve edit tools), yolo (auto-approve all tools)  [string] [choices: &quot;plan&quot;, &quot;default&quot;, &quot;auto-edit&quot;, &quot;yolo&quot;]
      --telemetry                 Enable telemetry? This flag specifically controls if telemetry is sent. Other --telemetry-* flags set specific values but do not enable telemetry on their own.  [boolean]
      --telemetry-target          Set the telemetry target (local or gcp). Overrides settings files.  [string] [choices: &quot;local&quot;, &quot;gcp&quot;]
      --telemetry-otlp-endpoint   Set the OTLP endpoint for telemetry. Overrides environment variables and settings files.  [string]
      --telemetry-otlp-protocol   Set the OTLP protocol for telemetry (grpc or http). Overrides settings files.  [string] [choices: &quot;grpc&quot;, &quot;http&quot;]
      --telemetry-log-prompts     Enable or disable logging of user prompts for telemetry. Overrides settings files.  [boolean]
      --telemetry-outfile         Redirect all telemetry output to the specified file.  [string]
  -c, --checkpointing             Enables checkpointing of file edits  [boolean] [default: false]
      --experimental-acp          Starts the agent in ACP mode  [boolean]
      --allowed-mcp-server-names  Allowed MCP server names  [array]
      --allowed-tools             Tools that are allowed to run without confirmation  [array]
  -e, --extensions                A list of extensions to use. If not provided, all extensions are used.  [array]
  -l, --list-extensions           List all available extensions and exit.  [boolean]
      --proxy                     Proxy for qwen client, like schema://user:password@host:port  [string]
      --include-directories       Additional directories to include in the workspace (comma-separated or multiple --include-directories)  [array]
      --openai-logging            Enable logging of OpenAI API calls for debugging and analysis  [boolean]
      --openai-api-key            OpenAI API key to use for authentication  [string]
      --openai-base-url           OpenAI base URL (for custom endpoints)  [string]
      --tavily-api-key            Tavily API key for web search functionality  [string]
      --screen-reader             Enable screen reader mode for accessibility.  [boolean] [default: false]
      --vlm-switch-mode           Default behavior when images are detected in input. Values: once (one-time switch), session (switch for entire session), persist (continue with current model). Overrides settings files.  [string] [choices: &quot;once&quot;, &quot;session&quot;, &quot;persist&quot;]
  -v, --version                   Show version number  [boolean]
  -h, --help                      Show help  [boolean]

Cannot use both --yolo (-y) and --approval-mode together. Use --approval-mode=yolo instead.

            </system-err>
        </testcase>
        <testcase classname="src/config/config.integration.test.ts" name="Configuration Integration Tests &gt; Approval Mode Integration Tests &gt; should handle backward compatibility with mixed scenarios" time="0.003926717">
        </testcase>
    </testsuite>
    <testsuite name="src/config/config.test.ts" timestamp="2025-10-09T15:32:35.132Z" hostname="uby" tests="125" failures="0" errors="0" skipped="1" time="0.465141732">
        <testcase classname="src/config/config.test.ts" name="parseArguments &gt; should throw an error when both --prompt and --prompt-interactive are used together" time="0.033055382">
        </testcase>
        <testcase classname="src/config/config.test.ts" name="parseArguments &gt; should throw an error when using short flags -p and -i together" time="0.01490958">
        </testcase>
        <testcase classname="src/config/config.test.ts" name="parseArguments &gt; should allow --prompt without --prompt-interactive" time="0.003501974">
        </testcase>
        <testcase classname="src/config/config.test.ts" name="parseArguments &gt; should allow --prompt-interactive without --prompt" time="0.003306994">
        </testcase>
        <testcase classname="src/config/config.test.ts" name="parseArguments &gt; should allow -i flag as alias for --prompt-interactive" time="0.002498322">
        </testcase>
        <testcase classname="src/config/config.test.ts" name="parseArguments &gt; should throw an error when both --yolo and --approval-mode are used together" time="0.009888081">
        </testcase>
        <testcase classname="src/config/config.test.ts" name="parseArguments &gt; should throw an error when using short flags -y and --approval-mode together" time="0.012796038">
        </testcase>
        <testcase classname="src/config/config.test.ts" name="parseArguments &gt; should allow --approval-mode without --yolo" time="0.003316832">
        </testcase>
        <testcase classname="src/config/config.test.ts" name="parseArguments &gt; should allow --yolo without --approval-mode" time="0.002755637">
        </testcase>
        <testcase classname="src/config/config.test.ts" name="parseArguments &gt; should reject invalid --approval-mode values" time="0.010325177">
        </testcase>
        <testcase classname="src/config/config.test.ts" name="loadCliConfig &gt; should set showMemoryUsage to true when --show-memory-usage flag is present" time="0.028346471">
        </testcase>
        <testcase classname="src/config/config.test.ts" name="loadCliConfig &gt; should set showMemoryUsage to false when --memory flag is not present" time="0.003998491">
        </testcase>
        <testcase classname="src/config/config.test.ts" name="loadCliConfig &gt; should set showMemoryUsage to false by default from settings if CLI flag is not present" time="0.00319685">
        </testcase>
        <testcase classname="src/config/config.test.ts" name="loadCliConfig &gt; should prioritize CLI flag over settings for showMemoryUsage (CLI true, settings false)" time="0.003064968">
        </testcase>
        <testcase classname="src/config/config.test.ts" name="loadCliConfig &gt; Proxy configuration &gt; should leave proxy to empty by default" time="0.003768876">
        </testcase>
        <testcase classname="src/config/config.test.ts" name="loadCliConfig &gt; Proxy configuration &gt; should set proxy to http://localhost:7890 according to environment variable [https_proxy]" time="0.003377214">
        </testcase>
        <testcase classname="src/config/config.test.ts" name="loadCliConfig &gt; Proxy configuration &gt; should set proxy to http://localhost:7890 according to environment variable [http_proxy]" time="0.003069696">
        </testcase>
        <testcase classname="src/config/config.test.ts" name="loadCliConfig &gt; Proxy configuration &gt; should set proxy to http://localhost:7890 according to environment variable [HTTPS_PROXY]" time="0.003211127">
        </testcase>
        <testcase classname="src/config/config.test.ts" name="loadCliConfig &gt; Proxy configuration &gt; should set proxy to http://localhost:7890 according to environment variable [HTTP_PROXY]" time="0.004043424">
        </testcase>
        <testcase classname="src/config/config.test.ts" name="loadCliConfig &gt; Proxy configuration &gt; should set proxy when --proxy flag is present" time="0.003288129">
        </testcase>
        <testcase classname="src/config/config.test.ts" name="loadCliConfig &gt; Proxy configuration &gt; should prioritize CLI flag over environment variable for proxy (CLI http://localhost:7890, environment variable http://localhost:7891)" time="0.003092678">
        </testcase>
        <testcase classname="src/config/config.test.ts" name="loadCliConfig telemetry &gt; should set telemetry to false by default when no flag or setting is present" time="0.003589806">
        </testcase>
        <testcase classname="src/config/config.test.ts" name="loadCliConfig telemetry &gt; should set telemetry to true when --telemetry flag is present" time="0.014170175">
        </testcase>
        <testcase classname="src/config/config.test.ts" name="loadCliConfig telemetry &gt; should set telemetry to false when --no-telemetry flag is present" time="0.003947546">
        </testcase>
        <testcase classname="src/config/config.test.ts" name="loadCliConfig telemetry &gt; should use telemetry value from settings if CLI flag is not present (settings true)" time="0.003394195">
        </testcase>
        <testcase classname="src/config/config.test.ts" name="loadCliConfig telemetry &gt; should use telemetry value from settings if CLI flag is not present (settings false)" time="0.003232827">
        </testcase>
        <testcase classname="src/config/config.test.ts" name="loadCliConfig telemetry &gt; should prioritize --telemetry CLI flag (true) over settings (false)" time="0.003573997">
        </testcase>
        <testcase classname="src/config/config.test.ts" name="loadCliConfig telemetry &gt; should prioritize --no-telemetry CLI flag (false) over settings (true)" time="0.002991712">
        </testcase>
        <testcase classname="src/config/config.test.ts" name="loadCliConfig telemetry &gt; should use telemetry OTLP endpoint from settings if CLI flag is not present" time="0.002143826">
        </testcase>
        <testcase classname="src/config/config.test.ts" name="loadCliConfig telemetry &gt; should prioritize --telemetry-otlp-endpoint CLI flag over settings" time="0.001987108">
        </testcase>
        <testcase classname="src/config/config.test.ts" name="loadCliConfig telemetry &gt; should use default endpoint if no OTLP endpoint is provided via CLI or settings" time="0.002223824">
        </testcase>
        <testcase classname="src/config/config.test.ts" name="loadCliConfig telemetry &gt; should use telemetry target from settings if CLI flag is not present" time="0.002218745">
        </testcase>
        <testcase classname="src/config/config.test.ts" name="loadCliConfig telemetry &gt; should prioritize --telemetry-target CLI flag over settings" time="0.002521334">
        </testcase>
        <testcase classname="src/config/config.test.ts" name="loadCliConfig telemetry &gt; should use default target if no target is provided via CLI or settings" time="0.002700395">
        </testcase>
        <testcase classname="src/config/config.test.ts" name="loadCliConfig telemetry &gt; should use telemetry log prompts from settings if CLI flag is not present" time="0.001924963">
        </testcase>
        <testcase classname="src/config/config.test.ts" name="loadCliConfig telemetry &gt; should prioritize --telemetry-log-prompts CLI flag (true) over settings (false)" time="0.002757599">
        </testcase>
        <testcase classname="src/config/config.test.ts" name="loadCliConfig telemetry &gt; should prioritize --no-telemetry-log-prompts CLI flag (false) over settings (true)" time="0.003326029">
        </testcase>
        <testcase classname="src/config/config.test.ts" name="loadCliConfig telemetry &gt; should use default log prompts (true) if no value is provided via CLI or settings" time="0.003199856">
        </testcase>
        <testcase classname="src/config/config.test.ts" name="loadCliConfig telemetry &gt; should use telemetry OTLP protocol from settings if CLI flag is not present" time="0.010062213">
        </testcase>
        <testcase classname="src/config/config.test.ts" name="loadCliConfig telemetry &gt; should prioritize --telemetry-otlp-protocol CLI flag over settings" time="0.001913442">
        </testcase>
        <testcase classname="src/config/config.test.ts" name="loadCliConfig telemetry &gt; should use default protocol if no OTLP protocol is provided via CLI or settings" time="0.001994862">
        </testcase>
        <testcase classname="src/config/config.test.ts" name="loadCliConfig telemetry &gt; should reject invalid --telemetry-otlp-protocol values" time="0.009216803">
        </testcase>
        <testcase classname="src/config/config.test.ts" name="Hierarchical Memory Loading (config.ts) - Placeholder Suite &gt; should pass extension context file paths to loadServerHierarchicalMemory" time="0.003885972">
        </testcase>
        <testcase classname="src/config/config.test.ts" name="Hierarchical Memory Loading (config.ts) - Placeholder Suite &gt; should correctly use mocked homedir for global path" time="0">
            <skipped/>
        </testcase>
        <testcase classname="src/config/config.test.ts" name="mergeMcpServers &gt; should not modify the original settings object" time="0.003313756">
        </testcase>
        <testcase classname="src/config/config.test.ts" name="loadCliConfig systemPromptMappings &gt; should use default systemPromptMappings when not provided in settings" time="0.000936228">
        </testcase>
        <testcase classname="src/config/config.test.ts" name="loadCliConfig systemPromptMappings &gt; should use custom systemPromptMappings when provided in settings" time="0.000740106">
        </testcase>
        <testcase classname="src/config/config.test.ts" name="mergeExcludeTools &gt; should merge excludeTools from settings and extensions" time="0.00251405">
        </testcase>
        <testcase classname="src/config/config.test.ts" name="mergeExcludeTools &gt; should handle overlapping excludeTools between settings and extensions" time="0.002186084">
        </testcase>
        <testcase classname="src/config/config.test.ts" name="mergeExcludeTools &gt; should handle overlapping excludeTools between extensions" time="0.001920375">
        </testcase>
        <testcase classname="src/config/config.test.ts" name="mergeExcludeTools &gt; should return an empty array when no excludeTools are specified and it is interactive" time="0.001930934">
        </testcase>
        <testcase classname="src/config/config.test.ts" name="mergeExcludeTools &gt; should return default excludes when no excludeTools are specified and it is not interactive" time="0.002348705">
        </testcase>
        <testcase classname="src/config/config.test.ts" name="mergeExcludeTools &gt; should handle settings with excludeTools but no extensions" time="0.002628833">
        </testcase>
        <testcase classname="src/config/config.test.ts" name="mergeExcludeTools &gt; should handle extensions with excludeTools but no settings" time="0.002371377">
        </testcase>
        <testcase classname="src/config/config.test.ts" name="mergeExcludeTools &gt; should not modify the original settings object" time="0.002158794">
        </testcase>
        <testcase classname="src/config/config.test.ts" name="Approval mode tool exclusion logic &gt; should exclude all interactive tools in non-interactive mode with default approval mode" time="0.002901937">
        </testcase>
        <testcase classname="src/config/config.test.ts" name="Approval mode tool exclusion logic &gt; should exclude all interactive tools in non-interactive mode with plan approval mode" time="0.002739236">
        </testcase>
        <testcase classname="src/config/config.test.ts" name="Approval mode tool exclusion logic &gt; should exclude all interactive tools in non-interactive mode with explicit default approval mode" time="0.002890365">
        </testcase>
        <testcase classname="src/config/config.test.ts" name="Approval mode tool exclusion logic &gt; should exclude only shell tools in non-interactive mode with auto-edit approval mode" time="0.002782536">
        </testcase>
        <testcase classname="src/config/config.test.ts" name="Approval mode tool exclusion logic &gt; should exclude no interactive tools in non-interactive mode with yolo approval mode" time="0.002417532">
        </testcase>
        <testcase classname="src/config/config.test.ts" name="Approval mode tool exclusion logic &gt; should exclude no interactive tools in non-interactive mode with legacy yolo flag" time="0.001635519">
        </testcase>
        <testcase classname="src/config/config.test.ts" name="Approval mode tool exclusion logic &gt; should not exclude interactive tools in interactive mode regardless of approval mode" time="0.011736904">
        </testcase>
        <testcase classname="src/config/config.test.ts" name="Approval mode tool exclusion logic &gt; should merge approval mode exclusions with settings exclusions in auto-edit mode" time="0.001819528">
        </testcase>
        <testcase classname="src/config/config.test.ts" name="Approval mode tool exclusion logic &gt; should throw an error for invalid approval mode values in loadCliConfig" time="0.000370944">
        </testcase>
        <testcase classname="src/config/config.test.ts" name="loadCliConfig with allowed-mcp-server-names &gt; should allow all MCP servers if the flag is not provided" time="0.00191242">
        </testcase>
        <testcase classname="src/config/config.test.ts" name="loadCliConfig with allowed-mcp-server-names &gt; should allow only the specified MCP server" time="0.002674065">
        </testcase>
        <testcase classname="src/config/config.test.ts" name="loadCliConfig with allowed-mcp-server-names &gt; should allow multiple specified MCP servers" time="0.002681419">
        </testcase>
        <testcase classname="src/config/config.test.ts" name="loadCliConfig with allowed-mcp-server-names &gt; should handle server names that do not exist" time="0.002915121">
        </testcase>
        <testcase classname="src/config/config.test.ts" name="loadCliConfig with allowed-mcp-server-names &gt; should allow no MCP servers if the flag is provided but empty" time="0.002670138">
        </testcase>
        <testcase classname="src/config/config.test.ts" name="loadCliConfig with allowed-mcp-server-names &gt; should read allowMCPServers from settings" time="0.00203665">
        </testcase>
        <testcase classname="src/config/config.test.ts" name="loadCliConfig with allowed-mcp-server-names &gt; should read excludeMCPServers from settings" time="0.001781519">
        </testcase>
        <testcase classname="src/config/config.test.ts" name="loadCliConfig with allowed-mcp-server-names &gt; should override allowMCPServers with excludeMCPServers if overlapping" time="0.00178809">
        </testcase>
        <testcase classname="src/config/config.test.ts" name="loadCliConfig with allowed-mcp-server-names &gt; should prioritize mcp server flag if set" time="0.002650021">
        </testcase>
        <testcase classname="src/config/config.test.ts" name="loadCliConfig with allowed-mcp-server-names &gt; should prioritize CLI flag over both allowed and excluded settings" time="0.002775142">
        </testcase>
        <testcase classname="src/config/config.test.ts" name="loadCliConfig extensions &gt; should not filter extensions if --extensions flag is not used" time="0.002363974">
        </testcase>
        <testcase classname="src/config/config.test.ts" name="loadCliConfig extensions &gt; should filter extensions if --extensions flag is used" time="0.002690467">
        </testcase>
        <testcase classname="src/config/config.test.ts" name="loadCliConfig model selection &gt; selects a model from settings.json if provided" time="0.002429073">
        </testcase>
        <testcase classname="src/config/config.test.ts" name="loadCliConfig model selection &gt; uses the default gemini model if nothing is set" time="0.002175876">
        </testcase>
        <testcase classname="src/config/config.test.ts" name="loadCliConfig model selection &gt; always prefers model from argvs" time="0.001573023">
        </testcase>
        <testcase classname="src/config/config.test.ts" name="loadCliConfig model selection &gt; selects the model from argvs if provided" time="0.001467268">
        </testcase>
        <testcase classname="src/config/config.test.ts" name="loadCliConfig folderTrustFeature &gt; should be false by default" time="0.002191825">
        </testcase>
        <testcase classname="src/config/config.test.ts" name="loadCliConfig folderTrustFeature &gt; should be true when settings.folderTrustFeature is true" time="0.002383339">
        </testcase>
        <testcase classname="src/config/config.test.ts" name="loadCliConfig folderTrust &gt; should be false if folderTrustFeature is false and folderTrust is false" time="0.002418585">
        </testcase>
        <testcase classname="src/config/config.test.ts" name="loadCliConfig folderTrust &gt; should be false if folderTrustFeature is true and folderTrust is false" time="0.00244367">
        </testcase>
        <testcase classname="src/config/config.test.ts" name="loadCliConfig folderTrust &gt; should be false if folderTrustFeature is false and folderTrust is true" time="0.002564644">
        </testcase>
        <testcase classname="src/config/config.test.ts" name="loadCliConfig folderTrust &gt; should be true when folderTrustFeature is true and folderTrust is true" time="0.002583138">
        </testcase>
        <testcase classname="src/config/config.test.ts" name="loadCliConfig with includeDirectories &gt; should combine and resolve paths from settings and CLI arguments" time="0.003340907">
        </testcase>
        <testcase classname="src/config/config.test.ts" name="loadCliConfig chatCompression &gt; should pass chatCompression settings to the core config" time="0.002482402">
        </testcase>
        <testcase classname="src/config/config.test.ts" name="loadCliConfig chatCompression &gt; should have undefined chatCompression if not in settings" time="0.002625055">
        </testcase>
        <testcase classname="src/config/config.test.ts" name="loadCliConfig useRipgrep &gt; should be false by default when useRipgrep is not set in settings" time="0.002222021">
        </testcase>
        <testcase classname="src/config/config.test.ts" name="loadCliConfig useRipgrep &gt; should be true when useRipgrep is set to true in settings" time="0.002155127">
        </testcase>
        <testcase classname="src/config/config.test.ts" name="loadCliConfig useRipgrep &gt; should be false when useRipgrep is explicitly set to false in settings" time="0.001892764">
        </testcase>
        <testcase classname="src/config/config.test.ts" name="loadCliConfig tool exclusions &gt; should not exclude interactive tools in interactive mode without YOLO" time="0.001897693">
        </testcase>
        <testcase classname="src/config/config.test.ts" name="loadCliConfig tool exclusions &gt; should not exclude interactive tools in interactive mode with YOLO" time="0.002131935">
        </testcase>
        <testcase classname="src/config/config.test.ts" name="loadCliConfig tool exclusions &gt; should exclude interactive tools in non-interactive mode without YOLO" time="0.002612121">
        </testcase>
        <testcase classname="src/config/config.test.ts" name="loadCliConfig tool exclusions &gt; should not exclude interactive tools in non-interactive mode with YOLO" time="0.006111651">
        </testcase>
        <testcase classname="src/config/config.test.ts" name="loadCliConfig interactive &gt; should be interactive if isTTY and no prompt" time="0.002303682">
        </testcase>
        <testcase classname="src/config/config.test.ts" name="loadCliConfig interactive &gt; should be interactive if prompt-interactive is set" time="0.002603386">
        </testcase>
        <testcase classname="src/config/config.test.ts" name="loadCliConfig interactive &gt; should not be interactive if not isTTY and no prompt" time="0.002539448">
        </testcase>
        <testcase classname="src/config/config.test.ts" name="loadCliConfig interactive &gt; should not be interactive if prompt is set" time="0.002631027">
        </testcase>
        <testcase classname="src/config/config.test.ts" name="loadCliConfig approval mode &gt; should default to DEFAULT approval mode when no flags are set" time="0.00275218">
        </testcase>
        <testcase classname="src/config/config.test.ts" name="loadCliConfig approval mode &gt; should set PLAN approval mode when --approval-mode=plan" time="0.002998064">
        </testcase>
        <testcase classname="src/config/config.test.ts" name="loadCliConfig approval mode &gt; should set YOLO approval mode when --yolo flag is used" time="0.002735669">
        </testcase>
        <testcase classname="src/config/config.test.ts" name="loadCliConfig approval mode &gt; should set YOLO approval mode when -y flag is used" time="0.002647146">
        </testcase>
        <testcase classname="src/config/config.test.ts" name="loadCliConfig approval mode &gt; should set DEFAULT approval mode when --approval-mode=default" time="0.002796441">
        </testcase>
        <testcase classname="src/config/config.test.ts" name="loadCliConfig approval mode &gt; should set AUTO_EDIT approval mode when --approval-mode=auto-edit" time="0.002855281">
        </testcase>
        <testcase classname="src/config/config.test.ts" name="loadCliConfig approval mode &gt; should set YOLO approval mode when --approval-mode=yolo" time="0.003309048">
        </testcase>
        <testcase classname="src/config/config.test.ts" name="loadCliConfig approval mode &gt; should use approval mode from settings when CLI flags are not provided" time="0.003595797">
        </testcase>
        <testcase classname="src/config/config.test.ts" name="loadCliConfig approval mode &gt; should normalize approval mode values from settings" time="0.002575975">
        </testcase>
        <testcase classname="src/config/config.test.ts" name="loadCliConfig approval mode &gt; should throw when approval mode in settings is invalid" time="0.003064015">
        </testcase>
        <testcase classname="src/config/config.test.ts" name="loadCliConfig approval mode &gt; should prioritize --approval-mode over --yolo when both would be valid (but validation prevents this)" time="0.003052795">
        </testcase>
        <testcase classname="src/config/config.test.ts" name="loadCliConfig approval mode &gt; should fall back to --yolo behavior when --approval-mode is not set" time="0.002901386">
        </testcase>
        <testcase classname="src/config/config.test.ts" name="loadCliConfig approval mode &gt; when folder is NOT trusted &gt; should override --approval-mode=yolo to DEFAULT" time="0.003885361">
            <system-err>
[WARN] Approval mode overridden to &quot;default&quot; because the current folder is not trusted.

            </system-err>
        </testcase>
        <testcase classname="src/config/config.test.ts" name="loadCliConfig approval mode &gt; when folder is NOT trusted &gt; should override --approval-mode=auto-edit to DEFAULT" time="0.003578035">
            <system-err>
[WARN] Approval mode overridden to &quot;default&quot; because the current folder is not trusted.

            </system-err>
        </testcase>
        <testcase classname="src/config/config.test.ts" name="loadCliConfig approval mode &gt; when folder is NOT trusted &gt; should override --yolo flag to DEFAULT" time="0.003152418">
            <system-err>
[WARN] Approval mode overridden to &quot;default&quot; because the current folder is not trusted.

            </system-err>
        </testcase>
        <testcase classname="src/config/config.test.ts" name="loadCliConfig approval mode &gt; when folder is NOT trusted &gt; should remain DEFAULT when --approval-mode=default" time="0.003087839">
        </testcase>
        <testcase classname="src/config/config.test.ts" name="loadCliConfig approval mode &gt; when folder is NOT trusted &gt; should allow PLAN approval mode in untrusted folders" time="0.002750947">
        </testcase>
        <testcase classname="src/config/config.test.ts" name="loadCliConfig trustedFolder &gt; should be correct for: feature disabled, folderTrust true, workspace trusted -&gt; behave as trusted" time="0.002707908">
        </testcase>
        <testcase classname="src/config/config.test.ts" name="loadCliConfig trustedFolder &gt; should be correct for: feature disabled, folderTrust true, workspace not trusted -&gt; behave as trusted" time="0.00275798">
        </testcase>
        <testcase classname="src/config/config.test.ts" name="loadCliConfig trustedFolder &gt; should be correct for: feature disabled, folderTrust false, workspace trusted -&gt; behave as trusted" time="0.002490887">
        </testcase>
        <testcase classname="src/config/config.test.ts" name="loadCliConfig trustedFolder &gt; should be correct for: feature on, folderTrust false, workspace trusted -&gt; behave as trusted" time="0.002473115">
        </testcase>
        <testcase classname="src/config/config.test.ts" name="loadCliConfig trustedFolder &gt; should be correct for: feature on, folderTrust false, workspace not trusted -&gt; behave as trusted" time="0.002576907">
        </testcase>
        <testcase classname="src/config/config.test.ts" name="loadCliConfig trustedFolder &gt; should be correct for: feature on, folderTrust on, workspace trusted -&gt; is trusted" time="0.00243795">
        </testcase>
        <testcase classname="src/config/config.test.ts" name="loadCliConfig trustedFolder &gt; should be correct for: feature on, folderTrust on, workspace NOT trusted -&gt; is NOT trusted" time="0.002518989">
        </testcase>
        <testcase classname="src/config/config.test.ts" name="loadCliConfig trustedFolder &gt; should be correct for: feature on, folderTrust on, workspace trust unknown -&gt; is unknown" time="0.003059207">
        </testcase>
    </testsuite>
    <testsuite name="src/config/extension.test.ts" timestamp="2025-10-09T15:32:35.136Z" hostname="uby" tests="26" failures="0" errors="0" skipped="0" time="0.061229405">
        <testcase classname="src/config/extension.test.ts" name="loadExtensions &gt; should include extension path in loaded extension" time="0.005366715">
        </testcase>
        <testcase classname="src/config/extension.test.ts" name="loadExtensions &gt; should load context file path when QWEN.md is present" time="0.002045015">
        </testcase>
        <testcase classname="src/config/extension.test.ts" name="loadExtensions &gt; should load context file path from the extension config" time="0.001187531">
        </testcase>
        <testcase classname="src/config/extension.test.ts" name="loadExtensions &gt; should filter out disabled extensions" time="0.001452751">
        </testcase>
        <testcase classname="src/config/extension.test.ts" name="loadExtensions &gt; should hydrate variables" time="0.000742811">
        </testcase>
        <testcase classname="src/config/extension.test.ts" name="annotateActiveExtensions &gt; should mark all extensions as active if no enabled extensions are provided" time="0.000362059">
        </testcase>
        <testcase classname="src/config/extension.test.ts" name="annotateActiveExtensions &gt; should mark only the enabled extensions as active" time="0.000355356">
        </testcase>
        <testcase classname="src/config/extension.test.ts" name="annotateActiveExtensions &gt; should mark all extensions as inactive when &quot;none&quot; is provided" time="0.000294584">
        </testcase>
        <testcase classname="src/config/extension.test.ts" name="annotateActiveExtensions &gt; should handle case-insensitivity" time="0.000280618">
        </testcase>
        <testcase classname="src/config/extension.test.ts" name="annotateActiveExtensions &gt; should log an error for unknown extensions" time="0.000851422">
        </testcase>
        <testcase classname="src/config/extension.test.ts" name="installExtension &gt; should install an extension from a local path" time="0.011230669">
        </testcase>
        <testcase classname="src/config/extension.test.ts" name="installExtension &gt; should throw an error if the extension already exists" time="0.004595882">
        </testcase>
        <testcase classname="src/config/extension.test.ts" name="installExtension &gt; should throw an error and cleanup if qwen-extension.json is missing" time="0.001753016">
            <system-err>
Warning: extension directory /tmp/qwen-code-test-home-ZaS3rB/bad-extension does not contain a config file /tmp/qwen-code-test-home-ZaS3rB/bad-extension/qwen-extension.json.

            </system-err>
        </testcase>
        <testcase classname="src/config/extension.test.ts" name="installExtension &gt; should install an extension from a git URL" time="0.002816509">
        </testcase>
        <testcase classname="src/config/extension.test.ts" name="uninstallExtension &gt; should uninstall an extension by name" time="0.002337415">
        </testcase>
        <testcase classname="src/config/extension.test.ts" name="uninstallExtension &gt; should uninstall an extension by name and retain existing extensions" time="0.001906619">
        </testcase>
        <testcase classname="src/config/extension.test.ts" name="uninstallExtension &gt; should throw an error if the extension does not exist" time="0.000458066">
        </testcase>
        <testcase classname="src/config/extension.test.ts" name="performWorkspaceExtensionMigration &gt; should install the extensions in the user directory" time="0.004472816">
        </testcase>
        <testcase classname="src/config/extension.test.ts" name="performWorkspaceExtensionMigration &gt; should return the names of failed installations" time="0.002543926">
        </testcase>
        <testcase classname="src/config/extension.test.ts" name="updateExtension &gt; should update a git-installed extension" time="0.005943821">
        </testcase>
        <testcase classname="src/config/extension.test.ts" name="disableExtension &gt; should disable an extension at the user scope" time="0.001211566">
        </testcase>
        <testcase classname="src/config/extension.test.ts" name="disableExtension &gt; should disable an extension at the workspace scope" time="0.000969279">
        </testcase>
        <testcase classname="src/config/extension.test.ts" name="disableExtension &gt; should handle disabling the same extension twice" time="0.000912535">
        </testcase>
        <testcase classname="src/config/extension.test.ts" name="disableExtension &gt; should throw an error if you request system scope" time="0.000532423">
        </testcase>
        <testcase classname="src/config/extension.test.ts" name="enableExtension &gt; should enable an extension at the user scope" time="0.002308311">
        </testcase>
        <testcase classname="src/config/extension.test.ts" name="enableExtension &gt; should enable an extension at the workspace scope" time="0.002257176">
        </testcase>
    </testsuite>
    <testsuite name="src/config/keyBindings.test.ts" timestamp="2025-10-09T15:32:35.136Z" hostname="uby" tests="3" failures="0" errors="0" skipped="0" time="0.010008403">
        <testcase classname="src/config/keyBindings.test.ts" name="keyBindings config &gt; defaultKeyBindings &gt; should have bindings for all commands" time="0.003806506">
        </testcase>
        <testcase classname="src/config/keyBindings.test.ts" name="keyBindings config &gt; defaultKeyBindings &gt; should have valid key binding structures" time="0.001912831">
        </testcase>
        <testcase classname="src/config/keyBindings.test.ts" name="keyBindings config &gt; defaultKeyBindings &gt; should export all required types" time="0.000396502">
        </testcase>
    </testsuite>
    <testsuite name="src/config/settings.test.ts" timestamp="2025-10-09T15:32:35.136Z" hostname="uby" tests="65" failures="0" errors="0" skipped="0" time="0.044787016">
        <testcase classname="src/config/settings.test.ts" name="Settings Loading and Merging &gt; loadSettings &gt; should load empty settings if no files exist" time="0.003965349">
        </testcase>
        <testcase classname="src/config/settings.test.ts" name="Settings Loading and Merging &gt; loadSettings &gt; should load system settings if only system file exists" time="0.002453889">
        </testcase>
        <testcase classname="src/config/settings.test.ts" name="Settings Loading and Merging &gt; loadSettings &gt; should load user settings if only user file exists" time="0.000918956">
        </testcase>
        <testcase classname="src/config/settings.test.ts" name="Settings Loading and Merging &gt; loadSettings &gt; should restore selected auth type when provider data is persisted in V1 format" time="0.000816948">
        </testcase>
        <testcase classname="src/config/settings.test.ts" name="Settings Loading and Merging &gt; loadSettings &gt; should load workspace settings if only workspace file exists" time="0.000722183">
        </testcase>
        <testcase classname="src/config/settings.test.ts" name="Settings Loading and Merging &gt; loadSettings &gt; should merge user and workspace settings, with workspace taking precedence" time="0.001149372">
        </testcase>
        <testcase classname="src/config/settings.test.ts" name="Settings Loading and Merging &gt; loadSettings &gt; should merge system, user and workspace settings, with system taking precedence over workspace, and workspace over user" time="0.001508885">
        </testcase>
        <testcase classname="src/config/settings.test.ts" name="Settings Loading and Merging &gt; loadSettings &gt; should correctly migrate a complex legacy (v1) settings file" time="0.001419039">
        </testcase>
        <testcase classname="src/config/settings.test.ts" name="Settings Loading and Merging &gt; loadSettings &gt; should correctly merge and migrate legacy array properties from multiple scopes" time="0.001438886">
        </testcase>
        <testcase classname="src/config/settings.test.ts" name="Settings Loading and Merging &gt; loadSettings &gt; should merge all settings files with the correct precedence" time="0.000909649">
        </testcase>
        <testcase classname="src/config/settings.test.ts" name="Settings Loading and Merging &gt; loadSettings &gt; should ignore folderTrust from workspace settings" time="0.000370033">
        </testcase>
        <testcase classname="src/config/settings.test.ts" name="Settings Loading and Merging &gt; loadSettings &gt; should use system folderTrust over user setting" time="0.002332095">
        </testcase>
        <testcase classname="src/config/settings.test.ts" name="Settings Loading and Merging &gt; loadSettings &gt; should handle contextFileName correctly when only in user settings" time="0.000538173">
        </testcase>
        <testcase classname="src/config/settings.test.ts" name="Settings Loading and Merging &gt; loadSettings &gt; should handle contextFileName correctly when only in workspace settings" time="0.000467764">
        </testcase>
        <testcase classname="src/config/settings.test.ts" name="Settings Loading and Merging &gt; loadSettings &gt; should handle excludedProjectEnvVars correctly when only in user settings" time="0.000478213">
        </testcase>
        <testcase classname="src/config/settings.test.ts" name="Settings Loading and Merging &gt; loadSettings &gt; should handle excludedProjectEnvVars correctly when only in workspace settings" time="0.000577916">
        </testcase>
        <testcase classname="src/config/settings.test.ts" name="Settings Loading and Merging &gt; loadSettings &gt; should merge excludedProjectEnvVars with workspace taking precedence over user" time="0.000528025">
        </testcase>
        <testcase classname="src/config/settings.test.ts" name="Settings Loading and Merging &gt; loadSettings &gt; should default contextFileName to undefined if not in any settings file" time="0.000462444">
        </testcase>
        <testcase classname="src/config/settings.test.ts" name="Settings Loading and Merging &gt; loadSettings &gt; should load telemetry setting from user settings" time="0.000363451">
        </testcase>
        <testcase classname="src/config/settings.test.ts" name="Settings Loading and Merging &gt; loadSettings &gt; should load telemetry setting from workspace settings" time="0.000340088">
        </testcase>
        <testcase classname="src/config/settings.test.ts" name="Settings Loading and Merging &gt; loadSettings &gt; should prioritize workspace telemetry setting over user setting" time="0.00032496">
        </testcase>
        <testcase classname="src/config/settings.test.ts" name="Settings Loading and Merging &gt; loadSettings &gt; should have telemetry as undefined if not in any settings file" time="0.000267924">
        </testcase>
        <testcase classname="src/config/settings.test.ts" name="Settings Loading and Merging &gt; loadSettings &gt; should merge MCP servers correctly, with workspace taking precedence" time="0.001335445">
        </testcase>
        <testcase classname="src/config/settings.test.ts" name="Settings Loading and Merging &gt; loadSettings &gt; should handle MCP servers when only in user settings" time="0.000459117">
        </testcase>
        <testcase classname="src/config/settings.test.ts" name="Settings Loading and Merging &gt; loadSettings &gt; should handle MCP servers when only in workspace settings" time="0.000315933">
        </testcase>
        <testcase classname="src/config/settings.test.ts" name="Settings Loading and Merging &gt; loadSettings &gt; should have mcpServers as empty object if not in any settings file" time="0.000651182">
        </testcase>
        <testcase classname="src/config/settings.test.ts" name="Settings Loading and Merging &gt; loadSettings &gt; should merge MCP servers from system, user, and workspace with system taking precedence" time="0.000539907">
        </testcase>
        <testcase classname="src/config/settings.test.ts" name="Settings Loading and Merging &gt; loadSettings &gt; should merge mcp allowed/excluded lists with system taking precedence over workspace" time="0.000440554">
        </testcase>
        <testcase classname="src/config/settings.test.ts" name="Settings Loading and Merging &gt; loadSettings &gt; should merge chatCompression settings, with workspace taking precedence" time="0.001758486">
            <system-out>
{ contextPercentageThreshold: [33m0.5[39m }

            </system-out>
        </testcase>
        <testcase classname="src/config/settings.test.ts" name="Settings Loading and Merging &gt; loadSettings &gt; should handle chatCompression when only in user settings" time="0.000529297">
        </testcase>
        <testcase classname="src/config/settings.test.ts" name="Settings Loading and Merging &gt; loadSettings &gt; should have chatCompression as an empty object if not in any settings file" time="0.000237449">
        </testcase>
        <testcase classname="src/config/settings.test.ts" name="Settings Loading and Merging &gt; loadSettings &gt; should ignore chatCompression if contextPercentageThreshold is invalid" time="0.000586503">
        </testcase>
        <testcase classname="src/config/settings.test.ts" name="Settings Loading and Merging &gt; loadSettings &gt; should deep merge chatCompression settings" time="0.000313628">
        </testcase>
        <testcase classname="src/config/settings.test.ts" name="Settings Loading and Merging &gt; loadSettings &gt; should merge includeDirectories from all scopes" time="0.000530619">
        </testcase>
        <testcase classname="src/config/settings.test.ts" name="Settings Loading and Merging &gt; loadSettings &gt; should handle JSON parsing errors gracefully" time="0.001078381">
        </testcase>
        <testcase classname="src/config/settings.test.ts" name="Settings Loading and Merging &gt; loadSettings &gt; should resolve environment variables in user settings" time="0.000437368">
        </testcase>
        <testcase classname="src/config/settings.test.ts" name="Settings Loading and Merging &gt; loadSettings &gt; should resolve environment variables in workspace settings" time="0.000383147">
        </testcase>
        <testcase classname="src/config/settings.test.ts" name="Settings Loading and Merging &gt; loadSettings &gt; should correctly resolve and merge env variables from different scopes" time="0.000775421">
        </testcase>
        <testcase classname="src/config/settings.test.ts" name="Settings Loading and Merging &gt; loadSettings &gt; should correctly merge dnsResolutionOrder with workspace taking precedence" time="0.000383157">
        </testcase>
        <testcase classname="src/config/settings.test.ts" name="Settings Loading and Merging &gt; loadSettings &gt; should use user dnsResolutionOrder if workspace is not defined" time="0.000287861">
        </testcase>
        <testcase classname="src/config/settings.test.ts" name="Settings Loading and Merging &gt; loadSettings &gt; should leave unresolved environment variables as is" time="0.000294063">
        </testcase>
        <testcase classname="src/config/settings.test.ts" name="Settings Loading and Merging &gt; loadSettings &gt; should resolve multiple environment variables in a single string" time="0.000294554">
        </testcase>
        <testcase classname="src/config/settings.test.ts" name="Settings Loading and Merging &gt; loadSettings &gt; should resolve environment variables in arrays" time="0.000360195">
        </testcase>
        <testcase classname="src/config/settings.test.ts" name="Settings Loading and Merging &gt; loadSettings &gt; should correctly pass through null, boolean, and number types, and handle undefined properties" time="0.000559302">
        </testcase>
        <testcase classname="src/config/settings.test.ts" name="Settings Loading and Merging &gt; loadSettings &gt; should resolve multiple concatenated environment variables in a single string value" time="0.000798464">
        </testcase>
        <testcase classname="src/config/settings.test.ts" name="Settings Loading and Merging &gt; loadSettings &gt; when QWEN_CODE_SYSTEM_SETTINGS_PATH is set &gt; should load system settings from the path specified in the environment variable" time="0.000706314">
        </testcase>
        <testcase classname="src/config/settings.test.ts" name="Settings Loading and Merging &gt; excludedProjectEnvVars integration &gt; should exclude DEBUG and DEBUG_MODE from project .env files by default" time="0.000513087">
        </testcase>
        <testcase classname="src/config/settings.test.ts" name="Settings Loading and Merging &gt; excludedProjectEnvVars integration &gt; should respect custom excludedProjectEnvVars from user settings" time="0.000430615">
        </testcase>
        <testcase classname="src/config/settings.test.ts" name="Settings Loading and Merging &gt; excludedProjectEnvVars integration &gt; should merge excludedProjectEnvVars with workspace taking precedence" time="0.000470989">
        </testcase>
        <testcase classname="src/config/settings.test.ts" name="Settings Loading and Merging &gt; with workspace trust &gt; should merge workspace settings when workspace is trusted" time="0.000542621">
        </testcase>
        <testcase classname="src/config/settings.test.ts" name="Settings Loading and Merging &gt; with workspace trust &gt; should NOT merge workspace settings when workspace is not trusted" time="0.000415838">
        </testcase>
        <testcase classname="src/config/settings.test.ts" name="Settings Loading and Merging &gt; migrateSettingsToV1 &gt; should handle an empty object" time="0.000434893">
        </testcase>
        <testcase classname="src/config/settings.test.ts" name="Settings Loading and Merging &gt; migrateSettingsToV1 &gt; should migrate a simple v2 settings object to v1" time="0.000329368">
        </testcase>
        <testcase classname="src/config/settings.test.ts" name="Settings Loading and Merging &gt; migrateSettingsToV1 &gt; should handle nested properties correctly" time="0.000190973">
        </testcase>
        <testcase classname="src/config/settings.test.ts" name="Settings Loading and Merging &gt; migrateSettingsToV1 &gt; should preserve security auth provider configuration" time="0.000192536">
        </testcase>
        <testcase classname="src/config/settings.test.ts" name="Settings Loading and Merging &gt; migrateSettingsToV1 &gt; should preserve mcpServers at the top level" time="0.000149125">
        </testcase>
        <testcase classname="src/config/settings.test.ts" name="Settings Loading and Merging &gt; migrateSettingsToV1 &gt; should carry over unrecognized top-level properties" time="0.000143405">
        </testcase>
        <testcase classname="src/config/settings.test.ts" name="Settings Loading and Merging &gt; migrateSettingsToV1 &gt; should handle a complex object with mixed properties" time="0.0002117">
        </testcase>
        <testcase classname="src/config/settings.test.ts" name="Settings Loading and Merging &gt; migrateSettingsToV1 &gt; should not migrate a v1 settings object" time="0.000130691">
        </testcase>
        <testcase classname="src/config/settings.test.ts" name="Settings Loading and Merging &gt; migrateSettingsToV1 &gt; should migrate a full v2 settings object to v1" time="0.000290266">
        </testcase>
        <testcase classname="src/config/settings.test.ts" name="Settings Loading and Merging &gt; migrateSettingsToV1 &gt; should handle partial v2 settings" time="0.000140319">
        </testcase>
        <testcase classname="src/config/settings.test.ts" name="Settings Loading and Merging &gt; migrateSettingsToV1 &gt; should handle settings with different data types" time="0.000425135">
        </testcase>
        <testcase classname="src/config/settings.test.ts" name="Settings Loading and Merging &gt; migrateSettingsToV1 &gt; should preserve unrecognized top-level keys" time="0.000279186">
        </testcase>
        <testcase classname="src/config/settings.test.ts" name="Settings Loading and Merging &gt; migrateSettingsToV1 &gt; should handle an empty v2 settings object" time="0.000142103">
        </testcase>
        <testcase classname="src/config/settings.test.ts" name="Settings Loading and Merging &gt; migrateSettingsToV1 &gt; should correctly handle mcpServers at the top level" time="0.00020033">
        </testcase>
    </testsuite>
    <testsuite name="src/config/settingsSchema.test.ts" timestamp="2025-10-09T15:32:35.138Z" hostname="uby" tests="14" failures="0" errors="0" skipped="0" time="0.009922955">
        <testcase classname="src/config/settingsSchema.test.ts" name="SettingsSchema &gt; SETTINGS_SCHEMA &gt; should contain all expected top-level settings" time="0.000940726">
        </testcase>
        <testcase classname="src/config/settingsSchema.test.ts" name="SettingsSchema &gt; SETTINGS_SCHEMA &gt; should have correct structure for each setting" time="0.004117921">
        </testcase>
        <testcase classname="src/config/settingsSchema.test.ts" name="SettingsSchema &gt; SETTINGS_SCHEMA &gt; should have correct nested setting structure" time="0.00034703">
        </testcase>
        <testcase classname="src/config/settingsSchema.test.ts" name="SettingsSchema &gt; SETTINGS_SCHEMA &gt; should have accessibility nested properties" time="0.000059409">
        </testcase>
        <testcase classname="src/config/settingsSchema.test.ts" name="SettingsSchema &gt; SETTINGS_SCHEMA &gt; should have checkpointing nested properties" time="0.000044642">
        </testcase>
        <testcase classname="src/config/settingsSchema.test.ts" name="SettingsSchema &gt; SETTINGS_SCHEMA &gt; should have fileFiltering nested properties" time="0.000050924">
        </testcase>
        <testcase classname="src/config/settingsSchema.test.ts" name="SettingsSchema &gt; SETTINGS_SCHEMA &gt; should have unique categories" time="0.001050619">
        </testcase>
        <testcase classname="src/config/settingsSchema.test.ts" name="SettingsSchema &gt; SETTINGS_SCHEMA &gt; should have consistent default values for boolean settings" time="0.000743232">
        </testcase>
        <testcase classname="src/config/settingsSchema.test.ts" name="SettingsSchema &gt; SETTINGS_SCHEMA &gt; should have showInDialog property configured" time="0.000225987">
        </testcase>
        <testcase classname="src/config/settingsSchema.test.ts" name="SettingsSchema &gt; SETTINGS_SCHEMA &gt; should infer Settings type correctly" time="0.000518206">
        </testcase>
        <testcase classname="src/config/settingsSchema.test.ts" name="SettingsSchema &gt; SETTINGS_SCHEMA &gt; should have includeDirectories setting in schema" time="0.000230275">
        </testcase>
        <testcase classname="src/config/settingsSchema.test.ts" name="SettingsSchema &gt; SETTINGS_SCHEMA &gt; should have loadMemoryFromIncludeDirectories setting in schema" time="0.000190091">
        </testcase>
        <testcase classname="src/config/settingsSchema.test.ts" name="SettingsSchema &gt; SETTINGS_SCHEMA &gt; should have folderTrustFeature setting in schema" time="0.000143104">
        </testcase>
        <testcase classname="src/config/settingsSchema.test.ts" name="SettingsSchema &gt; SETTINGS_SCHEMA &gt; should have debugKeystrokeLogging setting in schema" time="0.00013569">
        </testcase>
    </testsuite>
    <testsuite name="src/config/trustedFolders.test.ts" timestamp="2025-10-09T15:32:35.139Z" hostname="uby" tests="12" failures="0" errors="0" skipped="0" time="0.008543649">
        <testcase classname="src/config/trustedFolders.test.ts" name="Trusted Folders Loading &gt; should load empty rules if no files exist" time="0.002380324">
        </testcase>
        <testcase classname="src/config/trustedFolders.test.ts" name="Trusted Folders Loading &gt; should load user rules if only user file exists" time="0.000677751">
        </testcase>
        <testcase classname="src/config/trustedFolders.test.ts" name="Trusted Folders Loading &gt; should handle JSON parsing errors gracefully" time="0.000424082">
        </testcase>
        <testcase classname="src/config/trustedFolders.test.ts" name="Trusted Folders Loading &gt; setValue should update the user config and save it" time="0.000781693">
        </testcase>
        <testcase classname="src/config/trustedFolders.test.ts" name="isWorkspaceTrusted &gt; should return true for a directly trusted folder" time="0.000940967">
        </testcase>
        <testcase classname="src/config/trustedFolders.test.ts" name="isWorkspaceTrusted &gt; should return true for a child of a trusted folder" time="0.00025469">
        </testcase>
        <testcase classname="src/config/trustedFolders.test.ts" name="isWorkspaceTrusted &gt; should return true for a child of a trusted parent folder" time="0.000222941">
        </testcase>
        <testcase classname="src/config/trustedFolders.test.ts" name="isWorkspaceTrusted &gt; should return false for a directly untrusted folder" time="0.000197845">
        </testcase>
        <testcase classname="src/config/trustedFolders.test.ts" name="isWorkspaceTrusted &gt; should return undefined for a child of an untrusted folder" time="0.000374762">
        </testcase>
        <testcase classname="src/config/trustedFolders.test.ts" name="isWorkspaceTrusted &gt; should return undefined when no rules match" time="0.000304522">
        </testcase>
        <testcase classname="src/config/trustedFolders.test.ts" name="isWorkspaceTrusted &gt; should prioritize trust over distrust" time="0.000237168">
        </testcase>
        <testcase classname="src/config/trustedFolders.test.ts" name="isWorkspaceTrusted &gt; should handle path normalization" time="0.000263427">
        </testcase>
    </testsuite>
    <testsuite name="src/services/BuiltinCommandLoader.test.ts" timestamp="2025-10-09T15:32:35.139Z" hostname="uby" tests="4" failures="0" errors="0" skipped="0" time="0.006538489">
        <testcase classname="src/services/BuiltinCommandLoader.test.ts" name="BuiltinCommandLoader &gt; should correctly pass the config object to command factory functions" time="0.003994122">
        </testcase>
        <testcase classname="src/services/BuiltinCommandLoader.test.ts" name="BuiltinCommandLoader &gt; should filter out null command definitions returned by factories" time="0.000365294">
        </testcase>
        <testcase classname="src/services/BuiltinCommandLoader.test.ts" name="BuiltinCommandLoader &gt; should handle a null config gracefully when calling factories" time="0.000385812">
        </testcase>
        <testcase classname="src/services/BuiltinCommandLoader.test.ts" name="BuiltinCommandLoader &gt; should return a list of all loaded commands" time="0.000517284">
        </testcase>
    </testsuite>
    <testsuite name="src/services/CommandService.test.ts" timestamp="2025-10-09T15:32:35.139Z" hostname="uby" tests="11" failures="0" errors="0" skipped="0" time="0.009587096">
        <testcase classname="src/services/CommandService.test.ts" name="CommandService &gt; should load commands from a single loader" time="0.002464539">
        </testcase>
        <testcase classname="src/services/CommandService.test.ts" name="CommandService &gt; should aggregate commands from multiple loaders" time="0.000400379">
        </testcase>
        <testcase classname="src/services/CommandService.test.ts" name="CommandService &gt; should override commands from earlier loaders with those from later loaders" time="0.000689042">
        </testcase>
        <testcase classname="src/services/CommandService.test.ts" name="CommandService &gt; should handle loaders that return an empty array of commands gracefully" time="0.000439371">
        </testcase>
        <testcase classname="src/services/CommandService.test.ts" name="CommandService &gt; should load commands from successful loaders even if one fails" time="0.001066729">
        </testcase>
        <testcase classname="src/services/CommandService.test.ts" name="CommandService &gt; getCommands should return a readonly array that cannot be mutated" time="0.000790018">
        </testcase>
        <testcase classname="src/services/CommandService.test.ts" name="CommandService &gt; should pass the abort signal to all loaders" time="0.001326899">
        </testcase>
        <testcase classname="src/services/CommandService.test.ts" name="CommandService &gt; should rename extension commands when they conflict" time="0.000473945">
        </testcase>
        <testcase classname="src/services/CommandService.test.ts" name="CommandService &gt; should handle user/project command override correctly" time="0.000380783">
        </testcase>
        <testcase classname="src/services/CommandService.test.ts" name="CommandService &gt; should handle secondary conflicts when renaming extension commands" time="0.000311706">
        </testcase>
        <testcase classname="src/services/CommandService.test.ts" name="CommandService &gt; should handle multiple secondary conflicts with incrementing suffixes" time="0.000273686">
        </testcase>
    </testsuite>
    <testsuite name="src/services/FileCommandLoader.test.ts" timestamp="2025-10-09T15:32:35.140Z" hostname="uby" tests="36" failures="0" errors="0" skipped="0" time="0.089316957">
        <testcase classname="src/services/FileCommandLoader.test.ts" name="FileCommandLoader &gt; loads a single command from a file" time="0.016789168">
        </testcase>
        <testcase classname="src/services/FileCommandLoader.test.ts" name="FileCommandLoader &gt; loads commands from a symlinked directory" time="0.002993275">
        </testcase>
        <testcase classname="src/services/FileCommandLoader.test.ts" name="FileCommandLoader &gt; loads commands from a symlinked subdirectory" time="0.002499965">
        </testcase>
        <testcase classname="src/services/FileCommandLoader.test.ts" name="FileCommandLoader &gt; loads multiple commands" time="0.002105226">
        </testcase>
        <testcase classname="src/services/FileCommandLoader.test.ts" name="FileCommandLoader &gt; creates deeply nested namespaces correctly" time="0.002177699">
        </testcase>
        <testcase classname="src/services/FileCommandLoader.test.ts" name="FileCommandLoader &gt; creates namespaces from nested directories" time="0.002069259">
        </testcase>
        <testcase classname="src/services/FileCommandLoader.test.ts" name="FileCommandLoader &gt; returns both user and project commands in order" time="0.003392793">
        </testcase>
        <testcase classname="src/services/FileCommandLoader.test.ts" name="FileCommandLoader &gt; ignores files with TOML syntax errors" time="0.003057885">
            <system-err>
[FileCommandLoader] Failed to parse TOML file /home/atmandk/.qwen/commands/invalid.toml: Invalid character, expected &quot;=&quot; at row 1, col 7, pos 6:
1&gt; this is not valid toml
         ^



            </system-err>
        </testcase>
        <testcase classname="src/services/FileCommandLoader.test.ts" name="FileCommandLoader &gt; ignores files that are semantically invalid (missing prompt)" time="0.004924019">
            <system-err>
[FileCommandLoader] Skipping invalid command file: /home/atmandk/.qwen/commands/no_prompt.toml. Validation errors: {
  formErrors: [],
  fieldErrors: { prompt: [ [32m&quot;The &apos;prompt&apos; field is required.&quot;[39m ] }
}

            </system-err>
        </testcase>
        <testcase classname="src/services/FileCommandLoader.test.ts" name="FileCommandLoader &gt; handles filename edge cases correctly" time="0.00196656">
        </testcase>
        <testcase classname="src/services/FileCommandLoader.test.ts" name="FileCommandLoader &gt; handles file system errors gracefully" time="0.001054066">
        </testcase>
        <testcase classname="src/services/FileCommandLoader.test.ts" name="FileCommandLoader &gt; uses a default description if not provided" time="0.001455106">
        </testcase>
        <testcase classname="src/services/FileCommandLoader.test.ts" name="FileCommandLoader &gt; uses the provided description" time="0.001768274">
        </testcase>
        <testcase classname="src/services/FileCommandLoader.test.ts" name="FileCommandLoader &gt; should sanitize colons in filenames to prevent namespace conflicts" time="0.001667267">
        </testcase>
        <testcase classname="src/services/FileCommandLoader.test.ts" name="FileCommandLoader &gt; Processor Instantiation Logic &gt; instantiates only DefaultArgumentProcessor if no {{args}} or !{} are present" time="0.001849203">
        </testcase>
        <testcase classname="src/services/FileCommandLoader.test.ts" name="FileCommandLoader &gt; Processor Instantiation Logic &gt; instantiates only ShellProcessor if {{args}} is present (but not !{})" time="0.001283189">
        </testcase>
        <testcase classname="src/services/FileCommandLoader.test.ts" name="FileCommandLoader &gt; Processor Instantiation Logic &gt; instantiates ShellProcessor and DefaultArgumentProcessor if !{} is present (but not {{args}})" time="0.001153028">
        </testcase>
        <testcase classname="src/services/FileCommandLoader.test.ts" name="FileCommandLoader &gt; Processor Instantiation Logic &gt; instantiates only ShellProcessor if both {{args}} and !{} are present" time="0.001072089">
        </testcase>
        <testcase classname="src/services/FileCommandLoader.test.ts" name="FileCommandLoader &gt; Processor Instantiation Logic &gt; instantiates AtFileProcessor and DefaultArgumentProcessor if @{} is present" time="0.001794552">
        </testcase>
        <testcase classname="src/services/FileCommandLoader.test.ts" name="FileCommandLoader &gt; Processor Instantiation Logic &gt; instantiates ShellProcessor and AtFileProcessor if !{} and @{} are present" time="0.001279873">
        </testcase>
        <testcase classname="src/services/FileCommandLoader.test.ts" name="FileCommandLoader &gt; Processor Instantiation Logic &gt; instantiates only ShellProcessor and AtFileProcessor if {{args}} and @{} are present" time="0.001022567">
        </testcase>
        <testcase classname="src/services/FileCommandLoader.test.ts" name="FileCommandLoader &gt; Extension Command Loading &gt; loads commands from active extensions" time="0.002466893">
        </testcase>
        <testcase classname="src/services/FileCommandLoader.test.ts" name="FileCommandLoader &gt; Extension Command Loading &gt; extension commands have extensionName metadata for conflict resolution" time="0.003080346">
        </testcase>
        <testcase classname="src/services/FileCommandLoader.test.ts" name="FileCommandLoader &gt; Extension Command Loading &gt; only loads commands from active extensions" time="0.00180989">
        </testcase>
        <testcase classname="src/services/FileCommandLoader.test.ts" name="FileCommandLoader &gt; Extension Command Loading &gt; handles missing extension commands directory gracefully" time="0.00116502">
        </testcase>
        <testcase classname="src/services/FileCommandLoader.test.ts" name="FileCommandLoader &gt; Extension Command Loading &gt; handles nested command structure in extensions" time="0.002511826">
        </testcase>
        <testcase classname="src/services/FileCommandLoader.test.ts" name="FileCommandLoader &gt; Argument Handling Integration (via ShellProcessor) &gt; correctly processes a command with {{args}}" time="0.001570429">
        </testcase>
        <testcase classname="src/services/FileCommandLoader.test.ts" name="FileCommandLoader &gt; Default Argument Processor Integration &gt; correctly processes a command without {{args}}" time="0.001298306">
        </testcase>
        <testcase classname="src/services/FileCommandLoader.test.ts" name="FileCommandLoader &gt; Shell Processor Integration &gt; instantiates ShellProcessor if {{args}} is present (even without shell trigger)" time="0.001486755">
        </testcase>
        <testcase classname="src/services/FileCommandLoader.test.ts" name="FileCommandLoader &gt; Shell Processor Integration &gt; instantiates ShellProcessor if the trigger is present" time="0.001510408">
        </testcase>
        <testcase classname="src/services/FileCommandLoader.test.ts" name="FileCommandLoader &gt; Shell Processor Integration &gt; does not instantiate ShellProcessor if no triggers ({{args}} or !{}) are present" time="0.00179893">
        </testcase>
        <testcase classname="src/services/FileCommandLoader.test.ts" name="FileCommandLoader &gt; Shell Processor Integration &gt; returns a &quot;submit_prompt&quot; action if shell processing succeeds" time="0.001631461">
        </testcase>
        <testcase classname="src/services/FileCommandLoader.test.ts" name="FileCommandLoader &gt; Shell Processor Integration &gt; returns a &quot;confirm_shell_commands&quot; action if shell processing requires it" time="0.001434297">
        </testcase>
        <testcase classname="src/services/FileCommandLoader.test.ts" name="FileCommandLoader &gt; Shell Processor Integration &gt; re-throws other errors from the processor" time="0.0022049">
        </testcase>
        <testcase classname="src/services/FileCommandLoader.test.ts" name="FileCommandLoader &gt; Shell Processor Integration &gt; assembles the processor pipeline in the correct order (AtFile -&gt; Shell -&gt; Default)" time="0.003141208">
        </testcase>
        <testcase classname="src/services/FileCommandLoader.test.ts" name="FileCommandLoader &gt; @-file Processor Integration &gt; correctly processes a command with @{file}" time="0.002236678">
        </testcase>
    </testsuite>
    <testsuite name="src/services/McpPromptLoader.test.ts" timestamp="2025-10-09T15:32:35.141Z" hostname="uby" tests="10" failures="0" errors="0" skipped="0" time="0.00474057">
        <testcase classname="src/services/McpPromptLoader.test.ts" name="McpPromptLoader &gt; parseArgs &gt; should handle multi-word positional arguments" time="0.002150369">
        </testcase>
        <testcase classname="src/services/McpPromptLoader.test.ts" name="McpPromptLoader &gt; parseArgs &gt; should handle quoted multi-word positional arguments" time="0.000307658">
        </testcase>
        <testcase classname="src/services/McpPromptLoader.test.ts" name="McpPromptLoader &gt; parseArgs &gt; should handle a single positional argument with multiple words" time="0.000154956">
        </testcase>
        <testcase classname="src/services/McpPromptLoader.test.ts" name="McpPromptLoader &gt; parseArgs &gt; should handle escaped quotes in positional arguments" time="0.00010859">
        </testcase>
        <testcase classname="src/services/McpPromptLoader.test.ts" name="McpPromptLoader &gt; parseArgs &gt; should handle escaped backslashes in positional arguments" time="0.000084766">
        </testcase>
        <testcase classname="src/services/McpPromptLoader.test.ts" name="McpPromptLoader &gt; parseArgs &gt; should handle named args followed by positional args" time="0.000105335">
        </testcase>
        <testcase classname="src/services/McpPromptLoader.test.ts" name="McpPromptLoader &gt; parseArgs &gt; should handle positional args followed by named args" time="0.000092261">
        </testcase>
        <testcase classname="src/services/McpPromptLoader.test.ts" name="McpPromptLoader &gt; parseArgs &gt; should handle positional args interspersed with named args" time="0.000101448">
        </testcase>
        <testcase classname="src/services/McpPromptLoader.test.ts" name="McpPromptLoader &gt; parseArgs &gt; should treat an escaped quote at the start as a literal" time="0.000094996">
        </testcase>
        <testcase classname="src/services/McpPromptLoader.test.ts" name="McpPromptLoader &gt; parseArgs &gt; should handle a complex mix of args" time="0.000127766">
        </testcase>
    </testsuite>
    <testsuite name="src/test-utils/mockCommandContext.test.ts" timestamp="2025-10-09T15:32:35.141Z" hostname="uby" tests="3" failures="0" errors="0" skipped="0" time="0.00563988">
        <testcase classname="src/test-utils/mockCommandContext.test.ts" name="createMockCommandContext &gt; should return a valid CommandContext object with default mocks" time="0.002920211">
        </testcase>
        <testcase classname="src/test-utils/mockCommandContext.test.ts" name="createMockCommandContext &gt; should apply top-level overrides correctly" time="0.000892698">
        </testcase>
        <testcase classname="src/test-utils/mockCommandContext.test.ts" name="createMockCommandContext &gt; should apply deeply nested overrides correctly" time="0.000493651">
        </testcase>
    </testsuite>
    <testsuite name="src/ui/App.test.tsx" timestamp="2025-10-09T15:32:35.141Z" hostname="uby" tests="49" failures="5" errors="0" skipped="0" time="1.987970584">
        <testcase classname="src/ui/App.test.tsx" name="App UI &gt; handleAutoUpdate &gt; should not start the update process when running from git" time="0.107594596">
            <system-err>
An update to Root inside a test was not wrapped in act(...).

When testing, code that causes React state updates should be wrapped into act(...):

act(() =&gt; {
  /* fire events that update state */
});
/* assert on the output */

This ensures that you&apos;re testing the behavior the user would see in the browser. Learn more at https://react.dev/link/wrap-tests-with-act
An update to Static inside a test was not wrapped in act(...).

When testing, code that causes React state updates should be wrapped into act(...):

act(() =&gt; {
  /* fire events that update state */
});
/* assert on the output */

This ensures that you&apos;re testing the behavior the user would see in the browser. Learn more at https://react.dev/link/wrap-tests-with-act

            </system-err>
        </testcase>
        <testcase classname="src/ui/App.test.tsx" name="App UI &gt; handleAutoUpdate &gt; should show a success message when update succeeds" time="0.073460612">
        </testcase>
        <testcase classname="src/ui/App.test.tsx" name="App UI &gt; handleAutoUpdate &gt; should show an error message when update fails" time="0.075279169">
        </testcase>
        <testcase classname="src/ui/App.test.tsx" name="App UI &gt; handleAutoUpdate &gt; should show an error message when spawn fails" time="0.073146593">
        </testcase>
        <testcase classname="src/ui/App.test.tsx" name="App UI &gt; handleAutoUpdate &gt; should not auto-update if GEMINI_CLI_DISABLE_AUTOUPDATER is true" time="0.021447818">
        </testcase>
        <testcase classname="src/ui/App.test.tsx" name="App UI &gt; should display active file when available" time="0.021151451">
        </testcase>
        <testcase classname="src/ui/App.test.tsx" name="App UI &gt; should not display any files when not available" time="0.019547831">
        </testcase>
        <testcase classname="src/ui/App.test.tsx" name="App UI &gt; should display active file and other open files" time="0.022653603">
        </testcase>
        <testcase classname="src/ui/App.test.tsx" name="App UI &gt; should display active file and other context" time="0.0229603">
        </testcase>
        <testcase classname="src/ui/App.test.tsx" name="App UI &gt; should display default &quot;QWEN.md&quot; in footer when contextFileName is not set and count is 1" time="0.024230494">
        </testcase>
        <testcase classname="src/ui/App.test.tsx" name="App UI &gt; should display default &quot;QWEN.md&quot; with plural when contextFileName is not set and count is &gt; 1" time="0.024958317">
        </testcase>
        <testcase classname="src/ui/App.test.tsx" name="App UI &gt; should display custom contextFileName in footer when set and count is 1" time="0.019864896">
        </testcase>
        <testcase classname="src/ui/App.test.tsx" name="App UI &gt; should display a generic message when multiple context files with different names are provided" time="0.015747967">
        </testcase>
        <testcase classname="src/ui/App.test.tsx" name="App UI &gt; should display custom contextFileName with plural when set and count is &gt; 1" time="0.020287155">
        </testcase>
        <testcase classname="src/ui/App.test.tsx" name="App UI &gt; should not display context file message if count is 0, even if contextFileName is set" time="0.021973459">
        </testcase>
        <testcase classname="src/ui/App.test.tsx" name="App UI &gt; should display QWEN.md and MCP server count when both are present" time="0.040544907">
        </testcase>
        <testcase classname="src/ui/App.test.tsx" name="App UI &gt; should display only MCP server count when QWEN.md count is 0" time="0.021837848">
        </testcase>
        <testcase classname="src/ui/App.test.tsx" name="App UI &gt; should display Tips component by default" time="0.021006984">
        </testcase>
        <testcase classname="src/ui/App.test.tsx" name="App UI &gt; should not display Tips component when hideTips is true" time="0.022582793">
        </testcase>
        <testcase classname="src/ui/App.test.tsx" name="App UI &gt; should display Header component by default" time="0.020557595">
        </testcase>
        <testcase classname="src/ui/App.test.tsx" name="App UI &gt; should not display Header component when hideBanner is true" time="0.021755857">
        </testcase>
        <testcase classname="src/ui/App.test.tsx" name="App UI &gt; should display Footer component by default" time="0.037735672">
            <failure message="expected &apos; I\&apos;m Feeling Lucky (esc to cancel, 0…&apos; to contain &apos;/test/dir&apos;" type="AssertionError">
AssertionError: expected &apos; I\&apos;m Feeling Lucky (esc to cancel, 0…&apos; to contain &apos;/test/dir&apos;

- Expected
+ Received

- /test/dir
+  I&apos;m Feeling Lucky (esc to cancel, 0s)
+
+
+ /test/di    no sandbox (see      model (131,072/131,072 tokens available) (100% context
+ r           /docs)              left)

 ❯ src/ui/App.test.tsx:951:25
            </failure>
        </testcase>
        <testcase classname="src/ui/App.test.tsx" name="App UI &gt; should not display Footer component when hideFooter is true" time="0.016191276">
        </testcase>
        <testcase classname="src/ui/App.test.tsx" name="App UI &gt; should show footer if system says show, but workspace and user settings say hide" time="0.024145668">
            <failure message="expected &apos; I\&apos;m Feeling Lucky (esc to cancel, 0…&apos; to contain &apos;/test/dir&apos;" type="AssertionError">
AssertionError: expected &apos; I\&apos;m Feeling Lucky (esc to cancel, 0…&apos; to contain &apos;/test/dir&apos;

- Expected
+ Received

- /test/dir
+  I&apos;m Feeling Lucky (esc to cancel, 0s)
+
+
+ /test/di    no sandbox (see      model (131,072/131,072 tokens available) (100% context
+ r           /docs)              left)

 ❯ src/ui/App.test.tsx:989:25
            </failure>
        </testcase>
        <testcase classname="src/ui/App.test.tsx" name="App UI &gt; should show tips if system says show, but workspace and user settings say hide" time="0.020986346">
        </testcase>
        <testcase classname="src/ui/App.test.tsx" name="App UI &gt; when no theme is set &gt; should display theme dialog if NO_COLOR is not set" time="0.020708403">
        </testcase>
        <testcase classname="src/ui/App.test.tsx" name="App UI &gt; when no theme is set &gt; should display a message if NO_COLOR is set" time="0.01853984">
        </testcase>
        <testcase classname="src/ui/App.test.tsx" name="App UI &gt; should render the initial UI correctly" time="0.024790838">
            <failure message="Snapshot `App UI &gt; should render the initial UI correctly 1` mismatched" type="Error">
Error: Snapshot `App UI &gt; should render the initial UI correctly 1` mismatched

- Expected
+ Received

  &quot; I&apos;m Feeling Lucky (esc to cancel, 0s)


- /test/dir                no sandbox (see /docs)                  model (100% context left)&quot;
+ /test/di    no sandbox (see      model (131,072/131,072 tokens available) (100% context
+ r           /docs)              left)&quot;

 ❯ src/ui/App.test.tsx:1067:25
            </failure>
        </testcase>
        <testcase classname="src/ui/App.test.tsx" name="App UI &gt; should render correctly with the prompt input box" time="0.030069051">
            <failure message="Snapshot `App UI &gt; should render correctly with the prompt input box 1` mismatched" type="Error">
Error: Snapshot `App UI &gt; should render correctly with the prompt input box 1` mismatched

- Expected
+ Received

  &quot;

  ╭────────────────────────────────────────────────────────────────────────────────────────╮
  │ &gt;   Type your message or @path/to/file                                                 │
  ╰────────────────────────────────────────────────────────────────────────────────────────╯
- /test/dir                no sandbox (see /docs)                  model (100% context left)&quot;
+ /test/di    no sandbox (see      model (131,072/131,072 tokens available) (100% context
+ r           /docs)              left)&quot;

 ❯ src/ui/App.test.tsx:1088:25
            </failure>
        </testcase>
        <testcase classname="src/ui/App.test.tsx" name="App UI &gt; with initial prompt from --prompt-interactive &gt; should submit the initial prompt automatically" time="0.125338688">
        </testcase>
        <testcase classname="src/ui/App.test.tsx" name="App UI &gt; errorCount &gt; should correctly sum the counts of error messages" time="0.028350189">
        </testcase>
        <testcase classname="src/ui/App.test.tsx" name="App UI &gt; auth validation &gt; should call validateAuthMethod when useExternalAuth is false" time="0.030419198">
        </testcase>
        <testcase classname="src/ui/App.test.tsx" name="App UI &gt; auth validation &gt; should NOT call validateAuthMethod when useExternalAuth is true" time="0.028067547">
        </testcase>
        <testcase classname="src/ui/App.test.tsx" name="App UI &gt; when in a narrow terminal &gt; should render with a column layout" time="0.025236511">
            <failure message="Snapshot `App UI &gt; when in a narrow terminal &gt; should render with a column layout 1` mismatched" type="Error">
Error: Snapshot `App UI &gt; when in a narrow terminal &gt; should render with a column layout 1` mismatched

- Expected
+ Received

@@ -6,6 +6,6 @@
  ╰────────────────────────────────────────────────────────────────────────────────────────╯
  dir

  no sandbox (see /docs)

- model (100% context left)| ✖ 5 errors (ctrl+o for details)&quot;
+ model (131,072/131,072 tokens available) (100% context left)| ✖ 5 errors (ctrl+o for details)&quot;

 ❯ src/ui/App.test.tsx:1237:27
            </failure>
        </testcase>
        <testcase classname="src/ui/App.test.tsx" name="App UI &gt; NO_COLOR smoke test &gt; should render without errors when NO_COLOR is set" time="0.028542834">
        </testcase>
        <testcase classname="src/ui/App.test.tsx" name="App UI &gt; FolderTrustDialog &gt; should display the folder trust dialog when isFolderTrustDialogOpen is true" time="0.035839883">
        </testcase>
        <testcase classname="src/ui/App.test.tsx" name="App UI &gt; FolderTrustDialog &gt; should display the folder trust dialog when the feature is enabled but the folder is not trusted" time="0.055405778">
        </testcase>
        <testcase classname="src/ui/App.test.tsx" name="App UI &gt; FolderTrustDialog &gt; should not display the folder trust dialog when the feature is disabled" time="0.027938729">
        </testcase>
        <testcase classname="src/ui/App.test.tsx" name="App UI &gt; Message Queuing &gt; should queue messages when handleFinalSubmit is called during streaming" time="0.036734224">
        </testcase>
        <testcase classname="src/ui/App.test.tsx" name="App UI &gt; Message Queuing &gt; should auto-send queued messages when transitioning from Responding to Idle" time="0.114712946">
        </testcase>
        <testcase classname="src/ui/App.test.tsx" name="App UI &gt; Message Queuing &gt; should display queued messages with dimmed color" time="0.025209421">
        </testcase>
        <testcase classname="src/ui/App.test.tsx" name="App UI &gt; Message Queuing &gt; should clear message queue after sending" time="0.035996673">
        </testcase>
        <testcase classname="src/ui/App.test.tsx" name="App UI &gt; Message Queuing &gt; should handle empty messages by filtering them out" time="0.034255278">
        </testcase>
        <testcase classname="src/ui/App.test.tsx" name="App UI &gt; Message Queuing &gt; should combine multiple queued messages with double newlines" time="0.056788399">
        </testcase>
        <testcase classname="src/ui/App.test.tsx" name="App UI &gt; Message Queuing &gt; should limit displayed messages to MAX_DISPLAYED_QUEUED_MESSAGES" time="0.026310223">
        </testcase>
        <testcase classname="src/ui/App.test.tsx" name="App UI &gt; Message Queuing &gt; should render message queue display without errors" time="0.030688354">
        </testcase>
        <testcase classname="src/ui/App.test.tsx" name="App UI &gt; debug keystroke logging &gt; should pass debugKeystrokeLogging setting to KeypressProvider" time="0.032610652">
        </testcase>
        <testcase classname="src/ui/App.test.tsx" name="App UI &gt; debug keystroke logging &gt; should use default false value when debugKeystrokeLogging is not set" time="0.027512132">
        </testcase>
        <testcase classname="src/ui/App.test.tsx" name="App UI &gt; Ctrl+C behavior &gt; should call cancel but only clear the prompt when a tool is executing" time="0.272522218">
        </testcase>
    </testsuite>
    <testsuite name="src/ui/keyMatchers.test.ts" timestamp="2025-10-09T15:32:35.144Z" hostname="uby" tests="33" failures="0" errors="0" skipped="0" time="0.008926066">
        <testcase classname="src/ui/keyMatchers.test.ts" name="keyMatchers &gt; Data-driven key binding matches original logic &gt; should match return correctly" time="0.001514506">
        </testcase>
        <testcase classname="src/ui/keyMatchers.test.ts" name="keyMatchers &gt; Data-driven key binding matches original logic &gt; should match escape correctly" time="0.000259358">
        </testcase>
        <testcase classname="src/ui/keyMatchers.test.ts" name="keyMatchers &gt; Data-driven key binding matches original logic &gt; should match home correctly" time="0.000160637">
        </testcase>
        <testcase classname="src/ui/keyMatchers.test.ts" name="keyMatchers &gt; Data-driven key binding matches original logic &gt; should match end correctly" time="0.000112658">
        </testcase>
        <testcase classname="src/ui/keyMatchers.test.ts" name="keyMatchers &gt; Data-driven key binding matches original logic &gt; should match killLineRight correctly" time="0.000121975">
        </testcase>
        <testcase classname="src/ui/keyMatchers.test.ts" name="keyMatchers &gt; Data-driven key binding matches original logic &gt; should match killLineLeft correctly" time="0.000090647">
        </testcase>
        <testcase classname="src/ui/keyMatchers.test.ts" name="keyMatchers &gt; Data-driven key binding matches original logic &gt; should match clearInput correctly" time="0.000073756">
        </testcase>
        <testcase classname="src/ui/keyMatchers.test.ts" name="keyMatchers &gt; Data-driven key binding matches original logic &gt; should match clearScreen correctly" time="0.000065752">
        </testcase>
        <testcase classname="src/ui/keyMatchers.test.ts" name="keyMatchers &gt; Data-driven key binding matches original logic &gt; should match historyUp correctly" time="0.000111386">
        </testcase>
        <testcase classname="src/ui/keyMatchers.test.ts" name="keyMatchers &gt; Data-driven key binding matches original logic &gt; should match historyDown correctly" time="0.000111826">
        </testcase>
        <testcase classname="src/ui/keyMatchers.test.ts" name="keyMatchers &gt; Data-driven key binding matches original logic &gt; should match navigationUp correctly" time="0.000143344">
        </testcase>
        <testcase classname="src/ui/keyMatchers.test.ts" name="keyMatchers &gt; Data-driven key binding matches original logic &gt; should match navigationDown correctly" time="0.000131222">
        </testcase>
        <testcase classname="src/ui/keyMatchers.test.ts" name="keyMatchers &gt; Data-driven key binding matches original logic &gt; should match acceptSuggestion correctly" time="0.000138386">
        </testcase>
        <testcase classname="src/ui/keyMatchers.test.ts" name="keyMatchers &gt; Data-driven key binding matches original logic &gt; should match completionUp correctly" time="0.000131332">
        </testcase>
        <testcase classname="src/ui/keyMatchers.test.ts" name="keyMatchers &gt; Data-driven key binding matches original logic &gt; should match completionDown correctly" time="0.000153053">
        </testcase>
        <testcase classname="src/ui/keyMatchers.test.ts" name="keyMatchers &gt; Data-driven key binding matches original logic &gt; should match submit correctly" time="0.000446454">
        </testcase>
        <testcase classname="src/ui/keyMatchers.test.ts" name="keyMatchers &gt; Data-driven key binding matches original logic &gt; should match newline correctly" time="0.000175093">
        </testcase>
        <testcase classname="src/ui/keyMatchers.test.ts" name="keyMatchers &gt; Data-driven key binding matches original logic &gt; should match openExternalEditor correctly" time="0.00013584">
        </testcase>
        <testcase classname="src/ui/keyMatchers.test.ts" name="keyMatchers &gt; Data-driven key binding matches original logic &gt; should match pasteClipboardImage correctly" time="0.00010824">
        </testcase>
        <testcase classname="src/ui/keyMatchers.test.ts" name="keyMatchers &gt; Data-driven key binding matches original logic &gt; should match showErrorDetails correctly" time="0.000105936">
        </testcase>
        <testcase classname="src/ui/keyMatchers.test.ts" name="keyMatchers &gt; Data-driven key binding matches original logic &gt; should match toggleToolDescriptions correctly" time="0.000105886">
        </testcase>
        <testcase classname="src/ui/keyMatchers.test.ts" name="keyMatchers &gt; Data-driven key binding matches original logic &gt; should match toggleIDEContextDetail correctly" time="0.000099023">
        </testcase>
        <testcase classname="src/ui/keyMatchers.test.ts" name="keyMatchers &gt; Data-driven key binding matches original logic &gt; should match quit correctly" time="0.000098492">
        </testcase>
        <testcase classname="src/ui/keyMatchers.test.ts" name="keyMatchers &gt; Data-driven key binding matches original logic &gt; should match exit correctly" time="0.00012451">
        </testcase>
        <testcase classname="src/ui/keyMatchers.test.ts" name="keyMatchers &gt; Data-driven key binding matches original logic &gt; should match showMoreLines correctly" time="0.00010317">
        </testcase>
        <testcase classname="src/ui/keyMatchers.test.ts" name="keyMatchers &gt; Data-driven key binding matches original logic &gt; should match toggleYoloMode correctly" time="0.000100045">
        </testcase>
        <testcase classname="src/ui/keyMatchers.test.ts" name="keyMatchers &gt; Data-driven key binding matches original logic &gt; should match reverseSearch correctly" time="0.001507512">
        </testcase>
        <testcase classname="src/ui/keyMatchers.test.ts" name="keyMatchers &gt; Data-driven key binding matches original logic &gt; should match submitReverseSearch correctly" time="0.000137474">
        </testcase>
        <testcase classname="src/ui/keyMatchers.test.ts" name="keyMatchers &gt; Data-driven key binding matches original logic &gt; should match acceptSuggestionReverseSearch correctly" time="0.000153033">
        </testcase>
        <testcase classname="src/ui/keyMatchers.test.ts" name="keyMatchers &gt; Data-driven key binding matches original logic &gt; should properly handle ACCEPT_SUGGESTION_REVERSE_SEARCH cases" time="0.000137444">
        </testcase>
        <testcase classname="src/ui/keyMatchers.test.ts" name="keyMatchers &gt; Custom key bindings &gt; should work with custom configuration" time="0.000187647">
        </testcase>
        <testcase classname="src/ui/keyMatchers.test.ts" name="keyMatchers &gt; Custom key bindings &gt; should support multiple key bindings for same command" time="0.000139117">
        </testcase>
        <testcase classname="src/ui/keyMatchers.test.ts" name="keyMatchers &gt; Edge Cases &gt; should handle empty binding arrays" time="0.000112999">
        </testcase>
    </testsuite>
    <testsuite name="src/utils/cleanup.test.ts" timestamp="2025-10-09T15:32:35.145Z" hostname="uby" tests="4" failures="0" errors="0" skipped="0" time="0.003567966">
        <testcase classname="src/utils/cleanup.test.ts" name="cleanup &gt; should run a registered synchronous function" time="0.001698685">
        </testcase>
        <testcase classname="src/utils/cleanup.test.ts" name="cleanup &gt; should run a registered asynchronous function" time="0.000308289">
        </testcase>
        <testcase classname="src/utils/cleanup.test.ts" name="cleanup &gt; should run multiple registered functions" time="0.000167449">
        </testcase>
        <testcase classname="src/utils/cleanup.test.ts" name="cleanup &gt; should continue running cleanup functions even if one throws an error" time="0.000147192">
        </testcase>
    </testsuite>
    <testsuite name="src/utils/gitUtils.test.ts" timestamp="2025-10-09T15:32:35.145Z" hostname="uby" tests="12" failures="0" errors="0" skipped="0" time="0.016055434">
        <testcase classname="src/utils/gitUtils.test.ts" name="isGitHubRepository &gt; returns false if the git command fails" time="0.006741784">
            <system-out>
Failed to get git remote: Error: oops
    at [90m/home/atmandk/LowCal-dev/packages/cli/[39msrc/utils/gitUtils.test.ts:29:13
    at mockCall (file:///home/atmandk/LowCal-dev/node_modules/[4m@vitest/spy[24m/dist/index.js:96:15)
    at execSync (file:///home/atmandk/LowCal-dev/node_modules/[4mtinyspy[24m/dist/index.js:47:103)
    at Module.isGitHubRepository [90m(/home/atmandk/LowCal-dev/packages/cli/[39msrc/utils/gitUtils.ts:17:7[90m)[39m
    at [90m/home/atmandk/LowCal-dev/packages/cli/[39msrc/utils/gitUtils.test.ts:31:12
    at file:///home/atmandk/LowCal-dev/node_modules/[4m@vitest/runner[24m/dist/chunk-hooks.js:155:11
    at file:///home/atmandk/LowCal-dev/node_modules/[4m@vitest/runner[24m/dist/chunk-hooks.js:752:26
    at file:///home/atmandk/LowCal-dev/node_modules/[4m@vitest/runner[24m/dist/chunk-hooks.js:1897:20
    at new Promise (&lt;anonymous&gt;)
    at runWithTimeout (file:///home/atmandk/LowCal-dev/node_modules/[4m@vitest/runner[24m/dist/chunk-hooks.js:1863:10)

            </system-out>
        </testcase>
        <testcase classname="src/utils/gitUtils.test.ts" name="isGitHubRepository &gt; returns false if the remote is not github.com" time="0.000370665">
        </testcase>
        <testcase classname="src/utils/gitUtils.test.ts" name="isGitHubRepository &gt; returns true if the remote is github.com" time="0.000152722">
        </testcase>
        <testcase classname="src/utils/gitUtils.test.ts" name="getGitHubRepoInfo &gt; throws an error if github repo info cannot be determined" time="0.000867361">
        </testcase>
        <testcase classname="src/utils/gitUtils.test.ts" name="getGitHubRepoInfo &gt; throws an error if owner/repo could not be determined" time="0.000336551">
        </testcase>
        <testcase classname="src/utils/gitUtils.test.ts" name="getGitHubRepoInfo &gt; returns the owner and repo" time="0.000896735">
        </testcase>
        <testcase classname="src/utils/gitUtils.test.ts" name="getGitRepoRoot &gt; throws an error if git root cannot be determined" time="0.000590229">
        </testcase>
        <testcase classname="src/utils/gitUtils.test.ts" name="getGitRepoRoot &gt; throws an error if git root is empty" time="0.000207042">
        </testcase>
        <testcase classname="src/utils/gitUtils.test.ts" name="getGitRepoRoot &gt; returns the root" time="0.000529657">
        </testcase>
        <testcase classname="src/utils/gitUtils.test.ts" name="getLatestRelease &gt; throws an error if the fetch fails" time="0.00219993">
            <system-out>
Failed to determine latest run-gemini-cli release: nope

            </system-out>
        </testcase>
        <testcase classname="src/utils/gitUtils.test.ts" name="getLatestRelease &gt; throws an error if the fetch does not return a json body" time="0.001222666">
            <system-out>
Failed to determine latest run-gemini-cli release: Error: Response did not include tag_name field
    at Module.getLatestGitHubRelease [90m(/home/atmandk/LowCal-dev/packages/cli/[39msrc/utils/gitUtils.ts:82:13[90m)[39m
[90m    at processTicksAndRejections (node:internal/process/task_queues:105:5)[39m
    at [90m/home/atmandk/LowCal-dev/packages/cli/[39msrc/utils/gitUtils.test.ts:135:5
    at file:///home/atmandk/LowCal-dev/node_modules/[4m@vitest/runner[24m/dist/chunk-hooks.js:752:20

            </system-out>
        </testcase>
        <testcase classname="src/utils/gitUtils.test.ts" name="getLatestRelease &gt; returns the release version" time="0.000648076">
        </testcase>
    </testsuite>
    <testsuite name="src/utils/handleAutoUpdate.test.ts" timestamp="2025-10-09T15:32:35.146Z" hostname="uby" tests="10" failures="0" errors="0" skipped="0" time="0.012467843">
        <testcase classname="src/utils/handleAutoUpdate.test.ts" name="handleAutoUpdate &gt; should do nothing if update info is null" time="0.002331073">
        </testcase>
        <testcase classname="src/utils/handleAutoUpdate.test.ts" name="handleAutoUpdate &gt; should do nothing if update nag is disabled" time="0.000403044">
        </testcase>
        <testcase classname="src/utils/handleAutoUpdate.test.ts" name="handleAutoUpdate &gt; should emit &quot;update-received&quot; but not update if auto-updates are disabled" time="0.002135441">
        </testcase>
        <testcase classname="src/utils/handleAutoUpdate.test.ts" name="handleAutoUpdate &gt; should emit &quot;update-received&quot; but not update if no update command is found" time="0.000426006">
        </testcase>
        <testcase classname="src/utils/handleAutoUpdate.test.ts" name="handleAutoUpdate &gt; should combine update messages correctly" time="0.000327905">
        </testcase>
        <testcase classname="src/utils/handleAutoUpdate.test.ts" name="handleAutoUpdate &gt; should attempt to perform an update when conditions are met" time="0.000335489">
        </testcase>
        <testcase classname="src/utils/handleAutoUpdate.test.ts" name="handleAutoUpdate &gt; should emit &quot;update-failed&quot; when the update process fails" time="0.001716578">
        </testcase>
        <testcase classname="src/utils/handleAutoUpdate.test.ts" name="handleAutoUpdate &gt; should emit &quot;update-failed&quot; when the spawn function throws an error" time="0.00148996">
        </testcase>
        <testcase classname="src/utils/handleAutoUpdate.test.ts" name="handleAutoUpdate &gt; should use the &quot;@nightly&quot; tag for nightly updates" time="0.000348654">
        </testcase>
        <testcase classname="src/utils/handleAutoUpdate.test.ts" name="handleAutoUpdate &gt; should emit &quot;update-success&quot; when the update process succeeds" time="0.001548568">
        </testcase>
    </testsuite>
    <testsuite name="src/utils/installationInfo.test.ts" timestamp="2025-10-09T15:32:35.146Z" hostname="uby" tests="16" failures="0" errors="0" skipped="0" time="0.007750395">
        <testcase classname="src/utils/installationInfo.test.ts" name="getInstallationInfo &gt; should return UNKNOWN when cliPath is not available" time="0.001656978">
        </testcase>
        <testcase classname="src/utils/installationInfo.test.ts" name="getInstallationInfo &gt; should return UNKNOWN and log error if realpathSync fails" time="0.001486434">
        </testcase>
        <testcase classname="src/utils/installationInfo.test.ts" name="getInstallationInfo &gt; should detect running from a local git clone" time="0.00024897">
        </testcase>
        <testcase classname="src/utils/installationInfo.test.ts" name="getInstallationInfo &gt; should detect running via npx" time="0.00022229">
        </testcase>
        <testcase classname="src/utils/installationInfo.test.ts" name="getInstallationInfo &gt; should detect running via pnpx" time="0.000179111">
        </testcase>
        <testcase classname="src/utils/installationInfo.test.ts" name="getInstallationInfo &gt; should detect running via bunx" time="0.000191183">
        </testcase>
        <testcase classname="src/utils/installationInfo.test.ts" name="getInstallationInfo &gt; should detect Homebrew installation via execSync" time="0.000794737">
        </testcase>
        <testcase classname="src/utils/installationInfo.test.ts" name="getInstallationInfo &gt; should fall through if brew command fails" time="0.000360396">
        </testcase>
        <testcase classname="src/utils/installationInfo.test.ts" name="getInstallationInfo &gt; should detect global pnpm installation" time="0.000267874">
        </testcase>
        <testcase classname="src/utils/installationInfo.test.ts" name="getInstallationInfo &gt; should detect global yarn installation" time="0.000185012">
        </testcase>
        <testcase classname="src/utils/installationInfo.test.ts" name="getInstallationInfo &gt; should detect global bun installation" time="0.000144537">
        </testcase>
        <testcase classname="src/utils/installationInfo.test.ts" name="getInstallationInfo &gt; should detect local installation and identify yarn from lockfile" time="0.000177798">
        </testcase>
        <testcase classname="src/utils/installationInfo.test.ts" name="getInstallationInfo &gt; should detect local installation and identify pnpm from lockfile" time="0.000133357">
        </testcase>
        <testcase classname="src/utils/installationInfo.test.ts" name="getInstallationInfo &gt; should detect local installation and identify bun from lockfile" time="0.000116705">
        </testcase>
        <testcase classname="src/utils/installationInfo.test.ts" name="getInstallationInfo &gt; should default to local npm installation if no lockfile is found" time="0.000098212">
        </testcase>
        <testcase classname="src/utils/installationInfo.test.ts" name="getInstallationInfo &gt; should default to global npm installation for unrecognized paths" time="0.000145288">
        </testcase>
    </testsuite>
    <testsuite name="src/utils/readStdin.test.ts" timestamp="2025-10-09T15:32:35.146Z" hostname="uby" tests="4" failures="0" errors="0" skipped="0" time="0.008709917">
        <testcase classname="src/utils/readStdin.test.ts" name="readStdin &gt; should read and accumulate data from stdin" time="0.003935123">
        </testcase>
        <testcase classname="src/utils/readStdin.test.ts" name="readStdin &gt; should handle empty stdin input" time="0.000376314">
        </testcase>
        <testcase classname="src/utils/readStdin.test.ts" name="readStdin &gt; should timeout and resolve with empty string when no input is available" time="0.002382958">
        </testcase>
        <testcase classname="src/utils/readStdin.test.ts" name="readStdin &gt; should clear timeout once when data is received and resolve with data" time="0.000682179">
        </testcase>
    </testsuite>
    <testsuite name="src/utils/settingsUtils.test.ts" timestamp="2025-10-09T15:32:35.147Z" hostname="uby" tests="68" failures="0" errors="0" skipped="0" time="0.013647851">
        <testcase classname="src/utils/settingsUtils.test.ts" name="SettingsUtils &gt; Schema Utilities &gt; getSettingsByCategory &gt; should group settings by category" time="0.00146838">
        </testcase>
        <testcase classname="src/utils/settingsUtils.test.ts" name="SettingsUtils &gt; Schema Utilities &gt; getSettingsByCategory &gt; should include key property in grouped settings" time="0.001594352">
        </testcase>
        <testcase classname="src/utils/settingsUtils.test.ts" name="SettingsUtils &gt; Schema Utilities &gt; getSettingDefinition &gt; should return definition for valid setting" time="0.000206421">
        </testcase>
        <testcase classname="src/utils/settingsUtils.test.ts" name="SettingsUtils &gt; Schema Utilities &gt; getSettingDefinition &gt; should return undefined for invalid setting" time="0.000085197">
        </testcase>
        <testcase classname="src/utils/settingsUtils.test.ts" name="SettingsUtils &gt; Schema Utilities &gt; requiresRestart &gt; should return true for settings that require restart" time="0.00011917">
        </testcase>
        <testcase classname="src/utils/settingsUtils.test.ts" name="SettingsUtils &gt; Schema Utilities &gt; requiresRestart &gt; should return false for settings that do not require restart" time="0.000076831">
        </testcase>
        <testcase classname="src/utils/settingsUtils.test.ts" name="SettingsUtils &gt; Schema Utilities &gt; requiresRestart &gt; should return false for invalid settings" time="0.00006504">
        </testcase>
        <testcase classname="src/utils/settingsUtils.test.ts" name="SettingsUtils &gt; Schema Utilities &gt; getDefaultValue &gt; should return correct default values" time="0.000100134">
        </testcase>
        <testcase classname="src/utils/settingsUtils.test.ts" name="SettingsUtils &gt; Schema Utilities &gt; getDefaultValue &gt; should return undefined for invalid settings" time="0.000064179">
        </testcase>
        <testcase classname="src/utils/settingsUtils.test.ts" name="SettingsUtils &gt; Schema Utilities &gt; getRestartRequiredSettings &gt; should return all settings that require restart" time="0.00098611">
        </testcase>
        <testcase classname="src/utils/settingsUtils.test.ts" name="SettingsUtils &gt; Schema Utilities &gt; getEffectiveValue &gt; should return value from settings when set" time="0.000195731">
        </testcase>
        <testcase classname="src/utils/settingsUtils.test.ts" name="SettingsUtils &gt; Schema Utilities &gt; getEffectiveValue &gt; should return value from merged settings when not set in current scope" time="0.000085548">
        </testcase>
        <testcase classname="src/utils/settingsUtils.test.ts" name="SettingsUtils &gt; Schema Utilities &gt; getEffectiveValue &gt; should return default value when not set anywhere" time="0.000055011">
        </testcase>
        <testcase classname="src/utils/settingsUtils.test.ts" name="SettingsUtils &gt; Schema Utilities &gt; getEffectiveValue &gt; should handle nested settings correctly" time="0.000063627">
        </testcase>
        <testcase classname="src/utils/settingsUtils.test.ts" name="SettingsUtils &gt; Schema Utilities &gt; getEffectiveValue &gt; should return undefined for invalid settings" time="0.000150268">
        </testcase>
        <testcase classname="src/utils/settingsUtils.test.ts" name="SettingsUtils &gt; Schema Utilities &gt; getAllSettingKeys &gt; should return all setting keys" time="0.000188267">
        </testcase>
        <testcase classname="src/utils/settingsUtils.test.ts" name="SettingsUtils &gt; Schema Utilities &gt; getSettingsByType &gt; should return only boolean settings" time="0.00051449">
        </testcase>
        <testcase classname="src/utils/settingsUtils.test.ts" name="SettingsUtils &gt; Schema Utilities &gt; getSettingsRequiringRestart &gt; should return only settings that require restart" time="0.000484925">
        </testcase>
        <testcase classname="src/utils/settingsUtils.test.ts" name="SettingsUtils &gt; Schema Utilities &gt; isValidSettingKey &gt; should return true for valid setting keys" time="0.000079166">
        </testcase>
        <testcase classname="src/utils/settingsUtils.test.ts" name="SettingsUtils &gt; Schema Utilities &gt; isValidSettingKey &gt; should return false for invalid setting keys" time="0.000062976">
        </testcase>
        <testcase classname="src/utils/settingsUtils.test.ts" name="SettingsUtils &gt; Schema Utilities &gt; getSettingCategory &gt; should return correct category for valid settings" time="0.000104392">
        </testcase>
        <testcase classname="src/utils/settingsUtils.test.ts" name="SettingsUtils &gt; Schema Utilities &gt; getSettingCategory &gt; should return undefined for invalid settings" time="0.000040124">
        </testcase>
        <testcase classname="src/utils/settingsUtils.test.ts" name="SettingsUtils &gt; Schema Utilities &gt; shouldShowInDialog &gt; should return true for settings marked to show in dialog" time="0.000076811">
        </testcase>
        <testcase classname="src/utils/settingsUtils.test.ts" name="SettingsUtils &gt; Schema Utilities &gt; shouldShowInDialog &gt; should return false for settings marked to hide from dialog" time="0.000071682">
        </testcase>
        <testcase classname="src/utils/settingsUtils.test.ts" name="SettingsUtils &gt; Schema Utilities &gt; shouldShowInDialog &gt; should return true for invalid settings (default behavior)" time="0.000030266">
        </testcase>
        <testcase classname="src/utils/settingsUtils.test.ts" name="SettingsUtils &gt; Schema Utilities &gt; getDialogSettingsByCategory &gt; should only return settings marked for dialog display" time="0.000292691">
        </testcase>
        <testcase classname="src/utils/settingsUtils.test.ts" name="SettingsUtils &gt; Schema Utilities &gt; getDialogSettingsByCategory &gt; should not include Advanced category settings" time="0.000088052">
        </testcase>
        <testcase classname="src/utils/settingsUtils.test.ts" name="SettingsUtils &gt; Schema Utilities &gt; getDialogSettingsByCategory &gt; should include settings with showInDialog=true" time="0.000377166">
        </testcase>
        <testcase classname="src/utils/settingsUtils.test.ts" name="SettingsUtils &gt; Schema Utilities &gt; getDialogSettingsByType &gt; should return only boolean dialog settings" time="0.000333225">
        </testcase>
        <testcase classname="src/utils/settingsUtils.test.ts" name="SettingsUtils &gt; Schema Utilities &gt; getDialogSettingsByType &gt; should return only string dialog settings" time="0.000229794">
        </testcase>
        <testcase classname="src/utils/settingsUtils.test.ts" name="SettingsUtils &gt; Schema Utilities &gt; getDialogSettingKeys &gt; should return only settings marked for dialog display" time="0.000564041">
        </testcase>
        <testcase classname="src/utils/settingsUtils.test.ts" name="SettingsUtils &gt; Schema Utilities &gt; getDialogSettingKeys &gt; should return fewer keys than getAllSettingKeys" time="0.000141461">
        </testcase>
        <testcase classname="src/utils/settingsUtils.test.ts" name="SettingsUtils &gt; Schema Utilities &gt; getDialogSettingKeys &gt; should handle nested settings display correctly" time="0.000294895">
        </testcase>
        <testcase classname="src/utils/settingsUtils.test.ts" name="SettingsUtils &gt; Business Logic Utilities &gt; getSettingValue &gt; should return value from settings when set" time="0.000071392">
        </testcase>
        <testcase classname="src/utils/settingsUtils.test.ts" name="SettingsUtils &gt; Business Logic Utilities &gt; getSettingValue &gt; should return value from merged settings when not set in current scope" time="0.000040916">
        </testcase>
        <testcase classname="src/utils/settingsUtils.test.ts" name="SettingsUtils &gt; Business Logic Utilities &gt; getSettingValue &gt; should return default value for invalid setting" time="0.000032279">
        </testcase>
        <testcase classname="src/utils/settingsUtils.test.ts" name="SettingsUtils &gt; Business Logic Utilities &gt; isSettingModified &gt; should return true when value differs from default" time="0.000088323">
        </testcase>
        <testcase classname="src/utils/settingsUtils.test.ts" name="SettingsUtils &gt; Business Logic Utilities &gt; isSettingModified &gt; should return false when value matches default" time="0.000080097">
        </testcase>
        <testcase classname="src/utils/settingsUtils.test.ts" name="SettingsUtils &gt; Business Logic Utilities &gt; settingExistsInScope &gt; should return true for top-level settings that exist" time="0.000064439">
        </testcase>
        <testcase classname="src/utils/settingsUtils.test.ts" name="SettingsUtils &gt; Business Logic Utilities &gt; settingExistsInScope &gt; should return false for top-level settings that do not exist" time="0.000056454">
        </testcase>
        <testcase classname="src/utils/settingsUtils.test.ts" name="SettingsUtils &gt; Business Logic Utilities &gt; settingExistsInScope &gt; should return true for nested settings that exist" time="0.000050052">
        </testcase>
        <testcase classname="src/utils/settingsUtils.test.ts" name="SettingsUtils &gt; Business Logic Utilities &gt; settingExistsInScope &gt; should return false for nested settings that do not exist" time="0.000033622">
        </testcase>
        <testcase classname="src/utils/settingsUtils.test.ts" name="SettingsUtils &gt; Business Logic Utilities &gt; settingExistsInScope &gt; should return false when parent exists but child does not" time="0.000032911">
        </testcase>
        <testcase classname="src/utils/settingsUtils.test.ts" name="SettingsUtils &gt; Business Logic Utilities &gt; setPendingSettingValue &gt; should set top-level setting value" time="0.000062245">
        </testcase>
        <testcase classname="src/utils/settingsUtils.test.ts" name="SettingsUtils &gt; Business Logic Utilities &gt; setPendingSettingValue &gt; should set nested setting value" time="0.000045354">
        </testcase>
        <testcase classname="src/utils/settingsUtils.test.ts" name="SettingsUtils &gt; Business Logic Utilities &gt; setPendingSettingValue &gt; should preserve existing nested settings" time="0.000057807">
        </testcase>
        <testcase classname="src/utils/settingsUtils.test.ts" name="SettingsUtils &gt; Business Logic Utilities &gt; setPendingSettingValue &gt; should not mutate original settings" time="0.000508578">
        </testcase>
        <testcase classname="src/utils/settingsUtils.test.ts" name="SettingsUtils &gt; Business Logic Utilities &gt; hasRestartRequiredSettings &gt; should return true when modified settings require restart" time="0.000109162">
        </testcase>
        <testcase classname="src/utils/settingsUtils.test.ts" name="SettingsUtils &gt; Business Logic Utilities &gt; hasRestartRequiredSettings &gt; should return false when no modified settings require restart" time="0.000075599">
        </testcase>
        <testcase classname="src/utils/settingsUtils.test.ts" name="SettingsUtils &gt; Business Logic Utilities &gt; hasRestartRequiredSettings &gt; should return false for empty set" time="0.000066903">
        </testcase>
        <testcase classname="src/utils/settingsUtils.test.ts" name="SettingsUtils &gt; Business Logic Utilities &gt; getRestartRequiredFromModified &gt; should return only settings that require restart" time="0.000175464">
        </testcase>
        <testcase classname="src/utils/settingsUtils.test.ts" name="SettingsUtils &gt; Business Logic Utilities &gt; getRestartRequiredFromModified &gt; should return empty array when no settings require restart" time="0.000073777">
        </testcase>
        <testcase classname="src/utils/settingsUtils.test.ts" name="SettingsUtils &gt; Business Logic Utilities &gt; getDisplayValue &gt; should show value without * when setting matches default" time="0.000072073">
        </testcase>
        <testcase classname="src/utils/settingsUtils.test.ts" name="SettingsUtils &gt; Business Logic Utilities &gt; getDisplayValue &gt; should show default value when setting is not in scope" time="0.000066622">
        </testcase>
        <testcase classname="src/utils/settingsUtils.test.ts" name="SettingsUtils &gt; Business Logic Utilities &gt; getDisplayValue &gt; should show value with * when changed from default" time="0.000047217">
        </testcase>
        <testcase classname="src/utils/settingsUtils.test.ts" name="SettingsUtils &gt; Business Logic Utilities &gt; getDisplayValue &gt; should show default value without * when setting does not exist in scope" time="0.000062315">
        </testcase>
        <testcase classname="src/utils/settingsUtils.test.ts" name="SettingsUtils &gt; Business Logic Utilities &gt; getDisplayValue &gt; should show value with * when user changes from default" time="0.000047808">
        </testcase>
        <testcase classname="src/utils/settingsUtils.test.ts" name="SettingsUtils &gt; Business Logic Utilities &gt; isDefaultValue &gt; should return true when setting does not exist in scope" time="0.000052757">
        </testcase>
        <testcase classname="src/utils/settingsUtils.test.ts" name="SettingsUtils &gt; Business Logic Utilities &gt; isDefaultValue &gt; should return false when setting exists in scope" time="0.0000325">
        </testcase>
        <testcase classname="src/utils/settingsUtils.test.ts" name="SettingsUtils &gt; Business Logic Utilities &gt; isDefaultValue &gt; should return true when nested setting does not exist in scope" time="0.000029986">
        </testcase>
        <testcase classname="src/utils/settingsUtils.test.ts" name="SettingsUtils &gt; Business Logic Utilities &gt; isDefaultValue &gt; should return false when nested setting exists in scope" time="0.000031579">
        </testcase>
        <testcase classname="src/utils/settingsUtils.test.ts" name="SettingsUtils &gt; Business Logic Utilities &gt; isValueInherited &gt; should return false for top-level settings that exist in scope" time="0.000044853">
        </testcase>
        <testcase classname="src/utils/settingsUtils.test.ts" name="SettingsUtils &gt; Business Logic Utilities &gt; isValueInherited &gt; should return true for top-level settings that do not exist in scope" time="0.000031758">
        </testcase>
        <testcase classname="src/utils/settingsUtils.test.ts" name="SettingsUtils &gt; Business Logic Utilities &gt; isValueInherited &gt; should return false for nested settings that exist in scope" time="0.000031498">
        </testcase>
        <testcase classname="src/utils/settingsUtils.test.ts" name="SettingsUtils &gt; Business Logic Utilities &gt; isValueInherited &gt; should return true for nested settings that do not exist in scope" time="0.000029795">
        </testcase>
        <testcase classname="src/utils/settingsUtils.test.ts" name="SettingsUtils &gt; Business Logic Utilities &gt; getEffectiveDisplayValue &gt; should return value from settings when available" time="0.000041787">
        </testcase>
        <testcase classname="src/utils/settingsUtils.test.ts" name="SettingsUtils &gt; Business Logic Utilities &gt; getEffectiveDisplayValue &gt; should return value from merged settings when not in scope" time="0.000032389">
        </testcase>
        <testcase classname="src/utils/settingsUtils.test.ts" name="SettingsUtils &gt; Business Logic Utilities &gt; getEffectiveDisplayValue &gt; should return default value for undefined values" time="0.000028934">
        </testcase>
    </testsuite>
    <testsuite name="src/utils/startupWarnings.test.ts" timestamp="2025-10-09T15:32:35.149Z" hostname="uby" tests="4" failures="0" errors="0" skipped="4" time="0">
        <testcase classname="src/utils/startupWarnings.test.ts" name="startupWarnings &gt; should return warnings from the file and delete it" time="0">
            <skipped/>
        </testcase>
        <testcase classname="src/utils/startupWarnings.test.ts" name="startupWarnings &gt; should return an empty array if the file does not exist" time="0">
            <skipped/>
        </testcase>
        <testcase classname="src/utils/startupWarnings.test.ts" name="startupWarnings &gt; should return an error message if reading the file fails" time="0">
            <skipped/>
        </testcase>
        <testcase classname="src/utils/startupWarnings.test.ts" name="startupWarnings &gt; should return a warning if deleting the file fails" time="0">
            <skipped/>
        </testcase>
    </testsuite>
    <testsuite name="src/utils/userStartupWarnings.test.ts" timestamp="2025-10-09T15:32:35.149Z" hostname="uby" tests="5" failures="0" errors="0" skipped="0" time="0.008700589">
        <testcase classname="src/utils/userStartupWarnings.test.ts" name="getUserStartupWarnings &gt; home directory check &gt; should return a warning when running in home directory" time="0.00496275">
        </testcase>
        <testcase classname="src/utils/userStartupWarnings.test.ts" name="getUserStartupWarnings &gt; home directory check &gt; should not return a warning when running in a project directory" time="0.000879323">
        </testcase>
        <testcase classname="src/utils/userStartupWarnings.test.ts" name="getUserStartupWarnings &gt; root directory check &gt; should return a warning when running in a root directory" time="0.000479485">
        </testcase>
        <testcase classname="src/utils/userStartupWarnings.test.ts" name="getUserStartupWarnings &gt; root directory check &gt; should not return a warning when running in a non-root directory" time="0.000409756">
        </testcase>
        <testcase classname="src/utils/userStartupWarnings.test.ts" name="getUserStartupWarnings &gt; error handling &gt; should handle errors when checking directory" time="0.000762879">
        </testcase>
    </testsuite>
    <testsuite name="src/commands/extensions/install.test.ts" timestamp="2025-10-09T15:32:35.149Z" hostname="uby" tests="2" failures="0" errors="0" skipped="0" time="0.00921551">
        <testcase classname="src/commands/extensions/install.test.ts" name="extensions install command &gt; should fail if no source is provided" time="0.006676082">
        </testcase>
        <testcase classname="src/commands/extensions/install.test.ts" name="extensions install command &gt; should fail if both git source and local path are provided" time="0.001522951">
        </testcase>
    </testsuite>
    <testsuite name="src/commands/extensions/uninstall.test.ts" timestamp="2025-10-09T15:32:35.149Z" hostname="uby" tests="1" failures="0" errors="0" skipped="0" time="0.006225431">
        <testcase classname="src/commands/extensions/uninstall.test.ts" name="extensions uninstall command &gt; should fail if no source is provided" time="0.005529426">
        </testcase>
    </testsuite>
    <testsuite name="src/commands/mcp/add.test.ts" timestamp="2025-10-09T15:32:35.149Z" hostname="uby" tests="5" failures="0" errors="0" skipped="0" time="0.042456826">
        <testcase classname="src/commands/mcp/add.test.ts" name="mcp add command &gt; should add a stdio server to project settings" time="0.020647361">
            <system-out>
MCP server &quot;my-server&quot; added to project settings. (stdio)

            </system-out>
        </testcase>
        <testcase classname="src/commands/mcp/add.test.ts" name="mcp add command &gt; should add an sse server to user settings" time="0.005030214">
            <system-out>
MCP server &quot;sse-server&quot; added to user settings. (sse)

            </system-out>
        </testcase>
        <testcase classname="src/commands/mcp/add.test.ts" name="mcp add command &gt; should add an http server to project settings" time="0.004401704">
            <system-out>
MCP server &quot;http-server&quot; added to project settings. (http)

            </system-out>
        </testcase>
        <testcase classname="src/commands/mcp/add.test.ts" name="mcp add command &gt; should handle MCP server args with -- separator" time="0.00575407">
            <system-out>
MCP server &quot;my-server&quot; added to project settings. (stdio)

            </system-out>
        </testcase>
        <testcase classname="src/commands/mcp/add.test.ts" name="mcp add command &gt; should handle unknown options as MCP server args" time="0.004927155">
            <system-out>
MCP server &quot;test-server&quot; added to project settings. (stdio)

            </system-out>
        </testcase>
    </testsuite>
    <testsuite name="src/commands/mcp/list.test.ts" timestamp="2025-10-09T15:32:35.149Z" hostname="uby" tests="4" failures="0" errors="0" skipped="0" time="0.007625024">
        <testcase classname="src/commands/mcp/list.test.ts" name="mcp list command &gt; should display message when no servers configured" time="0.002819223">
        </testcase>
        <testcase classname="src/commands/mcp/list.test.ts" name="mcp list command &gt; should display different server types with connected status" time="0.001843081">
        </testcase>
        <testcase classname="src/commands/mcp/list.test.ts" name="mcp list command &gt; should display disconnected status when connection fails" time="0.000823039">
        </testcase>
        <testcase classname="src/commands/mcp/list.test.ts" name="mcp list command &gt; should merge extension servers with config servers" time="0.000910961">
        </testcase>
    </testsuite>
    <testsuite name="src/commands/mcp/remove.test.ts" timestamp="2025-10-09T15:32:35.150Z" hostname="uby" tests="2" failures="0" errors="0" skipped="0" time="0.014653357">
        <testcase classname="src/commands/mcp/remove.test.ts" name="mcp remove command &gt; should remove a server from project settings" time="0.011727026">
            <system-out>
Server &quot;test-server&quot; removed from project settings.

            </system-out>
        </testcase>
        <testcase classname="src/commands/mcp/remove.test.ts" name="mcp remove command &gt; should show a message if server not found" time="0.002050575">
        </testcase>
    </testsuite>
    <testsuite name="src/config/__tests__/env-persist.test.ts" timestamp="2025-10-09T15:32:35.150Z" hostname="uby" tests="1" failures="0" errors="0" skipped="0" time="0.002500675">
        <testcase classname="src/config/__tests__/env-persist.test.ts" name="env persistence &gt; writes to discovered .env file and returns the path" time="0.001640397">
        </testcase>
    </testsuite>
    <testsuite name="src/services/prompt-processors/argumentProcessor.test.ts" timestamp="2025-10-09T15:32:35.150Z" hostname="uby" tests="2" failures="0" errors="0" skipped="0" time="0.00409538">
        <testcase classname="src/services/prompt-processors/argumentProcessor.test.ts" name="Argument Processors &gt; DefaultArgumentProcessor &gt; should append the full command if args are provided" time="0.002407364">
        </testcase>
        <testcase classname="src/services/prompt-processors/argumentProcessor.test.ts" name="Argument Processors &gt; DefaultArgumentProcessor &gt; should NOT append the full command if no args are provided" time="0.000337763">
        </testcase>
    </testsuite>
    <testsuite name="src/services/prompt-processors/atFileProcessor.test.ts" timestamp="2025-10-09T15:32:35.150Z" hostname="uby" tests="11" failures="0" errors="0" skipped="0" time="0.023748234">
        <testcase classname="src/services/prompt-processors/atFileProcessor.test.ts" name="AtFileProcessor &gt; should not change the prompt if no @{ trigger is present" time="0.004120315">
        </testcase>
        <testcase classname="src/services/prompt-processors/atFileProcessor.test.ts" name="AtFileProcessor &gt; should not change the prompt if config service is missing" time="0.001567013">
        </testcase>
        <testcase classname="src/services/prompt-processors/atFileProcessor.test.ts" name="AtFileProcessor &gt; Parsing Logic &gt; should replace a single valid @{path/to/file.txt} placeholder" time="0.002758672">
        </testcase>
        <testcase classname="src/services/prompt-processors/atFileProcessor.test.ts" name="AtFileProcessor &gt; Parsing Logic &gt; should replace multiple different @{...} placeholders" time="0.001491332">
        </testcase>
        <testcase classname="src/services/prompt-processors/atFileProcessor.test.ts" name="AtFileProcessor &gt; Parsing Logic &gt; should handle placeholders at the beginning, middle, and end" time="0.001210374">
        </testcase>
        <testcase classname="src/services/prompt-processors/atFileProcessor.test.ts" name="AtFileProcessor &gt; Parsing Logic &gt; should correctly parse paths that contain balanced braces" time="0.001256719">
        </testcase>
        <testcase classname="src/services/prompt-processors/atFileProcessor.test.ts" name="AtFileProcessor &gt; Parsing Logic &gt; should throw an error if the prompt contains an unclosed trigger" time="0.003148">
        </testcase>
        <testcase classname="src/services/prompt-processors/atFileProcessor.test.ts" name="AtFileProcessor &gt; Integration and Error Handling &gt; should leave the placeholder unmodified if readPathFromWorkspace throws" time="0.001799621">
            <system-err>
[AtFileProcessor] Failed to inject content for &apos;@{not-found.txt}&apos;: File not found. Leaving placeholder in prompt.

            </system-err>
        </testcase>
        <testcase classname="src/services/prompt-processors/atFileProcessor.test.ts" name="AtFileProcessor &gt; UI Feedback &gt; should call ui.addItem with an ERROR on failure" time="0.002942712">
            <system-err>
[AtFileProcessor] Failed to inject content for &apos;@{bad-file.txt}&apos;: Access denied. Leaving placeholder in prompt.

            </system-err>
        </testcase>
        <testcase classname="src/services/prompt-processors/atFileProcessor.test.ts" name="AtFileProcessor &gt; UI Feedback &gt; should call ui.addItem with a WARNING if the file was ignored" time="0.000964039">
        </testcase>
        <testcase classname="src/services/prompt-processors/atFileProcessor.test.ts" name="AtFileProcessor &gt; UI Feedback &gt; should NOT call ui.addItem on success" time="0.000571675">
        </testcase>
    </testsuite>
    <testsuite name="src/services/prompt-processors/injectionParser.test.ts" timestamp="2025-10-09T15:32:35.150Z" hostname="uby" tests="21" failures="0" errors="0" skipped="0" time="0.007976192">
        <testcase classname="src/services/prompt-processors/injectionParser.test.ts" name="extractInjections &gt; Basic Functionality &gt; should return an empty array if no trigger is present" time="0.001840267">
        </testcase>
        <testcase classname="src/services/prompt-processors/injectionParser.test.ts" name="extractInjections &gt; Basic Functionality &gt; should extract a single, simple injection" time="0.000318528">
        </testcase>
        <testcase classname="src/services/prompt-processors/injectionParser.test.ts" name="extractInjections &gt; Basic Functionality &gt; should extract multiple injections" time="0.001057762">
        </testcase>
        <testcase classname="src/services/prompt-processors/injectionParser.test.ts" name="extractInjections &gt; Basic Functionality &gt; should handle different triggers (e.g., @{)" time="0.000240473">
        </testcase>
        <testcase classname="src/services/prompt-processors/injectionParser.test.ts" name="extractInjections &gt; Positioning and Edge Cases &gt; should handle injections at the start and end of the prompt" time="0.000246224">
        </testcase>
        <testcase classname="src/services/prompt-processors/injectionParser.test.ts" name="extractInjections &gt; Positioning and Edge Cases &gt; should handle adjacent injections" time="0.000376835">
        </testcase>
        <testcase classname="src/services/prompt-processors/injectionParser.test.ts" name="extractInjections &gt; Positioning and Edge Cases &gt; should handle empty injections" time="0.000126884">
        </testcase>
        <testcase classname="src/services/prompt-processors/injectionParser.test.ts" name="extractInjections &gt; Positioning and Edge Cases &gt; should trim whitespace within the content" time="0.000096128">
        </testcase>
        <testcase classname="src/services/prompt-processors/injectionParser.test.ts" name="extractInjections &gt; Positioning and Edge Cases &gt; should ignore similar patterns that are not the exact trigger" time="0.000073215">
        </testcase>
        <testcase classname="src/services/prompt-processors/injectionParser.test.ts" name="extractInjections &gt; Positioning and Edge Cases &gt; should ignore extra closing braces before the trigger" time="0.000133547">
        </testcase>
        <testcase classname="src/services/prompt-processors/injectionParser.test.ts" name="extractInjections &gt; Positioning and Edge Cases &gt; should stop parsing at the first balanced closing brace (non-greedy)" time="0.000096458">
        </testcase>
        <testcase classname="src/services/prompt-processors/injectionParser.test.ts" name="extractInjections &gt; Nested Braces (Balanced) &gt; should correctly parse content with simple nested braces (e.g., JSON)" time="0.000177728">
        </testcase>
        <testcase classname="src/services/prompt-processors/injectionParser.test.ts" name="extractInjections &gt; Nested Braces (Balanced) &gt; should correctly parse content with shell constructs (e.g., awk)" time="0.000185813">
        </testcase>
        <testcase classname="src/services/prompt-processors/injectionParser.test.ts" name="extractInjections &gt; Nested Braces (Balanced) &gt; should correctly parse multiple levels of nesting" time="0.00010296">
        </testcase>
        <testcase classname="src/services/prompt-processors/injectionParser.test.ts" name="extractInjections &gt; Nested Braces (Balanced) &gt; should correctly parse paths containing balanced braces" time="0.000079817">
        </testcase>
        <testcase classname="src/services/prompt-processors/injectionParser.test.ts" name="extractInjections &gt; Nested Braces (Balanced) &gt; should correctly handle an injection containing the trigger itself" time="0.000076241">
        </testcase>
        <testcase classname="src/services/prompt-processors/injectionParser.test.ts" name="extractInjections &gt; Error Handling (Unbalanced/Unclosed) &gt; should throw an error for a simple unclosed injection" time="0.000807881">
        </testcase>
        <testcase classname="src/services/prompt-processors/injectionParser.test.ts" name="extractInjections &gt; Error Handling (Unbalanced/Unclosed) &gt; should throw an error if the prompt ends inside a nested block" time="0.000179852">
        </testcase>
        <testcase classname="src/services/prompt-processors/injectionParser.test.ts" name="extractInjections &gt; Error Handling (Unbalanced/Unclosed) &gt; should include the context name in the error message if provided" time="0.000122987">
        </testcase>
        <testcase classname="src/services/prompt-processors/injectionParser.test.ts" name="extractInjections &gt; Error Handling (Unbalanced/Unclosed) &gt; should throw if content contains unbalanced braces (e.g., missing closing)" time="0.000099775">
        </testcase>
        <testcase classname="src/services/prompt-processors/injectionParser.test.ts" name="extractInjections &gt; Error Handling (Unbalanced/Unclosed) &gt; should clearly state that unbalanced braces in content are not supported in the error" time="0.000103441">
        </testcase>
    </testsuite>
    <testsuite name="src/services/prompt-processors/shellProcessor.test.ts" timestamp="2025-10-09T15:32:35.151Z" hostname="uby" tests="33" failures="0" errors="0" skipped="0" time="0.065736143">
        <testcase classname="src/services/prompt-processors/shellProcessor.test.ts" name="ShellProcessor &gt; should throw an error if config is missing" time="0.004129853">
        </testcase>
        <testcase classname="src/services/prompt-processors/shellProcessor.test.ts" name="ShellProcessor &gt; should not change the prompt if no shell injections are present" time="0.001849203">
        </testcase>
        <testcase classname="src/services/prompt-processors/shellProcessor.test.ts" name="ShellProcessor &gt; should process a single valid shell injection if allowed" time="0.003366263">
        </testcase>
        <testcase classname="src/services/prompt-processors/shellProcessor.test.ts" name="ShellProcessor &gt; should process multiple valid shell injections if all are allowed" time="0.001486685">
        </testcase>
        <testcase classname="src/services/prompt-processors/shellProcessor.test.ts" name="ShellProcessor &gt; should throw ConfirmationRequiredError if a command is not allowed in default mode" time="0.001288618">
        </testcase>
        <testcase classname="src/services/prompt-processors/shellProcessor.test.ts" name="ShellProcessor &gt; should NOT throw ConfirmationRequiredError if a command is not allowed but approval mode is YOLO" time="0.001593952">
        </testcase>
        <testcase classname="src/services/prompt-processors/shellProcessor.test.ts" name="ShellProcessor &gt; should still throw an error for a hard-denied command even in YOLO mode" time="0.000762547">
        </testcase>
        <testcase classname="src/services/prompt-processors/shellProcessor.test.ts" name="ShellProcessor &gt; should throw ConfirmationRequiredError with the correct command" time="0.000696936">
        </testcase>
        <testcase classname="src/services/prompt-processors/shellProcessor.test.ts" name="ShellProcessor &gt; should throw ConfirmationRequiredError with multiple commands if multiple are disallowed" time="0.00136018">
        </testcase>
        <testcase classname="src/services/prompt-processors/shellProcessor.test.ts" name="ShellProcessor &gt; should not execute any commands if at least one requires confirmation" time="0.000727443">
        </testcase>
        <testcase classname="src/services/prompt-processors/shellProcessor.test.ts" name="ShellProcessor &gt; should only request confirmation for disallowed commands in a mixed prompt" time="0.000680636">
        </testcase>
        <testcase classname="src/services/prompt-processors/shellProcessor.test.ts" name="ShellProcessor &gt; should execute all commands if they are on the session allowlist" time="0.000901544">
        </testcase>
        <testcase classname="src/services/prompt-processors/shellProcessor.test.ts" name="ShellProcessor &gt; should trim whitespace from the command inside the injection before interpolation" time="0.000747449">
        </testcase>
        <testcase classname="src/services/prompt-processors/shellProcessor.test.ts" name="ShellProcessor &gt; should handle an empty command inside the injection gracefully (skips execution)" time="0.001163728">
        </testcase>
        <testcase classname="src/services/prompt-processors/shellProcessor.test.ts" name="ShellProcessor &gt; Error Reporting &gt; should append exit code and command name on failure" time="0.000905521">
        </testcase>
        <testcase classname="src/services/prompt-processors/shellProcessor.test.ts" name="ShellProcessor &gt; Error Reporting &gt; should append signal info and command name if terminated by signal" time="0.000561887">
        </testcase>
        <testcase classname="src/services/prompt-processors/shellProcessor.test.ts" name="ShellProcessor &gt; Error Reporting &gt; should throw a detailed error if the shell fails to spawn" time="0.000872841">
        </testcase>
        <testcase classname="src/services/prompt-processors/shellProcessor.test.ts" name="ShellProcessor &gt; Error Reporting &gt; should report abort status with command name if aborted" time="0.002624284">
        </testcase>
        <testcase classname="src/services/prompt-processors/shellProcessor.test.ts" name="ShellProcessor &gt; Context-Aware Argument Interpolation ({{args}}) &gt; should perform raw replacement if no shell injections are present (optimization path)" time="0.00093191">
        </testcase>
        <testcase classname="src/services/prompt-processors/shellProcessor.test.ts" name="ShellProcessor &gt; Context-Aware Argument Interpolation ({{args}}) &gt; should perform raw replacement outside !{} blocks" time="0.000795779">
        </testcase>
        <testcase classname="src/services/prompt-processors/shellProcessor.test.ts" name="ShellProcessor &gt; Context-Aware Argument Interpolation ({{args}}) &gt; should perform escaped replacement inside !{} blocks" time="0.000809975">
        </testcase>
        <testcase classname="src/services/prompt-processors/shellProcessor.test.ts" name="ShellProcessor &gt; Context-Aware Argument Interpolation ({{args}}) &gt; should handle both raw (outside) and escaped (inside) injection simultaneously" time="0.000929375">
        </testcase>
        <testcase classname="src/services/prompt-processors/shellProcessor.test.ts" name="ShellProcessor &gt; Context-Aware Argument Interpolation ({{args}}) &gt; should perform security checks on the final, resolved (escaped) command" time="0.018300879">
        </testcase>
        <testcase classname="src/services/prompt-processors/shellProcessor.test.ts" name="ShellProcessor &gt; Context-Aware Argument Interpolation ({{args}}) &gt; should report the resolved command if a hard denial occurs" time="0.001249977">
        </testcase>
        <testcase classname="src/services/prompt-processors/shellProcessor.test.ts" name="ShellProcessor &gt; Real-World Escaping Scenarios &gt; should correctly handle multiline arguments" time="0.001146316">
        </testcase>
        <testcase classname="src/services/prompt-processors/shellProcessor.test.ts" name="ShellProcessor &gt; Real-World Escaping Scenarios &gt; should safely escape args containing &apos;spaces&apos;" time="0.000980449">
        </testcase>
        <testcase classname="src/services/prompt-processors/shellProcessor.test.ts" name="ShellProcessor &gt; Real-World Escaping Scenarios &gt; should safely escape args containing &apos;double quotes&apos;" time="0.000838898">
        </testcase>
        <testcase classname="src/services/prompt-processors/shellProcessor.test.ts" name="ShellProcessor &gt; Real-World Escaping Scenarios &gt; should safely escape args containing &apos;single quotes&apos;" time="0.000762497">
        </testcase>
        <testcase classname="src/services/prompt-processors/shellProcessor.test.ts" name="ShellProcessor &gt; Real-World Escaping Scenarios &gt; should safely escape args containing &apos;command substitution (backticks)&apos;" time="0.000645691">
        </testcase>
        <testcase classname="src/services/prompt-processors/shellProcessor.test.ts" name="ShellProcessor &gt; Real-World Escaping Scenarios &gt; should safely escape args containing &apos;command substitution (dollar)&apos;" time="0.000527293">
        </testcase>
        <testcase classname="src/services/prompt-processors/shellProcessor.test.ts" name="ShellProcessor &gt; Real-World Escaping Scenarios &gt; should safely escape args containing &apos;variable expansion&apos;" time="0.004354357">
        </testcase>
        <testcase classname="src/services/prompt-processors/shellProcessor.test.ts" name="ShellProcessor &gt; Real-World Escaping Scenarios &gt; should safely escape args containing &apos;command chaining (semicolon)&apos;" time="0.00419858">
        </testcase>
        <testcase classname="src/services/prompt-processors/shellProcessor.test.ts" name="ShellProcessor &gt; Real-World Escaping Scenarios &gt; should safely escape args containing &apos;command chaining (ampersand)&apos;" time="0.001159891">
        </testcase>
    </testsuite>
    <testsuite name="src/config/extensions/variables.test.ts" timestamp="2025-10-09T15:32:35.152Z" hostname="uby" tests="1" failures="0" errors="0" skipped="0" time="0.00311481">
        <testcase classname="src/config/extensions/variables.test.ts" name="hydrateString &gt; should replace a single variable" time="0.001438636">
        </testcase>
    </testsuite>
    <testsuite name="src/ui/contexts/KeypressContext.test.tsx" timestamp="2025-10-09T15:32:35.152Z" hostname="uby" tests="32" failures="0" errors="0" skipped="0" time="0.106431878">
        <testcase classname="src/ui/contexts/KeypressContext.test.tsx" name="KeypressContext - Kitty Protocol &gt; Enter key handling &gt; should recognize regular enter key (keycode 13) in kitty protocol" time="0.017927149">
        </testcase>
        <testcase classname="src/ui/contexts/KeypressContext.test.tsx" name="KeypressContext - Kitty Protocol &gt; Enter key handling &gt; should recognize numpad enter key (keycode 57414) in kitty protocol" time="0.002491579">
        </testcase>
        <testcase classname="src/ui/contexts/KeypressContext.test.tsx" name="KeypressContext - Kitty Protocol &gt; Enter key handling &gt; should handle numpad enter with modifiers" time="0.001867547">
        </testcase>
        <testcase classname="src/ui/contexts/KeypressContext.test.tsx" name="KeypressContext - Kitty Protocol &gt; Enter key handling &gt; should handle numpad enter with Ctrl modifier" time="0.002196163">
        </testcase>
        <testcase classname="src/ui/contexts/KeypressContext.test.tsx" name="KeypressContext - Kitty Protocol &gt; Enter key handling &gt; should handle numpad enter with Alt modifier" time="0.001903824">
        </testcase>
        <testcase classname="src/ui/contexts/KeypressContext.test.tsx" name="KeypressContext - Kitty Protocol &gt; Enter key handling &gt; should not process kitty sequences when kitty protocol is disabled" time="0.001629347">
        </testcase>
        <testcase classname="src/ui/contexts/KeypressContext.test.tsx" name="KeypressContext - Kitty Protocol &gt; Escape key handling &gt; should recognize escape key (keycode 27) in kitty protocol" time="0.001610172">
        </testcase>
        <testcase classname="src/ui/contexts/KeypressContext.test.tsx" name="KeypressContext - Kitty Protocol &gt; Tab and Backspace handling &gt; should recognize Tab key in kitty protocol" time="0.001204503">
        </testcase>
        <testcase classname="src/ui/contexts/KeypressContext.test.tsx" name="KeypressContext - Kitty Protocol &gt; Tab and Backspace handling &gt; should recognize Shift+Tab in kitty protocol" time="0.001336707">
        </testcase>
        <testcase classname="src/ui/contexts/KeypressContext.test.tsx" name="KeypressContext - Kitty Protocol &gt; Tab and Backspace handling &gt; should recognize Backspace key in kitty protocol" time="0.001339893">
        </testcase>
        <testcase classname="src/ui/contexts/KeypressContext.test.tsx" name="KeypressContext - Kitty Protocol &gt; Tab and Backspace handling &gt; should recognize Option+Backspace in kitty protocol" time="0.001005025">
        </testcase>
        <testcase classname="src/ui/contexts/KeypressContext.test.tsx" name="KeypressContext - Kitty Protocol &gt; paste mode &gt; should handle multiline paste as a single event" time="0.00464857">
        </testcase>
        <testcase classname="src/ui/contexts/KeypressContext.test.tsx" name="KeypressContext - Kitty Protocol &gt; paste mode &gt; paste mode markers &gt; should handle complete paste sequence with markers" time="0.00458381">
        </testcase>
        <testcase classname="src/ui/contexts/KeypressContext.test.tsx" name="KeypressContext - Kitty Protocol &gt; paste mode &gt; paste mode markers &gt; should handle empty paste sequence" time="0.004828251">
        </testcase>
        <testcase classname="src/ui/contexts/KeypressContext.test.tsx" name="KeypressContext - Kitty Protocol &gt; paste mode &gt; paste mode markers &gt; should handle data before paste markers" time="0.005224964">
        </testcase>
        <testcase classname="src/ui/contexts/KeypressContext.test.tsx" name="KeypressContext - Kitty Protocol &gt; paste mode &gt; paste mode markers &gt; should handle data after paste markers" time="0.004420109">
        </testcase>
        <testcase classname="src/ui/contexts/KeypressContext.test.tsx" name="KeypressContext - Kitty Protocol &gt; paste mode &gt; paste mode markers &gt; should handle complex sequence with multiple paste blocks" time="0.004406223">
        </testcase>
        <testcase classname="src/ui/contexts/KeypressContext.test.tsx" name="KeypressContext - Kitty Protocol &gt; paste mode &gt; paste mode markers &gt; should handle fragmented paste markers across multiple data events" time="0.004188932">
        </testcase>
        <testcase classname="src/ui/contexts/KeypressContext.test.tsx" name="KeypressContext - Kitty Protocol &gt; paste mode &gt; paste mode markers &gt; should handle multiline content within paste markers" time="0.004362242">
        </testcase>
        <testcase classname="src/ui/contexts/KeypressContext.test.tsx" name="KeypressContext - Kitty Protocol &gt; paste mode &gt; paste mode markers &gt; should handle paste markers split across buffer boundaries" time="0.003040873">
        </testcase>
        <testcase classname="src/ui/contexts/KeypressContext.test.tsx" name="KeypressContext - Kitty Protocol &gt; paste mode &gt; buffers fragmented paste chunks before emitting newlines" time="0.005734064">
        </testcase>
        <testcase classname="src/ui/contexts/KeypressContext.test.tsx" name="KeypressContext - Kitty Protocol &gt; Raw keypress pipeline &gt; should buffer input data and wait for timeout" time="0.002787144">
        </testcase>
        <testcase classname="src/ui/contexts/KeypressContext.test.tsx" name="KeypressContext - Kitty Protocol &gt; Raw keypress pipeline &gt; should concatenate new data and reset timeout" time="0.002427541">
        </testcase>
        <testcase classname="src/ui/contexts/KeypressContext.test.tsx" name="KeypressContext - Kitty Protocol &gt; Raw keypress pipeline &gt; should flush immediately when buffer exceeds limit" time="0.003417388">
        </testcase>
        <testcase classname="src/ui/contexts/KeypressContext.test.tsx" name="KeypressContext - Kitty Protocol &gt; Raw keypress pipeline &gt; should clear timeout when new data arrives" time="0.001560861">
        </testcase>
        <testcase classname="src/ui/contexts/KeypressContext.test.tsx" name="KeypressContext - Kitty Protocol &gt; Raw keypress pipeline &gt; should handle multiple separate keypress events" time="0.001671595">
        </testcase>
        <testcase classname="src/ui/contexts/KeypressContext.test.tsx" name="KeypressContext - Kitty Protocol &gt; Raw keypress pipeline &gt; should handle rapid sequential data within buffer limit" time="0.001492284">
        </testcase>
        <testcase classname="src/ui/contexts/KeypressContext.test.tsx" name="KeypressContext - Kitty Protocol &gt; debug keystroke logging &gt; should not log keystrokes when debugKeystrokeLogging is false" time="0.001840767">
        </testcase>
        <testcase classname="src/ui/contexts/KeypressContext.test.tsx" name="KeypressContext - Kitty Protocol &gt; debug keystroke logging &gt; should log kitty buffer accumulation when debugKeystrokeLogging is true" time="0.001711168">
        </testcase>
        <testcase classname="src/ui/contexts/KeypressContext.test.tsx" name="KeypressContext - Kitty Protocol &gt; debug keystroke logging &gt; should log kitty buffer overflow when debugKeystrokeLogging is true" time="0.002793566">
        </testcase>
        <testcase classname="src/ui/contexts/KeypressContext.test.tsx" name="KeypressContext - Kitty Protocol &gt; debug keystroke logging &gt; should log kitty buffer clear on Ctrl+C when debugKeystrokeLogging is true" time="0.002090238">
        </testcase>
        <testcase classname="src/ui/contexts/KeypressContext.test.tsx" name="KeypressContext - Kitty Protocol &gt; debug keystroke logging &gt; should show char codes when debugKeystrokeLogging is true even without debug mode" time="0.002074299">
        </testcase>
    </testsuite>
    <testsuite name="src/ui/contexts/SessionContext.test.tsx" timestamp="2025-10-09T15:32:35.153Z" hostname="uby" tests="3" failures="0" errors="0" skipped="0" time="0.040103633">
        <testcase classname="src/ui/contexts/SessionContext.test.tsx" name="SessionStatsContext &gt; should provide the correct initial state" time="0.017047176">
            <system-err>
An update to Root inside a test was not wrapped in act(...).

When testing, code that causes React state updates should be wrapped into act(...):

act(() =&gt; {
  /* fire events that update state */
});
/* assert on the output */

This ensures that you&apos;re testing the behavior the user would see in the browser. Learn more at https://react.dev/link/wrap-tests-with-act
An update to SessionStatsProvider inside a test was not wrapped in act(...).

When testing, code that causes React state updates should be wrapped into act(...):

act(() =&gt; {
  /* fire events that update state */
});
/* assert on the output */

This ensures that you&apos;re testing the behavior the user would see in the browser. Learn more at https://react.dev/link/wrap-tests-with-act

            </system-err>
        </testcase>
        <testcase classname="src/ui/contexts/SessionContext.test.tsx" name="SessionStatsContext &gt; should update metrics when the uiTelemetryService emits an update" time="0.004212445">
            <system-err>
An update to Root inside a test was not wrapped in act(...).

When testing, code that causes React state updates should be wrapped into act(...):

act(() =&gt; {
  /* fire events that update state */
});
/* assert on the output */

This ensures that you&apos;re testing the behavior the user would see in the browser. Learn more at https://react.dev/link/wrap-tests-with-act
An update to SessionStatsProvider inside a test was not wrapped in act(...).

When testing, code that causes React state updates should be wrapped into act(...):

act(() =&gt; {
  /* fire events that update state */
});
/* assert on the output */

This ensures that you&apos;re testing the behavior the user would see in the browser. Learn more at https://react.dev/link/wrap-tests-with-act
`ReactDOMTestUtils.act` is deprecated in favor of `React.act`. Import `act` from `react` instead of `react-dom/test-utils`. See https://react.dev/warnings/react-dom-test-utils for more info.

            </system-err>
        </testcase>
        <testcase classname="src/ui/contexts/SessionContext.test.tsx" name="SessionStatsContext &gt; should throw an error when useSessionStats is used outside of a provider" time="0.017298089">
        </testcase>
    </testsuite>
    <testsuite name="src/ui/themes/color-utils.test.ts" timestamp="2025-10-09T15:32:35.153Z" hostname="uby" tests="16" failures="0" errors="0" skipped="0" time="0.012949202">
        <testcase classname="src/ui/themes/color-utils.test.ts" name="Color Utils &gt; isValidColor &gt; should validate hex colors" time="0.004450885">
        </testcase>
        <testcase classname="src/ui/themes/color-utils.test.ts" name="Color Utils &gt; isValidColor &gt; should validate Ink-supported color names" time="0.001104048">
        </testcase>
        <testcase classname="src/ui/themes/color-utils.test.ts" name="Color Utils &gt; isValidColor &gt; should validate Ink-supported color names case insensitive" time="0.000602311">
        </testcase>
        <testcase classname="src/ui/themes/color-utils.test.ts" name="Color Utils &gt; isValidColor &gt; should validate CSS color names" time="0.000274697">
        </testcase>
        <testcase classname="src/ui/themes/color-utils.test.ts" name="Color Utils &gt; isValidColor &gt; should validate CSS color names case insensitive" time="0.000125512">
        </testcase>
        <testcase classname="src/ui/themes/color-utils.test.ts" name="Color Utils &gt; isValidColor &gt; should reject invalid color names" time="0.000107698">
        </testcase>
        <testcase classname="src/ui/themes/color-utils.test.ts" name="Color Utils &gt; resolveColor &gt; should resolve hex colors" time="0.000235014">
        </testcase>
        <testcase classname="src/ui/themes/color-utils.test.ts" name="Color Utils &gt; resolveColor &gt; should resolve Ink-supported color names" time="0.000225677">
        </testcase>
        <testcase classname="src/ui/themes/color-utils.test.ts" name="Color Utils &gt; resolveColor &gt; should resolve CSS color names to hex" time="0.000220296">
        </testcase>
        <testcase classname="src/ui/themes/color-utils.test.ts" name="Color Utils &gt; resolveColor &gt; should handle case insensitive color names" time="0.000101958">
        </testcase>
        <testcase classname="src/ui/themes/color-utils.test.ts" name="Color Utils &gt; resolveColor &gt; should return undefined for invalid colors" time="0.001502313">
            <system-err>
[ColorUtils] Could not resolve color &quot;invalidcolor&quot; to an Ink-compatible format.
[ColorUtils] Could not resolve color &quot;notacolor&quot; to an Ink-compatible format.
[ColorUtils] Could not resolve color &quot;&quot; to an Ink-compatible format.

            </system-err>
        </testcase>
        <testcase classname="src/ui/themes/color-utils.test.ts" name="Color Utils &gt; CSS_NAME_TO_HEX_MAP &gt; should contain expected CSS color mappings" time="0.000171857">
        </testcase>
        <testcase classname="src/ui/themes/color-utils.test.ts" name="Color Utils &gt; CSS_NAME_TO_HEX_MAP &gt; should not contain Ink-supported color names" time="0.000105915">
        </testcase>
        <testcase classname="src/ui/themes/color-utils.test.ts" name="Color Utils &gt; INK_SUPPORTED_NAMES &gt; should contain all Ink-supported color names" time="0.000314801">
        </testcase>
        <testcase classname="src/ui/themes/color-utils.test.ts" name="Color Utils &gt; INK_SUPPORTED_NAMES &gt; should not contain CSS color names" time="0.000105215">
        </testcase>
        <testcase classname="src/ui/themes/color-utils.test.ts" name="Color Utils &gt; Consistency between validation and resolution &gt; should have consistent behavior between isValidColor and resolveColor" time="0.001611074">
            <system-err>
[ColorUtils] Could not resolve color &quot;invalidcolor&quot; to an Ink-compatible format.
[ColorUtils] Could not resolve color &quot;notacolor&quot; to an Ink-compatible format.
[ColorUtils] Could not resolve color &quot;&quot; to an Ink-compatible format.

            </system-err>
        </testcase>
    </testsuite>
    <testsuite name="src/ui/themes/theme-manager.test.ts" timestamp="2025-10-09T15:32:35.154Z" hostname="uby" tests="12" failures="0" errors="0" skipped="0" time="0.029187424">
        <testcase classname="src/ui/themes/theme-manager.test.ts" name="ThemeManager &gt; should load valid custom themes" time="0.004935861">
        </testcase>
        <testcase classname="src/ui/themes/theme-manager.test.ts" name="ThemeManager &gt; should set and get the active theme" time="0.001115218">
        </testcase>
        <testcase classname="src/ui/themes/theme-manager.test.ts" name="ThemeManager &gt; should set and get a custom active theme" time="0.000938512">
        </testcase>
        <testcase classname="src/ui/themes/theme-manager.test.ts" name="ThemeManager &gt; should return false when setting a non-existent theme" time="0.000707907">
        </testcase>
        <testcase classname="src/ui/themes/theme-manager.test.ts" name="ThemeManager &gt; should list available themes including custom themes" time="0.008865543">
        </testcase>
        <testcase classname="src/ui/themes/theme-manager.test.ts" name="ThemeManager &gt; should get a theme by name" time="0.001075164">
        </testcase>
        <testcase classname="src/ui/themes/theme-manager.test.ts" name="ThemeManager &gt; should fall back to default theme if active theme is invalid" time="0.000946507">
        </testcase>
        <testcase classname="src/ui/themes/theme-manager.test.ts" name="ThemeManager &gt; should return NoColorTheme if NO_COLOR is set" time="0.000760043">
        </testcase>
        <testcase classname="src/ui/themes/theme-manager.test.ts" name="ThemeManager &gt; when loading a theme from a file &gt; should load a theme from a valid file path" time="0.00375962">
        </testcase>
        <testcase classname="src/ui/themes/theme-manager.test.ts" name="ThemeManager &gt; when loading a theme from a file &gt; should not load a theme if the file does not exist" time="0.00197224">
            <system-err>
Theme file at &quot;./my-theme.json&quot; is outside your home directory. Only load themes from trusted sources.

            </system-err>
        </testcase>
        <testcase classname="src/ui/themes/theme-manager.test.ts" name="ThemeManager &gt; when loading a theme from a file &gt; should not load a theme from a file with invalid JSON" time="0.001346135">
            <system-err>
Theme file at &quot;./my-theme.json&quot; is outside your home directory. Only load themes from trusted sources.

            </system-err>
        </testcase>
        <testcase classname="src/ui/themes/theme-manager.test.ts" name="ThemeManager &gt; when loading a theme from a file &gt; should not load a theme from an untrusted file path and log a message" time="0.001162125">
        </testcase>
    </testsuite>
    <testsuite name="src/ui/themes/theme.test.ts" timestamp="2025-10-09T15:32:35.154Z" hostname="uby" tests="5" failures="0" errors="0" skipped="0" time="0.004373943">
        <testcase classname="src/ui/themes/theme.test.ts" name="validateCustomTheme &gt; should return isValid: true for a valid theme" time="0.00145195">
        </testcase>
        <testcase classname="src/ui/themes/theme.test.ts" name="validateCustomTheme &gt; should return isValid: false for a theme with an invalid name" time="0.000242337">
        </testcase>
        <testcase classname="src/ui/themes/theme.test.ts" name="validateCustomTheme &gt; should return isValid: true for a theme missing optional DiffAdded and DiffRemoved colors" time="0.000152391">
        </testcase>
        <testcase classname="src/ui/themes/theme.test.ts" name="validateCustomTheme &gt; should return isValid: false for a theme with a very long name" time="0.000393326">
        </testcase>
        <testcase classname="src/ui/themes/theme.test.ts" name="themeManager.loadCustomThemes &gt; should use values from DEFAULT_THEME when DiffAdded and DiffRemoved are not provided" time="0.000797602">
        </testcase>
    </testsuite>
    <testsuite name="src/ui/hooks/atCommandProcessor.test.ts" timestamp="2025-10-09T15:32:35.154Z" hostname="uby" tests="39" failures="0" errors="0" skipped="0" time="0.456307935">
        <testcase classname="src/ui/hooks/atCommandProcessor.test.ts" name="handleAtCommand &gt; should pass through query if no @ command is present" time="0.004585734">
        </testcase>
        <testcase classname="src/ui/hooks/atCommandProcessor.test.ts" name="handleAtCommand &gt; should pass through original query if only a lone @ symbol is present" time="0.002100167">
        </testcase>
        <testcase classname="src/ui/hooks/atCommandProcessor.test.ts" name="handleAtCommand &gt; should process a valid text file path" time="0.053212548">
        </testcase>
        <testcase classname="src/ui/hooks/atCommandProcessor.test.ts" name="handleAtCommand &gt; should process a valid directory path and convert to glob" time="0.022248926">
        </testcase>
        <testcase classname="src/ui/hooks/atCommandProcessor.test.ts" name="handleAtCommand &gt; should handle query with text before and after @command" time="0.014780662">
        </testcase>
        <testcase classname="src/ui/hooks/atCommandProcessor.test.ts" name="handleAtCommand &gt; should correctly unescape paths with escaped spaces" time="0.014648728">
        </testcase>
        <testcase classname="src/ui/hooks/atCommandProcessor.test.ts" name="handleAtCommand &gt; should handle multiple @file references" time="0.019454558">
        </testcase>
        <testcase classname="src/ui/hooks/atCommandProcessor.test.ts" name="handleAtCommand &gt; should handle multiple @file references with interleaved text" time="0.024777493">
        </testcase>
        <testcase classname="src/ui/hooks/atCommandProcessor.test.ts" name="handleAtCommand &gt; should handle a mix of valid, invalid, and lone @ references" time="0.019996018">
        </testcase>
        <testcase classname="src/ui/hooks/atCommandProcessor.test.ts" name="handleAtCommand &gt; should return original query if all @paths are invalid or lone @" time="0.006535322">
        </testcase>
        <testcase classname="src/ui/hooks/atCommandProcessor.test.ts" name="handleAtCommand &gt; git-aware filtering &gt; should skip git-ignored files in @ commands" time="0.005359492">
            <system-out>
Ignored 1 files:
Git-ignored: /tmp/folder-structure-test-OWmjw9/node_modules/package.json

            </system-out>
        </testcase>
        <testcase classname="src/ui/hooks/atCommandProcessor.test.ts" name="handleAtCommand &gt; git-aware filtering &gt; should process non-git-ignored files normally" time="0.01142079">
        </testcase>
        <testcase classname="src/ui/hooks/atCommandProcessor.test.ts" name="handleAtCommand &gt; git-aware filtering &gt; should handle mixed git-ignored and valid files" time="0.010691063">
            <system-out>
Ignored 1 files:
Git-ignored: /tmp/folder-structure-test-oJXOR6/.env

            </system-out>
        </testcase>
        <testcase classname="src/ui/hooks/atCommandProcessor.test.ts" name="handleAtCommand &gt; git-aware filtering &gt; should always ignore .git directory files" time="0.002166419">
            <system-out>
Ignored 1 files:
Git-ignored: /tmp/folder-structure-test-eqYW2W/.git/config

            </system-out>
        </testcase>
        <testcase classname="src/ui/hooks/atCommandProcessor.test.ts" name="handleAtCommand &gt; when recursive file search is disabled &gt; should not use glob search for a nonexistent file" time="0.001664893">
        </testcase>
        <testcase classname="src/ui/hooks/atCommandProcessor.test.ts" name="handleAtCommand &gt; gemini-ignore filtering &gt; should skip gemini-ignored files in @ commands" time="0.004351262">
            <system-out>
Ignored 1 files:
Gemini-ignored: /tmp/folder-structure-test-AHpmXe/build/output.js

            </system-out>
        </testcase>
        <testcase classname="src/ui/hooks/atCommandProcessor.test.ts" name="handleAtCommand &gt; should process non-ignored files when .qwenignore is present" time="0.012803252">
        </testcase>
        <testcase classname="src/ui/hooks/atCommandProcessor.test.ts" name="handleAtCommand &gt; should handle mixed gemini-ignored and valid files" time="0.012830001">
            <system-out>
Ignored 1 files:
Gemini-ignored: /tmp/folder-structure-test-agvomL/dist/bundle.js

            </system-out>
        </testcase>
        <testcase classname="src/ui/hooks/atCommandProcessor.test.ts" name="handleAtCommand &gt; punctuation termination in @ commands &gt; should terminate @path at &apos;comma&apos;" time="0.011625307">
        </testcase>
        <testcase classname="src/ui/hooks/atCommandProcessor.test.ts" name="handleAtCommand &gt; punctuation termination in @ commands &gt; should terminate @path at &apos;period&apos;" time="0.017870214">
        </testcase>
        <testcase classname="src/ui/hooks/atCommandProcessor.test.ts" name="handleAtCommand &gt; punctuation termination in @ commands &gt; should terminate @path at &apos;semicolon&apos;" time="0.007581724">
        </testcase>
        <testcase classname="src/ui/hooks/atCommandProcessor.test.ts" name="handleAtCommand &gt; punctuation termination in @ commands &gt; should terminate @path at &apos;exclamation mark&apos;" time="0.008410955">
        </testcase>
        <testcase classname="src/ui/hooks/atCommandProcessor.test.ts" name="handleAtCommand &gt; punctuation termination in @ commands &gt; should terminate @path at &apos;question mark&apos;" time="0.006957773">
        </testcase>
        <testcase classname="src/ui/hooks/atCommandProcessor.test.ts" name="handleAtCommand &gt; punctuation termination in @ commands &gt; should terminate @path at &apos;opening parenthesis&apos;" time="0.00568907">
        </testcase>
        <testcase classname="src/ui/hooks/atCommandProcessor.test.ts" name="handleAtCommand &gt; punctuation termination in @ commands &gt; should terminate @path at &apos;closing parenthesis&apos;" time="0.009867053">
        </testcase>
        <testcase classname="src/ui/hooks/atCommandProcessor.test.ts" name="handleAtCommand &gt; punctuation termination in @ commands &gt; should terminate @path at &apos;opening square bracket&apos;" time="0.010978884">
        </testcase>
        <testcase classname="src/ui/hooks/atCommandProcessor.test.ts" name="handleAtCommand &gt; punctuation termination in @ commands &gt; should terminate @path at &apos;closing square bracket&apos;" time="0.008119336">
        </testcase>
        <testcase classname="src/ui/hooks/atCommandProcessor.test.ts" name="handleAtCommand &gt; punctuation termination in @ commands &gt; should terminate @path at &apos;opening curly brace&apos;" time="0.007972244">
        </testcase>
        <testcase classname="src/ui/hooks/atCommandProcessor.test.ts" name="handleAtCommand &gt; punctuation termination in @ commands &gt; should terminate @path at &apos;closing curly brace&apos;" time="0.012068746">
        </testcase>
        <testcase classname="src/ui/hooks/atCommandProcessor.test.ts" name="handleAtCommand &gt; punctuation termination in @ commands &gt; should handle multiple @paths terminated by different punctuation" time="0.01304046">
        </testcase>
        <testcase classname="src/ui/hooks/atCommandProcessor.test.ts" name="handleAtCommand &gt; punctuation termination in @ commands &gt; should still handle escaped spaces in paths before punctuation" time="0.00704326">
        </testcase>
        <testcase classname="src/ui/hooks/atCommandProcessor.test.ts" name="handleAtCommand &gt; punctuation termination in @ commands &gt; should not break file paths with periods in extensions" time="0.010161615">
        </testcase>
        <testcase classname="src/ui/hooks/atCommandProcessor.test.ts" name="handleAtCommand &gt; punctuation termination in @ commands &gt; should handle file paths ending with period followed by space" time="0.010501764">
        </testcase>
        <testcase classname="src/ui/hooks/atCommandProcessor.test.ts" name="handleAtCommand &gt; punctuation termination in @ commands &gt; should handle comma termination with complex file paths" time="0.0091508">
        </testcase>
        <testcase classname="src/ui/hooks/atCommandProcessor.test.ts" name="handleAtCommand &gt; punctuation termination in @ commands &gt; should not terminate at period within file name" time="0.009819784">
        </testcase>
        <testcase classname="src/ui/hooks/atCommandProcessor.test.ts" name="handleAtCommand &gt; punctuation termination in @ commands &gt; should handle end of string termination for period and comma" time="0.009413475">
        </testcase>
        <testcase classname="src/ui/hooks/atCommandProcessor.test.ts" name="handleAtCommand &gt; punctuation termination in @ commands &gt; should handle files with special characters in names" time="0.013781147">
        </testcase>
        <testcase classname="src/ui/hooks/atCommandProcessor.test.ts" name="handleAtCommand &gt; punctuation termination in @ commands &gt; should handle basic file names without special characters" time="0.010167396">
        </testcase>
        <testcase classname="src/ui/hooks/atCommandProcessor.test.ts" name="handleAtCommand &gt; should not add the user&apos;s turn to history, as that is the caller&apos;s responsibility" time="0.009903299">
        </testcase>
    </testsuite>
    <testsuite name="src/ui/hooks/shellCommandProcessor.test.ts" timestamp="2025-10-09T15:32:35.155Z" hostname="uby" tests="12" failures="0" errors="0" skipped="0" time="0.082074009">
        <testcase classname="src/ui/hooks/shellCommandProcessor.test.ts" name="useShellCommandProcessor &gt; should initiate command execution and set pending state" time="0.02232676">
        </testcase>
        <testcase classname="src/ui/hooks/shellCommandProcessor.test.ts" name="useShellCommandProcessor &gt; should handle successful execution and update history correctly" time="0.005773346">
        </testcase>
        <testcase classname="src/ui/hooks/shellCommandProcessor.test.ts" name="useShellCommandProcessor &gt; should handle command failure and display error status" time="0.006001627">
        </testcase>
        <testcase classname="src/ui/hooks/shellCommandProcessor.test.ts" name="useShellCommandProcessor &gt; UI Streaming and Throttling &gt; should throttle pending UI updates for text streams" time="0.008721898">
        </testcase>
        <testcase classname="src/ui/hooks/shellCommandProcessor.test.ts" name="useShellCommandProcessor &gt; UI Streaming and Throttling &gt; should show binary progress messages correctly" time="0.010789454">
        </testcase>
        <testcase classname="src/ui/hooks/shellCommandProcessor.test.ts" name="useShellCommandProcessor &gt; should not wrap the command on Windows" time="0.003014514">
        </testcase>
        <testcase classname="src/ui/hooks/shellCommandProcessor.test.ts" name="useShellCommandProcessor &gt; should handle command abort and display cancelled status" time="0.00543424">
        </testcase>
        <testcase classname="src/ui/hooks/shellCommandProcessor.test.ts" name="useShellCommandProcessor &gt; should handle binary output result correctly" time="0.003067532">
        </testcase>
        <testcase classname="src/ui/hooks/shellCommandProcessor.test.ts" name="useShellCommandProcessor &gt; should handle promise rejection and show an error" time="0.00439359">
        </testcase>
        <testcase classname="src/ui/hooks/shellCommandProcessor.test.ts" name="useShellCommandProcessor &gt; should handle synchronous errors during execution and clean up resources" time="0.004100719">
        </testcase>
        <testcase classname="src/ui/hooks/shellCommandProcessor.test.ts" name="useShellCommandProcessor &gt; Directory Change Warning &gt; should show a warning if the working directory changes" time="0.002862704">
        </testcase>
        <testcase classname="src/ui/hooks/shellCommandProcessor.test.ts" name="useShellCommandProcessor &gt; Directory Change Warning &gt; should NOT show a warning if the directory does not change" time="0.003464725">
        </testcase>
    </testsuite>
    <testsuite name="src/ui/hooks/slashCommandProcessor.test.ts" timestamp="2025-10-09T15:32:35.156Z" hostname="uby" tests="35" failures="0" errors="0" skipped="0" time="2.00972441">
        <testcase classname="src/ui/hooks/slashCommandProcessor.test.ts" name="useSlashCommandProcessor &gt; Initialization and Command Loading &gt; should initialize CommandService with all required loaders" time="0.020248734">
            <system-err>
An update to TestComponent inside a test was not wrapped in act(...).

When testing, code that causes React state updates should be wrapped into act(...):

act(() =&gt; {
  /* fire events that update state */
});
/* assert on the output */

This ensures that you&apos;re testing the behavior the user would see in the browser. Learn more at https://react.dev/link/wrap-tests-with-act

            </system-err>
        </testcase>
        <testcase classname="src/ui/hooks/slashCommandProcessor.test.ts" name="useSlashCommandProcessor &gt; Initialization and Command Loading &gt; should call loadCommands and populate state after mounting" time="0.057109179">
        </testcase>
        <testcase classname="src/ui/hooks/slashCommandProcessor.test.ts" name="useSlashCommandProcessor &gt; Initialization and Command Loading &gt; should provide an immutable array of commands to consumers" time="0.055613219">
        </testcase>
        <testcase classname="src/ui/hooks/slashCommandProcessor.test.ts" name="useSlashCommandProcessor &gt; Initialization and Command Loading &gt; should override built-in commands with file-based commands of the same name" time="0.056330863">
        </testcase>
        <testcase classname="src/ui/hooks/slashCommandProcessor.test.ts" name="useSlashCommandProcessor &gt; Command Execution Logic &gt; should display an error for an unknown command" time="0.005690573">
        </testcase>
        <testcase classname="src/ui/hooks/slashCommandProcessor.test.ts" name="useSlashCommandProcessor &gt; Command Execution Logic &gt; should display help for a parent command invoked without a subcommand" time="0.055421265">
        </testcase>
        <testcase classname="src/ui/hooks/slashCommandProcessor.test.ts" name="useSlashCommandProcessor &gt; Command Execution Logic &gt; should correctly find and execute a nested subcommand" time="0.056862354">
        </testcase>
        <testcase classname="src/ui/hooks/slashCommandProcessor.test.ts" name="useSlashCommandProcessor &gt; Command Execution Logic &gt; sets isProcessing to false if the the input is not a command" time="0.002814996">
        </testcase>
        <testcase classname="src/ui/hooks/slashCommandProcessor.test.ts" name="useSlashCommandProcessor &gt; Command Execution Logic &gt; sets isProcessing to false if the command has an error" time="0.002782556">
        </testcase>
        <testcase classname="src/ui/hooks/slashCommandProcessor.test.ts" name="useSlashCommandProcessor &gt; Command Execution Logic &gt; should set isProcessing to true during execution and false afterwards" time="0.104532321">
        </testcase>
        <testcase classname="src/ui/hooks/slashCommandProcessor.test.ts" name="useSlashCommandProcessor &gt; Action Result Handling &gt; should handle &quot;dialog: theme&quot; action" time="0.056874046">
        </testcase>
        <testcase classname="src/ui/hooks/slashCommandProcessor.test.ts" name="useSlashCommandProcessor &gt; Action Result Handling &gt; should handle &quot;dialog: model&quot; action" time="0.054322507">
        </testcase>
        <testcase classname="src/ui/hooks/slashCommandProcessor.test.ts" name="useSlashCommandProcessor &gt; Action Result Handling &gt; should handle &quot;load_history&quot; action" time="0.057008064">
        </testcase>
        <testcase classname="src/ui/hooks/slashCommandProcessor.test.ts" name="useSlashCommandProcessor &gt; Action Result Handling &gt; with fake timers &gt; should handle a &quot;quit&quot; action" time="0.058876172">
        </testcase>
        <testcase classname="src/ui/hooks/slashCommandProcessor.test.ts" name="useSlashCommandProcessor &gt; Action Result Handling &gt; with fake timers &gt; should call runExitCleanup when handling a &quot;quit&quot; action" time="0.057736038">
        </testcase>
        <testcase classname="src/ui/hooks/slashCommandProcessor.test.ts" name="useSlashCommandProcessor &gt; Action Result Handling &gt; should handle &quot;submit_prompt&quot; action returned from a file-based command" time="0.056623103">
        </testcase>
        <testcase classname="src/ui/hooks/slashCommandProcessor.test.ts" name="useSlashCommandProcessor &gt; Action Result Handling &gt; should handle &quot;submit_prompt&quot; action returned from a mcp-based command" time="0.056073889">
        </testcase>
        <testcase classname="src/ui/hooks/slashCommandProcessor.test.ts" name="useSlashCommandProcessor &gt; Shell Command Confirmation Flow &gt; should set confirmation request when action returns confirm_shell_commands" time="0.108497782">
        </testcase>
        <testcase classname="src/ui/hooks/slashCommandProcessor.test.ts" name="useSlashCommandProcessor &gt; Shell Command Confirmation Flow &gt; should do nothing if user cancels confirmation" time="0.108497591">
        </testcase>
        <testcase classname="src/ui/hooks/slashCommandProcessor.test.ts" name="useSlashCommandProcessor &gt; Shell Command Confirmation Flow &gt; should re-run command with one-time allowlist on &quot;Proceed Once&quot;" time="0.112044668">
        </testcase>
        <testcase classname="src/ui/hooks/slashCommandProcessor.test.ts" name="useSlashCommandProcessor &gt; Shell Command Confirmation Flow &gt; should re-run command and update session allowlist on &quot;Proceed Always&quot;" time="0.117404571">
        </testcase>
        <testcase classname="src/ui/hooks/slashCommandProcessor.test.ts" name="useSlashCommandProcessor &gt; Command Parsing and Matching &gt; should be case-sensitive" time="0.056869398">
        </testcase>
        <testcase classname="src/ui/hooks/slashCommandProcessor.test.ts" name="useSlashCommandProcessor &gt; Command Parsing and Matching &gt; should correctly match an altName" time="0.056407315">
        </testcase>
        <testcase classname="src/ui/hooks/slashCommandProcessor.test.ts" name="useSlashCommandProcessor &gt; Command Parsing and Matching &gt; should handle extra whitespace around the command" time="0.056137717">
        </testcase>
        <testcase classname="src/ui/hooks/slashCommandProcessor.test.ts" name="useSlashCommandProcessor &gt; Command Parsing and Matching &gt; should handle `?` as a command prefix" time="0.055799663">
        </testcase>
        <testcase classname="src/ui/hooks/slashCommandProcessor.test.ts" name="useSlashCommandProcessor &gt; Command Precedence &gt; should override mcp-based commands with file-based commands of the same name" time="0.055690361">
        </testcase>
        <testcase classname="src/ui/hooks/slashCommandProcessor.test.ts" name="useSlashCommandProcessor &gt; Command Precedence &gt; should prioritize a command with a primary name over a command with a matching alias" time="0.059993444">
        </testcase>
        <testcase classname="src/ui/hooks/slashCommandProcessor.test.ts" name="useSlashCommandProcessor &gt; Command Precedence &gt; should add an overridden command to the history" time="0.056145622">
        </testcase>
        <testcase classname="src/ui/hooks/slashCommandProcessor.test.ts" name="useSlashCommandProcessor &gt; Lifecycle &gt; should abort command loading when the hook unmounts" time="0.003400827">
        </testcase>
        <testcase classname="src/ui/hooks/slashCommandProcessor.test.ts" name="useSlashCommandProcessor &gt; Slash Command Logging &gt; should log a simple slash command" time="0.057460219">
        </testcase>
        <testcase classname="src/ui/hooks/slashCommandProcessor.test.ts" name="useSlashCommandProcessor &gt; Slash Command Logging &gt; logs nothing for a bogus command" time="0.056197588">
        </testcase>
        <testcase classname="src/ui/hooks/slashCommandProcessor.test.ts" name="useSlashCommandProcessor &gt; Slash Command Logging &gt; logs a failure event for a failed command" time="0.058574755">
        </testcase>
        <testcase classname="src/ui/hooks/slashCommandProcessor.test.ts" name="useSlashCommandProcessor &gt; Slash Command Logging &gt; should log a slash command with a subcommand" time="0.058407136">
        </testcase>
        <testcase classname="src/ui/hooks/slashCommandProcessor.test.ts" name="useSlashCommandProcessor &gt; Slash Command Logging &gt; should log the command path when an alias is used" time="0.056429145">
        </testcase>
        <testcase classname="src/ui/hooks/slashCommandProcessor.test.ts" name="useSlashCommandProcessor &gt; Slash Command Logging &gt; should not log for unknown commands" time="0.057926359">
        </testcase>
    </testsuite>
    <testsuite name="src/ui/hooks/useAtCompletion.test.ts" timestamp="2025-10-09T15:32:35.157Z" hostname="uby" tests="13" failures="0" errors="0" skipped="0" time="1.047309728">
        <testcase classname="src/ui/hooks/useAtCompletion.test.ts" name="useAtCompletion &gt; File Search Logic &gt; should perform a recursive search for an empty pattern" time="0.075896366">
        </testcase>
        <testcase classname="src/ui/hooks/useAtCompletion.test.ts" name="useAtCompletion &gt; File Search Logic &gt; should correctly filter the recursive list based on a pattern" time="0.059251955">
        </testcase>
        <testcase classname="src/ui/hooks/useAtCompletion.test.ts" name="useAtCompletion &gt; File Search Logic &gt; should append a trailing slash to directory paths in suggestions" time="0.057257955">
        </testcase>
        <testcase classname="src/ui/hooks/useAtCompletion.test.ts" name="useAtCompletion &gt; UI State and Loading Behavior &gt; should be in a loading state during initial file system crawl" time="0.059933693">
        </testcase>
        <testcase classname="src/ui/hooks/useAtCompletion.test.ts" name="useAtCompletion &gt; UI State and Loading Behavior &gt; should NOT show a loading indicator for subsequent searches that complete under 200ms" time="0.112247864">
        </testcase>
        <testcase classname="src/ui/hooks/useAtCompletion.test.ts" name="useAtCompletion &gt; UI State and Loading Behavior &gt; should show a loading indicator and clear old suggestions for subsequent searches that take longer than 200ms" time="0.117098396">
        </testcase>
        <testcase classname="src/ui/hooks/useAtCompletion.test.ts" name="useAtCompletion &gt; UI State and Loading Behavior &gt; should abort the previous search when a new one starts" time="0.161910649">
        </testcase>
        <testcase classname="src/ui/hooks/useAtCompletion.test.ts" name="useAtCompletion &gt; State Management &gt; should reset the state when disabled after being in a READY state" time="0.058534421">
        </testcase>
        <testcase classname="src/ui/hooks/useAtCompletion.test.ts" name="useAtCompletion &gt; State Management &gt; should reset the state when disabled after being in an ERROR state" time="0.057530097">
        </testcase>
        <testcase classname="src/ui/hooks/useAtCompletion.test.ts" name="useAtCompletion &gt; Filtering and Configuration &gt; should respect .gitignore files" time="0.056769182">
        </testcase>
        <testcase classname="src/ui/hooks/useAtCompletion.test.ts" name="useAtCompletion &gt; Filtering and Configuration &gt; should work correctly when config is undefined" time="0.057856459">
        </testcase>
        <testcase classname="src/ui/hooks/useAtCompletion.test.ts" name="useAtCompletion &gt; Filtering and Configuration &gt; should reset and re-initialize when the cwd changes" time="0.113003408">
        </testcase>
        <testcase classname="src/ui/hooks/useAtCompletion.test.ts" name="useAtCompletion &gt; Filtering and Configuration &gt; should perform a non-recursive search when enableRecursiveFileSearch is false" time="0.057676378">
        </testcase>
    </testsuite>
    <testsuite name="src/ui/hooks/useAutoAcceptIndicator.test.ts" timestamp="2025-10-09T15:32:35.157Z" hostname="uby" tests="10" failures="0" errors="0" skipped="0" time="0.045124439">
        <testcase classname="src/ui/hooks/useAutoAcceptIndicator.test.ts" name="useAutoAcceptIndicator &gt; should initialize with ApprovalMode.AUTO_EDIT if config.getApprovalMode returns ApprovalMode.AUTO_EDIT" time="0.016452057">
        </testcase>
        <testcase classname="src/ui/hooks/useAutoAcceptIndicator.test.ts" name="useAutoAcceptIndicator &gt; should initialize with ApprovalMode.DEFAULT if config.getApprovalMode returns ApprovalMode.DEFAULT" time="0.0020538">
        </testcase>
        <testcase classname="src/ui/hooks/useAutoAcceptIndicator.test.ts" name="useAutoAcceptIndicator &gt; should initialize with ApprovalMode.YOLO if config.getApprovalMode returns ApprovalMode.YOLO" time="0.00189097">
        </testcase>
        <testcase classname="src/ui/hooks/useAutoAcceptIndicator.test.ts" name="useAutoAcceptIndicator &gt; should initialize with ApprovalMode.PLAN if config.getApprovalMode returns ApprovalMode.PLAN" time="0.001924102">
        </testcase>
        <testcase classname="src/ui/hooks/useAutoAcceptIndicator.test.ts" name="useAutoAcceptIndicator &gt; should cycle approval modes when Shift+Tab is pressed" time="0.005062284">
        </testcase>
        <testcase classname="src/ui/hooks/useAutoAcceptIndicator.test.ts" name="useAutoAcceptIndicator &gt; should not toggle if only one key or other keys combinations are pressed" time="0.003071129">
        </testcase>
        <testcase classname="src/ui/hooks/useAutoAcceptIndicator.test.ts" name="useAutoAcceptIndicator &gt; should update indicator when config value changes externally (useEffect dependency)" time="0.002884414">
        </testcase>
        <testcase classname="src/ui/hooks/useAutoAcceptIndicator.test.ts" name="useAutoAcceptIndicator &gt; in untrusted folders &gt; should show a warning when cycling from DEFAULT to AUTO_EDIT" time="0.003930184">
        </testcase>
        <testcase classname="src/ui/hooks/useAutoAcceptIndicator.test.ts" name="useAutoAcceptIndicator &gt; in untrusted folders &gt; should show a warning when cycling from AUTO_EDIT to YOLO" time="0.003097847">
        </testcase>
        <testcase classname="src/ui/hooks/useAutoAcceptIndicator.test.ts" name="useAutoAcceptIndicator &gt; in untrusted folders &gt; should cycle from YOLO to PLAN when Shift+Tab is pressed" time="0.002877872">
        </testcase>
    </testsuite>
    <testsuite name="src/ui/hooks/useCommandCompletion.test.ts" timestamp="2025-10-09T15:32:35.158Z" hostname="uby" tests="17" failures="0" errors="0" skipped="0" time="0.096265533">
        <testcase classname="src/ui/hooks/useCommandCompletion.test.ts" name="useCommandCompletion &gt; Core Hook Behavior &gt; State Management &gt; should initialize with default state" time="0.018865611">
        </testcase>
        <testcase classname="src/ui/hooks/useCommandCompletion.test.ts" name="useCommandCompletion &gt; Core Hook Behavior &gt; State Management &gt; should reset state when completion mode becomes IDLE" time="0.00857059">
        </testcase>
        <testcase classname="src/ui/hooks/useCommandCompletion.test.ts" name="useCommandCompletion &gt; Core Hook Behavior &gt; State Management &gt; should reset all state to default values" time="0.0037001">
        </testcase>
        <testcase classname="src/ui/hooks/useCommandCompletion.test.ts" name="useCommandCompletion &gt; Core Hook Behavior &gt; State Management &gt; should call useAtCompletion with the correct query for an escaped space" time="0.004652347">
        </testcase>
        <testcase classname="src/ui/hooks/useCommandCompletion.test.ts" name="useCommandCompletion &gt; Core Hook Behavior &gt; State Management &gt; should correctly identify the completion context with multiple @ symbols" time="0.005268805">
        </testcase>
        <testcase classname="src/ui/hooks/useCommandCompletion.test.ts" name="useCommandCompletion &gt; Core Hook Behavior &gt; Navigation &gt; should handle navigateUp with no suggestions" time="0.002116697">
        </testcase>
        <testcase classname="src/ui/hooks/useCommandCompletion.test.ts" name="useCommandCompletion &gt; Core Hook Behavior &gt; Navigation &gt; should handle navigateDown with no suggestions" time="0.001597899">
        </testcase>
        <testcase classname="src/ui/hooks/useCommandCompletion.test.ts" name="useCommandCompletion &gt; Core Hook Behavior &gt; Navigation &gt; should navigate up through suggestions with wrap-around" time="0.005581501">
        </testcase>
        <testcase classname="src/ui/hooks/useCommandCompletion.test.ts" name="useCommandCompletion &gt; Core Hook Behavior &gt; Navigation &gt; should navigate down through suggestions with wrap-around" time="0.006213879">
        </testcase>
        <testcase classname="src/ui/hooks/useCommandCompletion.test.ts" name="useCommandCompletion &gt; Core Hook Behavior &gt; Navigation &gt; should handle navigation with multiple suggestions" time="0.00488117">
        </testcase>
        <testcase classname="src/ui/hooks/useCommandCompletion.test.ts" name="useCommandCompletion &gt; Core Hook Behavior &gt; Navigation &gt; should automatically select the first item when suggestions are available" time="0.002879215">
        </testcase>
        <testcase classname="src/ui/hooks/useCommandCompletion.test.ts" name="useCommandCompletion &gt; handleAutocomplete &gt; should complete a partial command" time="0.010848774">
        </testcase>
        <testcase classname="src/ui/hooks/useCommandCompletion.test.ts" name="useCommandCompletion &gt; handleAutocomplete &gt; should complete a file path" time="0.006768292">
        </testcase>
        <testcase classname="src/ui/hooks/useCommandCompletion.test.ts" name="useCommandCompletion &gt; handleAutocomplete &gt; should complete a file path when cursor is not at the end of the line" time="0.004744647">
        </testcase>
        <testcase classname="src/ui/hooks/useCommandCompletion.test.ts" name="useCommandCompletion &gt; prompt completion filtering &gt; should not trigger prompt completion for line comments" time="0.003215976">
        </testcase>
        <testcase classname="src/ui/hooks/useCommandCompletion.test.ts" name="useCommandCompletion &gt; prompt completion filtering &gt; should not trigger prompt completion for block comments" time="0.002000452">
        </testcase>
        <testcase classname="src/ui/hooks/useCommandCompletion.test.ts" name="useCommandCompletion &gt; prompt completion filtering &gt; should trigger prompt completion for regular text when enabled" time="0.002017173">
        </testcase>
    </testsuite>
    <testsuite name="src/ui/hooks/useConsoleMessages.test.ts" timestamp="2025-10-09T15:32:35.158Z" hostname="uby" tests="7" failures="0" errors="0" skipped="0" time="0.036114489">
        <testcase classname="src/ui/hooks/useConsoleMessages.test.ts" name="useConsoleMessages &gt; should initialize with an empty array of console messages" time="0.016908019">
        </testcase>
        <testcase classname="src/ui/hooks/useConsoleMessages.test.ts" name="useConsoleMessages &gt; should add a new message when log is called" time="0.004630677">
        </testcase>
        <testcase classname="src/ui/hooks/useConsoleMessages.test.ts" name="useConsoleMessages &gt; should batch and count identical consecutive messages" time="0.002449892">
        </testcase>
        <testcase classname="src/ui/hooks/useConsoleMessages.test.ts" name="useConsoleMessages &gt; should not batch different messages" time="0.002686749">
        </testcase>
        <testcase classname="src/ui/hooks/useConsoleMessages.test.ts" name="useConsoleMessages &gt; should clear all messages when clearConsoleMessages is called" time="0.003088721">
        </testcase>
        <testcase classname="src/ui/hooks/useConsoleMessages.test.ts" name="useConsoleMessages &gt; should clear the pending timeout when clearConsoleMessages is called" time="0.002957049">
        </testcase>
        <testcase classname="src/ui/hooks/useConsoleMessages.test.ts" name="useConsoleMessages &gt; should clean up the timeout on unmount" time="0.001768524">
        </testcase>
    </testsuite>
    <testsuite name="src/ui/hooks/useEditorSettings.test.ts" timestamp="2025-10-09T15:32:35.158Z" hostname="uby" tests="10" failures="0" errors="0" skipped="0" time="0.053683768">
        <testcase classname="src/ui/hooks/useEditorSettings.test.ts" name="useEditorSettings &gt; should initialize with dialog closed" time="0.013268781">
        </testcase>
        <testcase classname="src/ui/hooks/useEditorSettings.test.ts" name="useEditorSettings &gt; should open editor dialog when openEditorDialog is called" time="0.002534578">
        </testcase>
        <testcase classname="src/ui/hooks/useEditorSettings.test.ts" name="useEditorSettings &gt; should close editor dialog when exitEditorDialog is called" time="0.002515373">
        </testcase>
        <testcase classname="src/ui/hooks/useEditorSettings.test.ts" name="useEditorSettings &gt; should handle editor selection successfully" time="0.013941944">
        </testcase>
        <testcase classname="src/ui/hooks/useEditorSettings.test.ts" name="useEditorSettings &gt; should handle clearing editor preference (undefined editor)" time="0.008278952">
        </testcase>
        <testcase classname="src/ui/hooks/useEditorSettings.test.ts" name="useEditorSettings &gt; should handle different editor types" time="0.002752931">
        </testcase>
        <testcase classname="src/ui/hooks/useEditorSettings.test.ts" name="useEditorSettings &gt; should handle different setting scopes" time="0.001756572">
        </testcase>
        <testcase classname="src/ui/hooks/useEditorSettings.test.ts" name="useEditorSettings &gt; should not set preference for unavailable editors" time="0.001758195">
        </testcase>
        <testcase classname="src/ui/hooks/useEditorSettings.test.ts" name="useEditorSettings &gt; should not set preference for editors not allowed in sandbox" time="0.002689514">
        </testcase>
        <testcase classname="src/ui/hooks/useEditorSettings.test.ts" name="useEditorSettings &gt; should handle errors during editor selection" time="0.001968013">
        </testcase>
    </testsuite>
    <testsuite name="src/ui/hooks/useFocus.test.ts" timestamp="2025-10-09T15:32:35.159Z" hostname="uby" tests="5" failures="0" errors="0" skipped="0" time="0.03988522">
        <testcase classname="src/ui/hooks/useFocus.test.ts" name="useFocus &gt; should initialize with focus and enable focus reporting" time="0.019729567">
        </testcase>
        <testcase classname="src/ui/hooks/useFocus.test.ts" name="useFocus &gt; should set isFocused to false when a focus-out event is received" time="0.006362674">
        </testcase>
        <testcase classname="src/ui/hooks/useFocus.test.ts" name="useFocus &gt; should set isFocused to true when a focus-in event is received" time="0.004185005">
        </testcase>
        <testcase classname="src/ui/hooks/useFocus.test.ts" name="useFocus &gt; should clean up and disable focus reporting on unmount" time="0.002725611">
        </testcase>
        <testcase classname="src/ui/hooks/useFocus.test.ts" name="useFocus &gt; should handle multiple focus events correctly" time="0.005088332">
        </testcase>
    </testsuite>
    <testsuite name="src/ui/hooks/useFolderTrust.test.ts" timestamp="2025-10-09T15:32:35.159Z" hostname="uby" tests="9" failures="0" errors="0" skipped="0" time="0.028455994">
        <testcase classname="src/ui/hooks/useFolderTrust.test.ts" name="useFolderTrust &gt; should not open dialog when folder is already trusted" time="0.01602576">
        </testcase>
        <testcase classname="src/ui/hooks/useFolderTrust.test.ts" name="useFolderTrust &gt; should not open dialog when folder is already untrusted" time="0.001898504">
        </testcase>
        <testcase classname="src/ui/hooks/useFolderTrust.test.ts" name="useFolderTrust &gt; should open dialog when folder trust is undefined" time="0.001908963">
        </testcase>
        <testcase classname="src/ui/hooks/useFolderTrust.test.ts" name="useFolderTrust &gt; should handle TRUST_FOLDER choice" time="0.001705228">
        </testcase>
        <testcase classname="src/ui/hooks/useFolderTrust.test.ts" name="useFolderTrust &gt; should handle TRUST_PARENT choice" time="0.001347407">
        </testcase>
        <testcase classname="src/ui/hooks/useFolderTrust.test.ts" name="useFolderTrust &gt; should handle DO_NOT_TRUST choice and trigger restart" time="0.00114288">
        </testcase>
        <testcase classname="src/ui/hooks/useFolderTrust.test.ts" name="useFolderTrust &gt; should do nothing for default choice" time="0.001056209">
        </testcase>
        <testcase classname="src/ui/hooks/useFolderTrust.test.ts" name="useFolderTrust &gt; should set isRestarting to true when trust status changes from false to true" time="0.000831905">
        </testcase>
        <testcase classname="src/ui/hooks/useFolderTrust.test.ts" name="useFolderTrust &gt; should not set isRestarting to true when trust status does not change" time="0.001069985">
        </testcase>
    </testsuite>
    <testsuite name="src/ui/hooks/useGeminiStream.test.tsx" timestamp="2025-10-09T15:32:35.159Z" hostname="uby" tests="33" failures="0" errors="0" skipped="0" time="0.543000168">
        <testcase classname="src/ui/hooks/useGeminiStream.test.tsx" name="useGeminiStream &gt; should not submit tool responses if not all tool calls are completed" time="0.016282203">
        </testcase>
        <testcase classname="src/ui/hooks/useGeminiStream.test.tsx" name="useGeminiStream &gt; should submit tool responses when all tool calls are completed and ready" time="0.016460162">
        </testcase>
        <testcase classname="src/ui/hooks/useGeminiStream.test.tsx" name="useGeminiStream &gt; should handle all tool calls being cancelled" time="0.014014848">
        </testcase>
        <testcase classname="src/ui/hooks/useGeminiStream.test.tsx" name="useGeminiStream &gt; should group multiple cancelled tool call responses into a single history entry" time="0.014950986">
        </testcase>
        <testcase classname="src/ui/hooks/useGeminiStream.test.tsx" name="useGeminiStream &gt; should not flicker streaming state to Idle between tool completion and submission" time="0.014360927">
        </testcase>
        <testcase classname="src/ui/hooks/useGeminiStream.test.tsx" name="useGeminiStream &gt; User Cancellation &gt; should cancel an in-progress stream when escape is pressed" time="0.013545912">
        </testcase>
        <testcase classname="src/ui/hooks/useGeminiStream.test.tsx" name="useGeminiStream &gt; User Cancellation &gt; should call onCancelSubmit handler when escape is pressed" time="0.004642659">
        </testcase>
        <testcase classname="src/ui/hooks/useGeminiStream.test.tsx" name="useGeminiStream &gt; User Cancellation &gt; should not do anything if escape is pressed when not responding" time="0.00422602">
        </testcase>
        <testcase classname="src/ui/hooks/useGeminiStream.test.tsx" name="useGeminiStream &gt; User Cancellation &gt; should prevent further processing after cancellation" time="0.059322284">
            <system-err>
An update to TestComponent inside a test was not wrapped in act(...).

When testing, code that causes React state updates should be wrapped into act(...):

act(() =&gt; {
  /* fire events that update state */
});
/* assert on the output */

This ensures that you&apos;re testing the behavior the user would see in the browser. Learn more at https://react.dev/link/wrap-tests-with-act

            </system-err>
        </testcase>
        <testcase classname="src/ui/hooks/useGeminiStream.test.tsx" name="useGeminiStream &gt; User Cancellation &gt; should not cancel if a tool call is in progress (not just responding)" time="0.003114599">
        </testcase>
        <testcase classname="src/ui/hooks/useGeminiStream.test.tsx" name="useGeminiStream &gt; Slash Command Handling &gt; should schedule a tool call when the command processor returns a schedule_tool action" time="0.005776782">
        </testcase>
        <testcase classname="src/ui/hooks/useGeminiStream.test.tsx" name="useGeminiStream &gt; Slash Command Handling &gt; should stop processing and not call Gemini when a command is handled without a tool call" time="0.005148863">
        </testcase>
        <testcase classname="src/ui/hooks/useGeminiStream.test.tsx" name="useGeminiStream &gt; Slash Command Handling &gt; should call Gemini with prompt content when slash command returns a `submit_prompt` action" time="0.005985899">
        </testcase>
        <testcase classname="src/ui/hooks/useGeminiStream.test.tsx" name="useGeminiStream &gt; Slash Command Handling &gt; should correctly handle a submit_prompt action with empty content" time="0.004558874">
        </testcase>
        <testcase classname="src/ui/hooks/useGeminiStream.test.tsx" name="useGeminiStream &gt; Slash Command Handling &gt; should not call handleSlashCommand for line comments" time="0.004583409">
        </testcase>
        <testcase classname="src/ui/hooks/useGeminiStream.test.tsx" name="useGeminiStream &gt; Slash Command Handling &gt; should not call handleSlashCommand for block comments" time="0.005178388">
        </testcase>
        <testcase classname="src/ui/hooks/useGeminiStream.test.tsx" name="useGeminiStream &gt; Memory Refresh on save_memory &gt; should call performMemoryRefresh when a save_memory tool call completes successfully" time="0.006511689">
        </testcase>
        <testcase classname="src/ui/hooks/useGeminiStream.test.tsx" name="useGeminiStream &gt; Error Handling &gt; should call parseAndFormatApiError with the correct authType on stream initialization failure" time="0.005560363">
        </testcase>
        <testcase classname="src/ui/hooks/useGeminiStream.test.tsx" name="useGeminiStream &gt; handleFinishedEvent &gt; should add info message for MAX_TOKENS finish reason" time="0.005190881">
        </testcase>
        <testcase classname="src/ui/hooks/useGeminiStream.test.tsx" name="useGeminiStream &gt; handleFinishedEvent &gt; should not add message for STOP finish reason" time="0.104978495">
        </testcase>
        <testcase classname="src/ui/hooks/useGeminiStream.test.tsx" name="useGeminiStream &gt; handleFinishedEvent &gt; should not add message for FINISH_REASON_UNSPECIFIED" time="0.103997504">
        </testcase>
        <testcase classname="src/ui/hooks/useGeminiStream.test.tsx" name="useGeminiStream &gt; handleFinishedEvent &gt; should add appropriate messages for other finish reasons" time="0.049772097">
        </testcase>
        <testcase classname="src/ui/hooks/useGeminiStream.test.tsx" name="useGeminiStream &gt; should process @include commands, adding user turn after processing to prevent race conditions" time="0.00638748">
        </testcase>
        <testcase classname="src/ui/hooks/useGeminiStream.test.tsx" name="useGeminiStream &gt; Thought Reset &gt; should reset thought to null when starting a new prompt" time="0.008927348">
        </testcase>
        <testcase classname="src/ui/hooks/useGeminiStream.test.tsx" name="useGeminiStream &gt; Thought Reset &gt; should reset thought to null when user cancels" time="0.005477881">
        </testcase>
        <testcase classname="src/ui/hooks/useGeminiStream.test.tsx" name="useGeminiStream &gt; Thought Reset &gt; should reset thought to null when there is an error" time="0.005295584">
        </testcase>
        <testcase classname="src/ui/hooks/useGeminiStream.test.tsx" name="useGeminiStream &gt; Concurrent Execution Prevention &gt; should prevent concurrent submitQuery calls" time="0.014936319">
            <system-err>
You called act(async () =&gt; ...) without await. This could lead to unexpected testing behaviour, interleaving multiple act calls and mixing their scopes. You should - await act(async () =&gt; ...);

            </system-err>
        </testcase>
        <testcase classname="src/ui/hooks/useGeminiStream.test.tsx" name="useGeminiStream &gt; Concurrent Execution Prevention &gt; should allow subsequent calls after first call completes" time="0.004089107">
        </testcase>
        <testcase classname="src/ui/hooks/useGeminiStream.test.tsx" name="useGeminiStream &gt; Concurrent Execution Prevention &gt; should reset execution flag even when query preparation fails" time="0.004498933">
        </testcase>
        <testcase classname="src/ui/hooks/useGeminiStream.test.tsx" name="useGeminiStream &gt; Vision Auto Switch Integration &gt; should call handleVisionSwitch and proceed to send when allowed" time="0.004823944">
        </testcase>
        <testcase classname="src/ui/hooks/useGeminiStream.test.tsx" name="useGeminiStream &gt; Vision Auto Switch Integration &gt; should gate submission when handleVisionSwitch returns shouldProceed=false" time="0.005457103">
        </testcase>
        <testcase classname="src/ui/hooks/useGeminiStream.test.tsx" name="useGeminiStream &gt; Model restore on completion and errors &gt; should restore model after successful stream completion" time="0.006347536">
        </testcase>
        <testcase classname="src/ui/hooks/useGeminiStream.test.tsx" name="useGeminiStream &gt; Model restore on completion and errors &gt; should restore model when an error occurs during streaming" time="0.005183678">
        </testcase>
    </testsuite>
    <testsuite name="src/ui/hooks/useGitBranchName.test.ts" timestamp="2025-10-09T15:32:35.160Z" hostname="uby" tests="7" failures="0" errors="0" skipped="2" time="0.039128913">
        <testcase classname="src/ui/hooks/useGitBranchName.test.ts" name="useGitBranchName &gt; should return branch name" time="0.024211068">
        </testcase>
        <testcase classname="src/ui/hooks/useGitBranchName.test.ts" name="useGitBranchName &gt; should return undefined if git command fails" time="0.004021703">
        </testcase>
        <testcase classname="src/ui/hooks/useGitBranchName.test.ts" name="useGitBranchName &gt; should return short commit hash if branch is HEAD (detached state)" time="0.003797048">
        </testcase>
        <testcase classname="src/ui/hooks/useGitBranchName.test.ts" name="useGitBranchName &gt; should return undefined if branch is HEAD and getting commit hash fails" time="0.001822644">
        </testcase>
        <testcase classname="src/ui/hooks/useGitBranchName.test.ts" name="useGitBranchName &gt; should update branch name when .git/HEAD changes" time="0.000580812">
            <skipped/>
        </testcase>
        <testcase classname="src/ui/hooks/useGitBranchName.test.ts" name="useGitBranchName &gt; should handle watcher setup error silently" time="0.002386976">
        </testcase>
        <testcase classname="src/ui/hooks/useGitBranchName.test.ts" name="useGitBranchName &gt; should cleanup watcher on unmount" time="0.000595028">
            <skipped/>
        </testcase>
    </testsuite>
    <testsuite name="src/ui/hooks/useHistoryManager.test.ts" timestamp="2025-10-09T15:32:35.161Z" hostname="uby" tests="8" failures="0" errors="0" skipped="0" time="0.033570724">
        <testcase classname="src/ui/hooks/useHistoryManager.test.ts" name="useHistoryManager &gt; should initialize with an empty history" time="0.013586157">
        </testcase>
        <testcase classname="src/ui/hooks/useHistoryManager.test.ts" name="useHistoryManager &gt; should add an item to history with a unique ID" time="0.004451507">
        </testcase>
        <testcase classname="src/ui/hooks/useHistoryManager.test.ts" name="useHistoryManager &gt; should generate unique IDs for items added with the same base timestamp" time="0.002234404">
        </testcase>
        <testcase classname="src/ui/hooks/useHistoryManager.test.ts" name="useHistoryManager &gt; should update an existing history item" time="0.002007435">
        </testcase>
        <testcase classname="src/ui/hooks/useHistoryManager.test.ts" name="useHistoryManager &gt; should not change history if updateHistoryItem is called with a nonexistent ID" time="0.004141184">
        </testcase>
        <testcase classname="src/ui/hooks/useHistoryManager.test.ts" name="useHistoryManager &gt; should clear the history" time="0.001612557">
        </testcase>
        <testcase classname="src/ui/hooks/useHistoryManager.test.ts" name="useHistoryManager &gt; should not add consecutive duplicate user messages" time="0.00206396">
        </testcase>
        <testcase classname="src/ui/hooks/useHistoryManager.test.ts" name="useHistoryManager &gt; should add duplicate user messages if they are not consecutive" time="0.001458442">
        </testcase>
    </testsuite>
    <testsuite name="src/ui/hooks/useInputHistory.test.ts" timestamp="2025-10-09T15:32:35.161Z" hostname="uby" tests="11" failures="0" errors="0" skipped="0" time="0.039509946">
        <testcase classname="src/ui/hooks/useInputHistory.test.ts" name="useInputHistory &gt; should initialize with historyIndex -1 and empty originalQueryBeforeNav" time="0.014187657">
        </testcase>
        <testcase classname="src/ui/hooks/useInputHistory.test.ts" name="useInputHistory &gt; handleSubmit &gt; should call onSubmit with trimmed value and reset history" time="0.003520618">
        </testcase>
        <testcase classname="src/ui/hooks/useInputHistory.test.ts" name="useInputHistory &gt; handleSubmit &gt; should not call onSubmit if value is empty after trimming" time="0.00219956">
        </testcase>
        <testcase classname="src/ui/hooks/useInputHistory.test.ts" name="useInputHistory &gt; navigateUp &gt; should not navigate if isActive is false" time="0.002126375">
        </testcase>
        <testcase classname="src/ui/hooks/useInputHistory.test.ts" name="useInputHistory &gt; navigateUp &gt; should not navigate if userMessages is empty" time="0.003365562">
        </testcase>
        <testcase classname="src/ui/hooks/useInputHistory.test.ts" name="useInputHistory &gt; navigateUp &gt; should call onChange with the last message when navigating up from initial state" time="0.003007481">
        </testcase>
        <testcase classname="src/ui/hooks/useInputHistory.test.ts" name="useInputHistory &gt; navigateUp &gt; should store currentQuery as originalQueryBeforeNav on first navigateUp" time="0.00197744">
        </testcase>
        <testcase classname="src/ui/hooks/useInputHistory.test.ts" name="useInputHistory &gt; navigateUp &gt; should navigate through history messages on subsequent navigateUp calls" time="0.001967482">
        </testcase>
        <testcase classname="src/ui/hooks/useInputHistory.test.ts" name="useInputHistory &gt; navigateDown &gt; should not navigate if isActive is false" time="0.002455613">
        </testcase>
        <testcase classname="src/ui/hooks/useInputHistory.test.ts" name="useInputHistory &gt; navigateDown &gt; should not navigate if historyIndex is -1 (not in history navigation)" time="0.001368306">
        </testcase>
        <testcase classname="src/ui/hooks/useInputHistory.test.ts" name="useInputHistory &gt; navigateDown &gt; should restore originalQueryBeforeNav when navigating down to initial state" time="0.001318825">
        </testcase>
    </testsuite>
    <testsuite name="src/ui/hooks/useKeypress.test.ts" timestamp="2025-10-09T15:32:35.161Z" hostname="uby" tests="15" failures="0" errors="0" skipped="0" time="0.081394436">
        <testcase classname="src/ui/hooks/useKeypress.test.ts" name="useKeypress &gt; should not listen if isActive is false" time="0.019563019">
        </testcase>
        <testcase classname="src/ui/hooks/useKeypress.test.ts" name="useKeypress &gt; should listen for keypress when active for key &apos;a&apos;" time="0.006143499">
        </testcase>
        <testcase classname="src/ui/hooks/useKeypress.test.ts" name="useKeypress &gt; should listen for keypress when active for key &apos;left&apos;" time="0.003677608">
        </testcase>
        <testcase classname="src/ui/hooks/useKeypress.test.ts" name="useKeypress &gt; should listen for keypress when active for key &apos;right&apos;" time="0.003808901">
        </testcase>
        <testcase classname="src/ui/hooks/useKeypress.test.ts" name="useKeypress &gt; should listen for keypress when active for key &apos;up&apos;" time="0.004493254">
        </testcase>
        <testcase classname="src/ui/hooks/useKeypress.test.ts" name="useKeypress &gt; should listen for keypress when active for key &apos;down&apos;" time="0.002727804">
        </testcase>
        <testcase classname="src/ui/hooks/useKeypress.test.ts" name="useKeypress &gt; should set and release raw mode" time="0.002260643">
        </testcase>
        <testcase classname="src/ui/hooks/useKeypress.test.ts" name="useKeypress &gt; should stop listening after being unmounted" time="0.002156421">
        </testcase>
        <testcase classname="src/ui/hooks/useKeypress.test.ts" name="useKeypress &gt; should correctly identify alt+enter (meta key)" time="0.002447528">
        </testcase>
        <testcase classname="src/ui/hooks/useKeypress.test.ts" name="useKeypress &gt; in &apos;Modern Node (&gt;= v20)&apos; &gt; should process a paste as a single event" time="0.004504585">
        </testcase>
        <testcase classname="src/ui/hooks/useKeypress.test.ts" name="useKeypress &gt; in &apos;Modern Node (&gt;= v20)&apos; &gt; should handle keypress interspersed with pastes" time="0.009872893">
        </testcase>
        <testcase classname="src/ui/hooks/useKeypress.test.ts" name="useKeypress &gt; in &apos;Modern Node (&gt;= v20)&apos; &gt; should emit partial paste content if unmounted mid-paste" time="0.003906791">
        </testcase>
        <testcase classname="src/ui/hooks/useKeypress.test.ts" name="useKeypress &gt; in &apos;PasteWorkaround Environment Variable&apos; &gt; should process a paste as a single event" time="0.003984384">
        </testcase>
        <testcase classname="src/ui/hooks/useKeypress.test.ts" name="useKeypress &gt; in &apos;PasteWorkaround Environment Variable&apos; &gt; should handle keypress interspersed with pastes" time="0.007132505">
        </testcase>
        <testcase classname="src/ui/hooks/useKeypress.test.ts" name="useKeypress &gt; in &apos;PasteWorkaround Environment Variable&apos; &gt; should emit partial paste content if unmounted mid-paste" time="0.002631547">
        </testcase>
    </testsuite>
    <testsuite name="src/ui/hooks/useLoadingIndicator.test.ts" timestamp="2025-10-09T15:32:35.162Z" hostname="uby" tests="5" failures="0" errors="0" skipped="0" time="0.031899499">
        <testcase classname="src/ui/hooks/useLoadingIndicator.test.ts" name="useLoadingIndicator &gt; should initialize with default values when Idle" time="0.014245133">
        </testcase>
        <testcase classname="src/ui/hooks/useLoadingIndicator.test.ts" name="useLoadingIndicator &gt; should reflect values when Responding" time="0.006136587">
        </testcase>
        <testcase classname="src/ui/hooks/useLoadingIndicator.test.ts" name="useLoadingIndicator &gt; should show waiting phrase and retain elapsedTime when WaitingForConfirmation" time="0.003824669">
        </testcase>
        <testcase classname="src/ui/hooks/useLoadingIndicator.test.ts" name="useLoadingIndicator &gt; should reset elapsedTime and use a witty phrase when transitioning from WaitingForConfirmation to Responding" time="0.003467">
        </testcase>
        <testcase classname="src/ui/hooks/useLoadingIndicator.test.ts" name="useLoadingIndicator &gt; should reset timer and phrase when streamingState changes from Responding to Idle" time="0.002474878">
        </testcase>
    </testsuite>
    <testsuite name="src/ui/hooks/useMessageQueue.test.ts" timestamp="2025-10-09T15:32:35.162Z" hostname="uby" tests="9" failures="0" errors="0" skipped="0" time="0.042864058">
        <testcase classname="src/ui/hooks/useMessageQueue.test.ts" name="useMessageQueue &gt; should initialize with empty queue" time="0.019179501">
        </testcase>
        <testcase classname="src/ui/hooks/useMessageQueue.test.ts" name="useMessageQueue &gt; should add messages to queue" time="0.003697114">
        </testcase>
        <testcase classname="src/ui/hooks/useMessageQueue.test.ts" name="useMessageQueue &gt; should filter out empty messages" time="0.002998374">
        </testcase>
        <testcase classname="src/ui/hooks/useMessageQueue.test.ts" name="useMessageQueue &gt; should clear queue" time="0.002864647">
        </testcase>
        <testcase classname="src/ui/hooks/useMessageQueue.test.ts" name="useMessageQueue &gt; should return queued messages as text with double newlines" time="0.001991186">
        </testcase>
        <testcase classname="src/ui/hooks/useMessageQueue.test.ts" name="useMessageQueue &gt; should auto-submit queued messages when transitioning to Idle" time="0.003585768">
        </testcase>
        <testcase classname="src/ui/hooks/useMessageQueue.test.ts" name="useMessageQueue &gt; should not auto-submit when queue is empty" time="0.002095949">
        </testcase>
        <testcase classname="src/ui/hooks/useMessageQueue.test.ts" name="useMessageQueue &gt; should not auto-submit when not transitioning to Idle" time="0.001827072">
        </testcase>
        <testcase classname="src/ui/hooks/useMessageQueue.test.ts" name="useMessageQueue &gt; should handle multiple state transitions correctly" time="0.002627219">
        </testcase>
    </testsuite>
    <testsuite name="src/ui/hooks/usePhraseCycler.test.ts" timestamp="2025-10-09T15:32:35.162Z" hostname="uby" tests="7" failures="0" errors="0" skipped="0" time="0.041523673">
        <testcase classname="src/ui/hooks/usePhraseCycler.test.ts" name="usePhraseCycler &gt; should initialize with the first witty phrase when not active and not waiting" time="0.01875037">
        </testcase>
        <testcase classname="src/ui/hooks/usePhraseCycler.test.ts" name="usePhraseCycler &gt; should show &quot;Waiting for user confirmation...&quot; when isWaiting is true" time="0.004294427">
        </testcase>
        <testcase classname="src/ui/hooks/usePhraseCycler.test.ts" name="usePhraseCycler &gt; should not cycle phrases if isActive is false and not waiting" time="0.002197677">
        </testcase>
        <testcase classname="src/ui/hooks/usePhraseCycler.test.ts" name="usePhraseCycler &gt; should cycle through witty phrases when isActive is true and not waiting" time="0.002911885">
        </testcase>
        <testcase classname="src/ui/hooks/usePhraseCycler.test.ts" name="usePhraseCycler &gt; should reset to a witty phrase when isActive becomes true after being false (and not waiting)" time="0.00579148">
        </testcase>
        <testcase classname="src/ui/hooks/usePhraseCycler.test.ts" name="usePhraseCycler &gt; should clear phrase interval on unmount when active" time="0.001881703">
        </testcase>
        <testcase classname="src/ui/hooks/usePhraseCycler.test.ts" name="usePhraseCycler &gt; should reset to a witty phrase when transitioning from waiting to active" time="0.003425783">
        </testcase>
    </testsuite>
    <testsuite name="src/ui/hooks/usePrivacySettings.test.ts" timestamp="2025-10-09T15:32:35.162Z" hostname="uby" tests="6" failures="0" errors="0" skipped="0" time="0.298359402">
        <testcase classname="src/ui/hooks/usePrivacySettings.test.ts" name="usePrivacySettings &gt; should handle LoggingContentGenerator wrapper correctly and not throw &quot;Oauth not being used&quot; error" time="0.069745404">
        </testcase>
        <testcase classname="src/ui/hooks/usePrivacySettings.test.ts" name="usePrivacySettings &gt; should work with direct CodeAssistServer (no wrapper)" time="0.055328865">
        </testcase>
        <testcase classname="src/ui/hooks/usePrivacySettings.test.ts" name="usePrivacySettings &gt; should handle paid tier users correctly" time="0.055715698">
        </testcase>
        <testcase classname="src/ui/hooks/usePrivacySettings.test.ts" name="usePrivacySettings &gt; should throw error when content generator is not a CodeAssistServer" time="0.003658784">
        </testcase>
        <testcase classname="src/ui/hooks/usePrivacySettings.test.ts" name="usePrivacySettings &gt; should throw error when CodeAssistServer has no projectId" time="0.004521917">
        </testcase>
        <testcase classname="src/ui/hooks/usePrivacySettings.test.ts" name="usePrivacySettings &gt; should update data collection opt-in setting" time="0.107532781">
            <system-err>
An update to TestComponent inside a test was not wrapped in act(...).

When testing, code that causes React state updates should be wrapped into act(...):

act(() =&gt; {
  /* fire events that update state */
});
/* assert on the output */

This ensures that you&apos;re testing the behavior the user would see in the browser. Learn more at https://react.dev/link/wrap-tests-with-act

            </system-err>
        </testcase>
    </testsuite>
    <testsuite name="src/ui/hooks/useQwenAuth.test.ts" timestamp="2025-10-09T15:32:35.163Z" hostname="uby" tests="17" failures="0" errors="0" skipped="0" time="0.048168437">
        <testcase classname="src/ui/hooks/useQwenAuth.test.ts" name="useQwenAuth &gt; should initialize with default state when not Qwen auth" time="0.017423269">
        </testcase>
        <testcase classname="src/ui/hooks/useQwenAuth.test.ts" name="useQwenAuth &gt; should initialize with default state when Qwen auth but not authenticating" time="0.001803168">
        </testcase>
        <testcase classname="src/ui/hooks/useQwenAuth.test.ts" name="useQwenAuth &gt; should set up event listeners when Qwen auth and authenticating" time="0.004517278">
        </testcase>
        <testcase classname="src/ui/hooks/useQwenAuth.test.ts" name="useQwenAuth &gt; should handle device auth event" time="0.002180856">
        </testcase>
        <testcase classname="src/ui/hooks/useQwenAuth.test.ts" name="useQwenAuth &gt; should handle auth progress event - success" time="0.002370656">
        </testcase>
        <testcase classname="src/ui/hooks/useQwenAuth.test.ts" name="useQwenAuth &gt; should handle auth progress event - error" time="0.00219967">
        </testcase>
        <testcase classname="src/ui/hooks/useQwenAuth.test.ts" name="useQwenAuth &gt; should handle auth progress event - polling" time="0.001260446">
        </testcase>
        <testcase classname="src/ui/hooks/useQwenAuth.test.ts" name="useQwenAuth &gt; should handle auth progress event - rate_limit" time="0.001154541">
        </testcase>
        <testcase classname="src/ui/hooks/useQwenAuth.test.ts" name="useQwenAuth &gt; should handle auth progress event without message" time="0.00126259">
        </testcase>
        <testcase classname="src/ui/hooks/useQwenAuth.test.ts" name="useQwenAuth &gt; should clean up event listeners when auth type changes" time="0.001504607">
        </testcase>
        <testcase classname="src/ui/hooks/useQwenAuth.test.ts" name="useQwenAuth &gt; should clean up event listeners when authentication stops" time="0.001221845">
        </testcase>
        <testcase classname="src/ui/hooks/useQwenAuth.test.ts" name="useQwenAuth &gt; should clean up event listeners on unmount" time="0.001305038">
        </testcase>
        <testcase classname="src/ui/hooks/useQwenAuth.test.ts" name="useQwenAuth &gt; should reset state when switching from Qwen auth to another auth type" time="0.00130042">
        </testcase>
        <testcase classname="src/ui/hooks/useQwenAuth.test.ts" name="useQwenAuth &gt; should reset state when authentication stops" time="0.001468921">
        </testcase>
        <testcase classname="src/ui/hooks/useQwenAuth.test.ts" name="useQwenAuth &gt; should handle cancelQwenAuth function" time="0.001356985">
        </testcase>
        <testcase classname="src/ui/hooks/useQwenAuth.test.ts" name="useQwenAuth &gt; should maintain isQwenAuth flag correctly" time="0.002506256">
        </testcase>
        <testcase classname="src/ui/hooks/useQwenAuth.test.ts" name="useQwenAuth &gt; should set isQwenAuthenticating to true when starting authentication with Qwen auth" time="0.001480483">
        </testcase>
    </testsuite>
    <testsuite name="src/ui/hooks/useReverseSearchCompletion.test.tsx" timestamp="2025-10-09T15:32:35.163Z" hostname="uby" tests="10" failures="0" errors="0" skipped="0" time="0.029167437">
        <testcase classname="src/ui/hooks/useReverseSearchCompletion.test.tsx" name="useReverseSearchCompletion &gt; Core Hook Behavior &gt; State Management &gt; should initialize with default state" time="0.015025945">
        </testcase>
        <testcase classname="src/ui/hooks/useReverseSearchCompletion.test.tsx" name="useReverseSearchCompletion &gt; Core Hook Behavior &gt; State Management &gt; should reset state when reverseSearchActive becomes false" time="0.002691548">
        </testcase>
        <testcase classname="src/ui/hooks/useReverseSearchCompletion.test.tsx" name="useReverseSearchCompletion &gt; Core Hook Behavior &gt; State Management &gt; Navigation &gt; should handle navigateUp with no suggestions" time="0.001182042">
        </testcase>
        <testcase classname="src/ui/hooks/useReverseSearchCompletion.test.tsx" name="useReverseSearchCompletion &gt; Core Hook Behavior &gt; State Management &gt; Navigation &gt; should handle navigateDown with no suggestions" time="0.001238136">
        </testcase>
        <testcase classname="src/ui/hooks/useReverseSearchCompletion.test.tsx" name="useReverseSearchCompletion &gt; Core Hook Behavior &gt; State Management &gt; Navigation &gt; should navigate up through suggestions with wrap-around" time="0.001405905">
        </testcase>
        <testcase classname="src/ui/hooks/useReverseSearchCompletion.test.tsx" name="useReverseSearchCompletion &gt; Core Hook Behavior &gt; State Management &gt; Navigation &gt; should navigate down through suggestions with wrap-around" time="0.001102645">
        </testcase>
        <testcase classname="src/ui/hooks/useReverseSearchCompletion.test.tsx" name="useReverseSearchCompletion &gt; Core Hook Behavior &gt; State Management &gt; Navigation &gt; should handle navigation with multiple suggestions" time="0.00148445">
        </testcase>
        <testcase classname="src/ui/hooks/useReverseSearchCompletion.test.tsx" name="useReverseSearchCompletion &gt; Core Hook Behavior &gt; State Management &gt; Navigation &gt; should handle navigation with large suggestion lists and scrolling" time="0.001167735">
        </testcase>
        <testcase classname="src/ui/hooks/useReverseSearchCompletion.test.tsx" name="useReverseSearchCompletion &gt; Filtering &gt; filters history by buffer.text and sets showSuggestions" time="0.000963849">
        </testcase>
        <testcase classname="src/ui/hooks/useReverseSearchCompletion.test.tsx" name="useReverseSearchCompletion &gt; Filtering &gt; hides suggestions when there are no matches" time="0.001274091">
        </testcase>
    </testsuite>
    <testsuite name="src/ui/hooks/useShellHistory.test.ts" timestamp="2025-10-09T15:32:35.163Z" hostname="uby" tests="7" failures="0" errors="0" skipped="0" time="0.564584544">
        <testcase classname="src/ui/hooks/useShellHistory.test.ts" name="useShellHistory &gt; should initialize and read the history file from the correct path" time="0.07030097">
        </testcase>
        <testcase classname="src/ui/hooks/useShellHistory.test.ts" name="useShellHistory &gt; should handle a nonexistent history file gracefully" time="0.055756694">
        </testcase>
        <testcase classname="src/ui/hooks/useShellHistory.test.ts" name="useShellHistory &gt; should add a command and write to the history file" time="0.107674883">
        </testcase>
        <testcase classname="src/ui/hooks/useShellHistory.test.ts" name="useShellHistory &gt; should navigate history correctly with previous/next commands" time="0.055476236">
        </testcase>
        <testcase classname="src/ui/hooks/useShellHistory.test.ts" name="useShellHistory &gt; should not add empty or whitespace-only commands to history" time="0.055435782">
        </testcase>
        <testcase classname="src/ui/hooks/useShellHistory.test.ts" name="useShellHistory &gt; should truncate history to MAX_HISTORY_LENGTH (100)" time="0.106587556">
        </testcase>
        <testcase classname="src/ui/hooks/useShellHistory.test.ts" name="useShellHistory &gt; should move an existing command to the top when re-added" time="0.110735913">
        </testcase>
    </testsuite>
    <testsuite name="src/ui/hooks/useSlashCompletion.test.ts" timestamp="2025-10-09T15:32:35.164Z" hostname="uby" tests="15" failures="0" errors="0" skipped="0" time="0.041957463">
        <testcase classname="src/ui/hooks/useSlashCompletion.test.ts" name="useSlashCompletion &gt; Top-Level Commands &gt; should suggest all top-level commands for the root slash" time="0.015090714">
        </testcase>
        <testcase classname="src/ui/hooks/useSlashCompletion.test.ts" name="useSlashCompletion &gt; Top-Level Commands &gt; should filter commands based on partial input" time="0.00204209">
        </testcase>
        <testcase classname="src/ui/hooks/useSlashCompletion.test.ts" name="useSlashCompletion &gt; Top-Level Commands &gt; should suggest commands based on partial altNames" time="0.001106051">
        </testcase>
        <testcase classname="src/ui/hooks/useSlashCompletion.test.ts" name="useSlashCompletion &gt; Top-Level Commands &gt; should NOT provide suggestions for a perfectly typed command that is a leaf node" time="0.002289827">
        </testcase>
        <testcase classname="src/ui/hooks/useSlashCompletion.test.ts" name="useSlashCompletion &gt; Top-Level Commands &gt; should not suggest commands when altNames is fully typed" time="0.001118203">
        </testcase>
        <testcase classname="src/ui/hooks/useSlashCompletion.test.ts" name="useSlashCompletion &gt; Top-Level Commands &gt; should not suggest commands when altNames is fully typed" time="0.000780681">
        </testcase>
        <testcase classname="src/ui/hooks/useSlashCompletion.test.ts" name="useSlashCompletion &gt; Top-Level Commands &gt; should not provide suggestions for a fully typed command that has no sub-commands or argument completion" time="0.00103455">
        </testcase>
        <testcase classname="src/ui/hooks/useSlashCompletion.test.ts" name="useSlashCompletion &gt; Top-Level Commands &gt; should not provide suggestions for an unknown command" time="0.001829787">
        </testcase>
        <testcase classname="src/ui/hooks/useSlashCompletion.test.ts" name="useSlashCompletion &gt; Sub-Commands &gt; should suggest sub-commands for a parent command" time="0.001516419">
        </testcase>
        <testcase classname="src/ui/hooks/useSlashCompletion.test.ts" name="useSlashCompletion &gt; Sub-Commands &gt; should suggest all sub-commands when the query ends with the parent command and a space" time="0.001026635">
        </testcase>
        <testcase classname="src/ui/hooks/useSlashCompletion.test.ts" name="useSlashCompletion &gt; Sub-Commands &gt; should filter sub-commands by prefix" time="0.000648447">
        </testcase>
        <testcase classname="src/ui/hooks/useSlashCompletion.test.ts" name="useSlashCompletion &gt; Sub-Commands &gt; should provide no suggestions for an invalid sub-command" time="0.000667372">
        </testcase>
        <testcase classname="src/ui/hooks/useSlashCompletion.test.ts" name="useSlashCompletion &gt; Argument Completion &gt; should call the command.completion function for argument suggestions" time="0.005442306">
        </testcase>
        <testcase classname="src/ui/hooks/useSlashCompletion.test.ts" name="useSlashCompletion &gt; Argument Completion &gt; should call command.completion with an empty string when args start with a space" time="0.003463253">
        </testcase>
        <testcase classname="src/ui/hooks/useSlashCompletion.test.ts" name="useSlashCompletion &gt; Argument Completion &gt; should handle completion function that returns null" time="0.002097502">
        </testcase>
    </testsuite>
    <testsuite name="src/ui/hooks/useTimer.test.ts" timestamp="2025-10-09T15:32:35.164Z" hostname="uby" tests="8" failures="0" errors="0" skipped="0" time="0.037944377">
        <testcase classname="src/ui/hooks/useTimer.test.ts" name="useTimer &gt; should initialize with 0" time="0.01785686">
        </testcase>
        <testcase classname="src/ui/hooks/useTimer.test.ts" name="useTimer &gt; should not increment time if isActive is false" time="0.002673775">
        </testcase>
        <testcase classname="src/ui/hooks/useTimer.test.ts" name="useTimer &gt; should increment time every second if isActive is true" time="0.003907553">
        </testcase>
        <testcase classname="src/ui/hooks/useTimer.test.ts" name="useTimer &gt; should reset to 0 and start incrementing when isActive becomes true from false" time="0.002352943">
        </testcase>
        <testcase classname="src/ui/hooks/useTimer.test.ts" name="useTimer &gt; should reset to 0 when resetKey changes while active" time="0.002630065">
        </testcase>
        <testcase classname="src/ui/hooks/useTimer.test.ts" name="useTimer &gt; should be 0 if isActive is false, regardless of resetKey changes" time="0.001768865">
        </testcase>
        <testcase classname="src/ui/hooks/useTimer.test.ts" name="useTimer &gt; should clear timer on unmount" time="0.002531533">
        </testcase>
        <testcase classname="src/ui/hooks/useTimer.test.ts" name="useTimer &gt; should preserve elapsedTime when isActive becomes false, and reset to 0 when it becomes active again" time="0.002413635">
        </testcase>
    </testsuite>
    <testsuite name="src/ui/hooks/useToolScheduler.test.ts" timestamp="2025-10-09T15:32:35.164Z" hostname="uby" tests="21" failures="0" errors="0" skipped="4" time="0.066390621">
        <testcase classname="src/ui/hooks/useToolScheduler.test.ts" name="useReactToolScheduler in YOLO Mode &gt; should skip confirmation and execute tool directly when yoloMode is true" time="0.026359864">
            <system-out>
[Tool] Starting: mockToolRequiresConfirmation (yoloCall...)
[Tool] Args: {
  &quot;data&quot;: &quot;any data&quot;
}

[Tool] Completed: mockToolRequiresConfirmation in 0ms
[Tool] Success: mockToolRequiresConfirmation

            </system-out>
        </testcase>
        <testcase classname="src/ui/hooks/useToolScheduler.test.ts" name="useReactToolScheduler &gt; initial state should be empty" time="0.002706867">
        </testcase>
        <testcase classname="src/ui/hooks/useToolScheduler.test.ts" name="useReactToolScheduler &gt; should schedule and execute a tool call successfully" time="0.006629657">
            <system-out>
[Tool] Starting: mockTool (call1...)
[Tool] Args: {
  &quot;param&quot;: &quot;value&quot;
}

[Tool] Completed: mockTool in 0ms
[Tool] Success: mockTool

            </system-out>
        </testcase>
        <testcase classname="src/ui/hooks/useToolScheduler.test.ts" name="useReactToolScheduler &gt; should handle tool not found" time="0.003626153">
        </testcase>
        <testcase classname="src/ui/hooks/useToolScheduler.test.ts" name="useReactToolScheduler &gt; should handle error during shouldConfirmExecute" time="0.005410928">
        </testcase>
        <testcase classname="src/ui/hooks/useToolScheduler.test.ts" name="useReactToolScheduler &gt; should handle error during execute" time="0.00345627">
            <system-out>
[Tool] Starting: mockTool (call1...)

[Tool] Exception: mockTool after 0ms - Execution failed

            </system-out>
        </testcase>
        <testcase classname="src/ui/hooks/useToolScheduler.test.ts" name="useReactToolScheduler &gt; should handle tool requiring confirmation - approved" time="0">
            <skipped/>
        </testcase>
        <testcase classname="src/ui/hooks/useToolScheduler.test.ts" name="useReactToolScheduler &gt; should handle tool requiring confirmation - cancelled by user" time="0">
            <skipped/>
        </testcase>
        <testcase classname="src/ui/hooks/useToolScheduler.test.ts" name="useReactToolScheduler &gt; should handle live output updates" time="0">
            <skipped/>
        </testcase>
        <testcase classname="src/ui/hooks/useToolScheduler.test.ts" name="useReactToolScheduler &gt; should schedule and execute multiple tool calls" time="0.008890219">
            <system-out>
[Tool] Starting: tool1 (multi1...)
[Tool] Args: {
  &quot;p&quot;: 1
}
[Tool] Starting: tool2 (multi2...)
[Tool] Args: {
  &quot;p&quot;: 2
}
[Tool] Completed: tool1 in 0ms
[Tool] Success: tool1
[Tool] Completed: tool2 in 0ms
[Tool] Success: tool2

            </system-out>
        </testcase>
        <testcase classname="src/ui/hooks/useToolScheduler.test.ts" name="useReactToolScheduler &gt; should throw error if scheduling while already running" time="0">
            <skipped/>
        </testcase>
        <testcase classname="src/ui/hooks/useToolScheduler.test.ts" name="mapToDisplay &gt; should map ToolCall with status &apos;validating&apos; (validating) correctly" time="0.000677531">
        </testcase>
        <testcase classname="src/ui/hooks/useToolScheduler.test.ts" name="mapToDisplay &gt; should map ToolCall with status &apos;awaiting_approval&apos; (awaiting_approval) correctly" time="0.00024349">
        </testcase>
        <testcase classname="src/ui/hooks/useToolScheduler.test.ts" name="mapToDisplay &gt; should map ToolCall with status &apos;scheduled&apos; (scheduled) correctly" time="0.000171627">
        </testcase>
        <testcase classname="src/ui/hooks/useToolScheduler.test.ts" name="mapToDisplay &gt; should map ToolCall with status &apos;executing&apos; (executing no live output) correctly" time="0.000158633">
        </testcase>
        <testcase classname="src/ui/hooks/useToolScheduler.test.ts" name="mapToDisplay &gt; should map ToolCall with status &apos;executing&apos; (executing with live output) correctly" time="0.000164153">
        </testcase>
        <testcase classname="src/ui/hooks/useToolScheduler.test.ts" name="mapToDisplay &gt; should map ToolCall with status &apos;success&apos; (success) correctly" time="0.000171266">
        </testcase>
        <testcase classname="src/ui/hooks/useToolScheduler.test.ts" name="mapToDisplay &gt; should map ToolCall with status &apos;error&apos; (error tool not found) correctly" time="0.000166247">
        </testcase>
        <testcase classname="src/ui/hooks/useToolScheduler.test.ts" name="mapToDisplay &gt; should map ToolCall with status &apos;error&apos; (error tool execution failed) correctly" time="0.000151901">
        </testcase>
        <testcase classname="src/ui/hooks/useToolScheduler.test.ts" name="mapToDisplay &gt; should map ToolCall with status &apos;cancelled&apos; (cancelled) correctly" time="0.000183739">
        </testcase>
        <testcase classname="src/ui/hooks/useToolScheduler.test.ts" name="mapToDisplay &gt; should map an array of ToolCalls correctly" time="0.005328696">
        </testcase>
    </testsuite>
    <testsuite name="src/ui/hooks/useVisionAutoSwitch.test.ts" timestamp="2025-10-09T15:32:35.165Z" hostname="uby" tests="36" failures="8" errors="0" skipped="0" time="0.086592339">
        <testcase classname="src/ui/hooks/useVisionAutoSwitch.test.ts" name="useVisionAutoSwitch helpers &gt; shouldOfferVisionSwitch &gt; returns false when authType is not QWEN_OAUTH" time="0.001507342">
        </testcase>
        <testcase classname="src/ui/hooks/useVisionAutoSwitch.test.ts" name="useVisionAutoSwitch helpers &gt; shouldOfferVisionSwitch &gt; returns false when current model is already a vision model" time="0.000228462">
        </testcase>
        <testcase classname="src/ui/hooks/useVisionAutoSwitch.test.ts" name="useVisionAutoSwitch helpers &gt; shouldOfferVisionSwitch &gt; returns true when image parts exist, QWEN_OAUTH, and model is not vision" time="0.000177207">
        </testcase>
        <testcase classname="src/ui/hooks/useVisionAutoSwitch.test.ts" name="useVisionAutoSwitch helpers &gt; shouldOfferVisionSwitch &gt; detects image when provided as a single Part object (non-array)" time="0.000117217">
        </testcase>
        <testcase classname="src/ui/hooks/useVisionAutoSwitch.test.ts" name="useVisionAutoSwitch helpers &gt; shouldOfferVisionSwitch &gt; returns false when parts contain no images" time="0.000083334">
        </testcase>
        <testcase classname="src/ui/hooks/useVisionAutoSwitch.test.ts" name="useVisionAutoSwitch helpers &gt; shouldOfferVisionSwitch &gt; returns false when parts is a plain string" time="0.000073776">
        </testcase>
        <testcase classname="src/ui/hooks/useVisionAutoSwitch.test.ts" name="useVisionAutoSwitch helpers &gt; shouldOfferVisionSwitch &gt; returns false when visionModelPreviewEnabled is false" time="0.000094805">
        </testcase>
        <testcase classname="src/ui/hooks/useVisionAutoSwitch.test.ts" name="useVisionAutoSwitch helpers &gt; shouldOfferVisionSwitch &gt; returns true when image parts exist in YOLO mode context" time="0.000089936">
        </testcase>
        <testcase classname="src/ui/hooks/useVisionAutoSwitch.test.ts" name="useVisionAutoSwitch helpers &gt; shouldOfferVisionSwitch &gt; returns false when no image parts exist in YOLO mode context" time="0.000595809">
        </testcase>
        <testcase classname="src/ui/hooks/useVisionAutoSwitch.test.ts" name="useVisionAutoSwitch helpers &gt; shouldOfferVisionSwitch &gt; returns false when already using vision model in YOLO mode context" time="0.000185652">
        </testcase>
        <testcase classname="src/ui/hooks/useVisionAutoSwitch.test.ts" name="useVisionAutoSwitch helpers &gt; shouldOfferVisionSwitch &gt; returns false when authType is not QWEN_OAUTH in YOLO mode context" time="0.00010298">
        </testcase>
        <testcase classname="src/ui/hooks/useVisionAutoSwitch.test.ts" name="useVisionAutoSwitch helpers &gt; processVisionSwitchOutcome &gt; maps SwitchOnce to a one-time model override" time="0.000846633">
        </testcase>
        <testcase classname="src/ui/hooks/useVisionAutoSwitch.test.ts" name="useVisionAutoSwitch helpers &gt; processVisionSwitchOutcome &gt; maps SwitchSessionToVL to a persistent session model" time="0.00015176">
        </testcase>
        <testcase classname="src/ui/hooks/useVisionAutoSwitch.test.ts" name="useVisionAutoSwitch helpers &gt; processVisionSwitchOutcome &gt; maps ContinueWithCurrentModel to empty result" time="0.000082853">
        </testcase>
        <testcase classname="src/ui/hooks/useVisionAutoSwitch.test.ts" name="useVisionAutoSwitch helpers &gt; getVisionSwitchGuidanceMessage &gt; returns the expected guidance message" time="0.000108971">
        </testcase>
        <testcase classname="src/ui/hooks/useVisionAutoSwitch.test.ts" name="useVisionAutoSwitch hook &gt; returns shouldProceed=true immediately for continuations" time="0.014863945">
        </testcase>
        <testcase classname="src/ui/hooks/useVisionAutoSwitch.test.ts" name="useVisionAutoSwitch hook &gt; does nothing when authType is not QWEN_OAUTH" time="0.003534253">
        </testcase>
        <testcase classname="src/ui/hooks/useVisionAutoSwitch.test.ts" name="useVisionAutoSwitch hook &gt; does nothing when there are no image parts" time="0.004535952">
        </testcase>
        <testcase classname="src/ui/hooks/useVisionAutoSwitch.test.ts" name="useVisionAutoSwitch hook &gt; continues with current model when dialog returns empty result" time="0.003956202">
        </testcase>
        <testcase classname="src/ui/hooks/useVisionAutoSwitch.test.ts" name="useVisionAutoSwitch hook &gt; applies a one-time override and returns originalModel, then restores" time="0.017756394">
            <failure message="expected { shouldProceed: false } to deeply equal { shouldProceed: true, …(1) }" type="AssertionError">
AssertionError: expected { shouldProceed: false } to deeply equal { shouldProceed: true, …(1) }

- Expected
+ Received

  {
-   &quot;originalModel&quot;: &quot;qwen3-coder-plus&quot;,
-   &quot;shouldProceed&quot;: true,
+   &quot;shouldProceed&quot;: false,
  }

 ❯ src/ui/hooks/useVisionAutoSwitch.test.ts:352:17
            </failure>
        </testcase>
        <testcase classname="src/ui/hooks/useVisionAutoSwitch.test.ts" name="useVisionAutoSwitch hook &gt; persists session model when dialog requests persistence" time="0.003991487">
            <failure message="expected { shouldProceed: false } to deeply equal { shouldProceed: true }" type="AssertionError">
AssertionError: expected { shouldProceed: false } to deeply equal { shouldProceed: true }

- Expected
+ Received

  {
-   &quot;shouldProceed&quot;: true,
+   &quot;shouldProceed&quot;: false,
  }

 ❯ src/ui/hooks/useVisionAutoSwitch.test.ts:386:17
            </failure>
        </testcase>
        <testcase classname="src/ui/hooks/useVisionAutoSwitch.test.ts" name="useVisionAutoSwitch hook &gt; returns shouldProceed=true when dialog returns no special flags" time="0.002620707">
        </testcase>
        <testcase classname="src/ui/hooks/useVisionAutoSwitch.test.ts" name="useVisionAutoSwitch hook &gt; blocks when dialog throws or is cancelled" time="0.002292281">
        </testcase>
        <testcase classname="src/ui/hooks/useVisionAutoSwitch.test.ts" name="useVisionAutoSwitch hook &gt; does nothing when visionModelPreviewEnabled is false" time="0.002746249">
        </testcase>
        <testcase classname="src/ui/hooks/useVisionAutoSwitch.test.ts" name="useVisionAutoSwitch hook &gt; YOLO mode behavior &gt; automatically switches to vision model in YOLO mode without showing dialog" time="0.003678419">
            <failure message="config.setModelContextLimit is not a function" type="TypeError">
TypeError: config.setModelContextLimit is not a function
 ❯ Object.handleVisionSwitch src/ui/hooks/useVisionAutoSwitch.ts:259:16
 ❯ src/ui/hooks/useVisionAutoSwitch.test.ts:483:36
 ❯ node_modules/@testing-library/react/dist/act-compat.js:48:24
 ❯ process.env.NODE_ENV.exports.act ../../node_modules/react/cjs/react.development.js:789:22
 ❯ Proxy.&lt;anonymous&gt; node_modules/@testing-library/react/dist/act-compat.js:47:25
 ❯ src/ui/hooks/useVisionAutoSwitch.test.ts:482:13
            </failure>
        </testcase>
        <testcase classname="src/ui/hooks/useVisionAutoSwitch.test.ts" name="useVisionAutoSwitch hook &gt; YOLO mode behavior &gt; does not switch in YOLO mode when no images are present" time="0.001902762">
        </testcase>
        <testcase classname="src/ui/hooks/useVisionAutoSwitch.test.ts" name="useVisionAutoSwitch hook &gt; YOLO mode behavior &gt; does not switch in YOLO mode when already using vision model" time="0.001713022">
        </testcase>
        <testcase classname="src/ui/hooks/useVisionAutoSwitch.test.ts" name="useVisionAutoSwitch hook &gt; YOLO mode behavior &gt; restores original model after YOLO mode auto-switch" time="0.00218896">
            <failure message="config.setModelContextLimit is not a function" type="TypeError">
TypeError: config.setModelContextLimit is not a function
 ❯ Object.handleVisionSwitch src/ui/hooks/useVisionAutoSwitch.ts:259:16
 ❯ src/ui/hooks/useVisionAutoSwitch.test.ts:579:30
 ❯ node_modules/@testing-library/react/dist/act-compat.js:48:24
 ❯ process.env.NODE_ENV.exports.act ../../node_modules/react/cjs/react.development.js:789:22
 ❯ Proxy.&lt;anonymous&gt; node_modules/@testing-library/react/dist/act-compat.js:47:25
 ❯ src/ui/hooks/useVisionAutoSwitch.test.ts:578:13
            </failure>
        </testcase>
        <testcase classname="src/ui/hooks/useVisionAutoSwitch.test.ts" name="useVisionAutoSwitch hook &gt; YOLO mode behavior &gt; does not switch in YOLO mode when authType is not QWEN_OAUTH" time="0.001464443">
        </testcase>
        <testcase classname="src/ui/hooks/useVisionAutoSwitch.test.ts" name="useVisionAutoSwitch hook &gt; YOLO mode behavior &gt; does not switch in YOLO mode when visionModelPreviewEnabled is false" time="0.001446991">
        </testcase>
        <testcase classname="src/ui/hooks/useVisionAutoSwitch.test.ts" name="useVisionAutoSwitch hook &gt; YOLO mode behavior &gt; handles multiple image formats in YOLO mode" time="0.001924352">
            <failure message="config.setModelContextLimit is not a function" type="TypeError">
TypeError: config.setModelContextLimit is not a function
 ❯ Object.handleVisionSwitch src/ui/hooks/useVisionAutoSwitch.ts:259:16
 ❯ src/ui/hooks/useVisionAutoSwitch.test.ts:686:36
 ❯ node_modules/@testing-library/react/dist/act-compat.js:48:24
 ❯ process.env.NODE_ENV.exports.act ../../node_modules/react/cjs/react.development.js:789:22
 ❯ Proxy.&lt;anonymous&gt; node_modules/@testing-library/react/dist/act-compat.js:47:25
 ❯ src/ui/hooks/useVisionAutoSwitch.test.ts:685:13
            </failure>
        </testcase>
        <testcase classname="src/ui/hooks/useVisionAutoSwitch.test.ts" name="useVisionAutoSwitch hook &gt; VLM switch mode default behavior &gt; should automatically switch once when vlmSwitchMode is &quot;once&quot;" time="0.001877686">
            <failure message="config.setModelContextLimit is not a function" type="TypeError">
TypeError: config.setModelContextLimit is not a function
 ❯ Object.handleVisionSwitch src/ui/hooks/useVisionAutoSwitch.ts:296:18
 ❯ src/ui/hooks/useVisionAutoSwitch.test.ts:723:49
            </failure>
        </testcase>
        <testcase classname="src/ui/hooks/useVisionAutoSwitch.test.ts" name="useVisionAutoSwitch hook &gt; VLM switch mode default behavior &gt; should switch session when vlmSwitchMode is &quot;session&quot;" time="0.001873959">
            <failure message="config.setModelContextLimit is not a function" type="TypeError">
TypeError: config.setModelContextLimit is not a function
 ❯ Object.handleVisionSwitch src/ui/hooks/useVisionAutoSwitch.ts:310:18
 ❯ src/ui/hooks/useVisionAutoSwitch.test.ts:759:49
            </failure>
        </testcase>
        <testcase classname="src/ui/hooks/useVisionAutoSwitch.test.ts" name="useVisionAutoSwitch hook &gt; VLM switch mode default behavior &gt; should continue with current model when vlmSwitchMode is &quot;persist&quot;" time="0.001503705">
        </testcase>
        <testcase classname="src/ui/hooks/useVisionAutoSwitch.test.ts" name="useVisionAutoSwitch hook &gt; VLM switch mode default behavior &gt; should fall back to user prompt when vlmSwitchMode is not set" time="0.002106408">
            <failure message="expected false to be true // Object.is equality" type="AssertionError">
AssertionError: expected false to be true // Object.is equality

- Expected
+ Received

- true
+ false

 ❯ src/ui/hooks/useVisionAutoSwitch.test.ts:836:42
            </failure>
        </testcase>
        <testcase classname="src/ui/hooks/useVisionAutoSwitch.test.ts" name="useVisionAutoSwitch hook &gt; VLM switch mode default behavior &gt; should fall back to persist behavior when vlmSwitchMode has invalid value" time="0.001286595">
        </testcase>
    </testsuite>
    <testsuite name="src/ui/hooks/vim.test.ts" timestamp="2025-10-09T15:32:35.167Z" hostname="uby" tests="87" failures="0" errors="0" skipped="0" time="0.468669752">
        <testcase classname="src/ui/hooks/vim.test.ts" name="useVim hook &gt; Mode switching &gt; should start in NORMAL mode" time="0.015600344">
        </testcase>
        <testcase classname="src/ui/hooks/vim.test.ts" name="useVim hook &gt; Mode switching &gt; should switch to INSERT mode with i command" time="0.00542848">
        </testcase>
        <testcase classname="src/ui/hooks/vim.test.ts" name="useVim hook &gt; Mode switching &gt; should switch back to NORMAL mode with Escape" time="0.005099884">
        </testcase>
        <testcase classname="src/ui/hooks/vim.test.ts" name="useVim hook &gt; Mode switching &gt; should properly handle escape followed immediately by a command" time="0.008226965">
        </testcase>
        <testcase classname="src/ui/hooks/vim.test.ts" name="useVim hook &gt; Navigation commands &gt; should handle h (left movement)" time="0.005603764">
        </testcase>
        <testcase classname="src/ui/hooks/vim.test.ts" name="useVim hook &gt; Navigation commands &gt; should handle l (right movement)" time="0.004744317">
        </testcase>
        <testcase classname="src/ui/hooks/vim.test.ts" name="useVim hook &gt; Navigation commands &gt; should handle j (down movement)" time="0.003019703">
        </testcase>
        <testcase classname="src/ui/hooks/vim.test.ts" name="useVim hook &gt; Navigation commands &gt; should handle k (up movement)" time="0.00590005">
        </testcase>
        <testcase classname="src/ui/hooks/vim.test.ts" name="useVim hook &gt; Navigation commands &gt; should handle 0 (move to start of line)" time="0.003767153">
        </testcase>
        <testcase classname="src/ui/hooks/vim.test.ts" name="useVim hook &gt; Navigation commands &gt; should handle $ (move to end of line)" time="0.003122674">
        </testcase>
        <testcase classname="src/ui/hooks/vim.test.ts" name="useVim hook &gt; Mode switching commands &gt; should handle a (append after cursor)" time="0.002986743">
        </testcase>
        <testcase classname="src/ui/hooks/vim.test.ts" name="useVim hook &gt; Mode switching commands &gt; should handle A (append at end of line)" time="0.003896862">
        </testcase>
        <testcase classname="src/ui/hooks/vim.test.ts" name="useVim hook &gt; Mode switching commands &gt; should handle o (open line below)" time="0.003088441">
        </testcase>
        <testcase classname="src/ui/hooks/vim.test.ts" name="useVim hook &gt; Mode switching commands &gt; should handle O (open line above)" time="0.00378681">
        </testcase>
        <testcase classname="src/ui/hooks/vim.test.ts" name="useVim hook &gt; Edit commands &gt; should handle x (delete character)" time="0.003826984">
        </testcase>
        <testcase classname="src/ui/hooks/vim.test.ts" name="useVim hook &gt; Edit commands &gt; should move cursor left when deleting last character on line (vim behavior)" time="0.003490483">
        </testcase>
        <testcase classname="src/ui/hooks/vim.test.ts" name="useVim hook &gt; Edit commands &gt; should handle first d key (sets pending state)" time="0.004355168">
        </testcase>
        <testcase classname="src/ui/hooks/vim.test.ts" name="useVim hook &gt; Count handling &gt; should handle count input and return to count 0 after command" time="0.004045807">
        </testcase>
        <testcase classname="src/ui/hooks/vim.test.ts" name="useVim hook &gt; Count handling &gt; should only delete 1 character with x command when no count is specified" time="0.004782728">
        </testcase>
        <testcase classname="src/ui/hooks/vim.test.ts" name="useVim hook &gt; Word movement &gt; should properly initialize vim hook with word movement support" time="0.004257248">
        </testcase>
        <testcase classname="src/ui/hooks/vim.test.ts" name="useVim hook &gt; Word movement &gt; should support vim mode and basic operations across multiple lines" time="0.003259015">
        </testcase>
        <testcase classname="src/ui/hooks/vim.test.ts" name="useVim hook &gt; Word movement &gt; should handle w (next word)" time="0.00461608">
        </testcase>
        <testcase classname="src/ui/hooks/vim.test.ts" name="useVim hook &gt; Word movement &gt; should handle b (previous word)" time="0.005532983">
        </testcase>
        <testcase classname="src/ui/hooks/vim.test.ts" name="useVim hook &gt; Word movement &gt; should handle e (end of word)" time="0.003929002">
        </testcase>
        <testcase classname="src/ui/hooks/vim.test.ts" name="useVim hook &gt; Word movement &gt; should handle w when cursor is on the last word" time="0.003844857">
        </testcase>
        <testcase classname="src/ui/hooks/vim.test.ts" name="useVim hook &gt; Word movement &gt; should handle first c key (sets pending change state)" time="0.005568468">
        </testcase>
        <testcase classname="src/ui/hooks/vim.test.ts" name="useVim hook &gt; Word movement &gt; should clear pending state on invalid command sequence (df)" time="0.003413561">
        </testcase>
        <testcase classname="src/ui/hooks/vim.test.ts" name="useVim hook &gt; Word movement &gt; should clear pending state with Escape in NORMAL mode" time="0.003298207">
        </testcase>
        <testcase classname="src/ui/hooks/vim.test.ts" name="useVim hook &gt; Disabled vim mode &gt; should not respond to vim commands when disabled" time="0.002748142">
        </testcase>
        <testcase classname="src/ui/hooks/vim.test.ts" name="useVim hook &gt; Command repeat system &gt; should repeat x command from current cursor position" time="0.003639307">
        </testcase>
        <testcase classname="src/ui/hooks/vim.test.ts" name="useVim hook &gt; Command repeat system &gt; should repeat dd command from current position" time="0.006379024">
        </testcase>
        <testcase classname="src/ui/hooks/vim.test.ts" name="useVim hook &gt; Command repeat system &gt; should repeat ce command from current position" time="0.016479608">
        </testcase>
        <testcase classname="src/ui/hooks/vim.test.ts" name="useVim hook &gt; Command repeat system &gt; should repeat cc command from current position" time="0.004081454">
        </testcase>
        <testcase classname="src/ui/hooks/vim.test.ts" name="useVim hook &gt; Command repeat system &gt; should repeat cw command from current position" time="0.005352659">
        </testcase>
        <testcase classname="src/ui/hooks/vim.test.ts" name="useVim hook &gt; Command repeat system &gt; should repeat D command from current position" time="0.005459807">
        </testcase>
        <testcase classname="src/ui/hooks/vim.test.ts" name="useVim hook &gt; Command repeat system &gt; should repeat C command from current position" time="0.004764334">
        </testcase>
        <testcase classname="src/ui/hooks/vim.test.ts" name="useVim hook &gt; Command repeat system &gt; should repeat command after cursor movement" time="0.00594849">
        </testcase>
        <testcase classname="src/ui/hooks/vim.test.ts" name="useVim hook &gt; Command repeat system &gt; should move cursor to the correct position after exiting INSERT mode with &quot;a&quot;" time="0.006771459">
        </testcase>
        <testcase classname="src/ui/hooks/vim.test.ts" name="useVim hook &gt; Special characters and edge cases &gt; should handle ^ (move to first non-whitespace character)" time="0.005912613">
        </testcase>
        <testcase classname="src/ui/hooks/vim.test.ts" name="useVim hook &gt; Special characters and edge cases &gt; should handle G without count (go to last line)" time="0.005929535">
        </testcase>
        <testcase classname="src/ui/hooks/vim.test.ts" name="useVim hook &gt; Special characters and edge cases &gt; should handle gg (go to first line)" time="0.004196496">
        </testcase>
        <testcase classname="src/ui/hooks/vim.test.ts" name="useVim hook &gt; Special characters and edge cases &gt; should handle count with movement commands" time="0.004092834">
        </testcase>
        <testcase classname="src/ui/hooks/vim.test.ts" name="useVim hook &gt; Vim word operations &gt; dw (delete word forward) &gt; should delete from cursor to start of next word" time="0.004110707">
        </testcase>
        <testcase classname="src/ui/hooks/vim.test.ts" name="useVim hook &gt; Vim word operations &gt; dw (delete word forward) &gt; should actually delete the complete word including trailing space" time="0.004737905">
        </testcase>
        <testcase classname="src/ui/hooks/vim.test.ts" name="useVim hook &gt; Vim word operations &gt; dw (delete word forward) &gt; should delete word from middle of word correctly" time="0.004477814">
        </testcase>
        <testcase classname="src/ui/hooks/vim.test.ts" name="useVim hook &gt; Vim word operations &gt; dw (delete word forward) &gt; should handle dw at end of line" time="0.004246949">
        </testcase>
        <testcase classname="src/ui/hooks/vim.test.ts" name="useVim hook &gt; Vim word operations &gt; dw (delete word forward) &gt; should delete multiple words with count" time="0.00681045">
        </testcase>
        <testcase classname="src/ui/hooks/vim.test.ts" name="useVim hook &gt; Vim word operations &gt; dw (delete word forward) &gt; should record command for repeat with dot" time="0.006932365">
        </testcase>
        <testcase classname="src/ui/hooks/vim.test.ts" name="useVim hook &gt; Vim word operations &gt; de (delete word end) &gt; should delete from cursor to end of current word" time="0.005121894">
        </testcase>
        <testcase classname="src/ui/hooks/vim.test.ts" name="useVim hook &gt; Vim word operations &gt; de (delete word end) &gt; should handle count with de" time="0.00388434">
        </testcase>
        <testcase classname="src/ui/hooks/vim.test.ts" name="useVim hook &gt; Vim word operations &gt; cw (change word forward) &gt; should change from cursor to start of next word and enter INSERT mode" time="0.003988662">
        </testcase>
        <testcase classname="src/ui/hooks/vim.test.ts" name="useVim hook &gt; Vim word operations &gt; cw (change word forward) &gt; should handle count with cw" time="0.005175934">
        </testcase>
        <testcase classname="src/ui/hooks/vim.test.ts" name="useVim hook &gt; Vim word operations &gt; cw (change word forward) &gt; should be repeatable with dot" time="0.008388453">
        </testcase>
        <testcase classname="src/ui/hooks/vim.test.ts" name="useVim hook &gt; Vim word operations &gt; ce (change word end) &gt; should change from cursor to end of word and enter INSERT mode" time="0.003262952">
        </testcase>
        <testcase classname="src/ui/hooks/vim.test.ts" name="useVim hook &gt; Vim word operations &gt; ce (change word end) &gt; should handle count with ce" time="0.003736667">
        </testcase>
        <testcase classname="src/ui/hooks/vim.test.ts" name="useVim hook &gt; Vim word operations &gt; cc (change line) &gt; should change entire line and enter INSERT mode" time="0.004233054">
        </testcase>
        <testcase classname="src/ui/hooks/vim.test.ts" name="useVim hook &gt; Vim word operations &gt; cc (change line) &gt; should change multiple lines with count" time="0.005666609">
        </testcase>
        <testcase classname="src/ui/hooks/vim.test.ts" name="useVim hook &gt; Vim word operations &gt; cc (change line) &gt; should be repeatable with dot" time="0.021702197">
        </testcase>
        <testcase classname="src/ui/hooks/vim.test.ts" name="useVim hook &gt; Vim word operations &gt; db (delete word backward) &gt; should delete from cursor to start of previous word" time="0.005165324">
        </testcase>
        <testcase classname="src/ui/hooks/vim.test.ts" name="useVim hook &gt; Vim word operations &gt; db (delete word backward) &gt; should handle count with db" time="0.005170904">
        </testcase>
        <testcase classname="src/ui/hooks/vim.test.ts" name="useVim hook &gt; Vim word operations &gt; cb (change word backward) &gt; should change from cursor to start of previous word and enter INSERT mode" time="0.007651874">
        </testcase>
        <testcase classname="src/ui/hooks/vim.test.ts" name="useVim hook &gt; Vim word operations &gt; cb (change word backward) &gt; should handle count with cb" time="0.005957076">
        </testcase>
        <testcase classname="src/ui/hooks/vim.test.ts" name="useVim hook &gt; Vim word operations &gt; Pending state handling &gt; should clear pending delete state after dw" time="0.007874595">
        </testcase>
        <testcase classname="src/ui/hooks/vim.test.ts" name="useVim hook &gt; Vim word operations &gt; Pending state handling &gt; should clear pending change state after cw" time="0.005169672">
        </testcase>
        <testcase classname="src/ui/hooks/vim.test.ts" name="useVim hook &gt; Vim word operations &gt; Pending state handling &gt; should clear pending state with escape" time="0.006026915">
        </testcase>
        <testcase classname="src/ui/hooks/vim.test.ts" name="useVim hook &gt; Vim word operations &gt; NORMAL mode escape behavior &gt; should pass escape through when no pending operator is active" time="0.005899829">
        </testcase>
        <testcase classname="src/ui/hooks/vim.test.ts" name="useVim hook &gt; Vim word operations &gt; NORMAL mode escape behavior &gt; should handle escape and clear pending operator" time="0.004877393">
        </testcase>
        <testcase classname="src/ui/hooks/vim.test.ts" name="useVim hook &gt; Shell command pass-through &gt; should pass through ctrl+r in INSERT mode" time="0.005432407">
        </testcase>
        <testcase classname="src/ui/hooks/vim.test.ts" name="useVim hook &gt; Shell command pass-through &gt; should pass through ! in INSERT mode when buffer is empty" time="0.004591755">
        </testcase>
        <testcase classname="src/ui/hooks/vim.test.ts" name="useVim hook &gt; Shell command pass-through &gt; should handle ! as input in INSERT mode when buffer is not empty" time="0.007755295">
        </testcase>
        <testcase classname="src/ui/hooks/vim.test.ts" name="useVim hook &gt; Reducer-based integration tests &gt; de (delete word end) &gt; should delete from cursor to end of current word" time="0.005435893">
        </testcase>
        <testcase classname="src/ui/hooks/vim.test.ts" name="useVim hook &gt; Reducer-based integration tests &gt; de (delete word end) &gt; should delete multiple word ends with count" time="0.005625564">
        </testcase>
        <testcase classname="src/ui/hooks/vim.test.ts" name="useVim hook &gt; Reducer-based integration tests &gt; db (delete word backward) &gt; should delete from cursor to start of previous word" time="0.004785102">
        </testcase>
        <testcase classname="src/ui/hooks/vim.test.ts" name="useVim hook &gt; Reducer-based integration tests &gt; db (delete word backward) &gt; should delete multiple words backward with count" time="0.004579773">
        </testcase>
        <testcase classname="src/ui/hooks/vim.test.ts" name="useVim hook &gt; Reducer-based integration tests &gt; cw (change word forward) &gt; should delete from cursor to start of next word" time="0.005257194">
        </testcase>
        <testcase classname="src/ui/hooks/vim.test.ts" name="useVim hook &gt; Reducer-based integration tests &gt; cw (change word forward) &gt; should change multiple words with count" time="0.004908941">
        </testcase>
        <testcase classname="src/ui/hooks/vim.test.ts" name="useVim hook &gt; Reducer-based integration tests &gt; ce (change word end) &gt; should change from cursor to end of current word" time="0.0047244">
        </testcase>
        <testcase classname="src/ui/hooks/vim.test.ts" name="useVim hook &gt; Reducer-based integration tests &gt; ce (change word end) &gt; should change multiple word ends with count" time="0.00527118">
        </testcase>
        <testcase classname="src/ui/hooks/vim.test.ts" name="useVim hook &gt; Reducer-based integration tests &gt; cb (change word backward) &gt; should change from cursor to start of previous word" time="0.004453761">
        </testcase>
        <testcase classname="src/ui/hooks/vim.test.ts" name="useVim hook &gt; Reducer-based integration tests &gt; cc (change line) &gt; should clear the line and place cursor at the start" time="0.004619296">
        </testcase>
        <testcase classname="src/ui/hooks/vim.test.ts" name="useVim hook &gt; Reducer-based integration tests &gt; dd (delete line) &gt; should delete the current line" time="0.004474418">
        </testcase>
        <testcase classname="src/ui/hooks/vim.test.ts" name="useVim hook &gt; Reducer-based integration tests &gt; dd (delete line) &gt; should delete multiple lines with count" time="0.004525944">
        </testcase>
        <testcase classname="src/ui/hooks/vim.test.ts" name="useVim hook &gt; Reducer-based integration tests &gt; dd (delete line) &gt; should handle deleting last line" time="0.00440453">
        </testcase>
        <testcase classname="src/ui/hooks/vim.test.ts" name="useVim hook &gt; Reducer-based integration tests &gt; D (delete to end of line) &gt; should delete from cursor to end of line" time="0.00440499">
        </testcase>
        <testcase classname="src/ui/hooks/vim.test.ts" name="useVim hook &gt; Reducer-based integration tests &gt; D (delete to end of line) &gt; should handle D at end of line" time="0.00507088">
        </testcase>
        <testcase classname="src/ui/hooks/vim.test.ts" name="useVim hook &gt; Reducer-based integration tests &gt; C (change to end of line) &gt; should change from cursor to end of line" time="0.003725977">
        </testcase>
        <testcase classname="src/ui/hooks/vim.test.ts" name="useVim hook &gt; Reducer-based integration tests &gt; C (change to end of line) &gt; should handle C at beginning of line" time="0.004868927">
        </testcase>
    </testsuite>
    <testsuite name="src/ui/components/AuthDialog.test.tsx" timestamp="2025-10-09T15:32:35.170Z" hostname="uby" tests="10" failures="2" errors="0" skipped="0" time="0.492898955">
        <testcase classname="src/ui/components/AuthDialog.test.tsx" name="AuthDialog &gt; should show an error if the initial auth type is invalid" time="0.032445587">
        </testcase>
        <testcase classname="src/ui/components/AuthDialog.test.tsx" name="AuthDialog &gt; GEMINI_API_KEY environment variable &gt; should detect GEMINI_API_KEY environment variable" time="0.008338581">
        </testcase>
        <testcase classname="src/ui/components/AuthDialog.test.tsx" name="AuthDialog &gt; GEMINI_API_KEY environment variable &gt; should not show the GEMINI_API_KEY message if QWEN_DEFAULT_AUTH_TYPE is set to something else" time="0.00819182">
        </testcase>
        <testcase classname="src/ui/components/AuthDialog.test.tsx" name="AuthDialog &gt; GEMINI_API_KEY environment variable &gt; should show the GEMINI_API_KEY message if QWEN_DEFAULT_AUTH_TYPE is set to use api key" time="0.008167215">
        </testcase>
        <testcase classname="src/ui/components/AuthDialog.test.tsx" name="AuthDialog &gt; QWEN_DEFAULT_AUTH_TYPE environment variable &gt; should select the auth type specified by QWEN_DEFAULT_AUTH_TYPE" time="0.010581672">
        </testcase>
        <testcase classname="src/ui/components/AuthDialog.test.tsx" name="AuthDialog &gt; QWEN_DEFAULT_AUTH_TYPE environment variable &gt; should fall back to default if QWEN_DEFAULT_AUTH_TYPE is not set" time="0.037824234">
            <failure message="expected &apos;╭────────────────────────────────────…&apos; to contain &apos;● 1. Qwen OAuth&apos;" type="AssertionError">
AssertionError: expected &apos;╭────────────────────────────────────…&apos; to contain &apos;● 1. Qwen OAuth&apos;

- Expected
+ Received

- ● 1. Qwen OAuth
+ ╭──────────────────────────────────────────────────────────────────────────────────────────────────╮
+ │                                                                                                  │
+ │ Get started                                                                                      │
+ │                                                                                                  │
+ │ How would you like to authenticate for this project?                                             │
+ │                                                                                                  │
+ │ ● 1. OpenRouter (OpenAI-compatible)                                                              │
+ │   2. LM Studio (local)                                                                           │
+ │                                                                                                  │
+ │ (Use Enter to Set Auth)                                                                          │
+ │                                                                                                  │
+ │ Terms of Services and Privacy Notice for Qwen Code                                               │
+ │                                                                                                  │
+ │ https://github.com/QwenLM/Qwen3-Coder/blob/main/README.md                                        │
+ │                                                                                                  │
+ ╰──────────────────────────────────────────────────────────────────────────────────────────────────╯

 ❯ src/ui/components/AuthDialog.test.tsx:262:27
            </failure>
        </testcase>
        <testcase classname="src/ui/components/AuthDialog.test.tsx" name="AuthDialog &gt; QWEN_DEFAULT_AUTH_TYPE environment variable &gt; should show an error and fall back to default if QWEN_DEFAULT_AUTH_TYPE is invalid" time="0.018428625">
            <failure message="expected &apos;╭────────────────────────────────────…&apos; to contain &apos;● 1. Qwen OAuth&apos;" type="AssertionError">
AssertionError: expected &apos;╭────────────────────────────────────…&apos; to contain &apos;● 1. Qwen OAuth&apos;

- Expected
+ Received

- ● 1. Qwen OAuth
+ ╭──────────────────────────────────────────────────────────────────────────────────────────────────╮
+ │                                                                                                  │
+ │ Get started                                                                                      │
+ │                                                                                                  │
+ │ How would you like to authenticate for this project?                                             │
+ │                                                                                                  │
+ │ ● 1. OpenRouter (OpenAI-compatible)                                                              │
+ │   2. LM Studio (local)                                                                           │
+ │                                                                                                  │
+ │ (Use Enter to Set Auth)                                                                          │
+ │                                                                                                  │
+ │ Terms of Services and Privacy Notice for Qwen Code                                               │
+ │                                                                                                  │
+ │ https://github.com/QwenLM/Qwen3-Coder/blob/main/README.md                                        │
+ │                                                                                                  │
+ ╰──────────────────────────────────────────────────────────────────────────────────────────────────╯

 ❯ src/ui/components/AuthDialog.test.tsx:300:27
            </failure>
        </testcase>
        <testcase classname="src/ui/components/AuthDialog.test.tsx" name="AuthDialog &gt; should prevent exiting when no auth method is selected and show error message" time="0.126562605">
        </testcase>
        <testcase classname="src/ui/components/AuthDialog.test.tsx" name="AuthDialog &gt; should not exit if there is already an error message" time="0.121285915">
        </testcase>
        <testcase classname="src/ui/components/AuthDialog.test.tsx" name="AuthDialog &gt; should allow exiting when auth method is already selected" time="0.119326859">
        </testcase>
    </testsuite>
    <testsuite name="src/ui/components/ContextSummaryDisplay.test.tsx" timestamp="2025-10-09T15:32:35.171Z" hostname="uby" tests="4" failures="0" errors="0" skipped="0" time="0.03022591">
        <testcase classname="src/ui/components/ContextSummaryDisplay.test.tsx" name="&lt;ContextSummaryDisplay /&gt; &gt; should render on a single line on a wide screen" time="0.018876923">
        </testcase>
        <testcase classname="src/ui/components/ContextSummaryDisplay.test.tsx" name="&lt;ContextSummaryDisplay /&gt; &gt; should render on multiple lines on a narrow screen" time="0.004261496">
        </testcase>
        <testcase classname="src/ui/components/ContextSummaryDisplay.test.tsx" name="&lt;ContextSummaryDisplay /&gt; &gt; should switch layout at the 80-column breakpoint" time="0.004433824">
        </testcase>
        <testcase classname="src/ui/components/ContextSummaryDisplay.test.tsx" name="&lt;ContextSummaryDisplay /&gt; &gt; should not render empty parts" time="0.001553027">
        </testcase>
    </testsuite>
    <testsuite name="src/ui/components/FolderTrustDialog.test.tsx" timestamp="2025-10-09T15:32:35.171Z" hostname="uby" tests="6" failures="0" errors="0" skipped="0" time="0.133390341">
        <testcase classname="src/ui/components/FolderTrustDialog.test.tsx" name="FolderTrustDialog &gt; should render the dialog with title and description" time="0.027029531">
            <system-err>
An update to Root inside a test was not wrapped in act(...).

When testing, code that causes React state updates should be wrapped into act(...):

act(() =&gt; {
  /* fire events that update state */
});
/* assert on the output */

This ensures that you&apos;re testing the behavior the user would see in the browser. Learn more at https://react.dev/link/wrap-tests-with-act

            </system-err>
        </testcase>
        <testcase classname="src/ui/components/FolderTrustDialog.test.tsx" name="FolderTrustDialog &gt; should call onSelect with DO_NOT_TRUST when escape is pressed and not restarting" time="0.059946248">
            <system-err>
An update to Root inside a test was not wrapped in act(...).

When testing, code that causes React state updates should be wrapped into act(...):

act(() =&gt; {
  /* fire events that update state */
});
/* assert on the output */

This ensures that you&apos;re testing the behavior the user would see in the browser. Learn more at https://react.dev/link/wrap-tests-with-act

            </system-err>
        </testcase>
        <testcase classname="src/ui/components/FolderTrustDialog.test.tsx" name="FolderTrustDialog &gt; should not call onSelect when escape is pressed and is restarting" time="0.011264732">
            <system-err>
An update to Root inside a test was not wrapped in act(...).

When testing, code that causes React state updates should be wrapped into act(...):

act(() =&gt; {
  /* fire events that update state */
});
/* assert on the output */

This ensures that you&apos;re testing the behavior the user would see in the browser. Learn more at https://react.dev/link/wrap-tests-with-act

            </system-err>
        </testcase>
        <testcase classname="src/ui/components/FolderTrustDialog.test.tsx" name="FolderTrustDialog &gt; should display restart message when isRestarting is true" time="0.006717909">
            <system-err>
An update to Root inside a test was not wrapped in act(...).

When testing, code that causes React state updates should be wrapped into act(...):

act(() =&gt; {
  /* fire events that update state */
});
/* assert on the output */

This ensures that you&apos;re testing the behavior the user would see in the browser. Learn more at https://react.dev/link/wrap-tests-with-act

            </system-err>
        </testcase>
        <testcase classname="src/ui/components/FolderTrustDialog.test.tsx" name="FolderTrustDialog &gt; should call process.exit when &quot;r&quot; is pressed and isRestarting is true" time="0.014346731">
            <system-err>
An update to Root inside a test was not wrapped in act(...).

When testing, code that causes React state updates should be wrapped into act(...):

act(() =&gt; {
  /* fire events that update state */
});
/* assert on the output */

This ensures that you&apos;re testing the behavior the user would see in the browser. Learn more at https://react.dev/link/wrap-tests-with-act

            </system-err>
        </testcase>
        <testcase classname="src/ui/components/FolderTrustDialog.test.tsx" name="FolderTrustDialog &gt; should not call process.exit when &quot;r&quot; is pressed and isRestarting is false" time="0.012714629">
            <system-err>
An update to Root inside a test was not wrapped in act(...).

When testing, code that causes React state updates should be wrapped into act(...):

act(() =&gt; {
  /* fire events that update state */
});
/* assert on the output */

This ensures that you&apos;re testing the behavior the user would see in the browser. Learn more at https://react.dev/link/wrap-tests-with-act

            </system-err>
        </testcase>
    </testsuite>
    <testsuite name="src/ui/components/Footer.test.tsx" timestamp="2025-10-09T15:32:35.171Z" hostname="uby" tests="13" failures="4" errors="0" skipped="0" time="0.140493891">
        <testcase classname="src/ui/components/Footer.test.tsx" name="&lt;Footer /&gt; &gt; renders the component" time="0.041986157">
        </testcase>
        <testcase classname="src/ui/components/Footer.test.tsx" name="&lt;Footer /&gt; &gt; path display &gt; should display shortened path on a wide terminal" time="0.020052252">
            <failure message="expected &apos;...bar/and/some/more/directories/to/m…&apos; to contain &apos;...bar/and/some/more/directories/to/m…&apos;" type="AssertionError">
AssertionError: expected &apos;...bar/and/some/more/directories/to/m…&apos; to contain &apos;...bar/and/some/more/directories/to/m…&apos;

- Expected
+ Received

- ...bar/and/some/more/directories/to/make/it/long
+ ...bar/and/some/more/directories/to/ma  no sandbox      gemini-pro (130,972/131,072 tokens
+ ke/it/long (main*)                      (see /docs)    available) (100% context left)

 ❯ src/ui/components/Footer.test.tsx:62:27
            </failure>
        </testcase>
        <testcase classname="src/ui/components/Footer.test.tsx" name="&lt;Footer /&gt; &gt; path display &gt; should display only the base directory name on a narrow terminal" time="0.00750936">
        </testcase>
        <testcase classname="src/ui/components/Footer.test.tsx" name="&lt;Footer /&gt; &gt; path display &gt; should use wide layout at 80 columns" time="0.008554159">
            <failure message="expected &apos;...e/directories/to/make/it/lo  no sa…&apos; to contain &apos;...e/directories/to/make/it/long&apos;" type="AssertionError">
AssertionError: expected &apos;...e/directories/to/make/it/lo  no sa…&apos; to contain &apos;...e/directories/to/make/it/long&apos;

- Expected
+ Received

- ...e/directories/to/make/it/long
+ ...e/directories/to/make/it/lo  no sandbox (see   gemini-pro (130,972/131,072 tokens available)
+ ng (main*)                      /docs)           (100% context left)

 ❯ src/ui/components/Footer.test.tsx:75:27
            </failure>
        </testcase>
        <testcase classname="src/ui/components/Footer.test.tsx" name="&lt;Footer /&gt; &gt; path display &gt; should use narrow layout at 79 columns" time="0.003513505">
        </testcase>
        <testcase classname="src/ui/components/Footer.test.tsx" name="&lt;Footer /&gt; &gt; displays the branch name when provided" time="0.004461926">
        </testcase>
        <testcase classname="src/ui/components/Footer.test.tsx" name="&lt;Footer /&gt; &gt; does not display the branch name when not provided" time="0.006247672">
        </testcase>
        <testcase classname="src/ui/components/Footer.test.tsx" name="&lt;Footer /&gt; &gt; displays the model name and context percentage" time="0.003964979">
        </testcase>
        <testcase classname="src/ui/components/Footer.test.tsx" name="&lt;Footer /&gt; &gt; sandbox and trust info &gt; should display untrusted when isTrustedFolder is false" time="0.014327385">
            <failure message="expected &apos;...bar/and/some/more/directories/to/m…&apos; to contain &apos;untrusted&apos;" type="AssertionError">
AssertionError: expected &apos;...bar/and/some/more/directories/to/m…&apos; to contain &apos;untrusted&apos;

- Expected
+ Received

- untrusted
+ ...bar/and/some/more/directories/to/make/i untrus  gemini-pro (130,972/131,072 tokens available)
+ t/long (main*)                             ted    (100% context left)

 ❯ src/ui/components/Footer.test.tsx:113:27
            </failure>
        </testcase>
        <testcase classname="src/ui/components/Footer.test.tsx" name="&lt;Footer /&gt; &gt; sandbox and trust info &gt; should display custom sandbox info when SANDBOX env is set" time="0.009537464">
        </testcase>
        <testcase classname="src/ui/components/Footer.test.tsx" name="&lt;Footer /&gt; &gt; sandbox and trust info &gt; should display macOS Seatbelt info when SANDBOX is sandbox-exec" time="0.006102193">
        </testcase>
        <testcase classname="src/ui/components/Footer.test.tsx" name="&lt;Footer /&gt; &gt; sandbox and trust info &gt; should display &quot;no sandbox&quot; when SANDBOX is not set and folder is trusted" time="0.005625994">
        </testcase>
        <testcase classname="src/ui/components/Footer.test.tsx" name="&lt;Footer /&gt; &gt; sandbox and trust info &gt; should prioritize untrusted message over sandbox info" time="0.004414098">
            <failure message="expected &apos;...bar/and/some/more/directories/to/m…&apos; to contain &apos;untrusted&apos;" type="AssertionError">
AssertionError: expected &apos;...bar/and/some/more/directories/to/m…&apos; to contain &apos;untrusted&apos;

- Expected
+ Received

- untrusted
+ ...bar/and/some/more/directories/to/make/i untrus  gemini-pro (130,972/131,072 tokens available)
+ t/long (main*)                             ted    (100% context left)

 ❯ src/ui/components/Footer.test.tsx:154:27
            </failure>
        </testcase>
    </testsuite>
    <testsuite name="src/ui/components/Header.test.tsx" timestamp="2025-10-09T15:32:35.172Z" hostname="uby" tests="4" failures="1" errors="0" skipped="0" time="0.090092011">
        <testcase classname="src/ui/components/Header.test.tsx" name="&lt;Header /&gt; &gt; renders the long logo on a wide terminal" time="0.061595121">
            <failure message="expected &apos;\n █████                             …&apos; to contain &apos;\n █████                             …&apos;" type="AssertionError">
AssertionError: expected &apos;\n █████                             …&apos; to contain &apos;\n █████                             …&apos;

- Expected
+ Received


-  █████                                  █████████            ████       █████████               █████         
+  █████                                  █████████            ████       █████████               █████
- ░░███                                  ███░░░░░███          ░░███      ███░░░░░███             ░░███          
+ ░░███                                  ███░░░░░███          ░░███      ███░░░░░███             ░░███
-  ░███         ██████  █████ ███ █████ ███     ░░░   ██████   ░███     ███     ░░░   ██████   ███████   ██████ 
+  ░███         ██████  █████ ███ █████ ███     ░░░   ██████   ░███     ███     ░░░   ██████   ███████   ██████
   ░███        ███░░███░░███ ░███░░███ ░███          ░░░░░███  ░███    ░███          ███░░███ ███░░███  ███░░███
-  ░███       ░███ ░███ ░███ ░███ ░███ ░███           ███████  ░███    ░███         ░███ ░███░███ ░███ ░███████ 
+  ░███       ░███ ░███ ░███ ░███ ░███ ░███           ███████  ░███    ░███         ░███ ░███░███ ░███ ░███████
-  ░███      █░███ ░███ ░░███████████  ░░███     ███ ███░░███  ░███    ░░███     ███░███ ░███░███ ░███ ░███░░░  
+  ░███      █░███ ░███ ░░███████████  ░░███     ███ ███░░███  ░███    ░░███     ███░███ ░███░███ ░███ ░███░░░
-  ███████████░░██████   ░░████░████    ░░█████████ ░░████████ █████    ░░█████████ ░░██████ ░░████████░░██████ 
+  ███████████░░██████   ░░████░████    ░░█████████ ░░████████ █████    ░░█████████ ░░██████ ░░████████░░██████
- ░░░░░░░░░░░  ░░░░░░     ░░░░ ░░░░      ░░░░░░░░░   ░░░░░░░░ ░░░░░      ░░░░░░░░░   ░░░░░░   ░░░░░░░░  ░░░░░░   
-                                                                                                    
+ ░░░░░░░░░░░  ░░░░░░     ░░░░ ░░░░      ░░░░░░░░░   ░░░░░░░░ ░░░░░      ░░░░░░░░░   ░░░░░░   ░░░░░░░░  ░░░░░░
+


 ❯ src/ui/components/Header.test.tsx:25:25
            </failure>
        </testcase>
        <testcase classname="src/ui/components/Header.test.tsx" name="&lt;Header /&gt; &gt; renders custom ASCII art when provided" time="0.002390793">
        </testcase>
        <testcase classname="src/ui/components/Header.test.tsx" name="&lt;Header /&gt; &gt; displays the version number when nightly is true" time="0.013642401">
        </testcase>
        <testcase classname="src/ui/components/Header.test.tsx" name="&lt;Header /&gt; &gt; does not display the version number when nightly is false" time="0.011231711">
        </testcase>
    </testsuite>
    <testsuite name="src/ui/components/HistoryItemDisplay.test.tsx" timestamp="2025-10-09T15:32:35.172Z" hostname="uby" tests="7" failures="0" errors="0" skipped="0" time="0.07440696">
        <testcase classname="src/ui/components/HistoryItemDisplay.test.tsx" name="&lt;HistoryItemDisplay /&gt; &gt; renders UserMessage for &quot;user&quot; type" time="0.022281497">
        </testcase>
        <testcase classname="src/ui/components/HistoryItemDisplay.test.tsx" name="&lt;HistoryItemDisplay /&gt; &gt; renders UserMessage for &quot;user&quot; type with slash command" time="0.003431614">
        </testcase>
        <testcase classname="src/ui/components/HistoryItemDisplay.test.tsx" name="&lt;HistoryItemDisplay /&gt; &gt; renders StatsDisplay for &quot;stats&quot; type" time="0.01370136">
        </testcase>
        <testcase classname="src/ui/components/HistoryItemDisplay.test.tsx" name="&lt;HistoryItemDisplay /&gt; &gt; renders AboutBox for &quot;about&quot; type" time="0.010060259">
        </testcase>
        <testcase classname="src/ui/components/HistoryItemDisplay.test.tsx" name="&lt;HistoryItemDisplay /&gt; &gt; renders ModelStatsDisplay for &quot;model_stats&quot; type" time="0.004703512">
        </testcase>
        <testcase classname="src/ui/components/HistoryItemDisplay.test.tsx" name="&lt;HistoryItemDisplay /&gt; &gt; renders ToolStatsDisplay for &quot;tool_stats&quot; type" time="0.00362962">
        </testcase>
        <testcase classname="src/ui/components/HistoryItemDisplay.test.tsx" name="&lt;HistoryItemDisplay /&gt; &gt; renders SessionSummaryDisplay for &quot;quit&quot; type" time="0.015149042">
        </testcase>
    </testsuite>
    <testsuite name="src/ui/components/InputPrompt.test.tsx" timestamp="2025-10-09T15:32:35.172Z" hostname="uby" tests="61" failures="0" errors="0" skipped="0" time="6.661631078">
        <testcase classname="src/ui/components/InputPrompt.test.tsx" name="InputPrompt &gt; should call shellHistory.getPreviousCommand on up arrow in shell mode" time="0.150710826">
            <system-err>
An update to Root inside a test was not wrapped in act(...).

When testing, code that causes React state updates should be wrapped into act(...):

act(() =&gt; {
  /* fire events that update state */
});
/* assert on the output */

This ensures that you&apos;re testing the behavior the user would see in the browser. Learn more at https://react.dev/link/wrap-tests-with-act
An update to InputPrompt inside a test was not wrapped in act(...).

When testing, code that causes React state updates should be wrapped into act(...):

act(() =&gt; {
  /* fire events that update state */
});
/* assert on the output */

This ensures that you&apos;re testing the behavior the user would see in the browser. Learn more at https://react.dev/link/wrap-tests-with-act
An update to InputPrompt inside a test was not wrapped in act(...).

When testing, code that causes React state updates should be wrapped into act(...):

act(() =&gt; {
  /* fire events that update state */
});
/* assert on the output */

This ensures that you&apos;re testing the behavior the user would see in the browser. Learn more at https://react.dev/link/wrap-tests-with-act
An update to InputPrompt inside a test was not wrapped in act(...).

When testing, code that causes React state updates should be wrapped into act(...):

act(() =&gt; {
  /* fire events that update state */
});
/* assert on the output */

This ensures that you&apos;re testing the behavior the user would see in the browser. Learn more at https://react.dev/link/wrap-tests-with-act
An update to InputPrompt inside a test was not wrapped in act(...).

When testing, code that causes React state updates should be wrapped into act(...):

act(() =&gt; {
  /* fire events that update state */
});
/* assert on the output */

This ensures that you&apos;re testing the behavior the user would see in the browser. Learn more at https://react.dev/link/wrap-tests-with-act
An update to InputPrompt inside a test was not wrapped in act(...).

When testing, code that causes React state updates should be wrapped into act(...):

act(() =&gt; {
  /* fire events that update state */
});
/* assert on the output */

This ensures that you&apos;re testing the behavior the user would see in the browser. Learn more at https://react.dev/link/wrap-tests-with-act
An update to InputPrompt inside a test was not wrapped in act(...).

When testing, code that causes React state updates should be wrapped into act(...):

act(() =&gt; {
  /* fire events that update state */
});
/* assert on the output */

This ensures that you&apos;re testing the behavior the user would see in the browser. Learn more at https://react.dev/link/wrap-tests-with-act

An update to Root inside a test was not wrapped in act(...).

When testing, code that causes React state updates should be wrapped into act(...):

act(() =&gt; {
  /* fire events that update state */
});
/* assert on the output */

This ensures that you&apos;re testing the behavior the user would see in the browser. Learn more at https://react.dev/link/wrap-tests-with-act

            </system-err>
        </testcase>
        <testcase classname="src/ui/components/InputPrompt.test.tsx" name="InputPrompt &gt; should call shellHistory.getNextCommand on down arrow in shell mode" time="0.112245519">
            <system-err>
An update to Root inside a test was not wrapped in act(...).

When testing, code that causes React state updates should be wrapped into act(...):

act(() =&gt; {
  /* fire events that update state */
});
/* assert on the output */

This ensures that you&apos;re testing the behavior the user would see in the browser. Learn more at https://react.dev/link/wrap-tests-with-act
An update to InputPrompt inside a test was not wrapped in act(...).

When testing, code that causes React state updates should be wrapped into act(...):

act(() =&gt; {
  /* fire events that update state */
});
/* assert on the output */

This ensures that you&apos;re testing the behavior the user would see in the browser. Learn more at https://react.dev/link/wrap-tests-with-act
An update to InputPrompt inside a test was not wrapped in act(...).

When testing, code that causes React state updates should be wrapped into act(...):

act(() =&gt; {
  /* fire events that update state */
});
/* assert on the output */

This ensures that you&apos;re testing the behavior the user would see in the browser. Learn more at https://react.dev/link/wrap-tests-with-act
An update to InputPrompt inside a test was not wrapped in act(...).

When testing, code that causes React state updates should be wrapped into act(...):

act(() =&gt; {
  /* fire events that update state */
});
/* assert on the output */

This ensures that you&apos;re testing the behavior the user would see in the browser. Learn more at https://react.dev/link/wrap-tests-with-act
An update to InputPrompt inside a test was not wrapped in act(...).

When testing, code that causes React state updates should be wrapped into act(...):

act(() =&gt; {
  /* fire events that update state */
});
/* assert on the output */

This ensures that you&apos;re testing the behavior the user would see in the browser. Learn more at https://react.dev/link/wrap-tests-with-act
An update to InputPrompt inside a test was not wrapped in act(...).

When testing, code that causes React state updates should be wrapped into act(...):

act(() =&gt; {
  /* fire events that update state */
});
/* assert on the output */

This ensures that you&apos;re testing the behavior the user would see in the browser. Learn more at https://react.dev/link/wrap-tests-with-act
An update to InputPrompt inside a test was not wrapped in act(...).

When testing, code that causes React state updates should be wrapped into act(...):

act(() =&gt; {
  /* fire events that update state */
});
/* assert on the output */

This ensures that you&apos;re testing the behavior the user would see in the browser. Learn more at https://react.dev/link/wrap-tests-with-act

An update to Root inside a test was not wrapped in act(...).

When testing, code that causes React state updates should be wrapped into act(...):

act(() =&gt; {
  /* fire events that update state */
});
/* assert on the output */

This ensures that you&apos;re testing the behavior the user would see in the browser. Learn more at https://react.dev/link/wrap-tests-with-act

            </system-err>
        </testcase>
        <testcase classname="src/ui/components/InputPrompt.test.tsx" name="InputPrompt &gt; should set the buffer text when a shell history command is retrieved" time="0.11088608">
            <system-err>
An update to Root inside a test was not wrapped in act(...).

When testing, code that causes React state updates should be wrapped into act(...):

act(() =&gt; {
  /* fire events that update state */
});
/* assert on the output */

This ensures that you&apos;re testing the behavior the user would see in the browser. Learn more at https://react.dev/link/wrap-tests-with-act
An update to InputPrompt inside a test was not wrapped in act(...).

When testing, code that causes React state updates should be wrapped into act(...):

act(() =&gt; {
  /* fire events that update state */
});
/* assert on the output */

This ensures that you&apos;re testing the behavior the user would see in the browser. Learn more at https://react.dev/link/wrap-tests-with-act
An update to InputPrompt inside a test was not wrapped in act(...).

When testing, code that causes React state updates should be wrapped into act(...):

act(() =&gt; {
  /* fire events that update state */
});
/* assert on the output */

This ensures that you&apos;re testing the behavior the user would see in the browser. Learn more at https://react.dev/link/wrap-tests-with-act
An update to InputPrompt inside a test was not wrapped in act(...).

When testing, code that causes React state updates should be wrapped into act(...):

act(() =&gt; {
  /* fire events that update state */
});
/* assert on the output */

This ensures that you&apos;re testing the behavior the user would see in the browser. Learn more at https://react.dev/link/wrap-tests-with-act
An update to InputPrompt inside a test was not wrapped in act(...).

When testing, code that causes React state updates should be wrapped into act(...):

act(() =&gt; {
  /* fire events that update state */
});
/* assert on the output */

This ensures that you&apos;re testing the behavior the user would see in the browser. Learn more at https://react.dev/link/wrap-tests-with-act
An update to InputPrompt inside a test was not wrapped in act(...).

When testing, code that causes React state updates should be wrapped into act(...):

act(() =&gt; {
  /* fire events that update state */
});
/* assert on the output */

This ensures that you&apos;re testing the behavior the user would see in the browser. Learn more at https://react.dev/link/wrap-tests-with-act
An update to InputPrompt inside a test was not wrapped in act(...).

When testing, code that causes React state updates should be wrapped into act(...):

act(() =&gt; {
  /* fire events that update state */
});
/* assert on the output */

This ensures that you&apos;re testing the behavior the user would see in the browser. Learn more at https://react.dev/link/wrap-tests-with-act

An update to Root inside a test was not wrapped in act(...).

When testing, code that causes React state updates should be wrapped into act(...):

act(() =&gt; {
  /* fire events that update state */
});
/* assert on the output */

This ensures that you&apos;re testing the behavior the user would see in the browser. Learn more at https://react.dev/link/wrap-tests-with-act

            </system-err>
        </testcase>
        <testcase classname="src/ui/components/InputPrompt.test.tsx" name="InputPrompt &gt; should call shellHistory.addCommandToHistory on submit in shell mode" time="0.111364993">
            <system-err>
An update to Root inside a test was not wrapped in act(...).

When testing, code that causes React state updates should be wrapped into act(...):

act(() =&gt; {
  /* fire events that update state */
});
/* assert on the output */

This ensures that you&apos;re testing the behavior the user would see in the browser. Learn more at https://react.dev/link/wrap-tests-with-act
An update to InputPrompt inside a test was not wrapped in act(...).

When testing, code that causes React state updates should be wrapped into act(...):

act(() =&gt; {
  /* fire events that update state */
});
/* assert on the output */

This ensures that you&apos;re testing the behavior the user would see in the browser. Learn more at https://react.dev/link/wrap-tests-with-act
An update to InputPrompt inside a test was not wrapped in act(...).

When testing, code that causes React state updates should be wrapped into act(...):

act(() =&gt; {
  /* fire events that update state */
});
/* assert on the output */

This ensures that you&apos;re testing the behavior the user would see in the browser. Learn more at https://react.dev/link/wrap-tests-with-act
An update to InputPrompt inside a test was not wrapped in act(...).

When testing, code that causes React state updates should be wrapped into act(...):

act(() =&gt; {
  /* fire events that update state */
});
/* assert on the output */

This ensures that you&apos;re testing the behavior the user would see in the browser. Learn more at https://react.dev/link/wrap-tests-with-act
An update to InputPrompt inside a test was not wrapped in act(...).

When testing, code that causes React state updates should be wrapped into act(...):

act(() =&gt; {
  /* fire events that update state */
});
/* assert on the output */

This ensures that you&apos;re testing the behavior the user would see in the browser. Learn more at https://react.dev/link/wrap-tests-with-act
An update to InputPrompt inside a test was not wrapped in act(...).

When testing, code that causes React state updates should be wrapped into act(...):

act(() =&gt; {
  /* fire events that update state */
});
/* assert on the output */

This ensures that you&apos;re testing the behavior the user would see in the browser. Learn more at https://react.dev/link/wrap-tests-with-act
An update to InputPrompt inside a test was not wrapped in act(...).

When testing, code that causes React state updates should be wrapped into act(...):

act(() =&gt; {
  /* fire events that update state */
});
/* assert on the output */

This ensures that you&apos;re testing the behavior the user would see in the browser. Learn more at https://react.dev/link/wrap-tests-with-act

An update to InputPrompt inside a test was not wrapped in act(...).

When testing, code that causes React state updates should be wrapped into act(...):

act(() =&gt; {
  /* fire events that update state */
});
/* assert on the output */

This ensures that you&apos;re testing the behavior the user would see in the browser. Learn more at https://react.dev/link/wrap-tests-with-act
An update to InputPrompt inside a test was not wrapped in act(...).

When testing, code that causes React state updates should be wrapped into act(...):

act(() =&gt; {
  /* fire events that update state */
});
/* assert on the output */

This ensures that you&apos;re testing the behavior the user would see in the browser. Learn more at https://react.dev/link/wrap-tests-with-act
An update to InputPrompt inside a test was not wrapped in act(...).

When testing, code that causes React state updates should be wrapped into act(...):

act(() =&gt; {
  /* fire events that update state */
});
/* assert on the output */

This ensures that you&apos;re testing the behavior the user would see in the browser. Learn more at https://react.dev/link/wrap-tests-with-act
An update to InputPrompt inside a test was not wrapped in act(...).

When testing, code that causes React state updates should be wrapped into act(...):

act(() =&gt; {
  /* fire events that update state */
});
/* assert on the output */

This ensures that you&apos;re testing the behavior the user would see in the browser. Learn more at https://react.dev/link/wrap-tests-with-act
An update to InputPrompt inside a test was not wrapped in act(...).

When testing, code that causes React state updates should be wrapped into act(...):

act(() =&gt; {
  /* fire events that update state */
});
/* assert on the output */

This ensures that you&apos;re testing the behavior the user would see in the browser. Learn more at https://react.dev/link/wrap-tests-with-act
An update to InputPrompt inside a test was not wrapped in act(...).

When testing, code that causes React state updates should be wrapped into act(...):

act(() =&gt; {
  /* fire events that update state */
});
/* assert on the output */

This ensures that you&apos;re testing the behavior the user would see in the browser. Learn more at https://react.dev/link/wrap-tests-with-act

An update to Root inside a test was not wrapped in act(...).

When testing, code that causes React state updates should be wrapped into act(...):

act(() =&gt; {
  /* fire events that update state */
});
/* assert on the output */

This ensures that you&apos;re testing the behavior the user would see in the browser. Learn more at https://react.dev/link/wrap-tests-with-act

            </system-err>
        </testcase>
        <testcase classname="src/ui/components/InputPrompt.test.tsx" name="InputPrompt &gt; should NOT call shell history methods when not in shell mode" time="0.215677741">
            <system-err>
An update to Root inside a test was not wrapped in act(...).

When testing, code that causes React state updates should be wrapped into act(...):

act(() =&gt; {
  /* fire events that update state */
});
/* assert on the output */

This ensures that you&apos;re testing the behavior the user would see in the browser. Learn more at https://react.dev/link/wrap-tests-with-act
An update to InputPrompt inside a test was not wrapped in act(...).

When testing, code that causes React state updates should be wrapped into act(...):

act(() =&gt; {
  /* fire events that update state */
});
/* assert on the output */

This ensures that you&apos;re testing the behavior the user would see in the browser. Learn more at https://react.dev/link/wrap-tests-with-act
An update to InputPrompt inside a test was not wrapped in act(...).

When testing, code that causes React state updates should be wrapped into act(...):

act(() =&gt; {
  /* fire events that update state */
});
/* assert on the output */

This ensures that you&apos;re testing the behavior the user would see in the browser. Learn more at https://react.dev/link/wrap-tests-with-act
An update to InputPrompt inside a test was not wrapped in act(...).

When testing, code that causes React state updates should be wrapped into act(...):

act(() =&gt; {
  /* fire events that update state */
});
/* assert on the output */

This ensures that you&apos;re testing the behavior the user would see in the browser. Learn more at https://react.dev/link/wrap-tests-with-act
An update to InputPrompt inside a test was not wrapped in act(...).

When testing, code that causes React state updates should be wrapped into act(...):

act(() =&gt; {
  /* fire events that update state */
});
/* assert on the output */

This ensures that you&apos;re testing the behavior the user would see in the browser. Learn more at https://react.dev/link/wrap-tests-with-act
An update to InputPrompt inside a test was not wrapped in act(...).

When testing, code that causes React state updates should be wrapped into act(...):

act(() =&gt; {
  /* fire events that update state */
});
/* assert on the output */

This ensures that you&apos;re testing the behavior the user would see in the browser. Learn more at https://react.dev/link/wrap-tests-with-act
An update to InputPrompt inside a test was not wrapped in act(...).

When testing, code that causes React state updates should be wrapped into act(...):

act(() =&gt; {
  /* fire events that update state */
});
/* assert on the output */

This ensures that you&apos;re testing the behavior the user would see in the browser. Learn more at https://react.dev/link/wrap-tests-with-act

An update to InputPrompt inside a test was not wrapped in act(...).

When testing, code that causes React state updates should be wrapped into act(...):

act(() =&gt; {
  /* fire events that update state */
});
/* assert on the output */

This ensures that you&apos;re testing the behavior the user would see in the browser. Learn more at https://react.dev/link/wrap-tests-with-act
An update to InputPrompt inside a test was not wrapped in act(...).

When testing, code that causes React state updates should be wrapped into act(...):

act(() =&gt; {
  /* fire events that update state */
});
/* assert on the output */

This ensures that you&apos;re testing the behavior the user would see in the browser. Learn more at https://react.dev/link/wrap-tests-with-act
An update to InputPrompt inside a test was not wrapped in act(...).

When testing, code that causes React state updates should be wrapped into act(...):

act(() =&gt; {
  /* fire events that update state */
});
/* assert on the output */

This ensures that you&apos;re testing the behavior the user would see in the browser. Learn more at https://react.dev/link/wrap-tests-with-act
An update to InputPrompt inside a test was not wrapped in act(...).

When testing, code that causes React state updates should be wrapped into act(...):

act(() =&gt; {
  /* fire events that update state */
});
/* assert on the output */

This ensures that you&apos;re testing the behavior the user would see in the browser. Learn more at https://react.dev/link/wrap-tests-with-act
An update to InputPrompt inside a test was not wrapped in act(...).

When testing, code that causes React state updates should be wrapped into act(...):

act(() =&gt; {
  /* fire events that update state */
});
/* assert on the output */

This ensures that you&apos;re testing the behavior the user would see in the browser. Learn more at https://react.dev/link/wrap-tests-with-act
An update to InputPrompt inside a test was not wrapped in act(...).

When testing, code that causes React state updates should be wrapped into act(...):

act(() =&gt; {
  /* fire events that update state */
});
/* assert on the output */

This ensures that you&apos;re testing the behavior the user would see in the browser. Learn more at https://react.dev/link/wrap-tests-with-act

An update to Root inside a test was not wrapped in act(...).

When testing, code that causes React state updates should be wrapped into act(...):

act(() =&gt; {
  /* fire events that update state */
});
/* assert on the output */

This ensures that you&apos;re testing the behavior the user would see in the browser. Learn more at https://react.dev/link/wrap-tests-with-act

            </system-err>
        </testcase>
        <testcase classname="src/ui/components/InputPrompt.test.tsx" name="InputPrompt &gt; should call completion.navigateUp for both up arrow and Ctrl+P when suggestions are showing" time="0.163126995">
            <system-err>
An update to Root inside a test was not wrapped in act(...).

When testing, code that causes React state updates should be wrapped into act(...):

act(() =&gt; {
  /* fire events that update state */
});
/* assert on the output */

This ensures that you&apos;re testing the behavior the user would see in the browser. Learn more at https://react.dev/link/wrap-tests-with-act
An update to InputPrompt inside a test was not wrapped in act(...).

When testing, code that causes React state updates should be wrapped into act(...):

act(() =&gt; {
  /* fire events that update state */
});
/* assert on the output */

This ensures that you&apos;re testing the behavior the user would see in the browser. Learn more at https://react.dev/link/wrap-tests-with-act
An update to InputPrompt inside a test was not wrapped in act(...).

When testing, code that causes React state updates should be wrapped into act(...):

act(() =&gt; {
  /* fire events that update state */
});
/* assert on the output */

This ensures that you&apos;re testing the behavior the user would see in the browser. Learn more at https://react.dev/link/wrap-tests-with-act
An update to InputPrompt inside a test was not wrapped in act(...).

When testing, code that causes React state updates should be wrapped into act(...):

act(() =&gt; {
  /* fire events that update state */
});
/* assert on the output */

This ensures that you&apos;re testing the behavior the user would see in the browser. Learn more at https://react.dev/link/wrap-tests-with-act
An update to InputPrompt inside a test was not wrapped in act(...).

When testing, code that causes React state updates should be wrapped into act(...):

act(() =&gt; {
  /* fire events that update state */
});
/* assert on the output */

This ensures that you&apos;re testing the behavior the user would see in the browser. Learn more at https://react.dev/link/wrap-tests-with-act
An update to InputPrompt inside a test was not wrapped in act(...).

When testing, code that causes React state updates should be wrapped into act(...):

act(() =&gt; {
  /* fire events that update state */
});
/* assert on the output */

This ensures that you&apos;re testing the behavior the user would see in the browser. Learn more at https://react.dev/link/wrap-tests-with-act
An update to InputPrompt inside a test was not wrapped in act(...).

When testing, code that causes React state updates should be wrapped into act(...):

act(() =&gt; {
  /* fire events that update state */
});
/* assert on the output */

This ensures that you&apos;re testing the behavior the user would see in the browser. Learn more at https://react.dev/link/wrap-tests-with-act

An update to Root inside a test was not wrapped in act(...).

When testing, code that causes React state updates should be wrapped into act(...):

act(() =&gt; {
  /* fire events that update state */
});
/* assert on the output */

This ensures that you&apos;re testing the behavior the user would see in the browser. Learn more at https://react.dev/link/wrap-tests-with-act

            </system-err>
        </testcase>
        <testcase classname="src/ui/components/InputPrompt.test.tsx" name="InputPrompt &gt; should call completion.navigateDown for both down arrow and Ctrl+N when suggestions are showing" time="0.161188167">
            <system-err>
An update to Root inside a test was not wrapped in act(...).

When testing, code that causes React state updates should be wrapped into act(...):

act(() =&gt; {
  /* fire events that update state */
});
/* assert on the output */

This ensures that you&apos;re testing the behavior the user would see in the browser. Learn more at https://react.dev/link/wrap-tests-with-act
An update to InputPrompt inside a test was not wrapped in act(...).

When testing, code that causes React state updates should be wrapped into act(...):

act(() =&gt; {
  /* fire events that update state */
});
/* assert on the output */

This ensures that you&apos;re testing the behavior the user would see in the browser. Learn more at https://react.dev/link/wrap-tests-with-act
An update to InputPrompt inside a test was not wrapped in act(...).

When testing, code that causes React state updates should be wrapped into act(...):

act(() =&gt; {
  /* fire events that update state */
});
/* assert on the output */

This ensures that you&apos;re testing the behavior the user would see in the browser. Learn more at https://react.dev/link/wrap-tests-with-act
An update to InputPrompt inside a test was not wrapped in act(...).

When testing, code that causes React state updates should be wrapped into act(...):

act(() =&gt; {
  /* fire events that update state */
});
/* assert on the output */

This ensures that you&apos;re testing the behavior the user would see in the browser. Learn more at https://react.dev/link/wrap-tests-with-act
An update to InputPrompt inside a test was not wrapped in act(...).

When testing, code that causes React state updates should be wrapped into act(...):

act(() =&gt; {
  /* fire events that update state */
});
/* assert on the output */

This ensures that you&apos;re testing the behavior the user would see in the browser. Learn more at https://react.dev/link/wrap-tests-with-act
An update to InputPrompt inside a test was not wrapped in act(...).

When testing, code that causes React state updates should be wrapped into act(...):

act(() =&gt; {
  /* fire events that update state */
});
/* assert on the output */

This ensures that you&apos;re testing the behavior the user would see in the browser. Learn more at https://react.dev/link/wrap-tests-with-act
An update to InputPrompt inside a test was not wrapped in act(...).

When testing, code that causes React state updates should be wrapped into act(...):

act(() =&gt; {
  /* fire events that update state */
});
/* assert on the output */

This ensures that you&apos;re testing the behavior the user would see in the browser. Learn more at https://react.dev/link/wrap-tests-with-act

An update to Root inside a test was not wrapped in act(...).

When testing, code that causes React state updates should be wrapped into act(...):

act(() =&gt; {
  /* fire events that update state */
});
/* assert on the output */

This ensures that you&apos;re testing the behavior the user would see in the browser. Learn more at https://react.dev/link/wrap-tests-with-act

            </system-err>
        </testcase>
        <testcase classname="src/ui/components/InputPrompt.test.tsx" name="InputPrompt &gt; should NOT call completion navigation when suggestions are not showing" time="0.265522924">
            <system-err>
An update to Root inside a test was not wrapped in act(...).

When testing, code that causes React state updates should be wrapped into act(...):

act(() =&gt; {
  /* fire events that update state */
});
/* assert on the output */

This ensures that you&apos;re testing the behavior the user would see in the browser. Learn more at https://react.dev/link/wrap-tests-with-act
An update to InputPrompt inside a test was not wrapped in act(...).

When testing, code that causes React state updates should be wrapped into act(...):

act(() =&gt; {
  /* fire events that update state */
});
/* assert on the output */

This ensures that you&apos;re testing the behavior the user would see in the browser. Learn more at https://react.dev/link/wrap-tests-with-act
An update to InputPrompt inside a test was not wrapped in act(...).

When testing, code that causes React state updates should be wrapped into act(...):

act(() =&gt; {
  /* fire events that update state */
});
/* assert on the output */

This ensures that you&apos;re testing the behavior the user would see in the browser. Learn more at https://react.dev/link/wrap-tests-with-act
An update to InputPrompt inside a test was not wrapped in act(...).

When testing, code that causes React state updates should be wrapped into act(...):

act(() =&gt; {
  /* fire events that update state */
});
/* assert on the output */

This ensures that you&apos;re testing the behavior the user would see in the browser. Learn more at https://react.dev/link/wrap-tests-with-act
An update to InputPrompt inside a test was not wrapped in act(...).

When testing, code that causes React state updates should be wrapped into act(...):

act(() =&gt; {
  /* fire events that update state */
});
/* assert on the output */

This ensures that you&apos;re testing the behavior the user would see in the browser. Learn more at https://react.dev/link/wrap-tests-with-act
An update to InputPrompt inside a test was not wrapped in act(...).

When testing, code that causes React state updates should be wrapped into act(...):

act(() =&gt; {
  /* fire events that update state */
});
/* assert on the output */

This ensures that you&apos;re testing the behavior the user would see in the browser. Learn more at https://react.dev/link/wrap-tests-with-act
An update to InputPrompt inside a test was not wrapped in act(...).

When testing, code that causes React state updates should be wrapped into act(...):

act(() =&gt; {
  /* fire events that update state */
});
/* assert on the output */

This ensures that you&apos;re testing the behavior the user would see in the browser. Learn more at https://react.dev/link/wrap-tests-with-act

An update to Root inside a test was not wrapped in act(...).

When testing, code that causes React state updates should be wrapped into act(...):

act(() =&gt; {
  /* fire events that update state */
});
/* assert on the output */

This ensures that you&apos;re testing the behavior the user would see in the browser. Learn more at https://react.dev/link/wrap-tests-with-act

            </system-err>
        </testcase>
        <testcase classname="src/ui/components/InputPrompt.test.tsx" name="InputPrompt &gt; clipboard image paste &gt; should handle Ctrl+V when clipboard has an image" time="0.113347423">
            <system-err>
An update to Root inside a test was not wrapped in act(...).

When testing, code that causes React state updates should be wrapped into act(...):

act(() =&gt; {
  /* fire events that update state */
});
/* assert on the output */

This ensures that you&apos;re testing the behavior the user would see in the browser. Learn more at https://react.dev/link/wrap-tests-with-act
An update to InputPrompt inside a test was not wrapped in act(...).

When testing, code that causes React state updates should be wrapped into act(...):

act(() =&gt; {
  /* fire events that update state */
});
/* assert on the output */

This ensures that you&apos;re testing the behavior the user would see in the browser. Learn more at https://react.dev/link/wrap-tests-with-act
An update to InputPrompt inside a test was not wrapped in act(...).

When testing, code that causes React state updates should be wrapped into act(...):

act(() =&gt; {
  /* fire events that update state */
});
/* assert on the output */

This ensures that you&apos;re testing the behavior the user would see in the browser. Learn more at https://react.dev/link/wrap-tests-with-act
An update to InputPrompt inside a test was not wrapped in act(...).

When testing, code that causes React state updates should be wrapped into act(...):

act(() =&gt; {
  /* fire events that update state */
});
/* assert on the output */

This ensures that you&apos;re testing the behavior the user would see in the browser. Learn more at https://react.dev/link/wrap-tests-with-act
An update to InputPrompt inside a test was not wrapped in act(...).

When testing, code that causes React state updates should be wrapped into act(...):

act(() =&gt; {
  /* fire events that update state */
});
/* assert on the output */

This ensures that you&apos;re testing the behavior the user would see in the browser. Learn more at https://react.dev/link/wrap-tests-with-act
An update to InputPrompt inside a test was not wrapped in act(...).

When testing, code that causes React state updates should be wrapped into act(...):

act(() =&gt; {
  /* fire events that update state */
});
/* assert on the output */

This ensures that you&apos;re testing the behavior the user would see in the browser. Learn more at https://react.dev/link/wrap-tests-with-act
An update to InputPrompt inside a test was not wrapped in act(...).

When testing, code that causes React state updates should be wrapped into act(...):

act(() =&gt; {
  /* fire events that update state */
});
/* assert on the output */

This ensures that you&apos;re testing the behavior the user would see in the browser. Learn more at https://react.dev/link/wrap-tests-with-act

An update to Root inside a test was not wrapped in act(...).

When testing, code that causes React state updates should be wrapped into act(...):

act(() =&gt; {
  /* fire events that update state */
});
/* assert on the output */

This ensures that you&apos;re testing the behavior the user would see in the browser. Learn more at https://react.dev/link/wrap-tests-with-act

            </system-err>
        </testcase>
        <testcase classname="src/ui/components/InputPrompt.test.tsx" name="InputPrompt &gt; clipboard image paste &gt; should not insert anything when clipboard has no image" time="0.115317871">
            <system-err>
An update to Root inside a test was not wrapped in act(...).

When testing, code that causes React state updates should be wrapped into act(...):

act(() =&gt; {
  /* fire events that update state */
});
/* assert on the output */

This ensures that you&apos;re testing the behavior the user would see in the browser. Learn more at https://react.dev/link/wrap-tests-with-act
An update to InputPrompt inside a test was not wrapped in act(...).

When testing, code that causes React state updates should be wrapped into act(...):

act(() =&gt; {
  /* fire events that update state */
});
/* assert on the output */

This ensures that you&apos;re testing the behavior the user would see in the browser. Learn more at https://react.dev/link/wrap-tests-with-act
An update to InputPrompt inside a test was not wrapped in act(...).

When testing, code that causes React state updates should be wrapped into act(...):

act(() =&gt; {
  /* fire events that update state */
});
/* assert on the output */

This ensures that you&apos;re testing the behavior the user would see in the browser. Learn more at https://react.dev/link/wrap-tests-with-act
An update to InputPrompt inside a test was not wrapped in act(...).

When testing, code that causes React state updates should be wrapped into act(...):

act(() =&gt; {
  /* fire events that update state */
});
/* assert on the output */

This ensures that you&apos;re testing the behavior the user would see in the browser. Learn more at https://react.dev/link/wrap-tests-with-act
An update to InputPrompt inside a test was not wrapped in act(...).

When testing, code that causes React state updates should be wrapped into act(...):

act(() =&gt; {
  /* fire events that update state */
});
/* assert on the output */

This ensures that you&apos;re testing the behavior the user would see in the browser. Learn more at https://react.dev/link/wrap-tests-with-act
An update to InputPrompt inside a test was not wrapped in act(...).

When testing, code that causes React state updates should be wrapped into act(...):

act(() =&gt; {
  /* fire events that update state */
});
/* assert on the output */

This ensures that you&apos;re testing the behavior the user would see in the browser. Learn more at https://react.dev/link/wrap-tests-with-act
An update to InputPrompt inside a test was not wrapped in act(...).

When testing, code that causes React state updates should be wrapped into act(...):

act(() =&gt; {
  /* fire events that update state */
});
/* assert on the output */

This ensures that you&apos;re testing the behavior the user would see in the browser. Learn more at https://react.dev/link/wrap-tests-with-act

An update to Root inside a test was not wrapped in act(...).

When testing, code that causes React state updates should be wrapped into act(...):

act(() =&gt; {
  /* fire events that update state */
});
/* assert on the output */

This ensures that you&apos;re testing the behavior the user would see in the browser. Learn more at https://react.dev/link/wrap-tests-with-act

            </system-err>
        </testcase>
        <testcase classname="src/ui/components/InputPrompt.test.tsx" name="InputPrompt &gt; clipboard image paste &gt; should handle image save failure gracefully" time="0.11073966">
            <system-err>
An update to Root inside a test was not wrapped in act(...).

When testing, code that causes React state updates should be wrapped into act(...):

act(() =&gt; {
  /* fire events that update state */
});
/* assert on the output */

This ensures that you&apos;re testing the behavior the user would see in the browser. Learn more at https://react.dev/link/wrap-tests-with-act
An update to InputPrompt inside a test was not wrapped in act(...).

When testing, code that causes React state updates should be wrapped into act(...):

act(() =&gt; {
  /* fire events that update state */
});
/* assert on the output */

This ensures that you&apos;re testing the behavior the user would see in the browser. Learn more at https://react.dev/link/wrap-tests-with-act
An update to InputPrompt inside a test was not wrapped in act(...).

When testing, code that causes React state updates should be wrapped into act(...):

act(() =&gt; {
  /* fire events that update state */
});
/* assert on the output */

This ensures that you&apos;re testing the behavior the user would see in the browser. Learn more at https://react.dev/link/wrap-tests-with-act
An update to InputPrompt inside a test was not wrapped in act(...).

When testing, code that causes React state updates should be wrapped into act(...):

act(() =&gt; {
  /* fire events that update state */
});
/* assert on the output */

This ensures that you&apos;re testing the behavior the user would see in the browser. Learn more at https://react.dev/link/wrap-tests-with-act
An update to InputPrompt inside a test was not wrapped in act(...).

When testing, code that causes React state updates should be wrapped into act(...):

act(() =&gt; {
  /* fire events that update state */
});
/* assert on the output */

This ensures that you&apos;re testing the behavior the user would see in the browser. Learn more at https://react.dev/link/wrap-tests-with-act
An update to InputPrompt inside a test was not wrapped in act(...).

When testing, code that causes React state updates should be wrapped into act(...):

act(() =&gt; {
  /* fire events that update state */
});
/* assert on the output */

This ensures that you&apos;re testing the behavior the user would see in the browser. Learn more at https://react.dev/link/wrap-tests-with-act
An update to InputPrompt inside a test was not wrapped in act(...).

When testing, code that causes React state updates should be wrapped into act(...):

act(() =&gt; {
  /* fire events that update state */
});
/* assert on the output */

This ensures that you&apos;re testing the behavior the user would see in the browser. Learn more at https://react.dev/link/wrap-tests-with-act

An update to Root inside a test was not wrapped in act(...).

When testing, code that causes React state updates should be wrapped into act(...):

act(() =&gt; {
  /* fire events that update state */
});
/* assert on the output */

This ensures that you&apos;re testing the behavior the user would see in the browser. Learn more at https://react.dev/link/wrap-tests-with-act

            </system-err>
        </testcase>
        <testcase classname="src/ui/components/InputPrompt.test.tsx" name="InputPrompt &gt; clipboard image paste &gt; should insert image path at cursor position with proper spacing" time="0.113936992">
            <system-err>
An update to Root inside a test was not wrapped in act(...).

When testing, code that causes React state updates should be wrapped into act(...):

act(() =&gt; {
  /* fire events that update state */
});
/* assert on the output */

This ensures that you&apos;re testing the behavior the user would see in the browser. Learn more at https://react.dev/link/wrap-tests-with-act
An update to InputPrompt inside a test was not wrapped in act(...).

When testing, code that causes React state updates should be wrapped into act(...):

act(() =&gt; {
  /* fire events that update state */
});
/* assert on the output */

This ensures that you&apos;re testing the behavior the user would see in the browser. Learn more at https://react.dev/link/wrap-tests-with-act
An update to InputPrompt inside a test was not wrapped in act(...).

When testing, code that causes React state updates should be wrapped into act(...):

act(() =&gt; {
  /* fire events that update state */
});
/* assert on the output */

This ensures that you&apos;re testing the behavior the user would see in the browser. Learn more at https://react.dev/link/wrap-tests-with-act
An update to InputPrompt inside a test was not wrapped in act(...).

When testing, code that causes React state updates should be wrapped into act(...):

act(() =&gt; {
  /* fire events that update state */
});
/* assert on the output */

This ensures that you&apos;re testing the behavior the user would see in the browser. Learn more at https://react.dev/link/wrap-tests-with-act
An update to InputPrompt inside a test was not wrapped in act(...).

When testing, code that causes React state updates should be wrapped into act(...):

act(() =&gt; {
  /* fire events that update state */
});
/* assert on the output */

This ensures that you&apos;re testing the behavior the user would see in the browser. Learn more at https://react.dev/link/wrap-tests-with-act
An update to InputPrompt inside a test was not wrapped in act(...).

When testing, code that causes React state updates should be wrapped into act(...):

act(() =&gt; {
  /* fire events that update state */
});
/* assert on the output */

This ensures that you&apos;re testing the behavior the user would see in the browser. Learn more at https://react.dev/link/wrap-tests-with-act
An update to InputPrompt inside a test was not wrapped in act(...).

When testing, code that causes React state updates should be wrapped into act(...):

act(() =&gt; {
  /* fire events that update state */
});
/* assert on the output */

This ensures that you&apos;re testing the behavior the user would see in the browser. Learn more at https://react.dev/link/wrap-tests-with-act

An update to Root inside a test was not wrapped in act(...).

When testing, code that causes React state updates should be wrapped into act(...):

act(() =&gt; {
  /* fire events that update state */
});
/* assert on the output */

This ensures that you&apos;re testing the behavior the user would see in the browser. Learn more at https://react.dev/link/wrap-tests-with-act

            </system-err>
        </testcase>
        <testcase classname="src/ui/components/InputPrompt.test.tsx" name="InputPrompt &gt; clipboard image paste &gt; should handle errors during clipboard operations" time="0.113535431">
            <system-err>
An update to Root inside a test was not wrapped in act(...).

When testing, code that causes React state updates should be wrapped into act(...):

act(() =&gt; {
  /* fire events that update state */
});
/* assert on the output */

This ensures that you&apos;re testing the behavior the user would see in the browser. Learn more at https://react.dev/link/wrap-tests-with-act

            </system-err>
        </testcase>
        <testcase classname="src/ui/components/InputPrompt.test.tsx" name="InputPrompt &gt; should complete a partial parent command" time="0.11530107">
            <system-err>
An update to Root inside a test was not wrapped in act(...).

When testing, code that causes React state updates should be wrapped into act(...):

act(() =&gt; {
  /* fire events that update state */
});
/* assert on the output */

This ensures that you&apos;re testing the behavior the user would see in the browser. Learn more at https://react.dev/link/wrap-tests-with-act
An update to InputPrompt inside a test was not wrapped in act(...).

When testing, code that causes React state updates should be wrapped into act(...):

act(() =&gt; {
  /* fire events that update state */
});
/* assert on the output */

This ensures that you&apos;re testing the behavior the user would see in the browser. Learn more at https://react.dev/link/wrap-tests-with-act
An update to InputPrompt inside a test was not wrapped in act(...).

When testing, code that causes React state updates should be wrapped into act(...):

act(() =&gt; {
  /* fire events that update state */
});
/* assert on the output */

This ensures that you&apos;re testing the behavior the user would see in the browser. Learn more at https://react.dev/link/wrap-tests-with-act
An update to InputPrompt inside a test was not wrapped in act(...).

When testing, code that causes React state updates should be wrapped into act(...):

act(() =&gt; {
  /* fire events that update state */
});
/* assert on the output */

This ensures that you&apos;re testing the behavior the user would see in the browser. Learn more at https://react.dev/link/wrap-tests-with-act
An update to InputPrompt inside a test was not wrapped in act(...).

When testing, code that causes React state updates should be wrapped into act(...):

act(() =&gt; {
  /* fire events that update state */
});
/* assert on the output */

This ensures that you&apos;re testing the behavior the user would see in the browser. Learn more at https://react.dev/link/wrap-tests-with-act
An update to InputPrompt inside a test was not wrapped in act(...).

When testing, code that causes React state updates should be wrapped into act(...):

act(() =&gt; {
  /* fire events that update state */
});
/* assert on the output */

This ensures that you&apos;re testing the behavior the user would see in the browser. Learn more at https://react.dev/link/wrap-tests-with-act
An update to InputPrompt inside a test was not wrapped in act(...).

When testing, code that causes React state updates should be wrapped into act(...):

act(() =&gt; {
  /* fire events that update state */
});
/* assert on the output */

This ensures that you&apos;re testing the behavior the user would see in the browser. Learn more at https://react.dev/link/wrap-tests-with-act

An update to Root inside a test was not wrapped in act(...).

When testing, code that causes React state updates should be wrapped into act(...):

act(() =&gt; {
  /* fire events that update state */
});
/* assert on the output */

This ensures that you&apos;re testing the behavior the user would see in the browser. Learn more at https://react.dev/link/wrap-tests-with-act

            </system-err>
        </testcase>
        <testcase classname="src/ui/components/InputPrompt.test.tsx" name="InputPrompt &gt; should append a sub-command when the parent command is already complete" time="0.112018111">
            <system-err>
An update to Root inside a test was not wrapped in act(...).

When testing, code that causes React state updates should be wrapped into act(...):

act(() =&gt; {
  /* fire events that update state */
});
/* assert on the output */

This ensures that you&apos;re testing the behavior the user would see in the browser. Learn more at https://react.dev/link/wrap-tests-with-act
An update to InputPrompt inside a test was not wrapped in act(...).

When testing, code that causes React state updates should be wrapped into act(...):

act(() =&gt; {
  /* fire events that update state */
});
/* assert on the output */

This ensures that you&apos;re testing the behavior the user would see in the browser. Learn more at https://react.dev/link/wrap-tests-with-act
An update to InputPrompt inside a test was not wrapped in act(...).

When testing, code that causes React state updates should be wrapped into act(...):

act(() =&gt; {
  /* fire events that update state */
});
/* assert on the output */

This ensures that you&apos;re testing the behavior the user would see in the browser. Learn more at https://react.dev/link/wrap-tests-with-act
An update to InputPrompt inside a test was not wrapped in act(...).

When testing, code that causes React state updates should be wrapped into act(...):

act(() =&gt; {
  /* fire events that update state */
});
/* assert on the output */

This ensures that you&apos;re testing the behavior the user would see in the browser. Learn more at https://react.dev/link/wrap-tests-with-act
An update to InputPrompt inside a test was not wrapped in act(...).

When testing, code that causes React state updates should be wrapped into act(...):

act(() =&gt; {
  /* fire events that update state */
});
/* assert on the output */

This ensures that you&apos;re testing the behavior the user would see in the browser. Learn more at https://react.dev/link/wrap-tests-with-act
An update to InputPrompt inside a test was not wrapped in act(...).

When testing, code that causes React state updates should be wrapped into act(...):

act(() =&gt; {
  /* fire events that update state */
});
/* assert on the output */

This ensures that you&apos;re testing the behavior the user would see in the browser. Learn more at https://react.dev/link/wrap-tests-with-act
An update to InputPrompt inside a test was not wrapped in act(...).

When testing, code that causes React state updates should be wrapped into act(...):

act(() =&gt; {
  /* fire events that update state */
});
/* assert on the output */

This ensures that you&apos;re testing the behavior the user would see in the browser. Learn more at https://react.dev/link/wrap-tests-with-act

An update to Root inside a test was not wrapped in act(...).

When testing, code that causes React state updates should be wrapped into act(...):

act(() =&gt; {
  /* fire events that update state */
});
/* assert on the output */

This ensures that you&apos;re testing the behavior the user would see in the browser. Learn more at https://react.dev/link/wrap-tests-with-act

            </system-err>
        </testcase>
        <testcase classname="src/ui/components/InputPrompt.test.tsx" name="InputPrompt &gt; should handle the &quot;backspace&quot; edge case correctly" time="0.128716903">
            <system-err>
An update to Root inside a test was not wrapped in act(...).

When testing, code that causes React state updates should be wrapped into act(...):

act(() =&gt; {
  /* fire events that update state */
});
/* assert on the output */

This ensures that you&apos;re testing the behavior the user would see in the browser. Learn more at https://react.dev/link/wrap-tests-with-act
An update to InputPrompt inside a test was not wrapped in act(...).

When testing, code that causes React state updates should be wrapped into act(...):

act(() =&gt; {
  /* fire events that update state */
});
/* assert on the output */

This ensures that you&apos;re testing the behavior the user would see in the browser. Learn more at https://react.dev/link/wrap-tests-with-act
An update to InputPrompt inside a test was not wrapped in act(...).

When testing, code that causes React state updates should be wrapped into act(...):

act(() =&gt; {
  /* fire events that update state */
});
/* assert on the output */

This ensures that you&apos;re testing the behavior the user would see in the browser. Learn more at https://react.dev/link/wrap-tests-with-act
An update to InputPrompt inside a test was not wrapped in act(...).

When testing, code that causes React state updates should be wrapped into act(...):

act(() =&gt; {
  /* fire events that update state */
});
/* assert on the output */

This ensures that you&apos;re testing the behavior the user would see in the browser. Learn more at https://react.dev/link/wrap-tests-with-act
An update to InputPrompt inside a test was not wrapped in act(...).

When testing, code that causes React state updates should be wrapped into act(...):

act(() =&gt; {
  /* fire events that update state */
});
/* assert on the output */

This ensures that you&apos;re testing the behavior the user would see in the browser. Learn more at https://react.dev/link/wrap-tests-with-act
An update to InputPrompt inside a test was not wrapped in act(...).

When testing, code that causes React state updates should be wrapped into act(...):

act(() =&gt; {
  /* fire events that update state */
});
/* assert on the output */

This ensures that you&apos;re testing the behavior the user would see in the browser. Learn more at https://react.dev/link/wrap-tests-with-act
An update to InputPrompt inside a test was not wrapped in act(...).

When testing, code that causes React state updates should be wrapped into act(...):

act(() =&gt; {
  /* fire events that update state */
});
/* assert on the output */

This ensures that you&apos;re testing the behavior the user would see in the browser. Learn more at https://react.dev/link/wrap-tests-with-act

An update to Root inside a test was not wrapped in act(...).

When testing, code that causes React state updates should be wrapped into act(...):

act(() =&gt; {
  /* fire events that update state */
});
/* assert on the output */

This ensures that you&apos;re testing the behavior the user would see in the browser. Learn more at https://react.dev/link/wrap-tests-with-act

            </system-err>
        </testcase>
        <testcase classname="src/ui/components/InputPrompt.test.tsx" name="InputPrompt &gt; should complete a partial argument for a command" time="0.113152704">
            <system-err>
An update to Root inside a test was not wrapped in act(...).

When testing, code that causes React state updates should be wrapped into act(...):

act(() =&gt; {
  /* fire events that update state */
});
/* assert on the output */

This ensures that you&apos;re testing the behavior the user would see in the browser. Learn more at https://react.dev/link/wrap-tests-with-act
An update to InputPrompt inside a test was not wrapped in act(...).

When testing, code that causes React state updates should be wrapped into act(...):

act(() =&gt; {
  /* fire events that update state */
});
/* assert on the output */

This ensures that you&apos;re testing the behavior the user would see in the browser. Learn more at https://react.dev/link/wrap-tests-with-act
An update to InputPrompt inside a test was not wrapped in act(...).

When testing, code that causes React state updates should be wrapped into act(...):

act(() =&gt; {
  /* fire events that update state */
});
/* assert on the output */

This ensures that you&apos;re testing the behavior the user would see in the browser. Learn more at https://react.dev/link/wrap-tests-with-act
An update to InputPrompt inside a test was not wrapped in act(...).

When testing, code that causes React state updates should be wrapped into act(...):

act(() =&gt; {
  /* fire events that update state */
});
/* assert on the output */

This ensures that you&apos;re testing the behavior the user would see in the browser. Learn more at https://react.dev/link/wrap-tests-with-act
An update to InputPrompt inside a test was not wrapped in act(...).

When testing, code that causes React state updates should be wrapped into act(...):

act(() =&gt; {
  /* fire events that update state */
});
/* assert on the output */

This ensures that you&apos;re testing the behavior the user would see in the browser. Learn more at https://react.dev/link/wrap-tests-with-act
An update to InputPrompt inside a test was not wrapped in act(...).

When testing, code that causes React state updates should be wrapped into act(...):

act(() =&gt; {
  /* fire events that update state */
});
/* assert on the output */

This ensures that you&apos;re testing the behavior the user would see in the browser. Learn more at https://react.dev/link/wrap-tests-with-act
An update to InputPrompt inside a test was not wrapped in act(...).

When testing, code that causes React state updates should be wrapped into act(...):

act(() =&gt; {
  /* fire events that update state */
});
/* assert on the output */

This ensures that you&apos;re testing the behavior the user would see in the browser. Learn more at https://react.dev/link/wrap-tests-with-act

An update to Root inside a test was not wrapped in act(...).

When testing, code that causes React state updates should be wrapped into act(...):

act(() =&gt; {
  /* fire events that update state */
});
/* assert on the output */

This ensures that you&apos;re testing the behavior the user would see in the browser. Learn more at https://react.dev/link/wrap-tests-with-act

            </system-err>
        </testcase>
        <testcase classname="src/ui/components/InputPrompt.test.tsx" name="InputPrompt &gt; should autocomplete on Enter when suggestions are active, without submitting" time="0.115059283">
            <system-err>
An update to Root inside a test was not wrapped in act(...).

When testing, code that causes React state updates should be wrapped into act(...):

act(() =&gt; {
  /* fire events that update state */
});
/* assert on the output */

This ensures that you&apos;re testing the behavior the user would see in the browser. Learn more at https://react.dev/link/wrap-tests-with-act
An update to InputPrompt inside a test was not wrapped in act(...).

When testing, code that causes React state updates should be wrapped into act(...):

act(() =&gt; {
  /* fire events that update state */
});
/* assert on the output */

This ensures that you&apos;re testing the behavior the user would see in the browser. Learn more at https://react.dev/link/wrap-tests-with-act
An update to InputPrompt inside a test was not wrapped in act(...).

When testing, code that causes React state updates should be wrapped into act(...):

act(() =&gt; {
  /* fire events that update state */
});
/* assert on the output */

This ensures that you&apos;re testing the behavior the user would see in the browser. Learn more at https://react.dev/link/wrap-tests-with-act
An update to InputPrompt inside a test was not wrapped in act(...).

When testing, code that causes React state updates should be wrapped into act(...):

act(() =&gt; {
  /* fire events that update state */
});
/* assert on the output */

This ensures that you&apos;re testing the behavior the user would see in the browser. Learn more at https://react.dev/link/wrap-tests-with-act
An update to InputPrompt inside a test was not wrapped in act(...).

When testing, code that causes React state updates should be wrapped into act(...):

act(() =&gt; {
  /* fire events that update state */
});
/* assert on the output */

This ensures that you&apos;re testing the behavior the user would see in the browser. Learn more at https://react.dev/link/wrap-tests-with-act
An update to InputPrompt inside a test was not wrapped in act(...).

When testing, code that causes React state updates should be wrapped into act(...):

act(() =&gt; {
  /* fire events that update state */
});
/* assert on the output */

This ensures that you&apos;re testing the behavior the user would see in the browser. Learn more at https://react.dev/link/wrap-tests-with-act
An update to InputPrompt inside a test was not wrapped in act(...).

When testing, code that causes React state updates should be wrapped into act(...):

act(() =&gt; {
  /* fire events that update state */
});
/* assert on the output */

This ensures that you&apos;re testing the behavior the user would see in the browser. Learn more at https://react.dev/link/wrap-tests-with-act

An update to Root inside a test was not wrapped in act(...).

When testing, code that causes React state updates should be wrapped into act(...):

act(() =&gt; {
  /* fire events that update state */
});
/* assert on the output */

This ensures that you&apos;re testing the behavior the user would see in the browser. Learn more at https://react.dev/link/wrap-tests-with-act

            </system-err>
        </testcase>
        <testcase classname="src/ui/components/InputPrompt.test.tsx" name="InputPrompt &gt; should complete a command based on its altNames" time="0.112482467">
            <system-err>
An update to Root inside a test was not wrapped in act(...).

When testing, code that causes React state updates should be wrapped into act(...):

act(() =&gt; {
  /* fire events that update state */
});
/* assert on the output */

This ensures that you&apos;re testing the behavior the user would see in the browser. Learn more at https://react.dev/link/wrap-tests-with-act
An update to InputPrompt inside a test was not wrapped in act(...).

When testing, code that causes React state updates should be wrapped into act(...):

act(() =&gt; {
  /* fire events that update state */
});
/* assert on the output */

This ensures that you&apos;re testing the behavior the user would see in the browser. Learn more at https://react.dev/link/wrap-tests-with-act
An update to InputPrompt inside a test was not wrapped in act(...).

When testing, code that causes React state updates should be wrapped into act(...):

act(() =&gt; {
  /* fire events that update state */
});
/* assert on the output */

This ensures that you&apos;re testing the behavior the user would see in the browser. Learn more at https://react.dev/link/wrap-tests-with-act
An update to InputPrompt inside a test was not wrapped in act(...).

When testing, code that causes React state updates should be wrapped into act(...):

act(() =&gt; {
  /* fire events that update state */
});
/* assert on the output */

This ensures that you&apos;re testing the behavior the user would see in the browser. Learn more at https://react.dev/link/wrap-tests-with-act
An update to InputPrompt inside a test was not wrapped in act(...).

When testing, code that causes React state updates should be wrapped into act(...):

act(() =&gt; {
  /* fire events that update state */
});
/* assert on the output */

This ensures that you&apos;re testing the behavior the user would see in the browser. Learn more at https://react.dev/link/wrap-tests-with-act
An update to InputPrompt inside a test was not wrapped in act(...).

When testing, code that causes React state updates should be wrapped into act(...):

act(() =&gt; {
  /* fire events that update state */
});
/* assert on the output */

This ensures that you&apos;re testing the behavior the user would see in the browser. Learn more at https://react.dev/link/wrap-tests-with-act
An update to InputPrompt inside a test was not wrapped in act(...).

When testing, code that causes React state updates should be wrapped into act(...):

act(() =&gt; {
  /* fire events that update state */
});
/* assert on the output */

This ensures that you&apos;re testing the behavior the user would see in the browser. Learn more at https://react.dev/link/wrap-tests-with-act

An update to Root inside a test was not wrapped in act(...).

When testing, code that causes React state updates should be wrapped into act(...):

act(() =&gt; {
  /* fire events that update state */
});
/* assert on the output */

This ensures that you&apos;re testing the behavior the user would see in the browser. Learn more at https://react.dev/link/wrap-tests-with-act

            </system-err>
        </testcase>
        <testcase classname="src/ui/components/InputPrompt.test.tsx" name="InputPrompt &gt; should not submit on Enter when the buffer is empty or only contains whitespace" time="0.111333457">
            <system-err>
An update to Root inside a test was not wrapped in act(...).

When testing, code that causes React state updates should be wrapped into act(...):

act(() =&gt; {
  /* fire events that update state */
});
/* assert on the output */

This ensures that you&apos;re testing the behavior the user would see in the browser. Learn more at https://react.dev/link/wrap-tests-with-act
An update to InputPrompt inside a test was not wrapped in act(...).

When testing, code that causes React state updates should be wrapped into act(...):

act(() =&gt; {
  /* fire events that update state */
});
/* assert on the output */

This ensures that you&apos;re testing the behavior the user would see in the browser. Learn more at https://react.dev/link/wrap-tests-with-act
An update to InputPrompt inside a test was not wrapped in act(...).

When testing, code that causes React state updates should be wrapped into act(...):

act(() =&gt; {
  /* fire events that update state */
});
/* assert on the output */

This ensures that you&apos;re testing the behavior the user would see in the browser. Learn more at https://react.dev/link/wrap-tests-with-act
An update to InputPrompt inside a test was not wrapped in act(...).

When testing, code that causes React state updates should be wrapped into act(...):

act(() =&gt; {
  /* fire events that update state */
});
/* assert on the output */

This ensures that you&apos;re testing the behavior the user would see in the browser. Learn more at https://react.dev/link/wrap-tests-with-act
An update to InputPrompt inside a test was not wrapped in act(...).

When testing, code that causes React state updates should be wrapped into act(...):

act(() =&gt; {
  /* fire events that update state */
});
/* assert on the output */

This ensures that you&apos;re testing the behavior the user would see in the browser. Learn more at https://react.dev/link/wrap-tests-with-act
An update to InputPrompt inside a test was not wrapped in act(...).

When testing, code that causes React state updates should be wrapped into act(...):

act(() =&gt; {
  /* fire events that update state */
});
/* assert on the output */

This ensures that you&apos;re testing the behavior the user would see in the browser. Learn more at https://react.dev/link/wrap-tests-with-act
An update to InputPrompt inside a test was not wrapped in act(...).

When testing, code that causes React state updates should be wrapped into act(...):

act(() =&gt; {
  /* fire events that update state */
});
/* assert on the output */

This ensures that you&apos;re testing the behavior the user would see in the browser. Learn more at https://react.dev/link/wrap-tests-with-act

An update to Root inside a test was not wrapped in act(...).

When testing, code that causes React state updates should be wrapped into act(...):

act(() =&gt; {
  /* fire events that update state */
});
/* assert on the output */

This ensures that you&apos;re testing the behavior the user would see in the browser. Learn more at https://react.dev/link/wrap-tests-with-act

            </system-err>
        </testcase>
        <testcase classname="src/ui/components/InputPrompt.test.tsx" name="InputPrompt &gt; should submit directly on Enter when isPerfectMatch is true" time="0.12022011">
            <system-err>
An update to Root inside a test was not wrapped in act(...).

When testing, code that causes React state updates should be wrapped into act(...):

act(() =&gt; {
  /* fire events that update state */
});
/* assert on the output */

This ensures that you&apos;re testing the behavior the user would see in the browser. Learn more at https://react.dev/link/wrap-tests-with-act
An update to InputPrompt inside a test was not wrapped in act(...).

When testing, code that causes React state updates should be wrapped into act(...):

act(() =&gt; {
  /* fire events that update state */
});
/* assert on the output */

This ensures that you&apos;re testing the behavior the user would see in the browser. Learn more at https://react.dev/link/wrap-tests-with-act
An update to InputPrompt inside a test was not wrapped in act(...).

When testing, code that causes React state updates should be wrapped into act(...):

act(() =&gt; {
  /* fire events that update state */
});
/* assert on the output */

This ensures that you&apos;re testing the behavior the user would see in the browser. Learn more at https://react.dev/link/wrap-tests-with-act
An update to InputPrompt inside a test was not wrapped in act(...).

When testing, code that causes React state updates should be wrapped into act(...):

act(() =&gt; {
  /* fire events that update state */
});
/* assert on the output */

This ensures that you&apos;re testing the behavior the user would see in the browser. Learn more at https://react.dev/link/wrap-tests-with-act
An update to InputPrompt inside a test was not wrapped in act(...).

When testing, code that causes React state updates should be wrapped into act(...):

act(() =&gt; {
  /* fire events that update state */
});
/* assert on the output */

This ensures that you&apos;re testing the behavior the user would see in the browser. Learn more at https://react.dev/link/wrap-tests-with-act
An update to InputPrompt inside a test was not wrapped in act(...).

When testing, code that causes React state updates should be wrapped into act(...):

act(() =&gt; {
  /* fire events that update state */
});
/* assert on the output */

This ensures that you&apos;re testing the behavior the user would see in the browser. Learn more at https://react.dev/link/wrap-tests-with-act
An update to InputPrompt inside a test was not wrapped in act(...).

When testing, code that causes React state updates should be wrapped into act(...):

act(() =&gt; {
  /* fire events that update state */
});
/* assert on the output */

This ensures that you&apos;re testing the behavior the user would see in the browser. Learn more at https://react.dev/link/wrap-tests-with-act

An update to InputPrompt inside a test was not wrapped in act(...).

When testing, code that causes React state updates should be wrapped into act(...):

act(() =&gt; {
  /* fire events that update state */
});
/* assert on the output */

This ensures that you&apos;re testing the behavior the user would see in the browser. Learn more at https://react.dev/link/wrap-tests-with-act
An update to InputPrompt inside a test was not wrapped in act(...).

When testing, code that causes React state updates should be wrapped into act(...):

act(() =&gt; {
  /* fire events that update state */
});
/* assert on the output */

This ensures that you&apos;re testing the behavior the user would see in the browser. Learn more at https://react.dev/link/wrap-tests-with-act
An update to InputPrompt inside a test was not wrapped in act(...).

When testing, code that causes React state updates should be wrapped into act(...):

act(() =&gt; {
  /* fire events that update state */
});
/* assert on the output */

This ensures that you&apos;re testing the behavior the user would see in the browser. Learn more at https://react.dev/link/wrap-tests-with-act
An update to InputPrompt inside a test was not wrapped in act(...).

When testing, code that causes React state updates should be wrapped into act(...):

act(() =&gt; {
  /* fire events that update state */
});
/* assert on the output */

This ensures that you&apos;re testing the behavior the user would see in the browser. Learn more at https://react.dev/link/wrap-tests-with-act
An update to InputPrompt inside a test was not wrapped in act(...).

When testing, code that causes React state updates should be wrapped into act(...):

act(() =&gt; {
  /* fire events that update state */
});
/* assert on the output */

This ensures that you&apos;re testing the behavior the user would see in the browser. Learn more at https://react.dev/link/wrap-tests-with-act
An update to InputPrompt inside a test was not wrapped in act(...).

When testing, code that causes React state updates should be wrapped into act(...):

act(() =&gt; {
  /* fire events that update state */
});
/* assert on the output */

This ensures that you&apos;re testing the behavior the user would see in the browser. Learn more at https://react.dev/link/wrap-tests-with-act

An update to Root inside a test was not wrapped in act(...).

When testing, code that causes React state updates should be wrapped into act(...):

act(() =&gt; {
  /* fire events that update state */
});
/* assert on the output */

This ensures that you&apos;re testing the behavior the user would see in the browser. Learn more at https://react.dev/link/wrap-tests-with-act

            </system-err>
        </testcase>
        <testcase classname="src/ui/components/InputPrompt.test.tsx" name="InputPrompt &gt; should submit directly on Enter when a complete leaf command is typed" time="0.111542733">
            <system-err>
An update to Root inside a test was not wrapped in act(...).

When testing, code that causes React state updates should be wrapped into act(...):

act(() =&gt; {
  /* fire events that update state */
});
/* assert on the output */

This ensures that you&apos;re testing the behavior the user would see in the browser. Learn more at https://react.dev/link/wrap-tests-with-act
An update to InputPrompt inside a test was not wrapped in act(...).

When testing, code that causes React state updates should be wrapped into act(...):

act(() =&gt; {
  /* fire events that update state */
});
/* assert on the output */

This ensures that you&apos;re testing the behavior the user would see in the browser. Learn more at https://react.dev/link/wrap-tests-with-act
An update to InputPrompt inside a test was not wrapped in act(...).

When testing, code that causes React state updates should be wrapped into act(...):

act(() =&gt; {
  /* fire events that update state */
});
/* assert on the output */

This ensures that you&apos;re testing the behavior the user would see in the browser. Learn more at https://react.dev/link/wrap-tests-with-act
An update to InputPrompt inside a test was not wrapped in act(...).

When testing, code that causes React state updates should be wrapped into act(...):

act(() =&gt; {
  /* fire events that update state */
});
/* assert on the output */

This ensures that you&apos;re testing the behavior the user would see in the browser. Learn more at https://react.dev/link/wrap-tests-with-act
An update to InputPrompt inside a test was not wrapped in act(...).

When testing, code that causes React state updates should be wrapped into act(...):

act(() =&gt; {
  /* fire events that update state */
});
/* assert on the output */

This ensures that you&apos;re testing the behavior the user would see in the browser. Learn more at https://react.dev/link/wrap-tests-with-act
An update to InputPrompt inside a test was not wrapped in act(...).

When testing, code that causes React state updates should be wrapped into act(...):

act(() =&gt; {
  /* fire events that update state */
});
/* assert on the output */

This ensures that you&apos;re testing the behavior the user would see in the browser. Learn more at https://react.dev/link/wrap-tests-with-act
An update to InputPrompt inside a test was not wrapped in act(...).

When testing, code that causes React state updates should be wrapped into act(...):

act(() =&gt; {
  /* fire events that update state */
});
/* assert on the output */

This ensures that you&apos;re testing the behavior the user would see in the browser. Learn more at https://react.dev/link/wrap-tests-with-act

An update to InputPrompt inside a test was not wrapped in act(...).

When testing, code that causes React state updates should be wrapped into act(...):

act(() =&gt; {
  /* fire events that update state */
});
/* assert on the output */

This ensures that you&apos;re testing the behavior the user would see in the browser. Learn more at https://react.dev/link/wrap-tests-with-act
An update to InputPrompt inside a test was not wrapped in act(...).

When testing, code that causes React state updates should be wrapped into act(...):

act(() =&gt; {
  /* fire events that update state */
});
/* assert on the output */

This ensures that you&apos;re testing the behavior the user would see in the browser. Learn more at https://react.dev/link/wrap-tests-with-act
An update to InputPrompt inside a test was not wrapped in act(...).

When testing, code that causes React state updates should be wrapped into act(...):

act(() =&gt; {
  /* fire events that update state */
});
/* assert on the output */

This ensures that you&apos;re testing the behavior the user would see in the browser. Learn more at https://react.dev/link/wrap-tests-with-act
An update to InputPrompt inside a test was not wrapped in act(...).

When testing, code that causes React state updates should be wrapped into act(...):

act(() =&gt; {
  /* fire events that update state */
});
/* assert on the output */

This ensures that you&apos;re testing the behavior the user would see in the browser. Learn more at https://react.dev/link/wrap-tests-with-act
An update to InputPrompt inside a test was not wrapped in act(...).

When testing, code that causes React state updates should be wrapped into act(...):

act(() =&gt; {
  /* fire events that update state */
});
/* assert on the output */

This ensures that you&apos;re testing the behavior the user would see in the browser. Learn more at https://react.dev/link/wrap-tests-with-act
An update to InputPrompt inside a test was not wrapped in act(...).

When testing, code that causes React state updates should be wrapped into act(...):

act(() =&gt; {
  /* fire events that update state */
});
/* assert on the output */

This ensures that you&apos;re testing the behavior the user would see in the browser. Learn more at https://react.dev/link/wrap-tests-with-act

An update to Root inside a test was not wrapped in act(...).

When testing, code that causes React state updates should be wrapped into act(...):

act(() =&gt; {
  /* fire events that update state */
});
/* assert on the output */

This ensures that you&apos;re testing the behavior the user would see in the browser. Learn more at https://react.dev/link/wrap-tests-with-act

            </system-err>
        </testcase>
        <testcase classname="src/ui/components/InputPrompt.test.tsx" name="InputPrompt &gt; should autocomplete an @-path on Enter without submitting" time="0.109761035">
            <system-err>
An update to Root inside a test was not wrapped in act(...).

When testing, code that causes React state updates should be wrapped into act(...):

act(() =&gt; {
  /* fire events that update state */
});
/* assert on the output */

This ensures that you&apos;re testing the behavior the user would see in the browser. Learn more at https://react.dev/link/wrap-tests-with-act
An update to InputPrompt inside a test was not wrapped in act(...).

When testing, code that causes React state updates should be wrapped into act(...):

act(() =&gt; {
  /* fire events that update state */
});
/* assert on the output */

This ensures that you&apos;re testing the behavior the user would see in the browser. Learn more at https://react.dev/link/wrap-tests-with-act
An update to InputPrompt inside a test was not wrapped in act(...).

When testing, code that causes React state updates should be wrapped into act(...):

act(() =&gt; {
  /* fire events that update state */
});
/* assert on the output */

This ensures that you&apos;re testing the behavior the user would see in the browser. Learn more at https://react.dev/link/wrap-tests-with-act
An update to InputPrompt inside a test was not wrapped in act(...).

When testing, code that causes React state updates should be wrapped into act(...):

act(() =&gt; {
  /* fire events that update state */
});
/* assert on the output */

This ensures that you&apos;re testing the behavior the user would see in the browser. Learn more at https://react.dev/link/wrap-tests-with-act
An update to InputPrompt inside a test was not wrapped in act(...).

When testing, code that causes React state updates should be wrapped into act(...):

act(() =&gt; {
  /* fire events that update state */
});
/* assert on the output */

This ensures that you&apos;re testing the behavior the user would see in the browser. Learn more at https://react.dev/link/wrap-tests-with-act
An update to InputPrompt inside a test was not wrapped in act(...).

When testing, code that causes React state updates should be wrapped into act(...):

act(() =&gt; {
  /* fire events that update state */
});
/* assert on the output */

This ensures that you&apos;re testing the behavior the user would see in the browser. Learn more at https://react.dev/link/wrap-tests-with-act
An update to InputPrompt inside a test was not wrapped in act(...).

When testing, code that causes React state updates should be wrapped into act(...):

act(() =&gt; {
  /* fire events that update state */
});
/* assert on the output */

This ensures that you&apos;re testing the behavior the user would see in the browser. Learn more at https://react.dev/link/wrap-tests-with-act

An update to Root inside a test was not wrapped in act(...).

When testing, code that causes React state updates should be wrapped into act(...):

act(() =&gt; {
  /* fire events that update state */
});
/* assert on the output */

This ensures that you&apos;re testing the behavior the user would see in the browser. Learn more at https://react.dev/link/wrap-tests-with-act

            </system-err>
        </testcase>
        <testcase classname="src/ui/components/InputPrompt.test.tsx" name="InputPrompt &gt; should add a newline on enter when the line ends with a backslash" time="0.113351562">
            <system-err>
An update to Root inside a test was not wrapped in act(...).

When testing, code that causes React state updates should be wrapped into act(...):

act(() =&gt; {
  /* fire events that update state */
});
/* assert on the output */

This ensures that you&apos;re testing the behavior the user would see in the browser. Learn more at https://react.dev/link/wrap-tests-with-act
An update to InputPrompt inside a test was not wrapped in act(...).

When testing, code that causes React state updates should be wrapped into act(...):

act(() =&gt; {
  /* fire events that update state */
});
/* assert on the output */

This ensures that you&apos;re testing the behavior the user would see in the browser. Learn more at https://react.dev/link/wrap-tests-with-act
An update to InputPrompt inside a test was not wrapped in act(...).

When testing, code that causes React state updates should be wrapped into act(...):

act(() =&gt; {
  /* fire events that update state */
});
/* assert on the output */

This ensures that you&apos;re testing the behavior the user would see in the browser. Learn more at https://react.dev/link/wrap-tests-with-act
An update to InputPrompt inside a test was not wrapped in act(...).

When testing, code that causes React state updates should be wrapped into act(...):

act(() =&gt; {
  /* fire events that update state */
});
/* assert on the output */

This ensures that you&apos;re testing the behavior the user would see in the browser. Learn more at https://react.dev/link/wrap-tests-with-act
An update to InputPrompt inside a test was not wrapped in act(...).

When testing, code that causes React state updates should be wrapped into act(...):

act(() =&gt; {
  /* fire events that update state */
});
/* assert on the output */

This ensures that you&apos;re testing the behavior the user would see in the browser. Learn more at https://react.dev/link/wrap-tests-with-act
An update to InputPrompt inside a test was not wrapped in act(...).

When testing, code that causes React state updates should be wrapped into act(...):

act(() =&gt; {
  /* fire events that update state */
});
/* assert on the output */

This ensures that you&apos;re testing the behavior the user would see in the browser. Learn more at https://react.dev/link/wrap-tests-with-act
An update to InputPrompt inside a test was not wrapped in act(...).

When testing, code that causes React state updates should be wrapped into act(...):

act(() =&gt; {
  /* fire events that update state */
});
/* assert on the output */

This ensures that you&apos;re testing the behavior the user would see in the browser. Learn more at https://react.dev/link/wrap-tests-with-act

An update to Root inside a test was not wrapped in act(...).

When testing, code that causes React state updates should be wrapped into act(...):

act(() =&gt; {
  /* fire events that update state */
});
/* assert on the output */

This ensures that you&apos;re testing the behavior the user would see in the browser. Learn more at https://react.dev/link/wrap-tests-with-act

            </system-err>
        </testcase>
        <testcase classname="src/ui/components/InputPrompt.test.tsx" name="InputPrompt &gt; should clear the buffer on Ctrl+C if it has text" time="0.114339395">
            <system-err>
An update to Root inside a test was not wrapped in act(...).

When testing, code that causes React state updates should be wrapped into act(...):

act(() =&gt; {
  /* fire events that update state */
});
/* assert on the output */

This ensures that you&apos;re testing the behavior the user would see in the browser. Learn more at https://react.dev/link/wrap-tests-with-act
An update to InputPrompt inside a test was not wrapped in act(...).

When testing, code that causes React state updates should be wrapped into act(...):

act(() =&gt; {
  /* fire events that update state */
});
/* assert on the output */

This ensures that you&apos;re testing the behavior the user would see in the browser. Learn more at https://react.dev/link/wrap-tests-with-act
An update to InputPrompt inside a test was not wrapped in act(...).

When testing, code that causes React state updates should be wrapped into act(...):

act(() =&gt; {
  /* fire events that update state */
});
/* assert on the output */

This ensures that you&apos;re testing the behavior the user would see in the browser. Learn more at https://react.dev/link/wrap-tests-with-act
An update to InputPrompt inside a test was not wrapped in act(...).

When testing, code that causes React state updates should be wrapped into act(...):

act(() =&gt; {
  /* fire events that update state */
});
/* assert on the output */

This ensures that you&apos;re testing the behavior the user would see in the browser. Learn more at https://react.dev/link/wrap-tests-with-act
An update to InputPrompt inside a test was not wrapped in act(...).

When testing, code that causes React state updates should be wrapped into act(...):

act(() =&gt; {
  /* fire events that update state */
});
/* assert on the output */

This ensures that you&apos;re testing the behavior the user would see in the browser. Learn more at https://react.dev/link/wrap-tests-with-act
An update to InputPrompt inside a test was not wrapped in act(...).

When testing, code that causes React state updates should be wrapped into act(...):

act(() =&gt; {
  /* fire events that update state */
});
/* assert on the output */

This ensures that you&apos;re testing the behavior the user would see in the browser. Learn more at https://react.dev/link/wrap-tests-with-act
An update to InputPrompt inside a test was not wrapped in act(...).

When testing, code that causes React state updates should be wrapped into act(...):

act(() =&gt; {
  /* fire events that update state */
});
/* assert on the output */

This ensures that you&apos;re testing the behavior the user would see in the browser. Learn more at https://react.dev/link/wrap-tests-with-act

An update to Root inside a test was not wrapped in act(...).

When testing, code that causes React state updates should be wrapped into act(...):

act(() =&gt; {
  /* fire events that update state */
});
/* assert on the output */

This ensures that you&apos;re testing the behavior the user would see in the browser. Learn more at https://react.dev/link/wrap-tests-with-act

            </system-err>
        </testcase>
        <testcase classname="src/ui/components/InputPrompt.test.tsx" name="InputPrompt &gt; should NOT clear the buffer on Ctrl+C if it is empty" time="0.123781414">
            <system-err>
An update to Root inside a test was not wrapped in act(...).

When testing, code that causes React state updates should be wrapped into act(...):

act(() =&gt; {
  /* fire events that update state */
});
/* assert on the output */

This ensures that you&apos;re testing the behavior the user would see in the browser. Learn more at https://react.dev/link/wrap-tests-with-act
An update to InputPrompt inside a test was not wrapped in act(...).

When testing, code that causes React state updates should be wrapped into act(...):

act(() =&gt; {
  /* fire events that update state */
});
/* assert on the output */

This ensures that you&apos;re testing the behavior the user would see in the browser. Learn more at https://react.dev/link/wrap-tests-with-act
An update to InputPrompt inside a test was not wrapped in act(...).

When testing, code that causes React state updates should be wrapped into act(...):

act(() =&gt; {
  /* fire events that update state */
});
/* assert on the output */

This ensures that you&apos;re testing the behavior the user would see in the browser. Learn more at https://react.dev/link/wrap-tests-with-act
An update to InputPrompt inside a test was not wrapped in act(...).

When testing, code that causes React state updates should be wrapped into act(...):

act(() =&gt; {
  /* fire events that update state */
});
/* assert on the output */

This ensures that you&apos;re testing the behavior the user would see in the browser. Learn more at https://react.dev/link/wrap-tests-with-act
An update to InputPrompt inside a test was not wrapped in act(...).

When testing, code that causes React state updates should be wrapped into act(...):

act(() =&gt; {
  /* fire events that update state */
});
/* assert on the output */

This ensures that you&apos;re testing the behavior the user would see in the browser. Learn more at https://react.dev/link/wrap-tests-with-act
An update to InputPrompt inside a test was not wrapped in act(...).

When testing, code that causes React state updates should be wrapped into act(...):

act(() =&gt; {
  /* fire events that update state */
});
/* assert on the output */

This ensures that you&apos;re testing the behavior the user would see in the browser. Learn more at https://react.dev/link/wrap-tests-with-act
An update to InputPrompt inside a test was not wrapped in act(...).

When testing, code that causes React state updates should be wrapped into act(...):

act(() =&gt; {
  /* fire events that update state */
});
/* assert on the output */

This ensures that you&apos;re testing the behavior the user would see in the browser. Learn more at https://react.dev/link/wrap-tests-with-act

An update to Root inside a test was not wrapped in act(...).

When testing, code that causes React state updates should be wrapped into act(...):

act(() =&gt; {
  /* fire events that update state */
});
/* assert on the output */

This ensures that you&apos;re testing the behavior the user would see in the browser. Learn more at https://react.dev/link/wrap-tests-with-act

            </system-err>
        </testcase>
        <testcase classname="src/ui/components/InputPrompt.test.tsx" name="InputPrompt &gt; cursor-based completion trigger &gt; should trigger completion when cursor is after @ without spaces" time="0.074703286">
            <system-err>
An update to Root inside a test was not wrapped in act(...).

When testing, code that causes React state updates should be wrapped into act(...):

act(() =&gt; {
  /* fire events that update state */
});
/* assert on the output */

This ensures that you&apos;re testing the behavior the user would see in the browser. Learn more at https://react.dev/link/wrap-tests-with-act
An update to InputPrompt inside a test was not wrapped in act(...).

When testing, code that causes React state updates should be wrapped into act(...):

act(() =&gt; {
  /* fire events that update state */
});
/* assert on the output */

This ensures that you&apos;re testing the behavior the user would see in the browser. Learn more at https://react.dev/link/wrap-tests-with-act
An update to InputPrompt inside a test was not wrapped in act(...).

When testing, code that causes React state updates should be wrapped into act(...):

act(() =&gt; {
  /* fire events that update state */
});
/* assert on the output */

This ensures that you&apos;re testing the behavior the user would see in the browser. Learn more at https://react.dev/link/wrap-tests-with-act
An update to InputPrompt inside a test was not wrapped in act(...).

When testing, code that causes React state updates should be wrapped into act(...):

act(() =&gt; {
  /* fire events that update state */
});
/* assert on the output */

This ensures that you&apos;re testing the behavior the user would see in the browser. Learn more at https://react.dev/link/wrap-tests-with-act
An update to InputPrompt inside a test was not wrapped in act(...).

When testing, code that causes React state updates should be wrapped into act(...):

act(() =&gt; {
  /* fire events that update state */
});
/* assert on the output */

This ensures that you&apos;re testing the behavior the user would see in the browser. Learn more at https://react.dev/link/wrap-tests-with-act
An update to InputPrompt inside a test was not wrapped in act(...).

When testing, code that causes React state updates should be wrapped into act(...):

act(() =&gt; {
  /* fire events that update state */
});
/* assert on the output */

This ensures that you&apos;re testing the behavior the user would see in the browser. Learn more at https://react.dev/link/wrap-tests-with-act
An update to InputPrompt inside a test was not wrapped in act(...).

When testing, code that causes React state updates should be wrapped into act(...):

act(() =&gt; {
  /* fire events that update state */
});
/* assert on the output */

This ensures that you&apos;re testing the behavior the user would see in the browser. Learn more at https://react.dev/link/wrap-tests-with-act

An update to Root inside a test was not wrapped in act(...).

When testing, code that causes React state updates should be wrapped into act(...):

act(() =&gt; {
  /* fire events that update state */
});
/* assert on the output */

This ensures that you&apos;re testing the behavior the user would see in the browser. Learn more at https://react.dev/link/wrap-tests-with-act

            </system-err>
        </testcase>
        <testcase classname="src/ui/components/InputPrompt.test.tsx" name="InputPrompt &gt; cursor-based completion trigger &gt; should trigger completion when cursor is after / without spaces" time="0.068513291">
            <system-err>
An update to Root inside a test was not wrapped in act(...).

When testing, code that causes React state updates should be wrapped into act(...):

act(() =&gt; {
  /* fire events that update state */
});
/* assert on the output */

This ensures that you&apos;re testing the behavior the user would see in the browser. Learn more at https://react.dev/link/wrap-tests-with-act
An update to InputPrompt inside a test was not wrapped in act(...).

When testing, code that causes React state updates should be wrapped into act(...):

act(() =&gt; {
  /* fire events that update state */
});
/* assert on the output */

This ensures that you&apos;re testing the behavior the user would see in the browser. Learn more at https://react.dev/link/wrap-tests-with-act
An update to InputPrompt inside a test was not wrapped in act(...).

When testing, code that causes React state updates should be wrapped into act(...):

act(() =&gt; {
  /* fire events that update state */
});
/* assert on the output */

This ensures that you&apos;re testing the behavior the user would see in the browser. Learn more at https://react.dev/link/wrap-tests-with-act
An update to InputPrompt inside a test was not wrapped in act(...).

When testing, code that causes React state updates should be wrapped into act(...):

act(() =&gt; {
  /* fire events that update state */
});
/* assert on the output */

This ensures that you&apos;re testing the behavior the user would see in the browser. Learn more at https://react.dev/link/wrap-tests-with-act
An update to InputPrompt inside a test was not wrapped in act(...).

When testing, code that causes React state updates should be wrapped into act(...):

act(() =&gt; {
  /* fire events that update state */
});
/* assert on the output */

This ensures that you&apos;re testing the behavior the user would see in the browser. Learn more at https://react.dev/link/wrap-tests-with-act
An update to InputPrompt inside a test was not wrapped in act(...).

When testing, code that causes React state updates should be wrapped into act(...):

act(() =&gt; {
  /* fire events that update state */
});
/* assert on the output */

This ensures that you&apos;re testing the behavior the user would see in the browser. Learn more at https://react.dev/link/wrap-tests-with-act
An update to InputPrompt inside a test was not wrapped in act(...).

When testing, code that causes React state updates should be wrapped into act(...):

act(() =&gt; {
  /* fire events that update state */
});
/* assert on the output */

This ensures that you&apos;re testing the behavior the user would see in the browser. Learn more at https://react.dev/link/wrap-tests-with-act

An update to Root inside a test was not wrapped in act(...).

When testing, code that causes React state updates should be wrapped into act(...):

act(() =&gt; {
  /* fire events that update state */
});
/* assert on the output */

This ensures that you&apos;re testing the behavior the user would see in the browser. Learn more at https://react.dev/link/wrap-tests-with-act

            </system-err>
        </testcase>
        <testcase classname="src/ui/components/InputPrompt.test.tsx" name="InputPrompt &gt; cursor-based completion trigger &gt; should NOT trigger completion when cursor is after space following @" time="0.061202867">
            <system-err>
An update to Root inside a test was not wrapped in act(...).

When testing, code that causes React state updates should be wrapped into act(...):

act(() =&gt; {
  /* fire events that update state */
});
/* assert on the output */

This ensures that you&apos;re testing the behavior the user would see in the browser. Learn more at https://react.dev/link/wrap-tests-with-act
An update to InputPrompt inside a test was not wrapped in act(...).

When testing, code that causes React state updates should be wrapped into act(...):

act(() =&gt; {
  /* fire events that update state */
});
/* assert on the output */

This ensures that you&apos;re testing the behavior the user would see in the browser. Learn more at https://react.dev/link/wrap-tests-with-act
An update to InputPrompt inside a test was not wrapped in act(...).

When testing, code that causes React state updates should be wrapped into act(...):

act(() =&gt; {
  /* fire events that update state */
});
/* assert on the output */

This ensures that you&apos;re testing the behavior the user would see in the browser. Learn more at https://react.dev/link/wrap-tests-with-act
An update to InputPrompt inside a test was not wrapped in act(...).

When testing, code that causes React state updates should be wrapped into act(...):

act(() =&gt; {
  /* fire events that update state */
});
/* assert on the output */

This ensures that you&apos;re testing the behavior the user would see in the browser. Learn more at https://react.dev/link/wrap-tests-with-act
An update to InputPrompt inside a test was not wrapped in act(...).

When testing, code that causes React state updates should be wrapped into act(...):

act(() =&gt; {
  /* fire events that update state */
});
/* assert on the output */

This ensures that you&apos;re testing the behavior the user would see in the browser. Learn more at https://react.dev/link/wrap-tests-with-act
An update to InputPrompt inside a test was not wrapped in act(...).

When testing, code that causes React state updates should be wrapped into act(...):

act(() =&gt; {
  /* fire events that update state */
});
/* assert on the output */

This ensures that you&apos;re testing the behavior the user would see in the browser. Learn more at https://react.dev/link/wrap-tests-with-act
An update to InputPrompt inside a test was not wrapped in act(...).

When testing, code that causes React state updates should be wrapped into act(...):

act(() =&gt; {
  /* fire events that update state */
});
/* assert on the output */

This ensures that you&apos;re testing the behavior the user would see in the browser. Learn more at https://react.dev/link/wrap-tests-with-act

An update to Root inside a test was not wrapped in act(...).

When testing, code that causes React state updates should be wrapped into act(...):

act(() =&gt; {
  /* fire events that update state */
});
/* assert on the output */

This ensures that you&apos;re testing the behavior the user would see in the browser. Learn more at https://react.dev/link/wrap-tests-with-act

            </system-err>
        </testcase>
        <testcase classname="src/ui/components/InputPrompt.test.tsx" name="InputPrompt &gt; cursor-based completion trigger &gt; should NOT trigger completion when cursor is after space following /" time="0.060902643">
            <system-err>
An update to Root inside a test was not wrapped in act(...).

When testing, code that causes React state updates should be wrapped into act(...):

act(() =&gt; {
  /* fire events that update state */
});
/* assert on the output */

This ensures that you&apos;re testing the behavior the user would see in the browser. Learn more at https://react.dev/link/wrap-tests-with-act
An update to InputPrompt inside a test was not wrapped in act(...).

When testing, code that causes React state updates should be wrapped into act(...):

act(() =&gt; {
  /* fire events that update state */
});
/* assert on the output */

This ensures that you&apos;re testing the behavior the user would see in the browser. Learn more at https://react.dev/link/wrap-tests-with-act
An update to InputPrompt inside a test was not wrapped in act(...).

When testing, code that causes React state updates should be wrapped into act(...):

act(() =&gt; {
  /* fire events that update state */
});
/* assert on the output */

This ensures that you&apos;re testing the behavior the user would see in the browser. Learn more at https://react.dev/link/wrap-tests-with-act
An update to InputPrompt inside a test was not wrapped in act(...).

When testing, code that causes React state updates should be wrapped into act(...):

act(() =&gt; {
  /* fire events that update state */
});
/* assert on the output */

This ensures that you&apos;re testing the behavior the user would see in the browser. Learn more at https://react.dev/link/wrap-tests-with-act
An update to InputPrompt inside a test was not wrapped in act(...).

When testing, code that causes React state updates should be wrapped into act(...):

act(() =&gt; {
  /* fire events that update state */
});
/* assert on the output */

This ensures that you&apos;re testing the behavior the user would see in the browser. Learn more at https://react.dev/link/wrap-tests-with-act
An update to InputPrompt inside a test was not wrapped in act(...).

When testing, code that causes React state updates should be wrapped into act(...):

act(() =&gt; {
  /* fire events that update state */
});
/* assert on the output */

This ensures that you&apos;re testing the behavior the user would see in the browser. Learn more at https://react.dev/link/wrap-tests-with-act
An update to InputPrompt inside a test was not wrapped in act(...).

When testing, code that causes React state updates should be wrapped into act(...):

act(() =&gt; {
  /* fire events that update state */
});
/* assert on the output */

This ensures that you&apos;re testing the behavior the user would see in the browser. Learn more at https://react.dev/link/wrap-tests-with-act

An update to Root inside a test was not wrapped in act(...).

When testing, code that causes React state updates should be wrapped into act(...):

act(() =&gt; {
  /* fire events that update state */
});
/* assert on the output */

This ensures that you&apos;re testing the behavior the user would see in the browser. Learn more at https://react.dev/link/wrap-tests-with-act

            </system-err>
        </testcase>
        <testcase classname="src/ui/components/InputPrompt.test.tsx" name="InputPrompt &gt; cursor-based completion trigger &gt; should NOT trigger completion when cursor is not after @ or /" time="0.100777904">
            <system-err>
An update to Root inside a test was not wrapped in act(...).

When testing, code that causes React state updates should be wrapped into act(...):

act(() =&gt; {
  /* fire events that update state */
});
/* assert on the output */

This ensures that you&apos;re testing the behavior the user would see in the browser. Learn more at https://react.dev/link/wrap-tests-with-act
An update to InputPrompt inside a test was not wrapped in act(...).

When testing, code that causes React state updates should be wrapped into act(...):

act(() =&gt; {
  /* fire events that update state */
});
/* assert on the output */

This ensures that you&apos;re testing the behavior the user would see in the browser. Learn more at https://react.dev/link/wrap-tests-with-act
An update to InputPrompt inside a test was not wrapped in act(...).

When testing, code that causes React state updates should be wrapped into act(...):

act(() =&gt; {
  /* fire events that update state */
});
/* assert on the output */

This ensures that you&apos;re testing the behavior the user would see in the browser. Learn more at https://react.dev/link/wrap-tests-with-act
An update to InputPrompt inside a test was not wrapped in act(...).

When testing, code that causes React state updates should be wrapped into act(...):

act(() =&gt; {
  /* fire events that update state */
});
/* assert on the output */

This ensures that you&apos;re testing the behavior the user would see in the browser. Learn more at https://react.dev/link/wrap-tests-with-act
An update to InputPrompt inside a test was not wrapped in act(...).

When testing, code that causes React state updates should be wrapped into act(...):

act(() =&gt; {
  /* fire events that update state */
});
/* assert on the output */

This ensures that you&apos;re testing the behavior the user would see in the browser. Learn more at https://react.dev/link/wrap-tests-with-act
An update to InputPrompt inside a test was not wrapped in act(...).

When testing, code that causes React state updates should be wrapped into act(...):

act(() =&gt; {
  /* fire events that update state */
});
/* assert on the output */

This ensures that you&apos;re testing the behavior the user would see in the browser. Learn more at https://react.dev/link/wrap-tests-with-act
An update to InputPrompt inside a test was not wrapped in act(...).

When testing, code that causes React state updates should be wrapped into act(...):

act(() =&gt; {
  /* fire events that update state */
});
/* assert on the output */

This ensures that you&apos;re testing the behavior the user would see in the browser. Learn more at https://react.dev/link/wrap-tests-with-act

An update to Root inside a test was not wrapped in act(...).

When testing, code that causes React state updates should be wrapped into act(...):

act(() =&gt; {
  /* fire events that update state */
});
/* assert on the output */

This ensures that you&apos;re testing the behavior the user would see in the browser. Learn more at https://react.dev/link/wrap-tests-with-act

            </system-err>
        </testcase>
        <testcase classname="src/ui/components/InputPrompt.test.tsx" name="InputPrompt &gt; cursor-based completion trigger &gt; should handle multiline text correctly" time="0.062541398">
            <system-err>
An update to Root inside a test was not wrapped in act(...).

When testing, code that causes React state updates should be wrapped into act(...):

act(() =&gt; {
  /* fire events that update state */
});
/* assert on the output */

This ensures that you&apos;re testing the behavior the user would see in the browser. Learn more at https://react.dev/link/wrap-tests-with-act
An update to InputPrompt inside a test was not wrapped in act(...).

When testing, code that causes React state updates should be wrapped into act(...):

act(() =&gt; {
  /* fire events that update state */
});
/* assert on the output */

This ensures that you&apos;re testing the behavior the user would see in the browser. Learn more at https://react.dev/link/wrap-tests-with-act
An update to InputPrompt inside a test was not wrapped in act(...).

When testing, code that causes React state updates should be wrapped into act(...):

act(() =&gt; {
  /* fire events that update state */
});
/* assert on the output */

This ensures that you&apos;re testing the behavior the user would see in the browser. Learn more at https://react.dev/link/wrap-tests-with-act
An update to InputPrompt inside a test was not wrapped in act(...).

When testing, code that causes React state updates should be wrapped into act(...):

act(() =&gt; {
  /* fire events that update state */
});
/* assert on the output */

This ensures that you&apos;re testing the behavior the user would see in the browser. Learn more at https://react.dev/link/wrap-tests-with-act
An update to InputPrompt inside a test was not wrapped in act(...).

When testing, code that causes React state updates should be wrapped into act(...):

act(() =&gt; {
  /* fire events that update state */
});
/* assert on the output */

This ensures that you&apos;re testing the behavior the user would see in the browser. Learn more at https://react.dev/link/wrap-tests-with-act
An update to InputPrompt inside a test was not wrapped in act(...).

When testing, code that causes React state updates should be wrapped into act(...):

act(() =&gt; {
  /* fire events that update state */
});
/* assert on the output */

This ensures that you&apos;re testing the behavior the user would see in the browser. Learn more at https://react.dev/link/wrap-tests-with-act
An update to InputPrompt inside a test was not wrapped in act(...).

When testing, code that causes React state updates should be wrapped into act(...):

act(() =&gt; {
  /* fire events that update state */
});
/* assert on the output */

This ensures that you&apos;re testing the behavior the user would see in the browser. Learn more at https://react.dev/link/wrap-tests-with-act

An update to Root inside a test was not wrapped in act(...).

When testing, code that causes React state updates should be wrapped into act(...):

act(() =&gt; {
  /* fire events that update state */
});
/* assert on the output */

This ensures that you&apos;re testing the behavior the user would see in the browser. Learn more at https://react.dev/link/wrap-tests-with-act

            </system-err>
        </testcase>
        <testcase classname="src/ui/components/InputPrompt.test.tsx" name="InputPrompt &gt; cursor-based completion trigger &gt; should handle single line slash command correctly" time="0.063241099">
            <system-err>
An update to Root inside a test was not wrapped in act(...).

When testing, code that causes React state updates should be wrapped into act(...):

act(() =&gt; {
  /* fire events that update state */
});
/* assert on the output */

This ensures that you&apos;re testing the behavior the user would see in the browser. Learn more at https://react.dev/link/wrap-tests-with-act
An update to InputPrompt inside a test was not wrapped in act(...).

When testing, code that causes React state updates should be wrapped into act(...):

act(() =&gt; {
  /* fire events that update state */
});
/* assert on the output */

This ensures that you&apos;re testing the behavior the user would see in the browser. Learn more at https://react.dev/link/wrap-tests-with-act
An update to InputPrompt inside a test was not wrapped in act(...).

When testing, code that causes React state updates should be wrapped into act(...):

act(() =&gt; {
  /* fire events that update state */
});
/* assert on the output */

This ensures that you&apos;re testing the behavior the user would see in the browser. Learn more at https://react.dev/link/wrap-tests-with-act
An update to InputPrompt inside a test was not wrapped in act(...).

When testing, code that causes React state updates should be wrapped into act(...):

act(() =&gt; {
  /* fire events that update state */
});
/* assert on the output */

This ensures that you&apos;re testing the behavior the user would see in the browser. Learn more at https://react.dev/link/wrap-tests-with-act
An update to InputPrompt inside a test was not wrapped in act(...).

When testing, code that causes React state updates should be wrapped into act(...):

act(() =&gt; {
  /* fire events that update state */
});
/* assert on the output */

This ensures that you&apos;re testing the behavior the user would see in the browser. Learn more at https://react.dev/link/wrap-tests-with-act
An update to InputPrompt inside a test was not wrapped in act(...).

When testing, code that causes React state updates should be wrapped into act(...):

act(() =&gt; {
  /* fire events that update state */
});
/* assert on the output */

This ensures that you&apos;re testing the behavior the user would see in the browser. Learn more at https://react.dev/link/wrap-tests-with-act
An update to InputPrompt inside a test was not wrapped in act(...).

When testing, code that causes React state updates should be wrapped into act(...):

act(() =&gt; {
  /* fire events that update state */
});
/* assert on the output */

This ensures that you&apos;re testing the behavior the user would see in the browser. Learn more at https://react.dev/link/wrap-tests-with-act

An update to Root inside a test was not wrapped in act(...).

When testing, code that causes React state updates should be wrapped into act(...):

act(() =&gt; {
  /* fire events that update state */
});
/* assert on the output */

This ensures that you&apos;re testing the behavior the user would see in the browser. Learn more at https://react.dev/link/wrap-tests-with-act

            </system-err>
        </testcase>
        <testcase classname="src/ui/components/InputPrompt.test.tsx" name="InputPrompt &gt; cursor-based completion trigger &gt; should handle Unicode characters (emojis) correctly in paths" time="0.069462904">
            <system-err>
An update to Root inside a test was not wrapped in act(...).

When testing, code that causes React state updates should be wrapped into act(...):

act(() =&gt; {
  /* fire events that update state */
});
/* assert on the output */

This ensures that you&apos;re testing the behavior the user would see in the browser. Learn more at https://react.dev/link/wrap-tests-with-act
An update to InputPrompt inside a test was not wrapped in act(...).

When testing, code that causes React state updates should be wrapped into act(...):

act(() =&gt; {
  /* fire events that update state */
});
/* assert on the output */

This ensures that you&apos;re testing the behavior the user would see in the browser. Learn more at https://react.dev/link/wrap-tests-with-act
An update to InputPrompt inside a test was not wrapped in act(...).

When testing, code that causes React state updates should be wrapped into act(...):

act(() =&gt; {
  /* fire events that update state */
});
/* assert on the output */

This ensures that you&apos;re testing the behavior the user would see in the browser. Learn more at https://react.dev/link/wrap-tests-with-act
An update to InputPrompt inside a test was not wrapped in act(...).

When testing, code that causes React state updates should be wrapped into act(...):

act(() =&gt; {
  /* fire events that update state */
});
/* assert on the output */

This ensures that you&apos;re testing the behavior the user would see in the browser. Learn more at https://react.dev/link/wrap-tests-with-act
An update to InputPrompt inside a test was not wrapped in act(...).

When testing, code that causes React state updates should be wrapped into act(...):

act(() =&gt; {
  /* fire events that update state */
});
/* assert on the output */

This ensures that you&apos;re testing the behavior the user would see in the browser. Learn more at https://react.dev/link/wrap-tests-with-act
An update to InputPrompt inside a test was not wrapped in act(...).

When testing, code that causes React state updates should be wrapped into act(...):

act(() =&gt; {
  /* fire events that update state */
});
/* assert on the output */

This ensures that you&apos;re testing the behavior the user would see in the browser. Learn more at https://react.dev/link/wrap-tests-with-act
An update to InputPrompt inside a test was not wrapped in act(...).

When testing, code that causes React state updates should be wrapped into act(...):

act(() =&gt; {
  /* fire events that update state */
});
/* assert on the output */

This ensures that you&apos;re testing the behavior the user would see in the browser. Learn more at https://react.dev/link/wrap-tests-with-act

An update to Root inside a test was not wrapped in act(...).

When testing, code that causes React state updates should be wrapped into act(...):

act(() =&gt; {
  /* fire events that update state */
});
/* assert on the output */

This ensures that you&apos;re testing the behavior the user would see in the browser. Learn more at https://react.dev/link/wrap-tests-with-act

            </system-err>
        </testcase>
        <testcase classname="src/ui/components/InputPrompt.test.tsx" name="InputPrompt &gt; cursor-based completion trigger &gt; should handle Unicode characters with spaces after them" time="0.063252791">
            <system-err>
An update to Root inside a test was not wrapped in act(...).

When testing, code that causes React state updates should be wrapped into act(...):

act(() =&gt; {
  /* fire events that update state */
});
/* assert on the output */

This ensures that you&apos;re testing the behavior the user would see in the browser. Learn more at https://react.dev/link/wrap-tests-with-act
An update to InputPrompt inside a test was not wrapped in act(...).

When testing, code that causes React state updates should be wrapped into act(...):

act(() =&gt; {
  /* fire events that update state */
});
/* assert on the output */

This ensures that you&apos;re testing the behavior the user would see in the browser. Learn more at https://react.dev/link/wrap-tests-with-act
An update to InputPrompt inside a test was not wrapped in act(...).

When testing, code that causes React state updates should be wrapped into act(...):

act(() =&gt; {
  /* fire events that update state */
});
/* assert on the output */

This ensures that you&apos;re testing the behavior the user would see in the browser. Learn more at https://react.dev/link/wrap-tests-with-act
An update to InputPrompt inside a test was not wrapped in act(...).

When testing, code that causes React state updates should be wrapped into act(...):

act(() =&gt; {
  /* fire events that update state */
});
/* assert on the output */

This ensures that you&apos;re testing the behavior the user would see in the browser. Learn more at https://react.dev/link/wrap-tests-with-act
An update to InputPrompt inside a test was not wrapped in act(...).

When testing, code that causes React state updates should be wrapped into act(...):

act(() =&gt; {
  /* fire events that update state */
});
/* assert on the output */

This ensures that you&apos;re testing the behavior the user would see in the browser. Learn more at https://react.dev/link/wrap-tests-with-act
An update to InputPrompt inside a test was not wrapped in act(...).

When testing, code that causes React state updates should be wrapped into act(...):

act(() =&gt; {
  /* fire events that update state */
});
/* assert on the output */

This ensures that you&apos;re testing the behavior the user would see in the browser. Learn more at https://react.dev/link/wrap-tests-with-act
An update to InputPrompt inside a test was not wrapped in act(...).

When testing, code that causes React state updates should be wrapped into act(...):

act(() =&gt; {
  /* fire events that update state */
});
/* assert on the output */

This ensures that you&apos;re testing the behavior the user would see in the browser. Learn more at https://react.dev/link/wrap-tests-with-act

An update to Root inside a test was not wrapped in act(...).

When testing, code that causes React state updates should be wrapped into act(...):

act(() =&gt; {
  /* fire events that update state */
});
/* assert on the output */

This ensures that you&apos;re testing the behavior the user would see in the browser. Learn more at https://react.dev/link/wrap-tests-with-act

            </system-err>
        </testcase>
        <testcase classname="src/ui/components/InputPrompt.test.tsx" name="InputPrompt &gt; cursor-based completion trigger &gt; should handle escaped spaces in paths correctly" time="0.065982389">
            <system-err>
An update to Root inside a test was not wrapped in act(...).

When testing, code that causes React state updates should be wrapped into act(...):

act(() =&gt; {
  /* fire events that update state */
});
/* assert on the output */

This ensures that you&apos;re testing the behavior the user would see in the browser. Learn more at https://react.dev/link/wrap-tests-with-act
An update to InputPrompt inside a test was not wrapped in act(...).

When testing, code that causes React state updates should be wrapped into act(...):

act(() =&gt; {
  /* fire events that update state */
});
/* assert on the output */

This ensures that you&apos;re testing the behavior the user would see in the browser. Learn more at https://react.dev/link/wrap-tests-with-act
An update to InputPrompt inside a test was not wrapped in act(...).

When testing, code that causes React state updates should be wrapped into act(...):

act(() =&gt; {
  /* fire events that update state */
});
/* assert on the output */

This ensures that you&apos;re testing the behavior the user would see in the browser. Learn more at https://react.dev/link/wrap-tests-with-act
An update to InputPrompt inside a test was not wrapped in act(...).

When testing, code that causes React state updates should be wrapped into act(...):

act(() =&gt; {
  /* fire events that update state */
});
/* assert on the output */

This ensures that you&apos;re testing the behavior the user would see in the browser. Learn more at https://react.dev/link/wrap-tests-with-act
An update to InputPrompt inside a test was not wrapped in act(...).

When testing, code that causes React state updates should be wrapped into act(...):

act(() =&gt; {
  /* fire events that update state */
});
/* assert on the output */

This ensures that you&apos;re testing the behavior the user would see in the browser. Learn more at https://react.dev/link/wrap-tests-with-act
An update to InputPrompt inside a test was not wrapped in act(...).

When testing, code that causes React state updates should be wrapped into act(...):

act(() =&gt; {
  /* fire events that update state */
});
/* assert on the output */

This ensures that you&apos;re testing the behavior the user would see in the browser. Learn more at https://react.dev/link/wrap-tests-with-act
An update to InputPrompt inside a test was not wrapped in act(...).

When testing, code that causes React state updates should be wrapped into act(...):

act(() =&gt; {
  /* fire events that update state */
});
/* assert on the output */

This ensures that you&apos;re testing the behavior the user would see in the browser. Learn more at https://react.dev/link/wrap-tests-with-act

An update to Root inside a test was not wrapped in act(...).

When testing, code that causes React state updates should be wrapped into act(...):

act(() =&gt; {
  /* fire events that update state */
});
/* assert on the output */

This ensures that you&apos;re testing the behavior the user would see in the browser. Learn more at https://react.dev/link/wrap-tests-with-act

            </system-err>
        </testcase>
        <testcase classname="src/ui/components/InputPrompt.test.tsx" name="InputPrompt &gt; cursor-based completion trigger &gt; should NOT trigger completion after unescaped space following escaped space" time="0.067042636">
            <system-err>
An update to Root inside a test was not wrapped in act(...).

When testing, code that causes React state updates should be wrapped into act(...):

act(() =&gt; {
  /* fire events that update state */
});
/* assert on the output */

This ensures that you&apos;re testing the behavior the user would see in the browser. Learn more at https://react.dev/link/wrap-tests-with-act
An update to InputPrompt inside a test was not wrapped in act(...).

When testing, code that causes React state updates should be wrapped into act(...):

act(() =&gt; {
  /* fire events that update state */
});
/* assert on the output */

This ensures that you&apos;re testing the behavior the user would see in the browser. Learn more at https://react.dev/link/wrap-tests-with-act
An update to InputPrompt inside a test was not wrapped in act(...).

When testing, code that causes React state updates should be wrapped into act(...):

act(() =&gt; {
  /* fire events that update state */
});
/* assert on the output */

This ensures that you&apos;re testing the behavior the user would see in the browser. Learn more at https://react.dev/link/wrap-tests-with-act
An update to InputPrompt inside a test was not wrapped in act(...).

When testing, code that causes React state updates should be wrapped into act(...):

act(() =&gt; {
  /* fire events that update state */
});
/* assert on the output */

This ensures that you&apos;re testing the behavior the user would see in the browser. Learn more at https://react.dev/link/wrap-tests-with-act
An update to InputPrompt inside a test was not wrapped in act(...).

When testing, code that causes React state updates should be wrapped into act(...):

act(() =&gt; {
  /* fire events that update state */
});
/* assert on the output */

This ensures that you&apos;re testing the behavior the user would see in the browser. Learn more at https://react.dev/link/wrap-tests-with-act
An update to InputPrompt inside a test was not wrapped in act(...).

When testing, code that causes React state updates should be wrapped into act(...):

act(() =&gt; {
  /* fire events that update state */
});
/* assert on the output */

This ensures that you&apos;re testing the behavior the user would see in the browser. Learn more at https://react.dev/link/wrap-tests-with-act
An update to InputPrompt inside a test was not wrapped in act(...).

When testing, code that causes React state updates should be wrapped into act(...):

act(() =&gt; {
  /* fire events that update state */
});
/* assert on the output */

This ensures that you&apos;re testing the behavior the user would see in the browser. Learn more at https://react.dev/link/wrap-tests-with-act

An update to Root inside a test was not wrapped in act(...).

When testing, code that causes React state updates should be wrapped into act(...):

act(() =&gt; {
  /* fire events that update state */
});
/* assert on the output */

This ensures that you&apos;re testing the behavior the user would see in the browser. Learn more at https://react.dev/link/wrap-tests-with-act

            </system-err>
        </testcase>
        <testcase classname="src/ui/components/InputPrompt.test.tsx" name="InputPrompt &gt; cursor-based completion trigger &gt; should handle multiple escaped spaces in paths" time="0.0692552">
            <system-err>
An update to Root inside a test was not wrapped in act(...).

When testing, code that causes React state updates should be wrapped into act(...):

act(() =&gt; {
  /* fire events that update state */
});
/* assert on the output */

This ensures that you&apos;re testing the behavior the user would see in the browser. Learn more at https://react.dev/link/wrap-tests-with-act
An update to InputPrompt inside a test was not wrapped in act(...).

When testing, code that causes React state updates should be wrapped into act(...):

act(() =&gt; {
  /* fire events that update state */
});
/* assert on the output */

This ensures that you&apos;re testing the behavior the user would see in the browser. Learn more at https://react.dev/link/wrap-tests-with-act
An update to InputPrompt inside a test was not wrapped in act(...).

When testing, code that causes React state updates should be wrapped into act(...):

act(() =&gt; {
  /* fire events that update state */
});
/* assert on the output */

This ensures that you&apos;re testing the behavior the user would see in the browser. Learn more at https://react.dev/link/wrap-tests-with-act
An update to InputPrompt inside a test was not wrapped in act(...).

When testing, code that causes React state updates should be wrapped into act(...):

act(() =&gt; {
  /* fire events that update state */
});
/* assert on the output */

This ensures that you&apos;re testing the behavior the user would see in the browser. Learn more at https://react.dev/link/wrap-tests-with-act
An update to InputPrompt inside a test was not wrapped in act(...).

When testing, code that causes React state updates should be wrapped into act(...):

act(() =&gt; {
  /* fire events that update state */
});
/* assert on the output */

This ensures that you&apos;re testing the behavior the user would see in the browser. Learn more at https://react.dev/link/wrap-tests-with-act
An update to InputPrompt inside a test was not wrapped in act(...).

When testing, code that causes React state updates should be wrapped into act(...):

act(() =&gt; {
  /* fire events that update state */
});
/* assert on the output */

This ensures that you&apos;re testing the behavior the user would see in the browser. Learn more at https://react.dev/link/wrap-tests-with-act
An update to InputPrompt inside a test was not wrapped in act(...).

When testing, code that causes React state updates should be wrapped into act(...):

act(() =&gt; {
  /* fire events that update state */
});
/* assert on the output */

This ensures that you&apos;re testing the behavior the user would see in the browser. Learn more at https://react.dev/link/wrap-tests-with-act

An update to Root inside a test was not wrapped in act(...).

When testing, code that causes React state updates should be wrapped into act(...):

act(() =&gt; {
  /* fire events that update state */
});
/* assert on the output */

This ensures that you&apos;re testing the behavior the user would see in the browser. Learn more at https://react.dev/link/wrap-tests-with-act

            </system-err>
        </testcase>
        <testcase classname="src/ui/components/InputPrompt.test.tsx" name="InputPrompt &gt; cursor-based completion trigger &gt; should handle escaped spaces in slash commands" time="0.065570469">
            <system-err>
An update to Root inside a test was not wrapped in act(...).

When testing, code that causes React state updates should be wrapped into act(...):

act(() =&gt; {
  /* fire events that update state */
});
/* assert on the output */

This ensures that you&apos;re testing the behavior the user would see in the browser. Learn more at https://react.dev/link/wrap-tests-with-act
An update to InputPrompt inside a test was not wrapped in act(...).

When testing, code that causes React state updates should be wrapped into act(...):

act(() =&gt; {
  /* fire events that update state */
});
/* assert on the output */

This ensures that you&apos;re testing the behavior the user would see in the browser. Learn more at https://react.dev/link/wrap-tests-with-act
An update to InputPrompt inside a test was not wrapped in act(...).

When testing, code that causes React state updates should be wrapped into act(...):

act(() =&gt; {
  /* fire events that update state */
});
/* assert on the output */

This ensures that you&apos;re testing the behavior the user would see in the browser. Learn more at https://react.dev/link/wrap-tests-with-act
An update to InputPrompt inside a test was not wrapped in act(...).

When testing, code that causes React state updates should be wrapped into act(...):

act(() =&gt; {
  /* fire events that update state */
});
/* assert on the output */

This ensures that you&apos;re testing the behavior the user would see in the browser. Learn more at https://react.dev/link/wrap-tests-with-act
An update to InputPrompt inside a test was not wrapped in act(...).

When testing, code that causes React state updates should be wrapped into act(...):

act(() =&gt; {
  /* fire events that update state */
});
/* assert on the output */

This ensures that you&apos;re testing the behavior the user would see in the browser. Learn more at https://react.dev/link/wrap-tests-with-act
An update to InputPrompt inside a test was not wrapped in act(...).

When testing, code that causes React state updates should be wrapped into act(...):

act(() =&gt; {
  /* fire events that update state */
});
/* assert on the output */

This ensures that you&apos;re testing the behavior the user would see in the browser. Learn more at https://react.dev/link/wrap-tests-with-act
An update to InputPrompt inside a test was not wrapped in act(...).

When testing, code that causes React state updates should be wrapped into act(...):

act(() =&gt; {
  /* fire events that update state */
});
/* assert on the output */

This ensures that you&apos;re testing the behavior the user would see in the browser. Learn more at https://react.dev/link/wrap-tests-with-act

An update to Root inside a test was not wrapped in act(...).

When testing, code that causes React state updates should be wrapped into act(...):

act(() =&gt; {
  /* fire events that update state */
});
/* assert on the output */

This ensures that you&apos;re testing the behavior the user would see in the browser. Learn more at https://react.dev/link/wrap-tests-with-act

            </system-err>
        </testcase>
        <testcase classname="src/ui/components/InputPrompt.test.tsx" name="InputPrompt &gt; cursor-based completion trigger &gt; should handle Unicode characters with escaped spaces" time="0.062240012">
            <system-err>
An update to Root inside a test was not wrapped in act(...).

When testing, code that causes React state updates should be wrapped into act(...):

act(() =&gt; {
  /* fire events that update state */
});
/* assert on the output */

This ensures that you&apos;re testing the behavior the user would see in the browser. Learn more at https://react.dev/link/wrap-tests-with-act
An update to InputPrompt inside a test was not wrapped in act(...).

When testing, code that causes React state updates should be wrapped into act(...):

act(() =&gt; {
  /* fire events that update state */
});
/* assert on the output */

This ensures that you&apos;re testing the behavior the user would see in the browser. Learn more at https://react.dev/link/wrap-tests-with-act
An update to InputPrompt inside a test was not wrapped in act(...).

When testing, code that causes React state updates should be wrapped into act(...):

act(() =&gt; {
  /* fire events that update state */
});
/* assert on the output */

This ensures that you&apos;re testing the behavior the user would see in the browser. Learn more at https://react.dev/link/wrap-tests-with-act
An update to InputPrompt inside a test was not wrapped in act(...).

When testing, code that causes React state updates should be wrapped into act(...):

act(() =&gt; {
  /* fire events that update state */
});
/* assert on the output */

This ensures that you&apos;re testing the behavior the user would see in the browser. Learn more at https://react.dev/link/wrap-tests-with-act
An update to InputPrompt inside a test was not wrapped in act(...).

When testing, code that causes React state updates should be wrapped into act(...):

act(() =&gt; {
  /* fire events that update state */
});
/* assert on the output */

This ensures that you&apos;re testing the behavior the user would see in the browser. Learn more at https://react.dev/link/wrap-tests-with-act
An update to InputPrompt inside a test was not wrapped in act(...).

When testing, code that causes React state updates should be wrapped into act(...):

act(() =&gt; {
  /* fire events that update state */
});
/* assert on the output */

This ensures that you&apos;re testing the behavior the user would see in the browser. Learn more at https://react.dev/link/wrap-tests-with-act
An update to InputPrompt inside a test was not wrapped in act(...).

When testing, code that causes React state updates should be wrapped into act(...):

act(() =&gt; {
  /* fire events that update state */
});
/* assert on the output */

This ensures that you&apos;re testing the behavior the user would see in the browser. Learn more at https://react.dev/link/wrap-tests-with-act

An update to Root inside a test was not wrapped in act(...).

When testing, code that causes React state updates should be wrapped into act(...):

act(() =&gt; {
  /* fire events that update state */
});
/* assert on the output */

This ensures that you&apos;re testing the behavior the user would see in the browser. Learn more at https://react.dev/link/wrap-tests-with-act

            </system-err>
        </testcase>
        <testcase classname="src/ui/components/InputPrompt.test.tsx" name="InputPrompt &gt; vim mode &gt; should not call buffer.handleInput when vim mode is enabled and vim handles the input" time="0.110454325">
            <system-err>
An update to Root inside a test was not wrapped in act(...).

When testing, code that causes React state updates should be wrapped into act(...):

act(() =&gt; {
  /* fire events that update state */
});
/* assert on the output */

This ensures that you&apos;re testing the behavior the user would see in the browser. Learn more at https://react.dev/link/wrap-tests-with-act
An update to InputPrompt inside a test was not wrapped in act(...).

When testing, code that causes React state updates should be wrapped into act(...):

act(() =&gt; {
  /* fire events that update state */
});
/* assert on the output */

This ensures that you&apos;re testing the behavior the user would see in the browser. Learn more at https://react.dev/link/wrap-tests-with-act
An update to InputPrompt inside a test was not wrapped in act(...).

When testing, code that causes React state updates should be wrapped into act(...):

act(() =&gt; {
  /* fire events that update state */
});
/* assert on the output */

This ensures that you&apos;re testing the behavior the user would see in the browser. Learn more at https://react.dev/link/wrap-tests-with-act
An update to InputPrompt inside a test was not wrapped in act(...).

When testing, code that causes React state updates should be wrapped into act(...):

act(() =&gt; {
  /* fire events that update state */
});
/* assert on the output */

This ensures that you&apos;re testing the behavior the user would see in the browser. Learn more at https://react.dev/link/wrap-tests-with-act
An update to InputPrompt inside a test was not wrapped in act(...).

When testing, code that causes React state updates should be wrapped into act(...):

act(() =&gt; {
  /* fire events that update state */
});
/* assert on the output */

This ensures that you&apos;re testing the behavior the user would see in the browser. Learn more at https://react.dev/link/wrap-tests-with-act
An update to InputPrompt inside a test was not wrapped in act(...).

When testing, code that causes React state updates should be wrapped into act(...):

act(() =&gt; {
  /* fire events that update state */
});
/* assert on the output */

This ensures that you&apos;re testing the behavior the user would see in the browser. Learn more at https://react.dev/link/wrap-tests-with-act
An update to InputPrompt inside a test was not wrapped in act(...).

When testing, code that causes React state updates should be wrapped into act(...):

act(() =&gt; {
  /* fire events that update state */
});
/* assert on the output */

This ensures that you&apos;re testing the behavior the user would see in the browser. Learn more at https://react.dev/link/wrap-tests-with-act

An update to Root inside a test was not wrapped in act(...).

When testing, code that causes React state updates should be wrapped into act(...):

act(() =&gt; {
  /* fire events that update state */
});
/* assert on the output */

This ensures that you&apos;re testing the behavior the user would see in the browser. Learn more at https://react.dev/link/wrap-tests-with-act

            </system-err>
        </testcase>
        <testcase classname="src/ui/components/InputPrompt.test.tsx" name="InputPrompt &gt; vim mode &gt; should call buffer.handleInput when vim mode is enabled but vim does not handle the input" time="0.108815961">
            <system-err>
An update to Root inside a test was not wrapped in act(...).

When testing, code that causes React state updates should be wrapped into act(...):

act(() =&gt; {
  /* fire events that update state */
});
/* assert on the output */

This ensures that you&apos;re testing the behavior the user would see in the browser. Learn more at https://react.dev/link/wrap-tests-with-act
An update to InputPrompt inside a test was not wrapped in act(...).

When testing, code that causes React state updates should be wrapped into act(...):

act(() =&gt; {
  /* fire events that update state */
});
/* assert on the output */

This ensures that you&apos;re testing the behavior the user would see in the browser. Learn more at https://react.dev/link/wrap-tests-with-act
An update to InputPrompt inside a test was not wrapped in act(...).

When testing, code that causes React state updates should be wrapped into act(...):

act(() =&gt; {
  /* fire events that update state */
});
/* assert on the output */

This ensures that you&apos;re testing the behavior the user would see in the browser. Learn more at https://react.dev/link/wrap-tests-with-act
An update to InputPrompt inside a test was not wrapped in act(...).

When testing, code that causes React state updates should be wrapped into act(...):

act(() =&gt; {
  /* fire events that update state */
});
/* assert on the output */

This ensures that you&apos;re testing the behavior the user would see in the browser. Learn more at https://react.dev/link/wrap-tests-with-act
An update to InputPrompt inside a test was not wrapped in act(...).

When testing, code that causes React state updates should be wrapped into act(...):

act(() =&gt; {
  /* fire events that update state */
});
/* assert on the output */

This ensures that you&apos;re testing the behavior the user would see in the browser. Learn more at https://react.dev/link/wrap-tests-with-act
An update to InputPrompt inside a test was not wrapped in act(...).

When testing, code that causes React state updates should be wrapped into act(...):

act(() =&gt; {
  /* fire events that update state */
});
/* assert on the output */

This ensures that you&apos;re testing the behavior the user would see in the browser. Learn more at https://react.dev/link/wrap-tests-with-act
An update to InputPrompt inside a test was not wrapped in act(...).

When testing, code that causes React state updates should be wrapped into act(...):

act(() =&gt; {
  /* fire events that update state */
});
/* assert on the output */

This ensures that you&apos;re testing the behavior the user would see in the browser. Learn more at https://react.dev/link/wrap-tests-with-act

An update to Root inside a test was not wrapped in act(...).

When testing, code that causes React state updates should be wrapped into act(...):

act(() =&gt; {
  /* fire events that update state */
});
/* assert on the output */

This ensures that you&apos;re testing the behavior the user would see in the browser. Learn more at https://react.dev/link/wrap-tests-with-act

            </system-err>
        </testcase>
        <testcase classname="src/ui/components/InputPrompt.test.tsx" name="InputPrompt &gt; vim mode &gt; should call handleInput when vim mode is disabled" time="0.11078182">
            <system-err>
An update to Root inside a test was not wrapped in act(...).

When testing, code that causes React state updates should be wrapped into act(...):

act(() =&gt; {
  /* fire events that update state */
});
/* assert on the output */

This ensures that you&apos;re testing the behavior the user would see in the browser. Learn more at https://react.dev/link/wrap-tests-with-act
An update to InputPrompt inside a test was not wrapped in act(...).

When testing, code that causes React state updates should be wrapped into act(...):

act(() =&gt; {
  /* fire events that update state */
});
/* assert on the output */

This ensures that you&apos;re testing the behavior the user would see in the browser. Learn more at https://react.dev/link/wrap-tests-with-act
An update to InputPrompt inside a test was not wrapped in act(...).

When testing, code that causes React state updates should be wrapped into act(...):

act(() =&gt; {
  /* fire events that update state */
});
/* assert on the output */

This ensures that you&apos;re testing the behavior the user would see in the browser. Learn more at https://react.dev/link/wrap-tests-with-act
An update to InputPrompt inside a test was not wrapped in act(...).

When testing, code that causes React state updates should be wrapped into act(...):

act(() =&gt; {
  /* fire events that update state */
});
/* assert on the output */

This ensures that you&apos;re testing the behavior the user would see in the browser. Learn more at https://react.dev/link/wrap-tests-with-act
An update to InputPrompt inside a test was not wrapped in act(...).

When testing, code that causes React state updates should be wrapped into act(...):

act(() =&gt; {
  /* fire events that update state */
});
/* assert on the output */

This ensures that you&apos;re testing the behavior the user would see in the browser. Learn more at https://react.dev/link/wrap-tests-with-act
An update to InputPrompt inside a test was not wrapped in act(...).

When testing, code that causes React state updates should be wrapped into act(...):

act(() =&gt; {
  /* fire events that update state */
});
/* assert on the output */

This ensures that you&apos;re testing the behavior the user would see in the browser. Learn more at https://react.dev/link/wrap-tests-with-act
An update to InputPrompt inside a test was not wrapped in act(...).

When testing, code that causes React state updates should be wrapped into act(...):

act(() =&gt; {
  /* fire events that update state */
});
/* assert on the output */

This ensures that you&apos;re testing the behavior the user would see in the browser. Learn more at https://react.dev/link/wrap-tests-with-act

An update to Root inside a test was not wrapped in act(...).

When testing, code that causes React state updates should be wrapped into act(...):

act(() =&gt; {
  /* fire events that update state */
});
/* assert on the output */

This ensures that you&apos;re testing the behavior the user would see in the browser. Learn more at https://react.dev/link/wrap-tests-with-act

            </system-err>
        </testcase>
        <testcase classname="src/ui/components/InputPrompt.test.tsx" name="InputPrompt &gt; unfocused paste &gt; should handle bracketed paste when not focused" time="0.108560571">
            <system-err>
An update to Root inside a test was not wrapped in act(...).

When testing, code that causes React state updates should be wrapped into act(...):

act(() =&gt; {
  /* fire events that update state */
});
/* assert on the output */

This ensures that you&apos;re testing the behavior the user would see in the browser. Learn more at https://react.dev/link/wrap-tests-with-act
An update to InputPrompt inside a test was not wrapped in act(...).

When testing, code that causes React state updates should be wrapped into act(...):

act(() =&gt; {
  /* fire events that update state */
});
/* assert on the output */

This ensures that you&apos;re testing the behavior the user would see in the browser. Learn more at https://react.dev/link/wrap-tests-with-act
An update to InputPrompt inside a test was not wrapped in act(...).

When testing, code that causes React state updates should be wrapped into act(...):

act(() =&gt; {
  /* fire events that update state */
});
/* assert on the output */

This ensures that you&apos;re testing the behavior the user would see in the browser. Learn more at https://react.dev/link/wrap-tests-with-act
An update to InputPrompt inside a test was not wrapped in act(...).

When testing, code that causes React state updates should be wrapped into act(...):

act(() =&gt; {
  /* fire events that update state */
});
/* assert on the output */

This ensures that you&apos;re testing the behavior the user would see in the browser. Learn more at https://react.dev/link/wrap-tests-with-act
An update to InputPrompt inside a test was not wrapped in act(...).

When testing, code that causes React state updates should be wrapped into act(...):

act(() =&gt; {
  /* fire events that update state */
});
/* assert on the output */

This ensures that you&apos;re testing the behavior the user would see in the browser. Learn more at https://react.dev/link/wrap-tests-with-act
An update to InputPrompt inside a test was not wrapped in act(...).

When testing, code that causes React state updates should be wrapped into act(...):

act(() =&gt; {
  /* fire events that update state */
});
/* assert on the output */

This ensures that you&apos;re testing the behavior the user would see in the browser. Learn more at https://react.dev/link/wrap-tests-with-act
An update to InputPrompt inside a test was not wrapped in act(...).

When testing, code that causes React state updates should be wrapped into act(...):

act(() =&gt; {
  /* fire events that update state */
});
/* assert on the output */

This ensures that you&apos;re testing the behavior the user would see in the browser. Learn more at https://react.dev/link/wrap-tests-with-act

An update to Root inside a test was not wrapped in act(...).

When testing, code that causes React state updates should be wrapped into act(...):

act(() =&gt; {
  /* fire events that update state */
});
/* assert on the output */

This ensures that you&apos;re testing the behavior the user would see in the browser. Learn more at https://react.dev/link/wrap-tests-with-act

            </system-err>
        </testcase>
        <testcase classname="src/ui/components/InputPrompt.test.tsx" name="InputPrompt &gt; unfocused paste &gt; should ignore regular keypresses when not focused" time="0.12900154">
            <system-err>
An update to Root inside a test was not wrapped in act(...).

When testing, code that causes React state updates should be wrapped into act(...):

act(() =&gt; {
  /* fire events that update state */
});
/* assert on the output */

This ensures that you&apos;re testing the behavior the user would see in the browser. Learn more at https://react.dev/link/wrap-tests-with-act
An update to InputPrompt inside a test was not wrapped in act(...).

When testing, code that causes React state updates should be wrapped into act(...):

act(() =&gt; {
  /* fire events that update state */
});
/* assert on the output */

This ensures that you&apos;re testing the behavior the user would see in the browser. Learn more at https://react.dev/link/wrap-tests-with-act
An update to InputPrompt inside a test was not wrapped in act(...).

When testing, code that causes React state updates should be wrapped into act(...):

act(() =&gt; {
  /* fire events that update state */
});
/* assert on the output */

This ensures that you&apos;re testing the behavior the user would see in the browser. Learn more at https://react.dev/link/wrap-tests-with-act
An update to InputPrompt inside a test was not wrapped in act(...).

When testing, code that causes React state updates should be wrapped into act(...):

act(() =&gt; {
  /* fire events that update state */
});
/* assert on the output */

This ensures that you&apos;re testing the behavior the user would see in the browser. Learn more at https://react.dev/link/wrap-tests-with-act
An update to InputPrompt inside a test was not wrapped in act(...).

When testing, code that causes React state updates should be wrapped into act(...):

act(() =&gt; {
  /* fire events that update state */
});
/* assert on the output */

This ensures that you&apos;re testing the behavior the user would see in the browser. Learn more at https://react.dev/link/wrap-tests-with-act
An update to InputPrompt inside a test was not wrapped in act(...).

When testing, code that causes React state updates should be wrapped into act(...):

act(() =&gt; {
  /* fire events that update state */
});
/* assert on the output */

This ensures that you&apos;re testing the behavior the user would see in the browser. Learn more at https://react.dev/link/wrap-tests-with-act
An update to InputPrompt inside a test was not wrapped in act(...).

When testing, code that causes React state updates should be wrapped into act(...):

act(() =&gt; {
  /* fire events that update state */
});
/* assert on the output */

This ensures that you&apos;re testing the behavior the user would see in the browser. Learn more at https://react.dev/link/wrap-tests-with-act

An update to Root inside a test was not wrapped in act(...).

When testing, code that causes React state updates should be wrapped into act(...):

act(() =&gt; {
  /* fire events that update state */
});
/* assert on the output */

This ensures that you&apos;re testing the behavior the user would see in the browser. Learn more at https://react.dev/link/wrap-tests-with-act

            </system-err>
        </testcase>
        <testcase classname="src/ui/components/InputPrompt.test.tsx" name="InputPrompt &gt; multiline paste &gt; should handle multiline paste &apos;with \n newlines&apos;" time="0.107150548">
            <system-err>
An update to Root inside a test was not wrapped in act(...).

When testing, code that causes React state updates should be wrapped into act(...):

act(() =&gt; {
  /* fire events that update state */
});
/* assert on the output */

This ensures that you&apos;re testing the behavior the user would see in the browser. Learn more at https://react.dev/link/wrap-tests-with-act
An update to InputPrompt inside a test was not wrapped in act(...).

When testing, code that causes React state updates should be wrapped into act(...):

act(() =&gt; {
  /* fire events that update state */
});
/* assert on the output */

This ensures that you&apos;re testing the behavior the user would see in the browser. Learn more at https://react.dev/link/wrap-tests-with-act
An update to InputPrompt inside a test was not wrapped in act(...).

When testing, code that causes React state updates should be wrapped into act(...):

act(() =&gt; {
  /* fire events that update state */
});
/* assert on the output */

This ensures that you&apos;re testing the behavior the user would see in the browser. Learn more at https://react.dev/link/wrap-tests-with-act
An update to InputPrompt inside a test was not wrapped in act(...).

When testing, code that causes React state updates should be wrapped into act(...):

act(() =&gt; {
  /* fire events that update state */
});
/* assert on the output */

This ensures that you&apos;re testing the behavior the user would see in the browser. Learn more at https://react.dev/link/wrap-tests-with-act
An update to InputPrompt inside a test was not wrapped in act(...).

When testing, code that causes React state updates should be wrapped into act(...):

act(() =&gt; {
  /* fire events that update state */
});
/* assert on the output */

This ensures that you&apos;re testing the behavior the user would see in the browser. Learn more at https://react.dev/link/wrap-tests-with-act
An update to InputPrompt inside a test was not wrapped in act(...).

When testing, code that causes React state updates should be wrapped into act(...):

act(() =&gt; {
  /* fire events that update state */
});
/* assert on the output */

This ensures that you&apos;re testing the behavior the user would see in the browser. Learn more at https://react.dev/link/wrap-tests-with-act
An update to InputPrompt inside a test was not wrapped in act(...).

When testing, code that causes React state updates should be wrapped into act(...):

act(() =&gt; {
  /* fire events that update state */
});
/* assert on the output */

This ensures that you&apos;re testing the behavior the user would see in the browser. Learn more at https://react.dev/link/wrap-tests-with-act

An update to Root inside a test was not wrapped in act(...).

When testing, code that causes React state updates should be wrapped into act(...):

act(() =&gt; {
  /* fire events that update state */
});
/* assert on the output */

This ensures that you&apos;re testing the behavior the user would see in the browser. Learn more at https://react.dev/link/wrap-tests-with-act

            </system-err>
        </testcase>
        <testcase classname="src/ui/components/InputPrompt.test.tsx" name="InputPrompt &gt; multiline paste &gt; should handle multiline paste &apos;with extra slashes before \n newlines&apos;" time="0.107399016">
            <system-err>
An update to Root inside a test was not wrapped in act(...).

When testing, code that causes React state updates should be wrapped into act(...):

act(() =&gt; {
  /* fire events that update state */
});
/* assert on the output */

This ensures that you&apos;re testing the behavior the user would see in the browser. Learn more at https://react.dev/link/wrap-tests-with-act
An update to InputPrompt inside a test was not wrapped in act(...).

When testing, code that causes React state updates should be wrapped into act(...):

act(() =&gt; {
  /* fire events that update state */
});
/* assert on the output */

This ensures that you&apos;re testing the behavior the user would see in the browser. Learn more at https://react.dev/link/wrap-tests-with-act
An update to InputPrompt inside a test was not wrapped in act(...).

When testing, code that causes React state updates should be wrapped into act(...):

act(() =&gt; {
  /* fire events that update state */
});
/* assert on the output */

This ensures that you&apos;re testing the behavior the user would see in the browser. Learn more at https://react.dev/link/wrap-tests-with-act
An update to InputPrompt inside a test was not wrapped in act(...).

When testing, code that causes React state updates should be wrapped into act(...):

act(() =&gt; {
  /* fire events that update state */
});
/* assert on the output */

This ensures that you&apos;re testing the behavior the user would see in the browser. Learn more at https://react.dev/link/wrap-tests-with-act
An update to InputPrompt inside a test was not wrapped in act(...).

When testing, code that causes React state updates should be wrapped into act(...):

act(() =&gt; {
  /* fire events that update state */
});
/* assert on the output */

This ensures that you&apos;re testing the behavior the user would see in the browser. Learn more at https://react.dev/link/wrap-tests-with-act
An update to InputPrompt inside a test was not wrapped in act(...).

When testing, code that causes React state updates should be wrapped into act(...):

act(() =&gt; {
  /* fire events that update state */
});
/* assert on the output */

This ensures that you&apos;re testing the behavior the user would see in the browser. Learn more at https://react.dev/link/wrap-tests-with-act
An update to InputPrompt inside a test was not wrapped in act(...).

When testing, code that causes React state updates should be wrapped into act(...):

act(() =&gt; {
  /* fire events that update state */
});
/* assert on the output */

This ensures that you&apos;re testing the behavior the user would see in the browser. Learn more at https://react.dev/link/wrap-tests-with-act

An update to Root inside a test was not wrapped in act(...).

When testing, code that causes React state updates should be wrapped into act(...):

act(() =&gt; {
  /* fire events that update state */
});
/* assert on the output */

This ensures that you&apos;re testing the behavior the user would see in the browser. Learn more at https://react.dev/link/wrap-tests-with-act

            </system-err>
        </testcase>
        <testcase classname="src/ui/components/InputPrompt.test.tsx" name="InputPrompt &gt; multiline paste &gt; should handle multiline paste &apos;with \r\n newlines&apos;" time="0.106992356">
            <system-err>
An update to Root inside a test was not wrapped in act(...).

When testing, code that causes React state updates should be wrapped into act(...):

act(() =&gt; {
  /* fire events that update state */
});
/* assert on the output */

This ensures that you&apos;re testing the behavior the user would see in the browser. Learn more at https://react.dev/link/wrap-tests-with-act
An update to InputPrompt inside a test was not wrapped in act(...).

When testing, code that causes React state updates should be wrapped into act(...):

act(() =&gt; {
  /* fire events that update state */
});
/* assert on the output */

This ensures that you&apos;re testing the behavior the user would see in the browser. Learn more at https://react.dev/link/wrap-tests-with-act
An update to InputPrompt inside a test was not wrapped in act(...).

When testing, code that causes React state updates should be wrapped into act(...):

act(() =&gt; {
  /* fire events that update state */
});
/* assert on the output */

This ensures that you&apos;re testing the behavior the user would see in the browser. Learn more at https://react.dev/link/wrap-tests-with-act
An update to InputPrompt inside a test was not wrapped in act(...).

When testing, code that causes React state updates should be wrapped into act(...):

act(() =&gt; {
  /* fire events that update state */
});
/* assert on the output */

This ensures that you&apos;re testing the behavior the user would see in the browser. Learn more at https://react.dev/link/wrap-tests-with-act
An update to InputPrompt inside a test was not wrapped in act(...).

When testing, code that causes React state updates should be wrapped into act(...):

act(() =&gt; {
  /* fire events that update state */
});
/* assert on the output */

This ensures that you&apos;re testing the behavior the user would see in the browser. Learn more at https://react.dev/link/wrap-tests-with-act
An update to InputPrompt inside a test was not wrapped in act(...).

When testing, code that causes React state updates should be wrapped into act(...):

act(() =&gt; {
  /* fire events that update state */
});
/* assert on the output */

This ensures that you&apos;re testing the behavior the user would see in the browser. Learn more at https://react.dev/link/wrap-tests-with-act
An update to InputPrompt inside a test was not wrapped in act(...).

When testing, code that causes React state updates should be wrapped into act(...):

act(() =&gt; {
  /* fire events that update state */
});
/* assert on the output */

This ensures that you&apos;re testing the behavior the user would see in the browser. Learn more at https://react.dev/link/wrap-tests-with-act

An update to Root inside a test was not wrapped in act(...).

When testing, code that causes React state updates should be wrapped into act(...):

act(() =&gt; {
  /* fire events that update state */
});
/* assert on the output */

This ensures that you&apos;re testing the behavior the user would see in the browser. Learn more at https://react.dev/link/wrap-tests-with-act

            </system-err>
        </testcase>
        <testcase classname="src/ui/components/InputPrompt.test.tsx" name="InputPrompt &gt; enhanced input UX - double ESC clear functionality &gt; should clear buffer on second ESC press" time="0.15916208">
            <system-err>
An update to Root inside a test was not wrapped in act(...).

When testing, code that causes React state updates should be wrapped into act(...):

act(() =&gt; {
  /* fire events that update state */
});
/* assert on the output */

This ensures that you&apos;re testing the behavior the user would see in the browser. Learn more at https://react.dev/link/wrap-tests-with-act
An update to InputPrompt inside a test was not wrapped in act(...).

When testing, code that causes React state updates should be wrapped into act(...):

act(() =&gt; {
  /* fire events that update state */
});
/* assert on the output */

This ensures that you&apos;re testing the behavior the user would see in the browser. Learn more at https://react.dev/link/wrap-tests-with-act
An update to InputPrompt inside a test was not wrapped in act(...).

When testing, code that causes React state updates should be wrapped into act(...):

act(() =&gt; {
  /* fire events that update state */
});
/* assert on the output */

This ensures that you&apos;re testing the behavior the user would see in the browser. Learn more at https://react.dev/link/wrap-tests-with-act
An update to InputPrompt inside a test was not wrapped in act(...).

When testing, code that causes React state updates should be wrapped into act(...):

act(() =&gt; {
  /* fire events that update state */
});
/* assert on the output */

This ensures that you&apos;re testing the behavior the user would see in the browser. Learn more at https://react.dev/link/wrap-tests-with-act
An update to InputPrompt inside a test was not wrapped in act(...).

When testing, code that causes React state updates should be wrapped into act(...):

act(() =&gt; {
  /* fire events that update state */
});
/* assert on the output */

This ensures that you&apos;re testing the behavior the user would see in the browser. Learn more at https://react.dev/link/wrap-tests-with-act
An update to InputPrompt inside a test was not wrapped in act(...).

When testing, code that causes React state updates should be wrapped into act(...):

act(() =&gt; {
  /* fire events that update state */
});
/* assert on the output */

This ensures that you&apos;re testing the behavior the user would see in the browser. Learn more at https://react.dev/link/wrap-tests-with-act
An update to InputPrompt inside a test was not wrapped in act(...).

When testing, code that causes React state updates should be wrapped into act(...):

act(() =&gt; {
  /* fire events that update state */
});
/* assert on the output */

This ensures that you&apos;re testing the behavior the user would see in the browser. Learn more at https://react.dev/link/wrap-tests-with-act

An update to InputPrompt inside a test was not wrapped in act(...).

When testing, code that causes React state updates should be wrapped into act(...):

act(() =&gt; {
  /* fire events that update state */
});
/* assert on the output */

This ensures that you&apos;re testing the behavior the user would see in the browser. Learn more at https://react.dev/link/wrap-tests-with-act
An update to InputPrompt inside a test was not wrapped in act(...).

When testing, code that causes React state updates should be wrapped into act(...):

act(() =&gt; {
  /* fire events that update state */
});
/* assert on the output */

This ensures that you&apos;re testing the behavior the user would see in the browser. Learn more at https://react.dev/link/wrap-tests-with-act

An update to InputPrompt inside a test was not wrapped in act(...).

When testing, code that causes React state updates should be wrapped into act(...):

act(() =&gt; {
  /* fire events that update state */
});
/* assert on the output */

This ensures that you&apos;re testing the behavior the user would see in the browser. Learn more at https://react.dev/link/wrap-tests-with-act
An update to InputPrompt inside a test was not wrapped in act(...).

When testing, code that causes React state updates should be wrapped into act(...):

act(() =&gt; {
  /* fire events that update state */
});
/* assert on the output */

This ensures that you&apos;re testing the behavior the user would see in the browser. Learn more at https://react.dev/link/wrap-tests-with-act

An update to Root inside a test was not wrapped in act(...).

When testing, code that causes React state updates should be wrapped into act(...):

act(() =&gt; {
  /* fire events that update state */
});
/* assert on the output */

This ensures that you&apos;re testing the behavior the user would see in the browser. Learn more at https://react.dev/link/wrap-tests-with-act

            </system-err>
        </testcase>
        <testcase classname="src/ui/components/InputPrompt.test.tsx" name="InputPrompt &gt; enhanced input UX - double ESC clear functionality &gt; should reset escape state on any non-ESC key" time="0.06166461">
            <system-err>
An update to Root inside a test was not wrapped in act(...).

When testing, code that causes React state updates should be wrapped into act(...):

act(() =&gt; {
  /* fire events that update state */
});
/* assert on the output */

This ensures that you&apos;re testing the behavior the user would see in the browser. Learn more at https://react.dev/link/wrap-tests-with-act
An update to InputPrompt inside a test was not wrapped in act(...).

When testing, code that causes React state updates should be wrapped into act(...):

act(() =&gt; {
  /* fire events that update state */
});
/* assert on the output */

This ensures that you&apos;re testing the behavior the user would see in the browser. Learn more at https://react.dev/link/wrap-tests-with-act
An update to InputPrompt inside a test was not wrapped in act(...).

When testing, code that causes React state updates should be wrapped into act(...):

act(() =&gt; {
  /* fire events that update state */
});
/* assert on the output */

This ensures that you&apos;re testing the behavior the user would see in the browser. Learn more at https://react.dev/link/wrap-tests-with-act
An update to InputPrompt inside a test was not wrapped in act(...).

When testing, code that causes React state updates should be wrapped into act(...):

act(() =&gt; {
  /* fire events that update state */
});
/* assert on the output */

This ensures that you&apos;re testing the behavior the user would see in the browser. Learn more at https://react.dev/link/wrap-tests-with-act
An update to InputPrompt inside a test was not wrapped in act(...).

When testing, code that causes React state updates should be wrapped into act(...):

act(() =&gt; {
  /* fire events that update state */
});
/* assert on the output */

This ensures that you&apos;re testing the behavior the user would see in the browser. Learn more at https://react.dev/link/wrap-tests-with-act
An update to InputPrompt inside a test was not wrapped in act(...).

When testing, code that causes React state updates should be wrapped into act(...):

act(() =&gt; {
  /* fire events that update state */
});
/* assert on the output */

This ensures that you&apos;re testing the behavior the user would see in the browser. Learn more at https://react.dev/link/wrap-tests-with-act
An update to InputPrompt inside a test was not wrapped in act(...).

When testing, code that causes React state updates should be wrapped into act(...):

act(() =&gt; {
  /* fire events that update state */
});
/* assert on the output */

This ensures that you&apos;re testing the behavior the user would see in the browser. Learn more at https://react.dev/link/wrap-tests-with-act

An update to InputPrompt inside a test was not wrapped in act(...).

When testing, code that causes React state updates should be wrapped into act(...):

act(() =&gt; {
  /* fire events that update state */
});
/* assert on the output */

This ensures that you&apos;re testing the behavior the user would see in the browser. Learn more at https://react.dev/link/wrap-tests-with-act
An update to InputPrompt inside a test was not wrapped in act(...).

When testing, code that causes React state updates should be wrapped into act(...):

act(() =&gt; {
  /* fire events that update state */
});
/* assert on the output */

This ensures that you&apos;re testing the behavior the user would see in the browser. Learn more at https://react.dev/link/wrap-tests-with-act

An update to Root inside a test was not wrapped in act(...).

When testing, code that causes React state updates should be wrapped into act(...):

act(() =&gt; {
  /* fire events that update state */
});
/* assert on the output */

This ensures that you&apos;re testing the behavior the user would see in the browser. Learn more at https://react.dev/link/wrap-tests-with-act

            </system-err>
        </testcase>
        <testcase classname="src/ui/components/InputPrompt.test.tsx" name="InputPrompt &gt; enhanced input UX - double ESC clear functionality &gt; should handle ESC in shell mode by disabling shell mode" time="0.107582555">
            <system-err>
An update to Root inside a test was not wrapped in act(...).

When testing, code that causes React state updates should be wrapped into act(...):

act(() =&gt; {
  /* fire events that update state */
});
/* assert on the output */

This ensures that you&apos;re testing the behavior the user would see in the browser. Learn more at https://react.dev/link/wrap-tests-with-act
An update to InputPrompt inside a test was not wrapped in act(...).

When testing, code that causes React state updates should be wrapped into act(...):

act(() =&gt; {
  /* fire events that update state */
});
/* assert on the output */

This ensures that you&apos;re testing the behavior the user would see in the browser. Learn more at https://react.dev/link/wrap-tests-with-act
An update to InputPrompt inside a test was not wrapped in act(...).

When testing, code that causes React state updates should be wrapped into act(...):

act(() =&gt; {
  /* fire events that update state */
});
/* assert on the output */

This ensures that you&apos;re testing the behavior the user would see in the browser. Learn more at https://react.dev/link/wrap-tests-with-act
An update to InputPrompt inside a test was not wrapped in act(...).

When testing, code that causes React state updates should be wrapped into act(...):

act(() =&gt; {
  /* fire events that update state */
});
/* assert on the output */

This ensures that you&apos;re testing the behavior the user would see in the browser. Learn more at https://react.dev/link/wrap-tests-with-act
An update to InputPrompt inside a test was not wrapped in act(...).

When testing, code that causes React state updates should be wrapped into act(...):

act(() =&gt; {
  /* fire events that update state */
});
/* assert on the output */

This ensures that you&apos;re testing the behavior the user would see in the browser. Learn more at https://react.dev/link/wrap-tests-with-act
An update to InputPrompt inside a test was not wrapped in act(...).

When testing, code that causes React state updates should be wrapped into act(...):

act(() =&gt; {
  /* fire events that update state */
});
/* assert on the output */

This ensures that you&apos;re testing the behavior the user would see in the browser. Learn more at https://react.dev/link/wrap-tests-with-act
An update to InputPrompt inside a test was not wrapped in act(...).

When testing, code that causes React state updates should be wrapped into act(...):

act(() =&gt; {
  /* fire events that update state */
});
/* assert on the output */

This ensures that you&apos;re testing the behavior the user would see in the browser. Learn more at https://react.dev/link/wrap-tests-with-act

An update to InputPrompt inside a test was not wrapped in act(...).

When testing, code that causes React state updates should be wrapped into act(...):

act(() =&gt; {
  /* fire events that update state */
});
/* assert on the output */

This ensures that you&apos;re testing the behavior the user would see in the browser. Learn more at https://react.dev/link/wrap-tests-with-act
An update to InputPrompt inside a test was not wrapped in act(...).

When testing, code that causes React state updates should be wrapped into act(...):

act(() =&gt; {
  /* fire events that update state */
});
/* assert on the output */

This ensures that you&apos;re testing the behavior the user would see in the browser. Learn more at https://react.dev/link/wrap-tests-with-act

An update to Root inside a test was not wrapped in act(...).

When testing, code that causes React state updates should be wrapped into act(...):

act(() =&gt; {
  /* fire events that update state */
});
/* assert on the output */

This ensures that you&apos;re testing the behavior the user would see in the browser. Learn more at https://react.dev/link/wrap-tests-with-act

            </system-err>
        </testcase>
        <testcase classname="src/ui/components/InputPrompt.test.tsx" name="InputPrompt &gt; enhanced input UX - double ESC clear functionality &gt; should handle ESC when completion suggestions are showing" time="0.110430642">
            <system-err>
An update to Root inside a test was not wrapped in act(...).

When testing, code that causes React state updates should be wrapped into act(...):

act(() =&gt; {
  /* fire events that update state */
});
/* assert on the output */

This ensures that you&apos;re testing the behavior the user would see in the browser. Learn more at https://react.dev/link/wrap-tests-with-act
An update to InputPrompt inside a test was not wrapped in act(...).

When testing, code that causes React state updates should be wrapped into act(...):

act(() =&gt; {
  /* fire events that update state */
});
/* assert on the output */

This ensures that you&apos;re testing the behavior the user would see in the browser. Learn more at https://react.dev/link/wrap-tests-with-act
An update to InputPrompt inside a test was not wrapped in act(...).

When testing, code that causes React state updates should be wrapped into act(...):

act(() =&gt; {
  /* fire events that update state */
});
/* assert on the output */

This ensures that you&apos;re testing the behavior the user would see in the browser. Learn more at https://react.dev/link/wrap-tests-with-act
An update to InputPrompt inside a test was not wrapped in act(...).

When testing, code that causes React state updates should be wrapped into act(...):

act(() =&gt; {
  /* fire events that update state */
});
/* assert on the output */

This ensures that you&apos;re testing the behavior the user would see in the browser. Learn more at https://react.dev/link/wrap-tests-with-act
An update to InputPrompt inside a test was not wrapped in act(...).

When testing, code that causes React state updates should be wrapped into act(...):

act(() =&gt; {
  /* fire events that update state */
});
/* assert on the output */

This ensures that you&apos;re testing the behavior the user would see in the browser. Learn more at https://react.dev/link/wrap-tests-with-act
An update to InputPrompt inside a test was not wrapped in act(...).

When testing, code that causes React state updates should be wrapped into act(...):

act(() =&gt; {
  /* fire events that update state */
});
/* assert on the output */

This ensures that you&apos;re testing the behavior the user would see in the browser. Learn more at https://react.dev/link/wrap-tests-with-act
An update to InputPrompt inside a test was not wrapped in act(...).

When testing, code that causes React state updates should be wrapped into act(...):

act(() =&gt; {
  /* fire events that update state */
});
/* assert on the output */

This ensures that you&apos;re testing the behavior the user would see in the browser. Learn more at https://react.dev/link/wrap-tests-with-act

An update to InputPrompt inside a test was not wrapped in act(...).

When testing, code that causes React state updates should be wrapped into act(...):

act(() =&gt; {
  /* fire events that update state */
});
/* assert on the output */

This ensures that you&apos;re testing the behavior the user would see in the browser. Learn more at https://react.dev/link/wrap-tests-with-act
An update to InputPrompt inside a test was not wrapped in act(...).

When testing, code that causes React state updates should be wrapped into act(...):

act(() =&gt; {
  /* fire events that update state */
});
/* assert on the output */

This ensures that you&apos;re testing the behavior the user would see in the browser. Learn more at https://react.dev/link/wrap-tests-with-act

An update to Root inside a test was not wrapped in act(...).

When testing, code that causes React state updates should be wrapped into act(...):

act(() =&gt; {
  /* fire events that update state */
});
/* assert on the output */

This ensures that you&apos;re testing the behavior the user would see in the browser. Learn more at https://react.dev/link/wrap-tests-with-act

            </system-err>
        </testcase>
        <testcase classname="src/ui/components/InputPrompt.test.tsx" name="InputPrompt &gt; enhanced input UX - double ESC clear functionality &gt; should not call onEscapePromptChange when not provided" time="0.110357207">
            <system-err>
An update to Root inside a test was not wrapped in act(...).

When testing, code that causes React state updates should be wrapped into act(...):

act(() =&gt; {
  /* fire events that update state */
});
/* assert on the output */

This ensures that you&apos;re testing the behavior the user would see in the browser. Learn more at https://react.dev/link/wrap-tests-with-act
An update to InputPrompt inside a test was not wrapped in act(...).

When testing, code that causes React state updates should be wrapped into act(...):

act(() =&gt; {
  /* fire events that update state */
});
/* assert on the output */

This ensures that you&apos;re testing the behavior the user would see in the browser. Learn more at https://react.dev/link/wrap-tests-with-act
An update to InputPrompt inside a test was not wrapped in act(...).

When testing, code that causes React state updates should be wrapped into act(...):

act(() =&gt; {
  /* fire events that update state */
});
/* assert on the output */

This ensures that you&apos;re testing the behavior the user would see in the browser. Learn more at https://react.dev/link/wrap-tests-with-act
An update to InputPrompt inside a test was not wrapped in act(...).

When testing, code that causes React state updates should be wrapped into act(...):

act(() =&gt; {
  /* fire events that update state */
});
/* assert on the output */

This ensures that you&apos;re testing the behavior the user would see in the browser. Learn more at https://react.dev/link/wrap-tests-with-act
An update to InputPrompt inside a test was not wrapped in act(...).

When testing, code that causes React state updates should be wrapped into act(...):

act(() =&gt; {
  /* fire events that update state */
});
/* assert on the output */

This ensures that you&apos;re testing the behavior the user would see in the browser. Learn more at https://react.dev/link/wrap-tests-with-act
An update to InputPrompt inside a test was not wrapped in act(...).

When testing, code that causes React state updates should be wrapped into act(...):

act(() =&gt; {
  /* fire events that update state */
});
/* assert on the output */

This ensures that you&apos;re testing the behavior the user would see in the browser. Learn more at https://react.dev/link/wrap-tests-with-act
An update to InputPrompt inside a test was not wrapped in act(...).

When testing, code that causes React state updates should be wrapped into act(...):

act(() =&gt; {
  /* fire events that update state */
});
/* assert on the output */

This ensures that you&apos;re testing the behavior the user would see in the browser. Learn more at https://react.dev/link/wrap-tests-with-act

An update to InputPrompt inside a test was not wrapped in act(...).

When testing, code that causes React state updates should be wrapped into act(...):

act(() =&gt; {
  /* fire events that update state */
});
/* assert on the output */

This ensures that you&apos;re testing the behavior the user would see in the browser. Learn more at https://react.dev/link/wrap-tests-with-act
An update to InputPrompt inside a test was not wrapped in act(...).

When testing, code that causes React state updates should be wrapped into act(...):

act(() =&gt; {
  /* fire events that update state */
});
/* assert on the output */

This ensures that you&apos;re testing the behavior the user would see in the browser. Learn more at https://react.dev/link/wrap-tests-with-act

An update to Root inside a test was not wrapped in act(...).

When testing, code that causes React state updates should be wrapped into act(...):

act(() =&gt; {
  /* fire events that update state */
});
/* assert on the output */

This ensures that you&apos;re testing the behavior the user would see in the browser. Learn more at https://react.dev/link/wrap-tests-with-act

            </system-err>
        </testcase>
        <testcase classname="src/ui/components/InputPrompt.test.tsx" name="InputPrompt &gt; enhanced input UX - double ESC clear functionality &gt; should not interfere with existing keyboard shortcuts" time="0.159352994">
            <system-err>
An update to Root inside a test was not wrapped in act(...).

When testing, code that causes React state updates should be wrapped into act(...):

act(() =&gt; {
  /* fire events that update state */
});
/* assert on the output */

This ensures that you&apos;re testing the behavior the user would see in the browser. Learn more at https://react.dev/link/wrap-tests-with-act
An update to InputPrompt inside a test was not wrapped in act(...).

When testing, code that causes React state updates should be wrapped into act(...):

act(() =&gt; {
  /* fire events that update state */
});
/* assert on the output */

This ensures that you&apos;re testing the behavior the user would see in the browser. Learn more at https://react.dev/link/wrap-tests-with-act
An update to InputPrompt inside a test was not wrapped in act(...).

When testing, code that causes React state updates should be wrapped into act(...):

act(() =&gt; {
  /* fire events that update state */
});
/* assert on the output */

This ensures that you&apos;re testing the behavior the user would see in the browser. Learn more at https://react.dev/link/wrap-tests-with-act
An update to InputPrompt inside a test was not wrapped in act(...).

When testing, code that causes React state updates should be wrapped into act(...):

act(() =&gt; {
  /* fire events that update state */
});
/* assert on the output */

This ensures that you&apos;re testing the behavior the user would see in the browser. Learn more at https://react.dev/link/wrap-tests-with-act
An update to InputPrompt inside a test was not wrapped in act(...).

When testing, code that causes React state updates should be wrapped into act(...):

act(() =&gt; {
  /* fire events that update state */
});
/* assert on the output */

This ensures that you&apos;re testing the behavior the user would see in the browser. Learn more at https://react.dev/link/wrap-tests-with-act
An update to InputPrompt inside a test was not wrapped in act(...).

When testing, code that causes React state updates should be wrapped into act(...):

act(() =&gt; {
  /* fire events that update state */
});
/* assert on the output */

This ensures that you&apos;re testing the behavior the user would see in the browser. Learn more at https://react.dev/link/wrap-tests-with-act
An update to InputPrompt inside a test was not wrapped in act(...).

When testing, code that causes React state updates should be wrapped into act(...):

act(() =&gt; {
  /* fire events that update state */
});
/* assert on the output */

This ensures that you&apos;re testing the behavior the user would see in the browser. Learn more at https://react.dev/link/wrap-tests-with-act

An update to Root inside a test was not wrapped in act(...).

When testing, code that causes React state updates should be wrapped into act(...):

act(() =&gt; {
  /* fire events that update state */
});
/* assert on the output */

This ensures that you&apos;re testing the behavior the user would see in the browser. Learn more at https://react.dev/link/wrap-tests-with-act

            </system-err>
        </testcase>
        <testcase classname="src/ui/components/InputPrompt.test.tsx" name="InputPrompt &gt; reverse search &gt; invokes reverse search on Ctrl+R" time="0.107997852">
            <system-err>
An update to Root inside a test was not wrapped in act(...).

When testing, code that causes React state updates should be wrapped into act(...):

act(() =&gt; {
  /* fire events that update state */
});
/* assert on the output */

This ensures that you&apos;re testing the behavior the user would see in the browser. Learn more at https://react.dev/link/wrap-tests-with-act
An update to InputPrompt inside a test was not wrapped in act(...).

When testing, code that causes React state updates should be wrapped into act(...):

act(() =&gt; {
  /* fire events that update state */
});
/* assert on the output */

This ensures that you&apos;re testing the behavior the user would see in the browser. Learn more at https://react.dev/link/wrap-tests-with-act
An update to InputPrompt inside a test was not wrapped in act(...).

When testing, code that causes React state updates should be wrapped into act(...):

act(() =&gt; {
  /* fire events that update state */
});
/* assert on the output */

This ensures that you&apos;re testing the behavior the user would see in the browser. Learn more at https://react.dev/link/wrap-tests-with-act
An update to InputPrompt inside a test was not wrapped in act(...).

When testing, code that causes React state updates should be wrapped into act(...):

act(() =&gt; {
  /* fire events that update state */
});
/* assert on the output */

This ensures that you&apos;re testing the behavior the user would see in the browser. Learn more at https://react.dev/link/wrap-tests-with-act
An update to InputPrompt inside a test was not wrapped in act(...).

When testing, code that causes React state updates should be wrapped into act(...):

act(() =&gt; {
  /* fire events that update state */
});
/* assert on the output */

This ensures that you&apos;re testing the behavior the user would see in the browser. Learn more at https://react.dev/link/wrap-tests-with-act
An update to InputPrompt inside a test was not wrapped in act(...).

When testing, code that causes React state updates should be wrapped into act(...):

act(() =&gt; {
  /* fire events that update state */
});
/* assert on the output */

This ensures that you&apos;re testing the behavior the user would see in the browser. Learn more at https://react.dev/link/wrap-tests-with-act
An update to InputPrompt inside a test was not wrapped in act(...).

When testing, code that causes React state updates should be wrapped into act(...):

act(() =&gt; {
  /* fire events that update state */
});
/* assert on the output */

This ensures that you&apos;re testing the behavior the user would see in the browser. Learn more at https://react.dev/link/wrap-tests-with-act

An update to InputPrompt inside a test was not wrapped in act(...).

When testing, code that causes React state updates should be wrapped into act(...):

act(() =&gt; {
  /* fire events that update state */
});
/* assert on the output */

This ensures that you&apos;re testing the behavior the user would see in the browser. Learn more at https://react.dev/link/wrap-tests-with-act
An update to InputPrompt inside a test was not wrapped in act(...).

When testing, code that causes React state updates should be wrapped into act(...):

act(() =&gt; {
  /* fire events that update state */
});
/* assert on the output */

This ensures that you&apos;re testing the behavior the user would see in the browser. Learn more at https://react.dev/link/wrap-tests-with-act
An update to InputPrompt inside a test was not wrapped in act(...).

When testing, code that causes React state updates should be wrapped into act(...):

act(() =&gt; {
  /* fire events that update state */
});
/* assert on the output */

This ensures that you&apos;re testing the behavior the user would see in the browser. Learn more at https://react.dev/link/wrap-tests-with-act

An update to InputPrompt inside a test was not wrapped in act(...).

When testing, code that causes React state updates should be wrapped into act(...):

act(() =&gt; {
  /* fire events that update state */
});
/* assert on the output */

This ensures that you&apos;re testing the behavior the user would see in the browser. Learn more at https://react.dev/link/wrap-tests-with-act
An update to InputPrompt inside a test was not wrapped in act(...).

When testing, code that causes React state updates should be wrapped into act(...):

act(() =&gt; {
  /* fire events that update state */
});
/* assert on the output */

This ensures that you&apos;re testing the behavior the user would see in the browser. Learn more at https://react.dev/link/wrap-tests-with-act
An update to InputPrompt inside a test was not wrapped in act(...).

When testing, code that causes React state updates should be wrapped into act(...):

act(() =&gt; {
  /* fire events that update state */
});
/* assert on the output */

This ensures that you&apos;re testing the behavior the user would see in the browser. Learn more at https://react.dev/link/wrap-tests-with-act

An update to Root inside a test was not wrapped in act(...).

When testing, code that causes React state updates should be wrapped into act(...):

act(() =&gt; {
  /* fire events that update state */
});
/* assert on the output */

This ensures that you&apos;re testing the behavior the user would see in the browser. Learn more at https://react.dev/link/wrap-tests-with-act

            </system-err>
        </testcase>
        <testcase classname="src/ui/components/InputPrompt.test.tsx" name="InputPrompt &gt; reverse search &gt; resets reverse search state on Escape" time="0.15819711">
            <system-err>
An update to Root inside a test was not wrapped in act(...).

When testing, code that causes React state updates should be wrapped into act(...):

act(() =&gt; {
  /* fire events that update state */
});
/* assert on the output */

This ensures that you&apos;re testing the behavior the user would see in the browser. Learn more at https://react.dev/link/wrap-tests-with-act
An update to InputPrompt inside a test was not wrapped in act(...).

When testing, code that causes React state updates should be wrapped into act(...):

act(() =&gt; {
  /* fire events that update state */
});
/* assert on the output */

This ensures that you&apos;re testing the behavior the user would see in the browser. Learn more at https://react.dev/link/wrap-tests-with-act
An update to InputPrompt inside a test was not wrapped in act(...).

When testing, code that causes React state updates should be wrapped into act(...):

act(() =&gt; {
  /* fire events that update state */
});
/* assert on the output */

This ensures that you&apos;re testing the behavior the user would see in the browser. Learn more at https://react.dev/link/wrap-tests-with-act
An update to InputPrompt inside a test was not wrapped in act(...).

When testing, code that causes React state updates should be wrapped into act(...):

act(() =&gt; {
  /* fire events that update state */
});
/* assert on the output */

This ensures that you&apos;re testing the behavior the user would see in the browser. Learn more at https://react.dev/link/wrap-tests-with-act
An update to InputPrompt inside a test was not wrapped in act(...).

When testing, code that causes React state updates should be wrapped into act(...):

act(() =&gt; {
  /* fire events that update state */
});
/* assert on the output */

This ensures that you&apos;re testing the behavior the user would see in the browser. Learn more at https://react.dev/link/wrap-tests-with-act
An update to InputPrompt inside a test was not wrapped in act(...).

When testing, code that causes React state updates should be wrapped into act(...):

act(() =&gt; {
  /* fire events that update state */
});
/* assert on the output */

This ensures that you&apos;re testing the behavior the user would see in the browser. Learn more at https://react.dev/link/wrap-tests-with-act
An update to InputPrompt inside a test was not wrapped in act(...).

When testing, code that causes React state updates should be wrapped into act(...):

act(() =&gt; {
  /* fire events that update state */
});
/* assert on the output */

This ensures that you&apos;re testing the behavior the user would see in the browser. Learn more at https://react.dev/link/wrap-tests-with-act

An update to InputPrompt inside a test was not wrapped in act(...).

When testing, code that causes React state updates should be wrapped into act(...):

act(() =&gt; {
  /* fire events that update state */
});
/* assert on the output */

This ensures that you&apos;re testing the behavior the user would see in the browser. Learn more at https://react.dev/link/wrap-tests-with-act
An update to InputPrompt inside a test was not wrapped in act(...).

When testing, code that causes React state updates should be wrapped into act(...):

act(() =&gt; {
  /* fire events that update state */
});
/* assert on the output */

This ensures that you&apos;re testing the behavior the user would see in the browser. Learn more at https://react.dev/link/wrap-tests-with-act
An update to InputPrompt inside a test was not wrapped in act(...).

When testing, code that causes React state updates should be wrapped into act(...):

act(() =&gt; {
  /* fire events that update state */
});
/* assert on the output */

This ensures that you&apos;re testing the behavior the user would see in the browser. Learn more at https://react.dev/link/wrap-tests-with-act

An update to InputPrompt inside a test was not wrapped in act(...).

When testing, code that causes React state updates should be wrapped into act(...):

act(() =&gt; {
  /* fire events that update state */
});
/* assert on the output */

This ensures that you&apos;re testing the behavior the user would see in the browser. Learn more at https://react.dev/link/wrap-tests-with-act
An update to InputPrompt inside a test was not wrapped in act(...).

When testing, code that causes React state updates should be wrapped into act(...):

act(() =&gt; {
  /* fire events that update state */
});
/* assert on the output */

This ensures that you&apos;re testing the behavior the user would see in the browser. Learn more at https://react.dev/link/wrap-tests-with-act
An update to InputPrompt inside a test was not wrapped in act(...).

When testing, code that causes React state updates should be wrapped into act(...):

act(() =&gt; {
  /* fire events that update state */
});
/* assert on the output */

This ensures that you&apos;re testing the behavior the user would see in the browser. Learn more at https://react.dev/link/wrap-tests-with-act

An update to Root inside a test was not wrapped in act(...).

When testing, code that causes React state updates should be wrapped into act(...):

act(() =&gt; {
  /* fire events that update state */
});
/* assert on the output */

This ensures that you&apos;re testing the behavior the user would see in the browser. Learn more at https://react.dev/link/wrap-tests-with-act

            </system-err>
        </testcase>
        <testcase classname="src/ui/components/InputPrompt.test.tsx" name="InputPrompt &gt; reverse search &gt; completes the highlighted entry on Tab and exits reverse-search" time="0.068196437">
            <system-err>
An update to Root inside a test was not wrapped in act(...).

When testing, code that causes React state updates should be wrapped into act(...):

act(() =&gt; {
  /* fire events that update state */
});
/* assert on the output */

This ensures that you&apos;re testing the behavior the user would see in the browser. Learn more at https://react.dev/link/wrap-tests-with-act
An update to InputPrompt inside a test was not wrapped in act(...).

When testing, code that causes React state updates should be wrapped into act(...):

act(() =&gt; {
  /* fire events that update state */
});
/* assert on the output */

This ensures that you&apos;re testing the behavior the user would see in the browser. Learn more at https://react.dev/link/wrap-tests-with-act
An update to InputPrompt inside a test was not wrapped in act(...).

When testing, code that causes React state updates should be wrapped into act(...):

act(() =&gt; {
  /* fire events that update state */
});
/* assert on the output */

This ensures that you&apos;re testing the behavior the user would see in the browser. Learn more at https://react.dev/link/wrap-tests-with-act
An update to InputPrompt inside a test was not wrapped in act(...).

When testing, code that causes React state updates should be wrapped into act(...):

act(() =&gt; {
  /* fire events that update state */
});
/* assert on the output */

This ensures that you&apos;re testing the behavior the user would see in the browser. Learn more at https://react.dev/link/wrap-tests-with-act
An update to InputPrompt inside a test was not wrapped in act(...).

When testing, code that causes React state updates should be wrapped into act(...):

act(() =&gt; {
  /* fire events that update state */
});
/* assert on the output */

This ensures that you&apos;re testing the behavior the user would see in the browser. Learn more at https://react.dev/link/wrap-tests-with-act
An update to InputPrompt inside a test was not wrapped in act(...).

When testing, code that causes React state updates should be wrapped into act(...):

act(() =&gt; {
  /* fire events that update state */
});
/* assert on the output */

This ensures that you&apos;re testing the behavior the user would see in the browser. Learn more at https://react.dev/link/wrap-tests-with-act
An update to InputPrompt inside a test was not wrapped in act(...).

When testing, code that causes React state updates should be wrapped into act(...):

act(() =&gt; {
  /* fire events that update state */
});
/* assert on the output */

This ensures that you&apos;re testing the behavior the user would see in the browser. Learn more at https://react.dev/link/wrap-tests-with-act

An update to Root inside a test was not wrapped in act(...).

When testing, code that causes React state updates should be wrapped into act(...):

act(() =&gt; {
  /* fire events that update state */
});
/* assert on the output */

This ensures that you&apos;re testing the behavior the user would see in the browser. Learn more at https://react.dev/link/wrap-tests-with-act

            </system-err>
        </testcase>
        <testcase classname="src/ui/components/InputPrompt.test.tsx" name="InputPrompt &gt; reverse search &gt; submits the highlighted entry on Enter and exits reverse-search" time="0.06601489">
            <system-err>
An update to Root inside a test was not wrapped in act(...).

When testing, code that causes React state updates should be wrapped into act(...):

act(() =&gt; {
  /* fire events that update state */
});
/* assert on the output */

This ensures that you&apos;re testing the behavior the user would see in the browser. Learn more at https://react.dev/link/wrap-tests-with-act
An update to InputPrompt inside a test was not wrapped in act(...).

When testing, code that causes React state updates should be wrapped into act(...):

act(() =&gt; {
  /* fire events that update state */
});
/* assert on the output */

This ensures that you&apos;re testing the behavior the user would see in the browser. Learn more at https://react.dev/link/wrap-tests-with-act
An update to InputPrompt inside a test was not wrapped in act(...).

When testing, code that causes React state updates should be wrapped into act(...):

act(() =&gt; {
  /* fire events that update state */
});
/* assert on the output */

This ensures that you&apos;re testing the behavior the user would see in the browser. Learn more at https://react.dev/link/wrap-tests-with-act
An update to InputPrompt inside a test was not wrapped in act(...).

When testing, code that causes React state updates should be wrapped into act(...):

act(() =&gt; {
  /* fire events that update state */
});
/* assert on the output */

This ensures that you&apos;re testing the behavior the user would see in the browser. Learn more at https://react.dev/link/wrap-tests-with-act
An update to InputPrompt inside a test was not wrapped in act(...).

When testing, code that causes React state updates should be wrapped into act(...):

act(() =&gt; {
  /* fire events that update state */
});
/* assert on the output */

This ensures that you&apos;re testing the behavior the user would see in the browser. Learn more at https://react.dev/link/wrap-tests-with-act
An update to InputPrompt inside a test was not wrapped in act(...).

When testing, code that causes React state updates should be wrapped into act(...):

act(() =&gt; {
  /* fire events that update state */
});
/* assert on the output */

This ensures that you&apos;re testing the behavior the user would see in the browser. Learn more at https://react.dev/link/wrap-tests-with-act
An update to InputPrompt inside a test was not wrapped in act(...).

When testing, code that causes React state updates should be wrapped into act(...):

act(() =&gt; {
  /* fire events that update state */
});
/* assert on the output */

This ensures that you&apos;re testing the behavior the user would see in the browser. Learn more at https://react.dev/link/wrap-tests-with-act

An update to Root inside a test was not wrapped in act(...).

When testing, code that causes React state updates should be wrapped into act(...):

act(() =&gt; {
  /* fire events that update state */
});
/* assert on the output */

This ensures that you&apos;re testing the behavior the user would see in the browser. Learn more at https://react.dev/link/wrap-tests-with-act

            </system-err>
        </testcase>
        <testcase classname="src/ui/components/InputPrompt.test.tsx" name="InputPrompt &gt; reverse search &gt; text and cursor position should be restored after reverse search" time="0.109976314">
            <system-err>
An update to Root inside a test was not wrapped in act(...).

When testing, code that causes React state updates should be wrapped into act(...):

act(() =&gt; {
  /* fire events that update state */
});
/* assert on the output */

This ensures that you&apos;re testing the behavior the user would see in the browser. Learn more at https://react.dev/link/wrap-tests-with-act
An update to InputPrompt inside a test was not wrapped in act(...).

When testing, code that causes React state updates should be wrapped into act(...):

act(() =&gt; {
  /* fire events that update state */
});
/* assert on the output */

This ensures that you&apos;re testing the behavior the user would see in the browser. Learn more at https://react.dev/link/wrap-tests-with-act
An update to InputPrompt inside a test was not wrapped in act(...).

When testing, code that causes React state updates should be wrapped into act(...):

act(() =&gt; {
  /* fire events that update state */
});
/* assert on the output */

This ensures that you&apos;re testing the behavior the user would see in the browser. Learn more at https://react.dev/link/wrap-tests-with-act
An update to InputPrompt inside a test was not wrapped in act(...).

When testing, code that causes React state updates should be wrapped into act(...):

act(() =&gt; {
  /* fire events that update state */
});
/* assert on the output */

This ensures that you&apos;re testing the behavior the user would see in the browser. Learn more at https://react.dev/link/wrap-tests-with-act
An update to InputPrompt inside a test was not wrapped in act(...).

When testing, code that causes React state updates should be wrapped into act(...):

act(() =&gt; {
  /* fire events that update state */
});
/* assert on the output */

This ensures that you&apos;re testing the behavior the user would see in the browser. Learn more at https://react.dev/link/wrap-tests-with-act
An update to InputPrompt inside a test was not wrapped in act(...).

When testing, code that causes React state updates should be wrapped into act(...):

act(() =&gt; {
  /* fire events that update state */
});
/* assert on the output */

This ensures that you&apos;re testing the behavior the user would see in the browser. Learn more at https://react.dev/link/wrap-tests-with-act
An update to InputPrompt inside a test was not wrapped in act(...).

When testing, code that causes React state updates should be wrapped into act(...):

act(() =&gt; {
  /* fire events that update state */
});
/* assert on the output */

This ensures that you&apos;re testing the behavior the user would see in the browser. Learn more at https://react.dev/link/wrap-tests-with-act
An update to InputPrompt inside a test was not wrapped in act(...).

When testing, code that causes React state updates should be wrapped into act(...):

act(() =&gt; {
  /* fire events that update state */
});
/* assert on the output */

This ensures that you&apos;re testing the behavior the user would see in the browser. Learn more at https://react.dev/link/wrap-tests-with-act
An update to InputPrompt inside a test was not wrapped in act(...).

When testing, code that causes React state updates should be wrapped into act(...):

act(() =&gt; {
  /* fire events that update state */
});
/* assert on the output */

This ensures that you&apos;re testing the behavior the user would see in the browser. Learn more at https://react.dev/link/wrap-tests-with-act
An update to InputPrompt inside a test was not wrapped in act(...).

When testing, code that causes React state updates should be wrapped into act(...):

act(() =&gt; {
  /* fire events that update state */
});
/* assert on the output */

This ensures that you&apos;re testing the behavior the user would see in the browser. Learn more at https://react.dev/link/wrap-tests-with-act

An update to InputPrompt inside a test was not wrapped in act(...).

When testing, code that causes React state updates should be wrapped into act(...):

act(() =&gt; {
  /* fire events that update state */
});
/* assert on the output */

This ensures that you&apos;re testing the behavior the user would see in the browser. Learn more at https://react.dev/link/wrap-tests-with-act
An update to InputPrompt inside a test was not wrapped in act(...).

When testing, code that causes React state updates should be wrapped into act(...):

act(() =&gt; {
  /* fire events that update state */
});
/* assert on the output */

This ensures that you&apos;re testing the behavior the user would see in the browser. Learn more at https://react.dev/link/wrap-tests-with-act
An update to InputPrompt inside a test was not wrapped in act(...).

When testing, code that causes React state updates should be wrapped into act(...):

act(() =&gt; {
  /* fire events that update state */
});
/* assert on the output */

This ensures that you&apos;re testing the behavior the user would see in the browser. Learn more at https://react.dev/link/wrap-tests-with-act

An update to Root inside a test was not wrapped in act(...).

When testing, code that causes React state updates should be wrapped into act(...):

act(() =&gt; {
  /* fire events that update state */
});
/* assert on the output */

This ensures that you&apos;re testing the behavior the user would see in the browser. Learn more at https://react.dev/link/wrap-tests-with-act

            </system-err>
        </testcase>
        <testcase classname="src/ui/components/InputPrompt.test.tsx" name="InputPrompt &gt; Ctrl+E keyboard shortcut &gt; should move cursor to end of current line in multiline input" time="0.126780531">
            <system-err>
An update to Root inside a test was not wrapped in act(...).

When testing, code that causes React state updates should be wrapped into act(...):

act(() =&gt; {
  /* fire events that update state */
});
/* assert on the output */

This ensures that you&apos;re testing the behavior the user would see in the browser. Learn more at https://react.dev/link/wrap-tests-with-act
An update to InputPrompt inside a test was not wrapped in act(...).

When testing, code that causes React state updates should be wrapped into act(...):

act(() =&gt; {
  /* fire events that update state */
});
/* assert on the output */

This ensures that you&apos;re testing the behavior the user would see in the browser. Learn more at https://react.dev/link/wrap-tests-with-act
An update to InputPrompt inside a test was not wrapped in act(...).

When testing, code that causes React state updates should be wrapped into act(...):

act(() =&gt; {
  /* fire events that update state */
});
/* assert on the output */

This ensures that you&apos;re testing the behavior the user would see in the browser. Learn more at https://react.dev/link/wrap-tests-with-act
An update to InputPrompt inside a test was not wrapped in act(...).

When testing, code that causes React state updates should be wrapped into act(...):

act(() =&gt; {
  /* fire events that update state */
});
/* assert on the output */

This ensures that you&apos;re testing the behavior the user would see in the browser. Learn more at https://react.dev/link/wrap-tests-with-act
An update to InputPrompt inside a test was not wrapped in act(...).

When testing, code that causes React state updates should be wrapped into act(...):

act(() =&gt; {
  /* fire events that update state */
});
/* assert on the output */

This ensures that you&apos;re testing the behavior the user would see in the browser. Learn more at https://react.dev/link/wrap-tests-with-act
An update to InputPrompt inside a test was not wrapped in act(...).

When testing, code that causes React state updates should be wrapped into act(...):

act(() =&gt; {
  /* fire events that update state */
});
/* assert on the output */

This ensures that you&apos;re testing the behavior the user would see in the browser. Learn more at https://react.dev/link/wrap-tests-with-act
An update to InputPrompt inside a test was not wrapped in act(...).

When testing, code that causes React state updates should be wrapped into act(...):

act(() =&gt; {
  /* fire events that update state */
});
/* assert on the output */

This ensures that you&apos;re testing the behavior the user would see in the browser. Learn more at https://react.dev/link/wrap-tests-with-act

An update to Root inside a test was not wrapped in act(...).

When testing, code that causes React state updates should be wrapped into act(...):

act(() =&gt; {
  /* fire events that update state */
});
/* assert on the output */

This ensures that you&apos;re testing the behavior the user would see in the browser. Learn more at https://react.dev/link/wrap-tests-with-act

            </system-err>
        </testcase>
        <testcase classname="src/ui/components/InputPrompt.test.tsx" name="InputPrompt &gt; Ctrl+E keyboard shortcut &gt; should move cursor to end of current line for single line input" time="0.107928605">
            <system-err>
An update to Root inside a test was not wrapped in act(...).

When testing, code that causes React state updates should be wrapped into act(...):

act(() =&gt; {
  /* fire events that update state */
});
/* assert on the output */

This ensures that you&apos;re testing the behavior the user would see in the browser. Learn more at https://react.dev/link/wrap-tests-with-act
An update to InputPrompt inside a test was not wrapped in act(...).

When testing, code that causes React state updates should be wrapped into act(...):

act(() =&gt; {
  /* fire events that update state */
});
/* assert on the output */

This ensures that you&apos;re testing the behavior the user would see in the browser. Learn more at https://react.dev/link/wrap-tests-with-act
An update to InputPrompt inside a test was not wrapped in act(...).

When testing, code that causes React state updates should be wrapped into act(...):

act(() =&gt; {
  /* fire events that update state */
});
/* assert on the output */

This ensures that you&apos;re testing the behavior the user would see in the browser. Learn more at https://react.dev/link/wrap-tests-with-act
An update to InputPrompt inside a test was not wrapped in act(...).

When testing, code that causes React state updates should be wrapped into act(...):

act(() =&gt; {
  /* fire events that update state */
});
/* assert on the output */

This ensures that you&apos;re testing the behavior the user would see in the browser. Learn more at https://react.dev/link/wrap-tests-with-act
An update to InputPrompt inside a test was not wrapped in act(...).

When testing, code that causes React state updates should be wrapped into act(...):

act(() =&gt; {
  /* fire events that update state */
});
/* assert on the output */

This ensures that you&apos;re testing the behavior the user would see in the browser. Learn more at https://react.dev/link/wrap-tests-with-act
An update to InputPrompt inside a test was not wrapped in act(...).

When testing, code that causes React state updates should be wrapped into act(...):

act(() =&gt; {
  /* fire events that update state */
});
/* assert on the output */

This ensures that you&apos;re testing the behavior the user would see in the browser. Learn more at https://react.dev/link/wrap-tests-with-act
An update to InputPrompt inside a test was not wrapped in act(...).

When testing, code that causes React state updates should be wrapped into act(...):

act(() =&gt; {
  /* fire events that update state */
});
/* assert on the output */

This ensures that you&apos;re testing the behavior the user would see in the browser. Learn more at https://react.dev/link/wrap-tests-with-act

An update to Root inside a test was not wrapped in act(...).

When testing, code that causes React state updates should be wrapped into act(...):

act(() =&gt; {
  /* fire events that update state */
});
/* assert on the output */

This ensures that you&apos;re testing the behavior the user would see in the browser. Learn more at https://react.dev/link/wrap-tests-with-act

            </system-err>
        </testcase>
    </testsuite>
    <testsuite name="src/ui/components/LoadingIndicator.test.tsx" timestamp="2025-10-09T15:32:35.176Z" hostname="uby" tests="15" failures="0" errors="0" skipped="0" time="0.087132116">
        <testcase classname="src/ui/components/LoadingIndicator.test.tsx" name="&lt;LoadingIndicator /&gt; &gt; should not render when streamingState is Idle" time="0.014440965">
        </testcase>
        <testcase classname="src/ui/components/LoadingIndicator.test.tsx" name="&lt;LoadingIndicator /&gt; &gt; should render spinner, phrase, and time when streamingState is Responding" time="0.009669768">
        </testcase>
        <testcase classname="src/ui/components/LoadingIndicator.test.tsx" name="&lt;LoadingIndicator /&gt; &gt; should render spinner (static), phrase but no time/cancel when streamingState is WaitingForConfirmation" time="0.003514066">
        </testcase>
        <testcase classname="src/ui/components/LoadingIndicator.test.tsx" name="&lt;LoadingIndicator /&gt; &gt; should display the currentLoadingPhrase correctly" time="0.003134275">
        </testcase>
        <testcase classname="src/ui/components/LoadingIndicator.test.tsx" name="&lt;LoadingIndicator /&gt; &gt; should display the elapsedTime correctly when Responding" time="0.003047986">
        </testcase>
        <testcase classname="src/ui/components/LoadingIndicator.test.tsx" name="&lt;LoadingIndicator /&gt; &gt; should display the elapsedTime correctly in human-readable format" time="0.006418758">
        </testcase>
        <testcase classname="src/ui/components/LoadingIndicator.test.tsx" name="&lt;LoadingIndicator /&gt; &gt; should render rightContent when provided" time="0.008967732">
        </testcase>
        <testcase classname="src/ui/components/LoadingIndicator.test.tsx" name="&lt;LoadingIndicator /&gt; &gt; should transition correctly between states using rerender" time="0.011843209">
        </testcase>
        <testcase classname="src/ui/components/LoadingIndicator.test.tsx" name="&lt;LoadingIndicator /&gt; &gt; should display fallback phrase if thought is empty" time="0.004125295">
        </testcase>
        <testcase classname="src/ui/components/LoadingIndicator.test.tsx" name="&lt;LoadingIndicator /&gt; &gt; should display the subject of a thought" time="0.002938243">
        </testcase>
        <testcase classname="src/ui/components/LoadingIndicator.test.tsx" name="&lt;LoadingIndicator /&gt; &gt; should prioritize thought.subject over currentLoadingPhrase" time="0.002568871">
        </testcase>
        <testcase classname="src/ui/components/LoadingIndicator.test.tsx" name="&lt;LoadingIndicator /&gt; &gt; responsive layout &gt; should render on a single line on a wide terminal" time="0.003843183">
        </testcase>
        <testcase classname="src/ui/components/LoadingIndicator.test.tsx" name="&lt;LoadingIndicator /&gt; &gt; responsive layout &gt; should render on multiple lines on a narrow terminal" time="0.004781716">
        </testcase>
        <testcase classname="src/ui/components/LoadingIndicator.test.tsx" name="&lt;LoadingIndicator /&gt; &gt; responsive layout &gt; should use wide layout at 80 columns" time="0.003239429">
        </testcase>
        <testcase classname="src/ui/components/LoadingIndicator.test.tsx" name="&lt;LoadingIndicator /&gt; &gt; responsive layout &gt; should use narrow layout at 79 columns" time="0.002704462">
        </testcase>
    </testsuite>
    <testsuite name="src/ui/components/ModelSelectionDialog.test.tsx" timestamp="2025-10-09T15:32:35.177Z" hostname="uby" tests="11" failures="0" errors="0" skipped="0" time="0.114227999">
        <testcase classname="src/ui/components/ModelSelectionDialog.test.tsx" name="ModelSelectionDialog &gt; should setup escape key handler to call onCancel" time="0.038408624">
        </testcase>
        <testcase classname="src/ui/components/ModelSelectionDialog.test.tsx" name="ModelSelectionDialog &gt; should not call onCancel for non-escape keys" time="0.007248409">
        </testcase>
        <testcase classname="src/ui/components/ModelSelectionDialog.test.tsx" name="ModelSelectionDialog &gt; should set correct initial index for current model" time="0.00835452">
        </testcase>
        <testcase classname="src/ui/components/ModelSelectionDialog.test.tsx" name="ModelSelectionDialog &gt; should set initial index to 0 when current model is not found" time="0.006237133">
        </testcase>
        <testcase classname="src/ui/components/ModelSelectionDialog.test.tsx" name="ModelSelectionDialog &gt; should call onSelect when a model is selected" time="0.008920956">
        </testcase>
        <testcase classname="src/ui/components/ModelSelectionDialog.test.tsx" name="ModelSelectionDialog &gt; should handle empty models array" time="0.006953545">
        </testcase>
        <testcase classname="src/ui/components/ModelSelectionDialog.test.tsx" name="ModelSelectionDialog &gt; should create correct option items with proper labels" time="0.006730863">
        </testcase>
        <testcase classname="src/ui/components/ModelSelectionDialog.test.tsx" name="ModelSelectionDialog &gt; should show vision indicator for vision models" time="0.005787232">
        </testcase>
        <testcase classname="src/ui/components/ModelSelectionDialog.test.tsx" name="ModelSelectionDialog &gt; should show current indicator for the current model" time="0.010615273">
        </testcase>
        <testcase classname="src/ui/components/ModelSelectionDialog.test.tsx" name="ModelSelectionDialog &gt; should pass isFocused prop to RadioButtonSelect" time="0.005677019">
        </testcase>
        <testcase classname="src/ui/components/ModelSelectionDialog.test.tsx" name="ModelSelectionDialog &gt; should handle multiple onSelect calls correctly" time="0.007255042">
        </testcase>
    </testsuite>
    <testsuite name="src/ui/components/ModelStatsDisplay.test.tsx" timestamp="2025-10-09T15:32:35.177Z" hostname="uby" tests="6" failures="0" errors="0" skipped="0" time="0.118923726">
        <testcase classname="src/ui/components/ModelStatsDisplay.test.tsx" name="&lt;ModelStatsDisplay /&gt; &gt; should render &quot;no API calls&quot; message when there are no active models" time="0.026607372">
        </testcase>
        <testcase classname="src/ui/components/ModelStatsDisplay.test.tsx" name="&lt;ModelStatsDisplay /&gt; &gt; should not display conditional rows if no model has data for them" time="0.021797082">
        </testcase>
        <testcase classname="src/ui/components/ModelStatsDisplay.test.tsx" name="&lt;ModelStatsDisplay /&gt; &gt; should display conditional rows if at least one model has data" time="0.024870184">
        </testcase>
        <testcase classname="src/ui/components/ModelStatsDisplay.test.tsx" name="&lt;ModelStatsDisplay /&gt; &gt; should display stats for multiple models correctly" time="0.017674914">
        </testcase>
        <testcase classname="src/ui/components/ModelStatsDisplay.test.tsx" name="&lt;ModelStatsDisplay /&gt; &gt; should handle large values without wrapping or overlapping" time="0.013344922">
        </testcase>
        <testcase classname="src/ui/components/ModelStatsDisplay.test.tsx" name="&lt;ModelStatsDisplay /&gt; &gt; should display a single model correctly" time="0.011986665">
        </testcase>
    </testsuite>
    <testsuite name="src/ui/components/ModelSwitchDialog.test.tsx" timestamp="2025-10-09T15:32:35.177Z" hostname="uby" tests="11" failures="0" errors="0" skipped="0" time="0.089133791">
        <testcase classname="src/ui/components/ModelSwitchDialog.test.tsx" name="ModelSwitchDialog &gt; should setup RadioButtonSelect with correct options" time="0.031392032">
        </testcase>
        <testcase classname="src/ui/components/ModelSwitchDialog.test.tsx" name="ModelSwitchDialog &gt; should call onSelect when an option is selected" time="0.008256108">
        </testcase>
        <testcase classname="src/ui/components/ModelSwitchDialog.test.tsx" name="ModelSwitchDialog &gt; should call onSelect with SwitchSessionToVL when second option is selected" time="0.006196818">
        </testcase>
        <testcase classname="src/ui/components/ModelSwitchDialog.test.tsx" name="ModelSwitchDialog &gt; should call onSelect with ContinueWithCurrentModel when third option is selected" time="0.003909216">
        </testcase>
        <testcase classname="src/ui/components/ModelSwitchDialog.test.tsx" name="ModelSwitchDialog &gt; should setup escape key handler to call onSelect with ContinueWithCurrentModel" time="0.004763352">
        </testcase>
        <testcase classname="src/ui/components/ModelSwitchDialog.test.tsx" name="ModelSwitchDialog &gt; should not call onSelect for non-escape keys" time="0.003645078">
        </testcase>
        <testcase classname="src/ui/components/ModelSwitchDialog.test.tsx" name="ModelSwitchDialog &gt; should set initial index to 0 (first option)" time="0.006530814">
        </testcase>
        <testcase classname="src/ui/components/ModelSwitchDialog.test.tsx" name="ModelSwitchDialog &gt; VisionSwitchOutcome enum &gt; should have correct enum values" time="0.000372547">
        </testcase>
        <testcase classname="src/ui/components/ModelSwitchDialog.test.tsx" name="ModelSwitchDialog &gt; should handle multiple onSelect calls correctly" time="0.007292801">
        </testcase>
        <testcase classname="src/ui/components/ModelSwitchDialog.test.tsx" name="ModelSwitchDialog &gt; should pass isFocused prop to RadioButtonSelect" time="0.007446174">
        </testcase>
        <testcase classname="src/ui/components/ModelSwitchDialog.test.tsx" name="ModelSwitchDialog &gt; should handle escape key multiple times" time="0.005854646">
        </testcase>
    </testsuite>
    <testsuite name="src/ui/components/OpenAIKeyPrompt.test.tsx" timestamp="2025-10-09T15:32:35.178Z" hostname="uby" tests="3" failures="0" errors="0" skipped="0" time="0.124402951">
        <testcase classname="src/ui/components/OpenAIKeyPrompt.test.tsx" name="OpenAIKeyPrompt &gt; should render the prompt correctly" time="0.041342129">
        </testcase>
        <testcase classname="src/ui/components/OpenAIKeyPrompt.test.tsx" name="OpenAIKeyPrompt &gt; should show the component with proper styling" time="0.010003354">
        </testcase>
        <testcase classname="src/ui/components/OpenAIKeyPrompt.test.tsx" name="OpenAIKeyPrompt &gt; should handle paste with control characters" time="0.071328968">
        </testcase>
    </testsuite>
    <testsuite name="src/ui/components/QwenOAuthProgress.test.tsx" timestamp="2025-10-09T15:32:35.178Z" hostname="uby" tests="22" failures="0" errors="0" skipped="0" time="0.269872558">
        <testcase classname="src/ui/components/QwenOAuthProgress.test.tsx" name="QwenOAuthProgress &gt; Loading state (no deviceAuth) &gt; should render loading state when deviceAuth is not provided" time="0.023583339">
        </testcase>
        <testcase classname="src/ui/components/QwenOAuthProgress.test.tsx" name="QwenOAuthProgress &gt; Loading state (no deviceAuth) &gt; should render loading state with gray border" time="0.004115245">
        </testcase>
        <testcase classname="src/ui/components/QwenOAuthProgress.test.tsx" name="QwenOAuthProgress &gt; Authenticated state (with deviceAuth) &gt; should render authentication flow when deviceAuth is provided" time="0.004018377">
        </testcase>
        <testcase classname="src/ui/components/QwenOAuthProgress.test.tsx" name="QwenOAuthProgress &gt; Authenticated state (with deviceAuth) &gt; should display correct URL in Static component when QR code is generated" time="0.010324707">
        </testcase>
        <testcase classname="src/ui/components/QwenOAuthProgress.test.tsx" name="QwenOAuthProgress &gt; Authenticated state (with deviceAuth) &gt; should format time correctly" time="0.003666798">
        </testcase>
        <testcase classname="src/ui/components/QwenOAuthProgress.test.tsx" name="QwenOAuthProgress &gt; Authenticated state (with deviceAuth) &gt; should format single digit seconds with leading zero" time="0.004113022">
        </testcase>
        <testcase classname="src/ui/components/QwenOAuthProgress.test.tsx" name="QwenOAuthProgress &gt; Timer functionality &gt; should countdown and call onTimeout when timer expires" time="0.012312767">
        </testcase>
        <testcase classname="src/ui/components/QwenOAuthProgress.test.tsx" name="QwenOAuthProgress &gt; Timer functionality &gt; should update time remaining display" time="0.007690384">
        </testcase>
        <testcase classname="src/ui/components/QwenOAuthProgress.test.tsx" name="QwenOAuthProgress &gt; Timer functionality &gt; should use default 300 second timeout when deviceAuth is null" time="0.016332245">
        </testcase>
        <testcase classname="src/ui/components/QwenOAuthProgress.test.tsx" name="QwenOAuthProgress &gt; Animated dots &gt; should cycle through animated dots" time="0.049252127">
        </testcase>
        <testcase classname="src/ui/components/QwenOAuthProgress.test.tsx" name="QwenOAuthProgress &gt; QR Code functionality &gt; should generate QR code when deviceAuth is provided" time="0.011337516">
        </testcase>
        <testcase classname="src/ui/components/QwenOAuthProgress.test.tsx" name="QwenOAuthProgress &gt; QR Code functionality &gt; should display QR code in Static component when available" time="0.034649144">
        </testcase>
        <testcase classname="src/ui/components/QwenOAuthProgress.test.tsx" name="QwenOAuthProgress &gt; QR Code functionality &gt; should handle QR code generation errors gracefully" time="0.013121209">
        </testcase>
        <testcase classname="src/ui/components/QwenOAuthProgress.test.tsx" name="QwenOAuthProgress &gt; QR Code functionality &gt; should not generate QR code when deviceAuth is null" time="0.008236212">
        </testcase>
        <testcase classname="src/ui/components/QwenOAuthProgress.test.tsx" name="QwenOAuthProgress &gt; User interactions &gt; should call onCancel when ESC key is pressed" time="0.017535176">
            <system-err>
Failed to generate QR code: Error: QR Code generation failed
    at Object.&lt;anonymous&gt; [90m(/home/atmandk/LowCal-dev/packages/cli/[39msrc/ui/components/QwenOAuthProgress.test.tsx:386:15[90m)[39m
    at Object.mockCall (file:///home/atmandk/LowCal-dev/node_modules/[4m@vitest/spy[24m/dist/index.js:96:15)
    at Object.spy [as generate] (file:///home/atmandk/LowCal-dev/node_modules/[4mtinyspy[24m/dist/index.js:47:103)
    at generateQR [90m(/home/atmandk/LowCal-dev/packages/cli/[39msrc/ui/components/QwenOAuthProgress.tsx:148:16[90m)[39m
    at [90m/home/atmandk/LowCal-dev/packages/cli/[39msrc/ui/components/QwenOAuthProgress.tsx:161:5
    at Object.react-stack-bottom-frame (/home/atmandk/LowCal-dev/node_modules/[4mreact-reconciler[24m/cjs/react-reconciler.development.js:15945:20)
    at runWithFiberInDEV (/home/atmandk/LowCal-dev/node_modules/[4mreact-reconciler[24m/cjs/react-reconciler.development.js:1738:13)
    at commitHookEffectListMount (/home/atmandk/LowCal-dev/node_modules/[4mreact-reconciler[24m/cjs/react-reconciler.development.js:9516:29)
    at commitHookPassiveMountEffects (/home/atmandk/LowCal-dev/node_modules/[4mreact-reconciler[24m/cjs/react-reconciler.development.js:9639:11)
    at commitPassiveMountOnFiber (/home/atmandk/LowCal-dev/node_modules/[4mreact-reconciler[24m/cjs/react-reconciler.development.js:11364:13)

            </system-err>
        </testcase>
        <testcase classname="src/ui/components/QwenOAuthProgress.test.tsx" name="QwenOAuthProgress &gt; User interactions &gt; should call onCancel when ESC is pressed in loading state" time="0.005151939">
        </testcase>
        <testcase classname="src/ui/components/QwenOAuthProgress.test.tsx" name="QwenOAuthProgress &gt; User interactions &gt; should not call onCancel for other key presses" time="0.007284826">
            <system-err>
Failed to generate QR code: Error: QR Code generation failed
    at Object.&lt;anonymous&gt; [90m(/home/atmandk/LowCal-dev/packages/cli/[39msrc/ui/components/QwenOAuthProgress.test.tsx:386:15[90m)[39m
    at Object.mockCall (file:///home/atmandk/LowCal-dev/node_modules/[4m@vitest/spy[24m/dist/index.js:96:15)
    at Object.spy [as generate] (file:///home/atmandk/LowCal-dev/node_modules/[4mtinyspy[24m/dist/index.js:47:103)
    at generateQR [90m(/home/atmandk/LowCal-dev/packages/cli/[39msrc/ui/components/QwenOAuthProgress.tsx:148:16[90m)[39m
    at [90m/home/atmandk/LowCal-dev/packages/cli/[39msrc/ui/components/QwenOAuthProgress.tsx:161:5
    at Object.react-stack-bottom-frame (/home/atmandk/LowCal-dev/node_modules/[4mreact-reconciler[24m/cjs/react-reconciler.development.js:15945:20)
    at runWithFiberInDEV (/home/atmandk/LowCal-dev/node_modules/[4mreact-reconciler[24m/cjs/react-reconciler.development.js:1738:13)
    at commitHookEffectListMount (/home/atmandk/LowCal-dev/node_modules/[4mreact-reconciler[24m/cjs/react-reconciler.development.js:9516:29)
    at commitHookPassiveMountEffects (/home/atmandk/LowCal-dev/node_modules/[4mreact-reconciler[24m/cjs/react-reconciler.development.js:9639:11)
    at commitPassiveMountOnFiber (/home/atmandk/LowCal-dev/node_modules/[4mreact-reconciler[24m/cjs/react-reconciler.development.js:11364:13)

            </system-err>
        </testcase>
        <testcase classname="src/ui/components/QwenOAuthProgress.test.tsx" name="QwenOAuthProgress &gt; Props changes &gt; should display initial timer value from deviceAuth" time="0.008990675">
            <system-err>
Failed to generate QR code: Error: QR Code generation failed
    at Object.&lt;anonymous&gt; [90m(/home/atmandk/LowCal-dev/packages/cli/[39msrc/ui/components/QwenOAuthProgress.test.tsx:386:15[90m)[39m
    at Object.mockCall (file:///home/atmandk/LowCal-dev/node_modules/[4m@vitest/spy[24m/dist/index.js:96:15)
    at Object.spy [as generate] (file:///home/atmandk/LowCal-dev/node_modules/[4mtinyspy[24m/dist/index.js:47:103)
    at generateQR [90m(/home/atmandk/LowCal-dev/packages/cli/[39msrc/ui/components/QwenOAuthProgress.tsx:148:16[90m)[39m
    at [90m/home/atmandk/LowCal-dev/packages/cli/[39msrc/ui/components/QwenOAuthProgress.tsx:161:5
    at Object.react-stack-bottom-frame (/home/atmandk/LowCal-dev/node_modules/[4mreact-reconciler[24m/cjs/react-reconciler.development.js:15945:20)
    at runWithFiberInDEV (/home/atmandk/LowCal-dev/node_modules/[4mreact-reconciler[24m/cjs/react-reconciler.development.js:1738:13)
    at commitHookEffectListMount (/home/atmandk/LowCal-dev/node_modules/[4mreact-reconciler[24m/cjs/react-reconciler.development.js:9516:29)
    at commitHookPassiveMountEffects (/home/atmandk/LowCal-dev/node_modules/[4mreact-reconciler[24m/cjs/react-reconciler.development.js:9639:11)
    at commitPassiveMountOnFiber (/home/atmandk/LowCal-dev/node_modules/[4mreact-reconciler[24m/cjs/react-reconciler.development.js:11364:13)

            </system-err>
        </testcase>
        <testcase classname="src/ui/components/QwenOAuthProgress.test.tsx" name="QwenOAuthProgress &gt; Props changes &gt; should reset to loading state when deviceAuth becomes null" time="0.010176273">
            <system-err>
Failed to generate QR code: Error: QR Code generation failed
    at Object.&lt;anonymous&gt; [90m(/home/atmandk/LowCal-dev/packages/cli/[39msrc/ui/components/QwenOAuthProgress.test.tsx:386:15[90m)[39m
    at Object.mockCall (file:///home/atmandk/LowCal-dev/node_modules/[4m@vitest/spy[24m/dist/index.js:96:15)
    at Object.spy [as generate] (file:///home/atmandk/LowCal-dev/node_modules/[4mtinyspy[24m/dist/index.js:47:103)
    at generateQR [90m(/home/atmandk/LowCal-dev/packages/cli/[39msrc/ui/components/QwenOAuthProgress.tsx:148:16[90m)[39m
    at [90m/home/atmandk/LowCal-dev/packages/cli/[39msrc/ui/components/QwenOAuthProgress.tsx:161:5
    at Object.react-stack-bottom-frame (/home/atmandk/LowCal-dev/node_modules/[4mreact-reconciler[24m/cjs/react-reconciler.development.js:15945:20)
    at runWithFiberInDEV (/home/atmandk/LowCal-dev/node_modules/[4mreact-reconciler[24m/cjs/react-reconciler.development.js:1738:13)
    at commitHookEffectListMount (/home/atmandk/LowCal-dev/node_modules/[4mreact-reconciler[24m/cjs/react-reconciler.development.js:9516:29)
    at commitHookPassiveMountEffects (/home/atmandk/LowCal-dev/node_modules/[4mreact-reconciler[24m/cjs/react-reconciler.development.js:9639:11)
    at commitPassiveMountOnFiber (/home/atmandk/LowCal-dev/node_modules/[4mreact-reconciler[24m/cjs/react-reconciler.development.js:11364:13)

            </system-err>
        </testcase>
        <testcase classname="src/ui/components/QwenOAuthProgress.test.tsx" name="QwenOAuthProgress &gt; Timeout state &gt; should render timeout state when authStatus is timeout" time="0.005248317">
        </testcase>
        <testcase classname="src/ui/components/QwenOAuthProgress.test.tsx" name="QwenOAuthProgress &gt; Timeout state &gt; should render default timeout message when no authMessage provided" time="0.005216879">
        </testcase>
        <testcase classname="src/ui/components/QwenOAuthProgress.test.tsx" name="QwenOAuthProgress &gt; Timeout state &gt; should call onCancel for any key press in timeout state" time="0.005183086">
        </testcase>
    </testsuite>
    <testsuite name="src/ui/components/SessionSummaryDisplay.test.tsx" timestamp="2025-10-09T15:32:35.179Z" hostname="uby" tests="1" failures="0" errors="0" skipped="0" time="0.040263559">
        <testcase classname="src/ui/components/SessionSummaryDisplay.test.tsx" name="&lt;SessionSummaryDisplay /&gt; &gt; renders the summary display with a title" time="0.038535719">
        </testcase>
    </testsuite>
    <testsuite name="src/ui/components/SettingsDialog.test.tsx" timestamp="2025-10-09T15:32:35.179Z" hostname="uby" tests="39" failures="0" errors="0" skipped="0" time="3.572146127">
        <testcase classname="src/ui/components/SettingsDialog.test.tsx" name="SettingsDialog &gt; Initial Rendering &gt; should render the settings dialog with default state" time="0.040987653">
            <system-err>
An update to Root inside a test was not wrapped in act(...).

When testing, code that causes React state updates should be wrapped into act(...):

act(() =&gt; {
  /* fire events that update state */
});
/* assert on the output */

This ensures that you&apos;re testing the behavior the user would see in the browser. Learn more at https://react.dev/link/wrap-tests-with-act
An update to SettingsDialog inside a test was not wrapped in act(...).

When testing, code that causes React state updates should be wrapped into act(...):

act(() =&gt; {
  /* fire events that update state */
});
/* assert on the output */

This ensures that you&apos;re testing the behavior the user would see in the browser. Learn more at https://react.dev/link/wrap-tests-with-act
An update to SettingsDialog inside a test was not wrapped in act(...).

When testing, code that causes React state updates should be wrapped into act(...):

act(() =&gt; {
  /* fire events that update state */
});
/* assert on the output */

This ensures that you&apos;re testing the behavior the user would see in the browser. Learn more at https://react.dev/link/wrap-tests-with-act
An update to SettingsDialog inside a test was not wrapped in act(...).

When testing, code that causes React state updates should be wrapped into act(...):

act(() =&gt; {
  /* fire events that update state */
});
/* assert on the output */

This ensures that you&apos;re testing the behavior the user would see in the browser. Learn more at https://react.dev/link/wrap-tests-with-act
An update to SettingsDialog inside a test was not wrapped in act(...).

When testing, code that causes React state updates should be wrapped into act(...):

act(() =&gt; {
  /* fire events that update state */
});
/* assert on the output */

This ensures that you&apos;re testing the behavior the user would see in the browser. Learn more at https://react.dev/link/wrap-tests-with-act
An update to SettingsDialog inside a test was not wrapped in act(...).

When testing, code that causes React state updates should be wrapped into act(...):

act(() =&gt; {
  /* fire events that update state */
});
/* assert on the output */

This ensures that you&apos;re testing the behavior the user would see in the browser. Learn more at https://react.dev/link/wrap-tests-with-act

            </system-err>
        </testcase>
        <testcase classname="src/ui/components/SettingsDialog.test.tsx" name="SettingsDialog &gt; Initial Rendering &gt; should show settings list with default values" time="0.018045989">
            <system-err>
An update to Root inside a test was not wrapped in act(...).

When testing, code that causes React state updates should be wrapped into act(...):

act(() =&gt; {
  /* fire events that update state */
});
/* assert on the output */

This ensures that you&apos;re testing the behavior the user would see in the browser. Learn more at https://react.dev/link/wrap-tests-with-act
An update to SettingsDialog inside a test was not wrapped in act(...).

When testing, code that causes React state updates should be wrapped into act(...):

act(() =&gt; {
  /* fire events that update state */
});
/* assert on the output */

This ensures that you&apos;re testing the behavior the user would see in the browser. Learn more at https://react.dev/link/wrap-tests-with-act
An update to SettingsDialog inside a test was not wrapped in act(...).

When testing, code that causes React state updates should be wrapped into act(...):

act(() =&gt; {
  /* fire events that update state */
});
/* assert on the output */

This ensures that you&apos;re testing the behavior the user would see in the browser. Learn more at https://react.dev/link/wrap-tests-with-act
An update to SettingsDialog inside a test was not wrapped in act(...).

When testing, code that causes React state updates should be wrapped into act(...):

act(() =&gt; {
  /* fire events that update state */
});
/* assert on the output */

This ensures that you&apos;re testing the behavior the user would see in the browser. Learn more at https://react.dev/link/wrap-tests-with-act
An update to SettingsDialog inside a test was not wrapped in act(...).

When testing, code that causes React state updates should be wrapped into act(...):

act(() =&gt; {
  /* fire events that update state */
});
/* assert on the output */

This ensures that you&apos;re testing the behavior the user would see in the browser. Learn more at https://react.dev/link/wrap-tests-with-act
An update to SettingsDialog inside a test was not wrapped in act(...).

When testing, code that causes React state updates should be wrapped into act(...):

act(() =&gt; {
  /* fire events that update state */
});
/* assert on the output */

This ensures that you&apos;re testing the behavior the user would see in the browser. Learn more at https://react.dev/link/wrap-tests-with-act

            </system-err>
        </testcase>
        <testcase classname="src/ui/components/SettingsDialog.test.tsx" name="SettingsDialog &gt; Initial Rendering &gt; should highlight first setting by default" time="0.014250403">
            <system-err>
An update to Root inside a test was not wrapped in act(...).

When testing, code that causes React state updates should be wrapped into act(...):

act(() =&gt; {
  /* fire events that update state */
});
/* assert on the output */

This ensures that you&apos;re testing the behavior the user would see in the browser. Learn more at https://react.dev/link/wrap-tests-with-act
An update to SettingsDialog inside a test was not wrapped in act(...).

When testing, code that causes React state updates should be wrapped into act(...):

act(() =&gt; {
  /* fire events that update state */
});
/* assert on the output */

This ensures that you&apos;re testing the behavior the user would see in the browser. Learn more at https://react.dev/link/wrap-tests-with-act
An update to SettingsDialog inside a test was not wrapped in act(...).

When testing, code that causes React state updates should be wrapped into act(...):

act(() =&gt; {
  /* fire events that update state */
});
/* assert on the output */

This ensures that you&apos;re testing the behavior the user would see in the browser. Learn more at https://react.dev/link/wrap-tests-with-act
An update to SettingsDialog inside a test was not wrapped in act(...).

When testing, code that causes React state updates should be wrapped into act(...):

act(() =&gt; {
  /* fire events that update state */
});
/* assert on the output */

This ensures that you&apos;re testing the behavior the user would see in the browser. Learn more at https://react.dev/link/wrap-tests-with-act
An update to SettingsDialog inside a test was not wrapped in act(...).

When testing, code that causes React state updates should be wrapped into act(...):

act(() =&gt; {
  /* fire events that update state */
});
/* assert on the output */

This ensures that you&apos;re testing the behavior the user would see in the browser. Learn more at https://react.dev/link/wrap-tests-with-act
An update to SettingsDialog inside a test was not wrapped in act(...).

When testing, code that causes React state updates should be wrapped into act(...):

act(() =&gt; {
  /* fire events that update state */
});
/* assert on the output */

This ensures that you&apos;re testing the behavior the user would see in the browser. Learn more at https://react.dev/link/wrap-tests-with-act

            </system-err>
        </testcase>
        <testcase classname="src/ui/components/SettingsDialog.test.tsx" name="SettingsDialog &gt; Settings Navigation &gt; should navigate down with arrow key" time="0.091390936">
            <system-err>
An update to Root inside a test was not wrapped in act(...).

When testing, code that causes React state updates should be wrapped into act(...):

act(() =&gt; {
  /* fire events that update state */
});
/* assert on the output */

This ensures that you&apos;re testing the behavior the user would see in the browser. Learn more at https://react.dev/link/wrap-tests-with-act
An update to SettingsDialog inside a test was not wrapped in act(...).

When testing, code that causes React state updates should be wrapped into act(...):

act(() =&gt; {
  /* fire events that update state */
});
/* assert on the output */

This ensures that you&apos;re testing the behavior the user would see in the browser. Learn more at https://react.dev/link/wrap-tests-with-act
An update to SettingsDialog inside a test was not wrapped in act(...).

When testing, code that causes React state updates should be wrapped into act(...):

act(() =&gt; {
  /* fire events that update state */
});
/* assert on the output */

This ensures that you&apos;re testing the behavior the user would see in the browser. Learn more at https://react.dev/link/wrap-tests-with-act
An update to SettingsDialog inside a test was not wrapped in act(...).

When testing, code that causes React state updates should be wrapped into act(...):

act(() =&gt; {
  /* fire events that update state */
});
/* assert on the output */

This ensures that you&apos;re testing the behavior the user would see in the browser. Learn more at https://react.dev/link/wrap-tests-with-act
An update to SettingsDialog inside a test was not wrapped in act(...).

When testing, code that causes React state updates should be wrapped into act(...):

act(() =&gt; {
  /* fire events that update state */
});
/* assert on the output */

This ensures that you&apos;re testing the behavior the user would see in the browser. Learn more at https://react.dev/link/wrap-tests-with-act
An update to SettingsDialog inside a test was not wrapped in act(...).

When testing, code that causes React state updates should be wrapped into act(...):

act(() =&gt; {
  /* fire events that update state */
});
/* assert on the output */

This ensures that you&apos;re testing the behavior the user would see in the browser. Learn more at https://react.dev/link/wrap-tests-with-act
An update to SettingsDialog inside a test was not wrapped in act(...).

When testing, code that causes React state updates should be wrapped into act(...):

act(() =&gt; {
  /* fire events that update state */
});
/* assert on the output */

This ensures that you&apos;re testing the behavior the user would see in the browser. Learn more at https://react.dev/link/wrap-tests-with-act

An update to Root inside a test was not wrapped in act(...).

When testing, code that causes React state updates should be wrapped into act(...):

act(() =&gt; {
  /* fire events that update state */
});
/* assert on the output */

This ensures that you&apos;re testing the behavior the user would see in the browser. Learn more at https://react.dev/link/wrap-tests-with-act

            </system-err>
        </testcase>
        <testcase classname="src/ui/components/SettingsDialog.test.tsx" name="SettingsDialog &gt; Settings Navigation &gt; should navigate up with arrow key" time="0.12567137">
            <system-err>
An update to Root inside a test was not wrapped in act(...).

When testing, code that causes React state updates should be wrapped into act(...):

act(() =&gt; {
  /* fire events that update state */
});
/* assert on the output */

This ensures that you&apos;re testing the behavior the user would see in the browser. Learn more at https://react.dev/link/wrap-tests-with-act
An update to SettingsDialog inside a test was not wrapped in act(...).

When testing, code that causes React state updates should be wrapped into act(...):

act(() =&gt; {
  /* fire events that update state */
});
/* assert on the output */

This ensures that you&apos;re testing the behavior the user would see in the browser. Learn more at https://react.dev/link/wrap-tests-with-act
An update to SettingsDialog inside a test was not wrapped in act(...).

When testing, code that causes React state updates should be wrapped into act(...):

act(() =&gt; {
  /* fire events that update state */
});
/* assert on the output */

This ensures that you&apos;re testing the behavior the user would see in the browser. Learn more at https://react.dev/link/wrap-tests-with-act
An update to SettingsDialog inside a test was not wrapped in act(...).

When testing, code that causes React state updates should be wrapped into act(...):

act(() =&gt; {
  /* fire events that update state */
});
/* assert on the output */

This ensures that you&apos;re testing the behavior the user would see in the browser. Learn more at https://react.dev/link/wrap-tests-with-act
An update to SettingsDialog inside a test was not wrapped in act(...).

When testing, code that causes React state updates should be wrapped into act(...):

act(() =&gt; {
  /* fire events that update state */
});
/* assert on the output */

This ensures that you&apos;re testing the behavior the user would see in the browser. Learn more at https://react.dev/link/wrap-tests-with-act
An update to SettingsDialog inside a test was not wrapped in act(...).

When testing, code that causes React state updates should be wrapped into act(...):

act(() =&gt; {
  /* fire events that update state */
});
/* assert on the output */

This ensures that you&apos;re testing the behavior the user would see in the browser. Learn more at https://react.dev/link/wrap-tests-with-act
An update to SettingsDialog inside a test was not wrapped in act(...).

When testing, code that causes React state updates should be wrapped into act(...):

act(() =&gt; {
  /* fire events that update state */
});
/* assert on the output */

This ensures that you&apos;re testing the behavior the user would see in the browser. Learn more at https://react.dev/link/wrap-tests-with-act

An update to SettingsDialog inside a test was not wrapped in act(...).

When testing, code that causes React state updates should be wrapped into act(...):

act(() =&gt; {
  /* fire events that update state */
});
/* assert on the output */

This ensures that you&apos;re testing the behavior the user would see in the browser. Learn more at https://react.dev/link/wrap-tests-with-act

An update to Root inside a test was not wrapped in act(...).

When testing, code that causes React state updates should be wrapped into act(...):

act(() =&gt; {
  /* fire events that update state */
});
/* assert on the output */

This ensures that you&apos;re testing the behavior the user would see in the browser. Learn more at https://react.dev/link/wrap-tests-with-act

            </system-err>
        </testcase>
        <testcase classname="src/ui/components/SettingsDialog.test.tsx" name="SettingsDialog &gt; Settings Navigation &gt; should navigate with vim keys (j/k)" time="0.122722557">
            <system-err>
An update to Root inside a test was not wrapped in act(...).

When testing, code that causes React state updates should be wrapped into act(...):

act(() =&gt; {
  /* fire events that update state */
});
/* assert on the output */

This ensures that you&apos;re testing the behavior the user would see in the browser. Learn more at https://react.dev/link/wrap-tests-with-act
An update to SettingsDialog inside a test was not wrapped in act(...).

When testing, code that causes React state updates should be wrapped into act(...):

act(() =&gt; {
  /* fire events that update state */
});
/* assert on the output */

This ensures that you&apos;re testing the behavior the user would see in the browser. Learn more at https://react.dev/link/wrap-tests-with-act
An update to SettingsDialog inside a test was not wrapped in act(...).

When testing, code that causes React state updates should be wrapped into act(...):

act(() =&gt; {
  /* fire events that update state */
});
/* assert on the output */

This ensures that you&apos;re testing the behavior the user would see in the browser. Learn more at https://react.dev/link/wrap-tests-with-act
An update to SettingsDialog inside a test was not wrapped in act(...).

When testing, code that causes React state updates should be wrapped into act(...):

act(() =&gt; {
  /* fire events that update state */
});
/* assert on the output */

This ensures that you&apos;re testing the behavior the user would see in the browser. Learn more at https://react.dev/link/wrap-tests-with-act
An update to SettingsDialog inside a test was not wrapped in act(...).

When testing, code that causes React state updates should be wrapped into act(...):

act(() =&gt; {
  /* fire events that update state */
});
/* assert on the output */

This ensures that you&apos;re testing the behavior the user would see in the browser. Learn more at https://react.dev/link/wrap-tests-with-act
An update to SettingsDialog inside a test was not wrapped in act(...).

When testing, code that causes React state updates should be wrapped into act(...):

act(() =&gt; {
  /* fire events that update state */
});
/* assert on the output */

This ensures that you&apos;re testing the behavior the user would see in the browser. Learn more at https://react.dev/link/wrap-tests-with-act
An update to SettingsDialog inside a test was not wrapped in act(...).

When testing, code that causes React state updates should be wrapped into act(...):

act(() =&gt; {
  /* fire events that update state */
});
/* assert on the output */

This ensures that you&apos;re testing the behavior the user would see in the browser. Learn more at https://react.dev/link/wrap-tests-with-act

An update to SettingsDialog inside a test was not wrapped in act(...).

When testing, code that causes React state updates should be wrapped into act(...):

act(() =&gt; {
  /* fire events that update state */
});
/* assert on the output */

This ensures that you&apos;re testing the behavior the user would see in the browser. Learn more at https://react.dev/link/wrap-tests-with-act

An update to Root inside a test was not wrapped in act(...).

When testing, code that causes React state updates should be wrapped into act(...):

act(() =&gt; {
  /* fire events that update state */
});
/* assert on the output */

This ensures that you&apos;re testing the behavior the user would see in the browser. Learn more at https://react.dev/link/wrap-tests-with-act

            </system-err>
        </testcase>
        <testcase classname="src/ui/components/SettingsDialog.test.tsx" name="SettingsDialog &gt; Settings Navigation &gt; should not navigate beyond bounds" time="0.073372348">
            <system-err>
An update to Root inside a test was not wrapped in act(...).

When testing, code that causes React state updates should be wrapped into act(...):

act(() =&gt; {
  /* fire events that update state */
});
/* assert on the output */

This ensures that you&apos;re testing the behavior the user would see in the browser. Learn more at https://react.dev/link/wrap-tests-with-act
An update to SettingsDialog inside a test was not wrapped in act(...).

When testing, code that causes React state updates should be wrapped into act(...):

act(() =&gt; {
  /* fire events that update state */
});
/* assert on the output */

This ensures that you&apos;re testing the behavior the user would see in the browser. Learn more at https://react.dev/link/wrap-tests-with-act
An update to SettingsDialog inside a test was not wrapped in act(...).

When testing, code that causes React state updates should be wrapped into act(...):

act(() =&gt; {
  /* fire events that update state */
});
/* assert on the output */

This ensures that you&apos;re testing the behavior the user would see in the browser. Learn more at https://react.dev/link/wrap-tests-with-act
An update to SettingsDialog inside a test was not wrapped in act(...).

When testing, code that causes React state updates should be wrapped into act(...):

act(() =&gt; {
  /* fire events that update state */
});
/* assert on the output */

This ensures that you&apos;re testing the behavior the user would see in the browser. Learn more at https://react.dev/link/wrap-tests-with-act
An update to SettingsDialog inside a test was not wrapped in act(...).

When testing, code that causes React state updates should be wrapped into act(...):

act(() =&gt; {
  /* fire events that update state */
});
/* assert on the output */

This ensures that you&apos;re testing the behavior the user would see in the browser. Learn more at https://react.dev/link/wrap-tests-with-act
An update to SettingsDialog inside a test was not wrapped in act(...).

When testing, code that causes React state updates should be wrapped into act(...):

act(() =&gt; {
  /* fire events that update state */
});
/* assert on the output */

This ensures that you&apos;re testing the behavior the user would see in the browser. Learn more at https://react.dev/link/wrap-tests-with-act
An update to SettingsDialog inside a test was not wrapped in act(...).

When testing, code that causes React state updates should be wrapped into act(...):

act(() =&gt; {
  /* fire events that update state */
});
/* assert on the output */

This ensures that you&apos;re testing the behavior the user would see in the browser. Learn more at https://react.dev/link/wrap-tests-with-act
An update to SettingsDialog inside a test was not wrapped in act(...).

When testing, code that causes React state updates should be wrapped into act(...):

act(() =&gt; {
  /* fire events that update state */
});
/* assert on the output */

This ensures that you&apos;re testing the behavior the user would see in the browser. Learn more at https://react.dev/link/wrap-tests-with-act

An update to Root inside a test was not wrapped in act(...).

When testing, code that causes React state updates should be wrapped into act(...):

act(() =&gt; {
  /* fire events that update state */
});
/* assert on the output */

This ensures that you&apos;re testing the behavior the user would see in the browser. Learn more at https://react.dev/link/wrap-tests-with-act

            </system-err>
        </testcase>
        <testcase classname="src/ui/components/SettingsDialog.test.tsx" name="SettingsDialog &gt; Settings Toggling &gt; should toggle setting with Enter key" time="0.080310425">
            <system-out>
[DEBUG SettingsDialog] Saving general.vimMode immediately with value: [33mtrue[39m

            </system-out>
            <system-err>
An update to Root inside a test was not wrapped in act(...).

When testing, code that causes React state updates should be wrapped into act(...):

act(() =&gt; {
  /* fire events that update state */
});
/* assert on the output */

This ensures that you&apos;re testing the behavior the user would see in the browser. Learn more at https://react.dev/link/wrap-tests-with-act
An update to SettingsDialog inside a test was not wrapped in act(...).

When testing, code that causes React state updates should be wrapped into act(...):

act(() =&gt; {
  /* fire events that update state */
});
/* assert on the output */

This ensures that you&apos;re testing the behavior the user would see in the browser. Learn more at https://react.dev/link/wrap-tests-with-act
An update to SettingsDialog inside a test was not wrapped in act(...).

When testing, code that causes React state updates should be wrapped into act(...):

act(() =&gt; {
  /* fire events that update state */
});
/* assert on the output */

This ensures that you&apos;re testing the behavior the user would see in the browser. Learn more at https://react.dev/link/wrap-tests-with-act
An update to SettingsDialog inside a test was not wrapped in act(...).

When testing, code that causes React state updates should be wrapped into act(...):

act(() =&gt; {
  /* fire events that update state */
});
/* assert on the output */

This ensures that you&apos;re testing the behavior the user would see in the browser. Learn more at https://react.dev/link/wrap-tests-with-act
An update to SettingsDialog inside a test was not wrapped in act(...).

When testing, code that causes React state updates should be wrapped into act(...):

act(() =&gt; {
  /* fire events that update state */
});
/* assert on the output */

This ensures that you&apos;re testing the behavior the user would see in the browser. Learn more at https://react.dev/link/wrap-tests-with-act
An update to SettingsDialog inside a test was not wrapped in act(...).

When testing, code that causes React state updates should be wrapped into act(...):

act(() =&gt; {
  /* fire events that update state */
});
/* assert on the output */

This ensures that you&apos;re testing the behavior the user would see in the browser. Learn more at https://react.dev/link/wrap-tests-with-act
An update to SettingsDialog inside a test was not wrapped in act(...).

When testing, code that causes React state updates should be wrapped into act(...):

act(() =&gt; {
  /* fire events that update state */
});
/* assert on the output */

This ensures that you&apos;re testing the behavior the user would see in the browser. Learn more at https://react.dev/link/wrap-tests-with-act
An update to SettingsDialog inside a test was not wrapped in act(...).

When testing, code that causes React state updates should be wrapped into act(...):

act(() =&gt; {
  /* fire events that update state */
});
/* assert on the output */

This ensures that you&apos;re testing the behavior the user would see in the browser. Learn more at https://react.dev/link/wrap-tests-with-act
An update to SettingsDialog inside a test was not wrapped in act(...).

When testing, code that causes React state updates should be wrapped into act(...):

act(() =&gt; {
  /* fire events that update state */
});
/* assert on the output */

This ensures that you&apos;re testing the behavior the user would see in the browser. Learn more at https://react.dev/link/wrap-tests-with-act
An update to SettingsDialog inside a test was not wrapped in act(...).

When testing, code that causes React state updates should be wrapped into act(...):

act(() =&gt; {
  /* fire events that update state */
});
/* assert on the output */

This ensures that you&apos;re testing the behavior the user would see in the browser. Learn more at https://react.dev/link/wrap-tests-with-act
An update to SettingsDialog inside a test was not wrapped in act(...).

When testing, code that causes React state updates should be wrapped into act(...):

act(() =&gt; {
  /* fire events that update state */
});
/* assert on the output */

This ensures that you&apos;re testing the behavior the user would see in the browser. Learn more at https://react.dev/link/wrap-tests-with-act

An update to Root inside a test was not wrapped in act(...).

When testing, code that causes React state updates should be wrapped into act(...):

act(() =&gt; {
  /* fire events that update state */
});
/* assert on the output */

This ensures that you&apos;re testing the behavior the user would see in the browser. Learn more at https://react.dev/link/wrap-tests-with-act

            </system-err>
        </testcase>
        <testcase classname="src/ui/components/SettingsDialog.test.tsx" name="SettingsDialog &gt; Settings Toggling &gt; should toggle setting with Space key" time="0.082744577">
            <system-out>
[DEBUG SettingsDialog] Saving general.vimMode immediately with value: [33mtrue[39m

            </system-out>
            <system-err>
An update to Root inside a test was not wrapped in act(...).

When testing, code that causes React state updates should be wrapped into act(...):

act(() =&gt; {
  /* fire events that update state */
});
/* assert on the output */

This ensures that you&apos;re testing the behavior the user would see in the browser. Learn more at https://react.dev/link/wrap-tests-with-act
An update to SettingsDialog inside a test was not wrapped in act(...).

When testing, code that causes React state updates should be wrapped into act(...):

act(() =&gt; {
  /* fire events that update state */
});
/* assert on the output */

This ensures that you&apos;re testing the behavior the user would see in the browser. Learn more at https://react.dev/link/wrap-tests-with-act
An update to SettingsDialog inside a test was not wrapped in act(...).

When testing, code that causes React state updates should be wrapped into act(...):

act(() =&gt; {
  /* fire events that update state */
});
/* assert on the output */

This ensures that you&apos;re testing the behavior the user would see in the browser. Learn more at https://react.dev/link/wrap-tests-with-act
An update to SettingsDialog inside a test was not wrapped in act(...).

When testing, code that causes React state updates should be wrapped into act(...):

act(() =&gt; {
  /* fire events that update state */
});
/* assert on the output */

This ensures that you&apos;re testing the behavior the user would see in the browser. Learn more at https://react.dev/link/wrap-tests-with-act
An update to SettingsDialog inside a test was not wrapped in act(...).

When testing, code that causes React state updates should be wrapped into act(...):

act(() =&gt; {
  /* fire events that update state */
});
/* assert on the output */

This ensures that you&apos;re testing the behavior the user would see in the browser. Learn more at https://react.dev/link/wrap-tests-with-act
An update to SettingsDialog inside a test was not wrapped in act(...).

When testing, code that causes React state updates should be wrapped into act(...):

act(() =&gt; {
  /* fire events that update state */
});
/* assert on the output */

This ensures that you&apos;re testing the behavior the user would see in the browser. Learn more at https://react.dev/link/wrap-tests-with-act
An update to SettingsDialog inside a test was not wrapped in act(...).

When testing, code that causes React state updates should be wrapped into act(...):

act(() =&gt; {
  /* fire events that update state */
});
/* assert on the output */

This ensures that you&apos;re testing the behavior the user would see in the browser. Learn more at https://react.dev/link/wrap-tests-with-act
An update to SettingsDialog inside a test was not wrapped in act(...).

When testing, code that causes React state updates should be wrapped into act(...):

act(() =&gt; {
  /* fire events that update state */
});
/* assert on the output */

This ensures that you&apos;re testing the behavior the user would see in the browser. Learn more at https://react.dev/link/wrap-tests-with-act
An update to SettingsDialog inside a test was not wrapped in act(...).

When testing, code that causes React state updates should be wrapped into act(...):

act(() =&gt; {
  /* fire events that update state */
});
/* assert on the output */

This ensures that you&apos;re testing the behavior the user would see in the browser. Learn more at https://react.dev/link/wrap-tests-with-act
An update to SettingsDialog inside a test was not wrapped in act(...).

When testing, code that causes React state updates should be wrapped into act(...):

act(() =&gt; {
  /* fire events that update state */
});
/* assert on the output */

This ensures that you&apos;re testing the behavior the user would see in the browser. Learn more at https://react.dev/link/wrap-tests-with-act
An update to SettingsDialog inside a test was not wrapped in act(...).

When testing, code that causes React state updates should be wrapped into act(...):

act(() =&gt; {
  /* fire events that update state */
});
/* assert on the output */

This ensures that you&apos;re testing the behavior the user would see in the browser. Learn more at https://react.dev/link/wrap-tests-with-act

An update to Root inside a test was not wrapped in act(...).

When testing, code that causes React state updates should be wrapped into act(...):

act(() =&gt; {
  /* fire events that update state */
});
/* assert on the output */

This ensures that you&apos;re testing the behavior the user would see in the browser. Learn more at https://react.dev/link/wrap-tests-with-act

            </system-err>
        </testcase>
        <testcase classname="src/ui/components/SettingsDialog.test.tsx" name="SettingsDialog &gt; Settings Toggling &gt; should handle vim mode setting specially" time="0.071898979">
            <system-out>
[DEBUG SettingsDialog] Saving general.vimMode immediately with value: [33mtrue[39m

            </system-out>
            <system-err>
An update to Root inside a test was not wrapped in act(...).

When testing, code that causes React state updates should be wrapped into act(...):

act(() =&gt; {
  /* fire events that update state */
});
/* assert on the output */

This ensures that you&apos;re testing the behavior the user would see in the browser. Learn more at https://react.dev/link/wrap-tests-with-act
An update to SettingsDialog inside a test was not wrapped in act(...).

When testing, code that causes React state updates should be wrapped into act(...):

act(() =&gt; {
  /* fire events that update state */
});
/* assert on the output */

This ensures that you&apos;re testing the behavior the user would see in the browser. Learn more at https://react.dev/link/wrap-tests-with-act
An update to SettingsDialog inside a test was not wrapped in act(...).

When testing, code that causes React state updates should be wrapped into act(...):

act(() =&gt; {
  /* fire events that update state */
});
/* assert on the output */

This ensures that you&apos;re testing the behavior the user would see in the browser. Learn more at https://react.dev/link/wrap-tests-with-act
An update to SettingsDialog inside a test was not wrapped in act(...).

When testing, code that causes React state updates should be wrapped into act(...):

act(() =&gt; {
  /* fire events that update state */
});
/* assert on the output */

This ensures that you&apos;re testing the behavior the user would see in the browser. Learn more at https://react.dev/link/wrap-tests-with-act
An update to SettingsDialog inside a test was not wrapped in act(...).

When testing, code that causes React state updates should be wrapped into act(...):

act(() =&gt; {
  /* fire events that update state */
});
/* assert on the output */

This ensures that you&apos;re testing the behavior the user would see in the browser. Learn more at https://react.dev/link/wrap-tests-with-act
An update to SettingsDialog inside a test was not wrapped in act(...).

When testing, code that causes React state updates should be wrapped into act(...):

act(() =&gt; {
  /* fire events that update state */
});
/* assert on the output */

This ensures that you&apos;re testing the behavior the user would see in the browser. Learn more at https://react.dev/link/wrap-tests-with-act
An update to SettingsDialog inside a test was not wrapped in act(...).

When testing, code that causes React state updates should be wrapped into act(...):

act(() =&gt; {
  /* fire events that update state */
});
/* assert on the output */

This ensures that you&apos;re testing the behavior the user would see in the browser. Learn more at https://react.dev/link/wrap-tests-with-act
An update to SettingsDialog inside a test was not wrapped in act(...).

When testing, code that causes React state updates should be wrapped into act(...):

act(() =&gt; {
  /* fire events that update state */
});
/* assert on the output */

This ensures that you&apos;re testing the behavior the user would see in the browser. Learn more at https://react.dev/link/wrap-tests-with-act
An update to SettingsDialog inside a test was not wrapped in act(...).

When testing, code that causes React state updates should be wrapped into act(...):

act(() =&gt; {
  /* fire events that update state */
});
/* assert on the output */

This ensures that you&apos;re testing the behavior the user would see in the browser. Learn more at https://react.dev/link/wrap-tests-with-act
An update to SettingsDialog inside a test was not wrapped in act(...).

When testing, code that causes React state updates should be wrapped into act(...):

act(() =&gt; {
  /* fire events that update state */
});
/* assert on the output */

This ensures that you&apos;re testing the behavior the user would see in the browser. Learn more at https://react.dev/link/wrap-tests-with-act
An update to SettingsDialog inside a test was not wrapped in act(...).

When testing, code that causes React state updates should be wrapped into act(...):

act(() =&gt; {
  /* fire events that update state */
});
/* assert on the output */

This ensures that you&apos;re testing the behavior the user would see in the browser. Learn more at https://react.dev/link/wrap-tests-with-act

An update to Root inside a test was not wrapped in act(...).

When testing, code that causes React state updates should be wrapped into act(...):

act(() =&gt; {
  /* fire events that update state */
});
/* assert on the output */

This ensures that you&apos;re testing the behavior the user would see in the browser. Learn more at https://react.dev/link/wrap-tests-with-act

            </system-err>
        </testcase>
        <testcase classname="src/ui/components/SettingsDialog.test.tsx" name="SettingsDialog &gt; Scope Selection &gt; should switch between scopes" time="0.125815906">
            <system-err>
An update to Root inside a test was not wrapped in act(...).

When testing, code that causes React state updates should be wrapped into act(...):

act(() =&gt; {
  /* fire events that update state */
});
/* assert on the output */

This ensures that you&apos;re testing the behavior the user would see in the browser. Learn more at https://react.dev/link/wrap-tests-with-act
An update to SettingsDialog inside a test was not wrapped in act(...).

When testing, code that causes React state updates should be wrapped into act(...):

act(() =&gt; {
  /* fire events that update state */
});
/* assert on the output */

This ensures that you&apos;re testing the behavior the user would see in the browser. Learn more at https://react.dev/link/wrap-tests-with-act
An update to SettingsDialog inside a test was not wrapped in act(...).

When testing, code that causes React state updates should be wrapped into act(...):

act(() =&gt; {
  /* fire events that update state */
});
/* assert on the output */

This ensures that you&apos;re testing the behavior the user would see in the browser. Learn more at https://react.dev/link/wrap-tests-with-act
An update to SettingsDialog inside a test was not wrapped in act(...).

When testing, code that causes React state updates should be wrapped into act(...):

act(() =&gt; {
  /* fire events that update state */
});
/* assert on the output */

This ensures that you&apos;re testing the behavior the user would see in the browser. Learn more at https://react.dev/link/wrap-tests-with-act
An update to SettingsDialog inside a test was not wrapped in act(...).

When testing, code that causes React state updates should be wrapped into act(...):

act(() =&gt; {
  /* fire events that update state */
});
/* assert on the output */

This ensures that you&apos;re testing the behavior the user would see in the browser. Learn more at https://react.dev/link/wrap-tests-with-act
An update to SettingsDialog inside a test was not wrapped in act(...).

When testing, code that causes React state updates should be wrapped into act(...):

act(() =&gt; {
  /* fire events that update state */
});
/* assert on the output */

This ensures that you&apos;re testing the behavior the user would see in the browser. Learn more at https://react.dev/link/wrap-tests-with-act
An update to SettingsDialog inside a test was not wrapped in act(...).

When testing, code that causes React state updates should be wrapped into act(...):

act(() =&gt; {
  /* fire events that update state */
});
/* assert on the output */

This ensures that you&apos;re testing the behavior the user would see in the browser. Learn more at https://react.dev/link/wrap-tests-with-act

An update to RadioButtonSelect inside a test was not wrapped in act(...).

When testing, code that causes React state updates should be wrapped into act(...):

act(() =&gt; {
  /* fire events that update state */
});
/* assert on the output */

This ensures that you&apos;re testing the behavior the user would see in the browser. Learn more at https://react.dev/link/wrap-tests-with-act
An update to RadioButtonSelect inside a test was not wrapped in act(...).

When testing, code that causes React state updates should be wrapped into act(...):

act(() =&gt; {
  /* fire events that update state */
});
/* assert on the output */

This ensures that you&apos;re testing the behavior the user would see in the browser. Learn more at https://react.dev/link/wrap-tests-with-act
An update to SettingsDialog inside a test was not wrapped in act(...).

When testing, code that causes React state updates should be wrapped into act(...):

act(() =&gt; {
  /* fire events that update state */
});
/* assert on the output */

This ensures that you&apos;re testing the behavior the user would see in the browser. Learn more at https://react.dev/link/wrap-tests-with-act
An update to SettingsDialog inside a test was not wrapped in act(...).

When testing, code that causes React state updates should be wrapped into act(...):

act(() =&gt; {
  /* fire events that update state */
});
/* assert on the output */

This ensures that you&apos;re testing the behavior the user would see in the browser. Learn more at https://react.dev/link/wrap-tests-with-act
An update to SettingsDialog inside a test was not wrapped in act(...).

When testing, code that causes React state updates should be wrapped into act(...):

act(() =&gt; {
  /* fire events that update state */
});
/* assert on the output */

This ensures that you&apos;re testing the behavior the user would see in the browser. Learn more at https://react.dev/link/wrap-tests-with-act
An update to RadioButtonSelect inside a test was not wrapped in act(...).

When testing, code that causes React state updates should be wrapped into act(...):

act(() =&gt; {
  /* fire events that update state */
});
/* assert on the output */

This ensures that you&apos;re testing the behavior the user would see in the browser. Learn more at https://react.dev/link/wrap-tests-with-act

An update to SettingsDialog inside a test was not wrapped in act(...).

When testing, code that causes React state updates should be wrapped into act(...):

act(() =&gt; {
  /* fire events that update state */
});
/* assert on the output */

This ensures that you&apos;re testing the behavior the user would see in the browser. Learn more at https://react.dev/link/wrap-tests-with-act
An update to SettingsDialog inside a test was not wrapped in act(...).

When testing, code that causes React state updates should be wrapped into act(...):

act(() =&gt; {
  /* fire events that update state */
});
/* assert on the output */

This ensures that you&apos;re testing the behavior the user would see in the browser. Learn more at https://react.dev/link/wrap-tests-with-act
An update to SettingsDialog inside a test was not wrapped in act(...).

When testing, code that causes React state updates should be wrapped into act(...):

act(() =&gt; {
  /* fire events that update state */
});
/* assert on the output */

This ensures that you&apos;re testing the behavior the user would see in the browser. Learn more at https://react.dev/link/wrap-tests-with-act
An update to SettingsDialog inside a test was not wrapped in act(...).

When testing, code that causes React state updates should be wrapped into act(...):

act(() =&gt; {
  /* fire events that update state */
});
/* assert on the output */

This ensures that you&apos;re testing the behavior the user would see in the browser. Learn more at https://react.dev/link/wrap-tests-with-act

An update to Root inside a test was not wrapped in act(...).

When testing, code that causes React state updates should be wrapped into act(...):

act(() =&gt; {
  /* fire events that update state */
});
/* assert on the output */

This ensures that you&apos;re testing the behavior the user would see in the browser. Learn more at https://react.dev/link/wrap-tests-with-act

            </system-err>
        </testcase>
        <testcase classname="src/ui/components/SettingsDialog.test.tsx" name="SettingsDialog &gt; Scope Selection &gt; should reset to settings focus when scope is selected" time="0.041570539">
            <system-err>
An update to Root inside a test was not wrapped in act(...).

When testing, code that causes React state updates should be wrapped into act(...):

act(() =&gt; {
  /* fire events that update state */
});
/* assert on the output */

This ensures that you&apos;re testing the behavior the user would see in the browser. Learn more at https://react.dev/link/wrap-tests-with-act
An update to SettingsDialog inside a test was not wrapped in act(...).

When testing, code that causes React state updates should be wrapped into act(...):

act(() =&gt; {
  /* fire events that update state */
});
/* assert on the output */

This ensures that you&apos;re testing the behavior the user would see in the browser. Learn more at https://react.dev/link/wrap-tests-with-act
An update to SettingsDialog inside a test was not wrapped in act(...).

When testing, code that causes React state updates should be wrapped into act(...):

act(() =&gt; {
  /* fire events that update state */
});
/* assert on the output */

This ensures that you&apos;re testing the behavior the user would see in the browser. Learn more at https://react.dev/link/wrap-tests-with-act
An update to SettingsDialog inside a test was not wrapped in act(...).

When testing, code that causes React state updates should be wrapped into act(...):

act(() =&gt; {
  /* fire events that update state */
});
/* assert on the output */

This ensures that you&apos;re testing the behavior the user would see in the browser. Learn more at https://react.dev/link/wrap-tests-with-act
An update to SettingsDialog inside a test was not wrapped in act(...).

When testing, code that causes React state updates should be wrapped into act(...):

act(() =&gt; {
  /* fire events that update state */
});
/* assert on the output */

This ensures that you&apos;re testing the behavior the user would see in the browser. Learn more at https://react.dev/link/wrap-tests-with-act
An update to SettingsDialog inside a test was not wrapped in act(...).

When testing, code that causes React state updates should be wrapped into act(...):

act(() =&gt; {
  /* fire events that update state */
});
/* assert on the output */

This ensures that you&apos;re testing the behavior the user would see in the browser. Learn more at https://react.dev/link/wrap-tests-with-act

An update to Root inside a test was not wrapped in act(...).

When testing, code that causes React state updates should be wrapped into act(...):

act(() =&gt; {
  /* fire events that update state */
});
/* assert on the output */

This ensures that you&apos;re testing the behavior the user would see in the browser. Learn more at https://react.dev/link/wrap-tests-with-act

            </system-err>
        </testcase>
        <testcase classname="src/ui/components/SettingsDialog.test.tsx" name="SettingsDialog &gt; Restart Prompt &gt; should show restart prompt for restart-required settings" time="0.071378709">
            <system-err>
An update to Root inside a test was not wrapped in act(...).

When testing, code that causes React state updates should be wrapped into act(...):

act(() =&gt; {
  /* fire events that update state */
});
/* assert on the output */

This ensures that you&apos;re testing the behavior the user would see in the browser. Learn more at https://react.dev/link/wrap-tests-with-act
An update to SettingsDialog inside a test was not wrapped in act(...).

When testing, code that causes React state updates should be wrapped into act(...):

act(() =&gt; {
  /* fire events that update state */
});
/* assert on the output */

This ensures that you&apos;re testing the behavior the user would see in the browser. Learn more at https://react.dev/link/wrap-tests-with-act
An update to SettingsDialog inside a test was not wrapped in act(...).

When testing, code that causes React state updates should be wrapped into act(...):

act(() =&gt; {
  /* fire events that update state */
});
/* assert on the output */

This ensures that you&apos;re testing the behavior the user would see in the browser. Learn more at https://react.dev/link/wrap-tests-with-act
An update to SettingsDialog inside a test was not wrapped in act(...).

When testing, code that causes React state updates should be wrapped into act(...):

act(() =&gt; {
  /* fire events that update state */
});
/* assert on the output */

This ensures that you&apos;re testing the behavior the user would see in the browser. Learn more at https://react.dev/link/wrap-tests-with-act
An update to SettingsDialog inside a test was not wrapped in act(...).

When testing, code that causes React state updates should be wrapped into act(...):

act(() =&gt; {
  /* fire events that update state */
});
/* assert on the output */

This ensures that you&apos;re testing the behavior the user would see in the browser. Learn more at https://react.dev/link/wrap-tests-with-act
An update to SettingsDialog inside a test was not wrapped in act(...).

When testing, code that causes React state updates should be wrapped into act(...):

act(() =&gt; {
  /* fire events that update state */
});
/* assert on the output */

This ensures that you&apos;re testing the behavior the user would see in the browser. Learn more at https://react.dev/link/wrap-tests-with-act

An update to Root inside a test was not wrapped in act(...).

When testing, code that causes React state updates should be wrapped into act(...):

act(() =&gt; {
  /* fire events that update state */
});
/* assert on the output */

This ensures that you&apos;re testing the behavior the user would see in the browser. Learn more at https://react.dev/link/wrap-tests-with-act

            </system-err>
        </testcase>
        <testcase classname="src/ui/components/SettingsDialog.test.tsx" name="SettingsDialog &gt; Restart Prompt &gt; should handle restart request when r is pressed" time="0.070675831">
            <system-err>
An update to Root inside a test was not wrapped in act(...).

When testing, code that causes React state updates should be wrapped into act(...):

act(() =&gt; {
  /* fire events that update state */
});
/* assert on the output */

This ensures that you&apos;re testing the behavior the user would see in the browser. Learn more at https://react.dev/link/wrap-tests-with-act
An update to SettingsDialog inside a test was not wrapped in act(...).

When testing, code that causes React state updates should be wrapped into act(...):

act(() =&gt; {
  /* fire events that update state */
});
/* assert on the output */

This ensures that you&apos;re testing the behavior the user would see in the browser. Learn more at https://react.dev/link/wrap-tests-with-act
An update to SettingsDialog inside a test was not wrapped in act(...).

When testing, code that causes React state updates should be wrapped into act(...):

act(() =&gt; {
  /* fire events that update state */
});
/* assert on the output */

This ensures that you&apos;re testing the behavior the user would see in the browser. Learn more at https://react.dev/link/wrap-tests-with-act
An update to SettingsDialog inside a test was not wrapped in act(...).

When testing, code that causes React state updates should be wrapped into act(...):

act(() =&gt; {
  /* fire events that update state */
});
/* assert on the output */

This ensures that you&apos;re testing the behavior the user would see in the browser. Learn more at https://react.dev/link/wrap-tests-with-act
An update to SettingsDialog inside a test was not wrapped in act(...).

When testing, code that causes React state updates should be wrapped into act(...):

act(() =&gt; {
  /* fire events that update state */
});
/* assert on the output */

This ensures that you&apos;re testing the behavior the user would see in the browser. Learn more at https://react.dev/link/wrap-tests-with-act
An update to SettingsDialog inside a test was not wrapped in act(...).

When testing, code that causes React state updates should be wrapped into act(...):

act(() =&gt; {
  /* fire events that update state */
});
/* assert on the output */

This ensures that you&apos;re testing the behavior the user would see in the browser. Learn more at https://react.dev/link/wrap-tests-with-act

An update to Root inside a test was not wrapped in act(...).

When testing, code that causes React state updates should be wrapped into act(...):

act(() =&gt; {
  /* fire events that update state */
});
/* assert on the output */

This ensures that you&apos;re testing the behavior the user would see in the browser. Learn more at https://react.dev/link/wrap-tests-with-act

            </system-err>
        </testcase>
        <testcase classname="src/ui/components/SettingsDialog.test.tsx" name="SettingsDialog &gt; Escape Key Behavior &gt; should call onSelect with undefined when Escape is pressed" time="0.02994414">
            <system-err>
An update to Root inside a test was not wrapped in act(...).

When testing, code that causes React state updates should be wrapped into act(...):

act(() =&gt; {
  /* fire events that update state */
});
/* assert on the output */

This ensures that you&apos;re testing the behavior the user would see in the browser. Learn more at https://react.dev/link/wrap-tests-with-act
An update to SettingsDialog inside a test was not wrapped in act(...).

When testing, code that causes React state updates should be wrapped into act(...):

act(() =&gt; {
  /* fire events that update state */
});
/* assert on the output */

This ensures that you&apos;re testing the behavior the user would see in the browser. Learn more at https://react.dev/link/wrap-tests-with-act
An update to SettingsDialog inside a test was not wrapped in act(...).

When testing, code that causes React state updates should be wrapped into act(...):

act(() =&gt; {
  /* fire events that update state */
});
/* assert on the output */

This ensures that you&apos;re testing the behavior the user would see in the browser. Learn more at https://react.dev/link/wrap-tests-with-act
An update to SettingsDialog inside a test was not wrapped in act(...).

When testing, code that causes React state updates should be wrapped into act(...):

act(() =&gt; {
  /* fire events that update state */
});
/* assert on the output */

This ensures that you&apos;re testing the behavior the user would see in the browser. Learn more at https://react.dev/link/wrap-tests-with-act
An update to SettingsDialog inside a test was not wrapped in act(...).

When testing, code that causes React state updates should be wrapped into act(...):

act(() =&gt; {
  /* fire events that update state */
});
/* assert on the output */

This ensures that you&apos;re testing the behavior the user would see in the browser. Learn more at https://react.dev/link/wrap-tests-with-act
An update to SettingsDialog inside a test was not wrapped in act(...).

When testing, code that causes React state updates should be wrapped into act(...):

act(() =&gt; {
  /* fire events that update state */
});
/* assert on the output */

This ensures that you&apos;re testing the behavior the user would see in the browser. Learn more at https://react.dev/link/wrap-tests-with-act

An update to Root inside a test was not wrapped in act(...).

When testing, code that causes React state updates should be wrapped into act(...):

act(() =&gt; {
  /* fire events that update state */
});
/* assert on the output */

This ensures that you&apos;re testing the behavior the user would see in the browser. Learn more at https://react.dev/link/wrap-tests-with-act

            </system-err>
        </testcase>
        <testcase classname="src/ui/components/SettingsDialog.test.tsx" name="SettingsDialog &gt; Settings Persistence &gt; should persist settings across scope changes" time="0.130918676">
            <system-err>
An update to Root inside a test was not wrapped in act(...).

When testing, code that causes React state updates should be wrapped into act(...):

act(() =&gt; {
  /* fire events that update state */
});
/* assert on the output */

This ensures that you&apos;re testing the behavior the user would see in the browser. Learn more at https://react.dev/link/wrap-tests-with-act
An update to SettingsDialog inside a test was not wrapped in act(...).

When testing, code that causes React state updates should be wrapped into act(...):

act(() =&gt; {
  /* fire events that update state */
});
/* assert on the output */

This ensures that you&apos;re testing the behavior the user would see in the browser. Learn more at https://react.dev/link/wrap-tests-with-act
An update to SettingsDialog inside a test was not wrapped in act(...).

When testing, code that causes React state updates should be wrapped into act(...):

act(() =&gt; {
  /* fire events that update state */
});
/* assert on the output */

This ensures that you&apos;re testing the behavior the user would see in the browser. Learn more at https://react.dev/link/wrap-tests-with-act
An update to SettingsDialog inside a test was not wrapped in act(...).

When testing, code that causes React state updates should be wrapped into act(...):

act(() =&gt; {
  /* fire events that update state */
});
/* assert on the output */

This ensures that you&apos;re testing the behavior the user would see in the browser. Learn more at https://react.dev/link/wrap-tests-with-act
An update to SettingsDialog inside a test was not wrapped in act(...).

When testing, code that causes React state updates should be wrapped into act(...):

act(() =&gt; {
  /* fire events that update state */
});
/* assert on the output */

This ensures that you&apos;re testing the behavior the user would see in the browser. Learn more at https://react.dev/link/wrap-tests-with-act
An update to SettingsDialog inside a test was not wrapped in act(...).

When testing, code that causes React state updates should be wrapped into act(...):

act(() =&gt; {
  /* fire events that update state */
});
/* assert on the output */

This ensures that you&apos;re testing the behavior the user would see in the browser. Learn more at https://react.dev/link/wrap-tests-with-act
An update to SettingsDialog inside a test was not wrapped in act(...).

When testing, code that causes React state updates should be wrapped into act(...):

act(() =&gt; {
  /* fire events that update state */
});
/* assert on the output */

This ensures that you&apos;re testing the behavior the user would see in the browser. Learn more at https://react.dev/link/wrap-tests-with-act

An update to RadioButtonSelect inside a test was not wrapped in act(...).

When testing, code that causes React state updates should be wrapped into act(...):

act(() =&gt; {
  /* fire events that update state */
});
/* assert on the output */

This ensures that you&apos;re testing the behavior the user would see in the browser. Learn more at https://react.dev/link/wrap-tests-with-act
An update to RadioButtonSelect inside a test was not wrapped in act(...).

When testing, code that causes React state updates should be wrapped into act(...):

act(() =&gt; {
  /* fire events that update state */
});
/* assert on the output */

This ensures that you&apos;re testing the behavior the user would see in the browser. Learn more at https://react.dev/link/wrap-tests-with-act
An update to SettingsDialog inside a test was not wrapped in act(...).

When testing, code that causes React state updates should be wrapped into act(...):

act(() =&gt; {
  /* fire events that update state */
});
/* assert on the output */

This ensures that you&apos;re testing the behavior the user would see in the browser. Learn more at https://react.dev/link/wrap-tests-with-act
An update to SettingsDialog inside a test was not wrapped in act(...).

When testing, code that causes React state updates should be wrapped into act(...):

act(() =&gt; {
  /* fire events that update state */
});
/* assert on the output */

This ensures that you&apos;re testing the behavior the user would see in the browser. Learn more at https://react.dev/link/wrap-tests-with-act
An update to SettingsDialog inside a test was not wrapped in act(...).

When testing, code that causes React state updates should be wrapped into act(...):

act(() =&gt; {
  /* fire events that update state */
});
/* assert on the output */

This ensures that you&apos;re testing the behavior the user would see in the browser. Learn more at https://react.dev/link/wrap-tests-with-act
An update to RadioButtonSelect inside a test was not wrapped in act(...).

When testing, code that causes React state updates should be wrapped into act(...):

act(() =&gt; {
  /* fire events that update state */
});
/* assert on the output */

This ensures that you&apos;re testing the behavior the user would see in the browser. Learn more at https://react.dev/link/wrap-tests-with-act

An update to SettingsDialog inside a test was not wrapped in act(...).

When testing, code that causes React state updates should be wrapped into act(...):

act(() =&gt; {
  /* fire events that update state */
});
/* assert on the output */

This ensures that you&apos;re testing the behavior the user would see in the browser. Learn more at https://react.dev/link/wrap-tests-with-act
An update to SettingsDialog inside a test was not wrapped in act(...).

When testing, code that causes React state updates should be wrapped into act(...):

act(() =&gt; {
  /* fire events that update state */
});
/* assert on the output */

This ensures that you&apos;re testing the behavior the user would see in the browser. Learn more at https://react.dev/link/wrap-tests-with-act
An update to SettingsDialog inside a test was not wrapped in act(...).

When testing, code that causes React state updates should be wrapped into act(...):

act(() =&gt; {
  /* fire events that update state */
});
/* assert on the output */

This ensures that you&apos;re testing the behavior the user would see in the browser. Learn more at https://react.dev/link/wrap-tests-with-act
An update to SettingsDialog inside a test was not wrapped in act(...).

When testing, code that causes React state updates should be wrapped into act(...):

act(() =&gt; {
  /* fire events that update state */
});
/* assert on the output */

This ensures that you&apos;re testing the behavior the user would see in the browser. Learn more at https://react.dev/link/wrap-tests-with-act

An update to Root inside a test was not wrapped in act(...).

When testing, code that causes React state updates should be wrapped into act(...):

act(() =&gt; {
  /* fire events that update state */
});
/* assert on the output */

This ensures that you&apos;re testing the behavior the user would see in the browser. Learn more at https://react.dev/link/wrap-tests-with-act

            </system-err>
        </testcase>
        <testcase classname="src/ui/components/SettingsDialog.test.tsx" name="SettingsDialog &gt; Settings Persistence &gt; should show different values for different scopes" time="0.018268881">
            <system-err>
An update to Root inside a test was not wrapped in act(...).

When testing, code that causes React state updates should be wrapped into act(...):

act(() =&gt; {
  /* fire events that update state */
});
/* assert on the output */

This ensures that you&apos;re testing the behavior the user would see in the browser. Learn more at https://react.dev/link/wrap-tests-with-act
An update to SettingsDialog inside a test was not wrapped in act(...).

When testing, code that causes React state updates should be wrapped into act(...):

act(() =&gt; {
  /* fire events that update state */
});
/* assert on the output */

This ensures that you&apos;re testing the behavior the user would see in the browser. Learn more at https://react.dev/link/wrap-tests-with-act
An update to SettingsDialog inside a test was not wrapped in act(...).

When testing, code that causes React state updates should be wrapped into act(...):

act(() =&gt; {
  /* fire events that update state */
});
/* assert on the output */

This ensures that you&apos;re testing the behavior the user would see in the browser. Learn more at https://react.dev/link/wrap-tests-with-act
An update to SettingsDialog inside a test was not wrapped in act(...).

When testing, code that causes React state updates should be wrapped into act(...):

act(() =&gt; {
  /* fire events that update state */
});
/* assert on the output */

This ensures that you&apos;re testing the behavior the user would see in the browser. Learn more at https://react.dev/link/wrap-tests-with-act
An update to SettingsDialog inside a test was not wrapped in act(...).

When testing, code that causes React state updates should be wrapped into act(...):

act(() =&gt; {
  /* fire events that update state */
});
/* assert on the output */

This ensures that you&apos;re testing the behavior the user would see in the browser. Learn more at https://react.dev/link/wrap-tests-with-act
An update to SettingsDialog inside a test was not wrapped in act(...).

When testing, code that causes React state updates should be wrapped into act(...):

act(() =&gt; {
  /* fire events that update state */
});
/* assert on the output */

This ensures that you&apos;re testing the behavior the user would see in the browser. Learn more at https://react.dev/link/wrap-tests-with-act

            </system-err>
        </testcase>
        <testcase classname="src/ui/components/SettingsDialog.test.tsx" name="SettingsDialog &gt; Error Handling &gt; should handle vim mode toggle errors gracefully" time="0.073065392">
            <system-out>
[DEBUG SettingsDialog] Saving general.vimMode immediately with value: [33mtrue[39m

            </system-out>
            <system-err>
An update to Root inside a test was not wrapped in act(...).

When testing, code that causes React state updates should be wrapped into act(...):

act(() =&gt; {
  /* fire events that update state */
});
/* assert on the output */

This ensures that you&apos;re testing the behavior the user would see in the browser. Learn more at https://react.dev/link/wrap-tests-with-act
An update to SettingsDialog inside a test was not wrapped in act(...).

When testing, code that causes React state updates should be wrapped into act(...):

act(() =&gt; {
  /* fire events that update state */
});
/* assert on the output */

This ensures that you&apos;re testing the behavior the user would see in the browser. Learn more at https://react.dev/link/wrap-tests-with-act
An update to SettingsDialog inside a test was not wrapped in act(...).

When testing, code that causes React state updates should be wrapped into act(...):

act(() =&gt; {
  /* fire events that update state */
});
/* assert on the output */

This ensures that you&apos;re testing the behavior the user would see in the browser. Learn more at https://react.dev/link/wrap-tests-with-act
An update to SettingsDialog inside a test was not wrapped in act(...).

When testing, code that causes React state updates should be wrapped into act(...):

act(() =&gt; {
  /* fire events that update state */
});
/* assert on the output */

This ensures that you&apos;re testing the behavior the user would see in the browser. Learn more at https://react.dev/link/wrap-tests-with-act
An update to SettingsDialog inside a test was not wrapped in act(...).

When testing, code that causes React state updates should be wrapped into act(...):

act(() =&gt; {
  /* fire events that update state */
});
/* assert on the output */

This ensures that you&apos;re testing the behavior the user would see in the browser. Learn more at https://react.dev/link/wrap-tests-with-act
An update to SettingsDialog inside a test was not wrapped in act(...).

When testing, code that causes React state updates should be wrapped into act(...):

act(() =&gt; {
  /* fire events that update state */
});
/* assert on the output */

This ensures that you&apos;re testing the behavior the user would see in the browser. Learn more at https://react.dev/link/wrap-tests-with-act
An update to SettingsDialog inside a test was not wrapped in act(...).

When testing, code that causes React state updates should be wrapped into act(...):

act(() =&gt; {
  /* fire events that update state */
});
/* assert on the output */

This ensures that you&apos;re testing the behavior the user would see in the browser. Learn more at https://react.dev/link/wrap-tests-with-act
An update to SettingsDialog inside a test was not wrapped in act(...).

When testing, code that causes React state updates should be wrapped into act(...):

act(() =&gt; {
  /* fire events that update state */
});
/* assert on the output */

This ensures that you&apos;re testing the behavior the user would see in the browser. Learn more at https://react.dev/link/wrap-tests-with-act
An update to SettingsDialog inside a test was not wrapped in act(...).

When testing, code that causes React state updates should be wrapped into act(...):

act(() =&gt; {
  /* fire events that update state */
});
/* assert on the output */

This ensures that you&apos;re testing the behavior the user would see in the browser. Learn more at https://react.dev/link/wrap-tests-with-act
An update to SettingsDialog inside a test was not wrapped in act(...).

When testing, code that causes React state updates should be wrapped into act(...):

act(() =&gt; {
  /* fire events that update state */
});
/* assert on the output */

This ensures that you&apos;re testing the behavior the user would see in the browser. Learn more at https://react.dev/link/wrap-tests-with-act
An update to SettingsDialog inside a test was not wrapped in act(...).

When testing, code that causes React state updates should be wrapped into act(...):

act(() =&gt; {
  /* fire events that update state */
});
/* assert on the output */

This ensures that you&apos;re testing the behavior the user would see in the browser. Learn more at https://react.dev/link/wrap-tests-with-act
Failed to toggle vim mode: Error: Toggle failed
    at [90m/home/atmandk/LowCal-dev/packages/cli/[39msrc/ui/components/SettingsDialog.test.tsx:540:46
    at file:///home/atmandk/LowCal-dev/node_modules/[4m@vitest/runner[24m/dist/chunk-hooks.js:155:11
    at file:///home/atmandk/LowCal-dev/node_modules/[4m@vitest/runner[24m/dist/chunk-hooks.js:752:26
    at file:///home/atmandk/LowCal-dev/node_modules/[4m@vitest/runner[24m/dist/chunk-hooks.js:1897:20
    at new Promise (&lt;anonymous&gt;)
    at runWithTimeout (file:///home/atmandk/LowCal-dev/node_modules/[4m@vitest/runner[24m/dist/chunk-hooks.js:1863:10)
    at runTest (file:///home/atmandk/LowCal-dev/node_modules/[4m@vitest/runner[24m/dist/chunk-hooks.js:1574:12)
    at runSuite (file:///home/atmandk/LowCal-dev/node_modules/[4m@vitest/runner[24m/dist/chunk-hooks.js:1729:8)
    at runSuite (file:///home/atmandk/LowCal-dev/node_modules/[4m@vitest/runner[24m/dist/chunk-hooks.js:1729:8)
    at runSuite (file:///home/atmandk/LowCal-dev/node_modules/[4m@vitest/runner[24m/dist/chunk-hooks.js:1729:8)

An update to Root inside a test was not wrapped in act(...).

When testing, code that causes React state updates should be wrapped into act(...):

act(() =&gt; {
  /* fire events that update state */
});
/* assert on the output */

This ensures that you&apos;re testing the behavior the user would see in the browser. Learn more at https://react.dev/link/wrap-tests-with-act

            </system-err>
        </testcase>
        <testcase classname="src/ui/components/SettingsDialog.test.tsx" name="SettingsDialog &gt; Complex State Management &gt; should track modified settings correctly" time="0.175153954">
            <system-out>
[DEBUG SettingsDialog] Saving general.vimMode immediately with value: [33mtrue[39m

[DEBUG SettingsDialog] Saving general.disableAutoUpdate immediately with value: [33mtrue[39m

            </system-out>
            <system-err>
An update to Root inside a test was not wrapped in act(...).

When testing, code that causes React state updates should be wrapped into act(...):

act(() =&gt; {
  /* fire events that update state */
});
/* assert on the output */

This ensures that you&apos;re testing the behavior the user would see in the browser. Learn more at https://react.dev/link/wrap-tests-with-act
An update to SettingsDialog inside a test was not wrapped in act(...).

When testing, code that causes React state updates should be wrapped into act(...):

act(() =&gt; {
  /* fire events that update state */
});
/* assert on the output */

This ensures that you&apos;re testing the behavior the user would see in the browser. Learn more at https://react.dev/link/wrap-tests-with-act
An update to SettingsDialog inside a test was not wrapped in act(...).

When testing, code that causes React state updates should be wrapped into act(...):

act(() =&gt; {
  /* fire events that update state */
});
/* assert on the output */

This ensures that you&apos;re testing the behavior the user would see in the browser. Learn more at https://react.dev/link/wrap-tests-with-act
An update to SettingsDialog inside a test was not wrapped in act(...).

When testing, code that causes React state updates should be wrapped into act(...):

act(() =&gt; {
  /* fire events that update state */
});
/* assert on the output */

This ensures that you&apos;re testing the behavior the user would see in the browser. Learn more at https://react.dev/link/wrap-tests-with-act
An update to SettingsDialog inside a test was not wrapped in act(...).

When testing, code that causes React state updates should be wrapped into act(...):

act(() =&gt; {
  /* fire events that update state */
});
/* assert on the output */

This ensures that you&apos;re testing the behavior the user would see in the browser. Learn more at https://react.dev/link/wrap-tests-with-act
An update to SettingsDialog inside a test was not wrapped in act(...).

When testing, code that causes React state updates should be wrapped into act(...):

act(() =&gt; {
  /* fire events that update state */
});
/* assert on the output */

This ensures that you&apos;re testing the behavior the user would see in the browser. Learn more at https://react.dev/link/wrap-tests-with-act
An update to SettingsDialog inside a test was not wrapped in act(...).

When testing, code that causes React state updates should be wrapped into act(...):

act(() =&gt; {
  /* fire events that update state */
});
/* assert on the output */

This ensures that you&apos;re testing the behavior the user would see in the browser. Learn more at https://react.dev/link/wrap-tests-with-act
An update to SettingsDialog inside a test was not wrapped in act(...).

When testing, code that causes React state updates should be wrapped into act(...):

act(() =&gt; {
  /* fire events that update state */
});
/* assert on the output */

This ensures that you&apos;re testing the behavior the user would see in the browser. Learn more at https://react.dev/link/wrap-tests-with-act
An update to SettingsDialog inside a test was not wrapped in act(...).

When testing, code that causes React state updates should be wrapped into act(...):

act(() =&gt; {
  /* fire events that update state */
});
/* assert on the output */

This ensures that you&apos;re testing the behavior the user would see in the browser. Learn more at https://react.dev/link/wrap-tests-with-act
An update to SettingsDialog inside a test was not wrapped in act(...).

When testing, code that causes React state updates should be wrapped into act(...):

act(() =&gt; {
  /* fire events that update state */
});
/* assert on the output */

This ensures that you&apos;re testing the behavior the user would see in the browser. Learn more at https://react.dev/link/wrap-tests-with-act
An update to SettingsDialog inside a test was not wrapped in act(...).

When testing, code that causes React state updates should be wrapped into act(...):

act(() =&gt; {
  /* fire events that update state */
});
/* assert on the output */

This ensures that you&apos;re testing the behavior the user would see in the browser. Learn more at https://react.dev/link/wrap-tests-with-act

An update to SettingsDialog inside a test was not wrapped in act(...).

When testing, code that causes React state updates should be wrapped into act(...):

act(() =&gt; {
  /* fire events that update state */
});
/* assert on the output */

This ensures that you&apos;re testing the behavior the user would see in the browser. Learn more at https://react.dev/link/wrap-tests-with-act

An update to SettingsDialog inside a test was not wrapped in act(...).

When testing, code that causes React state updates should be wrapped into act(...):

act(() =&gt; {
  /* fire events that update state */
});
/* assert on the output */

This ensures that you&apos;re testing the behavior the user would see in the browser. Learn more at https://react.dev/link/wrap-tests-with-act
An update to SettingsDialog inside a test was not wrapped in act(...).

When testing, code that causes React state updates should be wrapped into act(...):

act(() =&gt; {
  /* fire events that update state */
});
/* assert on the output */

This ensures that you&apos;re testing the behavior the user would see in the browser. Learn more at https://react.dev/link/wrap-tests-with-act
An update to SettingsDialog inside a test was not wrapped in act(...).

When testing, code that causes React state updates should be wrapped into act(...):

act(() =&gt; {
  /* fire events that update state */
});
/* assert on the output */

This ensures that you&apos;re testing the behavior the user would see in the browser. Learn more at https://react.dev/link/wrap-tests-with-act
An update to SettingsDialog inside a test was not wrapped in act(...).

When testing, code that causes React state updates should be wrapped into act(...):

act(() =&gt; {
  /* fire events that update state */
});
/* assert on the output */

This ensures that you&apos;re testing the behavior the user would see in the browser. Learn more at https://react.dev/link/wrap-tests-with-act
An update to SettingsDialog inside a test was not wrapped in act(...).

When testing, code that causes React state updates should be wrapped into act(...):

act(() =&gt; {
  /* fire events that update state */
});
/* assert on the output */

This ensures that you&apos;re testing the behavior the user would see in the browser. Learn more at https://react.dev/link/wrap-tests-with-act

An update to Root inside a test was not wrapped in act(...).

When testing, code that causes React state updates should be wrapped into act(...):

act(() =&gt; {
  /* fire events that update state */
});
/* assert on the output */

This ensures that you&apos;re testing the behavior the user would see in the browser. Learn more at https://react.dev/link/wrap-tests-with-act

            </system-err>
        </testcase>
        <testcase classname="src/ui/components/SettingsDialog.test.tsx" name="SettingsDialog &gt; Complex State Management &gt; should handle scrolling when there are many settings" time="0.15306918">
            <system-err>
An update to Root inside a test was not wrapped in act(...).

When testing, code that causes React state updates should be wrapped into act(...):

act(() =&gt; {
  /* fire events that update state */
});
/* assert on the output */

This ensures that you&apos;re testing the behavior the user would see in the browser. Learn more at https://react.dev/link/wrap-tests-with-act
An update to SettingsDialog inside a test was not wrapped in act(...).

When testing, code that causes React state updates should be wrapped into act(...):

act(() =&gt; {
  /* fire events that update state */
});
/* assert on the output */

This ensures that you&apos;re testing the behavior the user would see in the browser. Learn more at https://react.dev/link/wrap-tests-with-act
An update to SettingsDialog inside a test was not wrapped in act(...).

When testing, code that causes React state updates should be wrapped into act(...):

act(() =&gt; {
  /* fire events that update state */
});
/* assert on the output */

This ensures that you&apos;re testing the behavior the user would see in the browser. Learn more at https://react.dev/link/wrap-tests-with-act
An update to SettingsDialog inside a test was not wrapped in act(...).

When testing, code that causes React state updates should be wrapped into act(...):

act(() =&gt; {
  /* fire events that update state */
});
/* assert on the output */

This ensures that you&apos;re testing the behavior the user would see in the browser. Learn more at https://react.dev/link/wrap-tests-with-act
An update to SettingsDialog inside a test was not wrapped in act(...).

When testing, code that causes React state updates should be wrapped into act(...):

act(() =&gt; {
  /* fire events that update state */
});
/* assert on the output */

This ensures that you&apos;re testing the behavior the user would see in the browser. Learn more at https://react.dev/link/wrap-tests-with-act
An update to SettingsDialog inside a test was not wrapped in act(...).

When testing, code that causes React state updates should be wrapped into act(...):

act(() =&gt; {
  /* fire events that update state */
});
/* assert on the output */

This ensures that you&apos;re testing the behavior the user would see in the browser. Learn more at https://react.dev/link/wrap-tests-with-act
An update to SettingsDialog inside a test was not wrapped in act(...).

When testing, code that causes React state updates should be wrapped into act(...):

act(() =&gt; {
  /* fire events that update state */
});
/* assert on the output */

This ensures that you&apos;re testing the behavior the user would see in the browser. Learn more at https://react.dev/link/wrap-tests-with-act

An update to SettingsDialog inside a test was not wrapped in act(...).

When testing, code that causes React state updates should be wrapped into act(...):

act(() =&gt; {
  /* fire events that update state */
});
/* assert on the output */

This ensures that you&apos;re testing the behavior the user would see in the browser. Learn more at https://react.dev/link/wrap-tests-with-act

An update to SettingsDialog inside a test was not wrapped in act(...).

When testing, code that causes React state updates should be wrapped into act(...):

act(() =&gt; {
  /* fire events that update state */
});
/* assert on the output */

This ensures that you&apos;re testing the behavior the user would see in the browser. Learn more at https://react.dev/link/wrap-tests-with-act

An update to SettingsDialog inside a test was not wrapped in act(...).

When testing, code that causes React state updates should be wrapped into act(...):

act(() =&gt; {
  /* fire events that update state */
});
/* assert on the output */

This ensures that you&apos;re testing the behavior the user would see in the browser. Learn more at https://react.dev/link/wrap-tests-with-act

An update to SettingsDialog inside a test was not wrapped in act(...).

When testing, code that causes React state updates should be wrapped into act(...):

act(() =&gt; {
  /* fire events that update state */
});
/* assert on the output */

This ensures that you&apos;re testing the behavior the user would see in the browser. Learn more at https://react.dev/link/wrap-tests-with-act

An update to SettingsDialog inside a test was not wrapped in act(...).

When testing, code that causes React state updates should be wrapped into act(...):

act(() =&gt; {
  /* fire events that update state */
});
/* assert on the output */

This ensures that you&apos;re testing the behavior the user would see in the browser. Learn more at https://react.dev/link/wrap-tests-with-act

An update to SettingsDialog inside a test was not wrapped in act(...).

When testing, code that causes React state updates should be wrapped into act(...):

act(() =&gt; {
  /* fire events that update state */
});
/* assert on the output */

This ensures that you&apos;re testing the behavior the user would see in the browser. Learn more at https://react.dev/link/wrap-tests-with-act

An update to SettingsDialog inside a test was not wrapped in act(...).

When testing, code that causes React state updates should be wrapped into act(...):

act(() =&gt; {
  /* fire events that update state */
});
/* assert on the output */

This ensures that you&apos;re testing the behavior the user would see in the browser. Learn more at https://react.dev/link/wrap-tests-with-act

An update to SettingsDialog inside a test was not wrapped in act(...).

When testing, code that causes React state updates should be wrapped into act(...):

act(() =&gt; {
  /* fire events that update state */
});
/* assert on the output */

This ensures that you&apos;re testing the behavior the user would see in the browser. Learn more at https://react.dev/link/wrap-tests-with-act

An update to SettingsDialog inside a test was not wrapped in act(...).

When testing, code that causes React state updates should be wrapped into act(...):

act(() =&gt; {
  /* fire events that update state */
});
/* assert on the output */

This ensures that you&apos;re testing the behavior the user would see in the browser. Learn more at https://react.dev/link/wrap-tests-with-act

An update to Root inside a test was not wrapped in act(...).

When testing, code that causes React state updates should be wrapped into act(...):

act(() =&gt; {
  /* fire events that update state */
});
/* assert on the output */

This ensures that you&apos;re testing the behavior the user would see in the browser. Learn more at https://react.dev/link/wrap-tests-with-act

            </system-err>
        </testcase>
        <testcase classname="src/ui/components/SettingsDialog.test.tsx" name="SettingsDialog &gt; VimMode Integration &gt; should sync with VimModeContext when vim mode is toggled" time="0.074441191">
            <system-out>
[DEBUG SettingsDialog] Saving general.vimMode immediately with value: [33mtrue[39m

            </system-out>
            <system-err>
An update to Root inside a test was not wrapped in act(...).

When testing, code that causes React state updates should be wrapped into act(...):

act(() =&gt; {
  /* fire events that update state */
});
/* assert on the output */

This ensures that you&apos;re testing the behavior the user would see in the browser. Learn more at https://react.dev/link/wrap-tests-with-act
An update to SettingsDialog inside a test was not wrapped in act(...).

When testing, code that causes React state updates should be wrapped into act(...):

act(() =&gt; {
  /* fire events that update state */
});
/* assert on the output */

This ensures that you&apos;re testing the behavior the user would see in the browser. Learn more at https://react.dev/link/wrap-tests-with-act
An update to SettingsDialog inside a test was not wrapped in act(...).

When testing, code that causes React state updates should be wrapped into act(...):

act(() =&gt; {
  /* fire events that update state */
});
/* assert on the output */

This ensures that you&apos;re testing the behavior the user would see in the browser. Learn more at https://react.dev/link/wrap-tests-with-act
An update to SettingsDialog inside a test was not wrapped in act(...).

When testing, code that causes React state updates should be wrapped into act(...):

act(() =&gt; {
  /* fire events that update state */
});
/* assert on the output */

This ensures that you&apos;re testing the behavior the user would see in the browser. Learn more at https://react.dev/link/wrap-tests-with-act
An update to SettingsDialog inside a test was not wrapped in act(...).

When testing, code that causes React state updates should be wrapped into act(...):

act(() =&gt; {
  /* fire events that update state */
});
/* assert on the output */

This ensures that you&apos;re testing the behavior the user would see in the browser. Learn more at https://react.dev/link/wrap-tests-with-act
An update to SettingsDialog inside a test was not wrapped in act(...).

When testing, code that causes React state updates should be wrapped into act(...):

act(() =&gt; {
  /* fire events that update state */
});
/* assert on the output */

This ensures that you&apos;re testing the behavior the user would see in the browser. Learn more at https://react.dev/link/wrap-tests-with-act
An update to SettingsDialog inside a test was not wrapped in act(...).

When testing, code that causes React state updates should be wrapped into act(...):

act(() =&gt; {
  /* fire events that update state */
});
/* assert on the output */

This ensures that you&apos;re testing the behavior the user would see in the browser. Learn more at https://react.dev/link/wrap-tests-with-act
An update to SettingsDialog inside a test was not wrapped in act(...).

When testing, code that causes React state updates should be wrapped into act(...):

act(() =&gt; {
  /* fire events that update state */
});
/* assert on the output */

This ensures that you&apos;re testing the behavior the user would see in the browser. Learn more at https://react.dev/link/wrap-tests-with-act
An update to SettingsDialog inside a test was not wrapped in act(...).

When testing, code that causes React state updates should be wrapped into act(...):

act(() =&gt; {
  /* fire events that update state */
});
/* assert on the output */

This ensures that you&apos;re testing the behavior the user would see in the browser. Learn more at https://react.dev/link/wrap-tests-with-act
An update to SettingsDialog inside a test was not wrapped in act(...).

When testing, code that causes React state updates should be wrapped into act(...):

act(() =&gt; {
  /* fire events that update state */
});
/* assert on the output */

This ensures that you&apos;re testing the behavior the user would see in the browser. Learn more at https://react.dev/link/wrap-tests-with-act
An update to SettingsDialog inside a test was not wrapped in act(...).

When testing, code that causes React state updates should be wrapped into act(...):

act(() =&gt; {
  /* fire events that update state */
});
/* assert on the output */

This ensures that you&apos;re testing the behavior the user would see in the browser. Learn more at https://react.dev/link/wrap-tests-with-act

An update to Root inside a test was not wrapped in act(...).

When testing, code that causes React state updates should be wrapped into act(...):

act(() =&gt; {
  /* fire events that update state */
});
/* assert on the output */

This ensures that you&apos;re testing the behavior the user would see in the browser. Learn more at https://react.dev/link/wrap-tests-with-act

            </system-err>
        </testcase>
        <testcase classname="src/ui/components/SettingsDialog.test.tsx" name="SettingsDialog &gt; Specific Settings Behavior &gt; should show correct display values for settings with different states" time="0.015529885">
            <system-err>
An update to Root inside a test was not wrapped in act(...).

When testing, code that causes React state updates should be wrapped into act(...):

act(() =&gt; {
  /* fire events that update state */
});
/* assert on the output */

This ensures that you&apos;re testing the behavior the user would see in the browser. Learn more at https://react.dev/link/wrap-tests-with-act
An update to SettingsDialog inside a test was not wrapped in act(...).

When testing, code that causes React state updates should be wrapped into act(...):

act(() =&gt; {
  /* fire events that update state */
});
/* assert on the output */

This ensures that you&apos;re testing the behavior the user would see in the browser. Learn more at https://react.dev/link/wrap-tests-with-act
An update to SettingsDialog inside a test was not wrapped in act(...).

When testing, code that causes React state updates should be wrapped into act(...):

act(() =&gt; {
  /* fire events that update state */
});
/* assert on the output */

This ensures that you&apos;re testing the behavior the user would see in the browser. Learn more at https://react.dev/link/wrap-tests-with-act
An update to SettingsDialog inside a test was not wrapped in act(...).

When testing, code that causes React state updates should be wrapped into act(...):

act(() =&gt; {
  /* fire events that update state */
});
/* assert on the output */

This ensures that you&apos;re testing the behavior the user would see in the browser. Learn more at https://react.dev/link/wrap-tests-with-act
An update to SettingsDialog inside a test was not wrapped in act(...).

When testing, code that causes React state updates should be wrapped into act(...):

act(() =&gt; {
  /* fire events that update state */
});
/* assert on the output */

This ensures that you&apos;re testing the behavior the user would see in the browser. Learn more at https://react.dev/link/wrap-tests-with-act
An update to SettingsDialog inside a test was not wrapped in act(...).

When testing, code that causes React state updates should be wrapped into act(...):

act(() =&gt; {
  /* fire events that update state */
});
/* assert on the output */

This ensures that you&apos;re testing the behavior the user would see in the browser. Learn more at https://react.dev/link/wrap-tests-with-act

            </system-err>
        </testcase>
        <testcase classname="src/ui/components/SettingsDialog.test.tsx" name="SettingsDialog &gt; Specific Settings Behavior &gt; should handle immediate settings save for non-restart-required settings" time="0.073570384">
            <system-out>
[DEBUG SettingsDialog] Saving general.vimMode immediately with value: [33mtrue[39m

            </system-out>
            <system-err>
An update to Root inside a test was not wrapped in act(...).

When testing, code that causes React state updates should be wrapped into act(...):

act(() =&gt; {
  /* fire events that update state */
});
/* assert on the output */

This ensures that you&apos;re testing the behavior the user would see in the browser. Learn more at https://react.dev/link/wrap-tests-with-act
An update to SettingsDialog inside a test was not wrapped in act(...).

When testing, code that causes React state updates should be wrapped into act(...):

act(() =&gt; {
  /* fire events that update state */
});
/* assert on the output */

This ensures that you&apos;re testing the behavior the user would see in the browser. Learn more at https://react.dev/link/wrap-tests-with-act
An update to SettingsDialog inside a test was not wrapped in act(...).

When testing, code that causes React state updates should be wrapped into act(...):

act(() =&gt; {
  /* fire events that update state */
});
/* assert on the output */

This ensures that you&apos;re testing the behavior the user would see in the browser. Learn more at https://react.dev/link/wrap-tests-with-act
An update to SettingsDialog inside a test was not wrapped in act(...).

When testing, code that causes React state updates should be wrapped into act(...):

act(() =&gt; {
  /* fire events that update state */
});
/* assert on the output */

This ensures that you&apos;re testing the behavior the user would see in the browser. Learn more at https://react.dev/link/wrap-tests-with-act
An update to SettingsDialog inside a test was not wrapped in act(...).

When testing, code that causes React state updates should be wrapped into act(...):

act(() =&gt; {
  /* fire events that update state */
});
/* assert on the output */

This ensures that you&apos;re testing the behavior the user would see in the browser. Learn more at https://react.dev/link/wrap-tests-with-act
An update to SettingsDialog inside a test was not wrapped in act(...).

When testing, code that causes React state updates should be wrapped into act(...):

act(() =&gt; {
  /* fire events that update state */
});
/* assert on the output */

This ensures that you&apos;re testing the behavior the user would see in the browser. Learn more at https://react.dev/link/wrap-tests-with-act
An update to SettingsDialog inside a test was not wrapped in act(...).

When testing, code that causes React state updates should be wrapped into act(...):

act(() =&gt; {
  /* fire events that update state */
});
/* assert on the output */

This ensures that you&apos;re testing the behavior the user would see in the browser. Learn more at https://react.dev/link/wrap-tests-with-act
An update to SettingsDialog inside a test was not wrapped in act(...).

When testing, code that causes React state updates should be wrapped into act(...):

act(() =&gt; {
  /* fire events that update state */
});
/* assert on the output */

This ensures that you&apos;re testing the behavior the user would see in the browser. Learn more at https://react.dev/link/wrap-tests-with-act
An update to SettingsDialog inside a test was not wrapped in act(...).

When testing, code that causes React state updates should be wrapped into act(...):

act(() =&gt; {
  /* fire events that update state */
});
/* assert on the output */

This ensures that you&apos;re testing the behavior the user would see in the browser. Learn more at https://react.dev/link/wrap-tests-with-act
An update to SettingsDialog inside a test was not wrapped in act(...).

When testing, code that causes React state updates should be wrapped into act(...):

act(() =&gt; {
  /* fire events that update state */
});
/* assert on the output */

This ensures that you&apos;re testing the behavior the user would see in the browser. Learn more at https://react.dev/link/wrap-tests-with-act
An update to SettingsDialog inside a test was not wrapped in act(...).

When testing, code that causes React state updates should be wrapped into act(...):

act(() =&gt; {
  /* fire events that update state */
});
/* assert on the output */

This ensures that you&apos;re testing the behavior the user would see in the browser. Learn more at https://react.dev/link/wrap-tests-with-act

An update to Root inside a test was not wrapped in act(...).

When testing, code that causes React state updates should be wrapped into act(...):

act(() =&gt; {
  /* fire events that update state */
});
/* assert on the output */

This ensures that you&apos;re testing the behavior the user would see in the browser. Learn more at https://react.dev/link/wrap-tests-with-act

            </system-err>
        </testcase>
        <testcase classname="src/ui/components/SettingsDialog.test.tsx" name="SettingsDialog &gt; Specific Settings Behavior &gt; should show restart prompt for restart-required settings" time="0.070571138">
            <system-err>
An update to Root inside a test was not wrapped in act(...).

When testing, code that causes React state updates should be wrapped into act(...):

act(() =&gt; {
  /* fire events that update state */
});
/* assert on the output */

This ensures that you&apos;re testing the behavior the user would see in the browser. Learn more at https://react.dev/link/wrap-tests-with-act
An update to SettingsDialog inside a test was not wrapped in act(...).

When testing, code that causes React state updates should be wrapped into act(...):

act(() =&gt; {
  /* fire events that update state */
});
/* assert on the output */

This ensures that you&apos;re testing the behavior the user would see in the browser. Learn more at https://react.dev/link/wrap-tests-with-act
An update to SettingsDialog inside a test was not wrapped in act(...).

When testing, code that causes React state updates should be wrapped into act(...):

act(() =&gt; {
  /* fire events that update state */
});
/* assert on the output */

This ensures that you&apos;re testing the behavior the user would see in the browser. Learn more at https://react.dev/link/wrap-tests-with-act
An update to SettingsDialog inside a test was not wrapped in act(...).

When testing, code that causes React state updates should be wrapped into act(...):

act(() =&gt; {
  /* fire events that update state */
});
/* assert on the output */

This ensures that you&apos;re testing the behavior the user would see in the browser. Learn more at https://react.dev/link/wrap-tests-with-act
An update to SettingsDialog inside a test was not wrapped in act(...).

When testing, code that causes React state updates should be wrapped into act(...):

act(() =&gt; {
  /* fire events that update state */
});
/* assert on the output */

This ensures that you&apos;re testing the behavior the user would see in the browser. Learn more at https://react.dev/link/wrap-tests-with-act
An update to SettingsDialog inside a test was not wrapped in act(...).

When testing, code that causes React state updates should be wrapped into act(...):

act(() =&gt; {
  /* fire events that update state */
});
/* assert on the output */

This ensures that you&apos;re testing the behavior the user would see in the browser. Learn more at https://react.dev/link/wrap-tests-with-act

An update to Root inside a test was not wrapped in act(...).

When testing, code that causes React state updates should be wrapped into act(...):

act(() =&gt; {
  /* fire events that update state */
});
/* assert on the output */

This ensures that you&apos;re testing the behavior the user would see in the browser. Learn more at https://react.dev/link/wrap-tests-with-act

            </system-err>
        </testcase>
        <testcase classname="src/ui/components/SettingsDialog.test.tsx" name="SettingsDialog &gt; Specific Settings Behavior &gt; should clear restart prompt when switching scopes" time="0.016326816">
            <system-err>
An update to Root inside a test was not wrapped in act(...).

When testing, code that causes React state updates should be wrapped into act(...):

act(() =&gt; {
  /* fire events that update state */
});
/* assert on the output */

This ensures that you&apos;re testing the behavior the user would see in the browser. Learn more at https://react.dev/link/wrap-tests-with-act
An update to SettingsDialog inside a test was not wrapped in act(...).

When testing, code that causes React state updates should be wrapped into act(...):

act(() =&gt; {
  /* fire events that update state */
});
/* assert on the output */

This ensures that you&apos;re testing the behavior the user would see in the browser. Learn more at https://react.dev/link/wrap-tests-with-act
An update to SettingsDialog inside a test was not wrapped in act(...).

When testing, code that causes React state updates should be wrapped into act(...):

act(() =&gt; {
  /* fire events that update state */
});
/* assert on the output */

This ensures that you&apos;re testing the behavior the user would see in the browser. Learn more at https://react.dev/link/wrap-tests-with-act
An update to SettingsDialog inside a test was not wrapped in act(...).

When testing, code that causes React state updates should be wrapped into act(...):

act(() =&gt; {
  /* fire events that update state */
});
/* assert on the output */

This ensures that you&apos;re testing the behavior the user would see in the browser. Learn more at https://react.dev/link/wrap-tests-with-act
An update to SettingsDialog inside a test was not wrapped in act(...).

When testing, code that causes React state updates should be wrapped into act(...):

act(() =&gt; {
  /* fire events that update state */
});
/* assert on the output */

This ensures that you&apos;re testing the behavior the user would see in the browser. Learn more at https://react.dev/link/wrap-tests-with-act
An update to SettingsDialog inside a test was not wrapped in act(...).

When testing, code that causes React state updates should be wrapped into act(...):

act(() =&gt; {
  /* fire events that update state */
});
/* assert on the output */

This ensures that you&apos;re testing the behavior the user would see in the browser. Learn more at https://react.dev/link/wrap-tests-with-act
An update to Root inside a test was not wrapped in act(...).

When testing, code that causes React state updates should be wrapped into act(...):

act(() =&gt; {
  /* fire events that update state */
});
/* assert on the output */

This ensures that you&apos;re testing the behavior the user would see in the browser. Learn more at https://react.dev/link/wrap-tests-with-act

            </system-err>
        </testcase>
        <testcase classname="src/ui/components/SettingsDialog.test.tsx" name="SettingsDialog &gt; Settings Display Values &gt; should show correct values for inherited settings" time="0.0114156">
            <system-err>
An update to Root inside a test was not wrapped in act(...).

When testing, code that causes React state updates should be wrapped into act(...):

act(() =&gt; {
  /* fire events that update state */
});
/* assert on the output */

This ensures that you&apos;re testing the behavior the user would see in the browser. Learn more at https://react.dev/link/wrap-tests-with-act
An update to SettingsDialog inside a test was not wrapped in act(...).

When testing, code that causes React state updates should be wrapped into act(...):

act(() =&gt; {
  /* fire events that update state */
});
/* assert on the output */

This ensures that you&apos;re testing the behavior the user would see in the browser. Learn more at https://react.dev/link/wrap-tests-with-act
An update to SettingsDialog inside a test was not wrapped in act(...).

When testing, code that causes React state updates should be wrapped into act(...):

act(() =&gt; {
  /* fire events that update state */
});
/* assert on the output */

This ensures that you&apos;re testing the behavior the user would see in the browser. Learn more at https://react.dev/link/wrap-tests-with-act
An update to SettingsDialog inside a test was not wrapped in act(...).

When testing, code that causes React state updates should be wrapped into act(...):

act(() =&gt; {
  /* fire events that update state */
});
/* assert on the output */

This ensures that you&apos;re testing the behavior the user would see in the browser. Learn more at https://react.dev/link/wrap-tests-with-act
An update to SettingsDialog inside a test was not wrapped in act(...).

When testing, code that causes React state updates should be wrapped into act(...):

act(() =&gt; {
  /* fire events that update state */
});
/* assert on the output */

This ensures that you&apos;re testing the behavior the user would see in the browser. Learn more at https://react.dev/link/wrap-tests-with-act
An update to SettingsDialog inside a test was not wrapped in act(...).

When testing, code that causes React state updates should be wrapped into act(...):

act(() =&gt; {
  /* fire events that update state */
});
/* assert on the output */

This ensures that you&apos;re testing the behavior the user would see in the browser. Learn more at https://react.dev/link/wrap-tests-with-act

            </system-err>
        </testcase>
        <testcase classname="src/ui/components/SettingsDialog.test.tsx" name="SettingsDialog &gt; Settings Display Values &gt; should show override indicator for overridden settings" time="0.009071814">
            <system-err>
An update to Root inside a test was not wrapped in act(...).

When testing, code that causes React state updates should be wrapped into act(...):

act(() =&gt; {
  /* fire events that update state */
});
/* assert on the output */

This ensures that you&apos;re testing the behavior the user would see in the browser. Learn more at https://react.dev/link/wrap-tests-with-act
An update to SettingsDialog inside a test was not wrapped in act(...).

When testing, code that causes React state updates should be wrapped into act(...):

act(() =&gt; {
  /* fire events that update state */
});
/* assert on the output */

This ensures that you&apos;re testing the behavior the user would see in the browser. Learn more at https://react.dev/link/wrap-tests-with-act
An update to SettingsDialog inside a test was not wrapped in act(...).

When testing, code that causes React state updates should be wrapped into act(...):

act(() =&gt; {
  /* fire events that update state */
});
/* assert on the output */

This ensures that you&apos;re testing the behavior the user would see in the browser. Learn more at https://react.dev/link/wrap-tests-with-act
An update to SettingsDialog inside a test was not wrapped in act(...).

When testing, code that causes React state updates should be wrapped into act(...):

act(() =&gt; {
  /* fire events that update state */
});
/* assert on the output */

This ensures that you&apos;re testing the behavior the user would see in the browser. Learn more at https://react.dev/link/wrap-tests-with-act
An update to SettingsDialog inside a test was not wrapped in act(...).

When testing, code that causes React state updates should be wrapped into act(...):

act(() =&gt; {
  /* fire events that update state */
});
/* assert on the output */

This ensures that you&apos;re testing the behavior the user would see in the browser. Learn more at https://react.dev/link/wrap-tests-with-act
An update to SettingsDialog inside a test was not wrapped in act(...).

When testing, code that causes React state updates should be wrapped into act(...):

act(() =&gt; {
  /* fire events that update state */
});
/* assert on the output */

This ensures that you&apos;re testing the behavior the user would see in the browser. Learn more at https://react.dev/link/wrap-tests-with-act

            </system-err>
        </testcase>
        <testcase classname="src/ui/components/SettingsDialog.test.tsx" name="SettingsDialog &gt; Keyboard Shortcuts Edge Cases &gt; should handle rapid key presses gracefully" time="0.118583208">
            <system-err>
An update to Root inside a test was not wrapped in act(...).

When testing, code that causes React state updates should be wrapped into act(...):

act(() =&gt; {
  /* fire events that update state */
});
/* assert on the output */

This ensures that you&apos;re testing the behavior the user would see in the browser. Learn more at https://react.dev/link/wrap-tests-with-act
An update to SettingsDialog inside a test was not wrapped in act(...).

When testing, code that causes React state updates should be wrapped into act(...):

act(() =&gt; {
  /* fire events that update state */
});
/* assert on the output */

This ensures that you&apos;re testing the behavior the user would see in the browser. Learn more at https://react.dev/link/wrap-tests-with-act
An update to SettingsDialog inside a test was not wrapped in act(...).

When testing, code that causes React state updates should be wrapped into act(...):

act(() =&gt; {
  /* fire events that update state */
});
/* assert on the output */

This ensures that you&apos;re testing the behavior the user would see in the browser. Learn more at https://react.dev/link/wrap-tests-with-act
An update to SettingsDialog inside a test was not wrapped in act(...).

When testing, code that causes React state updates should be wrapped into act(...):

act(() =&gt; {
  /* fire events that update state */
});
/* assert on the output */

This ensures that you&apos;re testing the behavior the user would see in the browser. Learn more at https://react.dev/link/wrap-tests-with-act
An update to SettingsDialog inside a test was not wrapped in act(...).

When testing, code that causes React state updates should be wrapped into act(...):

act(() =&gt; {
  /* fire events that update state */
});
/* assert on the output */

This ensures that you&apos;re testing the behavior the user would see in the browser. Learn more at https://react.dev/link/wrap-tests-with-act
An update to SettingsDialog inside a test was not wrapped in act(...).

When testing, code that causes React state updates should be wrapped into act(...):

act(() =&gt; {
  /* fire events that update state */
});
/* assert on the output */

This ensures that you&apos;re testing the behavior the user would see in the browser. Learn more at https://react.dev/link/wrap-tests-with-act
An update to SettingsDialog inside a test was not wrapped in act(...).

When testing, code that causes React state updates should be wrapped into act(...):

act(() =&gt; {
  /* fire events that update state */
});
/* assert on the output */

This ensures that you&apos;re testing the behavior the user would see in the browser. Learn more at https://react.dev/link/wrap-tests-with-act
An update to SettingsDialog inside a test was not wrapped in act(...).

When testing, code that causes React state updates should be wrapped into act(...):

act(() =&gt; {
  /* fire events that update state */
});
/* assert on the output */

This ensures that you&apos;re testing the behavior the user would see in the browser. Learn more at https://react.dev/link/wrap-tests-with-act
An update to SettingsDialog inside a test was not wrapped in act(...).

When testing, code that causes React state updates should be wrapped into act(...):

act(() =&gt; {
  /* fire events that update state */
});
/* assert on the output */

This ensures that you&apos;re testing the behavior the user would see in the browser. Learn more at https://react.dev/link/wrap-tests-with-act
An update to SettingsDialog inside a test was not wrapped in act(...).

When testing, code that causes React state updates should be wrapped into act(...):

act(() =&gt; {
  /* fire events that update state */
});
/* assert on the output */

This ensures that you&apos;re testing the behavior the user would see in the browser. Learn more at https://react.dev/link/wrap-tests-with-act
An update to SettingsDialog inside a test was not wrapped in act(...).

When testing, code that causes React state updates should be wrapped into act(...):

act(() =&gt; {
  /* fire events that update state */
});
/* assert on the output */

This ensures that you&apos;re testing the behavior the user would see in the browser. Learn more at https://react.dev/link/wrap-tests-with-act
An update to SettingsDialog inside a test was not wrapped in act(...).

When testing, code that causes React state updates should be wrapped into act(...):

act(() =&gt; {
  /* fire events that update state */
});
/* assert on the output */

This ensures that you&apos;re testing the behavior the user would see in the browser. Learn more at https://react.dev/link/wrap-tests-with-act
An update to SettingsDialog inside a test was not wrapped in act(...).

When testing, code that causes React state updates should be wrapped into act(...):

act(() =&gt; {
  /* fire events that update state */
});
/* assert on the output */

This ensures that you&apos;re testing the behavior the user would see in the browser. Learn more at https://react.dev/link/wrap-tests-with-act
An update to SettingsDialog inside a test was not wrapped in act(...).

When testing, code that causes React state updates should be wrapped into act(...):

act(() =&gt; {
  /* fire events that update state */
});
/* assert on the output */

This ensures that you&apos;re testing the behavior the user would see in the browser. Learn more at https://react.dev/link/wrap-tests-with-act
An update to SettingsDialog inside a test was not wrapped in act(...).

When testing, code that causes React state updates should be wrapped into act(...):

act(() =&gt; {
  /* fire events that update state */
});
/* assert on the output */

This ensures that you&apos;re testing the behavior the user would see in the browser. Learn more at https://react.dev/link/wrap-tests-with-act
An update to SettingsDialog inside a test was not wrapped in act(...).

When testing, code that causes React state updates should be wrapped into act(...):

act(() =&gt; {
  /* fire events that update state */
});
/* assert on the output */

This ensures that you&apos;re testing the behavior the user would see in the browser. Learn more at https://react.dev/link/wrap-tests-with-act
An update to SettingsDialog inside a test was not wrapped in act(...).

When testing, code that causes React state updates should be wrapped into act(...):

act(() =&gt; {
  /* fire events that update state */
});
/* assert on the output */

This ensures that you&apos;re testing the behavior the user would see in the browser. Learn more at https://react.dev/link/wrap-tests-with-act
An update to SettingsDialog inside a test was not wrapped in act(...).

When testing, code that causes React state updates should be wrapped into act(...):

act(() =&gt; {
  /* fire events that update state */
});
/* assert on the output */

This ensures that you&apos;re testing the behavior the user would see in the browser. Learn more at https://react.dev/link/wrap-tests-with-act
An update to SettingsDialog inside a test was not wrapped in act(...).

When testing, code that causes React state updates should be wrapped into act(...):

act(() =&gt; {
  /* fire events that update state */
});
/* assert on the output */

This ensures that you&apos;re testing the behavior the user would see in the browser. Learn more at https://react.dev/link/wrap-tests-with-act
An update to SettingsDialog inside a test was not wrapped in act(...).

When testing, code that causes React state updates should be wrapped into act(...):

act(() =&gt; {
  /* fire events that update state */
});
/* assert on the output */

This ensures that you&apos;re testing the behavior the user would see in the browser. Learn more at https://react.dev/link/wrap-tests-with-act
An update to SettingsDialog inside a test was not wrapped in act(...).

When testing, code that causes React state updates should be wrapped into act(...):

act(() =&gt; {
  /* fire events that update state */
});
/* assert on the output */

This ensures that you&apos;re testing the behavior the user would see in the browser. Learn more at https://react.dev/link/wrap-tests-with-act

An update to Root inside a test was not wrapped in act(...).

When testing, code that causes React state updates should be wrapped into act(...):

act(() =&gt; {
  /* fire events that update state */
});
/* assert on the output */

This ensures that you&apos;re testing the behavior the user would see in the browser. Learn more at https://react.dev/link/wrap-tests-with-act

            </system-err>
        </testcase>
        <testcase classname="src/ui/components/SettingsDialog.test.tsx" name="SettingsDialog &gt; Keyboard Shortcuts Edge Cases &gt; should handle Ctrl+C to reset current setting to default" time="0.071902797">
            <system-err>
An update to Root inside a test was not wrapped in act(...).

When testing, code that causes React state updates should be wrapped into act(...):

act(() =&gt; {
  /* fire events that update state */
});
/* assert on the output */

This ensures that you&apos;re testing the behavior the user would see in the browser. Learn more at https://react.dev/link/wrap-tests-with-act
An update to SettingsDialog inside a test was not wrapped in act(...).

When testing, code that causes React state updates should be wrapped into act(...):

act(() =&gt; {
  /* fire events that update state */
});
/* assert on the output */

This ensures that you&apos;re testing the behavior the user would see in the browser. Learn more at https://react.dev/link/wrap-tests-with-act
An update to SettingsDialog inside a test was not wrapped in act(...).

When testing, code that causes React state updates should be wrapped into act(...):

act(() =&gt; {
  /* fire events that update state */
});
/* assert on the output */

This ensures that you&apos;re testing the behavior the user would see in the browser. Learn more at https://react.dev/link/wrap-tests-with-act
An update to SettingsDialog inside a test was not wrapped in act(...).

When testing, code that causes React state updates should be wrapped into act(...):

act(() =&gt; {
  /* fire events that update state */
});
/* assert on the output */

This ensures that you&apos;re testing the behavior the user would see in the browser. Learn more at https://react.dev/link/wrap-tests-with-act
An update to SettingsDialog inside a test was not wrapped in act(...).

When testing, code that causes React state updates should be wrapped into act(...):

act(() =&gt; {
  /* fire events that update state */
});
/* assert on the output */

This ensures that you&apos;re testing the behavior the user would see in the browser. Learn more at https://react.dev/link/wrap-tests-with-act
An update to SettingsDialog inside a test was not wrapped in act(...).

When testing, code that causes React state updates should be wrapped into act(...):

act(() =&gt; {
  /* fire events that update state */
});
/* assert on the output */

This ensures that you&apos;re testing the behavior the user would see in the browser. Learn more at https://react.dev/link/wrap-tests-with-act
An update to SettingsDialog inside a test was not wrapped in act(...).

When testing, code that causes React state updates should be wrapped into act(...):

act(() =&gt; {
  /* fire events that update state */
});
/* assert on the output */

This ensures that you&apos;re testing the behavior the user would see in the browser. Learn more at https://react.dev/link/wrap-tests-with-act
An update to SettingsDialog inside a test was not wrapped in act(...).

When testing, code that causes React state updates should be wrapped into act(...):

act(() =&gt; {
  /* fire events that update state */
});
/* assert on the output */

This ensures that you&apos;re testing the behavior the user would see in the browser. Learn more at https://react.dev/link/wrap-tests-with-act
An update to SettingsDialog inside a test was not wrapped in act(...).

When testing, code that causes React state updates should be wrapped into act(...):

act(() =&gt; {
  /* fire events that update state */
});
/* assert on the output */

This ensures that you&apos;re testing the behavior the user would see in the browser. Learn more at https://react.dev/link/wrap-tests-with-act
An update to SettingsDialog inside a test was not wrapped in act(...).

When testing, code that causes React state updates should be wrapped into act(...):

act(() =&gt; {
  /* fire events that update state */
});
/* assert on the output */

This ensures that you&apos;re testing the behavior the user would see in the browser. Learn more at https://react.dev/link/wrap-tests-with-act

An update to Root inside a test was not wrapped in act(...).

When testing, code that causes React state updates should be wrapped into act(...):

act(() =&gt; {
  /* fire events that update state */
});
/* assert on the output */

This ensures that you&apos;re testing the behavior the user would see in the browser. Learn more at https://react.dev/link/wrap-tests-with-act

            </system-err>
        </testcase>
        <testcase classname="src/ui/components/SettingsDialog.test.tsx" name="SettingsDialog &gt; Keyboard Shortcuts Edge Cases &gt; should handle Ctrl+L to reset current setting to default" time="0.064907014">
            <system-err>
An update to Root inside a test was not wrapped in act(...).

When testing, code that causes React state updates should be wrapped into act(...):

act(() =&gt; {
  /* fire events that update state */
});
/* assert on the output */

This ensures that you&apos;re testing the behavior the user would see in the browser. Learn more at https://react.dev/link/wrap-tests-with-act
An update to SettingsDialog inside a test was not wrapped in act(...).

When testing, code that causes React state updates should be wrapped into act(...):

act(() =&gt; {
  /* fire events that update state */
});
/* assert on the output */

This ensures that you&apos;re testing the behavior the user would see in the browser. Learn more at https://react.dev/link/wrap-tests-with-act
An update to SettingsDialog inside a test was not wrapped in act(...).

When testing, code that causes React state updates should be wrapped into act(...):

act(() =&gt; {
  /* fire events that update state */
});
/* assert on the output */

This ensures that you&apos;re testing the behavior the user would see in the browser. Learn more at https://react.dev/link/wrap-tests-with-act
An update to SettingsDialog inside a test was not wrapped in act(...).

When testing, code that causes React state updates should be wrapped into act(...):

act(() =&gt; {
  /* fire events that update state */
});
/* assert on the output */

This ensures that you&apos;re testing the behavior the user would see in the browser. Learn more at https://react.dev/link/wrap-tests-with-act
An update to SettingsDialog inside a test was not wrapped in act(...).

When testing, code that causes React state updates should be wrapped into act(...):

act(() =&gt; {
  /* fire events that update state */
});
/* assert on the output */

This ensures that you&apos;re testing the behavior the user would see in the browser. Learn more at https://react.dev/link/wrap-tests-with-act
An update to SettingsDialog inside a test was not wrapped in act(...).

When testing, code that causes React state updates should be wrapped into act(...):

act(() =&gt; {
  /* fire events that update state */
});
/* assert on the output */

This ensures that you&apos;re testing the behavior the user would see in the browser. Learn more at https://react.dev/link/wrap-tests-with-act
An update to SettingsDialog inside a test was not wrapped in act(...).

When testing, code that causes React state updates should be wrapped into act(...):

act(() =&gt; {
  /* fire events that update state */
});
/* assert on the output */

This ensures that you&apos;re testing the behavior the user would see in the browser. Learn more at https://react.dev/link/wrap-tests-with-act
An update to SettingsDialog inside a test was not wrapped in act(...).

When testing, code that causes React state updates should be wrapped into act(...):

act(() =&gt; {
  /* fire events that update state */
});
/* assert on the output */

This ensures that you&apos;re testing the behavior the user would see in the browser. Learn more at https://react.dev/link/wrap-tests-with-act
An update to SettingsDialog inside a test was not wrapped in act(...).

When testing, code that causes React state updates should be wrapped into act(...):

act(() =&gt; {
  /* fire events that update state */
});
/* assert on the output */

This ensures that you&apos;re testing the behavior the user would see in the browser. Learn more at https://react.dev/link/wrap-tests-with-act
An update to SettingsDialog inside a test was not wrapped in act(...).

When testing, code that causes React state updates should be wrapped into act(...):

act(() =&gt; {
  /* fire events that update state */
});
/* assert on the output */

This ensures that you&apos;re testing the behavior the user would see in the browser. Learn more at https://react.dev/link/wrap-tests-with-act

An update to Root inside a test was not wrapped in act(...).

When testing, code that causes React state updates should be wrapped into act(...):

act(() =&gt; {
  /* fire events that update state */
});
/* assert on the output */

This ensures that you&apos;re testing the behavior the user would see in the browser. Learn more at https://react.dev/link/wrap-tests-with-act

            </system-err>
        </testcase>
        <testcase classname="src/ui/components/SettingsDialog.test.tsx" name="SettingsDialog &gt; Keyboard Shortcuts Edge Cases &gt; should handle navigation when only one setting exists" time="0.117637793">
            <system-err>
An update to Root inside a test was not wrapped in act(...).

When testing, code that causes React state updates should be wrapped into act(...):

act(() =&gt; {
  /* fire events that update state */
});
/* assert on the output */

This ensures that you&apos;re testing the behavior the user would see in the browser. Learn more at https://react.dev/link/wrap-tests-with-act
An update to SettingsDialog inside a test was not wrapped in act(...).

When testing, code that causes React state updates should be wrapped into act(...):

act(() =&gt; {
  /* fire events that update state */
});
/* assert on the output */

This ensures that you&apos;re testing the behavior the user would see in the browser. Learn more at https://react.dev/link/wrap-tests-with-act
An update to SettingsDialog inside a test was not wrapped in act(...).

When testing, code that causes React state updates should be wrapped into act(...):

act(() =&gt; {
  /* fire events that update state */
});
/* assert on the output */

This ensures that you&apos;re testing the behavior the user would see in the browser. Learn more at https://react.dev/link/wrap-tests-with-act
An update to SettingsDialog inside a test was not wrapped in act(...).

When testing, code that causes React state updates should be wrapped into act(...):

act(() =&gt; {
  /* fire events that update state */
});
/* assert on the output */

This ensures that you&apos;re testing the behavior the user would see in the browser. Learn more at https://react.dev/link/wrap-tests-with-act
An update to SettingsDialog inside a test was not wrapped in act(...).

When testing, code that causes React state updates should be wrapped into act(...):

act(() =&gt; {
  /* fire events that update state */
});
/* assert on the output */

This ensures that you&apos;re testing the behavior the user would see in the browser. Learn more at https://react.dev/link/wrap-tests-with-act
An update to SettingsDialog inside a test was not wrapped in act(...).

When testing, code that causes React state updates should be wrapped into act(...):

act(() =&gt; {
  /* fire events that update state */
});
/* assert on the output */

This ensures that you&apos;re testing the behavior the user would see in the browser. Learn more at https://react.dev/link/wrap-tests-with-act
An update to SettingsDialog inside a test was not wrapped in act(...).

When testing, code that causes React state updates should be wrapped into act(...):

act(() =&gt; {
  /* fire events that update state */
});
/* assert on the output */

This ensures that you&apos;re testing the behavior the user would see in the browser. Learn more at https://react.dev/link/wrap-tests-with-act

An update to SettingsDialog inside a test was not wrapped in act(...).

When testing, code that causes React state updates should be wrapped into act(...):

act(() =&gt; {
  /* fire events that update state */
});
/* assert on the output */

This ensures that you&apos;re testing the behavior the user would see in the browser. Learn more at https://react.dev/link/wrap-tests-with-act

An update to Root inside a test was not wrapped in act(...).

When testing, code that causes React state updates should be wrapped into act(...):

act(() =&gt; {
  /* fire events that update state */
});
/* assert on the output */

This ensures that you&apos;re testing the behavior the user would see in the browser. Learn more at https://react.dev/link/wrap-tests-with-act

            </system-err>
        </testcase>
        <testcase classname="src/ui/components/SettingsDialog.test.tsx" name="SettingsDialog &gt; Keyboard Shortcuts Edge Cases &gt; should properly handle Tab navigation between sections" time="0.029344333">
            <system-err>
An update to Root inside a test was not wrapped in act(...).

When testing, code that causes React state updates should be wrapped into act(...):

act(() =&gt; {
  /* fire events that update state */
});
/* assert on the output */

This ensures that you&apos;re testing the behavior the user would see in the browser. Learn more at https://react.dev/link/wrap-tests-with-act
An update to SettingsDialog inside a test was not wrapped in act(...).

When testing, code that causes React state updates should be wrapped into act(...):

act(() =&gt; {
  /* fire events that update state */
});
/* assert on the output */

This ensures that you&apos;re testing the behavior the user would see in the browser. Learn more at https://react.dev/link/wrap-tests-with-act
An update to SettingsDialog inside a test was not wrapped in act(...).

When testing, code that causes React state updates should be wrapped into act(...):

act(() =&gt; {
  /* fire events that update state */
});
/* assert on the output */

This ensures that you&apos;re testing the behavior the user would see in the browser. Learn more at https://react.dev/link/wrap-tests-with-act
An update to SettingsDialog inside a test was not wrapped in act(...).

When testing, code that causes React state updates should be wrapped into act(...):

act(() =&gt; {
  /* fire events that update state */
});
/* assert on the output */

This ensures that you&apos;re testing the behavior the user would see in the browser. Learn more at https://react.dev/link/wrap-tests-with-act
An update to SettingsDialog inside a test was not wrapped in act(...).

When testing, code that causes React state updates should be wrapped into act(...):

act(() =&gt; {
  /* fire events that update state */
});
/* assert on the output */

This ensures that you&apos;re testing the behavior the user would see in the browser. Learn more at https://react.dev/link/wrap-tests-with-act
An update to SettingsDialog inside a test was not wrapped in act(...).

When testing, code that causes React state updates should be wrapped into act(...):

act(() =&gt; {
  /* fire events that update state */
});
/* assert on the output */

This ensures that you&apos;re testing the behavior the user would see in the browser. Learn more at https://react.dev/link/wrap-tests-with-act

An update to Root inside a test was not wrapped in act(...).

When testing, code that causes React state updates should be wrapped into act(...):

act(() =&gt; {
  /* fire events that update state */
});
/* assert on the output */

This ensures that you&apos;re testing the behavior the user would see in the browser. Learn more at https://react.dev/link/wrap-tests-with-act

            </system-err>
        </testcase>
        <testcase classname="src/ui/components/SettingsDialog.test.tsx" name="SettingsDialog &gt; Error Recovery &gt; should handle malformed settings gracefully" time="0.014440224">
            <system-err>
An update to Root inside a test was not wrapped in act(...).

When testing, code that causes React state updates should be wrapped into act(...):

act(() =&gt; {
  /* fire events that update state */
});
/* assert on the output */

This ensures that you&apos;re testing the behavior the user would see in the browser. Learn more at https://react.dev/link/wrap-tests-with-act
An update to SettingsDialog inside a test was not wrapped in act(...).

When testing, code that causes React state updates should be wrapped into act(...):

act(() =&gt; {
  /* fire events that update state */
});
/* assert on the output */

This ensures that you&apos;re testing the behavior the user would see in the browser. Learn more at https://react.dev/link/wrap-tests-with-act
An update to SettingsDialog inside a test was not wrapped in act(...).

When testing, code that causes React state updates should be wrapped into act(...):

act(() =&gt; {
  /* fire events that update state */
});
/* assert on the output */

This ensures that you&apos;re testing the behavior the user would see in the browser. Learn more at https://react.dev/link/wrap-tests-with-act
An update to SettingsDialog inside a test was not wrapped in act(...).

When testing, code that causes React state updates should be wrapped into act(...):

act(() =&gt; {
  /* fire events that update state */
});
/* assert on the output */

This ensures that you&apos;re testing the behavior the user would see in the browser. Learn more at https://react.dev/link/wrap-tests-with-act
An update to SettingsDialog inside a test was not wrapped in act(...).

When testing, code that causes React state updates should be wrapped into act(...):

act(() =&gt; {
  /* fire events that update state */
});
/* assert on the output */

This ensures that you&apos;re testing the behavior the user would see in the browser. Learn more at https://react.dev/link/wrap-tests-with-act
An update to SettingsDialog inside a test was not wrapped in act(...).

When testing, code that causes React state updates should be wrapped into act(...):

act(() =&gt; {
  /* fire events that update state */
});
/* assert on the output */

This ensures that you&apos;re testing the behavior the user would see in the browser. Learn more at https://react.dev/link/wrap-tests-with-act

            </system-err>
        </testcase>
        <testcase classname="src/ui/components/SettingsDialog.test.tsx" name="SettingsDialog &gt; Error Recovery &gt; should handle missing setting definitions gracefully" time="0.008551774">
            <system-err>
An update to Root inside a test was not wrapped in act(...).

When testing, code that causes React state updates should be wrapped into act(...):

act(() =&gt; {
  /* fire events that update state */
});
/* assert on the output */

This ensures that you&apos;re testing the behavior the user would see in the browser. Learn more at https://react.dev/link/wrap-tests-with-act
An update to SettingsDialog inside a test was not wrapped in act(...).

When testing, code that causes React state updates should be wrapped into act(...):

act(() =&gt; {
  /* fire events that update state */
});
/* assert on the output */

This ensures that you&apos;re testing the behavior the user would see in the browser. Learn more at https://react.dev/link/wrap-tests-with-act
An update to SettingsDialog inside a test was not wrapped in act(...).

When testing, code that causes React state updates should be wrapped into act(...):

act(() =&gt; {
  /* fire events that update state */
});
/* assert on the output */

This ensures that you&apos;re testing the behavior the user would see in the browser. Learn more at https://react.dev/link/wrap-tests-with-act
An update to SettingsDialog inside a test was not wrapped in act(...).

When testing, code that causes React state updates should be wrapped into act(...):

act(() =&gt; {
  /* fire events that update state */
});
/* assert on the output */

This ensures that you&apos;re testing the behavior the user would see in the browser. Learn more at https://react.dev/link/wrap-tests-with-act
An update to SettingsDialog inside a test was not wrapped in act(...).

When testing, code that causes React state updates should be wrapped into act(...):

act(() =&gt; {
  /* fire events that update state */
});
/* assert on the output */

This ensures that you&apos;re testing the behavior the user would see in the browser. Learn more at https://react.dev/link/wrap-tests-with-act
An update to SettingsDialog inside a test was not wrapped in act(...).

When testing, code that causes React state updates should be wrapped into act(...):

act(() =&gt; {
  /* fire events that update state */
});
/* assert on the output */

This ensures that you&apos;re testing the behavior the user would see in the browser. Learn more at https://react.dev/link/wrap-tests-with-act

            </system-err>
        </testcase>
        <testcase classname="src/ui/components/SettingsDialog.test.tsx" name="SettingsDialog &gt; Complex User Interactions &gt; should handle complete user workflow: navigate, toggle, change scope, exit" time="0.025578903">
            <system-err>
An update to Root inside a test was not wrapped in act(...).

When testing, code that causes React state updates should be wrapped into act(...):

act(() =&gt; {
  /* fire events that update state */
});
/* assert on the output */

This ensures that you&apos;re testing the behavior the user would see in the browser. Learn more at https://react.dev/link/wrap-tests-with-act
An update to SettingsDialog inside a test was not wrapped in act(...).

When testing, code that causes React state updates should be wrapped into act(...):

act(() =&gt; {
  /* fire events that update state */
});
/* assert on the output */

This ensures that you&apos;re testing the behavior the user would see in the browser. Learn more at https://react.dev/link/wrap-tests-with-act
An update to SettingsDialog inside a test was not wrapped in act(...).

When testing, code that causes React state updates should be wrapped into act(...):

act(() =&gt; {
  /* fire events that update state */
});
/* assert on the output */

This ensures that you&apos;re testing the behavior the user would see in the browser. Learn more at https://react.dev/link/wrap-tests-with-act
An update to SettingsDialog inside a test was not wrapped in act(...).

When testing, code that causes React state updates should be wrapped into act(...):

act(() =&gt; {
  /* fire events that update state */
});
/* assert on the output */

This ensures that you&apos;re testing the behavior the user would see in the browser. Learn more at https://react.dev/link/wrap-tests-with-act
An update to SettingsDialog inside a test was not wrapped in act(...).

When testing, code that causes React state updates should be wrapped into act(...):

act(() =&gt; {
  /* fire events that update state */
});
/* assert on the output */

This ensures that you&apos;re testing the behavior the user would see in the browser. Learn more at https://react.dev/link/wrap-tests-with-act
An update to SettingsDialog inside a test was not wrapped in act(...).

When testing, code that causes React state updates should be wrapped into act(...):

act(() =&gt; {
  /* fire events that update state */
});
/* assert on the output */

This ensures that you&apos;re testing the behavior the user would see in the browser. Learn more at https://react.dev/link/wrap-tests-with-act

An update to Root inside a test was not wrapped in act(...).

When testing, code that causes React state updates should be wrapped into act(...):

act(() =&gt; {
  /* fire events that update state */
});
/* assert on the output */

This ensures that you&apos;re testing the behavior the user would see in the browser. Learn more at https://react.dev/link/wrap-tests-with-act

            </system-err>
        </testcase>
        <testcase classname="src/ui/components/SettingsDialog.test.tsx" name="SettingsDialog &gt; Complex User Interactions &gt; should allow changing multiple settings without losing pending changes" time="0.290859591">
            <system-out>
[DEBUG SettingsDialog] Saving general.vimMode immediately with value: [33mtrue[39m

[DEBUG SettingsDialog] Saving general.disableAutoUpdate immediately with value: [33mtrue[39m

[DEBUG SettingsDialog] Modified settings: [ [32m&apos;general.enablePromptCompletion&apos;[39m ] Needs restart: [33mtrue[39m

            </system-out>
            <system-err>
An update to Root inside a test was not wrapped in act(...).

When testing, code that causes React state updates should be wrapped into act(...):

act(() =&gt; {
  /* fire events that update state */
});
/* assert on the output */

This ensures that you&apos;re testing the behavior the user would see in the browser. Learn more at https://react.dev/link/wrap-tests-with-act
An update to SettingsDialog inside a test was not wrapped in act(...).

When testing, code that causes React state updates should be wrapped into act(...):

act(() =&gt; {
  /* fire events that update state */
});
/* assert on the output */

This ensures that you&apos;re testing the behavior the user would see in the browser. Learn more at https://react.dev/link/wrap-tests-with-act
An update to SettingsDialog inside a test was not wrapped in act(...).

When testing, code that causes React state updates should be wrapped into act(...):

act(() =&gt; {
  /* fire events that update state */
});
/* assert on the output */

This ensures that you&apos;re testing the behavior the user would see in the browser. Learn more at https://react.dev/link/wrap-tests-with-act
An update to SettingsDialog inside a test was not wrapped in act(...).

When testing, code that causes React state updates should be wrapped into act(...):

act(() =&gt; {
  /* fire events that update state */
});
/* assert on the output */

This ensures that you&apos;re testing the behavior the user would see in the browser. Learn more at https://react.dev/link/wrap-tests-with-act
An update to SettingsDialog inside a test was not wrapped in act(...).

When testing, code that causes React state updates should be wrapped into act(...):

act(() =&gt; {
  /* fire events that update state */
});
/* assert on the output */

This ensures that you&apos;re testing the behavior the user would see in the browser. Learn more at https://react.dev/link/wrap-tests-with-act
An update to SettingsDialog inside a test was not wrapped in act(...).

When testing, code that causes React state updates should be wrapped into act(...):

act(() =&gt; {
  /* fire events that update state */
});
/* assert on the output */

This ensures that you&apos;re testing the behavior the user would see in the browser. Learn more at https://react.dev/link/wrap-tests-with-act
An update to SettingsDialog inside a test was not wrapped in act(...).

When testing, code that causes React state updates should be wrapped into act(...):

act(() =&gt; {
  /* fire events that update state */
});
/* assert on the output */

This ensures that you&apos;re testing the behavior the user would see in the browser. Learn more at https://react.dev/link/wrap-tests-with-act
An update to SettingsDialog inside a test was not wrapped in act(...).

When testing, code that causes React state updates should be wrapped into act(...):

act(() =&gt; {
  /* fire events that update state */
});
/* assert on the output */

This ensures that you&apos;re testing the behavior the user would see in the browser. Learn more at https://react.dev/link/wrap-tests-with-act
An update to SettingsDialog inside a test was not wrapped in act(...).

When testing, code that causes React state updates should be wrapped into act(...):

act(() =&gt; {
  /* fire events that update state */
});
/* assert on the output */

This ensures that you&apos;re testing the behavior the user would see in the browser. Learn more at https://react.dev/link/wrap-tests-with-act
An update to SettingsDialog inside a test was not wrapped in act(...).

When testing, code that causes React state updates should be wrapped into act(...):

act(() =&gt; {
  /* fire events that update state */
});
/* assert on the output */

This ensures that you&apos;re testing the behavior the user would see in the browser. Learn more at https://react.dev/link/wrap-tests-with-act
An update to SettingsDialog inside a test was not wrapped in act(...).

When testing, code that causes React state updates should be wrapped into act(...):

act(() =&gt; {
  /* fire events that update state */
});
/* assert on the output */

This ensures that you&apos;re testing the behavior the user would see in the browser. Learn more at https://react.dev/link/wrap-tests-with-act

An update to SettingsDialog inside a test was not wrapped in act(...).

When testing, code that causes React state updates should be wrapped into act(...):

act(() =&gt; {
  /* fire events that update state */
});
/* assert on the output */

This ensures that you&apos;re testing the behavior the user would see in the browser. Learn more at https://react.dev/link/wrap-tests-with-act

An update to SettingsDialog inside a test was not wrapped in act(...).

When testing, code that causes React state updates should be wrapped into act(...):

act(() =&gt; {
  /* fire events that update state */
});
/* assert on the output */

This ensures that you&apos;re testing the behavior the user would see in the browser. Learn more at https://react.dev/link/wrap-tests-with-act
An update to SettingsDialog inside a test was not wrapped in act(...).

When testing, code that causes React state updates should be wrapped into act(...):

act(() =&gt; {
  /* fire events that update state */
});
/* assert on the output */

This ensures that you&apos;re testing the behavior the user would see in the browser. Learn more at https://react.dev/link/wrap-tests-with-act
An update to SettingsDialog inside a test was not wrapped in act(...).

When testing, code that causes React state updates should be wrapped into act(...):

act(() =&gt; {
  /* fire events that update state */
});
/* assert on the output */

This ensures that you&apos;re testing the behavior the user would see in the browser. Learn more at https://react.dev/link/wrap-tests-with-act
An update to SettingsDialog inside a test was not wrapped in act(...).

When testing, code that causes React state updates should be wrapped into act(...):

act(() =&gt; {
  /* fire events that update state */
});
/* assert on the output */

This ensures that you&apos;re testing the behavior the user would see in the browser. Learn more at https://react.dev/link/wrap-tests-with-act
An update to SettingsDialog inside a test was not wrapped in act(...).

When testing, code that causes React state updates should be wrapped into act(...):

act(() =&gt; {
  /* fire events that update state */
});
/* assert on the output */

This ensures that you&apos;re testing the behavior the user would see in the browser. Learn more at https://react.dev/link/wrap-tests-with-act

An update to SettingsDialog inside a test was not wrapped in act(...).

When testing, code that causes React state updates should be wrapped into act(...):

act(() =&gt; {
  /* fire events that update state */
});
/* assert on the output */

This ensures that you&apos;re testing the behavior the user would see in the browser. Learn more at https://react.dev/link/wrap-tests-with-act

An update to SettingsDialog inside a test was not wrapped in act(...).

When testing, code that causes React state updates should be wrapped into act(...):

act(() =&gt; {
  /* fire events that update state */
});
/* assert on the output */

This ensures that you&apos;re testing the behavior the user would see in the browser. Learn more at https://react.dev/link/wrap-tests-with-act
An update to SettingsDialog inside a test was not wrapped in act(...).

When testing, code that causes React state updates should be wrapped into act(...):

act(() =&gt; {
  /* fire events that update state */
});
/* assert on the output */

This ensures that you&apos;re testing the behavior the user would see in the browser. Learn more at https://react.dev/link/wrap-tests-with-act
An update to SettingsDialog inside a test was not wrapped in act(...).

When testing, code that causes React state updates should be wrapped into act(...):

act(() =&gt; {
  /* fire events that update state */
});
/* assert on the output */

This ensures that you&apos;re testing the behavior the user would see in the browser. Learn more at https://react.dev/link/wrap-tests-with-act

An update to SettingsDialog inside a test was not wrapped in act(...).

When testing, code that causes React state updates should be wrapped into act(...):

act(() =&gt; {
  /* fire events that update state */
});
/* assert on the output */

This ensures that you&apos;re testing the behavior the user would see in the browser. Learn more at https://react.dev/link/wrap-tests-with-act
An update to SettingsDialog inside a test was not wrapped in act(...).

When testing, code that causes React state updates should be wrapped into act(...):

act(() =&gt; {
  /* fire events that update state */
});
/* assert on the output */

This ensures that you&apos;re testing the behavior the user would see in the browser. Learn more at https://react.dev/link/wrap-tests-with-act
An update to SettingsDialog inside a test was not wrapped in act(...).

When testing, code that causes React state updates should be wrapped into act(...):

act(() =&gt; {
  /* fire events that update state */
});
/* assert on the output */

This ensures that you&apos;re testing the behavior the user would see in the browser. Learn more at https://react.dev/link/wrap-tests-with-act
An update to SettingsDialog inside a test was not wrapped in act(...).

When testing, code that causes React state updates should be wrapped into act(...):

act(() =&gt; {
  /* fire events that update state */
});
/* assert on the output */

This ensures that you&apos;re testing the behavior the user would see in the browser. Learn more at https://react.dev/link/wrap-tests-with-act

An update to Root inside a test was not wrapped in act(...).

When testing, code that causes React state updates should be wrapped into act(...):

act(() =&gt; {
  /* fire events that update state */
});
/* assert on the output */

This ensures that you&apos;re testing the behavior the user would see in the browser. Learn more at https://react.dev/link/wrap-tests-with-act

            </system-err>
        </testcase>
        <testcase classname="src/ui/components/SettingsDialog.test.tsx" name="SettingsDialog &gt; Complex User Interactions &gt; should maintain state consistency during complex interactions" time="0.274359777">
            <system-err>
An update to Root inside a test was not wrapped in act(...).

When testing, code that causes React state updates should be wrapped into act(...):

act(() =&gt; {
  /* fire events that update state */
});
/* assert on the output */

This ensures that you&apos;re testing the behavior the user would see in the browser. Learn more at https://react.dev/link/wrap-tests-with-act
An update to SettingsDialog inside a test was not wrapped in act(...).

When testing, code that causes React state updates should be wrapped into act(...):

act(() =&gt; {
  /* fire events that update state */
});
/* assert on the output */

This ensures that you&apos;re testing the behavior the user would see in the browser. Learn more at https://react.dev/link/wrap-tests-with-act
An update to SettingsDialog inside a test was not wrapped in act(...).

When testing, code that causes React state updates should be wrapped into act(...):

act(() =&gt; {
  /* fire events that update state */
});
/* assert on the output */

This ensures that you&apos;re testing the behavior the user would see in the browser. Learn more at https://react.dev/link/wrap-tests-with-act
An update to SettingsDialog inside a test was not wrapped in act(...).

When testing, code that causes React state updates should be wrapped into act(...):

act(() =&gt; {
  /* fire events that update state */
});
/* assert on the output */

This ensures that you&apos;re testing the behavior the user would see in the browser. Learn more at https://react.dev/link/wrap-tests-with-act
An update to SettingsDialog inside a test was not wrapped in act(...).

When testing, code that causes React state updates should be wrapped into act(...):

act(() =&gt; {
  /* fire events that update state */
});
/* assert on the output */

This ensures that you&apos;re testing the behavior the user would see in the browser. Learn more at https://react.dev/link/wrap-tests-with-act
An update to SettingsDialog inside a test was not wrapped in act(...).

When testing, code that causes React state updates should be wrapped into act(...):

act(() =&gt; {
  /* fire events that update state */
});
/* assert on the output */

This ensures that you&apos;re testing the behavior the user would see in the browser. Learn more at https://react.dev/link/wrap-tests-with-act
An update to SettingsDialog inside a test was not wrapped in act(...).

When testing, code that causes React state updates should be wrapped into act(...):

act(() =&gt; {
  /* fire events that update state */
});
/* assert on the output */

This ensures that you&apos;re testing the behavior the user would see in the browser. Learn more at https://react.dev/link/wrap-tests-with-act

An update to RadioButtonSelect inside a test was not wrapped in act(...).

When testing, code that causes React state updates should be wrapped into act(...):

act(() =&gt; {
  /* fire events that update state */
});
/* assert on the output */

This ensures that you&apos;re testing the behavior the user would see in the browser. Learn more at https://react.dev/link/wrap-tests-with-act
An update to RadioButtonSelect inside a test was not wrapped in act(...).

When testing, code that causes React state updates should be wrapped into act(...):

act(() =&gt; {
  /* fire events that update state */
});
/* assert on the output */

This ensures that you&apos;re testing the behavior the user would see in the browser. Learn more at https://react.dev/link/wrap-tests-with-act
An update to SettingsDialog inside a test was not wrapped in act(...).

When testing, code that causes React state updates should be wrapped into act(...):

act(() =&gt; {
  /* fire events that update state */
});
/* assert on the output */

This ensures that you&apos;re testing the behavior the user would see in the browser. Learn more at https://react.dev/link/wrap-tests-with-act
An update to SettingsDialog inside a test was not wrapped in act(...).

When testing, code that causes React state updates should be wrapped into act(...):

act(() =&gt; {
  /* fire events that update state */
});
/* assert on the output */

This ensures that you&apos;re testing the behavior the user would see in the browser. Learn more at https://react.dev/link/wrap-tests-with-act
An update to SettingsDialog inside a test was not wrapped in act(...).

When testing, code that causes React state updates should be wrapped into act(...):

act(() =&gt; {
  /* fire events that update state */
});
/* assert on the output */

This ensures that you&apos;re testing the behavior the user would see in the browser. Learn more at https://react.dev/link/wrap-tests-with-act
An update to RadioButtonSelect inside a test was not wrapped in act(...).

When testing, code that causes React state updates should be wrapped into act(...):

act(() =&gt; {
  /* fire events that update state */
});
/* assert on the output */

This ensures that you&apos;re testing the behavior the user would see in the browser. Learn more at https://react.dev/link/wrap-tests-with-act

An update to SettingsDialog inside a test was not wrapped in act(...).

When testing, code that causes React state updates should be wrapped into act(...):

act(() =&gt; {
  /* fire events that update state */
});
/* assert on the output */

This ensures that you&apos;re testing the behavior the user would see in the browser. Learn more at https://react.dev/link/wrap-tests-with-act
An update to SettingsDialog inside a test was not wrapped in act(...).

When testing, code that causes React state updates should be wrapped into act(...):

act(() =&gt; {
  /* fire events that update state */
});
/* assert on the output */

This ensures that you&apos;re testing the behavior the user would see in the browser. Learn more at https://react.dev/link/wrap-tests-with-act
An update to SettingsDialog inside a test was not wrapped in act(...).

When testing, code that causes React state updates should be wrapped into act(...):

act(() =&gt; {
  /* fire events that update state */
});
/* assert on the output */

This ensures that you&apos;re testing the behavior the user would see in the browser. Learn more at https://react.dev/link/wrap-tests-with-act
An update to SettingsDialog inside a test was not wrapped in act(...).

When testing, code that causes React state updates should be wrapped into act(...):

act(() =&gt; {
  /* fire events that update state */
});
/* assert on the output */

This ensures that you&apos;re testing the behavior the user would see in the browser. Learn more at https://react.dev/link/wrap-tests-with-act

An update to SettingsDialog inside a test was not wrapped in act(...).

When testing, code that causes React state updates should be wrapped into act(...):

act(() =&gt; {
  /* fire events that update state */
});
/* assert on the output */

This ensures that you&apos;re testing the behavior the user would see in the browser. Learn more at https://react.dev/link/wrap-tests-with-act

An update to SettingsDialog inside a test was not wrapped in act(...).

When testing, code that causes React state updates should be wrapped into act(...):

act(() =&gt; {
  /* fire events that update state */
});
/* assert on the output */

This ensures that you&apos;re testing the behavior the user would see in the browser. Learn more at https://react.dev/link/wrap-tests-with-act

An update to Root inside a test was not wrapped in act(...).

When testing, code that causes React state updates should be wrapped into act(...):

act(() =&gt; {
  /* fire events that update state */
});
/* assert on the output */

This ensures that you&apos;re testing the behavior the user would see in the browser. Learn more at https://react.dev/link/wrap-tests-with-act

            </system-err>
        </testcase>
        <testcase classname="src/ui/components/SettingsDialog.test.tsx" name="SettingsDialog &gt; Complex User Interactions &gt; should handle restart workflow correctly" time="0.075628414">
            <system-err>
An update to Root inside a test was not wrapped in act(...).

When testing, code that causes React state updates should be wrapped into act(...):

act(() =&gt; {
  /* fire events that update state */
});
/* assert on the output */

This ensures that you&apos;re testing the behavior the user would see in the browser. Learn more at https://react.dev/link/wrap-tests-with-act
An update to SettingsDialog inside a test was not wrapped in act(...).

When testing, code that causes React state updates should be wrapped into act(...):

act(() =&gt; {
  /* fire events that update state */
});
/* assert on the output */

This ensures that you&apos;re testing the behavior the user would see in the browser. Learn more at https://react.dev/link/wrap-tests-with-act
An update to SettingsDialog inside a test was not wrapped in act(...).

When testing, code that causes React state updates should be wrapped into act(...):

act(() =&gt; {
  /* fire events that update state */
});
/* assert on the output */

This ensures that you&apos;re testing the behavior the user would see in the browser. Learn more at https://react.dev/link/wrap-tests-with-act
An update to SettingsDialog inside a test was not wrapped in act(...).

When testing, code that causes React state updates should be wrapped into act(...):

act(() =&gt; {
  /* fire events that update state */
});
/* assert on the output */

This ensures that you&apos;re testing the behavior the user would see in the browser. Learn more at https://react.dev/link/wrap-tests-with-act
An update to SettingsDialog inside a test was not wrapped in act(...).

When testing, code that causes React state updates should be wrapped into act(...):

act(() =&gt; {
  /* fire events that update state */
});
/* assert on the output */

This ensures that you&apos;re testing the behavior the user would see in the browser. Learn more at https://react.dev/link/wrap-tests-with-act
An update to SettingsDialog inside a test was not wrapped in act(...).

When testing, code that causes React state updates should be wrapped into act(...):

act(() =&gt; {
  /* fire events that update state */
});
/* assert on the output */

This ensures that you&apos;re testing the behavior the user would see in the browser. Learn more at https://react.dev/link/wrap-tests-with-act

An update to Root inside a test was not wrapped in act(...).

When testing, code that causes React state updates should be wrapped into act(...):

act(() =&gt; {
  /* fire events that update state */
});
/* assert on the output */

This ensures that you&apos;re testing the behavior the user would see in the browser. Learn more at https://react.dev/link/wrap-tests-with-act

            </system-err>
        </testcase>
        <testcase classname="src/ui/components/SettingsDialog.test.tsx" name="SettingsDialog &gt; String Settings Editing &gt; should allow editing and committing a string setting" time="0.590968509">
            <system-out>
[DEBUG SettingsDialog] Modified settings: [ [32m&apos;ui.accessibility.screenReader&apos;[39m ] Needs restart: [33mtrue[39m

[DEBUG SettingsDialog] Modified settings: [ [32m&apos;ui.accessibility.screenReader&apos;[39m ] Needs restart: [33mtrue[39m

[DEBUG SettingsDialog] Modified settings: [ [32m&apos;ui.accessibility.screenReader&apos;[39m ] Needs restart: [33mtrue[39m

            </system-out>
            <system-err>
An update to Root inside a test was not wrapped in act(...).

When testing, code that causes React state updates should be wrapped into act(...):

act(() =&gt; {
  /* fire events that update state */
});
/* assert on the output */

This ensures that you&apos;re testing the behavior the user would see in the browser. Learn more at https://react.dev/link/wrap-tests-with-act
An update to SettingsDialog inside a test was not wrapped in act(...).

When testing, code that causes React state updates should be wrapped into act(...):

act(() =&gt; {
  /* fire events that update state */
});
/* assert on the output */

This ensures that you&apos;re testing the behavior the user would see in the browser. Learn more at https://react.dev/link/wrap-tests-with-act
An update to SettingsDialog inside a test was not wrapped in act(...).

When testing, code that causes React state updates should be wrapped into act(...):

act(() =&gt; {
  /* fire events that update state */
});
/* assert on the output */

This ensures that you&apos;re testing the behavior the user would see in the browser. Learn more at https://react.dev/link/wrap-tests-with-act
An update to SettingsDialog inside a test was not wrapped in act(...).

When testing, code that causes React state updates should be wrapped into act(...):

act(() =&gt; {
  /* fire events that update state */
});
/* assert on the output */

This ensures that you&apos;re testing the behavior the user would see in the browser. Learn more at https://react.dev/link/wrap-tests-with-act
An update to SettingsDialog inside a test was not wrapped in act(...).

When testing, code that causes React state updates should be wrapped into act(...):

act(() =&gt; {
  /* fire events that update state */
});
/* assert on the output */

This ensures that you&apos;re testing the behavior the user would see in the browser. Learn more at https://react.dev/link/wrap-tests-with-act
An update to SettingsDialog inside a test was not wrapped in act(...).

When testing, code that causes React state updates should be wrapped into act(...):

act(() =&gt; {
  /* fire events that update state */
});
/* assert on the output */

This ensures that you&apos;re testing the behavior the user would see in the browser. Learn more at https://react.dev/link/wrap-tests-with-act

An update to SettingsDialog inside a test was not wrapped in act(...).

When testing, code that causes React state updates should be wrapped into act(...):

act(() =&gt; {
  /* fire events that update state */
});
/* assert on the output */

This ensures that you&apos;re testing the behavior the user would see in the browser. Learn more at https://react.dev/link/wrap-tests-with-act

An update to SettingsDialog inside a test was not wrapped in act(...).

When testing, code that causes React state updates should be wrapped into act(...):

act(() =&gt; {
  /* fire events that update state */
});
/* assert on the output */

This ensures that you&apos;re testing the behavior the user would see in the browser. Learn more at https://react.dev/link/wrap-tests-with-act

An update to SettingsDialog inside a test was not wrapped in act(...).

When testing, code that causes React state updates should be wrapped into act(...):

act(() =&gt; {
  /* fire events that update state */
});
/* assert on the output */

This ensures that you&apos;re testing the behavior the user would see in the browser. Learn more at https://react.dev/link/wrap-tests-with-act

An update to SettingsDialog inside a test was not wrapped in act(...).

When testing, code that causes React state updates should be wrapped into act(...):

act(() =&gt; {
  /* fire events that update state */
});
/* assert on the output */

This ensures that you&apos;re testing the behavior the user would see in the browser. Learn more at https://react.dev/link/wrap-tests-with-act

An update to SettingsDialog inside a test was not wrapped in act(...).

When testing, code that causes React state updates should be wrapped into act(...):

act(() =&gt; {
  /* fire events that update state */
});
/* assert on the output */

This ensures that you&apos;re testing the behavior the user would see in the browser. Learn more at https://react.dev/link/wrap-tests-with-act

An update to SettingsDialog inside a test was not wrapped in act(...).

When testing, code that causes React state updates should be wrapped into act(...):

act(() =&gt; {
  /* fire events that update state */
});
/* assert on the output */

This ensures that you&apos;re testing the behavior the user would see in the browser. Learn more at https://react.dev/link/wrap-tests-with-act

An update to SettingsDialog inside a test was not wrapped in act(...).

When testing, code that causes React state updates should be wrapped into act(...):

act(() =&gt; {
  /* fire events that update state */
});
/* assert on the output */

This ensures that you&apos;re testing the behavior the user would see in the browser. Learn more at https://react.dev/link/wrap-tests-with-act

An update to SettingsDialog inside a test was not wrapped in act(...).

When testing, code that causes React state updates should be wrapped into act(...):

act(() =&gt; {
  /* fire events that update state */
});
/* assert on the output */

This ensures that you&apos;re testing the behavior the user would see in the browser. Learn more at https://react.dev/link/wrap-tests-with-act

An update to SettingsDialog inside a test was not wrapped in act(...).

When testing, code that causes React state updates should be wrapped into act(...):

act(() =&gt; {
  /* fire events that update state */
});
/* assert on the output */

This ensures that you&apos;re testing the behavior the user would see in the browser. Learn more at https://react.dev/link/wrap-tests-with-act

An update to SettingsDialog inside a test was not wrapped in act(...).

When testing, code that causes React state updates should be wrapped into act(...):

act(() =&gt; {
  /* fire events that update state */
});
/* assert on the output */

This ensures that you&apos;re testing the behavior the user would see in the browser. Learn more at https://react.dev/link/wrap-tests-with-act

An update to SettingsDialog inside a test was not wrapped in act(...).

When testing, code that causes React state updates should be wrapped into act(...):

act(() =&gt; {
  /* fire events that update state */
});
/* assert on the output */

This ensures that you&apos;re testing the behavior the user would see in the browser. Learn more at https://react.dev/link/wrap-tests-with-act

An update to SettingsDialog inside a test was not wrapped in act(...).

When testing, code that causes React state updates should be wrapped into act(...):

act(() =&gt; {
  /* fire events that update state */
});
/* assert on the output */

This ensures that you&apos;re testing the behavior the user would see in the browser. Learn more at https://react.dev/link/wrap-tests-with-act

An update to SettingsDialog inside a test was not wrapped in act(...).

When testing, code that causes React state updates should be wrapped into act(...):

act(() =&gt; {
  /* fire events that update state */
});
/* assert on the output */

This ensures that you&apos;re testing the behavior the user would see in the browser. Learn more at https://react.dev/link/wrap-tests-with-act

An update to SettingsDialog inside a test was not wrapped in act(...).

When testing, code that causes React state updates should be wrapped into act(...):

act(() =&gt; {
  /* fire events that update state */
});
/* assert on the output */

This ensures that you&apos;re testing the behavior the user would see in the browser. Learn more at https://react.dev/link/wrap-tests-with-act
An update to SettingsDialog inside a test was not wrapped in act(...).

When testing, code that causes React state updates should be wrapped into act(...):

act(() =&gt; {
  /* fire events that update state */
});
/* assert on the output */

This ensures that you&apos;re testing the behavior the user would see in the browser. Learn more at https://react.dev/link/wrap-tests-with-act

An update to SettingsDialog inside a test was not wrapped in act(...).

When testing, code that causes React state updates should be wrapped into act(...):

act(() =&gt; {
  /* fire events that update state */
});
/* assert on the output */

This ensures that you&apos;re testing the behavior the user would see in the browser. Learn more at https://react.dev/link/wrap-tests-with-act
An update to SettingsDialog inside a test was not wrapped in act(...).

When testing, code that causes React state updates should be wrapped into act(...):

act(() =&gt; {
  /* fire events that update state */
});
/* assert on the output */

This ensures that you&apos;re testing the behavior the user would see in the browser. Learn more at https://react.dev/link/wrap-tests-with-act

An update to SettingsDialog inside a test was not wrapped in act(...).

When testing, code that causes React state updates should be wrapped into act(...):

act(() =&gt; {
  /* fire events that update state */
});
/* assert on the output */

This ensures that you&apos;re testing the behavior the user would see in the browser. Learn more at https://react.dev/link/wrap-tests-with-act
An update to SettingsDialog inside a test was not wrapped in act(...).

When testing, code that causes React state updates should be wrapped into act(...):

act(() =&gt; {
  /* fire events that update state */
});
/* assert on the output */

This ensures that you&apos;re testing the behavior the user would see in the browser. Learn more at https://react.dev/link/wrap-tests-with-act

An update to SettingsDialog inside a test was not wrapped in act(...).

When testing, code that causes React state updates should be wrapped into act(...):

act(() =&gt; {
  /* fire events that update state */
});
/* assert on the output */

This ensures that you&apos;re testing the behavior the user would see in the browser. Learn more at https://react.dev/link/wrap-tests-with-act
An update to SettingsDialog inside a test was not wrapped in act(...).

When testing, code that causes React state updates should be wrapped into act(...):

act(() =&gt; {
  /* fire events that update state */
});
/* assert on the output */

This ensures that you&apos;re testing the behavior the user would see in the browser. Learn more at https://react.dev/link/wrap-tests-with-act

An update to SettingsDialog inside a test was not wrapped in act(...).

When testing, code that causes React state updates should be wrapped into act(...):

act(() =&gt; {
  /* fire events that update state */
});
/* assert on the output */

This ensures that you&apos;re testing the behavior the user would see in the browser. Learn more at https://react.dev/link/wrap-tests-with-act
An update to SettingsDialog inside a test was not wrapped in act(...).

When testing, code that causes React state updates should be wrapped into act(...):

act(() =&gt; {
  /* fire events that update state */
});
/* assert on the output */

This ensures that you&apos;re testing the behavior the user would see in the browser. Learn more at https://react.dev/link/wrap-tests-with-act

An update to SettingsDialog inside a test was not wrapped in act(...).

When testing, code that causes React state updates should be wrapped into act(...):

act(() =&gt; {
  /* fire events that update state */
});
/* assert on the output */

This ensures that you&apos;re testing the behavior the user would see in the browser. Learn more at https://react.dev/link/wrap-tests-with-act
An update to SettingsDialog inside a test was not wrapped in act(...).

When testing, code that causes React state updates should be wrapped into act(...):

act(() =&gt; {
  /* fire events that update state */
});
/* assert on the output */

This ensures that you&apos;re testing the behavior the user would see in the browser. Learn more at https://react.dev/link/wrap-tests-with-act

An update to SettingsDialog inside a test was not wrapped in act(...).

When testing, code that causes React state updates should be wrapped into act(...):

act(() =&gt; {
  /* fire events that update state */
});
/* assert on the output */

This ensures that you&apos;re testing the behavior the user would see in the browser. Learn more at https://react.dev/link/wrap-tests-with-act
An update to SettingsDialog inside a test was not wrapped in act(...).

When testing, code that causes React state updates should be wrapped into act(...):

act(() =&gt; {
  /* fire events that update state */
});
/* assert on the output */

This ensures that you&apos;re testing the behavior the user would see in the browser. Learn more at https://react.dev/link/wrap-tests-with-act

An update to SettingsDialog inside a test was not wrapped in act(...).

When testing, code that causes React state updates should be wrapped into act(...):

act(() =&gt; {
  /* fire events that update state */
});
/* assert on the output */

This ensures that you&apos;re testing the behavior the user would see in the browser. Learn more at https://react.dev/link/wrap-tests-with-act
An update to SettingsDialog inside a test was not wrapped in act(...).

When testing, code that causes React state updates should be wrapped into act(...):

act(() =&gt; {
  /* fire events that update state */
});
/* assert on the output */

This ensures that you&apos;re testing the behavior the user would see in the browser. Learn more at https://react.dev/link/wrap-tests-with-act
An update to SettingsDialog inside a test was not wrapped in act(...).

When testing, code that causes React state updates should be wrapped into act(...):

act(() =&gt; {
  /* fire events that update state */
});
/* assert on the output */

This ensures that you&apos;re testing the behavior the user would see in the browser. Learn more at https://react.dev/link/wrap-tests-with-act

An update to SettingsDialog inside a test was not wrapped in act(...).

When testing, code that causes React state updates should be wrapped into act(...):

act(() =&gt; {
  /* fire events that update state */
});
/* assert on the output */

This ensures that you&apos;re testing the behavior the user would see in the browser. Learn more at https://react.dev/link/wrap-tests-with-act
An update to SettingsDialog inside a test was not wrapped in act(...).

When testing, code that causes React state updates should be wrapped into act(...):

act(() =&gt; {
  /* fire events that update state */
});
/* assert on the output */

This ensures that you&apos;re testing the behavior the user would see in the browser. Learn more at https://react.dev/link/wrap-tests-with-act
An update to SettingsDialog inside a test was not wrapped in act(...).

When testing, code that causes React state updates should be wrapped into act(...):

act(() =&gt; {
  /* fire events that update state */
});
/* assert on the output */

This ensures that you&apos;re testing the behavior the user would see in the browser. Learn more at https://react.dev/link/wrap-tests-with-act
An update to SettingsDialog inside a test was not wrapped in act(...).

When testing, code that causes React state updates should be wrapped into act(...):

act(() =&gt; {
  /* fire events that update state */
});
/* assert on the output */

This ensures that you&apos;re testing the behavior the user would see in the browser. Learn more at https://react.dev/link/wrap-tests-with-act

An update to SettingsDialog inside a test was not wrapped in act(...).

When testing, code that causes React state updates should be wrapped into act(...):

act(() =&gt; {
  /* fire events that update state */
});
/* assert on the output */

This ensures that you&apos;re testing the behavior the user would see in the browser. Learn more at https://react.dev/link/wrap-tests-with-act
An update to SettingsDialog inside a test was not wrapped in act(...).

When testing, code that causes React state updates should be wrapped into act(...):

act(() =&gt; {
  /* fire events that update state */
});
/* assert on the output */

This ensures that you&apos;re testing the behavior the user would see in the browser. Learn more at https://react.dev/link/wrap-tests-with-act
An update to SettingsDialog inside a test was not wrapped in act(...).

When testing, code that causes React state updates should be wrapped into act(...):

act(() =&gt; {
  /* fire events that update state */
});
/* assert on the output */

This ensures that you&apos;re testing the behavior the user would see in the browser. Learn more at https://react.dev/link/wrap-tests-with-act

An update to SettingsDialog inside a test was not wrapped in act(...).

When testing, code that causes React state updates should be wrapped into act(...):

act(() =&gt; {
  /* fire events that update state */
});
/* assert on the output */

This ensures that you&apos;re testing the behavior the user would see in the browser. Learn more at https://react.dev/link/wrap-tests-with-act
An update to SettingsDialog inside a test was not wrapped in act(...).

When testing, code that causes React state updates should be wrapped into act(...):

act(() =&gt; {
  /* fire events that update state */
});
/* assert on the output */

This ensures that you&apos;re testing the behavior the user would see in the browser. Learn more at https://react.dev/link/wrap-tests-with-act
An update to SettingsDialog inside a test was not wrapped in act(...).

When testing, code that causes React state updates should be wrapped into act(...):

act(() =&gt; {
  /* fire events that update state */
});
/* assert on the output */

This ensures that you&apos;re testing the behavior the user would see in the browser. Learn more at https://react.dev/link/wrap-tests-with-act
An update to SettingsDialog inside a test was not wrapped in act(...).

When testing, code that causes React state updates should be wrapped into act(...):

act(() =&gt; {
  /* fire events that update state */
});
/* assert on the output */

This ensures that you&apos;re testing the behavior the user would see in the browser. Learn more at https://react.dev/link/wrap-tests-with-act

An update to SettingsDialog inside a test was not wrapped in act(...).

When testing, code that causes React state updates should be wrapped into act(...):

act(() =&gt; {
  /* fire events that update state */
});
/* assert on the output */

This ensures that you&apos;re testing the behavior the user would see in the browser. Learn more at https://react.dev/link/wrap-tests-with-act
An update to SettingsDialog inside a test was not wrapped in act(...).

When testing, code that causes React state updates should be wrapped into act(...):

act(() =&gt; {
  /* fire events that update state */
});
/* assert on the output */

This ensures that you&apos;re testing the behavior the user would see in the browser. Learn more at https://react.dev/link/wrap-tests-with-act
An update to SettingsDialog inside a test was not wrapped in act(...).

When testing, code that causes React state updates should be wrapped into act(...):

act(() =&gt; {
  /* fire events that update state */
});
/* assert on the output */

This ensures that you&apos;re testing the behavior the user would see in the browser. Learn more at https://react.dev/link/wrap-tests-with-act

An update to SettingsDialog inside a test was not wrapped in act(...).

When testing, code that causes React state updates should be wrapped into act(...):

act(() =&gt; {
  /* fire events that update state */
});
/* assert on the output */

This ensures that you&apos;re testing the behavior the user would see in the browser. Learn more at https://react.dev/link/wrap-tests-with-act
An update to SettingsDialog inside a test was not wrapped in act(...).

When testing, code that causes React state updates should be wrapped into act(...):

act(() =&gt; {
  /* fire events that update state */
});
/* assert on the output */

This ensures that you&apos;re testing the behavior the user would see in the browser. Learn more at https://react.dev/link/wrap-tests-with-act
An update to SettingsDialog inside a test was not wrapped in act(...).

When testing, code that causes React state updates should be wrapped into act(...):

act(() =&gt; {
  /* fire events that update state */
});
/* assert on the output */

This ensures that you&apos;re testing the behavior the user would see in the browser. Learn more at https://react.dev/link/wrap-tests-with-act
An update to SettingsDialog inside a test was not wrapped in act(...).

When testing, code that causes React state updates should be wrapped into act(...):

act(() =&gt; {
  /* fire events that update state */
});
/* assert on the output */

This ensures that you&apos;re testing the behavior the user would see in the browser. Learn more at https://react.dev/link/wrap-tests-with-act

An update to Root inside a test was not wrapped in act(...).

When testing, code that causes React state updates should be wrapped into act(...):

act(() =&gt; {
  /* fire events that update state */
});
/* assert on the output */

This ensures that you&apos;re testing the behavior the user would see in the browser. Learn more at https://react.dev/link/wrap-tests-with-act
An update to SettingsDialog inside a test was not wrapped in act(...).

When testing, code that causes React state updates should be wrapped into act(...):

act(() =&gt; {
  /* fire events that update state */
});
/* assert on the output */

This ensures that you&apos;re testing the behavior the user would see in the browser. Learn more at https://react.dev/link/wrap-tests-with-act
An update to SettingsDialog inside a test was not wrapped in act(...).

When testing, code that causes React state updates should be wrapped into act(...):

act(() =&gt; {
  /* fire events that update state */
});
/* assert on the output */

This ensures that you&apos;re testing the behavior the user would see in the browser. Learn more at https://react.dev/link/wrap-tests-with-act
An update to SettingsDialog inside a test was not wrapped in act(...).

When testing, code that causes React state updates should be wrapped into act(...):

act(() =&gt; {
  /* fire events that update state */
});
/* assert on the output */

This ensures that you&apos;re testing the behavior the user would see in the browser. Learn more at https://react.dev/link/wrap-tests-with-act
An update to SettingsDialog inside a test was not wrapped in act(...).

When testing, code that causes React state updates should be wrapped into act(...):

act(() =&gt; {
  /* fire events that update state */
});
/* assert on the output */

This ensures that you&apos;re testing the behavior the user would see in the browser. Learn more at https://react.dev/link/wrap-tests-with-act

An update to Root inside a test was not wrapped in act(...).

When testing, code that causes React state updates should be wrapped into act(...):

act(() =&gt; {
  /* fire events that update state */
});
/* assert on the output */

This ensures that you&apos;re testing the behavior the user would see in the browser. Learn more at https://react.dev/link/wrap-tests-with-act

            </system-err>
        </testcase>
    </testsuite>
    <testsuite name="src/ui/components/ShellConfirmationDialog.test.tsx" timestamp="2025-10-09T15:32:35.182Z" hostname="uby" tests="4" failures="0" errors="0" skipped="0" time="0.045273856">
        <testcase classname="src/ui/components/ShellConfirmationDialog.test.tsx" name="ShellConfirmationDialog &gt; renders correctly" time="0.024785319">
        </testcase>
        <testcase classname="src/ui/components/ShellConfirmationDialog.test.tsx" name="ShellConfirmationDialog &gt; calls onConfirm with ProceedOnce when &quot;Yes, allow once&quot; is selected" time="0.006932987">
        </testcase>
        <testcase classname="src/ui/components/ShellConfirmationDialog.test.tsx" name="ShellConfirmationDialog &gt; calls onConfirm with ProceedAlways when &quot;Yes, allow always for this session&quot; is selected" time="0.00650707">
        </testcase>
        <testcase classname="src/ui/components/ShellConfirmationDialog.test.tsx" name="ShellConfirmationDialog &gt; calls onConfirm with Cancel when &quot;No (esc)&quot; is selected" time="0.006001066">
        </testcase>
    </testsuite>
    <testsuite name="src/ui/components/StatsDisplay.test.tsx" timestamp="2025-10-09T15:32:35.182Z" hostname="uby" tests="12" failures="0" errors="0" skipped="0" time="0.20486931">
        <testcase classname="src/ui/components/StatsDisplay.test.tsx" name="&lt;StatsDisplay /&gt; &gt; renders only the Performance section in its zero state" time="0.039584383">
        </testcase>
        <testcase classname="src/ui/components/StatsDisplay.test.tsx" name="&lt;StatsDisplay /&gt; &gt; renders a table with two models correctly" time="0.027379616">
        </testcase>
        <testcase classname="src/ui/components/StatsDisplay.test.tsx" name="&lt;StatsDisplay /&gt; &gt; renders all sections when all data is present" time="0.019652694">
        </testcase>
        <testcase classname="src/ui/components/StatsDisplay.test.tsx" name="&lt;StatsDisplay /&gt; &gt; Conditional Rendering Tests &gt; hides User Agreement when no decisions are made" time="0.011445476">
        </testcase>
        <testcase classname="src/ui/components/StatsDisplay.test.tsx" name="&lt;StatsDisplay /&gt; &gt; Conditional Rendering Tests &gt; hides Efficiency section when cache is not used" time="0.014456232">
        </testcase>
        <testcase classname="src/ui/components/StatsDisplay.test.tsx" name="&lt;StatsDisplay /&gt; &gt; Conditional Color Tests &gt; renders success rate in green for high values" time="0.010096866">
        </testcase>
        <testcase classname="src/ui/components/StatsDisplay.test.tsx" name="&lt;StatsDisplay /&gt; &gt; Conditional Color Tests &gt; renders success rate in yellow for medium values" time="0.02157397">
        </testcase>
        <testcase classname="src/ui/components/StatsDisplay.test.tsx" name="&lt;StatsDisplay /&gt; &gt; Conditional Color Tests &gt; renders success rate in red for low values" time="0.011160299">
        </testcase>
        <testcase classname="src/ui/components/StatsDisplay.test.tsx" name="&lt;StatsDisplay /&gt; &gt; Code Changes Display &gt; displays Code Changes when line counts are present" time="0.011760297">
        </testcase>
        <testcase classname="src/ui/components/StatsDisplay.test.tsx" name="&lt;StatsDisplay /&gt; &gt; Code Changes Display &gt; hides Code Changes when no lines are added or removed" time="0.009601733">
        </testcase>
        <testcase classname="src/ui/components/StatsDisplay.test.tsx" name="&lt;StatsDisplay /&gt; &gt; Title Rendering &gt; renders the default title when no title prop is provided" time="0.009488994">
        </testcase>
        <testcase classname="src/ui/components/StatsDisplay.test.tsx" name="&lt;StatsDisplay /&gt; &gt; Title Rendering &gt; renders the custom title when a title prop is provided" time="0.016552852">
        </testcase>
    </testsuite>
    <testsuite name="src/ui/components/TodoDisplay.test.tsx" timestamp="2025-10-09T15:32:35.182Z" hostname="uby" tests="6" failures="0" errors="0" skipped="0" time="0.03712796">
        <testcase classname="src/ui/components/TodoDisplay.test.tsx" name="TodoDisplay &gt; should render todo list" time="0.027679821">
        </testcase>
        <testcase classname="src/ui/components/TodoDisplay.test.tsx" name="TodoDisplay &gt; should display correct status icons" time="0.003070928">
        </testcase>
        <testcase classname="src/ui/components/TodoDisplay.test.tsx" name="TodoDisplay &gt; should handle empty todo list" time="0.000833068">
        </testcase>
        <testcase classname="src/ui/components/TodoDisplay.test.tsx" name="TodoDisplay &gt; should handle undefined todos" time="0.000713738">
        </testcase>
        <testcase classname="src/ui/components/TodoDisplay.test.tsx" name="TodoDisplay &gt; should render tasks with different statuses" time="0.001747356">
        </testcase>
        <testcase classname="src/ui/components/TodoDisplay.test.tsx" name="TodoDisplay &gt; should render tasks with mixed statuses" time="0.001616254">
        </testcase>
    </testsuite>
    <testsuite name="src/ui/components/ToolStatsDisplay.test.tsx" timestamp="2025-10-09T15:32:35.183Z" hostname="uby" tests="5" failures="0" errors="0" skipped="0" time="0.07656964">
        <testcase classname="src/ui/components/ToolStatsDisplay.test.tsx" name="&lt;ToolStatsDisplay /&gt; &gt; should render &quot;no tool calls&quot; message when there are no active tools" time="0.026792723">
        </testcase>
        <testcase classname="src/ui/components/ToolStatsDisplay.test.tsx" name="&lt;ToolStatsDisplay /&gt; &gt; should display stats for a single tool correctly" time="0.013929691">
        </testcase>
        <testcase classname="src/ui/components/ToolStatsDisplay.test.tsx" name="&lt;ToolStatsDisplay /&gt; &gt; should display stats for multiple tools correctly" time="0.010673511">
        </testcase>
        <testcase classname="src/ui/components/ToolStatsDisplay.test.tsx" name="&lt;ToolStatsDisplay /&gt; &gt; should handle large values without wrapping or overlapping" time="0.012383347">
        </testcase>
        <testcase classname="src/ui/components/ToolStatsDisplay.test.tsx" name="&lt;ToolStatsDisplay /&gt; &gt; should handle zero decisions gracefully" time="0.011082867">
        </testcase>
    </testsuite>
    <testsuite name="src/ui/utils/MarkdownDisplay.test.tsx" timestamp="2025-10-09T15:32:35.183Z" hostname="uby" tests="17" failures="0" errors="0" skipped="0" time="0.209114449">
        <testcase classname="src/ui/utils/MarkdownDisplay.test.tsx" name="&lt;MarkdownDisplay /&gt; &gt; renders nothing for empty text" time="0.014611981">
        </testcase>
        <testcase classname="src/ui/utils/MarkdownDisplay.test.tsx" name="&lt;MarkdownDisplay /&gt; &gt; renders a simple paragraph" time="0.009766767">
        </testcase>
        <testcase classname="src/ui/utils/MarkdownDisplay.test.tsx" name="&lt;MarkdownDisplay /&gt; &gt; renders headers with correct levels" time="0.007339807">
        </testcase>
        <testcase classname="src/ui/utils/MarkdownDisplay.test.tsx" name="&lt;MarkdownDisplay /&gt; &gt; renders a fenced code block with a language" time="0.020151164">
        </testcase>
        <testcase classname="src/ui/utils/MarkdownDisplay.test.tsx" name="&lt;MarkdownDisplay /&gt; &gt; renders a fenced code block without a language" time="0.106373572">
        </testcase>
        <testcase classname="src/ui/utils/MarkdownDisplay.test.tsx" name="&lt;MarkdownDisplay /&gt; &gt; handles unclosed (pending) code blocks" time="0.003799963">
        </testcase>
        <testcase classname="src/ui/utils/MarkdownDisplay.test.tsx" name="&lt;MarkdownDisplay /&gt; &gt; renders unordered lists with different markers" time="0.004180016">
        </testcase>
        <testcase classname="src/ui/utils/MarkdownDisplay.test.tsx" name="&lt;MarkdownDisplay /&gt; &gt; renders nested unordered lists" time="0.003406708">
        </testcase>
        <testcase classname="src/ui/utils/MarkdownDisplay.test.tsx" name="&lt;MarkdownDisplay /&gt; &gt; renders ordered lists" time="0.003569328">
        </testcase>
        <testcase classname="src/ui/utils/MarkdownDisplay.test.tsx" name="&lt;MarkdownDisplay /&gt; &gt; renders horizontal rules" time="0.002790811">
        </testcase>
        <testcase classname="src/ui/utils/MarkdownDisplay.test.tsx" name="&lt;MarkdownDisplay /&gt; &gt; renders tables correctly" time="0.006046611">
        </testcase>
        <testcase classname="src/ui/utils/MarkdownDisplay.test.tsx" name="&lt;MarkdownDisplay /&gt; &gt; handles a table at the end of the input" time="0.002598817">
        </testcase>
        <testcase classname="src/ui/utils/MarkdownDisplay.test.tsx" name="&lt;MarkdownDisplay /&gt; &gt; inserts a single space between paragraphs" time="0.002522205">
        </testcase>
        <testcase classname="src/ui/utils/MarkdownDisplay.test.tsx" name="&lt;MarkdownDisplay /&gt; &gt; correctly parses a mix of markdown elements" time="0.012631896">
        </testcase>
        <testcase classname="src/ui/utils/MarkdownDisplay.test.tsx" name="&lt;MarkdownDisplay /&gt; &gt; hides line numbers in code blocks when showLineNumbers is false" time="0.003257663">
        </testcase>
        <testcase classname="src/ui/utils/MarkdownDisplay.test.tsx" name="&lt;MarkdownDisplay /&gt; &gt; shows line numbers in code blocks by default" time="0.002171729">
        </testcase>
        <testcase classname="src/ui/utils/MarkdownDisplay.test.tsx" name="&lt;MarkdownDisplay /&gt; &gt; correctly splits lines using \n regardless of platform EOL" time="0.001882395">
        </testcase>
    </testsuite>
    <testsuite name="src/ui/utils/clipboardUtils.test.ts" timestamp="2025-10-09T15:32:35.183Z" hostname="uby" tests="6" failures="0" errors="0" skipped="0" time="0.004936602">
        <testcase classname="src/ui/utils/clipboardUtils.test.ts" name="clipboardUtils &gt; clipboardHasImage &gt; should return false on non-macOS platforms" time="0.001249807">
        </testcase>
        <testcase classname="src/ui/utils/clipboardUtils.test.ts" name="clipboardUtils &gt; clipboardHasImage &gt; should return boolean on macOS" time="0.000157862">
        </testcase>
        <testcase classname="src/ui/utils/clipboardUtils.test.ts" name="clipboardUtils &gt; saveClipboardImage &gt; should return null on non-macOS platforms" time="0.000210428">
        </testcase>
        <testcase classname="src/ui/utils/clipboardUtils.test.ts" name="clipboardUtils &gt; saveClipboardImage &gt; should handle errors gracefully" time="0.000199678">
        </testcase>
        <testcase classname="src/ui/utils/clipboardUtils.test.ts" name="clipboardUtils &gt; cleanupOldClipboardImages &gt; should not throw errors" time="0.001537799">
        </testcase>
        <testcase classname="src/ui/utils/clipboardUtils.test.ts" name="clipboardUtils &gt; cleanupOldClipboardImages &gt; should complete without errors on valid directory" time="0.000295165">
        </testcase>
    </testsuite>
    <testsuite name="src/ui/utils/commandUtils.test.ts" timestamp="2025-10-09T15:32:35.183Z" hostname="uby" tests="26" failures="0" errors="0" skipped="0" time="0.029041483">
        <testcase classname="src/ui/utils/commandUtils.test.ts" name="commandUtils &gt; isAtCommand &gt; should return true when query starts with @" time="0.001855445">
        </testcase>
        <testcase classname="src/ui/utils/commandUtils.test.ts" name="commandUtils &gt; isAtCommand &gt; should return true when query contains @ preceded by whitespace" time="0.000441775">
        </testcase>
        <testcase classname="src/ui/utils/commandUtils.test.ts" name="commandUtils &gt; isAtCommand &gt; should return false when query does not start with @ and has no spaced @" time="0.00026017">
        </testcase>
        <testcase classname="src/ui/utils/commandUtils.test.ts" name="commandUtils &gt; isAtCommand &gt; should return false when @ is not preceded by whitespace" time="0.000191884">
        </testcase>
        <testcase classname="src/ui/utils/commandUtils.test.ts" name="commandUtils &gt; isSlashCommand &gt; should return true when query starts with /" time="0.000326352">
        </testcase>
        <testcase classname="src/ui/utils/commandUtils.test.ts" name="commandUtils &gt; isSlashCommand &gt; should return false when query does not start with /" time="0.000266682">
        </testcase>
        <testcase classname="src/ui/utils/commandUtils.test.ts" name="commandUtils &gt; isSlashCommand &gt; should return false for line comments starting with //" time="0.000202984">
        </testcase>
        <testcase classname="src/ui/utils/commandUtils.test.ts" name="commandUtils &gt; isSlashCommand &gt; should return false for block comments starting with /*" time="0.000176926">
        </testcase>
        <testcase classname="src/ui/utils/commandUtils.test.ts" name="commandUtils &gt; copyToClipboard &gt; on macOS (darwin) &gt; should successfully copy text to clipboard using pbcopy" time="0.001783702">
        </testcase>
        <testcase classname="src/ui/utils/commandUtils.test.ts" name="commandUtils &gt; copyToClipboard &gt; on macOS (darwin) &gt; should handle pbcopy command failure" time="0.001190147">
        </testcase>
        <testcase classname="src/ui/utils/commandUtils.test.ts" name="commandUtils &gt; copyToClipboard &gt; on macOS (darwin) &gt; should handle spawn error" time="0.001398512">
        </testcase>
        <testcase classname="src/ui/utils/commandUtils.test.ts" name="commandUtils &gt; copyToClipboard &gt; on macOS (darwin) &gt; should handle stdin write error" time="0.001621463">
        </testcase>
        <testcase classname="src/ui/utils/commandUtils.test.ts" name="commandUtils &gt; copyToClipboard &gt; on Windows (win32) &gt; should successfully copy text to clipboard using clip" time="0.001741534">
        </testcase>
        <testcase classname="src/ui/utils/commandUtils.test.ts" name="commandUtils &gt; copyToClipboard &gt; on Linux &gt; should successfully copy text to clipboard using xclip" time="0.000553392">
        </testcase>
        <testcase classname="src/ui/utils/commandUtils.test.ts" name="commandUtils &gt; copyToClipboard &gt; on Linux &gt; should fall back to xsel when xclip fails" time="0.00297419">
        </testcase>
        <testcase classname="src/ui/utils/commandUtils.test.ts" name="commandUtils &gt; copyToClipboard &gt; on Linux &gt; should throw error when both xclip and xsel are not found" time="0.00288229">
        </testcase>
        <testcase classname="src/ui/utils/commandUtils.test.ts" name="commandUtils &gt; copyToClipboard &gt; on Linux &gt; should emit error when xclip or xsel fail with stderr output (command installed)" time="0.002691067">
        </testcase>
        <testcase classname="src/ui/utils/commandUtils.test.ts" name="commandUtils &gt; copyToClipboard &gt; on unsupported platform &gt; should throw error for unsupported platform" time="0.000263386">
        </testcase>
        <testcase classname="src/ui/utils/commandUtils.test.ts" name="commandUtils &gt; copyToClipboard &gt; error handling &gt; should handle command exit without stderr" time="0.001367735">
        </testcase>
        <testcase classname="src/ui/utils/commandUtils.test.ts" name="commandUtils &gt; copyToClipboard &gt; error handling &gt; should handle empty text" time="0.001388593">
        </testcase>
        <testcase classname="src/ui/utils/commandUtils.test.ts" name="commandUtils &gt; copyToClipboard &gt; error handling &gt; should handle multiline text" time="0.00134403">
        </testcase>
        <testcase classname="src/ui/utils/commandUtils.test.ts" name="commandUtils &gt; copyToClipboard &gt; error handling &gt; should handle special characters" time="0.001283639">
        </testcase>
        <testcase classname="src/ui/utils/commandUtils.test.ts" name="commandUtils &gt; getUrlOpenCommand &gt; on macOS (darwin) &gt; should return open" time="0.00018426">
        </testcase>
        <testcase classname="src/ui/utils/commandUtils.test.ts" name="commandUtils &gt; getUrlOpenCommand &gt; on Windows (win32) &gt; should return start" time="0.000097761">
        </testcase>
        <testcase classname="src/ui/utils/commandUtils.test.ts" name="commandUtils &gt; getUrlOpenCommand &gt; on Linux (linux) &gt; should return xdg-open" time="0.00009766">
        </testcase>
        <testcase classname="src/ui/utils/commandUtils.test.ts" name="commandUtils &gt; getUrlOpenCommand &gt; on unmatched OS &gt; should return xdg-open" time="0.000824282">
            <system-err>
Unknown platform: unmatched. Attempting to open URLs with: xdg-open.

            </system-err>
        </testcase>
    </testsuite>
    <testsuite name="src/ui/utils/computeStats.test.ts" timestamp="2025-10-09T15:32:35.184Z" hostname="uby" tests="12" failures="0" errors="0" skipped="0" time="0.004764615">
        <testcase classname="src/ui/utils/computeStats.test.ts" name="calculateErrorRate &gt; should return 0 if totalRequests is 0" time="0.001240911">
        </testcase>
        <testcase classname="src/ui/utils/computeStats.test.ts" name="calculateErrorRate &gt; should calculate the error rate correctly" time="0.000146009">
        </testcase>
        <testcase classname="src/ui/utils/computeStats.test.ts" name="calculateAverageLatency &gt; should return 0 if totalRequests is 0" time="0.000124219">
        </testcase>
        <testcase classname="src/ui/utils/computeStats.test.ts" name="calculateAverageLatency &gt; should calculate the average latency correctly" time="0.000079998">
        </testcase>
        <testcase classname="src/ui/utils/computeStats.test.ts" name="calculateCacheHitRate &gt; should return 0 if prompt tokens is 0" time="0.000093002">
        </testcase>
        <testcase classname="src/ui/utils/computeStats.test.ts" name="calculateCacheHitRate &gt; should calculate the cache hit rate correctly" time="0.000071923">
        </testcase>
        <testcase classname="src/ui/utils/computeStats.test.ts" name="computeSessionStats &gt; should return all zeros for initial empty metrics" time="0.000805757">
        </testcase>
        <testcase classname="src/ui/utils/computeStats.test.ts" name="computeSessionStats &gt; should correctly calculate API and tool time percentages" time="0.000244241">
        </testcase>
        <testcase classname="src/ui/utils/computeStats.test.ts" name="computeSessionStats &gt; should correctly calculate cache efficiency" time="0.000202915">
        </testcase>
        <testcase classname="src/ui/utils/computeStats.test.ts" name="computeSessionStats &gt; should correctly calculate success and agreement rates" time="0.000137243">
        </testcase>
        <testcase classname="src/ui/utils/computeStats.test.ts" name="computeSessionStats &gt; should handle division by zero gracefully" time="0.00016249">
        </testcase>
        <testcase classname="src/ui/utils/computeStats.test.ts" name="computeSessionStats &gt; should correctly include line counts" time="0.000100315">
        </testcase>
    </testsuite>
    <testsuite name="src/ui/utils/displayUtils.test.ts" timestamp="2025-10-09T15:32:35.185Z" hostname="uby" tests="5" failures="0" errors="0" skipped="0" time="0.00377118">
        <testcase classname="src/ui/utils/displayUtils.test.ts" name="displayUtils &gt; getStatusColor &gt; should return green for values &gt;= green threshold" time="0.001452101">
        </testcase>
        <testcase classname="src/ui/utils/displayUtils.test.ts" name="displayUtils &gt; getStatusColor &gt; should return yellow for values &lt; green and &gt;= yellow threshold" time="0.000219756">
        </testcase>
        <testcase classname="src/ui/utils/displayUtils.test.ts" name="displayUtils &gt; getStatusColor &gt; should return red for values &lt; yellow threshold" time="0.000489374">
        </testcase>
        <testcase classname="src/ui/utils/displayUtils.test.ts" name="displayUtils &gt; getStatusColor &gt; should return defaultColor for values &lt; yellow threshold when provided" time="0.000118469">
        </testcase>
        <testcase classname="src/ui/utils/displayUtils.test.ts" name="displayUtils &gt; Threshold Constants &gt; should have the correct values" time="0.000219164">
        </testcase>
    </testsuite>
    <testsuite name="src/ui/utils/formatters.test.ts" timestamp="2025-10-09T15:32:35.185Z" hostname="uby" tests="14" failures="0" errors="0" skipped="0" time="0.004073489">
        <testcase classname="src/ui/utils/formatters.test.ts" name="formatters &gt; formatMemoryUsage &gt; should format bytes into KB" time="0.001469182">
        </testcase>
        <testcase classname="src/ui/utils/formatters.test.ts" name="formatters &gt; formatMemoryUsage &gt; should format bytes into MB" time="0.000181064">
        </testcase>
        <testcase classname="src/ui/utils/formatters.test.ts" name="formatters &gt; formatMemoryUsage &gt; should format bytes into GB" time="0.00008671">
        </testcase>
        <testcase classname="src/ui/utils/formatters.test.ts" name="formatters &gt; formatDuration &gt; should format milliseconds less than a second" time="0.000196643">
        </testcase>
        <testcase classname="src/ui/utils/formatters.test.ts" name="formatters &gt; formatDuration &gt; should format a duration of 0" time="0.000069588">
        </testcase>
        <testcase classname="src/ui/utils/formatters.test.ts" name="formatters &gt; formatDuration &gt; should format an exact number of seconds" time="0.0000702">
        </testcase>
        <testcase classname="src/ui/utils/formatters.test.ts" name="formatters &gt; formatDuration &gt; should format a duration in seconds with one decimal place" time="0.000061012">
        </testcase>
        <testcase classname="src/ui/utils/formatters.test.ts" name="formatters &gt; formatDuration &gt; should format an exact number of minutes" time="0.000077033">
        </testcase>
        <testcase classname="src/ui/utils/formatters.test.ts" name="formatters &gt; formatDuration &gt; should format a duration in minutes and seconds" time="0.000071713">
        </testcase>
        <testcase classname="src/ui/utils/formatters.test.ts" name="formatters &gt; formatDuration &gt; should format an exact number of hours" time="0.00005973">
        </testcase>
        <testcase classname="src/ui/utils/formatters.test.ts" name="formatters &gt; formatDuration &gt; should format a duration in hours and seconds" time="0.000060352">
        </testcase>
        <testcase classname="src/ui/utils/formatters.test.ts" name="formatters &gt; formatDuration &gt; should format a duration in hours, minutes, and seconds" time="0.000058999">
        </testcase>
        <testcase classname="src/ui/utils/formatters.test.ts" name="formatters &gt; formatDuration &gt; should handle large durations" time="0.000061723">
        </testcase>
        <testcase classname="src/ui/utils/formatters.test.ts" name="formatters &gt; formatDuration &gt; should handle negative durations" time="0.000056885">
        </testcase>
    </testsuite>
    <testsuite name="src/ui/utils/markdownUtilities.test.ts" timestamp="2025-10-09T15:32:35.185Z" hostname="uby" tests="7" failures="0" errors="0" skipped="0" time="0.003616746">
        <testcase classname="src/ui/utils/markdownUtilities.test.ts" name="markdownUtilities &gt; findLastSafeSplitPoint &gt; should split at the last double newline if not in a code block" time="0.001616263">
        </testcase>
        <testcase classname="src/ui/utils/markdownUtilities.test.ts" name="markdownUtilities &gt; findLastSafeSplitPoint &gt; should return content.length if no safe split point is found" time="0.000197525">
        </testcase>
        <testcase classname="src/ui/utils/markdownUtilities.test.ts" name="markdownUtilities &gt; findLastSafeSplitPoint &gt; should prioritize splitting at 

 over being at the very end of the string if the end is not in a code block" time="0.00011392">
        </testcase>
        <testcase classname="src/ui/utils/markdownUtilities.test.ts" name="markdownUtilities &gt; findLastSafeSplitPoint &gt; should return content.length if the only 

 is inside a code block and the end of content is not" time="0.000088273">
        </testcase>
        <testcase classname="src/ui/utils/markdownUtilities.test.ts" name="markdownUtilities &gt; findLastSafeSplitPoint &gt; should correctly identify the last 

 even if it is followed by text not in a code block" time="0.000071662">
        </testcase>
        <testcase classname="src/ui/utils/markdownUtilities.test.ts" name="markdownUtilities &gt; findLastSafeSplitPoint &gt; should return content.length if content is empty" time="0.000071953">
        </testcase>
        <testcase classname="src/ui/utils/markdownUtilities.test.ts" name="markdownUtilities &gt; findLastSafeSplitPoint &gt; should return content.length if content has no newlines and no code blocks" time="0.000062466">
        </testcase>
    </testsuite>
    <testsuite name="src/ui/utils/updateCheck.test.ts" timestamp="2025-10-09T15:32:35.186Z" hostname="uby" tests="9" failures="0" errors="0" skipped="0" time="0.01270478">
        <testcase classname="src/ui/utils/updateCheck.test.ts" name="checkForUpdates &gt; should return null when running from source (DEV=true)" time="0.00386836">
        </testcase>
        <testcase classname="src/ui/utils/updateCheck.test.ts" name="checkForUpdates &gt; should return null if package.json is missing" time="0.000748352">
        </testcase>
        <testcase classname="src/ui/utils/updateCheck.test.ts" name="checkForUpdates &gt; should return null if there is no update" time="0.000570283">
        </testcase>
        <testcase classname="src/ui/utils/updateCheck.test.ts" name="checkForUpdates &gt; should return a message if a newer version is available" time="0.001715045">
        </testcase>
        <testcase classname="src/ui/utils/updateCheck.test.ts" name="checkForUpdates &gt; should return null if the latest version is the same as the current version" time="0.0006281">
        </testcase>
        <testcase classname="src/ui/utils/updateCheck.test.ts" name="checkForUpdates &gt; should return null if the latest version is older than the current version" time="0.000480457">
        </testcase>
        <testcase classname="src/ui/utils/updateCheck.test.ts" name="checkForUpdates &gt; should return null if fetchInfo rejects" time="0.001465755">
            <system-err>
Failed to check for updates: Error: Timeout

            </system-err>
        </testcase>
        <testcase classname="src/ui/utils/updateCheck.test.ts" name="checkForUpdates &gt; should handle errors gracefully" time="0.00056847">
            <system-err>
Failed to check for updates: Error: test error

            </system-err>
        </testcase>
        <testcase classname="src/ui/utils/updateCheck.test.ts" name="checkForUpdates &gt; nightly updates &gt; should notify for a newer nightly version when current is nightly" time="0.001029039">
        </testcase>
    </testsuite>
    <testsuite name="src/ui/commands/aboutCommand.test.ts" timestamp="2025-10-09T15:32:35.186Z" hostname="uby" tests="5" failures="0" errors="0" skipped="0" time="0.013745992">
        <testcase classname="src/ui/commands/aboutCommand.test.ts" name="aboutCommand &gt; should have the correct name and description" time="0.002805098">
        </testcase>
        <testcase classname="src/ui/commands/aboutCommand.test.ts" name="aboutCommand &gt; should call addItem with all version info" time="0.005327644">
        </testcase>
        <testcase classname="src/ui/commands/aboutCommand.test.ts" name="aboutCommand &gt; should show the correct sandbox environment variable" time="0.001796165">
        </testcase>
        <testcase classname="src/ui/commands/aboutCommand.test.ts" name="aboutCommand &gt; should show sandbox-exec profile when applicable" time="0.001095021">
        </testcase>
        <testcase classname="src/ui/commands/aboutCommand.test.ts" name="aboutCommand &gt; should not show ide client when it is not detected" time="0.001272679">
        </testcase>
    </testsuite>
    <testsuite name="src/ui/commands/approvalModeCommand.test.ts" timestamp="2025-10-09T15:32:35.187Z" hostname="uby" tests="19" failures="0" errors="0" skipped="0" time="0.020756272">
        <testcase classname="src/ui/commands/approvalModeCommand.test.ts" name="approvalModeCommand &gt; should have the correct command properties" time="0.002841114">
        </testcase>
        <testcase classname="src/ui/commands/approvalModeCommand.test.ts" name="approvalModeCommand &gt; should show current mode, options, and usage when no arguments provided" time="0.000894891">
        </testcase>
        <testcase classname="src/ui/commands/approvalModeCommand.test.ts" name="approvalModeCommand &gt; should display error when config is not available" time="0.0015385">
        </testcase>
        <testcase classname="src/ui/commands/approvalModeCommand.test.ts" name="approvalModeCommand &gt; should change approval mode when valid mode is provided" time="0.002525552">
        </testcase>
        <testcase classname="src/ui/commands/approvalModeCommand.test.ts" name="approvalModeCommand &gt; should accept canonical auto-edit mode value" time="0.001234388">
        </testcase>
        <testcase classname="src/ui/commands/approvalModeCommand.test.ts" name="approvalModeCommand &gt; should accept auto-edit alias for compatibility" time="0.000965422">
        </testcase>
        <testcase classname="src/ui/commands/approvalModeCommand.test.ts" name="approvalModeCommand &gt; should display error when invalid mode is provided" time="0.000817459">
        </testcase>
        <testcase classname="src/ui/commands/approvalModeCommand.test.ts" name="approvalModeCommand &gt; should display error when setApprovalMode throws an error" time="0.000743904">
        </testcase>
        <testcase classname="src/ui/commands/approvalModeCommand.test.ts" name="approvalModeCommand &gt; should allow selecting auto-edit with user scope via nested subcommands" time="0.000910831">
        </testcase>
        <testcase classname="src/ui/commands/approvalModeCommand.test.ts" name="approvalModeCommand &gt; should allow selecting plan with project scope via nested subcommands" time="0.000738332">
        </testcase>
        <testcase classname="src/ui/commands/approvalModeCommand.test.ts" name="approvalModeCommand &gt; should allow selecting plan with session scope via nested subcommands" time="0.000551889">
        </testcase>
        <testcase classname="src/ui/commands/approvalModeCommand.test.ts" name="approvalModeCommand &gt; should allow providing a scope argument after selecting a mode subcommand" time="0.000701905">
        </testcase>
        <testcase classname="src/ui/commands/approvalModeCommand.test.ts" name="approvalModeCommand &gt; should support --user plan pattern (scope first)" time="0.000532433">
        </testcase>
        <testcase classname="src/ui/commands/approvalModeCommand.test.ts" name="approvalModeCommand &gt; should support plan --user pattern (mode first)" time="0.00066102">
        </testcase>
        <testcase classname="src/ui/commands/approvalModeCommand.test.ts" name="approvalModeCommand &gt; should support --project auto-edit pattern" time="0.000519739">
        </testcase>
        <testcase classname="src/ui/commands/approvalModeCommand.test.ts" name="approvalModeCommand &gt; should display error when only scope flag is provided" time="0.000537041">
        </testcase>
        <testcase classname="src/ui/commands/approvalModeCommand.test.ts" name="approvalModeCommand &gt; should display error when multiple scope flags are provided" time="0.000564993">
        </testcase>
        <testcase classname="src/ui/commands/approvalModeCommand.test.ts" name="approvalModeCommand &gt; should surface a helpful error when scope subcommands receive extra arguments" time="0.000496056">
        </testcase>
        <testcase classname="src/ui/commands/approvalModeCommand.test.ts" name="approvalModeCommand &gt; should provide completion for approval modes" time="0.001331658">
        </testcase>
    </testsuite>
    <testsuite name="src/ui/commands/authCommand.test.ts" timestamp="2025-10-09T15:32:35.187Z" hostname="uby" tests="2" failures="0" errors="0" skipped="0" time="0.005232828">
        <testcase classname="src/ui/commands/authCommand.test.ts" name="authCommand &gt; should return a dialog action to open the auth dialog" time="0.003254137">
        </testcase>
        <testcase classname="src/ui/commands/authCommand.test.ts" name="authCommand &gt; should have the correct name and description" time="0.000727993">
        </testcase>
    </testsuite>
    <testsuite name="src/ui/commands/bugCommand.test.ts" timestamp="2025-10-09T15:32:35.187Z" hostname="uby" tests="2" failures="0" errors="0" skipped="0" time="0.005987291">
        <testcase classname="src/ui/commands/bugCommand.test.ts" name="bugCommand &gt; should generate the default GitHub issue URL" time="0.003847161">
        </testcase>
        <testcase classname="src/ui/commands/bugCommand.test.ts" name="bugCommand &gt; should use a custom URL template from config if provided" time="0.001012489">
        </testcase>
    </testsuite>
    <testsuite name="src/ui/commands/chatCommand.test.ts" timestamp="2025-10-09T15:32:35.187Z" hostname="uby" tests="17" failures="0" errors="0" skipped="0" time="0.019333205">
        <testcase classname="src/ui/commands/chatCommand.test.ts" name="chatCommand &gt; should have the correct main command definition" time="0.002394159">
        </testcase>
        <testcase classname="src/ui/commands/chatCommand.test.ts" name="chatCommand &gt; list subcommand &gt; should inform when no checkpoints are found" time="0.001206156">
        </testcase>
        <testcase classname="src/ui/commands/chatCommand.test.ts" name="chatCommand &gt; list subcommand &gt; should list found checkpoints" time="0.001355832">
        </testcase>
        <testcase classname="src/ui/commands/chatCommand.test.ts" name="chatCommand &gt; list subcommand &gt; should handle invalid date formats gracefully" time="0.000838308">
        </testcase>
        <testcase classname="src/ui/commands/chatCommand.test.ts" name="chatCommand &gt; save subcommand &gt; should return an error if tag is missing" time="0.000896274">
        </testcase>
        <testcase classname="src/ui/commands/chatCommand.test.ts" name="chatCommand &gt; save subcommand &gt; should inform if conversation history is empty or only contains system context" time="0.001028819">
        </testcase>
        <testcase classname="src/ui/commands/chatCommand.test.ts" name="chatCommand &gt; save subcommand &gt; should return confirm_action if checkpoint already exists" time="0.002509231">
        </testcase>
        <testcase classname="src/ui/commands/chatCommand.test.ts" name="chatCommand &gt; save subcommand &gt; should save the conversation if overwrite is confirmed" time="0.00148445">
        </testcase>
        <testcase classname="src/ui/commands/chatCommand.test.ts" name="chatCommand &gt; resume subcommand &gt; should return an error if tag is missing" time="0.00088855">
        </testcase>
        <testcase classname="src/ui/commands/chatCommand.test.ts" name="chatCommand &gt; resume subcommand &gt; should inform if checkpoint is not found" time="0.000869234">
        </testcase>
        <testcase classname="src/ui/commands/chatCommand.test.ts" name="chatCommand &gt; resume subcommand &gt; should resume a conversation" time="0.000895674">
        </testcase>
        <testcase classname="src/ui/commands/chatCommand.test.ts" name="chatCommand &gt; resume subcommand &gt; completion &gt; should provide completion suggestions" time="0.000781382">
        </testcase>
        <testcase classname="src/ui/commands/chatCommand.test.ts" name="chatCommand &gt; resume subcommand &gt; completion &gt; should suggest filenames sorted by modified time (newest first)" time="0.000548382">
        </testcase>
        <testcase classname="src/ui/commands/chatCommand.test.ts" name="chatCommand &gt; delete subcommand &gt; should return an error if tag is missing" time="0.000486098">
        </testcase>
        <testcase classname="src/ui/commands/chatCommand.test.ts" name="chatCommand &gt; delete subcommand &gt; should return an error if checkpoint is not found" time="0.000454909">
        </testcase>
        <testcase classname="src/ui/commands/chatCommand.test.ts" name="chatCommand &gt; delete subcommand &gt; should delete the conversation" time="0.000519089">
        </testcase>
        <testcase classname="src/ui/commands/chatCommand.test.ts" name="chatCommand &gt; delete subcommand &gt; completion &gt; should provide completion suggestions" time="0.000616849">
        </testcase>
    </testsuite>
    <testsuite name="src/ui/commands/clearCommand.test.ts" timestamp="2025-10-09T15:32:35.188Z" hostname="uby" tests="2" failures="0" errors="0" skipped="0" time="0.007680897">
        <testcase classname="src/ui/commands/clearCommand.test.ts" name="clearCommand &gt; should set debug message, reset chat, reset telemetry, and clear UI when config is available" time="0.004842267">
        </testcase>
        <testcase classname="src/ui/commands/clearCommand.test.ts" name="clearCommand &gt; should not attempt to reset chat if config service is not available" time="0.001651318">
        </testcase>
    </testsuite>
    <testsuite name="src/ui/commands/compressCommand.test.ts" timestamp="2025-10-09T15:32:35.188Z" hostname="uby" tests="5" failures="0" errors="0" skipped="0" time="0.013565108">
        <testcase classname="src/ui/commands/compressCommand.test.ts" name="compressCommand &gt; should do nothing if a compression is already pending" time="0.005723154">
        </testcase>
        <testcase classname="src/ui/commands/compressCommand.test.ts" name="compressCommand &gt; should set pending item, call tryCompressChat, and add result on success" time="0.004026542">
        </testcase>
        <testcase classname="src/ui/commands/compressCommand.test.ts" name="compressCommand &gt; should add an error message if tryCompressChat returns falsy" time="0.000742831">
        </testcase>
        <testcase classname="src/ui/commands/compressCommand.test.ts" name="compressCommand &gt; should add an error message if tryCompressChat throws" time="0.001241211">
        </testcase>
        <testcase classname="src/ui/commands/compressCommand.test.ts" name="compressCommand &gt; should clear the pending item in a finally block" time="0.00054172">
        </testcase>
    </testsuite>
    <testsuite name="src/ui/commands/copyCommand.test.ts" timestamp="2025-10-09T15:32:35.188Z" hostname="uby" tests="11" failures="0" errors="0" skipped="0" time="0.01373934">
        <testcase classname="src/ui/commands/copyCommand.test.ts" name="copyCommand &gt; should return info message when no history is available" time="0.003297056">
        </testcase>
        <testcase classname="src/ui/commands/copyCommand.test.ts" name="copyCommand &gt; should return info message when history is empty" time="0.000711994">
        </testcase>
        <testcase classname="src/ui/commands/copyCommand.test.ts" name="copyCommand &gt; should return info message when no AI messages are found in history" time="0.000582054">
        </testcase>
        <testcase classname="src/ui/commands/copyCommand.test.ts" name="copyCommand &gt; should copy last AI message to clipboard successfully" time="0.001126579">
        </testcase>
        <testcase classname="src/ui/commands/copyCommand.test.ts" name="copyCommand &gt; should handle multiple text parts in AI message" time="0.00111622">
        </testcase>
        <testcase classname="src/ui/commands/copyCommand.test.ts" name="copyCommand &gt; should filter out non-text parts" time="0.000973898">
        </testcase>
        <testcase classname="src/ui/commands/copyCommand.test.ts" name="copyCommand &gt; should get the last AI message when multiple AI messages exist" time="0.0007748">
        </testcase>
        <testcase classname="src/ui/commands/copyCommand.test.ts" name="copyCommand &gt; should handle clipboard copy error" time="0.001618517">
            <system-out>
Clipboard access denied

            </system-out>
        </testcase>
        <testcase classname="src/ui/commands/copyCommand.test.ts" name="copyCommand &gt; should handle non-Error clipboard errors" time="0.000898969">
            <system-out>
String error

            </system-out>
        </testcase>
        <testcase classname="src/ui/commands/copyCommand.test.ts" name="copyCommand &gt; should return info message when no text parts found in AI message" time="0.000554132">
        </testcase>
        <testcase classname="src/ui/commands/copyCommand.test.ts" name="copyCommand &gt; should handle unavailable config service" time="0.000618071">
        </testcase>
    </testsuite>
    <testsuite name="src/ui/commands/corgiCommand.test.ts" timestamp="2025-10-09T15:32:35.188Z" hostname="uby" tests="2" failures="0" errors="0" skipped="0" time="0.004774933">
        <testcase classname="src/ui/commands/corgiCommand.test.ts" name="corgiCommand &gt; should call the toggleCorgiMode function on the UI context" time="0.00290407">
        </testcase>
        <testcase classname="src/ui/commands/corgiCommand.test.ts" name="corgiCommand &gt; should have the correct name and description" time="0.000751047">
        </testcase>
    </testsuite>
    <testsuite name="src/ui/commands/directoryCommand.test.tsx" timestamp="2025-10-09T15:32:35.189Z" hostname="uby" tests="7" failures="0" errors="0" skipped="0" time="0.011175487">
        <testcase classname="src/ui/commands/directoryCommand.test.tsx" name="directoryCommand &gt; show &gt; should display the list of directories" time="0.004855072">
        </testcase>
        <testcase classname="src/ui/commands/directoryCommand.test.tsx" name="directoryCommand &gt; add &gt; should show an error if no path is provided" time="0.00090462">
        </testcase>
        <testcase classname="src/ui/commands/directoryCommand.test.tsx" name="directoryCommand &gt; add &gt; should call addDirectory and show a success message for a single path" time="0.001002921">
        </testcase>
        <testcase classname="src/ui/commands/directoryCommand.test.tsx" name="directoryCommand &gt; add &gt; should call addDirectory for each path and show a success message for multiple paths" time="0.000755996">
        </testcase>
        <testcase classname="src/ui/commands/directoryCommand.test.tsx" name="directoryCommand &gt; add &gt; should show an error if addDirectory throws an exception" time="0.000654498">
        </testcase>
        <testcase classname="src/ui/commands/directoryCommand.test.tsx" name="directoryCommand &gt; add &gt; should handle a mix of successful and failed additions" time="0.000904038">
        </testcase>
        <testcase classname="src/ui/commands/directoryCommand.test.tsx" name="directoryCommand &gt; should correctly expand a Windows-style home directory path" time="0.000657033">
        </testcase>
    </testsuite>
    <testsuite name="src/ui/commands/docsCommand.test.ts" timestamp="2025-10-09T15:32:35.189Z" hostname="uby" tests="3" failures="0" errors="0" skipped="0" time="0.015345705">
        <testcase classname="src/ui/commands/docsCommand.test.ts" name="docsCommand &gt; should add an info message and call &apos;open&apos; in a non-sandbox environment" time="0.009780202">
        </testcase>
        <testcase classname="src/ui/commands/docsCommand.test.ts" name="docsCommand &gt; should only add an info message in a sandbox environment" time="0.001280383">
        </testcase>
        <testcase classname="src/ui/commands/docsCommand.test.ts" name="docsCommand &gt; should not open browser for &apos;sandbox-exec&apos;" time="0.001486444">
        </testcase>
    </testsuite>
    <testsuite name="src/ui/commands/editorCommand.test.ts" timestamp="2025-10-09T15:32:35.189Z" hostname="uby" tests="2" failures="0" errors="0" skipped="0" time="0.005160645">
        <testcase classname="src/ui/commands/editorCommand.test.ts" name="editorCommand &gt; should return a dialog action to open the editor dialog" time="0.003216006">
        </testcase>
        <testcase classname="src/ui/commands/editorCommand.test.ts" name="editorCommand &gt; should have the correct name and description" time="0.000481609">
        </testcase>
    </testsuite>
    <testsuite name="src/ui/commands/exportCommand.test.ts" timestamp="2025-10-09T15:32:35.189Z" hostname="uby" tests="8" failures="3" errors="0" skipped="0" time="0.035781534">
        <testcase classname="src/ui/commands/exportCommand.test.ts" name="exportCommand &gt; should have correct name and description" time="0.002306637">
        </testcase>
        <testcase classname="src/ui/commands/exportCommand.test.ts" name="exportCommand &gt; should export full conversation with default filename to conversations dir" time="0.023429686">
            <failure message="expected &quot;spy&quot; to be called with arguments: [ &apos;/mock/path/conversations&apos;, …(1) ][90m

Received: 

[1m  1st spy call:

[22m[2m  [[22m
[32m-   &quot;/mock/path/conversations&quot;,[90m
[31m+   &quot;/mock/path/conversations/conversation.md&quot;,[90m
[2m    {[22m
[2m      &quot;recursive&quot;: true,[22m
[2m    },[22m
[2m  ][22m
[39m[90m

Number of calls: [1m1[22m
[39m" type="AssertionError">
AssertionError: expected &quot;spy&quot; to be called with arguments: [ &apos;/mock/path/conversations&apos;, …(1) ]

Received: 

  1st spy call:

  [
-   &quot;/mock/path/conversations&quot;,
+   &quot;/mock/path/conversations/conversation.md&quot;,
    {
      &quot;recursive&quot;: true,
    },
  ]


Number of calls: 1

 ❯ src/ui/commands/exportCommand.test.ts:141:27
            </failure>
        </testcase>
        <testcase classname="src/ui/commands/exportCommand.test.ts" name="exportCommand &gt; should handle compact option" time="0.001269633">
        </testcase>
        <testcase classname="src/ui/commands/exportCommand.test.ts" name="exportCommand &gt; should handle report option" time="0.000900652">
        </testcase>
        <testcase classname="src/ui/commands/exportCommand.test.ts" name="exportCommand &gt; should handle invalid option" time="0.00190755">
            <failure message="Cannot read properties of undefined (reading &apos;length&apos;)" type="TypeError">
TypeError: Cannot read properties of undefined (reading &apos;length&apos;)
 ❯ action src/ui/commands/exportCommand.ts:20:17
 ❯ src/ui/commands/exportCommand.test.ts:217:11
            </failure>
        </testcase>
        <testcase classname="src/ui/commands/exportCommand.test.ts" name="exportCommand &gt; should handle no history" time="0.001535624">
        </testcase>
        <testcase classname="src/ui/commands/exportCommand.test.ts" name="exportCommand &gt; should handle custom filename with option" time="0.001953676">
            <failure message="expected &quot;spy&quot; to be called with arguments: [ &apos;/mock/path/reports&apos;, …(1) ][90m

Received: 

[1m  1st spy call:

[22m[2m  [[22m
[32m-   &quot;/mock/path/reports&quot;,[90m
[31m+   &quot;/mock/path/reports/my-report.md&quot;,[90m
[2m    {[22m
[2m      &quot;recursive&quot;: true,[22m
[2m    },[22m
[2m  ][22m
[39m[90m

Number of calls: [1m1[22m
[39m" type="AssertionError">
AssertionError: expected &quot;spy&quot; to be called with arguments: [ &apos;/mock/path/reports&apos;, …(1) ]

Received: 

  1st spy call:

  [
-   &quot;/mock/path/reports&quot;,
+   &quot;/mock/path/reports/my-report.md&quot;,
    {
      &quot;recursive&quot;: true,
    },
  ]


Number of calls: 1

 ❯ src/ui/commands/exportCommand.test.ts:261:27
            </failure>
        </testcase>
        <testcase classname="src/ui/commands/exportCommand.test.ts" name="exportCommand &gt; should handle export error" time="0.000933252">
        </testcase>
    </testsuite>
    <testsuite name="src/ui/commands/extensionsCommand.test.ts" timestamp="2025-10-09T15:32:35.190Z" hostname="uby" tests="2" failures="0" errors="0" skipped="0" time="0.012090006">
        <testcase classname="src/ui/commands/extensionsCommand.test.ts" name="extensionsCommand &gt; should display &quot;No active extensions.&quot; when none are found" time="0.009413195">
        </testcase>
        <testcase classname="src/ui/commands/extensionsCommand.test.ts" name="extensionsCommand &gt; should list active extensions when they are found" time="0.001335124">
        </testcase>
    </testsuite>
    <testsuite name="src/ui/commands/helpCommand.test.ts" timestamp="2025-10-09T15:32:35.190Z" hostname="uby" tests="2" failures="0" errors="0" skipped="0" time="0.009804647">
        <testcase classname="src/ui/commands/helpCommand.test.ts" name="helpCommand &gt; should add a help message to the UI history" time="0.007802252">
        </testcase>
        <testcase classname="src/ui/commands/helpCommand.test.ts" name="helpCommand &gt; should have the correct command properties" time="0.000843547">
        </testcase>
    </testsuite>
    <testsuite name="src/ui/commands/ideCommand.test.ts" timestamp="2025-10-09T15:32:35.190Z" hostname="uby" tests="9" failures="0" errors="0" skipped="0" time="5.023983669">
        <testcase classname="src/ui/commands/ideCommand.test.ts" name="ideCommand &gt; should return null if config is not provided" time="0.002691738">
        </testcase>
        <testcase classname="src/ui/commands/ideCommand.test.ts" name="ideCommand &gt; should return the ide command" time="0.001840447">
        </testcase>
        <testcase classname="src/ui/commands/ideCommand.test.ts" name="ideCommand &gt; should show disable command when connected" time="0.001139954">
        </testcase>
        <testcase classname="src/ui/commands/ideCommand.test.ts" name="ideCommand &gt; status subcommand &gt; should show connected status" time="0.001601927">
        </testcase>
        <testcase classname="src/ui/commands/ideCommand.test.ts" name="ideCommand &gt; status subcommand &gt; should show connecting status" time="0.001337919">
        </testcase>
        <testcase classname="src/ui/commands/ideCommand.test.ts" name="ideCommand &gt; status subcommand &gt; should show disconnected status" time="0.000753">
        </testcase>
        <testcase classname="src/ui/commands/ideCommand.test.ts" name="ideCommand &gt; status subcommand &gt; should show disconnected status with details" time="0.000597804">
        </testcase>
        <testcase classname="src/ui/commands/ideCommand.test.ts" name="ideCommand &gt; install subcommand &gt; should install the extension" time="5.011959946">
        </testcase>
        <testcase classname="src/ui/commands/ideCommand.test.ts" name="ideCommand &gt; install subcommand &gt; should show an error if installation fails" time="0.000557569">
        </testcase>
    </testsuite>
    <testsuite name="src/ui/commands/initCommand.test.ts" timestamp="2025-10-09T15:32:35.190Z" hostname="uby" tests="5" failures="0" errors="0" skipped="0" time="0.013357866">
        <testcase classname="src/ui/commands/initCommand.test.ts" name="initCommand &gt; should ask for confirmation if QWEN.md already exists and is non-empty" time="0.003844175">
        </testcase>
        <testcase classname="src/ui/commands/initCommand.test.ts" name="initCommand &gt; should create QWEN.md and submit a prompt if it does not exist" time="0.002938044">
        </testcase>
        <testcase classname="src/ui/commands/initCommand.test.ts" name="initCommand &gt; should proceed to initialize when QWEN.md exists but is empty" time="0.000808001">
        </testcase>
        <testcase classname="src/ui/commands/initCommand.test.ts" name="initCommand &gt; should regenerate QWEN.md when overwrite is confirmed" time="0.001930834">
        </testcase>
        <testcase classname="src/ui/commands/initCommand.test.ts" name="initCommand &gt; should return an error if config is not available" time="0.000911252">
        </testcase>
    </testsuite>
    <testsuite name="src/ui/commands/loggingCommand.test.ts" timestamp="2025-10-09T15:32:35.190Z" hostname="uby" tests="4" failures="0" errors="0" skipped="0" time="0.01108475">
        <testcase classname="src/ui/commands/loggingCommand.test.ts" name="loggingCommand &gt; enables logging when /logging on is issued" time="0.00604103">
        </testcase>
        <testcase classname="src/ui/commands/loggingCommand.test.ts" name="loggingCommand &gt; disables logging when /logging off is issued" time="0.001595305">
        </testcase>
        <testcase classname="src/ui/commands/loggingCommand.test.ts" name="loggingCommand &gt; reports status when invoked without arguments" time="0.000952287">
        </testcase>
        <testcase classname="src/ui/commands/loggingCommand.test.ts" name="loggingCommand &gt; shows usage for unknown arguments" time="0.001120238">
        </testcase>
    </testsuite>
    <testsuite name="src/ui/commands/mcpCommand.test.ts" timestamp="2025-10-09T15:32:35.190Z" hostname="uby" tests="35" failures="0" errors="0" skipped="0" time="0.058171861">
        <testcase classname="src/ui/commands/mcpCommand.test.ts" name="mcpCommand &gt; basic functionality &gt; should show an error if config is not available" time="0.003807227">
        </testcase>
        <testcase classname="src/ui/commands/mcpCommand.test.ts" name="mcpCommand &gt; basic functionality &gt; should show an error if tool registry is not available" time="0.001113214">
        </testcase>
        <testcase classname="src/ui/commands/mcpCommand.test.ts" name="mcpCommand &gt; no MCP servers configured &gt; should display a message with a URL when no MCP servers are configured" time="0.000898949">
        </testcase>
        <testcase classname="src/ui/commands/mcpCommand.test.ts" name="mcpCommand &gt; with configured MCP servers &gt; should display configured MCP servers with status indicators and their tools" time="0.002428382">
        </testcase>
        <testcase classname="src/ui/commands/mcpCommand.test.ts" name="mcpCommand &gt; with configured MCP servers &gt; should display tool descriptions when desc argument is used" time="0.00155485">
        </testcase>
        <testcase classname="src/ui/commands/mcpCommand.test.ts" name="mcpCommand &gt; with configured MCP servers &gt; should not display descriptions when nodesc argument is used" time="0.001404703">
        </testcase>
        <testcase classname="src/ui/commands/mcpCommand.test.ts" name="mcpCommand &gt; with configured MCP servers &gt; should indicate when a server has no tools" time="0.001365991">
        </testcase>
        <testcase classname="src/ui/commands/mcpCommand.test.ts" name="mcpCommand &gt; with configured MCP servers &gt; should show startup indicator when servers are connecting" time="0.001270255">
        </testcase>
        <testcase classname="src/ui/commands/mcpCommand.test.ts" name="mcpCommand &gt; with configured MCP servers &gt; should display the extension name for servers from extensions" time="0.001042754">
        </testcase>
        <testcase classname="src/ui/commands/mcpCommand.test.ts" name="mcpCommand &gt; with configured MCP servers &gt; should display blocked MCP servers" time="0.000954171">
        </testcase>
        <testcase classname="src/ui/commands/mcpCommand.test.ts" name="mcpCommand &gt; with configured MCP servers &gt; should display both active and blocked servers correctly" time="0.001018851">
        </testcase>
        <testcase classname="src/ui/commands/mcpCommand.test.ts" name="mcpCommand &gt; schema functionality &gt; should display tool schemas when schema argument is used" time="0.001505849">
        </testcase>
        <testcase classname="src/ui/commands/mcpCommand.test.ts" name="mcpCommand &gt; schema functionality &gt; should handle tools without parameter schemas gracefully" time="0.001423377">
        </testcase>
        <testcase classname="src/ui/commands/mcpCommand.test.ts" name="mcpCommand &gt; argument parsing &gt; should handle &quot;descriptions&quot; as alias for &quot;desc&quot;" time="0.001392781">
        </testcase>
        <testcase classname="src/ui/commands/mcpCommand.test.ts" name="mcpCommand &gt; argument parsing &gt; should handle &quot;nodescriptions&quot; as alias for &quot;nodesc&quot;" time="0.001048445">
        </testcase>
        <testcase classname="src/ui/commands/mcpCommand.test.ts" name="mcpCommand &gt; argument parsing &gt; should handle mixed case arguments" time="0.009382327">
        </testcase>
        <testcase classname="src/ui/commands/mcpCommand.test.ts" name="mcpCommand &gt; argument parsing &gt; should handle multiple arguments - &quot;schema desc&quot;" time="0.003267261">
        </testcase>
        <testcase classname="src/ui/commands/mcpCommand.test.ts" name="mcpCommand &gt; argument parsing &gt; should handle multiple arguments - &quot;desc schema&quot;" time="0.000863484">
        </testcase>
        <testcase classname="src/ui/commands/mcpCommand.test.ts" name="mcpCommand &gt; argument parsing &gt; should handle &quot;schema&quot; alone showing descriptions" time="0.00044971">
        </testcase>
        <testcase classname="src/ui/commands/mcpCommand.test.ts" name="mcpCommand &gt; argument parsing &gt; should handle &quot;nodesc&quot; overriding &quot;schema&quot; - &quot;schema nodesc&quot;" time="0.000454148">
        </testcase>
        <testcase classname="src/ui/commands/mcpCommand.test.ts" name="mcpCommand &gt; argument parsing &gt; should handle &quot;nodesc&quot; overriding &quot;desc&quot; - &quot;desc nodesc&quot;" time="0.000498901">
        </testcase>
        <testcase classname="src/ui/commands/mcpCommand.test.ts" name="mcpCommand &gt; argument parsing &gt; should handle &quot;nodesc&quot; overriding both &quot;desc&quot; and &quot;schema&quot; - &quot;desc schema nodesc&quot;" time="0.000431026">
        </testcase>
        <testcase classname="src/ui/commands/mcpCommand.test.ts" name="mcpCommand &gt; argument parsing &gt; should handle extra whitespace in arguments" time="0.000510643">
        </testcase>
        <testcase classname="src/ui/commands/mcpCommand.test.ts" name="mcpCommand &gt; argument parsing &gt; should handle empty arguments gracefully" time="0.000423732">
        </testcase>
        <testcase classname="src/ui/commands/mcpCommand.test.ts" name="mcpCommand &gt; argument parsing &gt; should handle unknown arguments gracefully" time="0.000426247">
        </testcase>
        <testcase classname="src/ui/commands/mcpCommand.test.ts" name="mcpCommand &gt; edge cases &gt; should handle empty server names gracefully" time="0.000614875">
        </testcase>
        <testcase classname="src/ui/commands/mcpCommand.test.ts" name="mcpCommand &gt; edge cases &gt; should handle servers with special characters in names" time="0.000691115">
        </testcase>
        <testcase classname="src/ui/commands/mcpCommand.test.ts" name="mcpCommand &gt; auth subcommand &gt; should list OAuth-enabled servers when no server name is provided" time="0.002290077">
        </testcase>
        <testcase classname="src/ui/commands/mcpCommand.test.ts" name="mcpCommand &gt; auth subcommand &gt; should show message when no OAuth servers are configured" time="0.001618307">
        </testcase>
        <testcase classname="src/ui/commands/mcpCommand.test.ts" name="mcpCommand &gt; auth subcommand &gt; should authenticate with a specific server" time="0.002858556">
        </testcase>
        <testcase classname="src/ui/commands/mcpCommand.test.ts" name="mcpCommand &gt; auth subcommand &gt; should handle authentication errors" time="0.002062377">
        </testcase>
        <testcase classname="src/ui/commands/mcpCommand.test.ts" name="mcpCommand &gt; auth subcommand &gt; should handle non-existent server" time="0.001361062">
        </testcase>
        <testcase classname="src/ui/commands/mcpCommand.test.ts" name="mcpCommand &gt; refresh subcommand &gt; should refresh the list of tools and display the status" time="0.00292549">
        </testcase>
        <testcase classname="src/ui/commands/mcpCommand.test.ts" name="mcpCommand &gt; refresh subcommand &gt; should show an error if config is not available" time="0.001438455">
        </testcase>
        <testcase classname="src/ui/commands/mcpCommand.test.ts" name="mcpCommand &gt; refresh subcommand &gt; should show an error if tool registry is not available" time="0.00125109">
        </testcase>
    </testsuite>
    <testsuite name="src/ui/commands/memoryCommand.test.ts" timestamp="2025-10-09T15:32:35.192Z" hostname="uby" tests="11" failures="0" errors="0" skipped="0" time="0.016783568">
        <testcase classname="src/ui/commands/memoryCommand.test.ts" name="memoryCommand &gt; /memory show &gt; should display a message if memory is empty" time="0.004494386">
        </testcase>
        <testcase classname="src/ui/commands/memoryCommand.test.ts" name="memoryCommand &gt; /memory show &gt; should display the memory content and file count if it exists" time="0.001111832">
        </testcase>
        <testcase classname="src/ui/commands/memoryCommand.test.ts" name="memoryCommand &gt; /memory add &gt; should return an error message if no arguments are provided" time="0.000900592">
        </testcase>
        <testcase classname="src/ui/commands/memoryCommand.test.ts" name="memoryCommand &gt; /memory add &gt; should return a tool action and add an info message when arguments are provided" time="0.000723235">
        </testcase>
        <testcase classname="src/ui/commands/memoryCommand.test.ts" name="memoryCommand &gt; /memory add &gt; should handle --global flag and add scope to tool args" time="0.000422129">
        </testcase>
        <testcase classname="src/ui/commands/memoryCommand.test.ts" name="memoryCommand &gt; /memory add &gt; should handle --project flag and add scope to tool args" time="0.002130342">
        </testcase>
        <testcase classname="src/ui/commands/memoryCommand.test.ts" name="memoryCommand &gt; /memory add &gt; should return error if flag is provided but no fact follows" time="0.000713627">
        </testcase>
        <testcase classname="src/ui/commands/memoryCommand.test.ts" name="memoryCommand &gt; /memory refresh &gt; should display success message when memory is refreshed with content" time="0.00142511">
        </testcase>
        <testcase classname="src/ui/commands/memoryCommand.test.ts" name="memoryCommand &gt; /memory refresh &gt; should display success message when memory is refreshed with no content" time="0.001069775">
        </testcase>
        <testcase classname="src/ui/commands/memoryCommand.test.ts" name="memoryCommand &gt; /memory refresh &gt; should display an error message if refreshing fails" time="0.001009403">
        </testcase>
        <testcase classname="src/ui/commands/memoryCommand.test.ts" name="memoryCommand &gt; /memory refresh &gt; should not throw if config service is unavailable" time="0.001341817">
        </testcase>
    </testsuite>
    <testsuite name="src/ui/commands/modelCommand.test.ts" timestamp="2025-10-09T15:32:35.192Z" hostname="uby" tests="9" failures="2" errors="0" skipped="0" time="0.021328147">
        <testcase classname="src/ui/commands/modelCommand.test.ts" name="modelCommand &gt; should have the correct name and description" time="0.002017083">
        </testcase>
        <testcase classname="src/ui/commands/modelCommand.test.ts" name="modelCommand &gt; should return error when config is not available" time="0.001211816">
        </testcase>
        <testcase classname="src/ui/commands/modelCommand.test.ts" name="modelCommand &gt; should return error when content generator config is not available" time="0.000668875">
        </testcase>
        <testcase classname="src/ui/commands/modelCommand.test.ts" name="modelCommand &gt; should return error when auth type is not available" time="0.000447616">
        </testcase>
        <testcase classname="src/ui/commands/modelCommand.test.ts" name="modelCommand &gt; should return dialog action for QWEN_OAUTH auth type" time="0.000540939">
        </testcase>
        <testcase classname="src/ui/commands/modelCommand.test.ts" name="modelCommand &gt; should return dialog action for USE_OPENAI auth type when model is available" time="0.009891718">
            <failure message="[vitest] No &quot;getLMStudioConfiguredModels&quot; export is defined on the &quot;../models/availableModels.js&quot; mock. Did you forget to return it from &quot;vi.mock&quot;?
If you need to partially mock a module, you can use &quot;importOriginal&quot; helper inside:
" type="Error">
Error: [vitest] No &quot;getLMStudioConfiguredModels&quot; export is defined on the &quot;../models/availableModels.js&quot; mock. Did you forget to return it from &quot;vi.mock&quot;?
If you need to partially mock a module, you can use &quot;importOriginal&quot; helper inside:

vi.mock(import(&quot;../models/availableModels.js&quot;), async (importOriginal) =&gt; {
  const actual = await importOriginal()
  return {
    ...actual,
    // your mocked methods
  }
})

 ❯ Object.action src/ui/commands/modelCommand.ts:96:9
 ❯ src/ui/commands/modelCommand.test.ts:126:20
            </failure>
        </testcase>
        <testcase classname="src/ui/commands/modelCommand.test.ts" name="modelCommand &gt; should return error for USE_OPENAI auth type when no model is available" time="0.001456188">
            <failure message="[vitest] No &quot;getLMStudioConfiguredModels&quot; export is defined on the &quot;../models/availableModels.js&quot; mock. Did you forget to return it from &quot;vi.mock&quot;?
If you need to partially mock a module, you can use &quot;importOriginal&quot; helper inside:
" type="Error">
Error: [vitest] No &quot;getLMStudioConfiguredModels&quot; export is defined on the &quot;../models/availableModels.js&quot; mock. Did you forget to return it from &quot;vi.mock&quot;?
If you need to partially mock a module, you can use &quot;importOriginal&quot; helper inside:

vi.mock(import(&quot;../models/availableModels.js&quot;), async (importOriginal) =&gt; {
  const actual = await importOriginal()
  return {
    ...actual,
    // your mocked methods
  }
})

 ❯ Object.action src/ui/commands/modelCommand.ts:96:9
 ❯ src/ui/commands/modelCommand.test.ts:143:20
            </failure>
        </testcase>
        <testcase classname="src/ui/commands/modelCommand.test.ts" name="modelCommand &gt; should return error for unsupported auth types" time="0.002707547">
        </testcase>
        <testcase classname="src/ui/commands/modelCommand.test.ts" name="modelCommand &gt; should handle undefined auth type" time="0.001052102">
        </testcase>
    </testsuite>
    <testsuite name="src/ui/commands/privacyCommand.test.ts" timestamp="2025-10-09T15:32:35.192Z" hostname="uby" tests="2" failures="0" errors="0" skipped="0" time="0.005177777">
        <testcase classname="src/ui/commands/privacyCommand.test.ts" name="privacyCommand &gt; should return a dialog action to open the privacy dialog" time="0.003117895">
        </testcase>
        <testcase classname="src/ui/commands/privacyCommand.test.ts" name="privacyCommand &gt; should have the correct name and description" time="0.000778808">
        </testcase>
    </testsuite>
    <testsuite name="src/ui/commands/quitCommand.test.ts" timestamp="2025-10-09T15:32:35.192Z" hostname="uby" tests="1" failures="0" errors="0" skipped="0" time="0.008589103">
        <testcase classname="src/ui/commands/quitCommand.test.ts" name="quitCommand &gt; returns a QuitActionReturn object with the correct messages" time="0.006320967">
        </testcase>
    </testsuite>
    <testsuite name="src/ui/commands/restoreCommand.test.ts" timestamp="2025-10-09T15:32:35.193Z" hostname="uby" tests="13" failures="0" errors="0" skipped="0" time="0.057043068">
        <testcase classname="src/ui/commands/restoreCommand.test.ts" name="restoreCommand &gt; should return null if checkpointing is not enabled" time="0.011411203">
        </testcase>
        <testcase classname="src/ui/commands/restoreCommand.test.ts" name="restoreCommand &gt; should return the command if checkpointing is enabled" time="0.002889934">
        </testcase>
        <testcase classname="src/ui/commands/restoreCommand.test.ts" name="restoreCommand &gt; action &gt; should return an error if temp dir is not found" time="0.002866521">
        </testcase>
        <testcase classname="src/ui/commands/restoreCommand.test.ts" name="restoreCommand &gt; action &gt; should inform when no checkpoints are found if no args are passed" time="0.002608505">
        </testcase>
        <testcase classname="src/ui/commands/restoreCommand.test.ts" name="restoreCommand &gt; action &gt; should list available checkpoints if no args are passed" time="0.002629053">
        </testcase>
        <testcase classname="src/ui/commands/restoreCommand.test.ts" name="restoreCommand &gt; action &gt; should return an error if the specified file is not found" time="0.00711931">
        </testcase>
        <testcase classname="src/ui/commands/restoreCommand.test.ts" name="restoreCommand &gt; action &gt; should handle file read errors gracefully" time="0.003097857">
        </testcase>
        <testcase classname="src/ui/commands/restoreCommand.test.ts" name="restoreCommand &gt; action &gt; should restore a tool call and project state" time="0.004788208">
        </testcase>
        <testcase classname="src/ui/commands/restoreCommand.test.ts" name="restoreCommand &gt; action &gt; should restore even if only toolCall is present" time="0.0032128">
        </testcase>
        <testcase classname="src/ui/commands/restoreCommand.test.ts" name="restoreCommand &gt; should return an error for a checkpoint file missing the toolCall property" time="0.002775733">
        </testcase>
        <testcase classname="src/ui/commands/restoreCommand.test.ts" name="restoreCommand &gt; completion &gt; should return an empty array if temp dir is not found" time="0.005928553">
        </testcase>
        <testcase classname="src/ui/commands/restoreCommand.test.ts" name="restoreCommand &gt; completion &gt; should return an empty array on readdir error" time="0.002006784">
        </testcase>
        <testcase classname="src/ui/commands/restoreCommand.test.ts" name="restoreCommand &gt; completion &gt; should return a list of checkpoint names" time="0.003766021">
        </testcase>
    </testsuite>
    <testsuite name="src/ui/commands/settingsCommand.test.ts" timestamp="2025-10-09T15:32:35.193Z" hostname="uby" tests="2" failures="0" errors="0" skipped="0" time="0.005592733">
        <testcase classname="src/ui/commands/settingsCommand.test.ts" name="settingsCommand &gt; should return a dialog action to open the settings dialog" time="0.003685783">
        </testcase>
        <testcase classname="src/ui/commands/settingsCommand.test.ts" name="settingsCommand &gt; should have the correct name and description" time="0.00063912">
        </testcase>
    </testsuite>
    <testsuite name="src/ui/commands/setupGithubCommand.test.ts" timestamp="2025-10-09T15:32:35.193Z" hostname="uby" tests="8" failures="0" errors="0" skipped="0" time="0.063664009">
        <testcase classname="src/ui/commands/setupGithubCommand.test.ts" name="setupGithubCommand &gt; returns a tool action to download github workflows and handles paths" time="0.030950518">
        </testcase>
        <testcase classname="src/ui/commands/setupGithubCommand.test.ts" name="updateGitignore &gt; creates a new .gitignore file when none exists" time="0.00135998">
        </testcase>
        <testcase classname="src/ui/commands/setupGithubCommand.test.ts" name="updateGitignore &gt; appends entries to existing .gitignore file" time="0.001796015">
        </testcase>
        <testcase classname="src/ui/commands/setupGithubCommand.test.ts" name="updateGitignore &gt; does not add duplicate entries" time="0.001802507">
        </testcase>
        <testcase classname="src/ui/commands/setupGithubCommand.test.ts" name="updateGitignore &gt; adds only missing entries when some already exist" time="0.001292766">
        </testcase>
        <testcase classname="src/ui/commands/setupGithubCommand.test.ts" name="updateGitignore &gt; does not get confused by entries in comments or as substrings" time="0.004012877">
        </testcase>
        <testcase classname="src/ui/commands/setupGithubCommand.test.ts" name="updateGitignore &gt; handles file system errors gracefully" time="0.011000263">
            <system-out>
Failed to update .gitignore: Error: ENOENT: no such file or directory, open &apos;/tmp/update-gitignore-M1aVaw/non-existent/.gitignore&apos;
[90m    at open (node:internal/fs/promises:642:25)[39m
[90m    at Object.writeFile (node:internal/fs/promises:1249:14)[39m
    at Module.updateGitignore [90m(/home/atmandk/LowCal-dev/packages/cli/[39msrc/ui/commands/setupGithubCommand.ts:71:7[90m)[39m
    at [90m/home/atmandk/LowCal-dev/packages/cli/[39msrc/ui/commands/setupGithubCommand.test.ts:218:5
    at file:///home/atmandk/LowCal-dev/node_modules/[4m@vitest/runner[24m/dist/chunk-hooks.js:752:20 {
  errno: [33m-2[39m,
  code: [32m&apos;ENOENT&apos;[39m,
  syscall: [32m&apos;open&apos;[39m,
  path: [32m&apos;/tmp/update-gitignore-M1aVaw/non-existent/.gitignore&apos;[39m
}

            </system-out>
        </testcase>
        <testcase classname="src/ui/commands/setupGithubCommand.test.ts" name="updateGitignore &gt; handles permission errors gracefully" time="0.010018963">
        </testcase>
    </testsuite>
    <testsuite name="src/ui/commands/statsCommand.test.ts" timestamp="2025-10-09T15:32:35.193Z" hostname="uby" tests="3" failures="0" errors="0" skipped="0" time="0.010424642">
        <testcase classname="src/ui/commands/statsCommand.test.ts" name="statsCommand &gt; should display general session stats when run with no subcommand" time="0.007269588">
        </testcase>
        <testcase classname="src/ui/commands/statsCommand.test.ts" name="statsCommand &gt; should display model stats when using the &quot;model&quot; subcommand" time="0.000851">
        </testcase>
        <testcase classname="src/ui/commands/statsCommand.test.ts" name="statsCommand &gt; should display tool stats when using the &quot;tools&quot; subcommand" time="0.001047464">
        </testcase>
    </testsuite>
    <testsuite name="src/ui/commands/terminalSetupCommand.test.ts" timestamp="2025-10-09T15:32:35.193Z" hostname="uby" tests="5" failures="0" errors="0" skipped="0" time="0.006330755">
        <testcase classname="src/ui/commands/terminalSetupCommand.test.ts" name="terminalSetupCommand &gt; should have correct metadata" time="0.001624859">
        </testcase>
        <testcase classname="src/ui/commands/terminalSetupCommand.test.ts" name="terminalSetupCommand &gt; should return success message when terminal setup succeeds" time="0.002646214">
        </testcase>
        <testcase classname="src/ui/commands/terminalSetupCommand.test.ts" name="terminalSetupCommand &gt; should append restart message when terminal setup requires restart" time="0.000312016">
        </testcase>
        <testcase classname="src/ui/commands/terminalSetupCommand.test.ts" name="terminalSetupCommand &gt; should return error message when terminal setup fails" time="0.000193948">
        </testcase>
        <testcase classname="src/ui/commands/terminalSetupCommand.test.ts" name="terminalSetupCommand &gt; should handle exceptions from terminal setup" time="0.000279526">
        </testcase>
    </testsuite>
    <testsuite name="src/ui/commands/themeCommand.test.ts" timestamp="2025-10-09T15:32:35.194Z" hostname="uby" tests="2" failures="0" errors="0" skipped="0" time="0.005342251">
        <testcase classname="src/ui/commands/themeCommand.test.ts" name="themeCommand &gt; should return a dialog action to open the theme dialog" time="0.003265207">
        </testcase>
        <testcase classname="src/ui/commands/themeCommand.test.ts" name="themeCommand &gt; should have the correct name and description" time="0.000768629">
        </testcase>
    </testsuite>
    <testsuite name="src/ui/commands/toolsCommand.test.ts" timestamp="2025-10-09T15:32:35.194Z" hostname="uby" tests="4" failures="0" errors="0" skipped="0" time="0.009030268">
        <testcase classname="src/ui/commands/toolsCommand.test.ts" name="toolsCommand &gt; should display an error if the tool registry is unavailable" time="0.00486527">
        </testcase>
        <testcase classname="src/ui/commands/toolsCommand.test.ts" name="toolsCommand &gt; should display &quot;No tools available&quot; when none are found" time="0.001366582">
        </testcase>
        <testcase classname="src/ui/commands/toolsCommand.test.ts" name="toolsCommand &gt; should list tools without descriptions by default" time="0.000878612">
        </testcase>
        <testcase classname="src/ui/commands/toolsCommand.test.ts" name="toolsCommand &gt; should list tools with descriptions when &quot;desc&quot; arg is passed" time="0.000572597">
        </testcase>
    </testsuite>
    <testsuite name="src/ui/components/messages/DiffRenderer.test.tsx" timestamp="2025-10-09T15:32:35.194Z" hostname="uby" tests="13" failures="0" errors="0" skipped="0" time="0.264137988">
        <testcase classname="src/ui/components/messages/DiffRenderer.test.tsx" name="&lt;OverflowProvider&gt;&lt;DiffRenderer /&gt;&lt;/OverflowProvider&gt; &gt; should call colorizeCode with correct language for new file with known extension" time="0.035245304">
        </testcase>
        <testcase classname="src/ui/components/messages/DiffRenderer.test.tsx" name="&lt;OverflowProvider&gt;&lt;DiffRenderer /&gt;&lt;/OverflowProvider&gt; &gt; should call colorizeCode with null language for new file with unknown extension" time="0.095785217">
        </testcase>
        <testcase classname="src/ui/components/messages/DiffRenderer.test.tsx" name="&lt;OverflowProvider&gt;&lt;DiffRenderer /&gt;&lt;/OverflowProvider&gt; &gt; should call colorizeCode with null language for new file if no filename is provided" time="0.011464551">
        </testcase>
        <testcase classname="src/ui/components/messages/DiffRenderer.test.tsx" name="&lt;OverflowProvider&gt;&lt;DiffRenderer /&gt;&lt;/OverflowProvider&gt; &gt; should render diff content for existing file (not calling colorizeCode directly for the whole block)" time="0.014115003">
        </testcase>
        <testcase classname="src/ui/components/messages/DiffRenderer.test.tsx" name="&lt;OverflowProvider&gt;&lt;DiffRenderer /&gt;&lt;/OverflowProvider&gt; &gt; should handle diff with only header and no changes" time="0.007944904">
        </testcase>
        <testcase classname="src/ui/components/messages/DiffRenderer.test.tsx" name="&lt;OverflowProvider&gt;&lt;DiffRenderer /&gt;&lt;/OverflowProvider&gt; &gt; should handle empty diff content" time="0.002829623">
        </testcase>
        <testcase classname="src/ui/components/messages/DiffRenderer.test.tsx" name="&lt;OverflowProvider&gt;&lt;DiffRenderer /&gt;&lt;/OverflowProvider&gt; &gt; should render a gap indicator for skipped lines" time="0.009904782">
        </testcase>
        <testcase classname="src/ui/components/messages/DiffRenderer.test.tsx" name="&lt;OverflowProvider&gt;&lt;DiffRenderer /&gt;&lt;/OverflowProvider&gt; &gt; should not render a gap indicator for small gaps (&lt;= MAX_CONTEXT_LINES_WITHOUT_GAP)" time="0.015062441">
        </testcase>
        <testcase classname="src/ui/components/messages/DiffRenderer.test.tsx" name="&lt;OverflowProvider&gt;&lt;DiffRenderer /&gt;&lt;/OverflowProvider&gt; &gt; should correctly render a diff with multiple hunks and a gap indicator &gt; with terminalWidth 80 and height undefined" time="0.015967933">
        </testcase>
        <testcase classname="src/ui/components/messages/DiffRenderer.test.tsx" name="&lt;OverflowProvider&gt;&lt;DiffRenderer /&gt;&lt;/OverflowProvider&gt; &gt; should correctly render a diff with multiple hunks and a gap indicator &gt; with terminalWidth 80 and height 6" time="0.011343397">
        </testcase>
        <testcase classname="src/ui/components/messages/DiffRenderer.test.tsx" name="&lt;OverflowProvider&gt;&lt;DiffRenderer /&gt;&lt;/OverflowProvider&gt; &gt; should correctly render a diff with multiple hunks and a gap indicator &gt; with terminalWidth 30 and height 6" time="0.007226829">
        </testcase>
        <testcase classname="src/ui/components/messages/DiffRenderer.test.tsx" name="&lt;OverflowProvider&gt;&lt;DiffRenderer /&gt;&lt;/OverflowProvider&gt; &gt; should correctly render a diff with a SVN diff format" time="0.022472869">
        </testcase>
        <testcase classname="src/ui/components/messages/DiffRenderer.test.tsx" name="&lt;OverflowProvider&gt;&lt;DiffRenderer /&gt;&lt;/OverflowProvider&gt; &gt; should correctly render a new file with no file extension correctly" time="0.01220586">
        </testcase>
    </testsuite>
    <testsuite name="src/ui/components/messages/ToolConfirmationMessage.test.tsx" timestamp="2025-10-09T15:32:35.194Z" hostname="uby" tests="15" failures="0" errors="0" skipped="0" time="0.117352657">
        <testcase classname="src/ui/components/messages/ToolConfirmationMessage.test.tsx" name="ToolConfirmationMessage &gt; should not display urls if prompt and url are the same" time="0.029667129">
        </testcase>
        <testcase classname="src/ui/components/messages/ToolConfirmationMessage.test.tsx" name="ToolConfirmationMessage &gt; should display urls if prompt and url are different" time="0.007490966">
        </testcase>
        <testcase classname="src/ui/components/messages/ToolConfirmationMessage.test.tsx" name="ToolConfirmationMessage &gt; should render plan confirmation with markdown plan content" time="0.007836395">
        </testcase>
        <testcase classname="src/ui/components/messages/ToolConfirmationMessage.test.tsx" name="ToolConfirmationMessage &gt; with folder trust &gt; &apos;for edit confirmations&apos; &gt; should show &quot;allow always&quot; when folder is trusted" time="0.006124955">
        </testcase>
        <testcase classname="src/ui/components/messages/ToolConfirmationMessage.test.tsx" name="ToolConfirmationMessage &gt; with folder trust &gt; &apos;for edit confirmations&apos; &gt; should show &quot;allow always&quot; when folder trust is undefined" time="0.006889627">
        </testcase>
        <testcase classname="src/ui/components/messages/ToolConfirmationMessage.test.tsx" name="ToolConfirmationMessage &gt; with folder trust &gt; &apos;for edit confirmations&apos; &gt; should NOT show &quot;allow always&quot; when folder is untrusted" time="0.007548773">
        </testcase>
        <testcase classname="src/ui/components/messages/ToolConfirmationMessage.test.tsx" name="ToolConfirmationMessage &gt; with folder trust &gt; &apos;for exec confirmations&apos; &gt; should show &quot;allow always&quot; when folder is trusted" time="0.00750905">
        </testcase>
        <testcase classname="src/ui/components/messages/ToolConfirmationMessage.test.tsx" name="ToolConfirmationMessage &gt; with folder trust &gt; &apos;for exec confirmations&apos; &gt; should show &quot;allow always&quot; when folder trust is undefined" time="0.003821323">
        </testcase>
        <testcase classname="src/ui/components/messages/ToolConfirmationMessage.test.tsx" name="ToolConfirmationMessage &gt; with folder trust &gt; &apos;for exec confirmations&apos; &gt; should NOT show &quot;allow always&quot; when folder is untrusted" time="0.004027584">
        </testcase>
        <testcase classname="src/ui/components/messages/ToolConfirmationMessage.test.tsx" name="ToolConfirmationMessage &gt; with folder trust &gt; &apos;for info confirmations&apos; &gt; should show &quot;allow always&quot; when folder is trusted" time="0.005850349">
        </testcase>
        <testcase classname="src/ui/components/messages/ToolConfirmationMessage.test.tsx" name="ToolConfirmationMessage &gt; with folder trust &gt; &apos;for info confirmations&apos; &gt; should show &quot;allow always&quot; when folder trust is undefined" time="0.005665968">
        </testcase>
        <testcase classname="src/ui/components/messages/ToolConfirmationMessage.test.tsx" name="ToolConfirmationMessage &gt; with folder trust &gt; &apos;for info confirmations&apos; &gt; should NOT show &quot;allow always&quot; when folder is untrusted" time="0.004533057">
        </testcase>
        <testcase classname="src/ui/components/messages/ToolConfirmationMessage.test.tsx" name="ToolConfirmationMessage &gt; with folder trust &gt; &apos;for mcp confirmations&apos; &gt; should show &quot;allow always&quot; when folder is trusted" time="0.006220913">
        </testcase>
        <testcase classname="src/ui/components/messages/ToolConfirmationMessage.test.tsx" name="ToolConfirmationMessage &gt; with folder trust &gt; &apos;for mcp confirmations&apos; &gt; should show &quot;allow always&quot; when folder trust is undefined" time="0.006424829">
        </testcase>
        <testcase classname="src/ui/components/messages/ToolConfirmationMessage.test.tsx" name="ToolConfirmationMessage &gt; with folder trust &gt; &apos;for mcp confirmations&apos; &gt; should NOT show &quot;allow always&quot; when folder is untrusted" time="0.00522274">
        </testcase>
    </testsuite>
    <testsuite name="src/ui/components/messages/ToolGroupMessage.test.tsx" timestamp="2025-10-09T15:32:35.195Z" hostname="uby" tests="14" failures="0" errors="0" skipped="0" time="0.10508896">
        <testcase classname="src/ui/components/messages/ToolGroupMessage.test.tsx" name="&lt;ToolGroupMessage /&gt; &gt; Golden Snapshots &gt; renders single successful tool call" time="0.025707179">
        </testcase>
        <testcase classname="src/ui/components/messages/ToolGroupMessage.test.tsx" name="&lt;ToolGroupMessage /&gt; &gt; Golden Snapshots &gt; renders multiple tool calls with different statuses" time="0.008632203">
        </testcase>
        <testcase classname="src/ui/components/messages/ToolGroupMessage.test.tsx" name="&lt;ToolGroupMessage /&gt; &gt; Golden Snapshots &gt; renders tool call awaiting confirmation" time="0.005143333">
        </testcase>
        <testcase classname="src/ui/components/messages/ToolGroupMessage.test.tsx" name="&lt;ToolGroupMessage /&gt; &gt; Golden Snapshots &gt; renders shell command with yellow border" time="0.004002729">
        </testcase>
        <testcase classname="src/ui/components/messages/ToolGroupMessage.test.tsx" name="&lt;ToolGroupMessage /&gt; &gt; Golden Snapshots &gt; renders mixed tool calls including shell command" time="0.006064203">
        </testcase>
        <testcase classname="src/ui/components/messages/ToolGroupMessage.test.tsx" name="&lt;ToolGroupMessage /&gt; &gt; Golden Snapshots &gt; renders with limited terminal height" time="0.005773958">
        </testcase>
        <testcase classname="src/ui/components/messages/ToolGroupMessage.test.tsx" name="&lt;ToolGroupMessage /&gt; &gt; Golden Snapshots &gt; renders when not focused" time="0.004028386">
        </testcase>
        <testcase classname="src/ui/components/messages/ToolGroupMessage.test.tsx" name="&lt;ToolGroupMessage /&gt; &gt; Golden Snapshots &gt; renders with narrow terminal width" time="0.009556669">
        </testcase>
        <testcase classname="src/ui/components/messages/ToolGroupMessage.test.tsx" name="&lt;ToolGroupMessage /&gt; &gt; Golden Snapshots &gt; renders empty tool calls array" time="0.004238704">
        </testcase>
        <testcase classname="src/ui/components/messages/ToolGroupMessage.test.tsx" name="&lt;ToolGroupMessage /&gt; &gt; Border Color Logic &gt; uses yellow border when tools are pending" time="0.004112991">
        </testcase>
        <testcase classname="src/ui/components/messages/ToolGroupMessage.test.tsx" name="&lt;ToolGroupMessage /&gt; &gt; Border Color Logic &gt; uses yellow border for shell commands even when successful" time="0.004719061">
        </testcase>
        <testcase classname="src/ui/components/messages/ToolGroupMessage.test.tsx" name="&lt;ToolGroupMessage /&gt; &gt; Border Color Logic &gt; uses gray border when all tools are successful and no shell commands" time="0.008210905">
        </testcase>
        <testcase classname="src/ui/components/messages/ToolGroupMessage.test.tsx" name="&lt;ToolGroupMessage /&gt; &gt; Height Calculation &gt; calculates available height correctly with multiple tools with results" time="0.006444334">
        </testcase>
        <testcase classname="src/ui/components/messages/ToolGroupMessage.test.tsx" name="&lt;ToolGroupMessage /&gt; &gt; Confirmation Handling &gt; shows confirmation dialog for first confirming tool only" time="0.006414279">
        </testcase>
    </testsuite>
    <testsuite name="src/ui/components/messages/ToolMessage.test.tsx" timestamp="2025-10-09T15:32:35.195Z" hostname="uby" tests="12" failures="0" errors="0" skipped="0" time="0.075484156">
        <testcase classname="src/ui/components/messages/ToolMessage.test.tsx" name="&lt;ToolMessage /&gt; &gt; renders basic tool information" time="0.024230354">
        </testcase>
        <testcase classname="src/ui/components/messages/ToolMessage.test.tsx" name="&lt;ToolMessage /&gt; &gt; ToolStatusIndicator rendering &gt; shows ✓ for Success status" time="0.004120305">
        </testcase>
        <testcase classname="src/ui/components/messages/ToolMessage.test.tsx" name="&lt;ToolMessage /&gt; &gt; ToolStatusIndicator rendering &gt; shows o for Pending status" time="0.003575049">
        </testcase>
        <testcase classname="src/ui/components/messages/ToolMessage.test.tsx" name="&lt;ToolMessage /&gt; &gt; ToolStatusIndicator rendering &gt; shows ? for Confirming status" time="0.003098329">
        </testcase>
        <testcase classname="src/ui/components/messages/ToolMessage.test.tsx" name="&lt;ToolMessage /&gt; &gt; ToolStatusIndicator rendering &gt; shows - for Canceled status" time="0.00616005">
        </testcase>
        <testcase classname="src/ui/components/messages/ToolMessage.test.tsx" name="&lt;ToolMessage /&gt; &gt; ToolStatusIndicator rendering &gt; shows x for Error status" time="0.007436045">
        </testcase>
        <testcase classname="src/ui/components/messages/ToolMessage.test.tsx" name="&lt;ToolMessage /&gt; &gt; ToolStatusIndicator rendering &gt; shows paused spinner for Executing status when streamingState is Idle" time="0.002862142">
        </testcase>
        <testcase classname="src/ui/components/messages/ToolMessage.test.tsx" name="&lt;ToolMessage /&gt; &gt; ToolStatusIndicator rendering &gt; shows paused spinner for Executing status when streamingState is WaitingForConfirmation" time="0.002803124">
        </testcase>
        <testcase classname="src/ui/components/messages/ToolMessage.test.tsx" name="&lt;ToolMessage /&gt; &gt; ToolStatusIndicator rendering &gt; shows MockRespondingSpinner for Executing status when streamingState is Responding" time="0.003404434">
        </testcase>
        <testcase classname="src/ui/components/messages/ToolMessage.test.tsx" name="&lt;ToolMessage /&gt; &gt; renders DiffRenderer for diff results" time="0.003670685">
        </testcase>
        <testcase classname="src/ui/components/messages/ToolMessage.test.tsx" name="&lt;ToolMessage /&gt; &gt; renders emphasis correctly" time="0.007563651">
        </testcase>
        <testcase classname="src/ui/components/messages/ToolMessage.test.tsx" name="&lt;ToolMessage /&gt; &gt; shows subagent execution display for task tool with proper result display" time="0.003420113">
        </testcase>
    </testsuite>
    <testsuite name="src/ui/components/shared/MaxSizedBox.test.tsx" timestamp="2025-10-09T15:32:35.195Z" hostname="uby" tests="21" failures="0" errors="0" skipped="0" time="0.068088615">
        <testcase classname="src/ui/components/shared/MaxSizedBox.test.tsx" name="&lt;MaxSizedBox /&gt; &gt; renders children without truncation when they fit" time="0.016714041">
        </testcase>
        <testcase classname="src/ui/components/shared/MaxSizedBox.test.tsx" name="&lt;MaxSizedBox /&gt; &gt; hides lines when content exceeds maxHeight" time="0.002326474">
        </testcase>
        <testcase classname="src/ui/components/shared/MaxSizedBox.test.tsx" name="&lt;MaxSizedBox /&gt; &gt; hides lines at the end when content exceeds maxHeight and overflowDirection is bottom" time="0.001463501">
        </testcase>
        <testcase classname="src/ui/components/shared/MaxSizedBox.test.tsx" name="&lt;MaxSizedBox /&gt; &gt; wraps text that exceeds maxWidth" time="0.00238953">
        </testcase>
        <testcase classname="src/ui/components/shared/MaxSizedBox.test.tsx" name="&lt;MaxSizedBox /&gt; &gt; handles mixed wrapping and non-wrapping segments" time="0.006697642">
        </testcase>
        <testcase classname="src/ui/components/shared/MaxSizedBox.test.tsx" name="&lt;MaxSizedBox /&gt; &gt; handles words longer than maxWidth by splitting them" time="0.003347659">
        </testcase>
        <testcase classname="src/ui/components/shared/MaxSizedBox.test.tsx" name="&lt;MaxSizedBox /&gt; &gt; does not truncate when maxHeight is undefined" time="0.00106215">
        </testcase>
        <testcase classname="src/ui/components/shared/MaxSizedBox.test.tsx" name="&lt;MaxSizedBox /&gt; &gt; shows plural &quot;lines&quot; when more than one line is hidden" time="0.001497895">
        </testcase>
        <testcase classname="src/ui/components/shared/MaxSizedBox.test.tsx" name="&lt;MaxSizedBox /&gt; &gt; shows plural &quot;lines&quot; when more than one line is hidden and overflowDirection is bottom" time="0.001268903">
        </testcase>
        <testcase classname="src/ui/components/shared/MaxSizedBox.test.tsx" name="&lt;MaxSizedBox /&gt; &gt; renders an empty box for empty children" time="0.000537071">
        </testcase>
        <testcase classname="src/ui/components/shared/MaxSizedBox.test.tsx" name="&lt;MaxSizedBox /&gt; &gt; wraps text with multi-byte unicode characters correctly" time="0.006886131">
        </testcase>
        <testcase classname="src/ui/components/shared/MaxSizedBox.test.tsx" name="&lt;MaxSizedBox /&gt; &gt; wraps text with multi-byte emoji characters correctly" time="0.003620142">
        </testcase>
        <testcase classname="src/ui/components/shared/MaxSizedBox.test.tsx" name="&lt;MaxSizedBox /&gt; &gt; falls back to an ellipsis when width is extremely small" time="0.002792094">
        </testcase>
        <testcase classname="src/ui/components/shared/MaxSizedBox.test.tsx" name="&lt;MaxSizedBox /&gt; &gt; truncates long non-wrapping text with ellipsis" time="0.000939985">
        </testcase>
        <testcase classname="src/ui/components/shared/MaxSizedBox.test.tsx" name="&lt;MaxSizedBox /&gt; &gt; truncates non-wrapping text containing line breaks" time="0.000971072">
        </testcase>
        <testcase classname="src/ui/components/shared/MaxSizedBox.test.tsx" name="&lt;MaxSizedBox /&gt; &gt; truncates emoji characters correctly with ellipsis" time="0.001010625">
        </testcase>
        <testcase classname="src/ui/components/shared/MaxSizedBox.test.tsx" name="&lt;MaxSizedBox /&gt; &gt; shows ellipsis for multiple rows with long non-wrapping text" time="0.001217568">
        </testcase>
        <testcase classname="src/ui/components/shared/MaxSizedBox.test.tsx" name="&lt;MaxSizedBox /&gt; &gt; accounts for additionalHiddenLinesCount" time="0.001042214">
        </testcase>
        <testcase classname="src/ui/components/shared/MaxSizedBox.test.tsx" name="&lt;MaxSizedBox /&gt; &gt; handles React.Fragment as a child" time="0.00186347">
        </testcase>
        <testcase classname="src/ui/components/shared/MaxSizedBox.test.tsx" name="&lt;MaxSizedBox /&gt; &gt; clips a long single text child from the top" time="0.002794899">
        </testcase>
        <testcase classname="src/ui/components/shared/MaxSizedBox.test.tsx" name="&lt;MaxSizedBox /&gt; &gt; clips a long single text child from the bottom" time="0.006060115">
        </testcase>
    </testsuite>
    <testsuite name="src/ui/components/shared/RadioButtonSelect.test.tsx" timestamp="2025-10-09T15:32:35.196Z" hostname="uby" tests="13" failures="0" errors="0" skipped="0" time="0.335967592">
        <testcase classname="src/ui/components/shared/RadioButtonSelect.test.tsx" name="&lt;RadioButtonSelect /&gt; &gt; renders a list of items and matches snapshot" time="0.039731395">
            <system-err>
An update to Root inside a test was not wrapped in act(...).

When testing, code that causes React state updates should be wrapped into act(...):

act(() =&gt; {
  /* fire events that update state */
});
/* assert on the output */

This ensures that you&apos;re testing the behavior the user would see in the browser. Learn more at https://react.dev/link/wrap-tests-with-act

            </system-err>
        </testcase>
        <testcase classname="src/ui/components/shared/RadioButtonSelect.test.tsx" name="&lt;RadioButtonSelect /&gt; &gt; renders with the second item selected and matches snapshot" time="0.008389716">
            <system-err>
An update to Root inside a test was not wrapped in act(...).

When testing, code that causes React state updates should be wrapped into act(...):

act(() =&gt; {
  /* fire events that update state */
});
/* assert on the output */

This ensures that you&apos;re testing the behavior the user would see in the browser. Learn more at https://react.dev/link/wrap-tests-with-act

            </system-err>
        </testcase>
        <testcase classname="src/ui/components/shared/RadioButtonSelect.test.tsx" name="&lt;RadioButtonSelect /&gt; &gt; renders with numbers hidden and matches snapshot" time="0.005523364">
            <system-err>
An update to Root inside a test was not wrapped in act(...).

When testing, code that causes React state updates should be wrapped into act(...):

act(() =&gt; {
  /* fire events that update state */
});
/* assert on the output */

This ensures that you&apos;re testing the behavior the user would see in the browser. Learn more at https://react.dev/link/wrap-tests-with-act

            </system-err>
        </testcase>
        <testcase classname="src/ui/components/shared/RadioButtonSelect.test.tsx" name="&lt;RadioButtonSelect /&gt; &gt; renders with scroll arrows and matches snapshot" time="0.008461348">
            <system-err>
An update to Root inside a test was not wrapped in act(...).

When testing, code that causes React state updates should be wrapped into act(...):

act(() =&gt; {
  /* fire events that update state */
});
/* assert on the output */

This ensures that you&apos;re testing the behavior the user would see in the browser. Learn more at https://react.dev/link/wrap-tests-with-act

            </system-err>
        </testcase>
        <testcase classname="src/ui/components/shared/RadioButtonSelect.test.tsx" name="&lt;RadioButtonSelect /&gt; &gt; renders with special theme display and matches snapshot" time="0.007290207">
            <system-err>
An update to Root inside a test was not wrapped in act(...).

When testing, code that causes React state updates should be wrapped into act(...):

act(() =&gt; {
  /* fire events that update state */
});
/* assert on the output */

This ensures that you&apos;re testing the behavior the user would see in the browser. Learn more at https://react.dev/link/wrap-tests-with-act

            </system-err>
        </testcase>
        <testcase classname="src/ui/components/shared/RadioButtonSelect.test.tsx" name="&lt;RadioButtonSelect /&gt; &gt; renders a list with &gt;10 items and matches snapshot" time="0.009650513">
            <system-err>
An update to Root inside a test was not wrapped in act(...).

When testing, code that causes React state updates should be wrapped into act(...):

act(() =&gt; {
  /* fire events that update state */
});
/* assert on the output */

This ensures that you&apos;re testing the behavior the user would see in the browser. Learn more at https://react.dev/link/wrap-tests-with-act

            </system-err>
        </testcase>
        <testcase classname="src/ui/components/shared/RadioButtonSelect.test.tsx" name="&lt;RadioButtonSelect /&gt; &gt; renders nothing when no items are provided" time="0.002942922">
            <system-err>
An update to Root inside a test was not wrapped in act(...).

When testing, code that causes React state updates should be wrapped into act(...):

act(() =&gt; {
  /* fire events that update state */
});
/* assert on the output */

This ensures that you&apos;re testing the behavior the user would see in the browser. Learn more at https://react.dev/link/wrap-tests-with-act

            </system-err>
        </testcase>
        <testcase classname="src/ui/components/shared/RadioButtonSelect.test.tsx" name="keyboard navigation &gt; should call onSelect when &quot;enter&quot; is pressed" time="0.008195507">
            <system-err>
An update to Root inside a test was not wrapped in act(...).

When testing, code that causes React state updates should be wrapped into act(...):

act(() =&gt; {
  /* fire events that update state */
});
/* assert on the output */

This ensures that you&apos;re testing the behavior the user would see in the browser. Learn more at https://react.dev/link/wrap-tests-with-act

            </system-err>
        </testcase>
        <testcase classname="src/ui/components/shared/RadioButtonSelect.test.tsx" name="keyboard navigation &gt; when isFocused is false &gt; should not handle any keyboard input" time="0.008677587">
            <system-err>
An update to Root inside a test was not wrapped in act(...).

When testing, code that causes React state updates should be wrapped into act(...):

act(() =&gt; {
  /* fire events that update state */
});
/* assert on the output */

This ensures that you&apos;re testing the behavior the user would see in the browser. Learn more at https://react.dev/link/wrap-tests-with-act

            </system-err>
        </testcase>
        <testcase classname="src/ui/components/shared/RadioButtonSelect.test.tsx" name="keyboard navigation &gt; &apos;when isFocused is true&apos; &gt; should navigate down with arrow key and select with enter" time="0.05813225">
            <system-err>
An update to Root inside a test was not wrapped in act(...).

When testing, code that causes React state updates should be wrapped into act(...):

act(() =&gt; {
  /* fire events that update state */
});
/* assert on the output */

This ensures that you&apos;re testing the behavior the user would see in the browser. Learn more at https://react.dev/link/wrap-tests-with-act
An update to RadioButtonSelect inside a test was not wrapped in act(...).

When testing, code that causes React state updates should be wrapped into act(...):

act(() =&gt; {
  /* fire events that update state */
});
/* assert on the output */

This ensures that you&apos;re testing the behavior the user would see in the browser. Learn more at https://react.dev/link/wrap-tests-with-act

            </system-err>
        </testcase>
        <testcase classname="src/ui/components/shared/RadioButtonSelect.test.tsx" name="keyboard navigation &gt; &apos;when isFocused is true&apos; &gt; should navigate up with arrow key and select with enter" time="0.059815967">
            <system-err>
An update to Root inside a test was not wrapped in act(...).

When testing, code that causes React state updates should be wrapped into act(...):

act(() =&gt; {
  /* fire events that update state */
});
/* assert on the output */

This ensures that you&apos;re testing the behavior the user would see in the browser. Learn more at https://react.dev/link/wrap-tests-with-act
An update to RadioButtonSelect inside a test was not wrapped in act(...).

When testing, code that causes React state updates should be wrapped into act(...):

act(() =&gt; {
  /* fire events that update state */
});
/* assert on the output */

This ensures that you&apos;re testing the behavior the user would see in the browser. Learn more at https://react.dev/link/wrap-tests-with-act

            </system-err>
        </testcase>
        <testcase classname="src/ui/components/shared/RadioButtonSelect.test.tsx" name="keyboard navigation &gt; &apos;when isFocused is omitted&apos; &gt; should navigate down with arrow key and select with enter" time="0.058390786">
            <system-err>
An update to Root inside a test was not wrapped in act(...).

When testing, code that causes React state updates should be wrapped into act(...):

act(() =&gt; {
  /* fire events that update state */
});
/* assert on the output */

This ensures that you&apos;re testing the behavior the user would see in the browser. Learn more at https://react.dev/link/wrap-tests-with-act
An update to RadioButtonSelect inside a test was not wrapped in act(...).

When testing, code that causes React state updates should be wrapped into act(...):

act(() =&gt; {
  /* fire events that update state */
});
/* assert on the output */

This ensures that you&apos;re testing the behavior the user would see in the browser. Learn more at https://react.dev/link/wrap-tests-with-act

            </system-err>
        </testcase>
        <testcase classname="src/ui/components/shared/RadioButtonSelect.test.tsx" name="keyboard navigation &gt; &apos;when isFocused is omitted&apos; &gt; should navigate up with arrow key and select with enter" time="0.058366432">
            <system-err>
An update to Root inside a test was not wrapped in act(...).

When testing, code that causes React state updates should be wrapped into act(...):

act(() =&gt; {
  /* fire events that update state */
});
/* assert on the output */

This ensures that you&apos;re testing the behavior the user would see in the browser. Learn more at https://react.dev/link/wrap-tests-with-act
An update to RadioButtonSelect inside a test was not wrapped in act(...).

When testing, code that causes React state updates should be wrapped into act(...):

act(() =&gt; {
  /* fire events that update state */
});
/* assert on the output */

This ensures that you&apos;re testing the behavior the user would see in the browser. Learn more at https://react.dev/link/wrap-tests-with-act

            </system-err>
        </testcase>
    </testsuite>
    <testsuite name="src/ui/components/shared/text-buffer.test.ts" timestamp="2025-10-09T15:32:35.197Z" hostname="uby" tests="103" failures="0" errors="0" skipped="0" time="0.218681413">
        <testcase classname="src/ui/components/shared/text-buffer.test.ts" name="textBufferReducer &gt; should return the initial state if state is undefined" time="0.003531448">
            <system-err>
Unknown action encountered: [object Object]

            </system-err>
        </testcase>
        <testcase classname="src/ui/components/shared/text-buffer.test.ts" name="textBufferReducer &gt; set_text action &gt; should set new text and move cursor to the end" time="0.000685976">
        </testcase>
        <testcase classname="src/ui/components/shared/text-buffer.test.ts" name="textBufferReducer &gt; set_text action &gt; should not create an undo snapshot if pushToUndo is false" time="0.000241426">
        </testcase>
        <testcase classname="src/ui/components/shared/text-buffer.test.ts" name="textBufferReducer &gt; insert action &gt; should insert a character" time="0.000505523">
        </testcase>
        <testcase classname="src/ui/components/shared/text-buffer.test.ts" name="textBufferReducer &gt; insert action &gt; should insert a newline" time="0.000258948">
        </testcase>
        <testcase classname="src/ui/components/shared/text-buffer.test.ts" name="textBufferReducer &gt; backspace action &gt; should remove a character" time="0.001166834">
        </testcase>
        <testcase classname="src/ui/components/shared/text-buffer.test.ts" name="textBufferReducer &gt; backspace action &gt; should join lines if at the beginning of a line" time="0.000262314">
        </testcase>
        <testcase classname="src/ui/components/shared/text-buffer.test.ts" name="textBufferReducer &gt; undo/redo actions &gt; should undo and redo a change" time="0.000690765">
        </testcase>
        <testcase classname="src/ui/components/shared/text-buffer.test.ts" name="textBufferReducer &gt; create_undo_snapshot action &gt; should create a snapshot without changing state" time="0.000247597">
        </testcase>
        <testcase classname="src/ui/components/shared/text-buffer.test.ts" name="useTextBuffer &gt; Initialization &gt; should initialize with empty text and cursor at (0,0) by default" time="0.015311301">
        </testcase>
        <testcase classname="src/ui/components/shared/text-buffer.test.ts" name="useTextBuffer &gt; Initialization &gt; should initialize with provided initialText" time="0.004712287">
        </testcase>
        <testcase classname="src/ui/components/shared/text-buffer.test.ts" name="useTextBuffer &gt; Initialization &gt; should initialize with initialText and initialCursorOffset" time="0.002832589">
        </testcase>
        <testcase classname="src/ui/components/shared/text-buffer.test.ts" name="useTextBuffer &gt; Initialization &gt; should wrap visual lines" time="0.002896997">
        </testcase>
        <testcase classname="src/ui/components/shared/text-buffer.test.ts" name="useTextBuffer &gt; Initialization &gt; should wrap visual lines with multiple spaces" time="0.005026678">
        </testcase>
        <testcase classname="src/ui/components/shared/text-buffer.test.ts" name="useTextBuffer &gt; Initialization &gt; should wrap visual lines even without spaces" time="0.002214828">
        </testcase>
        <testcase classname="src/ui/components/shared/text-buffer.test.ts" name="useTextBuffer &gt; Initialization &gt; should initialize with multi-byte unicode characters and correct cursor offset" time="0.004576808">
        </testcase>
        <testcase classname="src/ui/components/shared/text-buffer.test.ts" name="useTextBuffer &gt; Basic Editing &gt; insert: should insert a character and update cursor" time="0.006541334">
        </testcase>
        <testcase classname="src/ui/components/shared/text-buffer.test.ts" name="useTextBuffer &gt; Basic Editing &gt; insert: should insert text in the middle of a line" time="0.004243763">
        </testcase>
        <testcase classname="src/ui/components/shared/text-buffer.test.ts" name="useTextBuffer &gt; Basic Editing &gt; newline: should create a new line and move cursor" time="0.003254187">
        </testcase>
        <testcase classname="src/ui/components/shared/text-buffer.test.ts" name="useTextBuffer &gt; Basic Editing &gt; backspace: should delete char to the left or merge lines" time="0.003423148">
        </testcase>
        <testcase classname="src/ui/components/shared/text-buffer.test.ts" name="useTextBuffer &gt; Basic Editing &gt; del: should delete char to the right or merge lines" time="0.003265988">
        </testcase>
        <testcase classname="src/ui/components/shared/text-buffer.test.ts" name="useTextBuffer &gt; Drag and Drop File Paths &gt; should prepend @ to a valid file path on insert" time="0.002416611">
        </testcase>
        <testcase classname="src/ui/components/shared/text-buffer.test.ts" name="useTextBuffer &gt; Drag and Drop File Paths &gt; should not prepend @ to an invalid file path on insert" time="0.00281738">
        </testcase>
        <testcase classname="src/ui/components/shared/text-buffer.test.ts" name="useTextBuffer &gt; Drag and Drop File Paths &gt; should handle quoted paths" time="0.001789493">
        </testcase>
        <testcase classname="src/ui/components/shared/text-buffer.test.ts" name="useTextBuffer &gt; Drag and Drop File Paths &gt; should not prepend @ to short text that is not a path" time="0.002151231">
        </testcase>
        <testcase classname="src/ui/components/shared/text-buffer.test.ts" name="useTextBuffer &gt; Shell Mode Behavior &gt; should not prepend @ to valid file paths when shellModeActive is true" time="0.001692133">
        </testcase>
        <testcase classname="src/ui/components/shared/text-buffer.test.ts" name="useTextBuffer &gt; Shell Mode Behavior &gt; should not prepend @ to quoted paths when shellModeActive is true" time="0.0021616">
        </testcase>
        <testcase classname="src/ui/components/shared/text-buffer.test.ts" name="useTextBuffer &gt; Shell Mode Behavior &gt; should behave normally with invalid paths when shellModeActive is true" time="0.001670353">
        </testcase>
        <testcase classname="src/ui/components/shared/text-buffer.test.ts" name="useTextBuffer &gt; Shell Mode Behavior &gt; should behave normally with short text when shellModeActive is true" time="0.001322421">
        </testcase>
        <testcase classname="src/ui/components/shared/text-buffer.test.ts" name="useTextBuffer &gt; Cursor Movement &gt; move: left/right should work within and across visual lines (due to wrapping)" time="0.007692689">
        </testcase>
        <testcase classname="src/ui/components/shared/text-buffer.test.ts" name="useTextBuffer &gt; Cursor Movement &gt; move: up/down should preserve preferred visual column" time="0.005391451">
        </testcase>
        <testcase classname="src/ui/components/shared/text-buffer.test.ts" name="useTextBuffer &gt; Cursor Movement &gt; move: home/end should go to visual line start/end" time="0.004860862">
        </testcase>
        <testcase classname="src/ui/components/shared/text-buffer.test.ts" name="useTextBuffer &gt; Visual Layout &amp; Viewport &gt; should wrap long lines correctly into visualLines" time="0.001837281">
        </testcase>
        <testcase classname="src/ui/components/shared/text-buffer.test.ts" name="useTextBuffer &gt; Visual Layout &amp; Viewport &gt; should update visualScrollRow when visualCursor moves out of viewport" time="0.010648755">
        </testcase>
        <testcase classname="src/ui/components/shared/text-buffer.test.ts" name="useTextBuffer &gt; Undo/Redo &gt; should undo and redo an insert operation" time="0.004458579">
        </testcase>
        <testcase classname="src/ui/components/shared/text-buffer.test.ts" name="useTextBuffer &gt; Undo/Redo &gt; should undo and redo a newline operation" time="0.004716996">
        </testcase>
        <testcase classname="src/ui/components/shared/text-buffer.test.ts" name="useTextBuffer &gt; Unicode Handling &gt; insert: should correctly handle multi-byte unicode characters" time="0.002242729">
        </testcase>
        <testcase classname="src/ui/components/shared/text-buffer.test.ts" name="useTextBuffer &gt; Unicode Handling &gt; backspace: should correctly delete multi-byte unicode characters" time="0.004180286">
        </testcase>
        <testcase classname="src/ui/components/shared/text-buffer.test.ts" name="useTextBuffer &gt; Unicode Handling &gt; move: left/right should treat multi-byte chars as single units for visual cursor" time="0.003015185">
        </testcase>
        <testcase classname="src/ui/components/shared/text-buffer.test.ts" name="useTextBuffer &gt; handleInput &gt; should insert printable characters" time="0.002256285">
        </testcase>
        <testcase classname="src/ui/components/shared/text-buffer.test.ts" name="useTextBuffer &gt; handleInput &gt; should handle &quot;Enter&quot; key as newline" time="0.001740673">
        </testcase>
        <testcase classname="src/ui/components/shared/text-buffer.test.ts" name="useTextBuffer &gt; handleInput &gt; should handle &quot;Backspace&quot; key" time="0.001910426">
        </testcase>
        <testcase classname="src/ui/components/shared/text-buffer.test.ts" name="useTextBuffer &gt; handleInput &gt; should handle multiple delete characters in one input" time="0.002260913">
        </testcase>
        <testcase classname="src/ui/components/shared/text-buffer.test.ts" name="useTextBuffer &gt; handleInput &gt; should handle inserts that contain delete characters" time="0.002134209">
        </testcase>
        <testcase classname="src/ui/components/shared/text-buffer.test.ts" name="useTextBuffer &gt; handleInput &gt; should handle inserts with a mix of regular and delete characters" time="0.001963965">
        </testcase>
        <testcase classname="src/ui/components/shared/text-buffer.test.ts" name="useTextBuffer &gt; handleInput &gt; should handle arrow keys for movement" time="0.003026646">
        </testcase>
        <testcase classname="src/ui/components/shared/text-buffer.test.ts" name="useTextBuffer &gt; handleInput &gt; should strip ANSI escape codes when pasting text" time="0.002553203">
        </testcase>
        <testcase classname="src/ui/components/shared/text-buffer.test.ts" name="useTextBuffer &gt; handleInput &gt; should handle VSCode terminal Shift+Enter as newline" time="0.001932366">
        </testcase>
        <testcase classname="src/ui/components/shared/text-buffer.test.ts" name="useTextBuffer &gt; handleInput &gt; should correctly handle repeated pasting of long text" time="0.026473915">
        </testcase>
        <testcase classname="src/ui/components/shared/text-buffer.test.ts" name="useTextBuffer &gt; replaceRange &gt; should replace a single-line range with single-line text" time="0.002571336">
        </testcase>
        <testcase classname="src/ui/components/shared/text-buffer.test.ts" name="useTextBuffer &gt; replaceRange &gt; should replace a multi-line range with single-line text" time="0.002219307">
        </testcase>
        <testcase classname="src/ui/components/shared/text-buffer.test.ts" name="useTextBuffer &gt; replaceRange &gt; should delete a range when replacing with an empty string" time="0.002057237">
        </testcase>
        <testcase classname="src/ui/components/shared/text-buffer.test.ts" name="useTextBuffer &gt; replaceRange &gt; should handle replacing at the beginning of the text" time="0.002149407">
        </testcase>
        <testcase classname="src/ui/components/shared/text-buffer.test.ts" name="useTextBuffer &gt; replaceRange &gt; should handle replacing at the end of the text" time="0.00191779">
        </testcase>
        <testcase classname="src/ui/components/shared/text-buffer.test.ts" name="useTextBuffer &gt; replaceRange &gt; should handle replacing the entire buffer content" time="0.001926496">
        </testcase>
        <testcase classname="src/ui/components/shared/text-buffer.test.ts" name="useTextBuffer &gt; replaceRange &gt; should correctly replace with unicode characters" time="0.00166869">
        </testcase>
        <testcase classname="src/ui/components/shared/text-buffer.test.ts" name="useTextBuffer &gt; replaceRange &gt; should handle invalid range by returning false and not changing text" time="0.001930022">
        </testcase>
        <testcase classname="src/ui/components/shared/text-buffer.test.ts" name="useTextBuffer &gt; replaceRange &gt; replaceRange: multiple lines with a single character" time="0.002075471">
        </testcase>
        <testcase classname="src/ui/components/shared/text-buffer.test.ts" name="useTextBuffer &gt; replaceRange &gt; should replace a single-line range with multi-line text" time="0.001667057">
        </testcase>
        <testcase classname="src/ui/components/shared/text-buffer.test.ts" name="useTextBuffer &gt; Input Sanitization &gt; should strip ANSI escape codes from input" time="0.002107219">
        </testcase>
        <testcase classname="src/ui/components/shared/text-buffer.test.ts" name="useTextBuffer &gt; Input Sanitization &gt; should strip control characters from input" time="0.001539642">
        </testcase>
        <testcase classname="src/ui/components/shared/text-buffer.test.ts" name="useTextBuffer &gt; Input Sanitization &gt; should strip mixed ANSI and control characters from input" time="0.001459444">
        </testcase>
        <testcase classname="src/ui/components/shared/text-buffer.test.ts" name="useTextBuffer &gt; Input Sanitization &gt; should not strip standard characters or newlines" time="0.001583483">
        </testcase>
        <testcase classname="src/ui/components/shared/text-buffer.test.ts" name="useTextBuffer &gt; Input Sanitization &gt; should sanitize pasted text via handleInput" time="0.00142516">
        </testcase>
        <testcase classname="src/ui/components/shared/text-buffer.test.ts" name="useTextBuffer &gt; Input Sanitization &gt; should not strip popular emojis" time="0.00145185">
        </testcase>
        <testcase classname="src/ui/components/shared/text-buffer.test.ts" name="useTextBuffer &gt; stripAnsi &gt; should correctly strip ANSI escape codes" time="0.000170345">
        </testcase>
        <testcase classname="src/ui/components/shared/text-buffer.test.ts" name="useTextBuffer &gt; stripAnsi &gt; should handle multiple ANSI codes" time="0.000095867">
        </testcase>
        <testcase classname="src/ui/components/shared/text-buffer.test.ts" name="useTextBuffer &gt; stripAnsi &gt; should not modify text without ANSI codes" time="0.000072454">
        </testcase>
        <testcase classname="src/ui/components/shared/text-buffer.test.ts" name="useTextBuffer &gt; stripAnsi &gt; should handle empty string" time="0.000061534">
        </testcase>
        <testcase classname="src/ui/components/shared/text-buffer.test.ts" name="offsetToLogicalPos &gt; should return [0,0] for offset 0" time="0.000095977">
        </testcase>
        <testcase classname="src/ui/components/shared/text-buffer.test.ts" name="offsetToLogicalPos &gt; should handle single line text" time="0.000144526">
        </testcase>
        <testcase classname="src/ui/components/shared/text-buffer.test.ts" name="offsetToLogicalPos &gt; should handle multi-line text" time="0.000277212">
        </testcase>
        <testcase classname="src/ui/components/shared/text-buffer.test.ts" name="offsetToLogicalPos &gt; should handle empty lines" time="0.00034638">
        </testcase>
        <testcase classname="src/ui/components/shared/text-buffer.test.ts" name="offsetToLogicalPos &gt; should handle text ending with a newline" time="0.000128557">
        </testcase>
        <testcase classname="src/ui/components/shared/text-buffer.test.ts" name="offsetToLogicalPos &gt; should handle text starting with a newline" time="0.000120753">
        </testcase>
        <testcase classname="src/ui/components/shared/text-buffer.test.ts" name="offsetToLogicalPos &gt; should handle empty string input" time="0.000079146">
        </testcase>
        <testcase classname="src/ui/components/shared/text-buffer.test.ts" name="offsetToLogicalPos &gt; should handle multi-byte unicode characters correctly" time="0.000197485">
        </testcase>
        <testcase classname="src/ui/components/shared/text-buffer.test.ts" name="offsetToLogicalPos &gt; should handle offset exactly at newline character" time="0.000099363">
        </testcase>
        <testcase classname="src/ui/components/shared/text-buffer.test.ts" name="offsetToLogicalPos &gt; should handle offset in the middle of a multi-byte character (should place at start of that char)" time="0.000097871">
        </testcase>
        <testcase classname="src/ui/components/shared/text-buffer.test.ts" name="logicalPosToOffset &gt; should convert row/col position to offset correctly" time="0.000258807">
        </testcase>
        <testcase classname="src/ui/components/shared/text-buffer.test.ts" name="logicalPosToOffset &gt; should handle empty lines" time="0.000117167">
        </testcase>
        <testcase classname="src/ui/components/shared/text-buffer.test.ts" name="logicalPosToOffset &gt; should handle single empty line" time="0.000047708">
        </testcase>
        <testcase classname="src/ui/components/shared/text-buffer.test.ts" name="logicalPosToOffset &gt; should be inverse of offsetToLogicalPos" time="0.000289815">
        </testcase>
        <testcase classname="src/ui/components/shared/text-buffer.test.ts" name="logicalPosToOffset &gt; should handle out-of-bounds positions" time="0.000081571">
        </testcase>
        <testcase classname="src/ui/components/shared/text-buffer.test.ts" name="textBufferReducer vim operations &gt; vim_delete_line &gt; should delete a single line including newline in multi-line text" time="0.000955624">
        </testcase>
        <testcase classname="src/ui/components/shared/text-buffer.test.ts" name="textBufferReducer vim operations &gt; vim_delete_line &gt; should delete multiple lines when count &gt; 1" time="0.000184531">
        </testcase>
        <testcase classname="src/ui/components/shared/text-buffer.test.ts" name="textBufferReducer vim operations &gt; vim_delete_line &gt; should clear single line content when only one line exists" time="0.000141872">
        </testcase>
        <testcase classname="src/ui/components/shared/text-buffer.test.ts" name="textBufferReducer vim operations &gt; vim_delete_line &gt; should handle deleting the last line properly" time="0.000246695">
        </testcase>
        <testcase classname="src/ui/components/shared/text-buffer.test.ts" name="textBufferReducer vim operations &gt; vim_delete_line &gt; should handle deleting all lines and maintain valid state for subsequent paste" time="0.000263997">
        </testcase>
        <testcase classname="src/ui/components/shared/text-buffer.test.ts" name="Unicode helper functions &gt; findWordEndInLine with Unicode &gt; should handle combining characters" time="0.001494488">
        </testcase>
        <testcase classname="src/ui/components/shared/text-buffer.test.ts" name="Unicode helper functions &gt; findWordEndInLine with Unicode &gt; should handle precomposed characters with diacritics" time="0.000107538">
        </testcase>
        <testcase classname="src/ui/components/shared/text-buffer.test.ts" name="Unicode helper functions &gt; findWordEndInLine with Unicode &gt; should return null when no word end found" time="0.000131503">
        </testcase>
        <testcase classname="src/ui/components/shared/text-buffer.test.ts" name="Unicode helper functions &gt; findNextWordStartInLine with Unicode &gt; should handle right-to-left text" time="0.000229624">
        </testcase>
        <testcase classname="src/ui/components/shared/text-buffer.test.ts" name="Unicode helper functions &gt; findNextWordStartInLine with Unicode &gt; should handle Chinese characters" time="0.000074909">
        </testcase>
        <testcase classname="src/ui/components/shared/text-buffer.test.ts" name="Unicode helper functions &gt; findNextWordStartInLine with Unicode &gt; should return null at end of line" time="0.000052867">
        </testcase>
        <testcase classname="src/ui/components/shared/text-buffer.test.ts" name="Unicode helper functions &gt; findNextWordStartInLine with Unicode &gt; should handle combining characters" time="0.000174172">
        </testcase>
        <testcase classname="src/ui/components/shared/text-buffer.test.ts" name="Unicode helper functions &gt; findNextWordStartInLine with Unicode &gt; should handle precomposed characters with diacritics" time="0.000067044">
        </testcase>
        <testcase classname="src/ui/components/shared/text-buffer.test.ts" name="Unicode helper functions &gt; isWordCharStrict with Unicode &gt; should return true for ASCII word characters" time="0.000111516">
        </testcase>
        <testcase classname="src/ui/components/shared/text-buffer.test.ts" name="Unicode helper functions &gt; isWordCharStrict with Unicode &gt; should return false for punctuation" time="0.00008127">
        </testcase>
        <testcase classname="src/ui/components/shared/text-buffer.test.ts" name="Unicode helper functions &gt; isWordCharStrict with Unicode &gt; should return true for non-Latin scripts" time="0.000068847">
        </testcase>
        <testcase classname="src/ui/components/shared/text-buffer.test.ts" name="Unicode helper functions &gt; isWordCharStrict with Unicode &gt; should return false for whitespace" time="0.000173871">
        </testcase>
        <testcase classname="src/ui/components/shared/text-buffer.test.ts" name="Unicode helper functions &gt; cpLen with Unicode &gt; should handle combining characters" time="0.000079667">
        </testcase>
        <testcase classname="src/ui/components/shared/text-buffer.test.ts" name="Unicode helper functions &gt; cpLen with Unicode &gt; should handle Chinese and Arabic text" time="0.000044071">
        </testcase>
    </testsuite>
    <testsuite name="src/ui/components/shared/vim-buffer-actions.test.ts" timestamp="2025-10-09T15:32:35.200Z" hostname="uby" tests="74" failures="0" errors="0" skipped="0" time="0.021667563">
        <testcase classname="src/ui/components/shared/vim-buffer-actions.test.ts" name="vim-buffer-actions &gt; Movement commands &gt; vim_move_left &gt; should move cursor left by count" time="0.002155509">
        </testcase>
        <testcase classname="src/ui/components/shared/vim-buffer-actions.test.ts" name="vim-buffer-actions &gt; Movement commands &gt; vim_move_left &gt; should not move past beginning of line" time="0.000237578">
        </testcase>
        <testcase classname="src/ui/components/shared/vim-buffer-actions.test.ts" name="vim-buffer-actions &gt; Movement commands &gt; vim_move_left &gt; should wrap to previous line when at beginning" time="0.000195641">
        </testcase>
        <testcase classname="src/ui/components/shared/vim-buffer-actions.test.ts" name="vim-buffer-actions &gt; Movement commands &gt; vim_move_left &gt; should handle multiple line wrapping" time="0.000121905">
        </testcase>
        <testcase classname="src/ui/components/shared/vim-buffer-actions.test.ts" name="vim-buffer-actions &gt; Movement commands &gt; vim_move_left &gt; should correctly handle h/l movement between lines" time="0.000195741">
        </testcase>
        <testcase classname="src/ui/components/shared/vim-buffer-actions.test.ts" name="vim-buffer-actions &gt; Movement commands &gt; vim_move_right &gt; should move cursor right by count" time="0.000331993">
        </testcase>
        <testcase classname="src/ui/components/shared/vim-buffer-actions.test.ts" name="vim-buffer-actions &gt; Movement commands &gt; vim_move_right &gt; should not move past last character of line" time="0.000116435">
        </testcase>
        <testcase classname="src/ui/components/shared/vim-buffer-actions.test.ts" name="vim-buffer-actions &gt; Movement commands &gt; vim_move_right &gt; should wrap to next line when at end" time="0.000113039">
        </testcase>
        <testcase classname="src/ui/components/shared/vim-buffer-actions.test.ts" name="vim-buffer-actions &gt; Movement commands &gt; vim_move_right &gt; should skip over combining marks to avoid cursor disappearing" time="0.000315693">
        </testcase>
        <testcase classname="src/ui/components/shared/vim-buffer-actions.test.ts" name="vim-buffer-actions &gt; Movement commands &gt; vim_move_up &gt; should move cursor up by count" time="0.000138766">
        </testcase>
        <testcase classname="src/ui/components/shared/vim-buffer-actions.test.ts" name="vim-buffer-actions &gt; Movement commands &gt; vim_move_up &gt; should not move past first line" time="0.000377998">
        </testcase>
        <testcase classname="src/ui/components/shared/vim-buffer-actions.test.ts" name="vim-buffer-actions &gt; Movement commands &gt; vim_move_up &gt; should adjust column for shorter lines" time="0.000157801">
        </testcase>
        <testcase classname="src/ui/components/shared/vim-buffer-actions.test.ts" name="vim-buffer-actions &gt; Movement commands &gt; vim_move_down &gt; should move cursor down by count" time="0.000131903">
        </testcase>
        <testcase classname="src/ui/components/shared/vim-buffer-actions.test.ts" name="vim-buffer-actions &gt; Movement commands &gt; vim_move_down &gt; should not move past last line" time="0.000083114">
        </testcase>
        <testcase classname="src/ui/components/shared/vim-buffer-actions.test.ts" name="vim-buffer-actions &gt; Movement commands &gt; vim_move_word_forward &gt; should move to start of next word" time="0.001141106">
        </testcase>
        <testcase classname="src/ui/components/shared/vim-buffer-actions.test.ts" name="vim-buffer-actions &gt; Movement commands &gt; vim_move_word_forward &gt; should handle multiple words" time="0.000144106">
        </testcase>
        <testcase classname="src/ui/components/shared/vim-buffer-actions.test.ts" name="vim-buffer-actions &gt; Movement commands &gt; vim_move_word_forward &gt; should handle punctuation correctly" time="0.000107539">
        </testcase>
        <testcase classname="src/ui/components/shared/vim-buffer-actions.test.ts" name="vim-buffer-actions &gt; Movement commands &gt; vim_move_word_forward &gt; should move across empty lines when starting from within a word" time="0.000112668">
        </testcase>
        <testcase classname="src/ui/components/shared/vim-buffer-actions.test.ts" name="vim-buffer-actions &gt; Movement commands &gt; vim_move_word_backward &gt; should move to start of previous word" time="0.000256092">
        </testcase>
        <testcase classname="src/ui/components/shared/vim-buffer-actions.test.ts" name="vim-buffer-actions &gt; Movement commands &gt; vim_move_word_backward &gt; should handle multiple words" time="0.000126784">
        </testcase>
        <testcase classname="src/ui/components/shared/vim-buffer-actions.test.ts" name="vim-buffer-actions &gt; Movement commands &gt; vim_move_word_end &gt; should move to end of current word" time="0.00029822">
        </testcase>
        <testcase classname="src/ui/components/shared/vim-buffer-actions.test.ts" name="vim-buffer-actions &gt; Movement commands &gt; vim_move_word_end &gt; should move to end of next word if already at word end" time="0.000117908">
        </testcase>
        <testcase classname="src/ui/components/shared/vim-buffer-actions.test.ts" name="vim-buffer-actions &gt; Movement commands &gt; vim_move_word_end &gt; should move across empty lines when at word end" time="0.000118468">
        </testcase>
        <testcase classname="src/ui/components/shared/vim-buffer-actions.test.ts" name="vim-buffer-actions &gt; Movement commands &gt; vim_move_word_end &gt; should handle consecutive word-end movements across empty lines" time="0.000185001">
        </testcase>
        <testcase classname="src/ui/components/shared/vim-buffer-actions.test.ts" name="vim-buffer-actions &gt; Movement commands &gt; vim_move_word_end &gt; should handle combining characters - advance from end of base character" time="0.000387716">
        </testcase>
        <testcase classname="src/ui/components/shared/vim-buffer-actions.test.ts" name="vim-buffer-actions &gt; Movement commands &gt; vim_move_word_end &gt; should handle precomposed characters with diacritics" time="0.000281409">
        </testcase>
        <testcase classname="src/ui/components/shared/vim-buffer-actions.test.ts" name="vim-buffer-actions &gt; Movement commands &gt; Position commands &gt; vim_move_to_line_start should move to column 0" time="0.000134618">
        </testcase>
        <testcase classname="src/ui/components/shared/vim-buffer-actions.test.ts" name="vim-buffer-actions &gt; Movement commands &gt; Position commands &gt; vim_move_to_line_end should move to last character" time="0.000104483">
        </testcase>
        <testcase classname="src/ui/components/shared/vim-buffer-actions.test.ts" name="vim-buffer-actions &gt; Movement commands &gt; Position commands &gt; vim_move_to_first_nonwhitespace should skip leading whitespace" time="0.000198526">
        </testcase>
        <testcase classname="src/ui/components/shared/vim-buffer-actions.test.ts" name="vim-buffer-actions &gt; Movement commands &gt; Position commands &gt; vim_move_to_first_line should move to row 0" time="0.00013583">
        </testcase>
        <testcase classname="src/ui/components/shared/vim-buffer-actions.test.ts" name="vim-buffer-actions &gt; Movement commands &gt; Position commands &gt; vim_move_to_last_line should move to last row" time="0.000107098">
        </testcase>
        <testcase classname="src/ui/components/shared/vim-buffer-actions.test.ts" name="vim-buffer-actions &gt; Movement commands &gt; Position commands &gt; vim_move_to_line should move to specific line" time="0.000122767">
        </testcase>
        <testcase classname="src/ui/components/shared/vim-buffer-actions.test.ts" name="vim-buffer-actions &gt; Movement commands &gt; Position commands &gt; vim_move_to_line should clamp to valid range" time="0.000085638">
        </testcase>
        <testcase classname="src/ui/components/shared/vim-buffer-actions.test.ts" name="vim-buffer-actions &gt; Edit commands &gt; vim_delete_char &gt; should delete single character" time="0.00056321">
        </testcase>
        <testcase classname="src/ui/components/shared/vim-buffer-actions.test.ts" name="vim-buffer-actions &gt; Edit commands &gt; vim_delete_char &gt; should delete multiple characters" time="0.000180162">
        </testcase>
        <testcase classname="src/ui/components/shared/vim-buffer-actions.test.ts" name="vim-buffer-actions &gt; Edit commands &gt; vim_delete_char &gt; should not delete past end of line" time="0.00012469">
        </testcase>
        <testcase classname="src/ui/components/shared/vim-buffer-actions.test.ts" name="vim-buffer-actions &gt; Edit commands &gt; vim_delete_char &gt; should do nothing at end of line" time="0.000106526">
        </testcase>
        <testcase classname="src/ui/components/shared/vim-buffer-actions.test.ts" name="vim-buffer-actions &gt; Edit commands &gt; vim_delete_word_forward &gt; should delete from cursor to next word start" time="0.000165094">
        </testcase>
        <testcase classname="src/ui/components/shared/vim-buffer-actions.test.ts" name="vim-buffer-actions &gt; Edit commands &gt; vim_delete_word_forward &gt; should delete multiple words" time="0.00015162">
        </testcase>
        <testcase classname="src/ui/components/shared/vim-buffer-actions.test.ts" name="vim-buffer-actions &gt; Edit commands &gt; vim_delete_word_forward &gt; should delete to end if no more words" time="0.00015154">
        </testcase>
        <testcase classname="src/ui/components/shared/vim-buffer-actions.test.ts" name="vim-buffer-actions &gt; Edit commands &gt; vim_delete_word_backward &gt; should delete from cursor to previous word start" time="0.000129619">
        </testcase>
        <testcase classname="src/ui/components/shared/vim-buffer-actions.test.ts" name="vim-buffer-actions &gt; Edit commands &gt; vim_delete_word_backward &gt; should delete multiple words backward" time="0.000118329">
        </testcase>
        <testcase classname="src/ui/components/shared/vim-buffer-actions.test.ts" name="vim-buffer-actions &gt; Edit commands &gt; vim_delete_line &gt; should delete current line" time="0.000766284">
        </testcase>
        <testcase classname="src/ui/components/shared/vim-buffer-actions.test.ts" name="vim-buffer-actions &gt; Edit commands &gt; vim_delete_line &gt; should delete multiple lines" time="0.00017888">
        </testcase>
        <testcase classname="src/ui/components/shared/vim-buffer-actions.test.ts" name="vim-buffer-actions &gt; Edit commands &gt; vim_delete_line &gt; should leave empty line when deleting all lines" time="0.000143935">
        </testcase>
        <testcase classname="src/ui/components/shared/vim-buffer-actions.test.ts" name="vim-buffer-actions &gt; Edit commands &gt; vim_delete_to_end_of_line &gt; should delete from cursor to end of line" time="0.000278203">
        </testcase>
        <testcase classname="src/ui/components/shared/vim-buffer-actions.test.ts" name="vim-buffer-actions &gt; Edit commands &gt; vim_delete_to_end_of_line &gt; should do nothing at end of line" time="0.000116425">
        </testcase>
        <testcase classname="src/ui/components/shared/vim-buffer-actions.test.ts" name="vim-buffer-actions &gt; Insert mode commands &gt; vim_insert_at_cursor &gt; should not change cursor position" time="0.000125472">
        </testcase>
        <testcase classname="src/ui/components/shared/vim-buffer-actions.test.ts" name="vim-buffer-actions &gt; Insert mode commands &gt; vim_append_at_cursor &gt; should move cursor right by one" time="0.000117267">
        </testcase>
        <testcase classname="src/ui/components/shared/vim-buffer-actions.test.ts" name="vim-buffer-actions &gt; Insert mode commands &gt; vim_append_at_cursor &gt; should not move past end of line" time="0.000100265">
        </testcase>
        <testcase classname="src/ui/components/shared/vim-buffer-actions.test.ts" name="vim-buffer-actions &gt; Insert mode commands &gt; vim_append_at_line_end &gt; should move cursor to end of line" time="0.000111506">
        </testcase>
        <testcase classname="src/ui/components/shared/vim-buffer-actions.test.ts" name="vim-buffer-actions &gt; Insert mode commands &gt; vim_insert_at_line_start &gt; should move to first non-whitespace character" time="0.000110283">
        </testcase>
        <testcase classname="src/ui/components/shared/vim-buffer-actions.test.ts" name="vim-buffer-actions &gt; Insert mode commands &gt; vim_insert_at_line_start &gt; should move to column 0 for line with only whitespace" time="0.000093814">
        </testcase>
        <testcase classname="src/ui/components/shared/vim-buffer-actions.test.ts" name="vim-buffer-actions &gt; Insert mode commands &gt; vim_open_line_below &gt; should insert a new line below the current one" time="0.00023285">
        </testcase>
        <testcase classname="src/ui/components/shared/vim-buffer-actions.test.ts" name="vim-buffer-actions &gt; Insert mode commands &gt; vim_open_line_above &gt; should insert a new line above the current one" time="0.000298832">
        </testcase>
        <testcase classname="src/ui/components/shared/vim-buffer-actions.test.ts" name="vim-buffer-actions &gt; Insert mode commands &gt; vim_escape_insert_mode &gt; should move cursor left" time="0.000129419">
        </testcase>
        <testcase classname="src/ui/components/shared/vim-buffer-actions.test.ts" name="vim-buffer-actions &gt; Insert mode commands &gt; vim_escape_insert_mode &gt; should not move past beginning of line" time="0.000101628">
        </testcase>
        <testcase classname="src/ui/components/shared/vim-buffer-actions.test.ts" name="vim-buffer-actions &gt; Change commands &gt; vim_change_word_forward &gt; should delete from cursor to next word start" time="0.000190191">
        </testcase>
        <testcase classname="src/ui/components/shared/vim-buffer-actions.test.ts" name="vim-buffer-actions &gt; Change commands &gt; vim_change_line &gt; should delete entire line content" time="0.000366206">
        </testcase>
        <testcase classname="src/ui/components/shared/vim-buffer-actions.test.ts" name="vim-buffer-actions &gt; Change commands &gt; vim_change_movement &gt; should change characters to the left" time="0.000163331">
        </testcase>
        <testcase classname="src/ui/components/shared/vim-buffer-actions.test.ts" name="vim-buffer-actions &gt; Change commands &gt; vim_change_movement &gt; should change characters to the right" time="0.000133676">
        </testcase>
        <testcase classname="src/ui/components/shared/vim-buffer-actions.test.ts" name="vim-buffer-actions &gt; Change commands &gt; vim_change_movement &gt; should change multiple lines down" time="0.000284305">
        </testcase>
        <testcase classname="src/ui/components/shared/vim-buffer-actions.test.ts" name="vim-buffer-actions &gt; Edge cases &gt; should handle empty text" time="0.000139488">
        </testcase>
        <testcase classname="src/ui/components/shared/vim-buffer-actions.test.ts" name="vim-buffer-actions &gt; Edge cases &gt; should handle single character line" time="0.00010298">
        </testcase>
        <testcase classname="src/ui/components/shared/vim-buffer-actions.test.ts" name="vim-buffer-actions &gt; Edge cases &gt; should handle empty lines in multi-line text" time="0.000123388">
        </testcase>
        <testcase classname="src/ui/components/shared/vim-buffer-actions.test.ts" name="vim-buffer-actions &gt; Edge cases &gt; should preserve undo stack in operations" time="0.001182703">
        </testcase>
        <testcase classname="src/ui/components/shared/vim-buffer-actions.test.ts" name="vim-buffer-actions &gt; UTF-32 character handling in word/line operations &gt; Right-to-left text handling &gt; should handle Arabic text in word movements" time="0.000629312">
        </testcase>
        <testcase classname="src/ui/components/shared/vim-buffer-actions.test.ts" name="vim-buffer-actions &gt; UTF-32 character handling in word/line operations &gt; Chinese character handling &gt; should handle Chinese characters in word movements" time="0.000193157">
        </testcase>
        <testcase classname="src/ui/components/shared/vim-buffer-actions.test.ts" name="vim-buffer-actions &gt; UTF-32 character handling in word/line operations &gt; Mixed script handling &gt; should handle mixed Latin and non-Latin scripts with word end commands" time="0.000188729">
        </testcase>
        <testcase classname="src/ui/components/shared/vim-buffer-actions.test.ts" name="vim-buffer-actions &gt; UTF-32 character handling in word/line operations &gt; Mixed script handling &gt; should handle mixed Latin and non-Latin scripts with word forward commands" time="0.000853385">
        </testcase>
        <testcase classname="src/ui/components/shared/vim-buffer-actions.test.ts" name="vim-buffer-actions &gt; UTF-32 character handling in word/line operations &gt; Mixed script handling &gt; should handle mixed Latin and non-Latin scripts with word backward commands" time="0.000201452">
        </testcase>
        <testcase classname="src/ui/components/shared/vim-buffer-actions.test.ts" name="vim-buffer-actions &gt; UTF-32 character handling in word/line operations &gt; Mixed script handling &gt; should handle Unicode block characters consistently with w and e commands" time="0.000288182">
        </testcase>
        <testcase classname="src/ui/components/shared/vim-buffer-actions.test.ts" name="vim-buffer-actions &gt; UTF-32 character handling in word/line operations &gt; Mixed script handling &gt; should handle strings starting with Chinese characters" time="0.000224184">
        </testcase>
        <testcase classname="src/ui/components/shared/vim-buffer-actions.test.ts" name="vim-buffer-actions &gt; UTF-32 character handling in word/line operations &gt; Mixed script handling &gt; should handle strings starting with Arabic characters" time="0.000216519">
        </testcase>
    </testsuite>
</testsuites>
